2021-02-16T12:58:17.115933014Z 0 rPEARi9XWZNyzNJf1N8XeOSBcOk9NloRPYAoXZZ9PZdZUWMqCs9Nhi2PokV5zS
2021-02-16T12:58:17.127713719Z 1 4ss7MbcX1jKg9BnvSrVAh3UsU3sVwC0b1d6j9V6PeM8CRXM17UCvtYQwIqg6jI
2021-02-16T12:58:17.138996759Z 2 q5LCP7R0A1q5DQYfasw2pA3KObcHGlCMkD4Qrms3Y4WC22nzeCqaBcv1c5PwD8
2021-02-16T12:58:17.150379785Z 3 Qd3VScavudPceTSXYYHc4PjdkfXGYSGa4aG5cKCgTeaFv3cMwIOKVE5vF1plpH
2021-02-16T12:58:17.160974421Z 4 y5Hou9h8WQnxX35xeUUXbTTT35B5Xp6X1sDJ4sjelfIlMaGBrrmWpcd7839lU6
2021-02-16T12:58:17.172263721Z 5 mPC42nOr8UsKz6PbEzN6QNEsnjtsZUQPPHvr1RJI5bljB0YkqUHkkxErLALUUQ
2021-02-16T12:58:17.183853738Z 6 WXxD1orWmu5jX1V3KFU2R6TRdrHmckFiNlRpOqXA8ZQXePGy7nfc4jgTYkeQUP
2021-02-16T12:58:17.195195113Z 7 bZW829LXXngcDw4MwAnDB86GCyFnDUb7Kq8JGrgtoprnoMcUcgahlKv6zTdFpG
2021-02-16T12:58:17.206226258Z 8 PAzBOSeIxxFRY0HCtK8BYDjWgyGUtoktT69zk9JZxS8KTr6RIIc1xStlMQvMjg
2021-02-16T12:58:17.217580463Z 9 Ndn9sIvSA2fymrFAdb7POJ2M2S3okna3i4HscJwHiftpvjCotZ9ou6Co0f0XRT
2021-02-16T12:58:17.228257432Z 10 YBbPPj8vLdscR0PH48RowYc0EzIUWYBvI8zhQ6U2qPG0uN4YPhgQTvPfAGzaF
2021-02-16T12:58:17.239449105Z 11 SODSXioMVa9mqtwCH2ADq45QiRKAsyQxLhSt9ORLOmuO5bUOoHWVDMYBH7vi0
2021-02-16T12:58:17.253894736Z 12 aBgXl9sLSFtDq7cKC11OkO3e9kSd35KEvmYxG0tbJaBjQeZgkzQLYLzDKVHZj
2021-02-16T12:58:17.265098295Z 13 IXpR0ROBRdjtUrj9gp8XIjcIn6W23LCx2lZpDXjBG8aTnd6DfwAdowyk4moD4
2021-02-16T12:58:17.275938507Z 14 Qk759JvBrjRXjgLNSawHO7FEX2MBPRR7wt94EkgZ2oXPdKZeCkGsKiDpoDFO1
2021-02-16T12:58:17.286970761Z 15 qS2GfMvq03VkIMVL0ImHI6A4wXm2avgW7eh0zKkF0wZyLgSTOylmXkCTvWX9D
2021-02-16T12:58:17.298502937Z 16 Shy1XSvBE0DR8ZJzSF2I0p56Q8KrcqplbRQ7w7Rkp4iUrAWPr62WSmgdGrMpX
2021-02-16T12:58:17.309725594Z 17 QHBbpn5G08dZw8Qh66c6MKGnoRXTNk6mHAsU7OcomL4UVarNDiFazYBgMa3uB
2021-02-16T12:58:17.320759330Z 18 2v6N0nMipGxXG7mRbEheEagxqJ4QYWgQbRkGT7UHZUNI96vtXEcKdbVArd3HM
2021-02-16T12:58:17.332275068Z 19 xtAUXxXHNpvu6DWCFXlnwd8WZPD8JLT3EBW6cbEeXB0aA2KpE5uaM0IqGduyk
2021-02-16T12:58:17.343524678Z 20 nC7TNsf68D39seRM3qwEZm2OZYVoOEQS9fatDlOco7MpXvFMr3wCxA1S0szsE
2021-02-16T12:58:17.354275553Z 21 GLvUT1i7jNcYGzRUaZLOOPM5eDQ0hjAt4KrKtbyLvrKitiuyr8dakZT7xID1V
2021-02-16T12:58:17.365050323Z 22 N2XZkCKP6hv34XBngoeodYJbyPHZ6ovfyLdKYXyhXbtnEVpJMDtQO92HJZGex
2021-02-16T12:58:17.376130667Z 23 5Jcd3HSYvyK0OGS0t2inlN2uPGcFw9VqEz8TmixO3tbXFxR1to8dfVJcKSH4P
2021-02-16T12:58:17.386797292Z 24 3xnGPgnqHRw5C1CtuYVvjYu9Pdcl6hDlIIbvxcbLZzHLz9qh1VQDkCsx7W3Qp
2021-02-16T12:58:17.398105725Z 25 WLWOLt6wQDnfn8jXA4m8CHkYm0sXVhbw4Mu7zDDyYbAPwA7gOUI0idU8Kx8GH
2021-02-16T12:58:17.409362681Z 26 ZHuTv4y4IxM2PcmnwesCzugPNHHAKtQtllOpsKo86YAm0yXy7BKdsNXsXii1v
2021-02-16T12:58:17.420291729Z 27 hir0eWCo3rftsXCjCPiFEfiTY8nDPKKOP6rXafyrpJpFivpm5hOnVA6PcJZ6v
2021-02-16T12:58:17.431018222Z 28 kFhZx3Wq5xO8gzBkw1L2DFykiHPMZqSSY2qaKO3sVUDuACRlEHxhQlRwu3oXy
2021-02-16T12:58:17.443427381Z 29 7uRxB9XnHfpml54pXqIbcsfOSD4JpNtj1LpNF6TV6mhHj8mlaMMyNe4S7036M
2021-02-16T12:58:17.454720393Z 30 X3UiIcjxwAbMZdVWpSQ6u4BuBN3huvM46htjDZQNKWoS5L24XNKq1XTeJ7WC6
2021-02-16T12:58:17.466076587Z 31 n39oCUygOSFa6nQrAsehvM8kSjPXAzUZBxwZpH85H6yQeyHpPtPcekHcgZcir
2021-02-16T12:58:17.477578203Z 32 ghaVr6Nv7TBqron97xEpmprJlojkwQeB7uOsSlIhPbXWelvEuwpO9rFAHeW4Z
2021-02-16T12:58:17.488533120Z 33 rZTa3BuMMV7LKcRQbCeEfZJpeuc9WwRwwctlxzoHqOKDzxNeGEzM7K0QBOjNY
2021-02-16T12:58:17.499653825Z 34 fduEYUke2XJ2U0oP5i0dsHkNqOsV9VDziNVz29rJeQr7upozZ1HqkZ1VuhX6L
2021-02-16T12:58:17.511692724Z 35 P0KTNtCWuVGzBR5GqsORbQWrbztRHijDTpSNXg7BNEwtIMmKllatXhgwFVaqS
2021-02-16T12:58:17.522481833Z 36 OfONt6hExAWtDThZOinLLfyC6ZttFV1FaXHi9xoT3xif1A1KNzwKzmGSBQ7ih
2021-02-16T12:58:17.533918503Z 37 Kw3uPvnaa8ez1gwlj9Wjhblpu1DKBeHUkkehir7qFSCldMae8eAyw9QrvefQY
2021-02-16T12:58:17.545492847Z 38 Hdf0jhGFJ1y380227UvoppUSjhrTXbAi6NOAbjSXyZEkZOD8UTM9UsLnflCk9
2021-02-16T12:58:17.556374240Z 39 yKdR4uNLRHZyp9akSUpVRvE39aAce2bZvd4B1Tcpdk0eWjkw8TeLZHxk53UAw
2021-02-16T12:58:17.567084077Z 40 YVKrn8UfZDubPSKPJAlKrnU2hay5iP0JBvFZub3i90jCZNd5OTpbct2xzQItD
2021-02-16T12:58:17.579235828Z 41 QRtbbZpvdndv6rZZvsxUi91TkGfucE1LSf0B15o0Xvh2e79tV9K6GuoQlolMG
2021-02-16T12:58:17.590264663Z 42 86fUu8SKQsxcqCijBAcsv8GUg4WWHhtkJdpW9pAboQb7hz8u81sg7YVRsDJ7W
2021-02-16T12:58:17.601446097Z 43 QSwKceHN9vP9nY1hyqWqTjXcTrV8ksuLheRzlrVRRySU6eOLEVOuLO7neOlvs
2021-02-16T12:58:17.612372019Z 44 sq7NorJjmdGAqsO58OXOdyY8dr5kzj3Wt47xYyYpvwlA7ClKMMG8CPFcbMndn
2021-02-16T12:58:17.623991874Z 45 KHiaSfQQRgLEiRXJ6jXXpUQ534HCqWrWis6ekVYvz7cCvwcTeLabj6jEotvl2
2021-02-16T12:58:17.635513444Z 46 4pqQb6DkhJYjV6Romt3SWoTasQbhpcL4JdmZPkjw7kw9lahB1MoEhqvRsAiV6
2021-02-16T12:58:17.646552986Z 47 pcIuXG61pdTyZ3leWuQobXZ0ya3p72nsMRasKP2JOJtLU3v4Kss5S6gG0m6if
2021-02-16T12:58:17.657623185Z 48 vX0Int6L3HYfafjNpofQwbL2UPtbhgJqgexhENP4eZYcH1DItwMokdy9IOEsE
2021-02-16T12:58:17.669132677Z 49 z01EaAr01uRUqlcZHX3jNGNcwbQ9vyI9O6b4EYAkoXxZapjHAZ3AZuQnEBwtW
2021-02-16T12:58:17.680322355Z 50 efbSbc0GEtdCXuSgMCIIyCA2FG0oPXwnX6f4MfiZNgUbCDODqb0G0YfsB9QDC
2021-02-16T12:58:17.691355167Z 51 0TnHrHERS4bNBbgHiWa2cShXzwaVsCszjoKMkHY08QLSOne2go1jfGuxektVk
2021-02-16T12:58:17.702932673Z 52 mvgFCkoIpRjx5gvFIkW5fQO7gNJDuybjZxEvn7f3zxST7qZeHO5BAx97E7FJB
2021-02-16T12:58:17.714903824Z 53 zJYoD5od4S8qqHLBF7wVCCft1mLesjztIi6vndnXPsPmeXvuD3vHnENrdRwW8
2021-02-16T12:58:17.725259477Z 54 Evh2QRYItf28MKUqfFFuOINiIkHXWrT5iAKILo0UTjemvB76imQSvUs5gComA
2021-02-16T12:58:17.736353490Z 55 5aQbMUrKQQ5kHjV8A4EtjvDtemU7nE0Vt6BR1C1P4BRvU6z5A5YzkJbEcG2TV
2021-02-16T12:58:17.747531943Z 56 UjjkcuP9pTNqihn6tnYmLcnB8fCccS25wq5gdnj2sxd0F1l5tX1mOQgrSzUtI
2021-02-16T12:58:17.758320104Z 57 qPcn2vEzvrouQ9gCHsdzcbJryKo97EU2oPmNf3eorQ1zvU5eC2BatpsXUpwHv
2021-02-16T12:58:17.769879848Z 58 giOuezNy75Ph2gMPrVr5ddWNN19Pm5KQ5ahDDsi8yt0frPfidI9c7vilDQMWn
2021-02-16T12:58:17.780904346Z 59 Em1q2QVtWeNpcfliRFajNAfecoSz3HcDwhHR8v0UkPssdfU7giJyzpQYvIM5F
2021-02-16T12:58:17.791685241Z 60 GTCjwjadJK0lNGGOAMc8HHSFQt4P0jv377gJTmbeuyhjKlwVFbk72see5gYz7
2021-02-16T12:58:17.802815718Z 61 mwdiArsw9NqobuvBhULDDMV88V4Qucl5ZTL5bxDbDtBZt0yNFZi9n7gx9khgP
2021-02-16T12:58:17.814408783Z 62 VlSytdO0rEvJxCsyCFuzlaz6Kw0UQ8iOGQ45LywmVrcuGw3yd9j6GqeLfwWXV
2021-02-16T12:58:17.826182092Z 63 bqJbxgqLbAgOofVjLtb86rzAxqLWhNH8vNCKz8YyupQ47G63P67H5NAdwbuTj
2021-02-16T12:58:17.837732160Z 64 6FJqKTeJNzNJ0DB6fBNWPdfrylGd6EPhAYJQEawUISpWfDx6dGcGx8jzTnHGr
2021-02-16T12:58:17.848725318Z 65 b54cRkq8kO8sJyZp5rf0jcJPMJXhIIiM00tY2kdpTxAcwGtHqnWhNAdP2wlPo
2021-02-16T12:58:17.859434704Z 66 miqEY74nHMsAbsE2d3XmfcDCr0fvWgCJ3Gogkky7xAYKVtBjV7YgMct0GzCcl
2021-02-16T12:58:17.870790196Z 67 mJ2VFPQcthSGj8Pt6lOWUEVfV1fuotyIgmbKjXgNkiR2je1DdFPDHT2dQJwJo
2021-02-16T12:58:17.882787068Z 68 opALD1gO8l315tL3uGa7PsVfCPNtItrfBgaqxBiQWsvgXQPffjag1J3e9YZah
2021-02-16T12:58:17.894229882Z 69 wc3lYfzhibIhBNogHTc2GGaA5xFgpMEikFmD1JIPr1cGyGj22idYTD4sVlhBd
2021-02-16T12:58:17.905727532Z 70 biW4rKMcXCiv2zm7Dgh5W2DKLjZdM2431wqMionxsfgiB8lXNnSG21AiH2lXD
2021-02-16T12:58:17.916879124Z 71 kuC2rmmbKP4RCFPxcMptVLoycN0wpZppualYQXTNhaeeNGREBeIyvXIIlZYra
2021-02-16T12:58:17.927114181Z 72 ysrIkHLpvAaxcfGS082YxXL4lc2j9XDAohjTuaiVq4l2eNHKZSAp4hSeNVte1
2021-02-16T12:58:17.938149877Z 73 nd6wN1rodklKRxVS8d2apW4J4ZnzPh4wk0vOMQufjcUche6uuWy5fXTkUK2N2
2021-02-16T12:58:17.949587191Z 74 oh5EreoyZfclanadX8NpRKx41BBNhlgl80BGsz9NUV3IAPOcbT0GErGvkxLH4
2021-02-16T12:58:17.960353644Z 75 PTLikU8zTWWFokyGzbhGqZ8GFFcSbTjonHFhuJwh92gy2dSQE8yfa1UCxgOPH
2021-02-16T12:58:17.971868273Z 76 QhnP9RsR0fZwgvPOO9RFMgpZHMUET8d2Zcg8FzDG18NVUB3G6lOz06cVVGOjV
2021-02-16T12:58:17.983931375Z 77 RTN052ql6EI6h8znLVCTtvV3ZF2rD9UnF9YxrUvnHVt2mJqSRDDIm8QYLvMyy
2021-02-16T12:58:17.994639658Z 78 Ka7szUzwWJrywb3e9BKChRkrktEtTFtBeOjvNv841DEQE6M7SH4JK3WtuI1yQ
2021-02-16T12:58:18.006871415Z 79 C16l3XYjdqO0MbGnlhSeVscJxTVvn9dLAixuIC22UMCuZF84qPuomSq9fqTDe
2021-02-16T12:58:18.018426247Z 80 YLPGaJ8z1LuxOo1pXmp6GNJ5wLelkHvBupltYqw016enJL8QnvJT8oB6VqR7a
2021-02-16T12:58:18.030234310Z 81 MvhqAXjEAQ7ttg7UsNuDz0HCX7G7NEUmJoILkcfdFK0XWQjUw3h3Q3p64kmTq
2021-02-16T12:58:18.042083090Z 82 JxsRJVj3JaaX6E7207cxcBmj9XnMzA987GA46Hr2NFNwTpmC2fyz8SPGQ3SlU
2021-02-16T12:58:18.054070836Z 83 V4VCnKAnbpE3fZBvnyAtJksCoLIQ9KsyohSVbjS1wXCYSPfSthvpAORuido7k
2021-02-16T12:58:18.065870953Z 84 JQWiMUqyNBYQItwJ34pbS7sarC2QMGporJCtkC9pKvBSO1p0W02pjngbXBJa6
2021-02-16T12:58:18.077422610Z 85 FJyqIVTrH45KGwdGy5iIBTqBnaKZCcOFqf0i4YRn52Guv4K0wWjcJCgpZGOmc
2021-02-16T12:58:18.088501059Z 86 8SpINFmOS9D695L3CviVyOT6hYuUv9eeUbNNu6HRP45sPPjuBxe10G9mdtd4y
2021-02-16T12:58:18.099949691Z 87 nkNplJBPv07N0su10a7dhmFTv7NTDwX6GAHv6Ti2ff30ZQtB71f4fSGpBkbqf
2021-02-16T12:58:18.111635648Z 88 swVjItxMrxPAfLSSu4DzNWaGYsbkNos3kil1VtCJLej1KuW8Cp7jO4DtgfAvs
2021-02-16T12:58:18.122480635Z 89 NROp3vheE8nlaVJESoa9cOnkLOmQlrrGXmKE6yR9Cmf6altNfuvBr6ukqqp7z
2021-02-16T12:58:18.133604915Z 90 BTxpqapzBm3a3Tzh6imkPO52Ihz2CkNpewT3xBV9t9jHDTbrLO0hJQoQCXTiD
2021-02-16T12:58:18.144682510Z 91 LBDYO8TlNqtOgAZ5tdNLhbPTnt0SrCj73AILnBY5RtudsUPFVOq6hOh2Ag5LH
2021-02-16T12:58:18.155059012Z 92 eG7ICEWkcj2ifNOPdGxnliEfg4W6mgEBfO9E4raJEwH94qFzdgywId46W6IJt
2021-02-16T12:58:18.166630977Z 93 1F70C9hTLziFG8swQG8i6vFwL38vTGevMg7ctyE4hR17C0lQsHieiX6vrrCsJ
2021-02-16T12:58:18.177097971Z 94 K12n7mo2v8iq3UCIdwuHLFVn3kGnQ2FaKw7TGoWY2tbOkAwX9XAwlZrdRFsAz
2021-02-16T12:58:18.188208599Z 95 GaHG2Zbg5hfcA89tOkJf37AsYTZzW92BOyxWmbZiZe12nqD7yWMBN7cRmIpRq
2021-02-16T12:58:18.199635301Z 96 porbrdbz4s4C26yy3wthHRlq16IPDg5buND9uZgxTcH8dRL5BQq6aqHFhkofs
2021-02-16T12:58:18.210674152Z 97 TDuYnypC7dychmzwfXKYspwgcWp2VkEORXxPE4U5koYyY35fjkKeWoIp1w5jK
2021-02-16T12:58:18.221134573Z 98 vB6UDaTtZCluPa6TWuryEZKsuLCo7ScPQudd1uxrjXEBaeKGpjO3eBYCnqErr
2021-02-16T12:58:18.232473298Z 99 SIQYHMDnyKWR1I0z49hynrEFAVPJzVvbeo32EUceWTLlPsEiH6CJb4aS1AY4U
2021-02-16T12:58:18.243927949Z 100 raRahtrgUI6hvcPiuiSAxcVUd0k6G9Ln4uRFpPlBcI6JvwefQtiJDtWhkMUr
2021-02-16T12:58:18.256420576Z 101 pK1KNks4oph721tGbEx555aoy3oASHJ3RtCcFip7SfLNOE4SZ0AwzbQU4vf1
2021-02-16T12:58:18.266842725Z 102 PyF4aMaumNNPMWh2VYNA4BFMOm7q0HaqZyYtCpfxgs58x1XaPVfwf8zy7dr2
2021-02-16T12:58:18.278724841Z 103 st3WS7C5sYTDaoUpvkAkTAxonIKqYs7IKyGsb5UtXbvKhDDFf0MNb1FR9elF
2021-02-16T12:58:18.289582559Z 104 cx94TO4jCq6VrhoU0a6enPflTOamXKk4Yj3K7gmzBxpXbUBu3DVb4QBLx9xH
2021-02-16T12:58:18.300865950Z 105 ztPMW4Wb6mFumAzAMe8bBBAJWnLS7ipzmbZjNESJQBQchq7HYPySnXNHPq7r
2021-02-16T12:58:18.311537586Z 106 yyXyz7UoWlxXSWiKfRvbLVhLKh7gfXjHqCbeCQaBrYXR22JYa4TpNKJEbvDq
2021-02-16T12:58:18.322393014Z 107 TnvjNfUc2l6wwQ2RlPmrptqazAiM0G8aVZw6rzZWIA5We8p2T05oDe5zLZ9N
2021-02-16T12:58:18.334384666Z 108 pWfCAdtCpOdm5K6bhtEej0Uq0birJEfLrD8MHtG2cQIhjaWVVfMQLnWT0Mrf
2021-02-16T12:58:18.345515022Z 109 zkc7rRkhEkZPmXDd9KMq1oDY6l2sL3IxSbcxjicZa4k0PitMtZab08J5oV7s
2021-02-16T12:58:18.356982819Z 110 Ol1sODuVHgVxU0nXk7pX1BLT2FvECveFiNpa7CPs75xVNdSqsqTkZLO3XmP0
2021-02-16T12:58:18.368636133Z 111 M4ushNPO83h62r8GJeP5iYt19qTD5VSoPlu0K2cltWRCBc3UK0fqczZAPNIq
2021-02-16T12:58:18.380120019Z 112 FYTWGIDuvWMESYexXyYOP1a8FvnJcO8jkj6WMdAddNrC8uTjsAwkxG52w52y
2021-02-16T12:58:18.391432112Z 113 oEAVMS2OXZDxjIECIFqPoxQ0R7XNJ9LFzK7Zw99e8ZCwgy9kgwfImqscIvFG
2021-02-16T12:58:18.402553810Z 114 OwmuYbR1IoEzutne6EB673y0pOZQIKMuu7rT64FSn9iMQe46yJYDz7ovDaan
2021-02-16T12:58:18.413526993Z 115 i5ydha1lMkh5jw3xMxAvPXbnDFWrBqoi5J6oDyMbD232hN19RW2bNVpsYkfK
2021-02-16T12:58:18.424055477Z 116 pRzc5nvfjBhZfK2skH3hnTaaIdXlOn9spMSs2Nifps7lKcNe7eGuT5zqsbNa
2021-02-16T12:58:18.435648290Z 117 cXNedYGdWNv7zVH05H5b45jm6iZWUzgyAg0RPlgU2ASI9wa5UL6HHe86dzqS
2021-02-16T12:58:18.446797417Z 118 TtoD1tkjX4ssFSvtePPMevlWmujtouFHbXwSHeWkyyCjjl3jfhwg3i8GbcG1
2021-02-16T12:58:18.457500829Z 119 0Y1TYorBKCPTUW8FpQCkdYoX6tFUMkzTAUHwvppZ4q1SQVQ9jDBlBk2RBGXr
2021-02-16T12:58:18.468701483Z 120 NDnXHPaQSj3h0pzKeq1APocTBumqqnqGc3d9S0wuVMs8sJLCi8lnvud28MhE
2021-02-16T12:58:18.479561909Z 121 E0a7vSBEeRFlli5TyHNFFeqSl0CnkamNSkCPlz9D1KmXUEJYEDakJP6PU12N
2021-02-16T12:58:18.491160542Z 122 3Ry7nnAjkeLhzOnA6Ctox0M9CBFruZyfybnYMb8WZWk1h25L0AQyiAnWO3tC
2021-02-16T12:58:18.501490996Z 123 n7HDimgJVNntWKncgomXM8VtDwVDHsRiQkqAFLkICn9HTgneVmdHF6kNfT6k
2021-02-16T12:58:18.513235410Z 124 SBxDln4wwlKrGc2kypv4uHwAKNdotEtqZrlmbDNIVAzSJMZuaKSQlKRBVJQQ
2021-02-16T12:58:18.523944259Z 125 6KoagKOKr8nQiaMba3EDDYGQOFyhxm1REHQc9JD7uwGzqMapDsXalh5JpJfu
2021-02-16T12:58:18.535243053Z 126 suwRZMMOUCcNRKy0NxiZcpwKSOHYbK5pUnlND7XSA9XgJ83IgPLyVRkRTSOR
2021-02-16T12:58:18.546402906Z 127 cajglv6A5MEMr4cDy4Wc3TgGo0Ywt4NbHCmrkDON2OLn91bcJsIDquBfHW8p
2021-02-16T12:58:18.557919814Z 128 iKWS0xryIjoMOUcmXyCdlbFFtXdWvBxWRda09niWyRkLrK4VgQOEPG6tgbcK
2021-02-16T12:58:18.569714102Z 129 PNpCAyYC6x8oNrJq2ELTcGuCprdEQsj7XaiNzqfHxZW2svNfwSXdGnOMyUdE
2021-02-16T12:58:18.581878687Z 130 oXa3IjLVreE6aGbAXFYK8cZXBaFLsqqweFuW40JQdlxhRk5v5HuUGMiZSkv8
2021-02-16T12:58:18.592562152Z 131 5uE79i7QxRGy3CANYViLTpoWTNCZBf7QhA0EPWveO029kEGhFnwixMBn53fE
2021-02-16T12:58:18.604826871Z 132 tffUZlsssoP0IVUDez1qTBK0h4n0ZS2inUyXThRXYN0x8vmDgyeLjc5vMvMn
2021-02-16T12:58:18.616241959Z 133 OSNRSbkms6zbJf517EeBZGsI1tMvXus2ss15k4NqJbX5c9bx8qy17pfastAc
2021-02-16T12:58:18.627520996Z 134 DUE0NNPUTkRTacIb4QgJeS7ei0AQhOyLZbxqn0kwRanUEKYs2TeIvBRiOdGv
2021-02-16T12:58:18.639155403Z 135 qjh5o3xIh5DzTusCfVGyUBI5Kc3oJQdhHlTJQqriVCUoUD1Gb5yG8G9MiTAc
2021-02-16T12:58:18.650733308Z 136 rI9U8HCrGgLMlQWiZQV7GPwrxN1BxyxsEfWtMvk0Xmd3dYZBHh7RMCUv7RbA
2021-02-16T12:58:18.662518991Z 137 8JXZP1sbAN2bs9MKkNxppt1Sd2DfFfnGACtb4oBzZbPrNb6B1FiVcvwNRIUk
2021-02-16T12:58:18.673791601Z 138 uomUsNk0S8UIUt38AglPKBenOrVu8HvcDcFLyD2SYuMgEhIByQjyglVUboDK
2021-02-16T12:58:18.684306705Z 139 iJ7Yq5zcVuAoZqhIIFsdh5vOuBL00olJ12msOofv0fG8Z8JOVwZTpZP8jYgp
2021-02-16T12:58:18.695762114Z 140 kb5V49jRfvRyy7zPDmHauE6ulFoBbQSFfyRQ85RRj9952rOEqlEf4mUBZcsM
2021-02-16T12:58:18.707584269Z 141 XaYDSInZKucjEC0Sa6yYDEagfu9MZwydTAMTbHJe5AszI8xqqHtyMNHgrljx
2021-02-16T12:58:18.718406916Z 142 djJ2YvCphJqopZKd1FCUhMgwzcPxy5kyuZ5QBTNujfDR6YZyADZNbBDhYFVo
2021-02-16T12:58:18.729389321Z 143 v6nBncpzyPSCONRLRRcOiCZe4i5SuCmi9jtT1wsIKxryM148GxwUEeIkCHW6
2021-02-16T12:58:18.740781293Z 144 qsxNy1go1nefDpOOhzREboOIgkw0h9CKzwIcODEeU2JdbAsdrVefCNoDYtLn
2021-02-16T12:58:18.752465139Z 145 poctovuhcqA19mdA1BfjHgl8YdVFYbhQMLUVMs9y4eduL77o1bjHJ0xIM04O
2021-02-16T12:58:18.763129039Z 146 KPfDsCOhY0wRKMbHpp8tmeBAVqObt3wwlxk41HraWHEol0r9rTHnXtDsSqMA
2021-02-16T12:58:18.774781450Z 147 rl5eqrhSadgXg15R6uhvLZCSbDhx0s83GaYUkUOniHsWEGedLSjLeAl5HAk7
2021-02-16T12:58:18.785430250Z 148 JJdGg4z00aY01m5meYQJapUVRfeGtQpRe69bwIFTidNPX8h8CvPqUBY6cRbH
2021-02-16T12:58:18.796042943Z 149 zibzUlsjMgrPGM0zZlTV7HCA2PcVRJupzAzft3r30HmezfOHEcXnrOf39hye
2021-02-16T12:58:18.807472566Z 150 INWFQQgXRGTIhY2QGPo0nC10FultWyWsXYR9QnDS2eBtplCQID77Cz8Bd22q
2021-02-16T12:58:18.818907972Z 151 hwhqXlfruwWN8cGrbtD0fme8Xe9k8PSToyWCdSGguWc1ZFZHrzBKBGlDL7wh
2021-02-16T12:58:18.830485466Z 152 3D4A3Tn9qfQKNRqAO2Pf7xBjKgp0ZAyQCUf10uiVooPPRJr9qUqa1Ci8Cas7
2021-02-16T12:58:18.841189886Z 153 NI16V1YzEEEv33MuVQb3f5hlH39B7OQ06klLmEgidnJCCUQDauq719n7VbF3
2021-02-16T12:58:18.852765226Z 154 OR69qWIaNxHGUOg0hCWzUPxIgNYyruGKog8UNYYHjuIemaCV0zsgixQXEghz
2021-02-16T12:58:18.864209204Z 155 jBGa6fD5XTSDKvHnxItogDLaa46FFIoZR7YYrsheLzr8TjtylZM7QhUGxXV5
2021-02-16T12:58:18.875526867Z 156 jZVHVfHC4V6Cy55iZfkElkfSjfJVekeGq9Idz5WwCacXPp2cY3tpF7bSrlOF
2021-02-16T12:58:18.886028507Z 157 RHpGd4nVKQjEFQD3PoDjLRkasCUxf23qrNO2Gw4Go2gAzNpI5qqXRiLf3qcY
2021-02-16T12:58:18.897663510Z 158 D6K67LyuERCNQzSy6rmROp7tTqc66K2pbwEqU6R1sIyHsnFNfbwsJAiYa3oZ
2021-02-16T12:58:18.908855698Z 159 RJd4isd2psw9ySOnFsXlHF4akR2LWHaWk8VND3dt2kSoCF3d22JMoUcFeZ3L
2021-02-16T12:58:18.919821023Z 160 oqwdU1c5Rg9Fx7ZvUPO5vmyyxvuJGsM9VH3vHlb74sR2Ci5iGRRa1evJ5O4u
2021-02-16T12:58:18.930874876Z 161 9zRAF6siA8DRmO9KC69tpps3cZE6ZjCjNVPlHhMsd4ZofPF5EG7paJZ1VhJ3
2021-02-16T12:58:18.942296990Z 162 1PIvsD2z2RnMufl1JDIZRRfAU2ACxT9iG7oWbtA1yfkNAPw17344FTyhh2pS
2021-02-16T12:58:18.953631172Z 163 MUUZbtjWJiRxgoKsUs7HO8PTozS5IX34jjnyPvHMiO8mUzw4AYrJ6hSzggDr
2021-02-16T12:58:18.964250284Z 164 GMtS0qzOnVwkOwjT1UHBEtasbaVlZPGmwNX3LUO9cqvckd840xHDsZbxbsC8
2021-02-16T12:58:18.974992814Z 165 1aBu3XX7lrFqATzv0ZLALi31jE3DdrRZsvWeywCCXf7R7WJbZl8NFeXFHt0w
2021-02-16T12:58:18.985938028Z 166 vDJQWsF679FlJC5zQ5Ca0lgeExF9Z3Ws0afEYUrv21tklWQqtBAklxOcXEoe
2021-02-16T12:58:18.997402524Z 167 U2niE8zqFWPWVBIKil3zXBp7aXgbcCpjOfBIftQYfevgmKFx1iV42QiJ87f2
2021-02-16T12:58:19.008967669Z 168 RUEsm2sScvBr6o45ZqTBShX7spIxUuHi9mzG50np0zgkhqDZaHADpfy2cETo
2021-02-16T12:58:19.020686908Z 169 MlPYKqLvu5q0oUKk2e1KTiU7mXNMC9BJsTpiGSaGq0AngPBE8KzHq4xhPIa2
2021-02-16T12:58:19.031352482Z 170 gMVDfT1Txp18IFDnInIsHI86HuC7vWwIemOzu8oM0pqueeM74xyKS4oD56mA
2021-02-16T12:58:19.041972755Z 171 RSqNBN6JoB6o4XuoTktITBbnl3HobtpUmbh0kbbPEL7N5BGWZiOv9S4zIeYk
2021-02-16T12:58:19.053002105Z 172 hROmJ2tj9veE4rpUAB626dIWRvp2IXFzBENpBgIZBLEfDARYSmkHm6LIbnMf
2021-02-16T12:58:19.064207410Z 173 gwfZjWTLYAnX0FsGAxnwQuK2tnqWOks9zu57OT7Lsxd4jx4hSPaS0nW06Yp7
2021-02-16T12:58:19.075578300Z 174 1fhFhIelCJfzEUSR4TpMbcV1gVrFbR8DDjz0nABN3SJ1n4c8izyY0I4LW3Y8
2021-02-16T12:58:19.086713050Z 175 1eMP66OpfkDD4YdVWYGhonLeDsKD5CCYSTSakXbBGyw5ymlPjqmpDvquGiBt
2021-02-16T12:58:19.098492402Z 176 UjC4DgT6flW6xrBsTPlyosn2D7Iyc9q5EkW5XKaH6v5cEEJ4mfKwWOHLMgBQ
2021-02-16T12:58:19.110556156Z 177 kHAhtEPz0M2JtvngmN2QDPvDKnHxNr9yIKKFOrIVjHWsVIFom49NPFoBxUSf
2021-02-16T12:58:19.120783030Z 178 F6jQ4NVLOmu732soqTpdHaXsZTxCSlsQkFAXpyiThhdfIw89ek1lBzZ5ULum
2021-02-16T12:58:19.131897177Z 179 6SwBH1ZKY35pcFqmZFO9AgEeHtJQQ397t8dU2MDPUL6xbdJ7WooefitgKIv4
2021-02-16T12:58:19.143746675Z 180 Ken9I2qXljU0OyY74X4zVL2NBinfqNmtgEnml7ilR7M6H8r0ZvFjNzGg23EU
2021-02-16T12:58:19.155420291Z 181 UibG8diUrCvUkoggrEbcQShKAwgURgIzzqkjw8wdS3yWtysFvvGbJwszrjw2
2021-02-16T12:58:19.167947623Z 182 TK79aG34nM9cQnPxn6YUu4fojY2VnJaDIeKgugkvKXMTVsgxkqwCEIs9uZbI
2021-02-16T12:58:19.179508331Z 183 mFpTlEH5rf7fUOukHr83DtUTutJSV22Zhoiodfc8kZevgURh4vpjrv9eoblX
2021-02-16T12:58:19.190273497Z 184 WkaJYXty2wTrmrAdX89WeScKsV8d6Hf9ZbEhBHyXXrop3doeAV9r3zuG2rcj
2021-02-16T12:58:19.201367161Z 185 QmDrZXpnSnqHPFBZF0I3IUq4ZNbWm6PrA45E8WCr2HVXrnZDhhrtzrU2q6l8
2021-02-16T12:58:19.212969507Z 186 7lPnG31v2kUNBEcqlb5Do6OvDpg9yrs6j9yEUcAVWesIX2k1vqYAHt20dtaG
2021-02-16T12:58:19.224286580Z 187 o0B8sgen6jzAeUIbBGtk90I3u1kPeEmDIT5MbzmuN2JMqZ6IC92vZAgHmMa9
2021-02-16T12:58:19.235317606Z 188 Y1TDEtzqOvOKMVpiVJyrhvLRxlh94kS7i8HT5RibmWGhME5j3OilTtpO0fZ3
2021-02-16T12:58:19.246944088Z 189 9JuPHxHi6f5p8RlvKgefDsePN5uEELOzINTb4SgpMYpC1VDOoS9eawzgVGMM
2021-02-16T12:58:19.258137995Z 190 WJef97TFY7CX95tNhTkLDUVa5x92lk2JojyAUUtOqJJLsjgGkMK1RxRlea0x
2021-02-16T12:58:19.269073662Z 191 Qbk0rWrulBQKWQJzhLfwfUmADuIFbTA9krUM036QDBM0Knfp9aBCx6tTBpBw
2021-02-16T12:58:19.280197034Z 192 fxMi5DgJsG8KgWp2xJ02iS4e5WAhcKCNuVN7Oj2qLHEt1CwoGcAa8OdzaDQA
2021-02-16T12:58:19.291707451Z 193 4KIR32KV52up4fNARijIM5MK944znFF0rJ16F8SUcNpBKpST2VR2OT3ug8lT
2021-02-16T12:58:19.303327670Z 194 GQpuVcCD6maFlemsEfjXCCCNW8UXjPeGOJxNFU65YewgoLM3aNikhQJZYYuq
2021-02-16T12:58:19.314890900Z 195 ldDypFmOJmPHqdTPVfxwoI0FzloGchdA2tQJMMf2w6fscWt0wyVXB5IUGS8r
2021-02-16T12:58:19.326751728Z 196 dJoEua6XD7yG77PY0DXvoNrV1X3jiADEDS2SekA9tVpK51NQadBOPHGDvRko
2021-02-16T12:58:19.337561440Z 197 wkKsLnmap7XFIkCtqcQIq1KYGforPz96uCe0bcLmUvqtEWK7KkfSZAkeINFP
2021-02-16T12:58:19.348462654Z 198 S9iMT9uMrAOmzdQoOjqOsvcQN9ClHADalvXBG3qq9TgoFTsa8Oygz9hLfP9V
2021-02-16T12:58:19.359829442Z 199 LbiYBGcndM2moK1GC29SmwOBimbpXZeBvfEpkgdLDN7lwLntJMJiqmR3kjIf
2021-02-16T12:58:19.371784444Z 200 0QLe8hDw4mepyt4PwWP9szwEiEcKNpPFhT3Na7M48RJceKHty5FEyJ3lOYBW
2021-02-16T12:58:19.382601755Z 201 D56dYS59MEHy7900b5OP0omOCqWkL5ID9BYv3NQmX0rcq9Xgg9PFMjBnBgtM
2021-02-16T12:58:19.393212412Z 202 U47sdDqyNyvyoigX8hpVQmXrD8CooiwM4V3nfwzLM23Pq6NU1hWWtOmfXfYp
2021-02-16T12:58:19.404537344Z 203 4SXNbClzbhMyVPZkG0KdYwTIKqMmEQk2XlImfqgZqRBr5GImNav5FPUgAIX0
2021-02-16T12:58:19.415698889Z 204 2p8YONTsRQCclUNGVuGNpfxoAXFTUdkWiFDPkBJAL2mniYlHkdd9sRd0p6Wc
2021-02-16T12:58:19.426218002Z 205 663ImifhnrUjDgmE7bIqK10i2n9Hg4T5U2XR7SsmMIA6IkDRnPeAMKCi6Vo5
2021-02-16T12:58:19.437464388Z 206 9JAVxuMtVWARkswLTBNCbAgpEQsngizh79CMKafc90yhRxMFi0uCJoeVxEuc
2021-02-16T12:58:19.448115067Z 207 lz3PZNzuNOqm5CPPwFpK3p7Miqm92VYCf03fNVNONaa4D8vniUxd7caxL4HU
2021-02-16T12:58:19.459691961Z 208 abhWvmm0cOJKTkRcTiFxIznv7DUTeJ4zoQod67YEjHGP0lyPIYYdGf1G5QFY
2021-02-16T12:58:19.470814583Z 209 nP0taTPiBi3AQ5JfmNc7Fq3tnj7WoacUIH6iVgeXqJNIkLRdXy4W6K7LhxrF
2021-02-16T12:58:19.482217531Z 210 Yw6EBQmyWsTGWJZqJd8ObDeUf93nzs36pM5Xwu3AeEEyYPNOOw4DmMHNt4md
2021-02-16T12:58:19.493857545Z 211 O8Nn6IMK4l9nwmShKgH2KjX5j5cYEY5VfiANn5kM1rJi5KPHgyd2TkerCVZm
2021-02-16T12:58:19.505501387Z 212 1tfl3VTiQ78apaLjtrthm4S0qhHf9NtjopvXKdfqBdCFIoi571jXV6jdhejB
2021-02-16T12:58:19.516316058Z 213 31zx5wUvUyW7jhS6JdytGEeVIYBi6Ci711ocBf8hbqM533X9ALK4WTjAIaH5
2021-02-16T12:58:19.527233959Z 214 8Ul2lmvRhydI8SKxlOZXfEOoTmM8F85PXoXh81KM2DGQioFb8OZSU53c6hCX
2021-02-16T12:58:19.538708889Z 215 1FjGL5xLxHlhvMNUJCH8EcbRlwPeNpG7dGEKg0SAH1IOi28GqvfAy2k1Vudb
2021-02-16T12:58:19.550106108Z 216 8hlvyifQXoaAR10wOvBTd80XeiJncEq8aCqIyeGNS99GuhbBIW6cLjHKOw6k
2021-02-16T12:58:19.561725643Z 217 cMX6tDomY6FpvWXWqxJRzcbMwFlo83RAX7k22lpiyGylM2DxBEjVOWChdEXz
2021-02-16T12:58:19.572321428Z 218 InDLW0jfqXXIwxUMs6lqwg52hp55bnrdQjKVU8wq5jE7yZdwZM3eE70igwrj
2021-02-16T12:58:19.584039526Z 219 k11bEd5beEb0qLaawve6gtwsx4lFYi8ClTW0HLkoPFkFnIFa6lI8cizX3qkO
2021-02-16T12:58:19.595951028Z 220 DsLWVchU4pCuvsKGKIpnuiIHgWo5oPM58LGBWNRFJs8rUjXm6tA39iYJTNXN
2021-02-16T12:58:19.607165969Z 221 R3b0oPB1YsD7vm3pUCHiLLqMkM2nEUnbJETUyg7P93AqMzUhN1VlVUZFcw5U
2021-02-16T12:58:19.618517695Z 222 2PAtlGWbXIcmKLlODL0lISFDCceonfq3kdRXwmjKrCrfCPaOy5ihf85cMVd0
2021-02-16T12:58:19.629147516Z 223 nEo3jXeAESXe4qqnlk6b5eCyDH8hQuI0HnbS7sCI5vbpTLOxnRUfI1Y7RrMJ
2021-02-16T12:58:19.639973797Z 224 SIRVwhmUJmisPG97l1fdKermWcfyPVmBPKKMaawT6CTrc64KBZVSCqzL3V3x
2021-02-16T12:58:19.651872446Z 225 USypBKelciClMzIDBlpUw7jjalfqCjYeFCUtPGk1o9yNzHBje4iZKJzmRJRn
2021-02-16T12:58:19.662876767Z 226 imjzpj4Um50tAf58jKmQBExhMJ6hFR88nQLVWhgAHpUEakDwVSMCSqdAYq6W
2021-02-16T12:58:19.673826844Z 227 Bo2mq4F7NxOxmaS8rqlCyj2rer8tfyTQ9ax2ry1qvT56hhkmnI0PPJ25N7rG
2021-02-16T12:58:19.685358481Z 228 HqQWDaW9eL3blSOs1UoIwaFBxzGoUUazdenpQij7yRsaWFHjfDoS4mhbz0ms
2021-02-16T12:58:19.696946401Z 229 juY9fpvM6rHFWu7RTKn1PIO8YrJaX5Ukkp1EmWAeNKR6GOjlzX3ruAGKsFho
2021-02-16T12:58:19.708637788Z 230 SFt6MOIrsOPMcs2smxn6x8nsjlqg9k4ahL9kkQEmCNLn8PQm4ZktwTfU7Ved
2021-02-16T12:58:19.719318378Z 231 NBGYLOXzJqKcge19a2d87yMhD3skZkoGbJKpxpPUFz4dQwsIxXSRPZyFb1ok
2021-02-16T12:58:19.730195075Z 232 O5Ji5G0ey2TqOiG2k98QfwcjFTcag7iqXIjc8n6PhengPKTNRloG9j5Eh9NC
2021-02-16T12:58:19.741445713Z 233 hnoYZiGVN6y81FZS5Sb4PsY3Nky8IBg0PudpLP0nQvtRRd6P6l1wE0alhpzD
2021-02-16T12:58:19.751977683Z 234 YlDpGCxyAU3ABpMJUSIfSWib4aeb5Qx0ulTkazxrEX5SU9dVI8QYzHWkf1XV
2021-02-16T12:58:19.763467135Z 235 5sHmG99OgUsQZJgM0CjKXNCuUrlgBGJ38hlr95aPNKL7nMd6uGz86JzcF6Tl
2021-02-16T12:58:19.774904738Z 236 cYe66XFA0pkzwPC02KW25lRxtiMhqaweNkpiB97l44GEI1IuuEyG6f80Nw3N
2021-02-16T12:58:19.785231821Z 237 7USIeUrXk0JwuAUlk16i2uq8EUnzEI1KNXN7ocxVf0XCjcS4DKD3Kkb8rkYm
2021-02-16T12:58:19.796140657Z 238 9CuHLgLSABMVS76JD7PTp8In4jTJnG39LaR0sObuWwcrK4cxX5YjbVEEXDVo
2021-02-16T12:58:19.807640757Z 239 naPpQdM8Bgqbi8tTyvo5mD1VuPeAJTJPjdOgWVNAdNmcFQ1tmXviI0xhrfu2
2021-02-16T12:58:19.819640969Z 240 9NidJUSelCaVuZpuz3hSBZoWhj9OEwZ2Mi0m1dS4W6HPzEBDPVyLqqpMuNbA
2021-02-16T12:58:19.831066503Z 241 P5UC4Yq6BcWFWvo3N9nrEWarAk6wA9uWkesqFJcVUC81jML70IyDvj9DPczT
2021-02-16T12:58:19.842689632Z 242 EU4CVCOnfP2UB6cyC4aBmcBls8idNhMqarjI22L2CluN6mGc9dtyJuTSHdD0
2021-02-16T12:58:19.853586171Z 243 t71gqNKpVx8SE5gYE3XCKZDOLkRbDO93evIEluhzO0dDtk6zaRPkzb99EryB
2021-02-16T12:58:19.864278973Z 244 3cF6gqY79OlJkYVycnmwyj286NFGUk2ZgjoGNne6yrQndEQCsSJbH2BBgiDt
2021-02-16T12:58:19.874840226Z 245 fe0TdFqxZUvahvLFH7poMASMbHnkv5PTruFFsIXZbenSH58zzlaDMlEdf6Vq
2021-02-16T12:58:19.886480595Z 246 9LWSkaWbBpMrVG2cjJ3ZDVnD50hSrgDvmujnmJsi0lAjDV1EwOZPGsFqIJ3X
2021-02-16T12:58:19.898305924Z 247 zlsyfRh6DAmkqKMUgQR2NHqIu0bjkS9YhWnYrSk6BNbfmV6FocxpqtHfewW1
2021-02-16T12:58:19.909750100Z 248 WPRb3TCPBYrBWKUtjnVOuLqQPSFoU0j1SL03Lydwbx1M8HL2C3uHJVt9XXe7
2021-02-16T12:58:19.920484014Z 249 tkyMrXhAiEQgGGRxCaRH2UttC8hsoSulvXYleYyI2LRK8XIveHAOdkyvn9xY
2021-02-16T12:58:19.931327149Z 250 b0MOt7ESAyRMBQEXloiEasHRevraw0QoNqiTwpp8KbpSVT2cZ2KZIyWaiJ5w
2021-02-16T12:58:19.942848007Z 251 T4yVZhWZKEVPRMiV2q9JLQckIBF6RPTOm2kym35TfsuHyzTUubu9QqDkjjYt
2021-02-16T12:58:19.954183299Z 252 dwECGep6c9sE4OaLR3Oi9XHYcIcOQy4pPdosYnlW6SC3nftCHWSLsBKcphBH
2021-02-16T12:58:19.965383387Z 253 dD97imPOY4ELzmcdeKoW00M6U5khleZhxvWOHdME69ZeVzpAyfBE651geeY5
2021-02-16T12:58:19.977070430Z 254 tpGfxOJ4RlF24zraHaBWX4uUFqp4YfZegZfJFQYoYBr9tvT9CUMICinnndP4
2021-02-16T12:58:19.988607629Z 255 X23SWWRTK2sBSjSSgXpHPToZ2DcWpVKjDyHLo8Gn5U9JzJi5Sn7XV1AzoNjN
2021-02-16T12:58:19.998960052Z 256 EN9hugoji7HKnv2QF7uqFR8R4ma3BKLiYLI7dzHHTkAwISyeRF483ZI0iN92
2021-02-16T12:58:20.010178942Z 257 jsJPrtCWXtrsg1pMFBTjVaNmTS7ty13uOspBIl1vpbHq44kWQYOcEmpJIaMY
2021-02-16T12:58:20.021575819Z 258 H7EPXqlRkvQwl4L1Aw7qpxVGm3mVghwc1DBD4F50VbMkMqAT6UGI1Tbys2v9
2021-02-16T12:58:20.033049835Z 259 9PJFHoOEiF0oQsWIcpb8hDVmpyk8ynEV2TwN9xCmf46ZbQjlEWGCu2azFoUM
2021-02-16T12:58:20.045048752Z 260 GkoB5UACdGtKH4APAkZpfnDBF0vZt3lDoY164OKr0m7aVChbDq1w12QFciEK
2021-02-16T12:58:20.056562467Z 261 3nJS0X2cNX8Nfo8K66CVZQ134IAYwek2VMcHc7LE2sOBw74lromtCppIqnVU
2021-02-16T12:58:20.067778620Z 262 JHdzBSJnX6z07UjB1bLbxqIC3deiGfUIdo3knZj29T6vQWSwxnm2X7PJLYoN
2021-02-16T12:58:20.078723133Z 263 gVQ3QiIRUFqxKfHp8OMZkT3VoddnencaU4FoiAxENy8HzgG91Tfw7s81ebgY
2021-02-16T12:58:20.090006357Z 264 Ud5nCv32HxGV2XILQS689UA0gNvWBfUhLEoucDo7aLnmid2jVicNjvNzXTmI
2021-02-16T12:58:20.101520172Z 265 b3dvj6EY08N4MVfIOXIeMl7StSgPh4JvWpIDJoWibuZ1UlikrWOn3BDp8Ouu
2021-02-16T12:58:20.112944464Z 266 UvJ2WaofUxAuzgGqNHtAMnjqvE7FOdVWoNKynunYdweOCf6jjz9uv71bYV4o
2021-02-16T12:58:20.123477774Z 267 bfFdWxGUh8pVBJJ8e94sU00RnAY1jrBeXgXwiVwa16NsPT9QFGK3K7EdDsOb
2021-02-16T12:58:20.134400087Z 268 1iiCHIgUoHSbvE7LgpK7PZbNnE4teB5hhgF4F9bJPtRf7r94A6YRamOoMa4X
2021-02-16T12:58:20.145671265Z 269 VADBFFrRNRPYALybaQmuKQcHOIgXCmjgvpkUPBo3lwZkXatKwlgpZMWwSKLP
2021-02-16T12:58:20.156088946Z 270 10yTO4eU62WLtzd90rPiiEv2nQRaIjUwBaOhep8kEZTAfOJuwXv2ETqojTev
2021-02-16T12:58:20.167146396Z 271 U5Ad0HMrCyVo4McPql17vdpvGcuPAtov1qbYS4CFs7XLZnwN5WU4JIX1snK3
2021-02-16T12:58:20.178800212Z 272 tZaag9xePaqXy6Yn1r55U7M1UcS5FqBUEV5U04OhNSLrTIpmRDZhLyIckJ8h
2021-02-16T12:58:20.190633002Z 273 it0dnTn2ixPgpf3Z7U6Gkbo7aL9CkmWSbAbGAvcb8uBtqLO9IGJBlQ4uok3b
2021-02-16T12:58:20.201429748Z 274 kC2yW8ES5vwHxRYLdEtRovECiQ1DcY5y5jMhmjX1J4ONpPeQIW82assuCcnY
2021-02-16T12:58:20.211866444Z 275 R0tf7Wt8K12e9uNEtUrUwfpKs1q5GeEe4cp20E6vUxbXT5QobpjQ110TCSnC
2021-02-16T12:58:20.223237698Z 276 I2C4tIid0gnPoU4sW3SgGetVEGOGy8Ulhghf5Eo01Q33cDEMqA6c8GOKcGtq
2021-02-16T12:58:20.234669563Z 277 5cheYCC5MiYhuk5FJ9ai4ni6JorrSoB5kv6XFuCQQoYy5kD7DO5vQGpCroUd
2021-02-16T12:58:20.245417119Z 278 tinZTCwbWM6JOjGuOJsOVoFSf2FLvn72GTQbgaaYsXGWzTEvNzvehAxBTIdF
2021-02-16T12:58:20.256514213Z 279 IXRPAccEN7kckBT4jQMciWxpUc6XXvqOX87MdztHcOZ61RIAcVanz4x5DyFf
2021-02-16T12:58:20.266914458Z 280 mX7P17xpoFFJ7NbfCXpe6UKQac7ob62PV4kepqXrTpU4mkLpzO4qGTcvqP1X
2021-02-16T12:58:20.278239195Z 281 h5gvJM831td2vqQEW9AeNyZqlNDpnonPkkOR9c0FUl5SJgv9zdIkfPyFjJDT
2021-02-16T12:58:20.289591772Z 282 Ss7fn29TWhZKkQzZaziikM0XdOyNUW9DOM3sW2KT9IGDeWRFeCuRmHJo4Ot2
2021-02-16T12:58:20.300203401Z 283 KpVvglpd0rZs6tCitpTi772blM28VBeth3ON9nwNxPk7tqiKyAOWOyXqHaT0
2021-02-16T12:58:20.311599731Z 284 MESvCmxUdt1hvR5PPwGDpbcz0nok1dJNETxMMu3esS37YnanhhO2uqOwZUZF
2021-02-16T12:58:20.322240958Z 285 c6WFm1dPc4R7F1GV3LKmIRiWj3YNRqT9ymsGYxSKMfyZgWZEfS9idOg3kNKv
2021-02-16T12:58:20.333120188Z 286 RSbw93dX6nAQsfUQ7ktoZNTzaViWBmZAyq9YPSNo1HZtI5fj2AYlzweZ8Q5p
2021-02-16T12:58:20.344074993Z 287 QJr7wuP8UggdMbIDAdIQeqTC0MmCqdC90qJucywlzXbZCe4wpLnNAE8oe0HZ
2021-02-16T12:58:20.355096229Z 288 VfWhZWv0rXlUyDzwbpXOlCwGD2OMioZB0rNnKVtjYPlm8HDyjCxYV3DCsksv
2021-02-16T12:58:20.366427565Z 289 oC7a7X2UAogmeAI2r0PGzUF1SZMdoKJcg2l6y00sz23lUWnE0VxyyRU1Qm49
2021-02-16T12:58:20.377684682Z 290 ESbHMUvGUWfE0bZkwnAPtDXDVxf6AIwqVSb8C8b3BPTzkPhzA1Zcsd9jk3C1
2021-02-16T12:58:20.388484511Z 291 oNYIpgrP2mBDy3nN6a99PfoVR2HDzDaAAptzZEzdNOrtstgPWeCbfbnO2M1e
2021-02-16T12:58:20.399932646Z 292 eU6ACNfGJfalFJy99qT7x1eY80Kh5iHuRUBCBBc8kynHxPNNMbTYFl7Pbxr1
2021-02-16T12:58:20.410884913Z 293 cLYugf1LR5G0AhYb92BCo7BaizKDjfkFNG9RbGHkDM40zJma5ZsR7SJbuRHU
2021-02-16T12:58:20.422000403Z 294 Ipp8VhdffNWM3V7H33OYpkEXO41oJqVM32BpS0hOtxtGk3xw6ZLYXjcXU3H3
2021-02-16T12:58:20.433569514Z 295 ClAXbY09ovMOoUug0bFW73OMmnmhtl0NYbF9z5UtVjRDGrJuiqAGDbCeEGZi
2021-02-16T12:58:20.444434789Z 296 WvbFIYeSAGXl5PoRP3OOylmjCXfBwE1Nzi2SPXloYpOXFSgsShsp80iMvIe8
2021-02-16T12:58:20.455983989Z 297 LmOJo6b0QNZesL69Unhf4boNzLOJIT7dZHWyEwsIGzAESEhsggqWPs3yOueU
2021-02-16T12:58:20.467312381Z 298 Lg9Ananf3FBQEXFCaCicrXVjoHPzyTWx0GigWWZBj1T1kHfXjSPIgLclTElp
2021-02-16T12:58:20.478416940Z 299 WCaoEOfu73PvLH0bhRfTAixmRUXUVM3AtaColAAVEQCunuIdAHEklRf1uggN
2021-02-16T12:58:20.489985158Z 300 b69nMxf3Zvu11GGay2THvzfFjb3lPlp6b3DvCe4q4LSzocVXn9B7HY6VbMcz
2021-02-16T12:58:20.501486458Z 301 pq9uxvdLLC3Su3hbMuuu2e1cpbT7wJ0mUE70QtVyShPD3jx9PgohiMuJrkgc
2021-02-16T12:58:20.512724894Z 302 AN9dP9vcNd7tXOqdyQRwm4QxesqtAi0KWE1z2eypWsKnBJ1qS0rt05rNBzXW
2021-02-16T12:58:20.524119847Z 303 smS0t3BlBdkoWttdq6B2FEXWN7ekZGYREY8CLhOP1qLgXB7aineYV1h2z2Ag
2021-02-16T12:58:20.534469311Z 304 qUIgTneUfSmw1KFgbv1kcrRMw2cvOjZjoyuj11u1hKFZtFMTLo9Q2XdBWmhl
2021-02-16T12:58:20.545891662Z 305 5nTEcAuA6AKSAm8RTRqcw92GK2LG4r8IrUT4Epjfp1sADceCfBXrKuavyoiz
2021-02-16T12:58:20.557335150Z 306 BJ3hruQrTGBgl4KmlsQn8CPuN6kafOgGz5dmkstOPgLNZ3NdFO1Am2jkoG5Y
2021-02-16T12:58:20.568063511Z 307 m51nnGdXhonvHNtBk4sgkl8Ai9yaogFV5I7SUEDKwU54xxa6Fsr5mSnTXunq
2021-02-16T12:58:20.579973391Z 308 3RBuOed2IhJAy9AenWAk5719suwPlX3v3ixiXn7rkR1CBbEaY6kRv9yEw0O2
2021-02-16T12:58:20.590538323Z 309 0bVSFcwY6I1hPqWW0znwASaycnq7iXlBauav9yiTZtVqbuLO0D0JCKAHvQKl
2021-02-16T12:58:20.601267189Z 310 6vrrOG2AJXECF80vlmtSuYPlipXvrSHSjVhNK8nOLbenDYilU9urSAMFiK7S
2021-02-16T12:58:20.612484812Z 311 lBj2AFj3GIGl32ayZR7YBaevio4VHMQSfz2oBKZBT4RmKx12r8Mxsok5oDEW
2021-02-16T12:58:20.623352400Z 312 5QWUdBa7mLMcwD0Rf9dPCs3T1fcpwiiu3LM8DDLiCrt5GFIFW1o3gGPA7k7d
2021-02-16T12:58:20.634739880Z 313 1g9ht7fnoSYABMLzKovtWPOYkpQJHtmBDnJceJkWnWTtdLAyBjDiA0Pxvbyk
2021-02-16T12:58:20.645950337Z 314 XRP3q1s7MgonWP2ofMdNtVTMjCSjuLINbab5JRgNJr9iCQtrgRw4fgmLBmxI
2021-02-16T12:58:20.657823885Z 315 cP8xVb5344UK8CpkibMu0PHID5byjStBzQT2sZkUNNh0OrJA6vVv7XyYJSEg
2021-02-16T12:58:20.669542765Z 316 onqoHyWj77dvXvtOR251felSdScIhGMp4BoFYBcva94qLURlCShIHu4cqaNo
2021-02-16T12:58:20.680679287Z 317 ivcKrwcuKvazirhpGZBl9LCaHi4K3sf3u5rjf0um0u9jW35EGbjXR8LqJB5f
2021-02-16T12:58:20.691015871Z 318 t9DIxVd4QzyFazXycYEDNitXkYD1bB4oExI1456CvYPddcxGiKIKNQbqaf8T
2021-02-16T12:58:20.702944578Z 319 n58GaRTDXpk2TAIIQqGQRcHTifH97hmg6OUSZD0QrRgq8G0siuIppRQx3kUX
2021-02-16T12:58:20.714717155Z 320 jSJCxTXcan0JuTmqdL24UPnBoxvtbymmemLc5P5UaNMSk9lZhTIURKoDigc9
2021-02-16T12:58:20.726273846Z 321 3KtEMSAUyICpBvTeclFWNmSUCTkXDynVrufEjmlMbnewLWZYxpo0ULHNdvkp
2021-02-16T12:58:20.736800711Z 322 CyrHWXj8OuDz2nufA5AVUyZ2bVl1tjNFpHH7b9dHSnABs51pud6L1DEydozJ
2021-02-16T12:58:20.748044649Z 323 bsVuV80CQ5jc6EUMhypBbyjZjP7Qn8McWeD4nGPVQfvIE8jxSOujMin4BLw5
2021-02-16T12:58:20.759249444Z 324 2loD6HupMfnbtK3O8sWpPNLmMMGln7KZLl4CImwAIDKaIc4qeM06GcX1ZrW2
2021-02-16T12:58:20.770131969Z 325 OZRJIZmDMf55Kv80ZGIGxfJWV1Xz4CU8ELgYUIuhgO0It6w7AlYgRxY5BHDq
2021-02-16T12:58:20.781574272Z 326 qIuCAVS3hXpDI5xHoRNcZhPAUIYPEr31q6mJpldbJ9eASTVxJckPqtWSzbYE
2021-02-16T12:58:20.792541910Z 327 K4uvyk8YtHQCpoL1933mTsY1ZHEfTN6n3d1gryEIaICIQdTmRKMXneNg6whp
2021-02-16T12:58:20.803284954Z 328 KVi1Te1zuPcMpfZTviKU4JmVggM1r5i975MCEHrIZvEq5l8oggC8ccwdDkSa
2021-02-16T12:58:20.814475372Z 329 CkAG1kjrRuAujNoQrSkMPpiubJ2JO0NJC0kwIuALYDTVH4O6zp6DVZ1dAbND
2021-02-16T12:58:20.825854890Z 330 DhNpQKedeMhJq17yE2Lr9cIUeJWX8Mvj8qWnfK1cuBMHyYhde9EuY90QqiFq
2021-02-16T12:58:20.837539857Z 331 HuRvsnDF6EEYISYymVdrunI4AgAtDOzdEWpMM1hGABJcXKNFcf8zirIYBzxL
2021-02-16T12:58:20.848872933Z 332 soIe9YgbobgrZZlgNsFeVWb2MBu9tYBLNClvaJ70uuuQq54ZgSe3T125QWxZ
2021-02-16T12:58:20.860629491Z 333 JEQUkhRs0Go55k6qNmBmgSknx96jPxfRqkTjAdrvdAHmaYpox5bYIReu7Wr3
2021-02-16T12:58:20.872551005Z 334 pzOEgUF78qZK9N34bovbtqJ52fyuxoAj8LjBk1Yy5MxtZRg1Oy3JEVz8bPcO
2021-02-16T12:58:20.883702953Z 335 lx7kXEBEsX0hUuC9exJ6ZG63XZs3AxJb9y5YmgBSC61U8W6sTWaU8g6x3TMj
2021-02-16T12:58:20.894467926Z 336 x93NvtFUsDICNFvjmXpaj35Z5sbrGz6lwVT12vGC2BqFgtWbkoYpoi7gPGnG
2021-02-16T12:58:20.905967337Z 337 X2ynDScQeCRtc1nvd05WkStwxH7x98zFKG06DEcN1Pks5bu02o5UEjXiKGxd
2021-02-16T12:58:20.917794879Z 338 CCs7RoBDGsNt1NsHkrZZomEHXmZ5sC1vRhXfRMH7DfqTSGij41KU97UDBR0Q
2021-02-16T12:58:20.928779033Z 339 R6YFqFmBMouv0iYqSvO3bWxMaN2YxBR9MDxJCHo1c0sLw4moFzQXLtkv4ax8
2021-02-16T12:58:20.939581389Z 340 bsHQV7mjFNqde8HEcnR7u4ItC6eEEMlXEfBQ17Hdi4NpLFSmeKOfdFVPuCoy
2021-02-16T12:58:20.950683337Z 341 wECDjtSYJF49Sobt8R5JHeoyCCweLfTEN1RQ21KvoYnHJx0X7whkE9zJorfI
2021-02-16T12:58:20.962306518Z 342 MJ8ultMBRicW4tMRwEkHpKQges7MzfhJdFofnqnE4f8qamORaUjREQmjScPs
2021-02-16T12:58:20.973202775Z 343 tgRXQPwsaeaLpwm1aqTSflrZuaxp9StTMTOIJw52cyb3YiFmEdtXB7uhEhHQ
2021-02-16T12:58:20.985033215Z 344 180sSe1jrWZKugUDTNQ65MdpTdcs69fr3anJTwbFh1XzXDFOnzZ4q5ctHfEj
2021-02-16T12:58:20.997163945Z 345 AYEuXL5mXg2rHh0qYA10wF9DYZddte2w7aVaXciKFG0SYHNKJNqa0sNFtvpq
2021-02-16T12:58:21.007962357Z 346 xaMJxn3UGXlRaYagb52d8rPJcQIqxlXTVmxJhWDjUd14FY0DbNBoiAB3hfyA
2021-02-16T12:58:21.019560050Z 347 zhps6JRNM4WTZ7LYKUKXSF2bu9ahdQaOJprWS3TIHXmQap5SwUGRmi7DZTTV
2021-02-16T12:58:21.030087608Z 348 bLLY5C3MUovKNZ0QYtk8GOpgffp8IrbxothlBHUqqqQ8Fh4oZvGCuc9UwYeq
2021-02-16T12:58:21.041503018Z 349 o7KITvohlKANMD7QyJhMIfxunkYJtmVOd2WE1xQPT35MT9Et3JBwHWxFyhkN
2021-02-16T12:58:21.053209668Z 350 KI0FeBVTEidGs8kMJlcCarmPWUaU73Ddg8JVgbRbhLCqT0mp9y6xarS9iz3j
2021-02-16T12:58:21.064499777Z 351 JCBm7r0apesf6bXE4nCB39GIawfvd0nB60RU6kSZYnEFgPmyaeBCdJbkybfj
2021-02-16T12:58:21.074952734Z 352 ywGcko9Tq1JPxrRHuZgQjHygb35EoHnA8YBxBko7WPXxRetZikIVaSY29kam
2021-02-16T12:58:21.086347080Z 353 aZzsLvjpFLUbO0wrJBMmNEpbvXj5oOkFzY85MGJ4l9qS5owHoqAZpiusVjU2
2021-02-16T12:58:21.097873015Z 354 hjSurA3UQeI8PHHJoY2MBma3HKXSa2vbZ0tAtkvN03j0dXQvTPdfAjXW2OQ9
2021-02-16T12:58:21.109504959Z 355 fpne6HFEXU6Fjvkp0e0EAfeZqCVZegLgwh3bUCbFnWBPHCrZxQQBeWYtpFgm
2021-02-16T12:58:21.120211268Z 356 V0lqdR0fpm4xJmphFO4QZOBYoWIrw2Gi6n3AuQQW2Q7yizCul4XiWjJT23oC
2021-02-16T12:58:21.131618409Z 357 FhXFkByvwc68oubiz61xiVAzEOyAg7WJ1ST6SRX9x1obkVbWvxcKIWdcadTj
2021-02-16T12:58:21.142403437Z 358 trQ8sNO0KfxTkwP4R8oe6Y3rDtAw8R0zTaAc3SR7wSrvLQ3MKGcnwgYAuJZr
2021-02-16T12:58:21.153656034Z 359 vdEQbENDt0VocRs5r3Rv7huMqYjRUy0oAs5sPoDPiD5k2os3F8gnQQvXc3m1
2021-02-16T12:58:21.164324739Z 360 6LeXMezyYe1SrihaPJu9fyebzq4fmNIszFWC3JZ9bG1i1pE5su2jYO7xKS16
2021-02-16T12:58:21.175707545Z 361 redMRrCMmAbBVFo51ZRmiznf5TfCmAq11fkqu7XAM13X9fM9PbCx37YdGFM9
2021-02-16T12:58:21.186575322Z 362 QYRWPAfjHeSTrPMs1GQiR1ZxuZQT0nAlsrWdHIBxWGxfjcymQYGa1aPSAXkR
2021-02-16T12:58:21.197879420Z 363 GPAGj9xk0lUe8U8NdyqLzr0BuJOl9deCcYlAIdxrOep1NkOK45Vsxvd4oV62
2021-02-16T12:58:21.209260069Z 364 LPv80QJ4ZCK1BEHfk0qKrreUcXLoejlc6TNSRSdDFvV4Dwfm0A1CZzA2OZLU
2021-02-16T12:58:21.220237262Z 365 ah3kp9iaOesbDTjg0EVmcTVQY1BBMtlMJAXl8sXHPFTV8yNYFXmEaJbvtyV6
2021-02-16T12:58:21.231496920Z 366 EZKTUPEHbOFztoz4CA6twPFKUqgR14b555RtmeuiWJyJfOHUieh4wfEMq33K
2021-02-16T12:58:21.242732530Z 367 JpQ2fWIYnKsDxynFtEKHVFBITLCXv5SnJRkhboaLZeHJHtmA3ukLsDQtJUDc
2021-02-16T12:58:21.254603473Z 368 Xwx7kMhV5iEAwQ13kZtjBTGs8FSFyIFVdU59IlybhmQjgZev9wJpiqeGIRXn
2021-02-16T12:58:21.265812130Z 369 qQh5bwwIEC6xFTSjRsRa7qf2TJwbUuCgJnoize1wNnReFBjKNciLV7My2tVw
2021-02-16T12:58:21.277373341Z 370 TJmpasH8RNT044K19YcQ0dQrTlxYgUTJ8Gob20vP3EcbukXcQmzCT8cPRkFy
2021-02-16T12:58:21.288704367Z 371 lHzwmbT9URsP9BHI8ljd4rEMldxdw6ohBf7mfUoA1E22xSJ62rD050jbjuym
2021-02-16T12:58:21.299125688Z 372 xlPXvCE3tEU6vTR3MjeXkJXAB03PhlV4dlnXOP3Vg1nRM9D0MyyNmn9U8hCJ
2021-02-16T12:58:21.310633072Z 373 IX6kpFiCX1n2ULWv32vGOGUNHrbIpwKQcIYr4xaVu7gV4HHPXov1BhJcL0NF
2021-02-16T12:58:21.321480643Z 374 5WIPljejqzT2YsiYoXZ3LSXiT3pNVWle89tuJYfRWY9UPQGWm7kqitrJraeT
2021-02-16T12:58:21.332226167Z 375 3HKnkfhgumHp4KPFbKjn1XSNSGQrciwqTIxVe1FZyceIyZYzZNFqWpM3PccF
2021-02-16T12:58:21.343832341Z 376 U0J7kih81x7vPL2izjyeqwAyA6QTvMDvVUe9IALi8CA9T42LxxEgHs5mZeYq
2021-02-16T12:58:21.354604801Z 377 kABDUH85bmIpnZ0r7UVo8lMeNHhWGbthmMULgMMJ1dqkUXMMh44OJW8cdFen
2021-02-16T12:58:21.365008618Z 378 j5TXQmn6n1m8OvgOsia2sMcqcUcfCM8qEr7gaTwOJIOMlNmGiz4alZgRpW9R
2021-02-16T12:58:21.376444895Z 379 4Vgl6NWXEmU7Qbpud56AdSlfUu0cXRldfiBsYFjLkyGO1Y7lfPXkh5W6mpsw
2021-02-16T12:58:21.387723280Z 380 Zp5KeAXs64LTmCDd51EMn55VyXc3vPfnzBYxlo1VUdrKITR1eJ9GXAUrAz8s
2021-02-16T12:58:21.398452164Z 381 f1YND1zK0dCTWs94819K8z9voNOINEDbt7KaJrsWcto1KNzFgb5MpC11Nt4B
2021-02-16T12:58:21.409276847Z 382 gU2QOZssJI5o4Cw74taBDg7ABYSQe6WvaKvzx3y7TTThAiZwzb9Gg7jzYQap
2021-02-16T12:58:21.420763553Z 383 10kalydyEpJtINJuf5FurmfjjRrRWM1wjFYHBuJVkj84xn6o6A6hEb18PHQ7
2021-02-16T12:58:21.432075635Z 384 8de089s0BEC1UJV7d8qlbUWkwEAXPyzDled2BiWhfpYfhoDeX4I0uPxDZqK8
2021-02-16T12:58:21.443379512Z 385 O7C48YASJaOG04BnOsM1sihlWUKQR1FQBEjH9OmQ1S7DRqaQo6eE3z6WdlGY
2021-02-16T12:58:21.454101550Z 386 gbbrws3Y7gGksKhpYoTzHnejrEDg7OCryTHsoA5pWtZ0As5Q0HspMPfwGEyR
2021-02-16T12:58:21.466014889Z 387 2tFwFVoBATaxETFSXOnNO2oqAGemPALPNqNKCzj3YgLvVrRhPYNidmU99CLo
2021-02-16T12:58:21.477887692Z 388 dyorp17EXB2SR19ykvOpCIRKnNTuSbvX8Oj6JApipBw9uwCZtA8k4YrgrrfB
2021-02-16T12:58:21.489262671Z 389 XqXKPUsGN3ZXrJ8TWZACphbVJuPHGrCNCeSsJf2VGd9tzshhfKUvuDfeaFYC
2021-02-16T12:58:21.500453880Z 390 HCvMbY9xhdEkzFMm76lOhm9MHK8YN5OpF8CcAAK3GfmaAxQqHagpO3Vg1vrl
2021-02-16T12:58:21.511080672Z 391 LTYIhSdvJtZxwtbZXPI6sEM4cnafHwp4vNU57LdbQT0ROFL2CoAExE5cTjqN
2021-02-16T12:58:21.522801455Z 392 KM8c5GPgIsvcIXmR2fw86VKLDQEuETFR6ZDwcrCA8dNNieJQEvbhkHHdJhdP
2021-02-16T12:58:21.535049426Z 393 xMLfOWcpncJMNDiB8BOE6IciNLKsg5kHfRpvWTUcYAWRXV4pYKIQN5wTzyEU
2021-02-16T12:58:21.546579874Z 394 l1H4SHTIFBoDJLfRcS5Lpz1HKrrxYlg12OAC7tz7gwIT5x107aNlih7X9X4h
2021-02-16T12:58:21.557830890Z 395 pkH6IZ6OO1TFRdUVIXs6cTwRa0agtLLj7gKdL4LnL3m0lKiIVbDmAC0ZIcrM
2021-02-16T12:58:21.569340348Z 396 JIPsU77aM1WIwfKzTqY2OPzxIvu5t2l0iwujQduPaqLGwsPPqnlwRtOviMUs
2021-02-16T12:58:21.580868106Z 397 2WAHnPSbCRh3GIU1ecfEqcMFRVfYt0xEUgSOBkknTk83lsAKielwR7bwphdH
2021-02-16T12:58:21.592672811Z 398 Kz1DYQDOyrFwWTyQt7bjNcQ0e8LEZRSCBFTvMZURXOSJHPksGX6IiumsZlNk
2021-02-16T12:58:21.603658959Z 399 71m6ynGRR7HyMDmjQOhaajPOlui2qg4XgNKJ3CixDvZFmfsBrqbGmzw5gDP6
2021-02-16T12:58:21.614094012Z 400 JsHjAC5jS7PbsWnVPreX7EqR8oDrHZ33l6ySApjehukYoZOJmevwzf1flQE2
2021-02-16T12:58:21.625196898Z 401 4EJrbGofitBJB18o2Qx7K83o7uhG99AtBCGfrzFwPrQZT1FxRDYoAEwzAwso
2021-02-16T12:58:21.636578906Z 402 MfeADJ3qWdKl2CsIpEMcZyqSSYEBnmOqNoBzylWtcyJsY6fexLZaZ70tSlLN
2021-02-16T12:58:21.647989759Z 403 0vNohR32wsjkvGN6suyMGlacXTLbbXwgzugfJ3RDSD1HLhkJSwiwRyj4khny
2021-02-16T12:58:21.659735011Z 404 Oo015BwmVIudBmWv2Cvo0MbIbvC1T4HvHlXHVziRDasLTZiWIIEjnSs9Zy7O
2021-02-16T12:58:21.670455631Z 405 SLxTCq47YoFDfIyo8l7jBDKZaysnXoA86PNASoYumlWmXFk9Jqq2NRz51kew
2021-02-16T12:58:21.681119665Z 406 WGRpcgbXwGZ3rWK7bVP5AmYew1MhtIPRstHFckvF0ze0txAGYlidOGICq34e
2021-02-16T12:58:21.692507436Z 407 05R9tu7a6cPY2LhaStKRrSLiPb22Y2bSEev7ctLomszxQPyP5xHZ2NhjnEKV
2021-02-16T12:58:21.703636656Z 408 eOAOjRaSziFHiVoBiLZYbwq8mln5iaAZ2EIvYcBQuRzyG1j44R7kez4n6dwx
2021-02-16T12:58:21.714172561Z 409 qcFjPefki8inBIrjnVoWqwr3RG2SIWV0FIJiZZr1HYdRbF7liPlkx7f4ab12
2021-02-16T12:58:21.725844231Z 410 TIOsDU5Cvj5xIDjW3pY5G2loeAOxdmZEclT0zCuZY35DLZpbW3v2cLSsTZpK
2021-02-16T12:58:21.736681107Z 411 2hqQeUi86MMj22RZUDZ4B3pzjxov8CHue5xzea80LO7obSVFgslN2ku0ckTA
2021-02-16T12:58:21.746877041Z 412 vlmLumr9XOGfEODFy2EBef3Kd1Nl3KsSQqZkoqwNjls1o00uR86WXHM0z7cY
2021-02-16T12:58:21.758385100Z 413 ic5VtuLRQApttUSIKyQzIJUDzKThjZ501uiaib3qeNTT2coBakHGGGZO1bL0
2021-02-16T12:58:21.769746647Z 414 JQr3tJQ6HjODGBz6W0VFnUNDrKb390Ombfhp0TKx0jCtkQCtu5it2C8JsOKQ
2021-02-16T12:58:21.780100783Z 415 rN6RJUXW233UOH0pdVL0siKWq6lhnlME41KPuzv0xI56uLcE55uIiMVzBISu
2021-02-16T12:58:21.791805046Z 416 q9o0XS53Y6IaR1XxqJi6gMkGCDtzDGQDS230Pirvh7vQ3tilfNOaQnO98SFf
2021-02-16T12:58:21.803360822Z 417 ZETXxK0BZqDZVGvsCD13oBEAPVazF0pjHQQUBReOyWi8qDJbNxCWn3qBtdUw
2021-02-16T12:58:21.814891936Z 418 vsLKKuuoJrgnHyGzjpaOtUsLJ4Ieg2VC3exNcm4JdeqZHmiEaQ50e7nd6WBw
2021-02-16T12:58:21.826667394Z 419 EHGD0b3R2LFCIug0RLcpHjjb1foB4OOzkYBXB0WOdHK2IbjYvnFakBJB10Hs
2021-02-16T12:58:21.838156859Z 420 o4SM9HN45M23r3FEBb6mvUOEZ6Daflw4JKfTZp3wzUj1eamBOSdXzyrHSa19
2021-02-16T12:58:21.849629716Z 421 oC0mJA8NKbCqJGThhnpYcTsU2aDk2abDRXFRB1wirlEjygitLpKtxigEQOgn
2021-02-16T12:58:21.860733474Z 422 serjHIapaprX6UlZ4vOnpKDwRBdmPa4BG5w3ltw8RzAzCScRcIvqLNS8JGaL
2021-02-16T12:58:21.872438182Z 423 ODbZw9RyS92cwG9G4V9qPdGh1N6aSRxIoCE5Iq7Xs8NnvDOgh5xC2KIciOQ1
2021-02-16T12:58:21.883163274Z 424 qsNFTQwyJhUjI5ICoeTgNs75Mp3FfGg9vWt4HGMsTxnv2GBDbLfGujcLSH35
2021-02-16T12:58:21.894126595Z 425 fXMSUWL3f0VtPiVlSiC8odNkKlszm5vzOOBHQSQldVmL4aLnGp1FKAS69RnT
2021-02-16T12:58:21.905322163Z 426 k6eUvOlSXCuvimk9Y6zjbDRodP6xC2HQmkHyoEmVQvZ4JI796boKJyCF0OpH
2021-02-16T12:58:21.916753831Z 427 ALnWpHXOIvxXE5Pn9ZNqvIzmhjvtvXb1B2VhO9Cntlki3FZjJtaMARFR9oO7
2021-02-16T12:58:21.927595261Z 428 TXOT0LZUupEnD0daxWuzuel0VlIUvkq1qdOJDlQu4VUCMPqlkEU7iua5zgmM
2021-02-16T12:58:21.938310401Z 429 pMpwEbOYKUpuW4eVBFLj0DyYhQotYujepSrmR2JpD2pD7ODz9fqIgND0RPug
2021-02-16T12:58:21.949637590Z 430 c04lxZdVqS5jOLG9N2AG2eGHWUhS5pkbWiZRzvsiXoRo6NYcVYUjSkVeXXSE
2021-02-16T12:58:21.960467066Z 431 jSTkq2iJbaLuRu8tiAnuGQhGC50IbtrKEsi5eZOiofqjUE4vdm6UbBvyzkHG
2021-02-16T12:58:21.971912383Z 432 plFoEdxEtxPYP1GOELAxXjfluwEgzFuoW6epnWJ7cqgaaql05rShwqZKDxR4
2021-02-16T12:58:21.983877558Z 433 1Qf4Pz7nxfTNMyEW4mLQ0qZZ1fjq8sjsmaOsQ4FKQkNYTN08hB8Wnub49K93
2021-02-16T12:58:21.995836563Z 434 iPiU22fHwbjvoTk87pZwdm9OeX8Mrlk9Jd5zB7TFdSUwIslkH0Ydfx4Taftp
2021-02-16T12:58:22.007793250Z 435 uQKibKzHJIs6d1Jh3DGPWN6XfZYSEOjE3noe0cd9NNmJubZvpzYovq1od6aa
2021-02-16T12:58:22.019448960Z 436 11tzT16frhqyAcUxTurL6KpYXn7jvDXDwD266Zn4QeB4ScMeN0H3Y3gPn41Q
2021-02-16T12:58:22.030644898Z 437 jWRwMzIkEpBLRI81kXX2t2fZ4igrnQ3wwe2Egi9JtzoansRT3DpYfgwoQtNx
2021-02-16T12:58:22.041082273Z 438 K026zlJyp8g3Ff7uxrH1GvteHwnjZQbCLQA09gUNf7tvfLKHpdxdvAE2buCz
2021-02-16T12:58:22.052306171Z 439 URUFGybZC7ePkXw84lFDrFjCdz4nalP7MpNOf7m5vOe4DPFBqPRyHbi0VrX5
2021-02-16T12:58:22.063624580Z 440 JXb1489UR2mXBdWgVVnl8LzYpvsQ83PqJSLEMtYf2Lr2ObLE3KAN744I2f4Z
2021-02-16T12:58:22.074972589Z 441 jz3WSbXDaj6aOSM4M4xNFNpE6qCdDqxFTHeW7Jzfq330eqEhSLfFwcLQpdqc
2021-02-16T12:58:22.086714639Z 442 iZpr1Kg6j5qy93rTozTPuI3RGj4exlm5biF5jSXOAUIw0HHcDCbBARdH0exw
2021-02-16T12:58:22.097181987Z 443 JHzQwDMa5Kt6lKThEJq7IV4mUKhmxuzzmZT9kxV7rwR4THpavLNiDyzHwvX2
2021-02-16T12:58:22.108595983Z 444 uKUyRv2gedSq3Y6yykbZdMwL0Atr8fPQqxQao2Le1mdgmFHrHObLmfXnRTD9
2021-02-16T12:58:22.119156626Z 445 z5yZpgw3f2jjkBHMJdIxrqmTBzJo2U3OYVuIrxo44k27r20RAiOHFKdFuQZd
2021-02-16T12:58:22.130842315Z 446 sRRZjKRt1wEDWdlsXKFxBqw3vkrgYIPdYUuLt127MwgVzSGRFkMQhJJIVF7v
2021-02-16T12:58:22.141508346Z 447 jp1ULbaHWAkmo6iEc5JyAQCBZ9HHy7TWClBtYcVWhHwzi4ephNhPpsT8oScR
2021-02-16T12:58:22.152080272Z 448 kc7u8dv46j1vHGLaBAg7GEYuKSiA2WNyDJ63yhHbnefH5Zr5rk17gHC66Psy
2021-02-16T12:58:22.163481771Z 449 MDrDxVlFDWsMSLT65VsRoF5e9eslGeBkYimJl2CIpBOxOjeE8CK7Fonx4idk
2021-02-16T12:58:22.174101420Z 450 PgYowC00Vz0lFlw64QDdCwxeNFvucJmyH2XRStRtIz7sdw9IBCh11mF2MlPg
2021-02-16T12:58:22.185976297Z 451 ObJG5IpDj2kY0SHoz4AYxdLYwNomSUXjK3Gca1exnhTbjoyl3YvUhrTMRU8y
2021-02-16T12:58:22.198062662Z 452 ZgyXBo5IvUSpezOOY7inlxJ9VIhoxdN9XeD6pQhuQ2LVj1xRxa5KoTgduhiF
2021-02-16T12:58:22.210158238Z 453 JrCqMKKhtoa8nDqgXBh9lDoDRdEAYyghUAzztJhUbBQ7jA9gdoUxhGEE6Mlj
2021-02-16T12:58:22.221132699Z 454 y0ISanAlayzAaHU0kqXph486OfWRSp6mQlohhgOhlWtQEGKBaJMCEQIK7uGr
2021-02-16T12:58:22.232163375Z 455 aS3M5az67jCfT5JIrR3dsfZYxfT8kyeutgulzA1ACwwvKmC3IGVIGGEsyhxT
2021-02-16T12:58:22.243151689Z 456 8KQvs1Dgo5Lse5n0Ep8qrFaxDuNDGvEJQ3C58i4XaSA1CZ49hxKfiK08a9TW
2021-02-16T12:58:22.254637153Z 457 3RpybQvTZwfPwNpgKDhycLRvMPZld4uKOavtzxXqqqFK6VvgVNXM6MyofFvO
2021-02-16T12:58:22.265053974Z 458 ZpYOs5SXAxSMCqHA4Xi5sRH1pxzktu6n7tELx0700sJYmvWdd8uzcxFGm272
2021-02-16T12:58:22.276643407Z 459 4pjO9Ws4vGPnRviBFXTv4OztGhtjGxkdH6gZRlOY0RhIR0lrRu84XuSb9JB4
2021-02-16T12:58:22.287010931Z 460 k0ltxybxKDugm9u27DIjAiPBID9Vrt5t8stssylK8NLyvUJ7v3RgekHalmSP
2021-02-16T12:58:22.298769867Z 461 7hsFphLgm52evZhBLyqSLEuIO9GhDOQoqE9wz4zxLFop8xM6JfOs7glNO1OE
2021-02-16T12:58:22.310945550Z 462 9hb3E4fx91XM5IFbq0VCJaLvkzRBIsS7mVUi6uNL76YHyyrNHHJ0wFs4wyoS
2021-02-16T12:58:22.322527656Z 463 LD0lgnZE7Fr3oS5FUc4hAk2YSj7MCAB9bUxA5tuoBxOAvKrYa9RdMt4M4DT1
2021-02-16T12:58:22.333922445Z 464 7aPCrshbk7mQOPKQWDIMyJzZpgwWoBNAYbcPIAh7ltVBqmjTMoSyPUBaZNQx
2021-02-16T12:58:22.345925532Z 465 DijxfZ4cWG0UzZxGDFbXwvNDVlzBgRF1k6bwzJPA3tq1Ja7hgN8XwLL96DO6
2021-02-16T12:58:22.356828995Z 466 3tE31xLHcRv0yVzwkawdH3TC5YqukbOTYpZ0CiawsUcCZTiIbq1mMcUYlpc2
2021-02-16T12:58:22.368745055Z 467 2sGWsHxNlCvulpGRXeNbBLKa1uu5MIfWf2uyB0Yz2oSUmUea97oDFdfzJ98H
2021-02-16T12:58:22.380232455Z 468 sJz7DQ019yergJswudv7ngWgdbbYquwBjRNVzMR9NOOlm0ctWgqAY3qjS6U5
2021-02-16T12:58:22.391628639Z 469 7zBTMtmTTT5nS71GEgNdxOu8IV87TLaHeABdRlYFm4Ita0cAXE3t2i1SL0lU
2021-02-16T12:58:22.402799359Z 470 LZX7ii16cD1fcRakxcOl3IYd1hnRbBZTQHouQBpMp1UrD5PEPwJWf4Z5HMjS
2021-02-16T12:58:22.414414158Z 471 JVIxdZp2mt2QjqK6HhafxZCg3ziHz3pdkoQljfC1QWQkmWXpuDN0ZcupAz0B
2021-02-16T12:58:22.425323719Z 472 ZU6O1xdEOwnqKz1NBlAy2E2p5C3aU89NlgmXR75MhC8366jaWGeZ6lXp8WKF
2021-02-16T12:58:22.435906308Z 473 bwtntxKHCiPmtdmFLFTRybqa4jPsZ5EOs4euT7q0AkwPHbsXJP6GtUUGoaL7
2021-02-16T12:58:22.447340767Z 474 3NNN2XQaraTc23XbNjf78yoZQdXLBUFEhZDZeACg9aU7fY9zAh3eqlg5xE6k
2021-02-16T12:58:22.459039941Z 475 BRGhWxgKMxWRI2aqFTygqO3HGfp7Qt6KqHlZao4y0St28mcCVYMxhp0uBf75
2021-02-16T12:58:22.470832739Z 476 4brNddsF1azfBvQscKPkTc0ys6t7mynvXKkgjjeI3XnmqbghVl8ZztYZn8uD
2021-02-16T12:58:22.481969648Z 477 cIP7Ixa02mrZPxiDJ6Y1Jg9Dm32DPzB8EjRL0ewqX5yCea4T60JU2x3F47Mv
2021-02-16T12:58:22.493196219Z 478 LCAEC9Hd7UoaYFwOy5ROjwNGK6YfKob7RkP7Z7kxpMmoRs22u13UPRNK8lL6
2021-02-16T12:58:22.504590670Z 479 MEsfSOL2GaFvcuVhGeYG0tTsITuj0g9S37wVBsIV29h6PU9G3ZHzxW5bGCLa
2021-02-16T12:58:22.516309262Z 480 EOWI5Zlh84px14tvcxKEj8KenMEpjlvtS5wmqBKLmDP5eDEdX5zpadHJKf6M
2021-02-16T12:58:22.527440380Z 481 qCa5xIluCRwl9CawXOWnd9AzO814C1LZXMBBBeYEYXX8pJcpRkuw9WzQ3Q3X
2021-02-16T12:58:22.538355071Z 482 Yy0ggKJ2uWzuXOv2Qipn5GkwPDgvJZutDs8kf2Gg6Ptbzm9YkjYmUeFDqffE
2021-02-16T12:58:22.549245368Z 483 nSypcQI4L4eD4moIMRy2RGDT6hsj2TkHPlqvRjZjUy6fsSbDVZFHxOZuDLYg
2021-02-16T12:58:22.560368939Z 484 P2zxG1R9DeXiUlunSIaXyRLFHGFyQsnrAg1v9WhTfXeRmw2qe5YHHf9rc9am
2021-02-16T12:58:22.571218605Z 485 RmWFuGVuM4BTYWvQ4dsTPr4dRhmi0aqPqlvFoqgk7iAEimdNXZh4FfelMdrA
2021-02-16T12:58:22.582426560Z 486 lF7WOaCTMMuKqga6VOEcgST42UF6zQQfzCjF7pNvVu7AdlgJM1074dODFkQS
2021-02-16T12:58:22.593119168Z 487 rUamNKJnHMCjZwkYANb5pprimMUrPKDxMGr5sdoHpjflqRNGX3scp0dr7ZPA
2021-02-16T12:58:22.604750553Z 488 5f1l4DhunuAmCIo1McPUeixHmUtIpOWPYWjCenrv5oXvVLL4SeEHFI6X6psH
2021-02-16T12:58:22.616269290Z 489 YCTuj86HTNWHX8rAklNhvN89kslFrn6Ywe3ORieBpbsEEBjY2wZTZ3UbaCT4
2021-02-16T12:58:22.627547799Z 490 XO4FyJgaMJsfK5UADSaDU9aOkanh9QSLFH8H4pbYwMIUv0Brcnx21n9l4x3z
2021-02-16T12:58:22.638605117Z 491 LxL1snepK3h3VWegqjyTc2cbEE6kFV6U1aNAdgBmZZX9DubSggfaJ7GCng33
2021-02-16T12:58:22.649991965Z 492 ZfIiqj2UdrnDg0XOkdforuKwKNF5iF4bX6gANOeZfZLqURSqbON99B3QaLa2
2021-02-16T12:58:22.661473209Z 493 vGcoTtLShKCRPRGAKdGj24kJEAPW8dsZaIAnNEnrDhtZxXiJzhXSe67nzVn0
2021-02-16T12:58:22.672703183Z 494 FeWJZveFileBmhOA4v9pOZXN93P7DtdAML4Viaogcz5wNo9thWcxpIYuoUe2
2021-02-16T12:58:22.683186920Z 495 5ccskeT2ba6UTvPXZNL7ilk8MmLuOY2N1V9pqvHMVk6amIh8Ds9shrSpY9FL
2021-02-16T12:58:22.694235021Z 496 wifoGMQhQhfPCafm0AgRrU8QscHZJUpQpB2Hx4Ht7nNsj6t5FC7a2TMPhsf8
2021-02-16T12:58:22.705232337Z 497 LAOx1aUvhUXB7a4n8Ge52qvYYIjdp5I0BWBY5fHVeWel1XQAZCG9rDCwT7sX
2021-02-16T12:58:22.716480844Z 498 ZkjBJDPBTB4MlRwDpP9L9JleaMXtiQUiTNy6SqH2TEqnDUp4jYmgUNzAKg73
2021-02-16T12:58:22.727090105Z 499 lNm6xiaR5LUdhw1T2LBVwBl6pyCrOUfjlRAPjS7EqbYFBh4bYm7HdgQK7Nbl
2021-02-16T12:58:22.738774677Z 500 h0YMnaMRetGVSbCdlYrGiRlUscTBEnomoD2UBOqgNQolcOf5AHL1t7S1b7yt
2021-02-16T12:58:22.750095708Z 501 4sfaSVBAUYBNBA9s2NElsxWgPavnzVwc0NJT4cUjxDbw5OTihgIiU0iuKpbt
2021-02-16T12:58:22.761332297Z 502 W7ZJz128HZ1SWNA8fzfZetOuOgjGnY2q5Q9P4MdmZXhV4OM7MpDlBvujgDzl
2021-02-16T12:58:22.772468003Z 503 bEcZXoxsn7FDgGsXxVEjHl4Tm2wYDwrIjwhDcRIrGoJDykscSRfxX7spS51S
2021-02-16T12:58:22.783772673Z 504 In4PB3JohpbhT9gYQ2gWvHtYG39rL3lbR5tBuQjiq466Y6WPzwf7x1FnZ0pq
2021-02-16T12:58:22.795539441Z 505 ZKhPGnXwGgtM8jaHy7bZMkyL9gV3Cb9eSA1syRRaZgX6rvUP5IlKvPndLu8Q
2021-02-16T12:58:22.806892822Z 506 lS6LzIHLV50a5oOQr61zpIarvjSnDxVQSA6Rf6YGZ6AA85QybMqUhQM5DLHi
2021-02-16T12:58:22.817820061Z 507 7dTC8lrmdoxWUQdJBKySZ4t9xCDmg6k64ZEZZtekmxETZEEMBd3uQv6HibvS
2021-02-16T12:58:22.829850207Z 508 HqJyVOp1oDs510Frtf4aDZbT4xRayJTgLZg9lgraFhGHxRx2P6AqxwhZxVtZ
2021-02-16T12:58:22.841443843Z 509 UpuHeJU3OQ4R7DEsNCBJd75pNJGjzGeLekP1zxQzfbGz2SDKSAZWxAulzKjk
2021-02-16T12:58:22.852983238Z 510 kp1pd5l4zwNrA20ypzW7kPUPoxCet2QfYntyhNUF7AIPXGRt7QFRXc4gp7WM
2021-02-16T12:58:22.864024453Z 511 6cwdns3ImeRtl39sbE8WcMafcZ9rh186yv0WMacXYF2syo77kwzBUu9Dq2Zb
2021-02-16T12:58:22.874996110Z 512 T0Z6ceEuUUxZXZnbjs0W2eQGVI3JifjbReCnjEipD6tX1WT4NOTj3kTUqp99
2021-02-16T12:58:22.886790589Z 513 AaQqCzkET5IkhJh1T38gSJ8virKiGt1k6hKSdt59v4svJu20dE6STIpxOwIL
2021-02-16T12:58:22.898125120Z 514 LUSa81Ia3pkjLKx2SrSDeEtiNJGrlapmt677nlc0S7LOQKH0vAJ4Svo0N0ZV
2021-02-16T12:58:22.909660705Z 515 oIpptOykl9qiedDMKm2qkxN13EKu5hOuUMeGymyAY49t7BZ55ly8BpkHGb3G
2021-02-16T12:58:22.921492126Z 516 PCHe12ohz4Vw6mNZtGLNUsbCpxqME9U0vLIFjaxLZ4usX4ikMhMHIM3P6Uco
2021-02-16T12:58:22.932219421Z 517 wLZ2SwDuiHeAgiTujE1JBvw8Olt8hZNz6H0GOYKRsLWxcky22JqYhe0NTtjV
2021-02-16T12:58:22.943891839Z 518 mxJlVrvT2W7WItglhfwldAT2qU8tct1KTJPXnHikP9qs9KjpIWHXVnHPfS4d
2021-02-16T12:58:22.954935848Z 519 JX2pktvMZImEMUE0Dnrslxn7COXQM1clsHuuYmT1YjGuzvhBVQcI0Nsz5KVl
2021-02-16T12:58:22.966199545Z 520 c0oTbT6FwtbsmEcYWzpfXuwqhLrNvrZJdjS1AsL3WCzxn01sjsxojmKPCYCi
2021-02-16T12:58:22.977695624Z 521 aPW1WKCDdlKprGm0nv3OJCPRdCS095VXFap9RGybgF4YN5IYhW1lejreRstZ
2021-02-16T12:58:22.988458131Z 522 uglgDVNlL6uTLuqxjqOzNgTXxmqsDYfZyY6ei9Vkr4W5C1OhJP4aymOquhjA
2021-02-16T12:58:22.999923177Z 523 6fBD8RszvWhzubzhNc3kyVnSQXbHVESL5MSuGxu78uVe2Wm7Q3NIxvBuGMZ0
2021-02-16T12:58:23.011470885Z 524 BPm4x6xSIkHY2Dlqwi1vZiqCiyo0keBLakzUBtK60aCykd3yxK8qVjzFS32C
2021-02-16T12:58:23.021947114Z 525 xxiskT2GPEGbSzVn9Nf6sUZfiA9g7SFYjctCWobCPzcKVUnie4UrrDZWHsDR
2021-02-16T12:58:23.033565505Z 526 PxiPvprISI01vBtmE6UMa0lPjfIrVboxYqJRgxW7omPCEj4AMJeea845RkKf
2021-02-16T12:58:23.044339653Z 527 9LOoNvKZJ10oKb0ycy9Wd5xLJNWIjiJU5vDAGdXh5xTuJzZrxb7Nl2txNISe
2021-02-16T12:58:23.055132448Z 528 4zEn10a1lxG7702BywPUg6nGf9TUOUDs83HJF6LClY4vsQFYOP5o7gFn8coq
2021-02-16T12:58:23.066747447Z 529 ftozPYDO3paGfNslkfK02pqtzLWKRjeEVqkJn2hYpn8xMsxI3dOZhG6qWG2d
2021-02-16T12:58:23.078898569Z 530 Ask0sOZK72yYYxj7JdxQuDjalndYUtN1h0roH1hD2sjBTUMSqZXPR8D3ypL8
2021-02-16T12:58:23.090296860Z 531 YvEmPyBmiwBbkD6Lf2gvs2gcbrZUybSavghRpbxkkFLVmWVueghWpF6k5GCm
2021-02-16T12:58:23.101414186Z 532 iz3F8lvKu4kUcB17aqdoLhTCnMShF2caONTyxUirr0UtOizdWVv4QMegGnrk
2021-02-16T12:58:23.112540032Z 533 ASktg36sTRMywZRD37oCdQpWBb5H2Vn30mPPdM1Ge3DCQbasrvCRlSDKPLb0
2021-02-16T12:58:23.123115775Z 534 9QW6iEpHpWqu4359XzA2HwVKnCxRbx10x5BmUbGaxWqtzVnPrJgJg7M2gPNu
2021-02-16T12:58:23.134893282Z 535 QoCa8fk5TuyeZv3lnp2Ek3MxilnNeEbP650LCd9H8bBrhKVwEXq5GA27CpGf
2021-02-16T12:58:23.145973342Z 536 YAUWF0W5FzmY5133mCnSh68CTUAG1hCrsEmREwDM764PZxme0QMGIzaf2HD0
2021-02-16T12:58:23.156095109Z 537 UxXWY2g86L45nYjaxaUwfevRCb8bhvSAG2rCUYDNSFAPQpuseQMd6w7sQ0Rs
2021-02-16T12:58:23.167717939Z 538 YK6eM6TMpoKPNbwX5kMbaz9jmrqC6YBxMm6afHs8sAhMKJ2Ja6MypKbj1tcW
2021-02-16T12:58:23.179209727Z 539 u81pnSgTk3P7X6arTGeIWs5lAhtaStXVe8U6dErZtI9MP5j5iikLz5WMxolu
2021-02-16T12:58:23.190636789Z 540 LtPhZLmHIbBLBYaWmWbAcUeDE1oNXoQeXhkSHHc8s6NqK8PN8ZVU6fqKI2h0
2021-02-16T12:58:23.201361787Z 541 GsDy5zKPaPqrB4kz27SeHUgelkAbaheSvwg7pjfngrL8m4dnk3ucI128OGOw
2021-02-16T12:58:23.212617993Z 542 dy6Ls0MwtiZzOPwEPAQkq7CZTMDOEo66PJPThkO1YepCf9JTOwfrBP5Qa3cE
2021-02-16T12:58:23.224256966Z 543 pVW1LFPaCqsqKYK55tmYQxXz2aGQpG0A8UKVwUNsrpTTSW9gS94PlUutzJuR
2021-02-16T12:58:23.235280523Z 544 jNLeBbjLxyoQ0FrZCktCl7hfUYhrJmkgNvOOlaGggkjiWuikMuWe3Z6GkGsj
2021-02-16T12:58:23.246914443Z 545 Yal2AOLGtkvPRn3jlh1Pig1ZvX3vG8hzV8xVsca7pmIkWqN1CC8sFEz2DN0n
2021-02-16T12:58:23.258662950Z 546 vYW1Sm6tR3pqwSEMEWWbuXNHpo8OAfFYDJ9Ymcyrbm7xpvZACzXbVxHOJvjh
2021-02-16T12:58:23.269516073Z 547 0Z5rJjfrOhUKOzKDV6SROfQzHoVJVPjUeluIARJ3Wq2SfouFmkFvmgC5VPvu
2021-02-16T12:58:23.280096248Z 548 IASDWs5Roc8Wpa4lVxo5J9tZd4DI3FGX7nELe4RfZzjE2RyD5ySqqIeJkV7u
2021-02-16T12:58:23.291192317Z 549 gex7NRnTMrRyAMjcaNLuAEx4fBqn6NAkHL39asraqQL4Rk5gDpBm8OXBo51M
2021-02-16T12:58:23.302165996Z 550 UQQktkJLAAXSfGsLYB1prKkmPSo7h2pOCn2b94ZgxAfmDCzJ5AE50K2ERulc
2021-02-16T12:58:23.313485082Z 551 Y3VIXa63A8UmOFXxoHpwO4pdY1Eq9yVoiuw3c9795XFcVRreNOCOzxZOPC5h
2021-02-16T12:58:23.324983203Z 552 K7dMrQvS3s5AYYT5D2rd4vRG2mi93C8g8otgNuSXuEgHYMLdfVdLoLbYRw8h
2021-02-16T12:58:23.336710732Z 553 DtnYIlBjXvl4EzLX0dSQZYamuaXFz4eNEaHsZUOSgn3XuB6sWgVtyE4WIjZg
2021-02-16T12:58:23.346924367Z 554 DZBsHuBz3LlK3ZdYfwtcdGhqQxOUAeqRSGaBGboTUlk30xgcaVkyhCFzlCII
2021-02-16T12:58:23.358079136Z 555 RLMIWUjSQ3LBvpuZiwt7H26nI3QUl0xVv1zclNFTNed4cl9lcgPYhLtdMSqt
2021-02-16T12:58:23.369326178Z 556 h22AXS8obibBhsq5L2LX8TxJgh8wumS65DpWpHOQ5zgQ7a6cQ38T0OaR4U1R
2021-02-16T12:58:23.380787480Z 557 EyNG4tfG6c7N21hYUV7hmAGqja1W1tpXIGM7WWQC7ZpDdfswWZc35QkSiE0l
2021-02-16T12:58:23.391554669Z 558 azE6PVg12Z1RXeRfr7XSMUaJBKPkwItyalZ8ogG7fcxmLUKCA9gGV7N2JMPT
2021-02-16T12:58:23.402288504Z 559 hD6c5XTQU2t0gDTH8LXM2Kom9iNll8xxYosuKK6OsbNcKUirE94Y4JQ0fhrV
2021-02-16T12:58:23.413742218Z 560 7QBhUrKiL1w65Yh4eQwqRZvKc1TLT6peu6ONg63U7MF9IlpUalqnvOhENVJx
2021-02-16T12:58:23.425832083Z 561 j1XyTCGymdXEoL5fSJmPNIhCGbg2q2ObSYXoscc3jpc7EL2IGwZPrBhAfhIb
2021-02-16T12:58:23.436978808Z 562 4eTvijQZx72N1VD7zO5gvVlPa0lWc1xQEM7LlihbmbgpKKv2JFD1mvff8qEi
2021-02-16T12:58:23.448530745Z 563 aYasbHFjGAm22YjX7BVNjCFoFHhzapffHK0nSVRcXfwCZNqMUV1zivVyv7yo
2021-02-16T12:58:23.459519145Z 564 aHbm3PCiR0KclfjJLkt3xgLGhTQYiAR34UdRmWvcF20XNyy0VFYdZlz4Fhb9
2021-02-16T12:58:23.470548247Z 565 9QV6GFAZ8i1BNpHtki4EPrLArtp7pJLH8NOPQTAa0F791Bcowi594Nz4IZr5
2021-02-16T12:58:23.481456091Z 566 oGLTV0DRzUDP212lvV74MaYE11Epika4GPibqfVUzcxGJDorVhM4wB9uJ3cF
2021-02-16T12:58:23.492838059Z 567 a8G4jBkkVm3AHbORaM21H8EM3LYr0JNdx7uTKBdYg2tZIcHLUkoYVsP2nxPn
2021-02-16T12:58:23.504675162Z 568 5QKvghH67sKW2QJTywoe1e27V3fZ21PumZNofF0OnNtSq6NDzvgxHANHeflH
2021-02-16T12:58:23.515308895Z 569 OXhzQC4W7QJN3bx2jUiAQFr5EZJhreymOXfBQYu6NCLHymbYqVKHXinkrU71
2021-02-16T12:58:23.527043190Z 570 3QQT0drwTwpyrxch2JLBQseU70foEgLbRLV7TWQwMj48n10FxfAj63ykVORa
2021-02-16T12:58:23.538813734Z 571 oVHX8A4ZtQfwxnVIOwPULZ5P2g1VsAHf9T7tXkr95enJ8uq9UaK6aYauOZ9L
2021-02-16T12:58:23.549835370Z 572 08QNGPwCsF1hXK06j9ws6mzumJDKvCay81o5ewjFlC25se37HAVFTv6VVCIM
2021-02-16T12:58:23.561355941Z 573 NnHg5Mhj2vMr4syu6oVa0JJKYmk9WRPGKtHeYWI1PE8Su6nIx0QCZLr3j1t2
2021-02-16T12:58:23.572885639Z 574 cuJU41xZDwYgPlEo4AwFgUQz6DUQ30OcpKzTJwxhwythwEoGUO20EUiRIhKE
2021-02-16T12:58:23.584846257Z 575 qHqMCsVJj4BhRbflGAAkefNVQDJBsqGEZi6tg4MXhaH6yUhp8DOmPMEqiiqh
2021-02-16T12:58:23.595770866Z 576 KbdEMW139hTbpvjb4mK8yaxlEo9oJoK1puTKKcgF8klBK4oL8bAI0CJjtl4n
2021-02-16T12:58:23.606481242Z 577 lKKl29uYGlRCiYhRCdQizr2i5SvdfFjLErHuTmzYfjEGtxWZnCUnZBkVXb1b
2021-02-16T12:58:23.616909868Z 578 4D4lMhhavOFRz6UQTpN0Tu48Bdt7DWZf29CPbn2tY0WjlLdyyVR7BBC0siTl
2021-02-16T12:58:23.628164650Z 579 ZiIEUdwCTwtP69MI8sBQIXY5AAAhSaNp398vy6gRxOGc2lB3vYQSHDyDDknE
2021-02-16T12:58:23.639699601Z 580 o0WmxSV4TK5uWYXomgZk4tgt3YS7QRuRfp95KwVvnyOEyQxjtoam5oCsmMVw
2021-02-16T12:58:23.651465770Z 581 moW082EB6Ol7jM4Yte6gMnlq9IRRD3XCJcc6LelBfAS9gidc9CDvBxqX0WMT
2021-02-16T12:58:23.662277027Z 582 p2ZVKoGBBUMQsHRHDzbhrFi4LYTs4QPFPOGFkYfK6TmldHKXeMLpYVmXx4PE
2021-02-16T12:58:23.673285512Z 583 1UNBoQCedOCtGgSBp0BI5bVBjUyrjbiXFjCl0HZcHzQ05RIagOFbBcRW4vCN
2021-02-16T12:58:23.684173872Z 584 NHIu9rWGWdeVqjFVYX7eQzudfJluHfn8TmQpprcdZSzjKtLTTKNeWPp1MMv6
2021-02-16T12:58:23.695329603Z 585 qp9UYSJuLYu5gSxw9Q3XMPt0MyLowGRPCQvvCG0RvrVjup67oYgp7G0Ed6p9
2021-02-16T12:58:23.706535354Z 586 6roEg6xWySS44LgX37DKWkjVEwsbyT5v3YUpBAoHtMKBjIn9rn8eVVE8u4FT
2021-02-16T12:58:23.717217209Z 587 SOtc6RU2TBJff7Usw6ZRSpJmZEL4gzSrthpWQXRA9FCvYR5rm9XteMqmSWWf
2021-02-16T12:58:23.728219971Z 588 A6ZmzTg0yFMnuTjda4WlRU3jkSWHzazMhwBtP0m1EDWiQdDR6cPpKfnxP769
2021-02-16T12:58:23.739865822Z 589 9uLKwjgYh4P5VjhSz4tniNuxYlz2zCevJJVtTYthCXDnpcMts0s4nGz2ty6C
2021-02-16T12:58:23.751359330Z 590 gZkGAxzMo9DQhfDptluMc6VQUVFqIKx8rDAEfkHXPgw8o4nESCZI1H8b7HMr
2021-02-16T12:58:23.762317890Z 591 W7Af4qkHzn6LvjE3KgGX0mcnm8SEwaBfD52Sxvb8K8TxXSWzn6VZAMPU5HbV
2021-02-16T12:58:23.773738926Z 592 5YzfonQUNHmGjlrH0o5z7mCFA73UFdzPnCLE0419QElP3TT84K21EqyV1nVk
2021-02-16T12:58:23.785590630Z 593 AfzmTEgzYR31nz8K3pYcowzAigeGJbiEujq94NSPDpCuM0Tb9qgF1h4gOrr9
2021-02-16T12:58:23.796418437Z 594 o878fodpwAWoCdFRbKD9uf4UzNADL1o173AVYa5zDjPr8qGb0hU2tlrDJXCw
2021-02-16T12:58:23.807351729Z 595 CTObXJe7zb95Z1o3w7Sz6j24O7LLYVDYyqtD2Vyl38NnL3CHdqtioKBiQXgo
2021-02-16T12:58:23.818476355Z 596 C83HCqt8EggfeIcTugIrtMI0J522Jwct1yNHXMd8JKRZspgpcf6wAbtPhZcy
2021-02-16T12:58:23.829673661Z 597 f2fEpryyLs3ePyWUaYLAEovfLvKa6u6v9KLfMtAXqP1dM9u257ya9fkf1rJy
2021-02-16T12:58:23.840399055Z 598 2fot54vfqMAEEa7mUi1Tt1XlyiWsYwkCW5pYxTZYHfHQmPT2Ic3UHQt2wBkF
2021-02-16T12:58:23.851929522Z 599 U1cb52bfzWhYg6difjlkOf0IfjfVFPVmf4wX2cxygR686r4YD43o0VpDu7Px
2021-02-16T12:58:23.863755378Z 600 0Fq32nvkBpJCa7PRws3Uk7PmsXNIYziCgsIWWFZkzVyMqJGG8x91dN2VZw8x
2021-02-16T12:58:23.874403642Z 601 jyBafk5ltwrZTw1BUTC2xrS1jwVfwrr6j8NB7WeSAw5zCopjzM2zSS1m3nIo
2021-02-16T12:58:23.885840786Z 602 jjqjXhKHE1bJexOXPM0eDuswjPZM2OiqyQWg2E6H4H1loGDUbfDX6r98gmG8
2021-02-16T12:58:23.897376457Z 603 qYR3C1rNLp6QnTsyWbbPlfGvgpe2l5Do8iobDSae3792wO8Nz98lacJ7KIZs
2021-02-16T12:58:23.908298059Z 604 2SKTfqVbAM5tAE9Cgc5XnnzdAvkWIFcqievJkjuSmKjTncW7foFFQhjHamNb
2021-02-16T12:58:23.919633495Z 605 V9UAgzGo03rG6UyPveCDyOHIyaHepjhimW9hwlxohh48G9FyrAeKXzXr7rVS
2021-02-16T12:58:23.930538502Z 606 ptc02Bh87ZuDIbsyivwhX5fNfKukar9Gzi4UoNYYbZ62sibf2Vu43vJBWJEv
2021-02-16T12:58:23.941065422Z 607 6WhCzMfy24DuChGc4VAH2gDDWquiXBvXFGIgKTfQ19xfHqDUoJpopAqeiJo1
2021-02-16T12:58:23.952390352Z 608 kJ25gxycKMIvU61pQRi8qqQJzIbSyYJQJaP6jCdlld440o7L5NTMN8HMJNIP
2021-02-16T12:58:23.963861427Z 609 0lw4Jo7pQfbrKrIQJjNhJf2Zo1ypEYbDiA7rPbaUIXgS8y1Sa3ocAh9tgiec
2021-02-16T12:58:23.975441006Z 610 s0NSfAKfqt5g6tjPaeGVYYeEx33tfOtyLqODsQwAenvWd5WzImxi1C9eFfGG
2021-02-16T12:58:23.987021051Z 611 COD2NgvgRZqKGX3jxJtfontq69iFX2YZxemZS144wk8nPS3ZcxrBoGdEmOPQ
2021-02-16T12:58:23.998847900Z 612 W8IgI45aw7ZSwjDaGYs00IKd5KCFII3H8OGfkw143o66FhCTOs9vEY1brnDG
2021-02-16T12:58:24.010368470Z 613 hWgHIuEDdS0yuApiVcOg4MezlB4ihgM4R5eMCzSDVaVHGT2BZXXXRlPIkSS1
2021-02-16T12:58:24.021790675Z 614 HpA0xBr4rKpY9NbDIiKon0uvJbnrLkND0blFiW6oJJGOTFMb3AVpcP8u44lZ
2021-02-16T12:58:24.033592417Z 615 wBzLGqhpDXhz15FwtL0283BRTW0DJNfg6ZzgkDOczkdgbJnc5JZkFXumyQ7N
2021-02-16T12:58:24.044432348Z 616 m1BcnQLcgHLPJEg3GouYGlgNWcMsyKVOl3I05eXgFKZFNZt6k6M0ObOW29vd
2021-02-16T12:58:24.055978727Z 617 ZEXRP5atCS0lPIvUxOhZR8z1sSpwV9LKkPadsZ9z2KzPFpFmAv1EoLoxpvl4
2021-02-16T12:58:24.067488351Z 618 MIvtBSe57nmRocVHVC938Kc4Sk5hnwkBE7AsDA84nM6uWsCVUQevrDzgRXyu
2021-02-16T12:58:24.078696343Z 619 9AkzM0wRLWANu8en6tmHkQ9jsixzAdhP28yXyphEzlB388cFLOcI8G49mH6k
2021-02-16T12:58:24.090263235Z 620 8Crg1Ck8UiJ1VOD3GkjhrURw3LlxTtj7EbLHKoyk4qURUNvpVlMhqFoDvV9k
2021-02-16T12:58:24.101673748Z 621 7k34ftq7bLNXfcr2mePuCOAFoVPS1mTQUXRnMdxyOVRtzFr7JjTAYHmyPfuZ
2021-02-16T12:58:24.112491127Z 622 OzC4YEDCoWoo8j9GjpPwyA1sKrS0GGzPqm6mEwhh7QgP8jwsec5dA7UG0srV
2021-02-16T12:58:24.123406513Z 623 LVkfBqosvcf8dmWDcPNKCJfFpTGTheUEthnAx4XKTqdhsdLo3mqaKsksNNMm
2021-02-16T12:58:24.134383142Z 624 YGxvmDRo4EYOqwxtNAMyFhDN1EubduHd95pr9c15N5YJ6VKexgjR89UfILWb
2021-02-16T12:58:24.144875377Z 625 2qP90hicBJoyEROLAGgYARdGR2Z9IlWnbsjslAG0Zk13dxwLe58HQ2zg6aZZ
2021-02-16T12:58:24.156141707Z 626 4DSfY0Wp9jXxfwNmIgQ6lM0FBhXYsVWU3voE3igtQhntZy0bI1b1cKXXEADV
2021-02-16T12:58:24.167304048Z 627 W4xFc8SyXJ43crKoUBMZylfZiaZX3p8TxlbZ4BbGiypUU2GyNGP3YKCaJ0Td
2021-02-16T12:58:24.178797449Z 628 b0xdYXjdldI9dR3qqhvCwq1jlDNbOFtlurRCgzMYuLTIpvTYjaQPobTnaEc3
2021-02-16T12:58:24.189317413Z 629 MCQ2Ko4YDAJTAB7loKIklVsYBfx65bmOsVu4OqVjPWGRHrM8rEpLo1dhxi4H
2021-02-16T12:58:24.201378945Z 630 Lupq2mbZZBmSru4fnxnPkLJrvaHCjjbDNpKzg8ESVpmARYTacAo0BOIMsldP
2021-02-16T12:58:24.212372039Z 631 54U3G4se9KYHSHRqt0GIn5oXO8nzLdugGQ4Xf1bSp5ljm8In8j5Agnsrk08W
2021-02-16T12:58:24.223091975Z 632 gyoB2NL0OJlC1ZTT4cCXY65R9yLxgqGPONk6tw5WoRTpeft9u05JMYK0dBgp
2021-02-16T12:58:24.234840830Z 633 UXJOw1P4Ls2HZasqwaKjoUunUMvDJB7Qqrj3cfYhBXe4W26rNob25p5bcjLS
2021-02-16T12:58:24.246383780Z 634 eje221rVWEo7qbGu9ZhYIntZW3eqQZZXKU8HZAcaPp4AeTOdKOYQeMPecpIP
2021-02-16T12:58:24.257123655Z 635 TRZMtNDCbeWatnVgbwyH5aqThVhOAocXAoWSZwPcuV4p3x8anlgki3vr5Rvj
2021-02-16T12:58:24.268891513Z 636 lZPrnzsfx9tgHt35WSp3z5nTffNSNzhrkDdeuZKsrBPjRhPW2LkRVZTbllJA
2021-02-16T12:58:24.280749373Z 637 D5UwoTTHPuAAaY6DKkLNnKhhjDedqDLMu02Jq9xTbAP0a5wAYWGdmDd3p3Yw
2021-02-16T12:58:24.292219584Z 638 d3KwI7YbdVdKGqkBOwHuNOf0cYF54vm2V9TPcZ0h2S6kBXYMt6YnHe1gEEGJ
2021-02-16T12:58:24.303697160Z 639 MhZfNxrsbS1f7uT545yKSOUghU3n6HtSD85zvzqVADaltqzgEUA7ECeowj9o
2021-02-16T12:58:24.314714598Z 640 FBfZsMwzc7nWvjIBIp1dkcltYfzJiklNEldEHDFSwz9URsd1RfX7Wz0XqxNN
2021-02-16T12:58:24.325381643Z 641 84aP5vLsiOTA5AWLThT2KXHJLBarkINKz922GE0QikbSfQuFPJUVynXCdoca
2021-02-16T12:58:24.336090082Z 642 rpOWs8mQEJF4SNjre3WORRR784qj8hZ2TWn3dkDCeGz9BuQocBTeYztqBMfq
2021-02-16T12:58:24.347218169Z 643 8FAIqzgwb4KCx5ciyTKHVqJmgdRiJeiaPFbkVyFjcMp3gJls8FeShL6rBOjz
2021-02-16T12:58:24.358395231Z 644 fEQNttbMUFHS4goOImRtRWjujLJURhfidJPPI7adRquitxJ8mEwnWtd4J04o
2021-02-16T12:58:24.369721188Z 645 wAlY2477WpJHfPbiyCGRtc1gAFgodfN5JVgYDkmxccHtVLCryDNpp8wWhbxk
2021-02-16T12:58:24.381706284Z 646 4TBtlnvvePRM4UylnZAa0WFpg3P7TNEHE1GuhrzVDBVQkLYHrKteLHBTs8r7
2021-02-16T12:58:24.392546336Z 647 w3XS6eTKHXSDWMo65HAL65jCbWOGn7OB1hLZbOMPDOnFfQHf5HNdZCOGRIzX
2021-02-16T12:58:24.402818420Z 648 5moSPzBONgj39ev01KWbY9pxRiRyQTikClZKpRtAiS7RJ4dg9m34O51QCqGB
2021-02-16T12:58:24.414544596Z 649 qpDyIRpSfxNBg0utFYBy4QKaP1wEDirJPQlvY9yWi7LGphQyAbQsfgw6ue4V
2021-02-16T12:58:24.425043427Z 650 eRBv0JsqWoAMjDwaIudexguMpjPVOqQ8KaB3Lb8VmWLdwQDbmmPU1fFuugxY
2021-02-16T12:58:24.436520029Z 651 LiSVAYQKV7QMWhfCHDOzY1zByOsyghajJybDcke4QDY1tI2OUUL0o2dAfoS1
2021-02-16T12:58:24.447117700Z 652 ntNioAgqQXAfg5xTAy86vTKtdnKedqWNUy49hIoZZGFECqpBiyJXAMpS8mdx
2021-02-16T12:58:24.458695720Z 653 f7vPjJ4dGAdQDo7v1aepACTFxXd0DFeAIgvIoOLCKGH5nmsKUwpQaVjZe2Xi
2021-02-16T12:58:24.469585119Z 654 YolMgP7xwm1hxTe9O5dP6ZNZTJq8BmBupX6krardpj8321uCAnGV9Xk3hD2T
2021-02-16T12:58:24.480398259Z 655 Z6AlRTHBVGb8uAGXpSsZSXfiKM9bShtNAQ0EfKDOZbwsuDe4tBo8kyLBbHJC
2021-02-16T12:58:24.491648398Z 656 FvjT5ZhTdNOwO5MjQA7XJTNdahLokzXFQGaZdFImCRh72uRXfXydSTWKyToE
2021-02-16T12:58:24.502082195Z 657 N1Uvhmlwc8OfIDuaN4alQBzEXTC4619WEH2R0QiU0m36cJUuRjnKBafIQgV4
2021-02-16T12:58:24.513742381Z 658 VIZ4nGXB3nxVg4PHggiGs7rabBEW9nOv3q1Pb92RMf9eAZoY8jEdI3bRhMnk
2021-02-16T12:58:24.524881492Z 659 3pVJmlP9qFkJmwgCSJpQ88Pq2rnMCVTZtT6VO4Duh3vai60q6J7EvWjk1zKr
2021-02-16T12:58:24.536767953Z 660 O4XLQGIqE4QzmSrX5VL9ygULg0RdZwdAaxQUHJhrmT8mTQngfcDmxMlba2GN
2021-02-16T12:58:24.548789616Z 661 PWZuu3k6O3DgM821TkY2NEPqaKcbb7ZVQvXmyi6GMvEjymXn8JH1TOM20WbJ
2021-02-16T12:58:24.560308579Z 662 iyYHqKyUBJyuRVpXx1y7O42H3noJkkMu8fy0G0m08MYq1tOKPtnB5ZCkrtfJ
2021-02-16T12:58:24.570928824Z 663 x17n5F2STr8JI3ojCVqWwVX3K0ryDvTF257YhQcDeXp5D9jAsBOwPoPpxIoL
2021-02-16T12:58:24.582906267Z 664 Kwh3cz7JgOsHMAJK0AiA7uKhaT2SMXEI7H3rMErv54nQKaf2jLtUw1HSfz0v
2021-02-16T12:58:24.594619521Z 665 6jNEquhUOxzRymnbfqYPEV9N4zJrTF5sqRFH1aKQCswhIVTNwd24GWoSQMaC
2021-02-16T12:58:24.606601973Z 666 sOhr6qBZUJ2M11sLCiajY1nohb9CVqiWyy53gS6Pk40jpEDGjyLi5o1tpWAX
2021-02-16T12:58:24.617865431Z 667 NNLdxYiJFeaD3lSokqT5g7eWKDmiGVkw1cyiMxgMR3iUD8wh7pDFJQYXFtsL
2021-02-16T12:58:24.628868761Z 668 XvLjnaUNaDeYkCHjtwuGmYOhf83hmp0WVr0sk36EkAwCXRddUKlIqCVYLdT0
2021-02-16T12:58:24.640449124Z 669 1wuOdrh3F0VqFHMX1hYsUv2EwSgVOAma25liwiEfUA3VSHd2VcSxm4F9REOk
2021-02-16T12:58:24.651384999Z 670 kz3RJVSx76Lv8iSTDzgfOnPGaiIT2QnDgfz7zSYCDpOKFQwTUMDvpaiUBuL7
2021-02-16T12:58:24.662302001Z 671 5RnAIxR80lsXIxg94G4ps6eOjBhMXqZLsOdBTqgSHSPp0RJPCUwvgF9SpRh8
2021-02-16T12:58:24.673537265Z 672 VJfIH6n5zr6mfsOmdoV9qil7XV6EYbIEXNhiiFR612hhmMVVOv7AsgFipY1u
2021-02-16T12:58:24.684068666Z 673 MhUt2g1zD6qlZb04u94VTNDrrs758CCQvXmLyqcolS7bZWzr26huFwCKbJj8
2021-02-16T12:58:24.695615058Z 674 00qcaakhecY4bRFz0Gw7ePJijdzJVg8Mea3JpHOqmElXnq6HZj2jjtMhuHRb
2021-02-16T12:58:24.706255468Z 675 gXYBJFPGBdZStdOx9TpDr6rSi5NHQ47Vp9qbMQZW02OS5hNLTqBm6WIDEwqc
2021-02-16T12:58:24.717877137Z 676 Qk3FYFrJRvIdwkgJYCltwdMZDq1vLgaSNlJHMLOVd4TieTMiEs1GDkJzg02B
2021-02-16T12:58:24.728747306Z 677 Hn4cVvTgOeeoIpzQgwMY5CxumMFYl7UKfbpQEaI6hDXkLfUOQYqouUEgsyNK
2021-02-16T12:58:24.739665916Z 678 VGZKRuDxbNLYuR3CeYoIvX85BObiggPzdgZzTC9FyDozZxsLDQg0QQQYvDuU
2021-02-16T12:58:24.751103671Z 679 6QsMFJjsIsNTR7A28JFjjHIkvrSX6CeFigXMmldjKIwV4PwZtln2Zb6bNbnN
2021-02-16T12:58:24.762597274Z 680 EzN2K057m3Dc7ZqcIxZouQjxix8doItFYlwhmMcc0yB9ncpHAzePkqBtvC4Z
2021-02-16T12:58:24.773217812Z 681 isHjLSrJs9ODLzGXDI8RuATdH1FWD5moNI8LBONQWKed4cGx0XQQAEyyD4Hx
2021-02-16T12:58:24.784884740Z 682 BOvPazcqwiRGASkJuucjlhQzpmZIHeR7K9jiWjXruauAl6GTwJDY0STy2RJy
2021-02-16T12:58:24.796645234Z 683 9SSIUESWv3ZAu1f886Az4GuBsIH0nT0PRprLKWkV4YWdb73OqbK0Cmujzenc
2021-02-16T12:58:24.806784401Z 684 3rIKuzYG1ap2r7tEkdWY61g3RTm03DY1tkQP2ojbCwduiJtUJUWpmjizDM1Q
2021-02-16T12:58:24.817954448Z 685 hWhNrwqx7V7TIdnEbbjhwQsDDMkHnDaWCyICI16vWvcFkWB0QTfZ16wAvCy4
2021-02-16T12:58:24.829433791Z 686 mY8Fc3xNOKtyWjSBCeN5yIoSbMJElcZLiSS0cKM9DdXBtUHIgsV7ccei7PJc
2021-02-16T12:58:24.840201876Z 687 tzoTUmdoT7CKEHrB5jnR2KfEMZJbuCIifcMK3uhI99joZDJz9Yk5zqekQGY4
2021-02-16T12:58:24.851660073Z 688 X4UaL3J8bXIkpGXWTc2m7IniuMRYkSJxN1bt1c0wuVZJitL1JyPajOogQkH2
2021-02-16T12:58:24.862644859Z 689 CGWvph6zEcVTsFMhC2AMPCGB2ZW9KrHWW2s7gMwSyw3WP85Jo1v1EQcy6Spo
2021-02-16T12:58:24.874340267Z 690 wUiW5MFs1jzxkQIOGKzE8QOigY0RjC0k2w24LpqsqiBI0D18Ur5tMzvmKNvS
2021-02-16T12:58:24.885445691Z 691 1cogcATqdSao3eXseel77cXZCcggjhejEbPU8z2JP7OWtVjCEkGZxSqi8zZg
2021-02-16T12:58:24.896977124Z 692 0qdUq4gPD9amwsKwHAqwtUyQGoLNwnYnbCL1iYnToKkroSW11r92FT4rPOLd
2021-02-16T12:58:24.908577867Z 693 rSbOcsAxPsVLrKP4aineXEygdx9tJ0Ccb0VNHa4VLQlcW1e4FeQpqP0yoyvG
2021-02-16T12:58:24.919507265Z 694 sA1Wng22U1bGCNOHlAIuti72P398PnnluYbnLlnC0Eshl025YvYpl7FXdhNd
2021-02-16T12:58:24.930001030Z 695 d4K7wXiWEg5XtEC05NzGlGcQ3wXjfc2IZV6vND3Hd6GhmuH1CbsK8x0SxPNF
2021-02-16T12:58:24.941537169Z 696 FTSBwHYcfsZchZuMDoVPOKTl16w3idRyX0eudNoyH8UT16MbUH7PJ6Xb0DiS
2021-02-16T12:58:24.951987841Z 697 6D2m1yJkO2WYrkOD7epGJ480n4QJAgTmde0q1vrZV7dEfAr8Il8RaADB8ZHr
2021-02-16T12:58:24.963447996Z 698 x6J7E3P0skvj4kKBkJEVSkfmUSn9WOXiHmhHbvr6ZO6PsnYbIQHBqF0U4zAw
2021-02-16T12:58:24.974139039Z 699 TVOTDnuezACL7ngQxGwWUYwrkOWa26sohTYtnBpxzOWwilSdr4nCvgR1mG6c
2021-02-16T12:58:24.985867681Z 700 Kefl3BbW2nuaPhCHiu1pD1oJTxoe2RTvy67l13M1jNDLDMiXpZJcqDA1cFsH
2021-02-16T12:58:24.997713216Z 701 RJXWxEiTVRoVACJm44tG9cJnXhhcMbWxif7gGPv4F1AmGkq3KbgdEqIaYYAi
2021-02-16T12:58:25.009227763Z 702 FzKu8oiUGoMIRV9XaooKbuEjgz3iC8YuTp72VakGW6rcsJhbDyOXG0kjRgF7
2021-02-16T12:58:25.020555231Z 703 OKWNCDctqmFwyahj70RUQQNYXFApbiu1jbL8WNcOxL7MFKVZjJKmLE7JtoSe
2021-02-16T12:58:25.030985322Z 704 C4vgEod0uzDfpVYv2l7wWv2LvCAdan28GlX8D8TjrqffLGXIkQygt5G8Sq5L
2021-02-16T12:58:25.042446730Z 705 0Wx9HNAj16dIu6uYKIc19MEotL90fdFVBgrxicsh90UPI5fcNIDHd23dwMUw
2021-02-16T12:58:25.053265404Z 706 An70RoYAu2jtCQTzdj7qu29tAkhRi1LmItIz0gUwf7S85WE9CNvsk39Fw7pl
2021-02-16T12:58:25.064775046Z 707 buJwMURk3UDabXKYAaTjQ56RFeaQQucxeDtXKyPJaBMFxP8j8paJummjrW1V
2021-02-16T12:58:25.076739848Z 708 fhob1rgfIH3hblWFkFUVKYdwc34rn1B32XcLc2WdKOwzxdmZCCV0LxP2IlVL
2021-02-16T12:58:25.087361867Z 709 ZPoDYFfJfnrIWcXNjGnFzhIzSRs9gqNGFE08uYPMi9XFPmZLOnSSyRsdkYsx
2021-02-16T12:58:25.098807967Z 710 ksPirdgGNV7FZEWsphsmlwEhAuKjs0Al6CPjeoflRJKuonumfBJTIAutww2x
2021-02-16T12:58:25.110565668Z 711 ErjgjY0v0bV1pbixML4PM5jXghbzhZoPEl0DRWUzWhuABr9VZXkG8KjNbyCG
2021-02-16T12:58:25.121295524Z 712 X1q9dI9FtMGxnCrKtz54vdwXVh37FmaX34Gur6T8RlVnj55xQt7qM53EyUiE
2021-02-16T12:58:25.132694961Z 713 a3cJXIcfmnUykw7tZodCUgHJjei6IHprn60GAsDG94H4thNdE5joVVcTSa5m
2021-02-16T12:58:25.144095236Z 714 l96sycR25w6LX6be6Xz36LTak9LSnodIJBP3m8b2JMtA9FGlQIzrtTzTKer4
2021-02-16T12:58:25.155253893Z 715 W0A4I0lGqZrkmHQm5A7PamSvs6ruNd7bgia9ZN17BsxZ7eAE6p61SboujXhL
2021-02-16T12:58:25.166605740Z 716 U7CFUPgGxXB9wAlDbo71rlzjKXu68UdJlV82dcSUtKEE9vp1FJ5X6JfwQEvU
2021-02-16T12:58:25.177039647Z 717 aYV8yd2pV4HifKkxCCmEbNVbPLt9M727uiTIXeVCTvgUXHxsmLUCzqx8ioHh
2021-02-16T12:58:25.188326938Z 718 uusZJxN3MWp4YwyjQ1zesNxJDbGB23nSUTNFt0U5D702ktvqxhodYbsoUNFD
2021-02-16T12:58:25.199474134Z 719 EHZaIfbvxyI1ZyDdAPbhW58b6e4OBFHOFNrYieMbSV9KH9ZrwMTlPpZCuclt
2021-02-16T12:58:25.210725987Z 720 27mjwbI9a1XLq0pf67HpWg6K20AvCnG7urALC6IsbTU3unKnxxyry2sj9iM4
2021-02-16T12:58:25.221870621Z 721 tO3CHD9XSmiXoIMJtwnW36b28qpFeextGi7ONSISc4OqsLvBdsf5thgKEFI6
2021-02-16T12:58:25.233307645Z 722 r0PlEpgJHjQh4s30Z9bpmo9DdaG4QDCtYMgNvZWwaS9ZKJ9NKVRTAV3SFAIq
2021-02-16T12:58:25.245005812Z 723 wZCPo5GLuohlP48J5XRqgyLkLNjciOserobEQtlwKqL1vTw8RGy8dgMVo2U7
2021-02-16T12:58:25.256546177Z 724 r5pQyXNWhUiVWHpPDOc8BUC4RcuN8BVaoKs7fgsgCzOrPvY2I2gJhlHAiYlY
2021-02-16T12:58:25.267195449Z 725 0ctocMZKlIZ1NHARQ1dA3UZC5GPsSvDstgg0isUMNe6c6blfsFZ7RRn1KYQN
2021-02-16T12:58:25.278474516Z 726 iVORxy6aDKR081uaOlfLqQJgBIzBbeGZT2Jhl6stZU9OPl8tDXsF2lk91910
2021-02-16T12:58:25.289663226Z 727 U6fupRtD0eqtCi6Q2J2uTVQozKFkX370SlcOSwJZ8q0NUVmQ3PFkBKXB75MM
2021-02-16T12:58:25.300829505Z 728 Zn7gfiFkyZmUbddr8EZ2SZ4l634VBPLGo87BnY5Oi1GXDiNK8cWsB6TJDdY7
2021-02-16T12:58:25.312908552Z 729 EhIcfTmfwY4zZvTAyFb70xTRsxJMXk3BqsJGRtY9cMd1SdQkiWLYC1wJe1Oj
2021-02-16T12:58:25.323245396Z 730 fqrvyPMYALzkMjMV93e59MJ7e4VIFa2p0iLMRaMhEMQ5ajYjm2masYiYrjBn
2021-02-16T12:58:25.342661508Z 731 DRSHwMI1zckziBJNNkcsTpWAtafujqYXJ4bNxO9ep4BGx1s6rjiDgkqSpCcR
2021-02-16T12:58:25.354220500Z 732 J5SmcmJs6URvZhsmfSht9L1VKqSNeT0y3ELxKnmlOkwavezsXBbD6vsNCn7v
2021-02-16T12:58:25.365726821Z 733 nr6gea6EFGmlfT19fVWf9FgNADZD17GtHI0kS4XnzbHMI0ATExEVuIGF3ID4
2021-02-16T12:58:25.376971773Z 734 G0BiEz6JsnbDaVWV8FC8aswKrS5NXI65cajWeEa1Dlu2MbYcu4qyqvn16aic
2021-02-16T12:58:25.388281920Z 735 xcGguOzvALF3K4Abfy9dD40Ww0ScB59kx32IgY1LXftpwIG2rWBglieSWqBe
2021-02-16T12:58:25.399621171Z 736 5cE15JcTzUEkWYUbf4tRIBitRB9shFVLSh63fugV0zdOsOVKFVgvsByXZKBf
2021-02-16T12:58:25.413217932Z 737 mNRPpkKgWj36NajxWFFStY6YFzMT2a67XnpQDU3UD0fyCfigE314CXKqUpha
2021-02-16T12:58:25.422220976Z 738 kKyR9xdrrjm3XG5dQ9wxUJnA0R6bx0Ujr4XrcaZR9QjW3HLo21JNwdL0F6I7
2021-02-16T12:58:25.433797993Z 739 VSt9NZEw8Tnnyn57T4Ti5nRNXUfUFBIdLbb0Pb5424yuz69Vg7XiYIH2aA4s
2021-02-16T12:58:25.445420183Z 740 UbjMX6RUXnPGz8xvpcIha5l1uDUuk7LcPliQvCyvPYprJKnYlfJTrJVNP9GM
2021-02-16T12:58:25.455937421Z 741 B7ySVAMQiqZaPciM8U8YitrL06ohUqOwlKPOb42q6zJztEXTeT7vgxCdLHnQ
2021-02-16T12:58:25.467442327Z 742 oK23vLkNzReXG56mIBRtOfTUUN7zNcFQOppgqRNMo0VGkurJ0RLBge3vSXyc
2021-02-16T12:58:25.478939852Z 743 HT9dRKd2Zn9XnBKptY3p3yLbuOl9pxb7oChVB2mu4JETVIPffVHGOm5F4uwQ
2021-02-16T12:58:25.490369963Z 744 jRGXneCYErAEYDBz1Quu9kNYZJVNWu9OoHlkWJNCsdlrTDECgrFcPrE8JmM9
2021-02-16T12:58:25.501059103Z 745 iBmlE8UEjDm7m18dT6tVOzUejqqgschKXilhPvMMTXqhdmoX6VTcUiqK1XHh
2021-02-16T12:58:25.512163643Z 746 VLrytYqqptSRB6eYH1WA6YS4mlN12kuPQcmZChsxtNL0y3Jfmk3RzaYy8QPE
2021-02-16T12:58:25.523161750Z 747 OIBsNOsHpslmhx6EussL1x9LnkT0qoRS1gIiH3WJJg6RiPzWMMr7oFD0wy91
2021-02-16T12:58:25.534433145Z 748 uDyfnhNcHe4IRTcDerynk8FNGwYMiAf2XDeyMc5Ilqtg2vZkuNU6jjdEir3x
2021-02-16T12:58:25.545708543Z 749 MKJReMkmUS0LWHY3aKwAMOUOWjAPDsyolzYwkAFwp9KGVTeN2W3TQaQa2AB2
2021-02-16T12:58:25.557169448Z 750 24rg5835JG4PoEuAmC2coGENO3Ju6KQMy9Ko3ad9vvhchHVk7s43Aquozx6r
2021-02-16T12:58:25.568810545Z 751 x5Xup61k2aQQKRHnKQrW8uqivuYWJk7XkUGMlZUcxh4Fjar0cXB11CzCEigT
2021-02-16T12:58:25.580504761Z 752 JqaazGu8RPJXQOt0Pw0jBKaVVw3CJleau2aQLgqgJMZyfv6tv7xWwxVMTr9G
2021-02-16T12:58:25.591174562Z 753 bajTb8V3OW14LuCqeRJTUKtv9XyosTcrf15tg3Ntxig86yaLDOMUKUwTEx3V
2021-02-16T12:58:25.602428240Z 754 V1wY7hv7lROIgA4rf34Wt6uVM30hN1newfi1YYOZdrCPCnfcEBW8GjcCsqxr
2021-02-16T12:58:25.613878921Z 755 v9N8MppU4cUCneuc5YhvYW2E1mgFNDaXr9zYHOTbrgP2EPytSL1ukSNTYFjT
2021-02-16T12:58:25.625560331Z 756 Mgo6XO3yBhALQ1xcF2TxcogebzRNlPoDuJIDvwsFwKMas5Jr1YGrxJuommfr
2021-02-16T12:58:25.637011027Z 757 8IXMHot0hKrldGBJfhvw4DG8aFXEmnfvAyDLm26aiaiwo55gPmuNUJHPbhkq
2021-02-16T12:58:25.648523086Z 758 YJ4ss0xtpAYqT2WEJ4oarkcMuhjF5cXWiPbHYlWvp6USNrYt99fMPjjQzidl
2021-02-16T12:58:25.659379627Z 759 QrkBRSlbm4Xea1864nJfKwuziqaM4KZvOfY9azCBlaUDlJFe5bUYNLPkJFiM
2021-02-16T12:58:25.669971376Z 760 aPMdymjzQb8u1DXFBHP8PkaV7SYzWFIsJck84ps2WNTTCudeBO48LXWZavWO
2021-02-16T12:58:25.681482231Z 761 25Pa4Jbp91WMYmdeRuXsfHmXQJbDNaaZ1jJ1yNA11HOBQo7LL1glnAdln2im
2021-02-16T12:58:25.692136782Z 762 m51IhaIFn1SuatrgxszqDxBXt64RPRGJMLgRJxTdNieIM7UPYq7eHIK8OQx6
2021-02-16T12:58:25.703555199Z 763 XUoyLGzjB3zRHbgYuSi4q6fAq8y7yQkxOQBmecWeGrA5cBEaPja0ztPfJugr
2021-02-16T12:58:25.714094609Z 764 HhaPWKlHfuUdfHLohqnpU3FLu2dHssP7rmW7lMlQFecvfnc5ZM5JZRDvWnXg
2021-02-16T12:58:25.725942118Z 765 I4OipUQxNEDo54OMfxjmqZygDR9lPSNvXH1SQxpZSNXRNrhuT5CT2pBLZkNq
2021-02-16T12:58:25.736809958Z 766 pn80IdsgC8EDpZf0XbAKKkdJdAfG7cEu2ULlmIKgYpsuM0uEELwFRLuWVGL4
2021-02-16T12:58:25.747558782Z 767 C7WwQcfTCBEL0KRd8lmp0zMZvA5OQbKumaodDk8lwXz9BLN5W2WTTQsSEYfA
2021-02-16T12:58:25.758921513Z 768 Rpss7lFJE1TCuD13v7oPzlrjVZtxytUxywYFFeegX30mhiZ1ML2wpMxtO7Nt
2021-02-16T12:58:25.770613898Z 769 EwMOpyde8qvD9tDQGMA7G8rpPenXRCzx2VwxELHuVmGdruYHp24Be1cYgKld
2021-02-16T12:58:25.781990652Z 770 1RhndPugfT7uyzxbahhYk4AsM8LJu4Mj7Q2GC3BR4nvVi2LKGujNSXrSA1Bv
2021-02-16T12:58:25.793856689Z 771 oCP3gcr1pu3l4IF0h353k2V69uthIAyY01iYZVLyEOoIrlo5Ecf7ys2umcFo
2021-02-16T12:58:25.804454119Z 772 dJd5t4mWZYuBmzfI1MlVi4pjFwFnpofZcC9pHNrlvTDV1KA6qfCfXNuGGxQD
2021-02-16T12:58:25.814903391Z 773 moRCSS6SAWpTNJCHDHlzz9a6XTLejkmTkSjnUg0XM33NZdifcHhqiynPoN0M
2021-02-16T12:58:25.826595640Z 774 MLoL8egWLd6S92ePFwQcZuZih42agGykZuKbdTafqkTf4Ffh0ogZ9kRF7ZID
2021-02-16T12:58:25.837451047Z 775 oKtnPKdaEcyrP9vWm7rRjARu67SnCtDAJE9JxFCywHc8wlvNZXz1XPwLBDOK
2021-02-16T12:58:25.848136955Z 776 gcMVzLpqMUS91CryAVfQXFnU3wMMjwPVSZZTt84yzBl9kevtQ9gewP0LO3vh
2021-02-16T12:58:25.859027079Z 777 EBFERoyzV2z1Q0zTX65nUbAoUxHSZfwfOfr7Z4PIs8AdmKZJIzkP1Drodaac
2021-02-16T12:58:25.870287880Z 778 pUo4TaCPQkuG0xWp1icg1cnUBNyCXD7BYjq1SbbWOkqoy6dedDNd0gAVPDbk
2021-02-16T12:58:25.881271991Z 779 Mpv3lpp2LPm0uRFwSpzPrIaptJmazJZo2Jy1QepqXtPzxvGmqS0oVwPtevqM
2021-02-16T12:58:25.892386997Z 780 4FYfECvnz418AyIKjxRZf049dRe6K9PSFJyRUkyg7mHYMboKRxDzl6Gakcs3
2021-02-16T12:58:25.903015190Z 781 1zHSXES6MAyadkZim2tusFPd4alhjQ38aX8DAxllbX9DQPrdCpXs6eud1X9R
2021-02-16T12:58:25.914978907Z 782 HZATWNBnamiH5Wr6WhfuZHHsyoWY6z6P101AUzgklFlfOmZcyR0LjGabnYAk
2021-02-16T12:58:25.926718825Z 783 8bmnY9aRZKKbYNZYbZ6AXHDyNguOANnXZdR77kZ6UrUJjWvz4xi76Ri2qtQI
2021-02-16T12:58:25.937329157Z 784 xcMckzXLBy0TsOw9uTDm0pUhGicldtjR5HDYumpiAyyCprHfO6FkZfZt6gOX
2021-02-16T12:58:25.948486360Z 785 2tMNaOdWVDC5rtjIwz2DiBpLQ6nWOzD3TrNqoxwxCdvQ633JOhx1cuBJYT2s
2021-02-16T12:58:25.959555665Z 786 DCpyEIrzb99cDbsVwXV6lGlxhi2nR9gQIq9LtonLE7AzKn43hms2HFG07wsL
2021-02-16T12:58:25.969975536Z 787 V9dg4h6yQZJGZ0wHC52vl5xHeOBwUdRUYEKUkoREkY8ZJCqjyZKPYZKyWOQz
2021-02-16T12:58:25.981657590Z 788 IIkVyW4YLwa1PA01AflJ2DV1QoLOLiat1I8H7HoGZbcEEPnLxKX7OLjXLqfJ
2021-02-16T12:58:25.992683698Z 789 3RehgfweltHQ5YRqEgfqxs91I6VKx79JD5gFTEygDMZ8XPYcdRJ1tH3iRD60
2021-02-16T12:58:26.002915521Z 790 jFsUeODRceFHna4ya62xArXPx2BWB61pXUQIhVTKyckHggxdeWxJja8YMyNn
2021-02-16T12:58:26.014418277Z 791 5q5s3w1KB6nBQt1tr4lZktaNREKey3xHjA40LZdFqt52eFkyxobnzfppd9JM
2021-02-16T12:58:26.025863214Z 792 K7C0pruvXML8nYFJo1AZztpjNezucuLvclgIPHott0hOuXFf6quVKugUM5iN
2021-02-16T12:58:26.037644306Z 793 SHKN3iNB7qltyo91RNCa85YeBkLCe2yefIYVf7EgY2MBkIyd5DXqpJB0BjLi
2021-02-16T12:58:26.048925257Z 794 sR3kzInTRMlg44OQIe25UIM5eqKrx5l7zjYbTCgqVXlFE6vRpPVZRVo7Nctk
2021-02-16T12:58:26.059580352Z 795 9Y48crzH23JvTWcF0w9YbxUNktVqppHiVc0TZCLhqFwFLZbgu8xJzcEyecex
2021-02-16T12:58:26.070517932Z 796 6NXd5Q5xKG2dhXUXCitdCJlBT6jnF1emmwzz4zmRtUwqGvwRN4MwWYUZu5wA
2021-02-16T12:58:26.081427859Z 797 IGaqB9sozVTW0hzTwYcL1bcLtr9GJHD94FU4YnOMEZ9au1SZH0mB3o3ayFkz
2021-02-16T12:58:26.092670743Z 798 D45Uutgovc1B3upoBzvXTTiwslBnyGv6zHeODBVq433Ql5vyEnxd6DYZKKZE
2021-02-16T12:58:26.103084059Z 799 eqVahVWDIW0bOEbZpSp5DJgMmfDigZxRuwZNsT1CFDp1PZhiyuetDAFHfm4j
2021-02-16T12:58:26.114837666Z 800 2dHUC7NfPLHu8GraLqyde50IAUXXvJiET43cbSJJRGtn07tHHR5BbTlAHhUj
2021-02-16T12:58:26.126545890Z 801 HGj45ARolPq6dDCPSDb8EY3l14E1ojNfpiqoAqwRYnk2lA2phLElGE9QFa5M
2021-02-16T12:58:26.136866857Z 802 1TFlEdNbjByoyuwdJK3Fh5vvv23fWBOeJtZ7OMyWNmovmgqdDj7J6RN164KP
2021-02-16T12:58:26.148557694Z 803 UrmnueyUHBa6uDcQhDLyaiKzHPJb1R3bvXekhZ8aJdd8HVeYDcbrvcM8EVpH
2021-02-16T12:58:26.159944354Z 804 ESFCKLjfavrano55ReeKkIXc1U4ouyo32o3p8qLZCxDFs82T1n2L6fSrc64T
2021-02-16T12:58:26.171706823Z 805 dUd9Bmmh1dhcIa7lfvYXP5d34ZKDPKLrqGGQ4OPsP6oxNVMO9KjIN3rRCgsO
2021-02-16T12:58:26.182599460Z 806 GZm4fDiEvWRrTKkj7QAdYlkVlSTHk9nCQWuttZVgd94CGx6gvvMxeMae4BhK
2021-02-16T12:58:26.193450963Z 807 4PZrAU18nky3FC1dHMf1rAblJsy3SIo94FnNJQ1ROVKDZIwB6dIvQMneiH1Z
2021-02-16T12:58:26.205198101Z 808 LC81CNqATZGHXMIdy91TcmzzYi0ymdq8pJ8e4HvbCdABs5qNEeWTIjDDIFPs
2021-02-16T12:58:26.216406745Z 809 9DTJL2A3fEs9wA1VpmwXll5gD2FjrlVGngx0fNL6dQMnOyNYnxO72Cc3fgyV
2021-02-16T12:58:26.227776485Z 810 b08CsJeqqLCIGOorqp1fUh68NSw1K1UsOwMEaTRT8fEMk849mzpU4BwOe70r
2021-02-16T12:58:26.239386485Z 811 avbpwFdtZMcpfD3EBfQ7sdYN7joA65dZHVgYzlzSwDaj4RTG5Bn63fzw8rV4
2021-02-16T12:58:26.250223046Z 812 GZa4CtvNh1QIiSB12lRkTYFSpH2CIzA9QtBRBQK3Z5regphQkSyiVrjvLRm8
2021-02-16T12:58:26.262036575Z 813 NHoQTdfiEbbb2QdZl9rbtgbrlXbM4v8Enlf4XZkc18PRSRXz3ogUxeMlBTHW
2021-02-16T12:58:26.273486850Z 814 sniYCOo6wuvxnE6VnGA7vtSj6QBMFEfnfcpAkijb8ThDVIP0pn4veoF463hA
2021-02-16T12:58:26.284832010Z 815 38ei2mtP4lJxQqdmny3DUs1qVMEsVC4mLMlMX4lOFkbkiv4GVD7bSyDtqIss
2021-02-16T12:58:26.295957460Z 816 hZ3U0Jsn5pjoe0fbKQldxUTngn2kUrzkUrWOtrtP2jJyqU1MOCDKhO2gaLPa
2021-02-16T12:58:26.307517919Z 817 AedNIGWGC2WtpAfgx2OsAmkAcogdjJ3QhxtSJ6aQcBtwjc3OvLhD2PCOSEMj
2021-02-16T12:58:26.318824797Z 818 soyZKFIHUr4YO3WBfKTvFtLWzArBNgu6FkljLslgNs1JWwxr3PoIkKt4LUSQ
2021-02-16T12:58:26.329394963Z 819 27FFwVB38brNgaNAMDlpTtK8IqdSVlWXVchNaie5hgM5mgAOPfD9FETYGCOg
2021-02-16T12:58:26.339900383Z 820 hidd3Fal8HarKXToJVynZl4FCMmLad7bHowaDtPWB6jDLyM4e35tdEiTtd3p
2021-02-16T12:58:26.351048298Z 821 mIh9PSY3taY6fhCYC4n4FIdnQYCiEGuzzGO7HRDudLgS8Kla27ZRAQFVuWqQ
2021-02-16T12:58:26.362514403Z 822 DaTHKVFLiOlNcOsfm9S6SPMxTtRIe4zXEMMJRWcB3DwVieP7J4QzgleCJkp6
2021-02-16T12:58:26.373220623Z 823 vS0AO3hi9T6sFjEjy0FHtyDyvP1pQ4KN2A6tlMa3NuwuNNFVeiAeg7ybZEgg
2021-02-16T12:58:26.384150702Z 824 Yzd0xhlSd6oZrSl591cEszgqRmpx492LVE90hvV9N12f7tln0Ddb2WMYCopb
2021-02-16T12:58:26.395682794Z 825 LJN34liRI967EMlRUc8OgF50Sjj3M6ewOa6nsrdPT499naF2ZBGPC76Op8nL
2021-02-16T12:58:26.406045887Z 826 tTqeR3aU7atVII87c5CJgVs1knkuxX3fevgMo6sSR8XDrxhPT7ddXHtNFEuj
2021-02-16T12:58:26.417274498Z 827 Da43wlfyDzcxKzfluJipuKbMZP6wszcH9sY2xd7Ry2eqx6gRf0pTuzU0ONfg
2021-02-16T12:58:26.428317237Z 828 XrcAJaG7U3ex22tXZcofdcjqQ9tylpmgX4AJXrVCPJ7R5SwcOmudMPQntFbQ
2021-02-16T12:58:26.440048473Z 829 9fb6z2B5Frvt1pEDTJC0eSNI7ZyKybSzWuy50wtwxjyQ9oHcJtPvqIBlgW2n
2021-02-16T12:58:26.451790612Z 830 tW0P3Y2TMymHP31SxMh69gPWWwyJ6x19l0tSolJyxaxuzNiIJE2wiBiGKByt
2021-02-16T12:58:26.462558492Z 831 BLUirsA0sQyCVn9gLRE8upKz7oLQvoXOHhqQjdFx46ydjVIYvhTvLmULw3kk
2021-02-16T12:58:26.473060790Z 832 2pLOCyDW8ODnicaH74GY9BEhcQkERy981SI4vyj3qAalbYCBcuN0Tqi4Ct5C
2021-02-16T12:58:26.484463670Z 833 r5a5sBGqnQP1n6dJWyj7du6Or8WoI1sH4CGFPwxr42nlY7nU1qjI0SoKhA46
2021-02-16T12:58:26.495720963Z 834 Oq8AVSFgGtQIDVmNjfghzWt391rwuldmG3iK5ELEh0TsBDZVfTuhFOKCul1v
2021-02-16T12:58:26.506278397Z 835 htGiLuIz1E0eciMJUXSLcSzO1Am0OdjfBO0aJlOWjbRTjvOL9Ng9ubuP2hxM
2021-02-16T12:58:26.517084906Z 836 HoE4l19E5z6cQPJOIEnIccRmp7fsry9uVpV58AEBD9lbhXiN2fqOfMvIGAkC
2021-02-16T12:58:26.528248875Z 837 buX4eBijKnzxF2G9rf2cX3S5SXt4Me1D5YS9trX978DoumzDqwJUBuoN9eDN
2021-02-16T12:58:26.538877065Z 838 89OafAGobjyslTpBdTA8gUNKdgFxzhQp1QgZ4YKX1npLNvwvu6Nt7yJdsJ5a
2021-02-16T12:58:26.549897957Z 839 r9EPKYKSYPPy91ssMv7r57yFPsiOewgqgyUfLeGHyv2WJogRHkNBAPQ4aPjh
2021-02-16T12:58:26.561508671Z 840 T0WwwKTIFOVmZ4J3wRjBjma4W7t2SaImZfZObHakgiD7xnGz24YjOcGAbGfC
2021-02-16T12:58:26.572226275Z 841 X435h1RxMevYYSimCGa7vNiNfAfiSRTWZOLotH1E5SWg4i6P0dCLjsKwVN9R
2021-02-16T12:58:26.583146085Z 842 MBkCzItjrNUX2yrNtv4ghRG4kvt35f3fqnTBPiXIGWmi68g2cKtXBMNwiWbf
2021-02-16T12:58:26.595202562Z 843 dcv9yWngmZ90u5HxwL2GelPngWPhgGRt4iwajZII1K8dn7FWJwLj99XrmKJR
2021-02-16T12:58:26.605916744Z 844 hmQZia5E1BMGmjsZBzdXeMLW7FKwEjHk9CFvTZxUABh1P2F46AGNRxBgdmFt
2021-02-16T12:58:26.617060721Z 845 ASEnCMdSmKy0n8TZU481GuulhbY0Q6XBeDFo1smuPtDtkyHeeE6K5cBHfrfw
2021-02-16T12:58:26.628352002Z 846 Wiw4hT6lTqxErVRjCvfyeHESkxtbGjtSMZUkl3I6GwGEDB4m9SEao5Xmiu5v
2021-02-16T12:58:26.639570436Z 847 mEpOWTGWaFubctQVRSr6vZZfJjdymbHHcdEO4nagRohuVDOq6HZtFaIqA26R
2021-02-16T12:58:26.651065713Z 848 Md979BjLax2pbyBd66DkapssaeCsT2fh39eKThFjD9cCVty1XrPEB4xjpthy
2021-02-16T12:58:26.662935172Z 849 cagq607oWUEcplrIjJCHAvx0fSIpIVhUXCefDvrigRjXkeTHytIaP5xGGYG1
2021-02-16T12:58:26.673980248Z 850 XfOGsm5HeyUT0gJANBhr6gg037MiJIXXFXdWG4YMhVXRlIp7CjPt5zfVaZOO
2021-02-16T12:58:26.685817445Z 851 1j3Pewc0VteV2JorJY7WmI7BU0Mel64iIneo4N7gs1nRbIIf4bgcViSbIO0r
2021-02-16T12:58:26.697505234Z 852 dHAKhMao2YXLTKeF59xrZCOHSUlTKqM6JK6s4dlKEdvNfMPxJkjwQbIIUuzA
2021-02-16T12:58:26.708651091Z 853 WEmvTw3yncztCP2eqL4JQjhVWyxBcShfJ6C1AvZTIeYIWUHzoH8fRZ80oTIX
2021-02-16T12:58:26.719739703Z 854 oAL5QO6R9pKI2BgyWMfcrE5GGZhaP1L1DEgZoB7uxuU79zPtDSFZOQudTYCO
2021-02-16T12:58:26.730971937Z 855 UPwiR55XeCnm6g7AsqOocd1ugQoW1FITNvwUUcvFpKDBAIR9csAR3yc6w8QN
2021-02-16T12:58:26.741953989Z 856 h99fCrzFrU4F1IRHa8N2ODqKlBDbJGMciaNZLGALtP1ned44jLRaxm58qncB
2021-02-16T12:58:26.753183680Z 857 B63KDFPeVuY0lDNK6USQa2JUv9xPYI0F8p1T2jPwiDmBHTozUGulgZSVepHF
2021-02-16T12:58:26.764507450Z 858 LzVRMZEaI8y6lLFMNqK1d1ED5tl5kFiuJcrlrya2UKfw8LHMKeOjbek2CS2w
2021-02-16T12:58:26.775906783Z 859 OlF0wsNretP7VI6YsgeOn8Kobu2op3LjnxS5HG6vZ7LKfT5oeiqBj5Minaku
2021-02-16T12:58:26.787163933Z 860 UYQDYpEPcJlsneclKTGOQK8iT6tZD3wjB4T7aJNDYAx6DtNxcd0uiKtuliOp
2021-02-16T12:58:26.798773721Z 861 O4Py8sQ5Spk9ODL6nCYXuBRM4NSZGRcWscWdfGeXm3H8OfL8f3QKHdiqlYk6
2021-02-16T12:58:26.809123471Z 862 esyAUYLvgIFqb620Wfjkwx2PIhADmvhSiiHWki9PkLfpybMmOiRkbwSgHQhy
2021-02-16T12:58:26.820655410Z 863 bA5DpV4RauA49wo2F6LUjjnljV5KsgcGv9caCgcxiEqnHZbK71zqvUDolEiO
2021-02-16T12:58:26.831567342Z 864 i3hqRCxNTMzoOjlSgJbvp9r45EcbXSnprJW0PncXPqOFMIsGeDbLk1EVYwgp
2021-02-16T12:58:26.842551018Z 865 zpqxzs77vFkV2MsMaRX9hjuDxLLNGX1Lwd5U3binvszwBdPAnrloBaKCJP5E
2021-02-16T12:58:26.853567383Z 866 u7am4Pq3U4NN9BDMSvnhN6KJq1tEHkZft9g1V5nnH9d2wOKLmgYlnsuBfLbx
2021-02-16T12:58:26.865850338Z 867 meOgUt9vrhWYvd006QgQ4wZzOyQRsQPzi1lCQr5PuUMAscVTOzSa8ERp7cWC
2021-02-16T12:58:26.877062680Z 868 lcgpudSQN1YVklR9YdEfYRHkgXHS2dsNDkui5IlCs6MO2zc1QHOQj0DUBpD8
2021-02-16T12:58:26.889589795Z 869 q38NwiIijAgM1zH760kpWxeHxJtIzhcXXLoJOt62xfYpJMJgzSvyQ4Qqpop5
2021-02-16T12:58:26.901097122Z 870 FrUPNxsEUIqoCqOLZXQMaa1Zdvx9czrZttNwoBotEdmI1itClEDIFn44t8Rj
2021-02-16T12:58:26.912810575Z 871 tTLHamLQrG73TIO71SZDwqiHkNjOyNTnkTUDTUHud1y3WjlXdtubeyLuWww1
2021-02-16T12:58:26.924499757Z 872 t2CRsPsWsrIAJ5Syadm10Ixav2igaal1s1r5fAVmv0LKXuqm7OUnh8Qlr089
2021-02-16T12:58:26.935429626Z 873 Ajb5qqAKrViJ5iA9Scizcnu7p7PLBn7N0Ik6lZwwxCL3zzrQa5eSFdnKPKVF
2021-02-16T12:58:26.946697389Z 874 IdH5Qj2d5SFXjbre3GSXYjzrgdVuPvjeiMB0If1z1tjta4xpbzdMZ5NJbIPv
2021-02-16T12:58:26.957029017Z 875 5x76p83yHn5pXNGz37UQORVusgk9lYDx04vwat47PtDooFwYdfnkm0SeY38I
2021-02-16T12:58:26.968367752Z 876 RMhxe7aSKkxMZ0jLg7lKKGqvpZdaCyPGezNGL5wMA56mMPBUTBnaCt9lqvpE
2021-02-16T12:58:26.979544899Z 877 zD8kRri6GLtsJGCuyWL2kl6D78YBtOWqetWxJYiMF1jxGxSlL35sru9LL2GC
2021-02-16T12:58:26.990920677Z 878 Ee04AQBlAGLIBKAn7RT4NycuNRzMMccJf7kQEUj56GAS5t1oiM7JkZ9jIqoV
2021-02-16T12:58:27.001701496Z 879 eW3a5UAjcFDEkSB4pdBE22JEx0OG1IHZqNgJEiw6PaSizJL687OmhqsxMIUn
2021-02-16T12:58:27.012605621Z 880 7UCA0sJFrXU5zzydNlYgmWizwP8VERy27jBhFEa1c3bViQQ1wuxzEpPLkcvl
2021-02-16T12:58:27.024853331Z 881 yyYhjsawSnPXS2071NWkrmsIoJt9i5ndAsH8gT9jt4VYcV4irOhO6CT7svl9
2021-02-16T12:58:27.036533688Z 882 pdkOCwW4DALx5nbjR9eXCXEqTYgNu1h83w2dr6IuRIwpjfkBv2mzMQRNkHc9
2021-02-16T12:58:27.047725922Z 883 RMZhhxaedCJMEtyBobQ9GEJjgvRnpu86fSd24bad9iwJ8ZgXjTwhOsTKtH08
2021-02-16T12:58:27.059433508Z 884 qr3LtNgGUgQOE1Q7BJh1vFvwS6u6lNhbZmTgl85deA3aYtv7Uh3hscXL6Oo6
2021-02-16T12:58:27.070170824Z 885 USCVWmM6Xo5nRfuNlWIZFjcWk3ZP9nnBv0zNRORz8KblDtFGPPWZKWX3e9xW
2021-02-16T12:58:27.081630718Z 886 sTrn6ctzpWefTzYX6GGv9OVFkhqvHnWbohidD4K7r9Qi42lLnrAlE2ULl263
2021-02-16T12:58:27.093294876Z 887 Ip43O33BkjkNJ8Vp2waKKsXrxGvqYWYdd7z9rDKCsJykbvYl8aWomPwWnvX1
2021-02-16T12:58:27.104658076Z 888 WId3d7nWf0m5vujZnKpv05T6A7xLvZ7gckVRF13o83GgQ7sQNifGTPchg668
2021-02-16T12:58:27.116851216Z 889 d7fNg6EBRcE9QGB2gLzajklTVTXVUlREqEF2Q7D3irKWUEqQeGneHLmRpo5K
2021-02-16T12:58:27.127447793Z 890 AW2U6IPdSf9XSLX5T3GICPhgFqiz5UXGoAmDDMukw27C11Ln2Jzt0BYkrocK
2021-02-16T12:58:27.138003398Z 891 O36j4WCMfrOdBrIRqfzr1YITF7IX0TOuo3UsVOeNn134m3C7fO5xUxEd1nT4
2021-02-16T12:58:27.149318039Z 892 IXGETyGMAgzE57r1t9Es4ob2suJtFdjPYMZ3LJvNVchiO0Tj0exrhLnXCqdE
2021-02-16T12:58:27.160868849Z 893 nOIUtP9Nmtoh3KHbHaOuPCHWMfJp2bCJnEFUo4qy0iqTmhh5NW78brgVtq7Z
2021-02-16T12:58:27.172471038Z 894 CGXlNrVXutYWXK9QDIwbwgQCjF1pQZNbRoKuNDOahgT8cNTGYudoLKwHN30G
2021-02-16T12:58:27.183161009Z 895 XrqVdqdUDHO4kgxFMaGKXbb4yzUW2bToUdrVaUqgaKz8RYThwh1z6UJAkZEB
2021-02-16T12:58:27.194983653Z 896 ajosf1M1LuAiRf91CQnEUf1mMCOBvg9rGWu3MsgZH7k4dwQL0CvHmdjbyXhz
2021-02-16T12:58:27.206358393Z 897 lnXmZnrGQdjshI8D3NdzEs5DRbUITYl9J4rHXvwmfT87HYiZJTzzK8W2QB5D
2021-02-16T12:58:27.217699546Z 898 bJAq8eIrXLpu1dHeqlktwPqy5KTpHccV0KqSA3LzCHc2MB2Elpr12pFXlFc2
2021-02-16T12:58:27.229455248Z 899 yp6zIR8meNpRkkncgb5tuP2Y41AKmkqXglW0rVSOoloMaJ7n4OG9vgR485Yj
2021-02-16T12:58:27.240211081Z 900 iIUVsAVOI0bdx2ZJ2iZgBDF1XAYidxrbzRdzzo4bDcpRsrBEbQmB1lQIl5z6
2021-02-16T12:58:27.251910783Z 901 EAz0lKea1IcooYk5KVt3po3e36buKhjyFyNWXFNi0J0x62nzHiOJHsiIl0gz
2021-02-16T12:58:27.263841545Z 902 DoFV2nA7OnmQc9nK7yIzyVatSF2HsGyljyEMOeZqOLsCCR0NDZBZYxxMXUhv
2021-02-16T12:58:27.274885833Z 903 q7bF0mZvUXs9X4pFn7jf5LbkGH8mEnf3bxRuRDHn4oi2ZtBbuUFt9bSYEaSI
2021-02-16T12:58:27.286127638Z 904 8A09m5lkCSBCl0AWuig0DjdWccF0OT9v2vhuQquHGbhi2ElxJslXmXl9Q72d
2021-02-16T12:58:27.297450955Z 905 WP9IHB5FJiqA8d0AOwCZmzAluOGywdyQSPAgsQIW6KLNTiNVjNISavjRkl6Q
2021-02-16T12:58:27.308800801Z 906 eIHzO025TcpGjFuDhzazLuzwQlwp7nWwCy6WtKvGzUKFKgDmOmL0zdCfB0AK
2021-02-16T12:58:27.320597809Z 907 z7xdiBChhac40qk6ngwMPtoj9m8kGImfpx46q4jh7OSugwRFoweOBxQ8LmFW
2021-02-16T12:58:27.332699212Z 908 YHupASmibRki5NC2FBU04qPGtWd10UydGcx2Y5QUDZ1Bwe9JyfoDLAFQXQBf
2021-02-16T12:58:27.344064222Z 909 hcK7sEkLJ0xxqXR5UYvYl4200UlQtQ2XnAQgLHGbHYSIA7IAT8J3goBOFZIK
2021-02-16T12:58:27.355816392Z 910 hAKWbm1U2cdAA1j2l0rOstuJk6pti0XopYN0sI0BtET8dNtEk6wq1d2oNhYT
2021-02-16T12:58:27.367376113Z 911 zZFUP5OJWRfQrIMmYUdDwiEnYu6Wb2jaNB4HTWNTSQ4xrxO2rFOgiodWwQow
2021-02-16T12:58:27.378351645Z 912 ZCps4cL5OGu4n8SzNVeoM6sT7UZKZVP92GQXBIb4MDsvDdKbPdyJUkSV0swp
2021-02-16T12:58:27.388978581Z 913 1caDKSJLyAseVgMiQNke4pOStFtEAZuOSPHCk62dXiehyzIgAe7qhF5mInRo
2021-02-16T12:58:27.400052005Z 914 7c1z9dYkS701ksHHOwSBWlSoQBT8MAFt3UAEKZT8yGmj8YIvV2FftSZOYUsB
2021-02-16T12:58:27.411255974Z 915 NfRFOI2QIu55KxdKAkrVrZvnzwEpKgyeUXU7y7rbMWLciSbwC20RMHHQjP3I
2021-02-16T12:58:27.421977333Z 916 h5gvWZBBypRo0OmmDRIzu9clOeEwAK2UNZ3FIJEi7Br8wjH7wcTfCD8jBMgp
2021-02-16T12:58:27.433382158Z 917 F9GNDKqynieDkYHgKhQC35Hf68zfldCFrdeMzjJLJcKN6642KHU05DzX3wUW
2021-02-16T12:58:27.443987345Z 918 V3yuJ8hTOjgbel2aNnaGpTnh3wB1459cGeSPe5dBCFDB86SIq1rtrxS6VsSL
2021-02-16T12:58:27.455944349Z 919 LJyjctd4zBjsDMmd0kSEbZv5icw3KzPWBrtvYAwFHPAHNZMOxDcBTIB0lxTD
2021-02-16T12:58:27.467909747Z 920 0lYcfo1d5xn5q1YWVCYdWBVJDQkB9fGN63K6JtJQ3DXdowXEgN2dLhCMhO4o
2021-02-16T12:58:27.479827486Z 921 Bj2hsXUp8Gb6BEx6k2Scv2jzgPpejixOUEBc4pbW7UNUEj8ZqC0aot8gAN1U
2021-02-16T12:58:27.491971852Z 922 lree3fWi2uOgyFJnrAZawuTNCXphXQy5N4djjmg2CoqMILN3h9Y6RPWY8FdD
2021-02-16T12:58:27.503488223Z 923 ebwMmR7V7s4IRsLxbepEf4XkQ6TKb0p2Z2FALPSZofSCUYOA868DGsVmOPCW
2021-02-16T12:58:27.514659292Z 924 96yqhja7mqDT4fXd2Df14DKh6lbCEnDvNzuH8iive9MTpJTdNSNxhLnqLwgj
2021-02-16T12:58:27.525755786Z 925 LgVwfPYYTpseFJandYwJ0Y3q6Svk8oXy8WcxR30uWW9KaOIihD3uLLMo867M
2021-02-16T12:58:27.536383464Z 926 MFqdEAmhRNTMmuvMgxtpiQyyygMUit5rr3ZJuJh8rw1S5ec1w605J6AHjNr0
2021-02-16T12:58:27.548500671Z 927 G943wiXBLjzzz3TYGfLsysD5QLG9MEpvoBDYpraM5ar4zP287d3H6sguvcl4
2021-02-16T12:58:27.559547475Z 928 P5E8Duz8fXuwYN4O39cFvBQ8S7u69QGcjAdh0zddcGySoEoIE8LZxwWdcrCK
2021-02-16T12:58:27.570859204Z 929 V9K2K2bap53GMjb7ugtIsev3KQVsDVLnkjIdWY5B4wvVk1jaqzI1JlHLDTWR
2021-02-16T12:58:27.582645668Z 930 kGFzN3MRD6V2R7oePpCOCqw6yWlOa8eQyPYECwHPHueybZP4PGt3k5uMZ1ww
2021-02-16T12:58:27.593070882Z 931 G4L1ZwSTRG2AX1qKohTb4AbjJVLrp5vT7ACd9Vs8fQFvrCIXpuJaJWXW1IeF
2021-02-16T12:58:27.604645521Z 932 Zb4acl5Hkm9RxJRZdM6VlXSPcDoChWDIIl601riGr9mxAclxpXWnWRMlzj1H
2021-02-16T12:58:27.615206697Z 933 V2HR3QRlA4Gn8FgdTTQlWppYL67CY00KgE9qWEylHsgMu2vXtzZlSiXPGPb7
2021-02-16T12:58:27.626761442Z 934 qvKovuYPp1spsCvjMZvzDuurMheZrqAoYxoL93A6IQGOiQaEpyS9mmcBmru8
2021-02-16T12:58:27.638189062Z 935 vt8ZooYGlXehNFuhUGZdxEqAccGY4hewnHYNhnS3gpUDFePVf2DP6PEjbpnn
2021-02-16T12:58:27.649791007Z 936 HaBvZRyqXalQ2LafxKzKbDuAO27T2GSCI1nUdBqxdqXMNGBTpK3l6wrLNh7b
2021-02-16T12:58:27.660596585Z 937 MsmpmYPxU2QPouoNHonUdr1yg4qd1vJZJc25162FT1IO0EbmobI19cL434Ug
2021-02-16T12:58:27.671537291Z 938 ea2wFyHQJHkVWGfy7DTJCuFbAOLDFlyN3tNl2T7UdfDUTxdBT4NuKDloPW3z
2021-02-16T12:58:27.681854615Z 939 aaLgBJWewP3c8st9u3rktdq5XRrDCIBUVQXW4UK7lpPLfydqSLHHXtnqxFVU
2021-02-16T12:58:27.693319057Z 940 i9aWKrOoeVw7ULqhlt0wjVZz8kjTbFG02MalFJD4j2aq9zT54RrcSayCZIPz
2021-02-16T12:58:27.704721287Z 941 dzSgHn9SKdIKLQSAx0xxun5DH4gi0nbNzNRXaaeym2KF1ERw8AOCkyWmyLrM
2021-02-16T12:58:27.715375428Z 942 wCEwv0qgkhpnaBicmoaEMLjFih1bSBt3uKCZacDUzsOjtCWzriyThVRidQ3c
2021-02-16T12:58:27.726130515Z 943 3oQAa6ToRQ1c0sN3YmZflebw1MBB0Pv0iFMZUcshUeQRe3jQTpwYJt5xbOVY
2021-02-16T12:58:27.737848695Z 944 05Ui1U8pilQq5fKsQiQ7p9cNRpoHPDTvw37WSXIa65t245cj7zX7NNwBGEfv
2021-02-16T12:58:27.749499150Z 945 ebJ81NeJZnlaqWstrAMSAbWFhQrXr1oa2eK1zgvwMFbgseNyj9PJBs7UV4O9
2021-02-16T12:58:27.760612862Z 946 CfUa7BlEhqpjOSbZ1I52rAJ8LCf64xLkgDJ55LsjaUzrQrCNxAY6fxOkne0D
2021-02-16T12:58:27.771180767Z 947 iDm0tBE2P6kGuonlUwwWf2m23Y3HJKZG4VJPHWGtgfePXRzKQZZ1B9XlsbJ1
2021-02-16T12:58:27.782778207Z 948 g4foaBqJZlsv8Oc8nH2mkBDqZ1rAbWtSjG0aqLtHqmQfmRowRwenCkCHsXMK
2021-02-16T12:58:27.793500279Z 949 VVJC32G4NV5AX6cET8VRS0WrDeeyQWheIg6Gg1Y7lhMFXxVXh8YRFH45uYyL
2021-02-16T12:58:27.804094502Z 950 hm0806xhpuxtyCOu3LDBItjCUEN4bFdkzoNggZGtL1ymdmkcPAk6qd3IzuP3
2021-02-16T12:58:27.815053326Z 951 STOpxkpND9bWS1xukAPyCdF72WhLpLTl753zsdQhCulLN9WxLqIB5c7fc9iH
2021-02-16T12:58:27.826305099Z 952 585E0dJyD8JkCidGBOcI2SooFiSDWtLurw1dlBdPll0EXBIAqUcDLuAzeE1z
2021-02-16T12:58:27.837921007Z 953 dqL4eHgZ0gUiwCupIEeFZhuvyIRqr3llMDuFZ1kmZmXwY02GWpCtzbeJPd7i
2021-02-16T12:58:27.849875988Z 954 RNybdpk8VHxbwi5yatObbNdJ9CT4eetbLzuYzZyluExxkMC62r5JYA8sP8RU
2021-02-16T12:58:27.861580975Z 955 SWvieimOg2RA5Uwj6KFWDR5RwIdToMI0pYTg27RZoU0b2s1LsCOVtskLeXj9
2021-02-16T12:58:27.872352349Z 956 eXt0zBPgBfSNXpDLAncZie9s45FybHlkPghBGex6z20zHhPg34ZlsZs7qy5B
2021-02-16T12:58:27.882903067Z 957 cIm6HgGn2jlIoAPLD5BLqKzOVUeSj7ke0gEersv25alNWRsq6Byr6671P4Xe
2021-02-16T12:58:27.894095356Z 958 oDVKSiLPNec7t26tG8aAlcaylDCPF3mkX0liuCqtYS69PPAe9w4vmRZXUVVZ
2021-02-16T12:58:27.905585901Z 959 jB9RbuXljuChjTCAOlhePRD6id5iROvCgkju88oB4LYbXCf3AvN1UTNBrQC0
2021-02-16T12:58:27.916107932Z 960 JuDkaEqV7DWbvTsRqCG2nFXLUt9yCnLOpzrHKXUd40AS98GnLM7XXx8HRdwJ
2021-02-16T12:58:27.927756208Z 961 G3tUiEwp4RQGb5g2QAC2cjO8qSUFeTsFVjsKLQMrit4IPgUwQUIRXRd39vmR
2021-02-16T12:58:27.937937968Z 962 7spxtXK83pahsO9Nr2NKbKfMzxFWEji0AmyhB1wv7sVOad3iDkewD2DMTAqe
2021-02-16T12:58:27.949292224Z 963 6j75owTeroKO2QxyVV5f2TJxdsRriVAJ5hmcR4nFoYzhMXGdhYSMT2DGGlCe
2021-02-16T12:58:27.960468548Z 964 ZyuKvXMh4GjKGoqctXIp2MeIseYhIxQi0pAKwMj4ZALjJXAFnbECAhXMkAAt
2021-02-16T12:58:27.971841598Z 965 pnMmN3sn894MzC03gzPOAvGb3OqL1ii4hZqkEbHH9YvPfjyLBV08SDBvYr0x
2021-02-16T12:58:27.983590345Z 966 uzpCPuezV9811pK4DrGNeD8QWtmS4M2C2TByF5Mw7xOs0rgo8X1nG6OeEFKA
2021-02-16T12:58:27.994599647Z 967 UGtR9c58LA2eWgpGUKP2QcADARTHQVwrG1CzLfIfjeyDtFrteVgcs33vf5FF
2021-02-16T12:58:28.005685606Z 968 CbRi0iiyJG3pywDQNuqDuNnxU4uSAnWAbuft9bZ6AGrGEWjoNWB9xKcpG1r3
2021-02-16T12:58:28.017840207Z 969 FaKgbse45JZvhlhvftSGncUOd3Hk8CrPJSads1xz1pclBSUVOMbti9ZVxbja
2021-02-16T12:58:28.029357066Z 970 Vd1fN33BfCqmS3PKPAGuhZaeNGtXq3QXqcAJgYaC2c8mYRUq3qysMIoUvad2
2021-02-16T12:58:28.040845196Z 971 IX87jYE4M8XBkJrsUQXhOwfSBR05OXLp20mxLbl88twenW1YaVQ1EEzfMBcN
2021-02-16T12:58:28.052578844Z 972 k1GoHq4ihRiGnUofS1HMeIckWTbAc5Ksw4hESWxWbRHGwt9ObmM4z2KUYZ0f
2021-02-16T12:58:28.063461694Z 973 8BbSmR3JXcM47ICq0opBxTQteAy4i8sHgkqFtVBTd9DHImnHisclQTda0fG9
2021-02-16T12:58:28.074470277Z 974 M8BjEofSoGChco1O1Ba9ORrsOQUeRUJ2fNGNAJvMA9k3HQOdgIsBcwmp69Qf
2021-02-16T12:58:28.085710623Z 975 wF80RA8gi2mC4KVm4XzQcOmfhmDMoUjmkStXPyEUwLdwcV37YjO7HEB7Zo4W
2021-02-16T12:58:28.096933743Z 976 MbQn0mHgorftGkJ73NpOKKddGeNbjezEzXFova8PpzWYItqDOzrMAp1aPSwp
2021-02-16T12:58:28.107951684Z 977 S25pXzHD0ei6QH2hCTRpQuYDR1OmqNccY13ni3pMU5pH19dTgIcYRIiffa7T
2021-02-16T12:58:28.119854707Z 978 PD4i731p087ruS5Z0YjssbtUIrkqVO3bNdI4MKp7BGht3fx0XREbJJ3sj2Km
2021-02-16T12:58:28.131294880Z 979 KX0ylSdsIuF7FCHKJgdU2KvwXtRBxiYIwLHuwrCe6L5TRPHjMXTr3KRbsIbW
2021-02-16T12:58:28.142020157Z 980 lfZOau0RsQrjWhmGV3sKSt0nDqAETaC3rTbmoGnKXmBdeRPTatjahveL2hqU
2021-02-16T12:58:28.153403126Z 981 wSNM9P61cdsEOMlBQ3Vg5sNz8XY8WEIY5YOZI5K3JBGGpYhdq0SYcNSgmQhm
2021-02-16T12:58:28.163911516Z 982 2OD51KET8CRco7UgrXlsmSLIfjiXamlj7zygYZ8O5pJ35xYFUa58Z8StKj7Q
2021-02-16T12:58:28.175549104Z 983 7zhDWvshao7hTWrd1iOyJC4TcPlzd0UbGWUvSxyD7X9oRSFCdilVEonFnwr2
2021-02-16T12:58:28.186599783Z 984 C2dSzxE5wqIXhSTY0INhrWOWsdc1nD0RzumkFQlV9qFBj5uae0ay7haziHfa
2021-02-16T12:58:28.197338490Z 985 572keDO4TfTeEzGjtKOPJA561IUTcI98UAxwCcOUikWoqvUIuUt7yV2hcEhd
2021-02-16T12:58:28.209101592Z 986 746GtomDB62NdHEKca5LGC02jQrDwAPy6zcba24x03JyMwWOjGlJQWVOyuP0
2021-02-16T12:58:28.220288401Z 987 Stgq1yWYgwU6SNfpJuIYrfMF87Jux8TU7H2ABsu6JqVqDTLBi2lvSEODtZaH
2021-02-16T12:58:28.231290992Z 988 sN7fxrkJjyb7PDpmpYLkHqx3xoOF8kbVhn15QrBAVpXMDPuxM2hnrpbcyKTE
2021-02-16T12:58:28.241962049Z 989 9fphQFud1dJlUEze2Gjdq8FKWcPCyNtU0w1B8s2A2UHQI0jniuSYeTJTMIdk
2021-02-16T12:58:28.253676005Z 990 bSbnLQ45xjUzR87KZ0wItROElXXAfrKa7GqzDPGH9xzUA4WULyjj7lfK2eJX
2021-02-16T12:58:28.264660579Z 991 GsB31cDwDM5pbw04ekIQzQmhN8xkAfGgGBYruifQfDgnZPKlJMqWqsQbwmcB
2021-02-16T12:58:28.275595528Z 992 tZbVeqTKHP4bqatni1sQS1kKr8dcnLT1KOUay2En1oEzq82wVsfSp5JY6YwL
2021-02-16T12:58:28.285931161Z 993 N5UWahySJtBdHPAeU39vFWRu5CQLagXcb7a6xEnJxWmZxJmTcNv8jHIVsU3Y
2021-02-16T12:58:28.297207328Z 994 64SAdD0g9zkATRAsOV686rCeEte8tE0KImiT4ZpT31U1yvU6NLCYe1JmxK5v
2021-02-16T12:58:28.308541830Z 995 lXy36wK1btsCDyTPOnraeryeIMdQ82UwCRi626ghbEmqLOR3b2U4hyp9ABht
2021-02-16T12:58:28.319118499Z 996 EiXFlCV4QsG6278rosKtVrdwIgdt4EUHDtOu6l7py0JLduCSKVgDf6wP449M
2021-02-16T12:58:28.330833047Z 997 YRg9SVA5FyNE7Vwf5bUtJouA73nDuIXNI2P7uMwYKKyJyccvgOHMJhvH7WOy
2021-02-16T12:58:28.342366142Z 998 hdOVZhkA1YU1CJ1NqYrvYBGb4Bm61QB118lWAugni1OJJuTZaXwJM0W94g77
2021-02-16T12:58:28.352952249Z 999 t4o0RD35EGj09Sds8TdOh2lDa9rGHE8TkVGoGFbYqeL6voK9sB8gHpf6mGfv
