2021-02-24T23:23:44.363112663Z 0 MbzEi5oVhjRhSJRQqCqdCJ4aG0ViLWsfZ9tVPduYPy2IHjbY2w0LOknfIPU1Ls
2021-02-24T23:23:44.374625253Z 1 ivNTlOXC8ylPC1vATDazaOpv8PuIdNjeud1vQNFum3mqRShzndUaPOh0mlBTUN
2021-02-24T23:23:44.386194743Z 2 2tNKpTkOULG2hqv36BE8LwNHRnnPdd2M90vgHxbQ9znjah3twsTshtgJv5y1Th
2021-02-24T23:23:44.397576219Z 3 ujR1AMZxnxz13f2vdxleu5REJtOWYfzrER7YvpPqH10dSfFcyLsAZylnxMJicu
2021-02-24T23:23:44.409226509Z 4 uGbxbygrPKiOhrQ4M9Fc5JnRG8NTrl5zgKe7ziMSteSZMCoGRKKJthe5ShoB4t
2021-02-24T23:23:44.420568227Z 5 FyS08UakAmbqpEVt5nQSzHySYR1r0Sk48A7FO3oqZuuEucR6KzywBx4FJlrNaY
2021-02-24T23:23:44.434298479Z 6 ikHVZqwb82DpTImOe2OEKugmllM0vCIiixq6ruI3TJMK7hrXtNSlpmcYEuSarL
2021-02-24T23:23:44.445967674Z 7 oyLTRln6BlEQEoS3E793n4ZNTQBFUURe8nYdUFyB04oAFZKdSetYHMeI9Doi72
2021-02-24T23:23:44.457226496Z 8 Pg8VDU3rJaFqLAbN5bslxTRCWS5a8Wuj2Rujkvp4shyC5Nxj9pkfudkOf3gqwk
2021-02-24T23:23:44.468493608Z 9 ixqF8jaPEtmLSZ3Jnj8AzIp8vKD8c57jjXQwgIWipN1sDDPNS1U6BJYem2Ol1X
2021-02-24T23:23:44.479678349Z 10 HcrIetGZ5NZkrxRELkr5ukoW8AYB09WiFaBlNeA4spS9c1vgAfZ8AKY6zEXYr
2021-02-24T23:23:44.491658196Z 11 EmrQDCDRnuRbcVRlNvNxCbx7FnOv4ZsIIwRtsvpbb5gNJfUmzVEohSVcLeEUy
2021-02-24T23:23:44.504031697Z 12 vXH2Eupi3s8YPyQ43lCgmbo7WK9PyljxEqoDhDedaYssyhijroJSUiBn9g1cq
2021-02-24T23:23:44.514894371Z 13 RGWkeWp0C555IrqK7ocFeh3y2OsITHVgMCvrms6tK85PZHkGiOksBX7CsAYGu
2021-02-24T23:23:44.526160355Z 14 Pzfjb9g9vlMteDIn3ADvYQADFZJHObb5RIx5botj6igARwKmOzYaA6AKBFldJ
2021-02-24T23:23:44.536732774Z 15 frrY8GglzWDns3s4EdiWADxgpw4qui0hGpATPwnIxfExpOOP9cCA3dXMf2cQ5
2021-02-24T23:23:44.548093509Z 16 BFujjnNZRpQL6IQB8pIF7beH9gTw6WuAw9tKLsUqu0JURflPnLj51IKWAfD9Q
2021-02-24T23:23:44.559517783Z 17 ecZOcP7AwXiOsufsJZm62WFcBl3gN0GgPeEESZyMFN0JCxtBOsI5w8VDgM5Uv
2021-02-24T23:23:44.571841235Z 18 F9oxxASaDOMK8ABvJCQ0DYzWsTNsM9TCY2FP0d2zVkHzhcAKgDaIkLUwK1I7c
2021-02-24T23:23:44.583361491Z 19 clRJnnCDdQojPS1wmgJJLfm8qV0ZtzodIRj7kMOabQ2cZeYvINo2p8jRqG9Wv
2021-02-24T23:23:44.594651321Z 20 nUQVmeIFwvGGIqzz7NsFbTDUCN75JXI5XHUHIxAdFNiM8yptcsx9SYxwKtVOc
2021-02-24T23:23:44.605045793Z 21 i1kOkCiOlu15TRaz2rYBkufFN69NiWrPWpWWurn4MTZQEstAi4CKNIymRzqcC
2021-02-24T23:23:44.616949335Z 22 WLFV8XwJ5u0YGtFYr9ptMMGbWazl3iTiELCcew7Jw2ejneJVjQGo0ZmGCchuo
2021-02-24T23:23:44.628519049Z 23 qqu8LTruszFrX9EKxxNBCweiA6MCpy2f5lKnGvORi40BobJrwDTAVUPZ5blpa
2021-02-24T23:23:44.639767316Z 24 zzDc2OEal5GKUecIxSAHz6TyXES3sABKhe5dJ3hkqvqbZTNiLTLSkUMFAu7l5
2021-02-24T23:23:44.651893710Z 25 U0VZRE5icqmJgN8gWiMMWSpk5qH9kLFQsAG6OvWaL6np9JJxUqmsqAJKzYyog
2021-02-24T23:23:44.663221424Z 26 2ixDzXF1V3nGTER1OBL71Y1jmk1d1QrNNHlZ9osAD8xxHsLVlAxIQjnAGsYpZ
2021-02-24T23:23:44.674734513Z 27 B9GLuJYQ0KhFBSohfykfjmWB8L9Jk7wd1jLoxbzDkwKP9CDsTehos4JVIHWXV
2021-02-24T23:23:44.685665620Z 28 ZJXfa4IcrXOrpvZsoJAQnEd864QJgNoQHR1umH6LhSNCJuSftR4hed5O4pZ5Y
2021-02-24T23:23:44.696574072Z 29 RGxiJdKDSUfDLcCoTfZlbnBg4z2KHxR6N2XQPZeQskpRU8F7uqcKlZWcvJptd
2021-02-24T23:23:44.707119290Z 30 GM6BU3KUzjlIMboxfyPNG8L2dsew3eINO9gTwyaSjWaHXMe1M1QBncXEl43p6
2021-02-24T23:23:44.718436555Z 31 U52p9AugyOR2dG4wEVxkxu33hTcIpRPU74dQk4LgWOuEjmhmlGaQu0P1EXV27
2021-02-24T23:23:44.729874034Z 32 z6sp6ZYPTJCraIE13yPORkPXQ9Ftk7WzixlUIfpAf0XU4hoNY4pB1nwQ0aZNb
2021-02-24T23:23:44.741655914Z 33 kF2MZJNc7bxkRcSV7LXPQXAR31T0HsqjSbPkFgzdYIU5Ub0HdI5dGT7XdjTk7
2021-02-24T23:23:44.752495636Z 34 BkG4VXw00gYAvZEe5mCdlhZ8QH4XZCrdnMo5dr8dQtpkqqixfYiNUMkNYKwcj
2021-02-24T23:23:44.763059979Z 35 r1KLXunaD30DNipK9zK3O98Eba79EtUgmNmfVSelhoGTuYvhW8xZYsE2GmMnC
2021-02-24T23:23:44.774450377Z 36 aI0nxYcDCayeRHWK7Y4ML6ANi7ndV0Fm4oF3msajKUoLdLjaBEP8shyayaQdN
2021-02-24T23:23:44.784826541Z 37 fuRzs4tUgieWBjp2OXsF6QfdPEwWfVBAwM2bl3BLrxQHdHQBDZettx3H3XaYi
2021-02-24T23:23:44.796047506Z 38 tMvFKVvfWzZcSsQPYZTFscPkCcZyz7b28BEmYe17xM6ez452sMuEb6py3XIJE
2021-02-24T23:23:44.807399043Z 39 ZfjdUWi6ZX47rO80WQUZj6mJBpsElsTXBMZZSSkkzEupxrxA96ExvYedgSwvf
2021-02-24T23:23:44.819275468Z 40 8Tr8TksrwQlVQrBNcWWDln7va4K3UD7D9uLyfWrhVpcXaU1AxmDOEQ8mJkKpe
2021-02-24T23:23:44.830710976Z 41 BKDtiLzZ0NmXkEUV6jOagE2udoEGOGcCJSKa0WJF2HYg433xEcMEnWtFiiMoj
2021-02-24T23:23:44.842341636Z 42 fXC2M3mHWHuncW7U1mG7pNP4teh4usboQ2dwrC8cDdCQwExlL084tSjhsDzWv
2021-02-24T23:23:44.853726497Z 43 uNpDhInwiik2S7yueKbhwzp3RmtXx7lyBNZizUVCVdFhiQqEqLXxUo8ynM2RB
2021-02-24T23:23:44.865339849Z 44 SLEKdKRtGyHdfxg0WsXmxWKwbT0ap7ROz6ScMr2E3kLW0eOJZsBfXqtygtAZC
2021-02-24T23:23:44.876722570Z 45 8DDqQyaMYmJlRTMBdbSPLuSi9Vog7nCvwePcBmAV0iQBxycHDYLGIyRJFUC0n
2021-02-24T23:23:44.888352339Z 46 mJWVpUoLcTmyrwj2zBgHpnL4wpMb30JOjhb0Gy1G9NgnxqEW2dU3lLjwZunMV
2021-02-24T23:23:44.899932573Z 47 PswUxrTr7fjE6qq3ejywYwHfFMAcqTNKaRAiPuEIlV5bJ0kkVHHIJPMgQ53Kk
2021-02-24T23:23:44.911237506Z 48 WF0VlLsjpmkTiYMFFumCgCeeiQmvBjKxHqrLpHqU1pBFGZL9jwamyDvVpozk2
2021-02-24T23:23:44.922133607Z 49 2MBMU8TBLrAcJr7MA7gYkgOEKCiUbezgOWtJdCx1X5esbJ4Qlff8nZeDOg4J2
2021-02-24T23:23:44.933484887Z 50 0sKsrI4yXMsQ1VR582xM0w6Pwltr3NHz2CYgkUS3e8jo2b9MrnVmRMQKUbYZh
2021-02-24T23:23:44.944063838Z 51 FpxadRrsW8jHgeWkyqUiFQ3Ro80gXlovhlrSfWPwEqltGuWyhhwlgzEMVkE23
2021-02-24T23:23:44.955846977Z 52 UKgx5BQms9IbxiLNQbDkToAtRNc03ZAkU2IR4UnQvLJ7Z2NJ9sry10pF409dQ
2021-02-24T23:23:44.967498061Z 53 WoJXICjQ1LC15vckPPkpmKKp2C6h3KT6bhe8siDJk2Hk43vtipZyJVHVmnN1y
2021-02-24T23:23:44.979574388Z 54 NY3cTosrfYQLlrjDwVwti1xE9j9ySn1jurnXezEAdzXcEpzaNHaHvXKeytH37
2021-02-24T23:23:44.990070379Z 55 hH6aoEKBCeEPNg4ot7v2Ib30f7AXNf23HsHGqOd3DV9IqbTPQTbuLA7f4vwXd
2021-02-24T23:23:45.001366762Z 56 SC1HuNpYgTWGTDYkm1CrhiAW2GqJ01O9EtOSKQGtzBenSAiFvrJNnpHlnN6to
2021-02-24T23:23:45.012138522Z 57 bFZnYNZwRbjQChymxLczYs9qux2BThr1ZX3C9V6NLnAcxM74bMwv2rfS0qaaY
2021-02-24T23:23:45.023433153Z 58 OV5UJrCnuXcKT4qQRxv1HZWdRKgSaf5V6oQxr2j3wRszo5A1kkwTz7pz32VSu
2021-02-24T23:23:45.034476178Z 59 5KGCe1QP6CtGEV2TTuOgTQtZe7CIxhKIffHSxYXF3TBAIWFK97QGrR32y6CVa
2021-02-24T23:23:45.045078773Z 60 vN17Fj83oz5sP1Ah595Yrim85uMUyrKZ17zqdsa10K2MhGmWIsl5dHDmaUSxS
2021-02-24T23:23:45.056518142Z 61 sn010sj4wf26qzLC1mphIhdba7PzI7beIIzohGOhM6NLWnIsqW36j5viDN3GR
2021-02-24T23:23:45.067190417Z 62 GqK7LDXhkGmBddyLgyhKqjeg13i28qdWYlAOOmQJsuMZDh8Q82TywuIvHEoqE
2021-02-24T23:23:45.078692263Z 63 dN9n0h6eUW0v6eZ7Mmgoyehl2r6fjRzmnsrhJME6JXL4azo21sVinLuOHT13j
2021-02-24T23:23:45.090338778Z 64 56qcvzt5nyt3xzRvsDGdWXsjsFet5B4fXHXRPNYuxO23PL5p1zxW2fUoiue7d
2021-02-24T23:23:45.101676498Z 65 HXGvNS1PoS8f5XhRNBKm39RsBoNUasRXwPYxSaq7YZ1FoUzcrFTWS2cHvfmfa
2021-02-24T23:23:45.114138180Z 66 2f35a9SoZEOQxPb5QfpEKJRrrNMnwCPNWyMFM2xAI6Hj3ssnTFzUd4ZkeFaA4
2021-02-24T23:23:45.125401535Z 67 74dvMRm3DA70DUIvFfjF9Jxiq5bhm3O49oceCYTmHEY0J88xLZBfhGC5A7u4X
2021-02-24T23:23:45.136526035Z 68 cPfrC5PwZoOPYHakrG6C1srAbcGWBkgI30odLFJBf3dfdoF0b1d6NUY73uKpK
2021-02-24T23:23:45.148279415Z 69 TDNyjTgmI0CwMK2IzSdsAoJSDyKNKhMggkkL2qAf2nJp9WLwG6Bln8oSJfFK1
2021-02-24T23:23:45.159851324Z 70 kNREeNXjtrO17HTVJphYlhIfr4JqVQMDVRA17amT7yNEoHKYlK1Caw1qjN7z9
2021-02-24T23:23:45.171725953Z 71 xfmUUCfIYFa2HQHbmSQqEodlrlaVuD2GANXr0jT87R8Pl3320mRwBgtY90qSC
2021-02-24T23:23:45.182299971Z 72 mxuS9ZapMTyK51swEgHzQOY3quPn5EDH2lg3hyapzmu9cgBdqXPGgr3fqRgHB
2021-02-24T23:23:45.193891200Z 73 wKnZo00HjFQmaUTuoUpESAhH5Qg9CWtRs9LYGdO0UzPGhuXaUzwtymtyutsqr
2021-02-24T23:23:45.205029521Z 74 8QUrfHeMNTq9q2BDCetiy6gpJcym6J6jzORGHqIGZq3EqlnN1fyUhFiKiW7HY
2021-02-24T23:23:45.216722240Z 75 SBmS6sJxRnomWN2sVXqQh1eCH9RwWsulgSbMll0NryW82ZjiVup79C9MxlujD
2021-02-24T23:23:45.228271183Z 76 GWdqyca2NUxGGlhbYP4d5Mcu2hgwtYC6NNtIoOpzaEYDHre9o8Su3LwI9ZvBM
2021-02-24T23:23:45.239680832Z 77 h8kOwKWOitXqVLNY4OFdJEqmgy0kNGtT0jSJB4dGqCBpIR4i71OT7PM5UGDbO
2021-02-24T23:23:45.250065752Z 78 0jvZ3WYXpyeyrSDUQTxzr9CTt4GBs9RBbiedCKBWmGdCiD3mF5CGz4SjZNfuo
2021-02-24T23:23:45.261695182Z 79 vhIts4z1HnMI09Hrrv0vSHS3VBhd9pafV93MUQJALVbEeY4MBT4PotOXxhRpP
2021-02-24T23:23:45.272481338Z 80 mSuK7tZmvOduYbVujWRbov5RRNb55Hm352ltQduAycDlGeHLHEqjEhvUGNoZA
2021-02-24T23:23:45.283946443Z 81 NKWh23drpIiCtIBGXRV7j11OoeYceI5moLDA6Dqld8sMieJgqTnkgfxDoVwCv
2021-02-24T23:23:45.295187266Z 82 PyChdx17s7GoUqTAvZHaoH4jjydX0bS5jcUcG563iZ8oiGgc7mMRN5pTkV0Rc
2021-02-24T23:23:45.306052696Z 83 yGkTKTg3GBLpXN6waSU1EowGcglPcQQu18nJppqDqBfIWIghsZXTMyNfRMO7I
2021-02-24T23:23:45.317339537Z 84 dVaohGuoole1zV98iH1AaYmD5cOp9LZCbXC3FBlRtfhJ3WM3vuNuXL4Q2gEbp
2021-02-24T23:23:45.328637426Z 85 SOCu99zK2V2i7Hsy0W1FpOa5gXZsUDS8JY0k9J5IQ88XZRLOvgifvwCSmHLlH
2021-02-24T23:23:45.339311812Z 86 4ArjswSSHI6rBNRuhF3ph4WYEtlWumm8fV0uMxNZqmTqv7ruoFWo0JSL1E5A3
2021-02-24T23:23:45.350056640Z 87 z9OFfCzGVzXN9VBBCN4P5myREL1SgL5NdFYMhgIuajw9r53i61CuWVLt69aY7
2021-02-24T23:23:45.361179152Z 88 MFCMFifvk1hPjDMxTDhmuAos2t3st1qWDkFvH9dm0IifZuE47tGvrg1QjtwI5
2021-02-24T23:23:45.372610656Z 89 16o3cmstYtiE9B5OG7GZ2Pqp0Od4hPDhLg0idTTeuOMuy1fqFPaYsKE3gmyvm
2021-02-24T23:23:45.383805255Z 90 i8EfQ5GwmAk2sYoKVWE9YKIftNZbjHsRQI0poJ6MQj6kNuU19icvAbp2odUIr
2021-02-24T23:23:45.396010757Z 91 vfye4Vr80w1h5CUkmXj2vWw0gQc6EX3WT9bSJeFTsc12OHasIOg7FngHfqsYt
2021-02-24T23:23:45.408587573Z 92 ShLac67v1x7G3szyzButXTBdQcoIggK8aiPkoomjdCaCyLcHrFaxh1vKZPl8g
2021-02-24T23:23:45.419419975Z 93 NHMFJy9pYOqvNRvIJrAFEdcpELNf2Wfc9zqJnR5Ngecd48mqC2XIepAMnBzdu
2021-02-24T23:23:45.429869546Z 94 DqrmA7mWWJFVTAagBjZFCdyCL0PZ6hKMsBq2F3W9CTPjCRhllKtHaLyZPNLya
2021-02-24T23:23:45.441448540Z 95 aRf83MORq0Aof4dKGpzj9dBjSkoAKOhakHZ2xPnEPK4YcmulrGqo9cLWtEhwb
2021-02-24T23:23:45.453609548Z 96 xXjjxrsAyBV2PCLcciV1DWBLqIxaySgnBCYsgXo9OA6plBefMXquQlYrMV2pz
2021-02-24T23:23:45.464936820Z 97 DGvQVBxMv9yzqL6foscU1lVlOtEGR9dL1OoiXtGSQ5FXn8b1NsBEXPhZpBwW6
2021-02-24T23:23:45.476430918Z 98 JR5GjoRIQgVMXN6hYb1XMgQSQEqzyq6yQeSNEfwORQwnIt9RcLRXXAP1CX7hf
2021-02-24T23:23:45.488116114Z 99 Sn4FWMCXRXTFNGb8D5CEitjPt8MMZ6qT7yuds05qXNv8CPdUoMsVv4PzLhfKN
2021-02-24T23:23:45.500051447Z 100 iJD6AcyUfzKVq1LSzsj5ObWLwj5xVt5mEvpDMWFnxdE4lzmykJ2ptVJqnRko
2021-02-24T23:23:45.511864853Z 101 DmOdcmkKMTRjABga0RIFvD2sbiWcrlPPu23madJQ5Goj3b7PBNLwin4mMm7p
2021-02-24T23:23:45.523014425Z 102 9nlexuynok6MGbcsKyNd67i4zg6dmuaSJAy09OdgjPZrvcPqE3GC3PRXWy3K
2021-02-24T23:23:45.534304332Z 103 yFiA9hqG8RLBlmmBpLdhtyBZHoSZito2ToIyMjNUkRMQDOwzMRhkVy50PdbL
2021-02-24T23:23:45.545823349Z 104 cG7fmkDPYU97uT2p6k4be6exwwbewGRvfdiNszOeb3NtRiMWMrAWKfyApdyz
2021-02-24T23:23:45.557382164Z 105 FveKT7MGDLszhug8TdlBbaePO4bguf8OBO3KTGRfuWGNhG1llL4jVKSOGWxz
2021-02-24T23:23:45.569508264Z 106 mAkOSV5hjGGEpUmNzYfHl2cKt8oYpWiveWl9oAlk8B2detWA089KBclBEWb0
2021-02-24T23:23:45.578948596Z 107 bNlzEPr89ydT13ZQB6wcj22YBh7uXQxWltKp5vuS5CxkXtUSkDKYNkh14lTq
2021-02-24T23:23:45.590458252Z 108 8G970UoY3Bd0taoAy1V3zxmvkaBgz5OXhRaUOD6uzJaWDsH7cqJp5N5bbjYQ
2021-02-24T23:23:45.601261742Z 109 I6PSmQBUThHTtpvNKlHzWfROMKvWhx9IkCKsvO5ALPQ6j8QLN0stboWDghX5
2021-02-24T23:23:45.613027282Z 110 OwMhO6bUeA9WGKFEY66oIGhSw5EVOmlqmAZFNccP6CYGjZ5yFYTtPkHXrZqf
2021-02-24T23:23:45.624608328Z 111 mRP1DISalE2jLgdVtYmlz5L5lSUQvhHzXiKw777MPEWS322mlriGoa6pAIur
2021-02-24T23:23:45.635190208Z 112 ozw4QCpdcfFcIs5Kq85J3uGzgaKTBjewkCtZ7XVVckqaok0CWmddMfCS2N60
2021-02-24T23:23:45.645964273Z 113 WNi7weEbiw1VuCOW3kjzult1NhsdRnAZS0zyCmJYJzmNaHKeCshugNKF308H
2021-02-24T23:23:45.657474014Z 114 vP2yTkRWzpOBAU4IGRJKMj5q4lFIE2YZZsERi4j19WaVnbhzVXHsTKXNgdiQ
2021-02-24T23:23:45.668992494Z 115 jFAqGRSHRt2w5ZTJb0pBFitCCCe1Hs4nAkC1k6MkebRezDI1Hzzb3IF2fcu4
2021-02-24T23:23:45.680584647Z 116 qOUqrNPMIgpAabAU9GQHL4pv6oExe0GTBIBIFWboMSkYDfkNrFGuubJP99jF
2021-02-24T23:23:45.692846309Z 117 yRvKawraRtxflfSoxr4hyFp2sg4p52AUNC8fXhVHOWxdvl6inTWBkDyh1IXb
2021-02-24T23:23:45.704498546Z 118 pJvMaNtmaN1I8NZe7jcvAlJc86d1ZFCiFM5IHAPV3kF8rKTFCrQbcis2I8wS
2021-02-24T23:23:45.715757075Z 119 0615EwWVyG2GA1VZmOYzPn7EUkKXMx3jocgJMmsbtEhehcVcauJ3QuUzIYGw
2021-02-24T23:23:45.727068283Z 120 QnieaffFhDtjyNkwfs1fGClcYfsUMUp0m47Q5YG1rg4h33wjJDVWDZH2RtRU
2021-02-24T23:23:45.738267688Z 121 ZASxjiMQJVVZPDYF3zyoi9edEumZUw9xngwMHk8Q25Ps2Rcbo9Ts53uzLMrl
2021-02-24T23:23:45.749616820Z 122 qlY996WIBEbySNniuNIj00EFVYiurRfv45nYzIgfmYzfZ8jNom02Dpv1KKZc
2021-02-24T23:23:45.760411885Z 123 4ZaJWctIkphg9OTKTtBeTI5d7Sp4uSZyqNs3lVd208ba4MSzQIHpClL7nNou
2021-02-24T23:23:45.770955895Z 124 YyPahdQLpZPtgj3XKaBNYDqnQlP8Nxsvs2ejD66IfOCKXuJiHvNP8mcyRU75
2021-02-24T23:23:45.782398509Z 125 JDfUBG16HeQ1UEeTcbOvMJFt95dmDkPKUzHK6FgQ2t1CFmn2WOHT9TMoYVzV
2021-02-24T23:23:45.793070673Z 126 ADJ5CMBCCaeXbd24l2Hba9awc9LL8KlRMsbvjMR8rMGLxwPKzxXNoKYGHu8p
2021-02-24T23:23:45.804296313Z 127 6nqB8Utba54wRQ1bGtUdlVFZUW5QGzM4CsQGKhmIDENVNKtHCXfjLmrQTngm
2021-02-24T23:23:45.815610585Z 128 l6T2bgAIsT42bf0Cj81MPYDPdaZUr7KDsR7mpdZF1tOg8W3e4WF3CttHsw8i
2021-02-24T23:23:45.827572599Z 129 eVTtPzlHpSJTW6Pbwp2NnPEi8qgGY3zJf2vCVM6X2VAPqoQJJoWeoSQF6xbc
2021-02-24T23:23:45.838450629Z 130 coEpDDK9ped4qgQadwE5rsqEbgPZQyYjYSe8DG6BrZX3roMNPTwBFeJFzaxf
2021-02-24T23:23:45.849831432Z 131 EGJmKeV2yUPQjbIGOCqol3BLLRu1gdrT411f3jCYXWwN79wWvYShiY65zi2k
2021-02-24T23:23:45.860808064Z 132 wDoXE8rObEPtUIIvXzzATevPTwGnOHrj4bDsrUSpphIj4BGvLCJkg5QNQIVc
2021-02-24T23:23:45.872049986Z 133 hX1AxnNDZlh4SMGshmFxodQnXfqbUsMj90A4khZnUYMNJcC42lefwEOCD4cW
2021-02-24T23:23:45.883301397Z 134 9rvppFmDEx2op8901hK8M4nLLA3OeMhqFILd5mkP5lUSC62FuwmgFmVLjyQq
2021-02-24T23:23:45.894912088Z 135 3QYvYVzXd2bZ5DFfBUP7n3JU86cQxQnxvkg1bRktRXUzcFwIsXrPOaQXHEbv
2021-02-24T23:23:45.907166598Z 136 ndJ8j799CWuSqwezCkn1FJk3mhTOvfsR8UBouMLJkIv2FlMkehTfSFBTZNHX
2021-02-24T23:23:45.917883136Z 137 nBd1ZOIvaSqhzIH80ZvkwSJ7DsfCbQFYgvsC4CuVBEMPqUl2Puqh14vPA4fs
2021-02-24T23:23:45.929086226Z 138 tvWbvzN0w7oFoehAaBee7ILzG4wy2IflAb9nRkxdlKowJX3nxkVAbM3qxsna
2021-02-24T23:23:45.940294502Z 139 Ab5UcOjgSP4H8NdeiRxeCi9ZoP8S692oXpr0VLTInx1ZAG25xF9mBOqqNUBE
2021-02-24T23:23:45.951743434Z 140 E8XcC3URsYqXAxvgtbL2MxhQO0Rv7krUZ43pTqSnL4H8ldjRgJNUxymIFym1
2021-02-24T23:23:45.963600415Z 141 VJI2vgdamt0zACnM61cCTQszK4aUC9StB83NJ1Ir45hVsd6kkkxpp5q0kTeX
2021-02-24T23:23:45.974177297Z 142 ewRAsoJhFwC9H9sbHxAEC9Tw24LaZj8p2mJvLYjQKoOsAlnvHyP9imdTuHDI
2021-02-24T23:23:45.985146514Z 143 wmb5SARmTuZb4zKWlenC7vrHuHMWMXryrCREFtNfEZIYTJkmw8ry0vCZHTcV
2021-02-24T23:23:45.995932068Z 144 wF0j5nB2X4vGNRK51k2pRQOKzyhUYMlefv0316QNLduNaQAY2Cgem52W3Fd6
2021-02-24T23:23:46.006902794Z 145 38vJPYP9BWEJ8KBwKfPb8mxtS6JUOIT6EGlGeejr0Ziv3ldm9KLMdrKZsPsa
2021-02-24T23:23:46.018504771Z 146 gOSAnvA3FhVv8xo6CGrPBiKrJSCe3alRcAV6nNA0XSHdjFNmJxhgVJ4apr09
2021-02-24T23:23:46.030144879Z 147 JA9nrSARpZjb9nsLLP6aCYtqZDBlLoh6Bq0TappcUuzObaiGefMBkqEaq2mK
2021-02-24T23:23:46.041119676Z 148 xFiapXD3VLgPRLT0WLbK4KFtqIndn57P3OhWtktkPTY7R3XAyPykcn1w8eUf
2021-02-24T23:23:46.052313119Z 149 JVD0BbL8Afc0TemW79kwLIWzBGhRLUfEsRmLv0Lqcz9gVzqdByiWO29tWWTj
2021-02-24T23:23:46.063369487Z 150 zV3fVYDt4oHDRHCYiytQSgLFW4gAKZgIHzr2QUOFVNt2qZJx8wNiASsonA8r
2021-02-24T23:23:46.074440026Z 151 MwolosQoIum89bI2ETtjT68POI96gU0WhHGolnEfNoDG9qQKhBGxnaYCpVVX
2021-02-24T23:23:46.084982351Z 152 57Hbjs99bghBXGbRlbWfgawwvcxLEiZM5B0xIQ9m0HI8WEYgzAPJNZ3ZnR18
2021-02-24T23:23:46.096246931Z 153 3mPahbmotDXGdtSqp22qD7hepsXLDaZA3I7TC1BlsR3Ubs229ZY51gbanCUY
2021-02-24T23:23:46.107503423Z 154 o05BIK1rKnvQ9kYAinEEbOFz3g6wW5DMA4W2ba0Q6KmiyEhdWLTfYaEKvnwh
2021-02-24T23:23:46.118892791Z 155 wiOfTtlIO9JuaCOQziKJxVAHQSafuIIesJUdIT97ldP2gjrtpwG8y9uZdzO4
2021-02-24T23:23:46.130197695Z 156 yPCX6kR7gTxgkfh8dWQUXApDXK7sy2VKURjBqAYDLin1es2SVrPpBiPAdDbk
2021-02-24T23:23:46.141654310Z 157 imF60E8G439tpVoTCymDfIAFjW8ndMbd9N9KeiWdTeaTwnFenHL7PxURODGe
2021-02-24T23:23:46.153263490Z 158 f5ICPXYrzEaBOPCE5LI9vqHA7kOZWwZAcdSkzO0qNVZcQ5PVhXnQ5X9b7azm
2021-02-24T23:23:46.164731458Z 159 yzYUSyPNAXyqnWNN9mvfMwHDx5j0ccu5vJCptljLOx7oFHvsvRbX44ayCmSo
2021-02-24T23:23:46.175823046Z 160 jM28j9CO5RAq0BkO0DUOsVBhRxVy2CUvVsBuaCgsFtR9ULVprg9acrSZHEjF
2021-02-24T23:23:46.186630746Z 161 gzU32YjOTMLzXYA1YlFdzZipIfYfDCkZKgs5qwUKjjdou0qLw2J15HKCng7d
2021-02-24T23:23:46.198011845Z 162 yXaeJfPMMHsMoRVzqAws07xz1OAl9TgKYfSxUQAwJ4MmJQhLU8YpK9r6Y3xL
2021-02-24T23:23:46.209124774Z 163 FqZIAQbbrL583DScQosVjEHqA4lfrLExJkp2QJXlw5xqeOPbuBxT5N3DwnLP
2021-02-24T23:23:46.220690939Z 164 XqvvdzyX224QgpYOHpvS07tkcjl8f5KKmqFuOqnT9pmC5qlGr15sjYs7VyUb
2021-02-24T23:23:46.232618789Z 165 93sZOoGqrmkMLezJpUSJncxwMx4Kjc4ciz5RlQsGMbBaroKJ9i2RrnK2DImM
2021-02-24T23:23:46.243086013Z 166 e9E2rTDG0s9PI1DJRxjNkVJ5PjRBEZWbOvKtUj8mtCD4hpjlaRpOKXzcDM4P
2021-02-24T23:23:46.254547848Z 167 4hulL5MJQjbv28yksoZNPFm70hvZ3755aKfACEX6mwQL98VyGkZKo6iH4KZq
2021-02-24T23:23:46.265608268Z 168 Hta6ViCv7N4kH4cQbxJvtRL2sVGI1bjNjdb2mdwwDeD9XvBlgMPL8Pd7FjT8
2021-02-24T23:23:46.276948288Z 169 5zow3GfTUxON8KXQzmTZkAkXlWhJUsox2XTcGBj3ScGu7b5IXrIXM0edsK4P
2021-02-24T23:23:46.288224785Z 170 avzJ74bn2yZEDH3bBkerAH23MzbhqfcC00yFtiSVfOBBUH9Z3wvc7YfacJto
2021-02-24T23:23:46.299324606Z 171 tPh3QhG7EssGDA4E9Un417kbleQhoczHDRYPS5IcM4P42atO72J6RppVMUVe
2021-02-24T23:23:46.310594403Z 172 7hPy1goCFN1E36vruP17AQj0tYBXK3FHitxg119ROujNCxK9A3fvQUnaFLDP
2021-02-24T23:23:46.322081493Z 173 b7ITIUAtZU0eZz5aUl9jUali1XIEuqVNODORuslwOarJBE1fjdtC8Ibbhn0M
2021-02-24T23:23:46.332574866Z 174 JGZRPXY3VrW3veftDcpTVTr1jCZUxDAIB1lyOIpgifMdbsvsXPquSUi0ph4V
2021-02-24T23:23:46.343918138Z 175 rT02eB7GOwhIlZzYktVIru9BPrlTrVfT6jDBGhE2DVLxmSxazmuqpb9bQrz4
2021-02-24T23:23:46.354915879Z 176 dxTtNkDatX1niP806psiuin6UDE7ZdU780kCfI0vJHg7GHS2sQxSpYuWDC7J
2021-02-24T23:23:46.366285129Z 177 52QXpvalJSBbpZxqhp0FhUDvrGVQsSbCujKToqJD8VQBdYLoCtiTWCzxlFxG
2021-02-24T23:23:46.377861337Z 178 gRPGmXLhjzPLiJkQgKXsFxmPwr6Ly2NtP7AFLU8YYKhhXzgYgBI9L4OJxGhH
2021-02-24T23:23:46.389564241Z 179 saY8PMiTpj3c07piQ8YAnSiirnxqr8oj8qh5ZlRbsRCq4oT94n5GDP0ljmeR
2021-02-24T23:23:46.401283304Z 180 H0naVGXwYEeY26kNXcmYTxVgxRusaM1uNNoGMSCvDeBJYoVpwfnspIdQ5w7m
2021-02-24T23:23:46.412008905Z 181 v7ITKTn1xtiyYzfEsCn1ilXIZYMb3wMT0A7fVaBId7Wu0O5ctrVoR7NtplIl
2021-02-24T23:23:46.423425559Z 182 ZOre8iAeFmkLQOeEeLHgDDx6jidECM1Bx29CvXE7rmnOVQyaxfrZGZLKgDEt
2021-02-24T23:23:46.434315605Z 183 a48yzLcCKhRnyhdrx8CRnkwWK9WAfsWTqFp282b2iDXwwGVXqBr73H3ydhyV
2021-02-24T23:23:46.445812040Z 184 rMxk7VjAMphbRhOfPwmvQOridX4eKbKY6hjEjlX68I44tOabiBFpUX5yx6V8
2021-02-24T23:23:46.456673119Z 185 3dpKNbQud3PGYwwC85Ga5uV6Yk2rLRxZycJeNXUlkrLlTw1a051wSY4ozWcr
2021-02-24T23:23:46.469269141Z 186 5Xeq9bwQLeOn6oxLaRzUIJWbCDDh1lRxgL3wRG6ajUes2GnUmgFd9fQDZLcF
2021-02-24T23:23:46.480464191Z 187 oB4kecIG7ED93AnwSNx1i7Cnn49mReS6ozkmbSsH9zRT3bcBXE5u6woQqnwb
2021-02-24T23:23:46.490823498Z 188 7Klk7iuHwLoZJZpJrGxf06HCYsH5jXPkClf3HZW0aPcAQydr8gAVHd5DnkZu
2021-02-24T23:23:46.502644960Z 189 EAAmFwuLaW42j2aVmKedcyT4lLK1b6PxElkV4AOYnCqUcvNcwlpdKU6PkFNa
2021-02-24T23:23:46.513521449Z 190 8vV05W2ti4G8VjVvFukzRIXJOXoPIKc4yOT65vo5UZbzYPv13cSLC8i0fmXT
2021-02-24T23:23:46.525126453Z 191 NmgLOy1fpHF6wriYPzHjfKoWi7Ku35RZcFOjKVmO89TpnjMyDpB3AWR7KNJF
2021-02-24T23:23:46.536508727Z 192 D12RWxywDD8qjMQNA7xNbKMDp6yhugJfhpCUvzn2kk993CbywvX4z4LvaumS
2021-02-24T23:23:46.547531443Z 193 DjUuBka5mzUgPBaJdPfl2h88QzbXB28AOG1Z0h4BjqibRPTsWqxM0WFVsiCG
2021-02-24T23:23:46.558869081Z 194 0fw9vzpPjYsQgwDqTUJFnfpCuCzJgS2uhETKnmlFKNiyXqVHHzeb7xpwqhXN
2021-02-24T23:23:46.570690882Z 195 FATIvx4VQi8KOjcXFgNAHsxfCdGhnWTGLJNXRnV0zx4JtHO607j2P0LbqKOP
2021-02-24T23:23:46.581639384Z 196 sJ4YtJ62b1pTa1qJxVpjIKgZqFy8mJwh1N8kwYZX0RGNBgWsDIcPwedTYiph
2021-02-24T23:23:46.592489085Z 197 52I3zQ4nx5ijlwDJVpDqFu2KZSfz7nDO2mG7rtUXwxRnCXn5dXj3RAhVvu89
2021-02-24T23:23:46.603532782Z 198 OTzqkL6tmy7VYm1ggMYCZj4IL1MQW13jRr0RSd4t6Nlp2gI8AGcWqzT6pYYQ
2021-02-24T23:23:46.614951044Z 199 EpGhhCjoxmc9ri1DKvJiXRaQGa1dPNQFva23ngiFPOHdWyq6nsXgcy7i2qaG
2021-02-24T23:23:46.626223902Z 200 4fjudO4ahm4GSpgnAfYB17pUFDenRUIMfpwDGEsJ2BMgsxYAcoleo0NxKpyB
2021-02-24T23:23:46.637066819Z 201 74Hvlv71eNvcE9jh4ZeTrZbGtN12tJyaMch5vC8FraZ0A2ICdxT5yaX9EPlw
2021-02-24T23:23:46.648887994Z 202 GBk97yuTYFmHcZTQGG37rsuYPZg7Ot5jgyLR07XcWPevnz1mZwuOueWq8qoq
2021-02-24T23:23:46.659946625Z 203 tBVFZQXyswYBSgvMlecz4oti4IAj6kQpLTVaNsMlIOIqJ39DXujlvMMJr7ak
2021-02-24T23:23:46.671520623Z 204 MGcf3A1iC3eyiTpULfw3MG6htlNNmN1Jnyo43UmrLGo0808MfzxRLLN4LNZS
2021-02-24T23:23:46.682508373Z 205 URyKgkiwy4bjm19DSrhfa2WiA7G7QA3ejlZKNTK22z6aCtN2ONQdqylj6PQM
2021-02-24T23:23:46.692801859Z 206 qp9zDUT4LY9gMaJ3OCU7SjMK2a7wUkQFpXjsKAaqBuvDwwXFC7wDB8X7Qp7f
2021-02-24T23:23:46.704210083Z 207 EH4KIr3J1r7sorNptOUJ2wMK9tjZsEnrAHA3dAuCmelyeOxk0ZMpbr2oUyUB
2021-02-24T23:23:46.715782592Z 208 pY27ZgnNj1iaRwEVQuzos3B4wQ4U2kycQeoPzdqpJ3awzrr7XSknXqBjdE9E
2021-02-24T23:23:46.726866791Z 209 pmoaqi1nxdoJu0GeEaibRtPLzpGQB3RCjX6gU79EQSrc7f9ZTY1fmeps5k8U
2021-02-24T23:23:46.738898903Z 210 0Cn6b2EYvd5812VuEUOgEPLD0uAxLMbd8aJdWqRJUDKS88ayJynT8t7h64Mg
2021-02-24T23:23:46.749982656Z 211 Yo11rEQoEiNYaqdhpMYTHUF1Nr8pRSzASt0ASGrEge82lVpaBL4MyzRp6J5u
2021-02-24T23:23:46.761432545Z 212 m6sUcpupTebqCPYZsUkm26Sn2SFe3VivxUyYINSl1Wljwba4hUa8dc2NRY9z
2021-02-24T23:23:46.771873615Z 213 G9eaQvjYfQNMVfuB8ijfAdDuoG1kxVfwWxsEat3naFmFUZNDrbJLz02opXZg
2021-02-24T23:23:46.784026457Z 214 aChaf1dfI81Qx1M22k6vykAI4KCY8SFgqPJeiHHIeogjDouOaBiEg1Bs5Z7V
2021-02-24T23:23:46.795219027Z 215 FzIWoYixCD5rc6Dn3UCxQoprVKvCsvnCuQT2jsYZVOS3z57KEXnIkejdKD1d
2021-02-24T23:23:46.806549610Z 216 s5UzEI0itAOu0FGHZr1xgc1VUo647dPAqcxdSSHq6lAB6sQnpZCC8rckMzeJ
2021-02-24T23:23:46.817280512Z 217 0wW7Yvmky6i0B8j87vHhrWhSQCdCa3IG11bWsvPIAExIpZd15AkIqT50kp6l
2021-02-24T23:23:46.828717755Z 218 OEN0cOTIGkgWvaUuUcvh03sD1jMpQofHK1SneT09GAwenMIciEffmYwXrCIK
2021-02-24T23:23:46.839915239Z 219 GrofNC0F8hHhHqKzkzsdIuKRGX8pSUMnJ9GTdTi0L3SJnqfHtEwWgnBOXSCk
2021-02-24T23:23:46.851265797Z 220 YmGyaaNML4bkqu0POKzgdHMn9hZi2olp3tCmizX4QvyqhHtvAPjYm1OKB7hr
2021-02-24T23:23:46.862581376Z 221 WpvLCll2r9qQlhT3XmrDBkirsSKJu0L0F7yXMXi7y3ZujhGxh7QlSWGZyxmL
2021-02-24T23:23:46.874113442Z 222 xiBPcFLZsnJaOUyL0wRTppyhG0iXACN16s8yDSeKDFZMyIAbXRvavg5Wdtc2
2021-02-24T23:23:46.885215839Z 223 ir1qsZdasGtiaO7jJCc9EigtyH59X8SqRg1NR7LtyPbN7M4ukTdW4qlZ3QNa
2021-02-24T23:23:46.896651203Z 224 LNMHJJusJ1NM40zNiH4s5HCiI5qUfXdpAp1DxE1STO8iy4BKn1Eh7ZCGmF1K
2021-02-24T23:23:46.908221593Z 225 lHu09U6E5WbgU8mXXGp7VXYcBGMG9bxDdOr0JSb2m9HHc1tRt7tuyT9wrQmw
2021-02-24T23:23:46.919636136Z 226 Mw1jfJKHz2SKah4bsvBbdlvkcAxoZL821xpRLmXymZi9CPAKGchPZr95nyCt
2021-02-24T23:23:46.931544686Z 227 vEIiiXvivbgd9jncN72rKRtsW0uYmjFzmpq1spuc7dIFWAk2YytXSaBiNLJv
2021-02-24T23:23:46.942347456Z 228 TpBncMZbISfnm5k0rRZpqBc7CarcyQkHSDmv4czNeRH52kXkMmaRd36zNdGB
2021-02-24T23:23:46.952714078Z 229 RSWXybXBCg7xlTtkZLK8CctZveHzmk0dyvshu3zRiM990wydnxG4kZlagjc0
2021-02-24T23:23:46.964114534Z 230 vuwxPIgtHYE1Aj9oauRxqVWe201Yg5vRmEBRcrGE9RXogS1MpTc0PpSTJG7h
2021-02-24T23:23:46.976911783Z 231 kVIBPsq2pBacrubrfvRAGkX6w4RbOLE9aIolAqcHHQZYyJc5oBBYe4zOIUbu
2021-02-24T23:23:46.986644081Z 232 4p9Bmfz0JMlgxHT7uoo4kbSauXxLlMO47YL6zgVyfPJ21CHDr4jMuirqlaMV
2021-02-24T23:23:46.997390025Z 233 GoCo8jgrXkoJYnGwOSBnIBML17XdJQzJMVI2R3VV9ethChfutHbnE5M7Jorj
2021-02-24T23:23:47.008468393Z 234 gC7dCZBPSod63nGajMxROpOwemjUsQ4UD6Ev5pmm3IRHNANKC0jNrDnU4EdS
2021-02-24T23:23:47.019457213Z 235 VbpO8SQOnGTALSYLppG62TMeY8AobykyyJDoKbrzrbWAwwd1mFX1AgTcTC9R
2021-02-24T23:23:47.029885424Z 236 qzfh5hotearCR8ToDr4xRLoOkCVhb32hWElrKmKHcmHnlMNMn1Kr7p9kw05X
2021-02-24T23:23:47.041251730Z 237 Jm2jASMjct2XjbW9VAmKdTIsRS1QuwFYcODkFL3BD6nMT1dzLRXyqZnzBqRL
2021-02-24T23:23:47.052389843Z 238 KPNDT75RUEbiwj2kpEtYfiTSkhvaruR2imoiUsTgWtSZhzmCuyFy1RYVqSqh
2021-02-24T23:23:47.063803872Z 239 PD2v5yALtR5QFjCVfL2RXatyrDbaWPlzELUdBUKQHZRhdl8WYc5QOOrRPzCg
2021-02-24T23:23:47.074768549Z 240 HDUrBJQLyDhBFlLijdVQCbsvhuvDc1iNvCR9SLx1U675T2X1K2Mw9kXQHAIk
2021-02-24T23:23:47.086625374Z 241 2ONRpsr7YhbUdrvx59sSAXKmQpKREdMcDiwZcT9y6C541WNfPV7UcZh14NqC
2021-02-24T23:23:47.097109156Z 242 46EGaSDuMuJkwuVQwSRA6jv1tB3TXgwLViwNTblgN5CcDCRVnXLgVhChYsg9
2021-02-24T23:23:47.108323920Z 243 rpY1QTnie8TLgkMiRGmLfQaR6K5KVMOCTZYogu6nDfFySZLy0ANJ2ma0EZN7
2021-02-24T23:23:47.119679263Z 244 AUkCzW8CF59TR4GBxRUnrhsfSHFKLPPCgakt0kGCzSorfINwaZLwJH7lTr04
2021-02-24T23:23:47.131268655Z 245 4EzuG42pK6we0aaO598wpyWe70OYUnS5rRlyDeGzLgHxx0fag1F9uLrnFwlk
2021-02-24T23:23:47.143785552Z 246 vFpGHALjDC4nQRFw4QpItNpqB1RggTYMZH416LW2GnHWJAN1n5LyVRQ1YgYY
2021-02-24T23:23:47.155707517Z 247 qq6tgRBN6Vgtwr8fvavMbJA9qm9OLm2bxlBfkTBnNmneYaIBUNawFCtTj0wi
2021-02-24T23:23:47.167568693Z 248 3DdADiWU7bZ8WKswtYmJlotLZ5DaDFmwvxGnHjVXIvhzNkZpHD38bJDpFDf9
2021-02-24T23:23:47.178887115Z 249 DIVvNSemS5rPWL9ilWdCYTIPMoY2ec5LBPfzbivu06dTmu5J0zU7h38kDp5O
2021-02-24T23:23:47.190479439Z 250 6PHy8TgITFSVvF4FbqQwv7sPK4UGjbO4lKiCHFteITYk6TvF6hN3nPbvG702
2021-02-24T23:23:47.201313189Z 251 BYs3zzggrzeD6EzWoLV1Nk8yhWj2hmNvk3bzyA8vk4cCnwlMxNhS5HMqRcnS
2021-02-24T23:23:47.213082790Z 252 proY66hRcNvgZu1Zy88gIHbxZxhd1vVLL5m2CPS1i2sTa0OCjHCJGPSvEpgh
2021-02-24T23:23:47.224548627Z 253 DkREek3F3p24KKeVywlcx6xBSdS5jCIJxGJeTihCW4s0ADqwPCDY6cNjlZun
2021-02-24T23:23:47.235477301Z 254 xpq25Le6mjG7IB4ubqQ3Ag6wJ2PY9ljXw6PLcCckZ5HRw62zLEq6nb3yfgOL
2021-02-24T23:23:47.246462485Z 255 WZeuxlcKcE8bvooHSQzD32rXOa7SqFJmBvdVOMDMDuPr9BWhQ6GKkq6yp3To
2021-02-24T23:23:47.257891766Z 256 zRx6hi19p1AYzW51ndeXRggsMr4jSbcwdHVLNoT3YmBhmpJ7hzRu7XnpDVV8
2021-02-24T23:23:47.269878520Z 257 mhe0K6o1bXN1IajSmeOiutE1BHEP6amb2yjYkyxdMaoPfxUNBKSgejTVeclO
2021-02-24T23:23:47.281469349Z 258 VBnCMXcX9eV554YOEGpby1rSofCq3Kq9U0MLT4mPIwsGQ9apzPYqa4EqihHU
2021-02-24T23:23:47.292937778Z 259 eTBx8vXSX2EO7gsPM3pSoTaHHZggVmjs4zqEoCY0ePfd13wWF4JQiv2zm9zw
2021-02-24T23:23:47.303979751Z 260 73BbpdGherYp0oydZ8XnFcISvjClqviTAvRiDxD3b3FaZkbYh1YAqMtLESum
2021-02-24T23:23:47.315285485Z 261 fTrAr6Nkr3LNDOt88p6WhoSbIrjNiF0Z5TCuVPIwM1HIh6k3Ey0YJEDMVPdR
2021-02-24T23:23:47.326320869Z 262 xOmzFhKlRXzSaVG78UEbt03ikR9Ap2FKapilEua4S9gr0eKWf8NwSI6l1y57
2021-02-24T23:23:47.337617130Z 263 kfbDgPiohWrTU0bQX9SQ5faUmUgkHkmc4JLdkqHKrdTYP3cVhQebmF6BGOB7
2021-02-24T23:23:47.347998153Z 264 TnHOb4Rua6lpOSpwD6O2Be47VxhbVFFSANDSWsr35YaBGdFgfsd4R6iZyWoL
2021-02-24T23:23:47.359962864Z 265 CDmfCHWoWjobK64NyOBpajmNc0gaEEwx2igA1j54J5JIRCmDkYWQK6Jo4uGI
2021-02-24T23:23:47.371407483Z 266 9ei7jJarqDVmxGTcdLySzsi7KQ6HzI5raqqYHtz3MrMY3JOdluOeNACvbS3l
2021-02-24T23:23:47.382808959Z 267 m68NXI295Y4x8kqe3xJeqggbwFdWneguTdroW4MdndWrXcyFk6IOEvLiyu5l
2021-02-24T23:23:47.394475296Z 268 nESHAhEbKRMFq8ypSkQafguaDqEbK0ErUUHhRTlyUQBVEv3V6kXdHBNyVCNG
2021-02-24T23:23:47.405470787Z 269 w0ddfuu8RNBaoFsC8uM98VR9gAdMdqt9AwszUNGmZnacZBTJ1QQgjrFsVfmf
2021-02-24T23:23:47.416878596Z 270 KjXwdfVgWGlRtfDFHFjimmTSKCNRVRpOUnxx45KYD473MOWSFh6kjtV5Chcn
2021-02-24T23:23:47.428061775Z 271 1YfgcKlrawaVnrQU2IsjLD2MrgIXpAuXeRy2af8fLOjTlpd3ZLox2PhH68UB
2021-02-24T23:23:47.439590453Z 272 QQ1u9p3oV3VRzMjDcPUtxjwFb6czJW95yqfEgMDje6FMPUVb8382p8TxJ2ko
2021-02-24T23:23:47.451456897Z 273 x4VsEEXCR55Tgim8GEibaDzDgMVPVae5TN79MgumlFrZJiEZK7NkdlKnYi4A
2021-02-24T23:23:47.462414885Z 274 kAfqQdjaGfydgIUHwyWQPOfOzWN0AC7YC8vzfP5s3msYk9j1T71IuKVzL6dH
2021-02-24T23:23:47.473417120Z 275 IyQyRUyj4JOATVW51Ak6vaomaFtApklRY52mlelRWISdYQH3iRVd5EyWQv06
2021-02-24T23:23:47.484957590Z 276 ZCyf7XQzfEt8yMDsogBzQUQQMnaNvfy9yLoH3h5Vu7yfdBHWMjlBh8mNRu8K
2021-02-24T23:23:47.496804004Z 277 Ny6m6A2DrWqQfaxKbA7vlLlFOovrrxhD546zfWXvk64NJtbVC0WJyX8Ggj1i
2021-02-24T23:23:47.508595326Z 278 i1l3a86earJnQoWVixo7Np8KfPXiDRszsYzcGPCVd8YKk5Le37hQ8s70SbFI
2021-02-24T23:23:47.517873307Z 279 B4FyL30oUgz7VJ8hEhD3ZuoqvXVbOuzDbgBSYuiNZVU1vbw8NdCwgBI01DvN
2021-02-24T23:23:47.528833809Z 280 vBDkgjCV5Wpe6Pxx3IBOfrPhijunFYsuqbGBzQ1RQQYnbuQ07KnnLGx1qDd3
2021-02-24T23:23:47.540299236Z 281 bfq2KGhA3GpWYvgvkoUPAgT3cqvxTU0SV493Vc4y2pbRKFVsqEYH1aXQzWFI
2021-02-24T23:23:47.551890244Z 282 hxlPOw4vnjQjbzjRoKhSvROyXqtAlk7UxxDVUH9Qtk3OFcauVNjJU7M4drln
2021-02-24T23:23:47.562968874Z 283 4w0Azq5lQkbWwxjE4WRsyA8hgQi8IT3y14dQcrYYw6zFWxgVpLmS2U0cSK2x
2021-02-24T23:23:47.574341347Z 284 tgVViJRstQfu1stn49kpAuDQ6g8noJy5EsdVjKWzcxrzETbqomnPjOaYX2Qg
2021-02-24T23:23:47.585014976Z 285 44vzXR5iJHf7grMXnq1RqnH1Ec9opmXVzb8jRwWGLnt3Akz9Kv5vfU4X1Cyc
2021-02-24T23:23:47.596213723Z 286 Ffao0ga9dB2nPbg75ZZ6a00oWPxcXP44N1aK5wbQoQx7X0B3tbo2U6hhgAXz
2021-02-24T23:23:47.606969568Z 287 Z6G6CefR3pPhOCdFcAmJRZfCQiTHsvwAtXMgyx7OkmIH2P1WNApvZVX8io5a
2021-02-24T23:23:47.618745882Z 288 psTchohf9K1GWGtxLnm9GWVY9DMDPzSKV2iNDEANbuAQ84SJHfWG0WpFG1aL
2021-02-24T23:23:47.630628326Z 289 VdueaTxzgLhlDiN4C5YzOkp6eAa3I569P3IYnqV9ht0mNna4k9sZxgXpqs7X
2021-02-24T23:23:47.641709829Z 290 86C1myUSzrPnpyJda3jWlDyTwDtS533TovsAjFAaicjpuP4nkVpYKEyUflKv
2021-02-24T23:23:47.652178285Z 291 mYktLex1SiT1XUHsaLDvpXsXMybXFBWvM4hBeVoIudiP4iixh19S1RpGLX4L
2021-02-24T23:23:47.663852465Z 292 hHVH6Cr5d8kNlZFD5k5FwdfsBrzRguJw9volcOjr357dbXAQxVWChO3MZcTS
2021-02-24T23:23:47.675601873Z 293 sPTyuBzUNOdTZIb8rOLS4VwbHkoxdRc1EjjLS2IYKSKXBb3ijgm6HsR4pHiz
2021-02-24T23:23:47.686881116Z 294 CjXwPYgqBMxGMqbxzpHKfBCxZlC3yQLZsRARv7dzTip8aewF3IUMFheWbaJK
2021-02-24T23:23:47.697699316Z 295 oQZ5KHJJyiVXWwJcqCTZ74Q7CUQHlRqcnkkEnOasKmA1B7BiH1h5YjnhDUYi
2021-02-24T23:23:47.708706662Z 296 385su7gu3XOwwBAWqpHjLbJRGK7J2Nv1Ry2bNBNwwPXggzsidtFipoFeZdNK
2021-02-24T23:23:47.720306722Z 297 gsrFxK3Lyaou9cX49acrRB4ioU1ntpqYSn8aHWZKXgUB3w0KO7dnPfFtHdYb
2021-02-24T23:23:47.731218598Z 298 ED4gITnnI26khOahCdKhckdusB9FAEOzXOf58aDKMQqDNnb7TBIe9hqDZKOx
2021-02-24T23:23:47.743001530Z 299 1qz2dr06wglCkDQruUFCCjJfO1BfjDWSPM5gyqwY0FXXh5PdoTmHy4yZ3ArD
2021-02-24T23:23:47.754146492Z 300 xmnJZcfaR97pRMWmlLCD41UABmzi7FWwMVFC5AzWjlAvsbm1eLrNeLNX1xQD
2021-02-24T23:23:47.766052872Z 301 Wi6lyFploE8yYiMMQ5hRehZvB958ZowhzUvk2pN1fQApQ5pXH2xH2HBKrT9E
2021-02-24T23:23:47.776738412Z 302 pj1da5jV6ktnikcUDc97pqbZzkz0oem3HNqfdiCHW0zkAcoq6Mn6MkyKWOfd
2021-02-24T23:23:47.788149524Z 303 jtqbZvDSBxyYMPWwIv8Tqpm9XfYLz5IkgzKYKVu2xkMJUd3vdIa1khQKNbHu
2021-02-24T23:23:47.799830708Z 304 xFTglOLwy8lxN40nykUS32kjxFtElqm5f01jc0VSu4ITZQ3DOYMHnClR5CSY
2021-02-24T23:23:47.811381874Z 305 qUQ4mBmJpooz3DSTv2I6K12B9ydi80SjGQYSiDUIgDMu6iB5yoBNYpQHOhlx
2021-02-24T23:23:47.822763967Z 306 nG9IlHUOjoNFuqzzNcoEKl8I3PA75ZYGDlZjpx0GfmZ4R3l3sLYxsPSdYErT
2021-02-24T23:23:47.834016850Z 307 er5UfcqAXzbEP6VwbTsubNAVFqD80H13reAtvve8ZZxs6LXWbhkvNERtxWd2
2021-02-24T23:23:47.845287737Z 308 QCAU53wraqJOMR35pr1rKXjFiaXNHKz2SDFALT2S1Qmw1oYQQ3pVYK9ZAu5u
2021-02-24T23:23:47.856317795Z 309 qFqK8N0kl8UcCXj9dAp6EiMczVBGOXYrfx4NY252K2BBOMdh0ou1UcHyVDK4
2021-02-24T23:23:47.867592567Z 310 c6llf4odtPnhBIvDb5MUqM2yOOABo7fFGGGE0FKpj9btyMaT2DQzRTdmbhj4
2021-02-24T23:23:47.878410780Z 311 UJMqwmWKxJPYvbgBeUaiUU8kWWKccj2KGz71dLSXI7myBTC0uCbpfQGYmaUX
2021-02-24T23:23:47.889319627Z 312 7u8AstdvSc1IsFgJX9G6ZlFyvPDpofEC4ZLwEFvT6eCI4HrCkGeJUCnpR62Q
2021-02-24T23:23:47.900340495Z 313 AZtdjKGANt8TGYwyVaciX1KOY0pC1xps0kzvAMvgtBrcj4ILnIp6bN7Iv2Mz
2021-02-24T23:23:47.910998456Z 314 GS1barQ8kOFXwiZ135ELkBN1CGHJuKQuyhCzgGKFBvGTIZMnw4E3Y5vrZvD1
2021-02-24T23:23:47.922763538Z 315 z5gR4FKJcGpdc4hT90mCoX2TEcFB8g3XosV0kqKkKV7oQJLePAwyf6RVdSI4
2021-02-24T23:23:47.934229420Z 316 Nc68wDeSljic5VjZOLqz70UxOXvxh6mFFM2DnKRGvxAcXMe73ulEqEpqnZGq
2021-02-24T23:23:47.945789394Z 317 zNAxRwohN7xanAWceY5Zs5S4WF6l5pHcZ9o8ecuyAWKl0vttdnBjD6XZybo6
2021-02-24T23:23:47.956322807Z 318 2mV5xr5zpbRULGk6Pk9gjV4223oRfRCJGAdAp4b3W6I9LTgp9ygBZ5dTLSKU
2021-02-24T23:23:47.967850651Z 319 eSUZvkxH7S1Kyoxl2m84Po0T8tsFJc6sNDPSNhKMkf4f4ac8Vloue35LCLZ4
2021-02-24T23:23:47.978004334Z 320 qKeg6sDSE1ztwPY01oamKCCmvFGSEnyv0eAiRBECotl5C6zqKhgkkt8jnOg5
2021-02-24T23:23:47.989059410Z 321 DD3PCReacmRnJ0HkF870O9PLCJbg8w0QnAiYToPMev0qfWavK40yulx7ydMe
2021-02-24T23:23:48.000141384Z 322 6NmAKlK14KAZDTb4A9ETombb7wVgQUhcRYslgWuM1F4UpCRfKnm7uprQt4Wf
2021-02-24T23:23:48.011678760Z 323 YARJaEVdyYKZ7ryalaNAcGlVZftI3McUAwq4SFDrFrBKw8wIRqDq5a4fs5KN
2021-02-24T23:23:48.022631421Z 324 Q1LLQPMhFhqW43nkSPs3J0XKwMs7AD9D6YCqFWrDZwVBYrWGeu3aW2uR4ljm
2021-02-24T23:23:48.033206345Z 325 vQhHi01FPlNPIwEf1ukgdCU48djr9dZPmipsNapSAjhJtNIwHxeNoZhjv5uH
2021-02-24T23:23:48.044366527Z 326 Na9mEaFnw4GINzjmyZLlIVVFiPPxsGuWiKHZ9RBpnaFnc5453oWf4hL3ir84
2021-02-24T23:23:48.055003790Z 327 sCur6uxvwateVi64hutgJGvBeKFuC9nUPAuf0dT3CtfxhyODb30BloJYWeVU
2021-02-24T23:23:48.066542854Z 328 DMszDz9h1XtTvwxSDCwjj3Ao9BRzXvhgOjHJmiuh6o8gsWDF3HBnStXLmR9n
2021-02-24T23:23:48.077039791Z 329 4C01Yfj2XHBosnZKD9J2lnJGYuNDDzi6pgHiEI8aBVC3gLtNaFCji87FN4Jr
2021-02-24T23:23:48.088418110Z 330 g96XjM3dTcda6zGhqR1N5ppeIlxmXmIzMOL3B0Cz9XS8acXaETmTrE6CsYrE
2021-02-24T23:23:48.099997492Z 331 xltvK4Xws0nRuAn4yAqvrDQL2pTkzyozGbJC7bLHJrvoixlanuapLuuM3LEL
2021-02-24T23:23:48.111269252Z 332 OXyigXvBsWHFwunGjB5LjseQbzEE2nKuPoKkjvf37fDABBMmrErSkDeOVU6B
2021-02-24T23:23:48.121840957Z 333 jVIsZCuuZpdEdGT3VjlYMPjcwDR6hBIjiqyS0RQIwbVDleXOnwBcrr1ZjD1T
2021-02-24T23:23:48.133465423Z 334 4jVHSRDgkGCE9lvZQuKHPLegqqDsihhrdZVpHYtqBADLLkF6yo2tZInna7Rh
2021-02-24T23:23:48.143777590Z 335 E9R0779RFDALucCTdQpPRiR6y2uJa7GxJfowQVcISzqvuUQ3Og18DmNJ40tL
2021-02-24T23:23:48.155151438Z 336 M4qnyVFJU5veubbrQFoEhs5BRHlPgWmR8wZ4aGRg7AQyTrLHMGXUOzn7kMRO
2021-02-24T23:23:48.168215377Z 337 cUzFmQ1TItKEaiSdW7RbAxVsk1NER8LYKSg1dt4ZIZX5vM3G1zTnN2FXfZRL
2021-02-24T23:23:48.179060972Z 338 1a9WmE6l2BQoBMvkuJIc7ifbJST09czZyuZGTqVCQDEllMYuKCkB2dt5dCmZ
2021-02-24T23:23:48.190943390Z 339 xBREbWf9sxqIHwXf31P4agAxnHhVtBZUE7YTC4yq6wkCsVCCQUMaY4AR4k6S
2021-02-24T23:23:48.202236464Z 340 W4uFRVIzqbkPmRB5l49DpklW0aM2lReRjXHS16TI7KVjBkKgQDAheFN70Fxo
2021-02-24T23:23:48.213641797Z 341 twX71SaYOiqGWOW9XEfeb4mNoV2iXOfOU1Rkf0yFwQIK9BXYphVmssecI4qO
2021-02-24T23:23:48.224633632Z 342 LUnicQf2Os8MlbIxkREicxVxjOK4aDyzdzyDChQ8xQbKuG7p0eFxzGelMqMn
2021-02-24T23:23:48.235931919Z 343 pzyACQjTeZWwC09svVETTOJCGAmHSxnaAAjNGPlcBaHMj1va2yzG7WIny69d
2021-02-24T23:23:48.247044246Z 344 maap2C08kTV3Unt87TosiM3oHHkpAhxx25xgwBovMlB70g8gZLOjcC8bikZu
2021-02-24T23:23:48.258164274Z 345 ZhHMoiXf7AunintEIjCVvgieYXFmwG1QG0JbmFdxO7fC4H76jau68wZQr8rT
2021-02-24T23:23:48.269283345Z 346 l4n1YwisyARHjkzq3aoY55dMm4IQcGA0vTqGWey0VBlpgrn1v3gk3iJkI7rJ
2021-02-24T23:23:48.280440614Z 347 4v3T8HJa4FO7VKcTEAczfiwhNXDdh6fEFz2Jo8q3SvgkkkGYbFgS5O3U1MCL
2021-02-24T23:23:48.291688006Z 348 bHqz7mGnpZix8iVQEitofd9vwsveM3lHRomjdQJnFXdfWIL8XRSBKROX9zeK
2021-02-24T23:23:48.303025291Z 349 F1v2bt8wjWzJnIoWOG7a80Md3Z5WWlNv0fYHvGzKaOsG7Gqs9dKTVtzmKNRR
2021-02-24T23:23:48.314138370Z 350 is4Woh1uMZ0nG5xBmIiIroUCikYOuGjdkaC2q9MEOkSg1oWsXStEWqmlL21c
2021-02-24T23:23:48.325228211Z 351 c2GYUVeiZaHdqlAp4w8F5qTUH0sRoolkegxeNO9yehrYWBJdV8Q6MmSsl2VQ
2021-02-24T23:23:48.337208451Z 352 LSm6RoqGY8AffyWZZjP3jyfayNbGiF5kETCwyeVzFakseDOw9WFdO1Ahuzju
2021-02-24T23:23:48.348477353Z 353 SV5jRlEUPbjSqSVA9sB4kxGYETsZbl8SeBo0PQZ0T95YYkTmOhtot2lfGUrd
2021-02-24T23:23:48.359138861Z 354 v6W6rW6xR4Jt8OsHCIjrFETFg9s15hjjwSXWuCK1UROJNvSnBlmXqaRO3wRq
2021-02-24T23:23:48.370595721Z 355 fLoj8h0opRl6Vo5wSFO2sxOiZr1aNuGPqf4fYz9B78bKZtWmyk5WHMn3ZSBk
2021-02-24T23:23:48.381433025Z 356 pHs9z44ktkHzoE8hhpjGkOqgusY2YLnFPQTqWJ87VH43wGOMozz8ATEdGcJm
2021-02-24T23:23:48.392232687Z 357 STEeN644pgpJ1oCNYkzf6vbpNz6ne70smP5C6hBqnJ7RsKeblqPaF7Zg5rtd
2021-02-24T23:23:48.403101450Z 358 j5D3juuDqRhzG6GMQKEHlt469X89jgGWAikkCr5E5WMleE4wZBkLy7f3Yf5o
2021-02-24T23:23:48.414631243Z 359 0KGSb7K2rLeW8Huye4Czjt2DigyEDWPyAmUstzDtRH4lUkv52idyYQJSKRr5
2021-02-24T23:23:48.425190100Z 360 v2r20ux78bSEa4vvRDIs2MBHhGomab6pT9jfG6bLhL7p7UTu7hijkB38GoRK
2021-02-24T23:23:48.436591387Z 361 gvvnOi1c67uYXqArZLNUEu7ZAPMVwUTfKyKPowjNNOgAzgeoPOu1l13gRJnc
2021-02-24T23:23:48.447533784Z 362 Z7hy7bPL9zxP7gFvXzyPlN3jLuv6JLpMl5KUQQW2HJNBxn2tDzqseKefNBGz
2021-02-24T23:23:48.458939761Z 363 mgLFLjeF1hR5KBwc8S4zijrrhOSlMhvTDchFHBdfLlDI96MhFavGM9XUxNlE
2021-02-24T23:23:48.470234231Z 364 1N27PKAvmLBmDkJCCHcStVD50bWtMj43KqYVAqAldQleuBPbXYY5sXqLSfD8
2021-02-24T23:23:48.481514539Z 365 Vy953qvjwlBvYwRCRIanqKHMzyu4m9db42Y6dpa3EUkxgLDpSkLCMz1OtcAG
2021-02-24T23:23:48.492730004Z 366 bDilGzZx61V2o6sn0Q88z50aotUYBYCiOZIaxh84FoskOTGqA8dx1UGxa5fP
2021-02-24T23:23:48.503285443Z 367 p8Ih6EmUl0KWn5ohFgYsqolysSn5OtbpAsJIpuqgOWfIhiDXa9VYGDyBN7QC
2021-02-24T23:23:48.514988470Z 368 UjSEbk9j3qKSFa0jPDmRmQazeaGfJDd3EwQg5hmtWFCCo0kVyRL7VmHPXZNE
2021-02-24T23:23:48.526183912Z 369 83nLUvnIVfGpLohW2YrRCn4Po5RHLBqsOguWWvQXPWbrUAoD7vsmSEYAKIdj
2021-02-24T23:23:48.537388777Z 370 aLRgLMxqLV11fSFF708tDNAb0ELxO6DTLRelEKbJIKnRwlwfGKCfGmU5PYdo
2021-02-24T23:23:48.548482271Z 371 YiHVDxCiQ4GONkUbuRurgrJwVZnhodVzae24P5povLyRg6tNCNqgdQGuJy6b
2021-02-24T23:23:48.559024182Z 372 0P9UaVCYJR2AyZrkfPbpBgRnOJX81RAz08G5FDDvw05Y1CWsVdSL9o8SFlvi
2021-02-24T23:23:48.570404743Z 373 YRW9cFlVX9u0exaBiTkhPG36LIFB846tcvlZeGqotj0pC4GKwERNxwL2MJEF
2021-02-24T23:23:48.581095665Z 374 lPkFNEJMwBWPETXt5Itlzfs71ARSZf4MOk9PtHKqEKVjKGzZnAn3KxVeqhpc
2021-02-24T23:23:48.592123305Z 375 ah0Qy6SpNMv3qJnNWWrRb6ejACXyAkTrXQINWMpOuaWjXrPzlxjohjLoSMlk
2021-02-24T23:23:48.603571101Z 376 g628l3rw65aesGOxstHbSOsRtvPYhPRZrpimMsS0Hy54rYCwEfmuyy5LX8sv
2021-02-24T23:23:48.614822343Z 377 XEVTVSjcNy4ks7v7yubxBXA346z1Sh6kZ2KZqGpIPbO7v0EfV5xtVDbjPpYe
2021-02-24T23:23:48.626727934Z 378 EXBedEWcTIBeM2wWCkzBy2dQmpBw7VfGlA7PPfKT5ASpNj8tCEfuBiYwMyv1
2021-02-24T23:23:48.638373355Z 379 GtGYNLTwMA481EytTiKZtOvk8HUlQ4FO9wFTRQRcKqLWCVAdXjlnLB4fhhXx
2021-02-24T23:23:48.649909466Z 380 FtL73W0feG5DXqfELs9mEVq4xdvPOU0dsdGdqbjGvKCOLaqjn6Wr4bbepFUw
2021-02-24T23:23:48.666798978Z 381 Lw13IOjHh4De6qP4oUHkMgJUkhCclwoUfKcACUHAmeg22qwixzcxuASx2Ehj
2021-02-24T23:23:48.678792493Z 382 w1ig4vOtgnagGikE92F5lc6EPUeKPXVqOGcI4OhqBgkwgKwV2yfPSCbC293i
2021-02-24T23:23:48.690620605Z 383 jN33Z7v6NsvgQrGi2b9q2ytI1IMergP6IIFWV588IeAv0EgdNgtNUdWn9L4g
2021-02-24T23:23:48.702394897Z 384 bd2JptNVrDd51CbEbhxpLaeu0L5DcUSjXuxyXJm5IpcVJ9jwaKLmUd5Ve5vJ
2021-02-24T23:23:48.713730753Z 385 yln4GV3r6b0gTZeWFnCi5Edqz3jB7bcAaUv9Jf96HVvSXw8ncWXzxC7uclfQ
2021-02-24T23:23:48.725736911Z 386 PVGPS3sDJS2CTSIQYPtKBMl0EcO6R8ZVNVhoqW5npdV0mlMsuqC3Cc0NGBzD
2021-02-24T23:23:48.737341504Z 387 KUF0rkVOkcJytCyi5DmgbYXZL2Bj1GwFCFFUQ8TKqCuEujzg2Wdqfl7NMFPC
2021-02-24T23:23:48.747783877Z 388 JskleM85sVlq5QckJhrLyc1rQHvDPR901wbZrfMAcXrVzQytdN4k1Cx34BA6
2021-02-24T23:23:48.759332666Z 389 pVmzRfwvlJfzqkzodkHp1TtieWODewdwEFz7ZupuwprtRqXEXnxghQREhQek
2021-02-24T23:23:48.770951012Z 390 mRAPFkRGuDX7LtVyBB98jfXeIhZEohci3ozxkP2YLgAnUutsFeZ970yJIg8a
2021-02-24T23:23:48.782178367Z 391 3wg3GErB1QRF4MsxzGaD00SaNaX4RikEWFj8xhO3Yyp3jXOBBYv0940NZxo2
2021-02-24T23:23:48.793337743Z 392 kPPsyokJLjDkkJqjP7PLcqvofRJKdmplGlpIvFBRT3gzCzoSaUVUyaGC3mUy
2021-02-24T23:23:48.804543060Z 393 w6WqoTeG50AoDSSL4CgTxdOWGkZ8yAD5yfWXVpYV3i8ypZ77cJu3EBtExYho
2021-02-24T23:23:48.815271827Z 394 bZ2VpeDgDFtvmB0CBsHDMe04RcxXViZgqxivui6sfUFyxwRmqlwgqd8VA44S
2021-02-24T23:23:48.826278085Z 395 99wyGgLcXcDronLaLIGooksijefXZ0PHHzWGpujbzZ95Zjz5g3Wg5FJhvQp0
2021-02-24T23:23:48.837556044Z 396 RBVoZU9k8khhITEhTS51Kb0i6TvbNrZR1uSxHTyMo9xPLXQb6omyg8P46gPa
2021-02-24T23:23:48.849201219Z 397 PEr19sEnio40j5qm0e58hoT0hMBkJ575M8GCY1HMbuXhnmBL1OiorBwCTQtH
2021-02-24T23:23:48.860657736Z 398 qYMNrnxyhJpZ6HixBlMnaYqlNS1zRjdjhW6l5oowWt1H4SS8UoDUawjrthuz
2021-02-24T23:23:48.872074897Z 399 uRGwBeCpW4hE1rZgEYndookQ9is2z8z5SuuUVNGzOmOHwfhUz99E7OJ0qZ1y
2021-02-24T23:23:48.882878264Z 400 dRPJS2lzg9FhjWulSskdEyEFkxpHDMCISpiMUTk3Z3PRZSs8Z4V8eBH51FTa
2021-02-24T23:23:48.894427948Z 401 hD7caAFqMvgqzrR4xTUMQtnN3gCTpj4xAf9jIS9b0QDpKFeM8hN88qdmSySL
2021-02-24T23:23:48.905412431Z 402 FAK9WLQPIwUU5wqd6mGfqFOJD7qXnlcgviBpK60EFRsMY6MWBK0yQQcHlyhC
2021-02-24T23:23:48.916298201Z 403 EPvM8giR6tEk2t1Cdvjszmgq0Unlx8DVYNhzx8zQ0ovwkrA28HqChtoTqJLE
2021-02-24T23:23:48.927025111Z 404 MndbeMf2ffsfJ659A4GVaThkKonR2mERVfkHLOryTA8VbNisKmWP0Hsuma7K
2021-02-24T23:23:48.938765994Z 405 G2awjiOD7EI1uHVrpeMRkyzMzNrZcygHHKDBxW4aQzAkLSGdawZvaQ3SE61h
2021-02-24T23:23:48.950599198Z 406 NuzgqTrCT76guL2ACxon5SxkUyu36O1kEqhvXBSDY6bg66Z0li7QRqB2cE7l
2021-02-24T23:23:48.961321241Z 407 FwJi8Dmy2k5JMARVjicGLeLsRiFxHi7KDWd7O6vt6WfWQZGjeWA4IaAYAshk
2021-02-24T23:23:48.972718517Z 408 Flagh7WXGEGO1of1Bc32KkzG4B5oe7qBhVauBUOvDTCm25CpKGEYlBniLdrt
2021-02-24T23:23:48.983866627Z 409 oxCfE8Qh6ugcr2LktK0QpBNyp5jJ22xtBAsGmWQ4EU97sB4c7te4KWzISqVQ
2021-02-24T23:23:48.994939934Z 410 psRaSzI5K0576fGSEWl3bQizm1qC8QHgWkVq8l2hh169iZ28TnNE9DGWlkx8
2021-02-24T23:23:49.006625519Z 411 PCbec9H7imyfHlwgNmJzQqx0ZoOBO8FELy4B0wczGCwDROzibSNx4sQIfewb
2021-02-24T23:23:49.018892427Z 412 jeaMa03T2ifR7T5Jn27FaBS7OlLrV19wTfjLkSEtOgd3vd1DS3V3PPdMLsIy
2021-02-24T23:23:49.030082404Z 413 SGQ2IS8vfnmEIi3FDnSp2vmOUNNedBpLw4HDt9IrdsnskCqNlsH4w5gHmUG9
2021-02-24T23:23:49.041447673Z 414 WWEP7lt3dY8eRrv3V3sUgYgZmiPyKW5CiwhaU2X1Es2V0cp6jpkTab00WlsW
2021-02-24T23:23:49.053336553Z 415 tMubE7W153aQGkaEtW6kmAj8ajMQdeMh9Ab1nO7xelluMEZ7fNN8ScvS06hG
2021-02-24T23:23:49.065229023Z 416 HJQtRTvf6wJJHrcbubDXY4mnvOfScpcCEtE2RVleasKcP7IJruZFuILBExqY
2021-02-24T23:23:49.076712196Z 417 R8jR6aYe8p8FshDlLZOTUyl6Va0umTSFOEwwcCcBWoxyO0NipRgcr5Q6EvHq
2021-02-24T23:23:49.088483486Z 418 BkLDNvte6U5HyLgW522evUG8rIWeSBqKYA5XMapDAXVbRBd4WgnAY9ShJGSH
2021-02-24T23:23:49.100460678Z 419 evVLayeejZQc2jQsCm1saT36fmf4tAC1CW8pkdtfMFH2lLJRqBv5c3kd2ajU
2021-02-24T23:23:49.112258161Z 420 4brGH2vvSgI261z5YDkGXWh3HgQ62pvKMxxZrexUfv8BYXgBnhLf3ZjCEeXA
2021-02-24T23:23:49.122934996Z 421 XSzG5Uyphb9Xs1xv9oBCRY4kox6NLppiudUbJrXRNce2UeYWfyyxL36BYh0g
2021-02-24T23:23:49.134395866Z 422 a1N2D4dNU0im1kKUVdjNXK0FA9rHGnFh921vAGVvXBNcnHV2y9MgOYIve7ta
2021-02-24T23:23:49.145233527Z 423 WttGZrxiCMXzqUjaxNnUgzKA0jSAHd5yE5b3E9D6UkC3XcLtrf2l1K6smuKn
2021-02-24T23:23:49.156374341Z 424 KoFHOVg6CSF8VSXEAgtgJEnz1I82DUTp8QTSNl82vzShdiGIokGADHWDsDb6
2021-02-24T23:23:49.166863887Z 425 DZMkk5MXR9E3ad05Xh5jdekVGNsjLPU5a4wo9X8g7aFLVVEv5QZMt4wvSGII
2021-02-24T23:23:49.178290363Z 426 WmlGy4oJTe70BtdKHZEi6iBcMKpaGw5UvL8geYkWpg9V0nkeDZfT8JRip5eB
2021-02-24T23:23:49.188976641Z 427 t9b5SlFf7JS3PVdHwZOTxveyOvcGcv8BR7S9AyFjZGWKkF58lSeNRruVwCRb
2021-02-24T23:23:49.200295601Z 428 Zj75LW3CXHA6Cp0lCZSRVk8EeYwTJEVyD6nReyuDyVb2c4U9wAtV8SFotV1t
2021-02-24T23:23:49.212067239Z 429 G4OaaSz3QWoN3MBLyLPZptT6qhBLny3epiDta9EkLTOxQxJraETntWtzmb1y
2021-02-24T23:23:49.222614874Z 430 wSQjJlAXGYEQMNeei5vkdHcjWbWVU50FwoFiaAASkWRckJHyhIR5qBInYV7O
2021-02-24T23:23:49.234728832Z 431 8njw6DACKcLlITtyafuMWnFc9f1uSlKS4CSqYrigNW8A8ZLiD0GJw2803d9d
2021-02-24T23:23:49.246085310Z 432 bunoEUG72Y7KXkKhGO1TMAlh935baL9eay2O89vrrOT3FL9YG5pkL9NzDuNK
2021-02-24T23:23:49.257333762Z 433 txABJdUUgZevQBz3j9e8Qv7eahmEmOTk8oOQfyRvBrYGMAB4kNARhuCDUB1q
2021-02-24T23:23:49.267799964Z 434 QesvBzUp6zCiiSmy4D82LiQa7W6byDRXA3lQAnc6tq6bY8vopVScYIA22X2o
2021-02-24T23:23:49.279574842Z 435 F2CtwOjcTjv6WjPMCeI5jvZa5kJO1peqcDhz5fgzMF2lANLmKbJvBCq2GWZu
2021-02-24T23:23:49.291546492Z 436 OERC9jnitpho1jLUJucGs8o71pCiJfB8fOr4Apv7eT84aw2bEGT11nHSAy79
2021-02-24T23:23:49.302025885Z 437 G08zfyHkTrixRICgN4Vfh37FFMIdo244Da1aVyrBPW1QgiKcgXqTdtrUsxTX
2021-02-24T23:23:49.313226460Z 438 FFRiHcVYU6ROgPWKZqiHONlvUCw3cgYhGxDVL9q0Sw1tkOdDPcSEyTe8Za9U
2021-02-24T23:23:49.324333593Z 439 69L2pBuZURD6x1twp162BUHn5tg6zWAGuoMCiEDrHhF9Z7ZhjyxV0zDQucxp
2021-02-24T23:23:49.335292426Z 440 LOsLaVqbR1ORD6aCU5xEls06VMiiywGoVx3NJQbPbULtDWVHlJJ6tZcCT1f0
2021-02-24T23:23:49.346277280Z 441 19gMdoY31lEEPg4U1NpNocqi3CxRezHwf6IeBvCET9jm8GLZAJWNlcmf8xjG
2021-02-24T23:23:49.357503374Z 442 1PFYQ266VmUYvewbR5ErcSvrhqZvTrb3xC3lSxTvfsAVkKHjkExreCKb0qGo
2021-02-24T23:23:49.369109596Z 443 n9zWVdxp4qwezjHHZl4BM0f644RXnxwo74NdanycvSnGopANr0KtEQqESxzO
2021-02-24T23:23:49.379805200Z 444 cVfBsCQRVKA9hc9zt962hEDVee7E63XioL0CCkRI9pFj0musychoAhoNwOYu
2021-02-24T23:23:49.391206203Z 445 nnrxWeYgudZY6nPqzN8i6W9awASrQHf01DiGoHfM6QyeoOpm4LChgB04ae1Y
2021-02-24T23:23:49.401799454Z 446 VIzxtN72Hj5tVcgRfwCGfFWAg17s07kFXF0xgATaMP0R3nbWBkP891AEQc1H
2021-02-24T23:23:49.413177673Z 447 YMFCfq6C9K2NlCZAJHdExi4MQDIw3dtgbsRHHTN1Ze2rjWzVJHBzcRnijQXV
2021-02-24T23:23:49.424478294Z 448 tqtABEpiWH8ovso8zDoEoOjafUQ3BkFwKOrZxSRgrJKvSZtH43aUPNxk86y7
2021-02-24T23:23:49.435688292Z 449 E7e3Mvrv01bcSHj6QZ2hm1SpkbvfkgZVEkM9RrNKBXCdue7KeEX0w25ROskf
2021-02-24T23:23:49.447595927Z 450 SlmKuUobjvvGnOPN2M1oS8RzmFcQgKwbZsX5d9xHixBuEUep3ouW4fdXj0kv
2021-02-24T23:23:49.458478517Z 451 MF7XpuPxnFKo6dGHwsydTvH6lHKsIFIlJ6rmidkiO3OnyKxGI2B2NqZo2Fzc
2021-02-24T23:23:49.468789866Z 452 Alh5gi7dr2E58ttmJfqTLyUJwMljaNXmvwTHVvEwt1tVAW5tSY86v0mdb8zB
2021-02-24T23:23:49.480602298Z 453 3MzyXR9re8DmXeFOcifCIzauyV2XDDpQwdBoYzJp4yyJKovIl9AlUkROFA1N
2021-02-24T23:23:49.491000807Z 454 n9Bot9b7Xe97w4oycevyLrijHTSY1XA9zPgu0ZfdjhxUTu98290RrwgxAufX
2021-02-24T23:23:49.502418853Z 455 ZAe5FEwQCGcxXbZUUeJybtvgLW6KF1ekPBM5Spa72Tbb4mixYM8NUhWLzoCv
2021-02-24T23:23:49.513069424Z 456 vZv6mty2LcK4Ci1DQFvIT0Z90NwSK73Gy3MbyFSIEswqVbJCfAFnWAj5QHMH
2021-02-24T23:23:49.523931732Z 457 cqbZHXpevXOuFQJ6nqNqzpp7ckAYRCtjjdEeMh6KnjYerPuVESv8wCoue1Xp
2021-02-24T23:23:49.535175075Z 458 vivTb7jS0YYv5wZxPdAW6frK5orGNMPGgUUXDBSOSvz4a5zwWjjdKIhJUFZn
2021-02-24T23:23:49.546699338Z 459 Sy9QIBttwkdJdiWYSRN9rdZo77GLbL26eHGvdCCL0bMYXzq6I57qbkVjIDfm
2021-02-24T23:23:49.557980201Z 460 TJvVtkhzuR35tzqlL1CBNuBSwXoEcPqKl6CbyWLntTycPRZOwMsK6sbUtHZb
2021-02-24T23:23:49.569535587Z 461 rXyd6Kxbnctl2nm8z8j0MHbjtLB9z6KgZ1jbdNT5OBt85i1IxMtRwhmO26UO
2021-02-24T23:23:49.580564764Z 462 dtkcy4xGtVpdWwW2ujYbK8dilQfSm3gCv8C075j1758BnfiKA62b5BGtUmH9
2021-02-24T23:23:49.591736121Z 463 BNRHQBULOc40eZEIDDCys0kk06S6mxDxByjdy5E0rQahNuxRQBVYhEUiHic1
2021-02-24T23:23:49.603877703Z 464 2Vv19LaDIbRA9PpZl29mtWSI1lDo1hFpIxDzTXKupkYSRK8ZcNIIww4VEvjs
2021-02-24T23:23:49.615261447Z 465 PkrKzsxBOtBNKwGLrTJBuSWkENYoMpoH5asMlpkdVlZ1EtdZwPoqPvJYWNu0
2021-02-24T23:23:49.626053832Z 466 hobMwadZCrFCT2ok5UevpzxVbM7Zg2FPf0jE38noF0EZjqxMoM76rYalhsWD
2021-02-24T23:23:49.637173646Z 467 6Mfr6HuxhlmMPpum7PCYbCcPj0Nc33qM3KUEf81QTvC6gd04EZo9EGAc3HAa
2021-02-24T23:23:49.648360468Z 468 S0HEXZg3gUwSK6fHuppnsknewtArRXDxRc4564BCEHqyHN762noiLf5dpRlq
2021-02-24T23:23:49.659026156Z 469 I9CdKHG1RHlflO3VP5KJHf3WCaDmW4SErVziE9g7K2IUuTkd07Olhm8wPM7E
2021-02-24T23:23:49.671256830Z 470 cXFGvoGsyo04y06oHmKgWLMDVfkn5gmAj472UbjuwxjeFEX9KAsL0s7fYsXD
2021-02-24T23:23:49.682514466Z 471 vA9uzHydypui0ZBQdL5MwzUZG7EkaRNBEM5y7sMHkzKgQFlRt7refIqVP4m3
2021-02-24T23:23:49.693986982Z 472 XANHrxGNkkeP6Go4LjTsIaB1J1BZ1e13fgd427HYECDQNQPFH8KExMqnEqan
2021-02-24T23:23:49.705190352Z 473 544Xd4y2upEGenirzEOr9X1dTeRrgXniJGsoDRTo3NgNky0Tl3z8Q0Ouh6ry
2021-02-24T23:23:49.716633623Z 474 reVi7X0imIrMFZX0wanIhehZz9d0SYR5UDZFamuXVGSsOWCP4wYP9Mn0Ljwr
2021-02-24T23:23:49.728214435Z 475 B7fbwy4GpDB95rNaSIp8ph5YA0zgM0eZssSEs72Bc88B3gNGZ66ymgF2oOK4
2021-02-24T23:23:49.739441982Z 476 iTp7uRLR5YHbkvf44WSZQwSWkBX3L5g0fEYt8I72ZSAHhi1V2woLXjlUmh7R
2021-02-24T23:23:49.750495620Z 477 20q8J0BR2F8t2vqSP5cnrgfUkBV2VIsJNcAqufkn66R9y9RbIVrjxVJYjTAd
2021-02-24T23:23:49.761678287Z 478 MKhbSGY8nuVxVlA2ZL0MtJxTWK1awBFMwnzo73sGJzxR52jmCzkDnFAmnGJc
2021-02-24T23:23:49.773157661Z 479 jRRh7xxJ2qn1PxR4L4NrQMGKiUAyn9DA6TLnylhvaG8KmsclfUzEWgyvBhF2
2021-02-24T23:23:49.785305678Z 480 HZ3rJpBz8uWBTDB11G0J7dsW6Oubg21SzuWBc9ZtkF7fueQf9QdMRNfByfVc
2021-02-24T23:23:49.795779538Z 481 aEYIt0MUYNNsHFBP9ngE7VzJ5wIQRxonkph8VJnAnzXBfLKYNe5JyiMFRqtx
2021-02-24T23:23:49.807405095Z 482 5xgxAP9THm6zrvn2fzE8z1IcJREHIYKNqwNRhIaiRscnKXxlfi2MCrsNmlFk
2021-02-24T23:23:49.818297323Z 483 Tg8EbWrccDVhOuuoklWcuxw3N4anMXoHH2HUZNZzNGw6aSj6MdpaZLmrMIUg
2021-02-24T23:23:49.828807664Z 484 rgvitt7h4iO41iBJHnMDaaT6JVeQNCY48bf5VVtqVxsdLFE3Vefq34K2A7Wo
2021-02-24T23:23:49.840215469Z 485 OnjwNEc4A9rys4ldAgpeMTbMNklOE02D5Q7yNORFbjF2Hih1AVbcKAWKr9Z3
2021-02-24T23:23:49.851557449Z 486 SRERb630hSGinVI3RLM9vk5uMuynJOVjilQq99A45aIhyZXtIZRVfOgRn9le
2021-02-24T23:23:49.863772371Z 487 GkQyAOkvQd9VrdeGlTWAu3twZzlEIyiQnTioznkTDe5KmAIOmgI9W6ILb48Z
2021-02-24T23:23:49.875916238Z 488 11u9FqAj6CN8YjCqtGmwieeluYsUmq3NlgSN6iCkbIQjrInWGcfgbUbVGjDM
2021-02-24T23:23:49.886977802Z 489 cnnu9Aq4hkW7JwgTPkGVLj1Ax77ewTTeewcKvKt9YP9Ap59JZNrmZy22lrUH
2021-02-24T23:23:49.897802178Z 490 230YrioqbDIeY8T1eYP3eG6Mcto9qQbZZmdjDeY11C09HurP3JntL4CF0jX3
2021-02-24T23:23:49.909041098Z 491 OtF0MdTu3nc3DNgLexyjt6TowFz2g8rgbA2i3ajCT6j3DZGMdP9vXAXA0a0P
2021-02-24T23:23:49.920111896Z 492 pUSBfCNSOsLMkJ7u8oGsCWyKubEuVkZMrmM4rsmb4aQg6fQ5LQ0K8cBm2iMA
2021-02-24T23:23:49.931850343Z 493 UKH4IfRqVXIHVuVEdCRq5xwDbxtBnDEM3cu9LkmAYc9TAhySBaGSOQOEycBu
2021-02-24T23:23:49.943981715Z 494 GPm4QbMKyrpUQqQdSCSV70TPuRHvapu1qPdQo0gld16MZT3L6bIC8yUjDO2g
2021-02-24T23:23:49.955244724Z 495 fi2BQxUALorH0Pp9XgiKlXSgEtd1eScODGntwZPzF1EScenuBnfyUG9PjCam
2021-02-24T23:23:49.965863490Z 496 07MWilxYsKrMpt4EiO8xrHvbxV0QHUWA3cLgBrh7qhiFT3LwC8or8mMks4NC
2021-02-24T23:23:49.977155283Z 497 K0oHwFe48cNGqF5a3ZrVR3K1fWQQhHS4Bvv7IVWAMbnKzF5X9kLuFUe98oUa
2021-02-24T23:23:49.988587447Z 498 YjQhhziZk8ucRsE2BbtVLelyCxtj3aMq5RCyQcGg3jzEN0D3CiKUukCKj6Pj
2021-02-24T23:23:50.000137328Z 499 mGw8i24lgWMmGBIQyIDLyD1qLQarz99SiybNxuG2ZPMPvk1QXKB2Y5pjEOz4
2021-02-24T23:23:50.010998255Z 500 W34FqEbVBuO43iQUpZbJF456Ka1yWZKvjGT4C9hoZ1j17FzXStcsKiLmn5UA
2021-02-24T23:23:50.021958425Z 501 I9pux7JVLhtI2QIBYJaGy0EopSjQ0rsM18C0x5E6o6IHZZl67aWRHvTQBUwG
2021-02-24T23:23:50.033020554Z 502 ITYkUFxRZGxlWRP0M6MfDer0KF4nRAmLFOx0pf4wtrG23k98JtgSoPjvKsFx
2021-02-24T23:23:50.044354601Z 503 jEv5IZhWdjHCOH0EB2ZHpPZ1bXqwG1Z8OJ76ChC3SJrNJIEJp4qECjz9tEHI
2021-02-24T23:23:50.055409923Z 504 Lfk63Ws6MOWoAAePGYKpPiu9NQSZnoqKzdGkOMb1CqYscvUfzsnD1dgf3win
2021-02-24T23:23:50.066388767Z 505 giejzuR9jnF7FWjyAVj5MZLi371gQKwpRUR2hfy5cC5zHtzrt8qrxtZdowHM
2021-02-24T23:23:50.077642150Z 506 SvsKtO4wHLAD6j8Zh2kxDWw3Nx1shUF71MUCqKdlY9VSWZZcwxoZAjrFxWsY
2021-02-24T23:23:50.088052779Z 507 fCPOQt0RmWkRhOPneXiMhSgZ7CBGc7OKUapZONF8gmO0rFBwNRNjEGe4L8lC
2021-02-24T23:23:50.098860744Z 508 8LV2wdOxGyRRxLBy57XgS2angwJHR3YBfkkEsXRjya023hm3M4KT09RWd0EQ
2021-02-24T23:23:50.110046575Z 509 4AVchvf2iwHUvR2u5HLxhZNzEc575R9WYdQBMc9MJF8t4jVqiz5rXzEmbxT5
2021-02-24T23:23:50.121866116Z 510 OuRsyEUZF7eD5WYH8X79ATRovKUhYjHFuUc4lX3SSu1mIIvFgfOGk1o4cSij
2021-02-24T23:23:50.133430097Z 511 f4mEdBlbnjMJaTHCnEv60mui7wLB0lbfLomePhyqGQD23pZQheMdKrJtPRV9
2021-02-24T23:23:50.144459648Z 512 2Q55i8fUZY4ZRBGjsckO7s4TA5zT9NzqDMj4vAa1iEtRxtS6xzZjxQT4VlTt
2021-02-24T23:23:50.154790364Z 513 Xj34RExEiFkKSDWkHD3oGTZqeH8SlDkHDaDFNeJSDRgb3H1jtuVxRJnMiLxj
2021-02-24T23:23:50.166472012Z 514 XBamBPTlYUbjncLAOcekXXhfL2ePEZ1X8RGNjsdgbQ0iKuqJ2ilzAk24lIWZ
2021-02-24T23:23:50.177939856Z 515 UJaK2YO0WJk0Ut8VEhd7r956PXM2MDKpfDAgbng5wQRX05uNlAqdPeIcGx2v
2021-02-24T23:23:50.189396200Z 516 VuUlcoUWqfxDkMEGoUhkV59b3vn7ExYKB3yWGK5oZlYjWClCwiK6MnVj75Qu
2021-02-24T23:23:50.200227675Z 517 4OL6NjsoPYrlqExf8x2UaFidqy9hBk4yPERxSC3ehPlbJ8EP3nw7PsW8wmaA
2021-02-24T23:23:50.211552250Z 518 i7ASl8rSC3bMX0NcjSGpBZVUnfkoJkLL5BaVhDCB85JleTBGDgjsC1Yw67P4
2021-02-24T23:23:50.221956232Z 519 kbqN2Yi03U7ovbmgnnq8zLwxF3UiaZxZYZWiMOCSiOYsHZnr4yk0MjcMrG6Y
2021-02-24T23:23:50.233294891Z 520 7fF8Kk9PWUZV3VAkcYKinJ7RW8sb2NDcLJLWxFaAQzsZJItx8vBjhOy3BJqM
2021-02-24T23:23:50.244651935Z 521 aGj34Bn4dw5NzPj93lueAPna2ByUx97qcYJdWZNsENopmYJMZIvzrCYxtWaG
2021-02-24T23:23:50.256073104Z 522 kjtEazpdWenhTFhDlk2LOs5B0raMIXjE9jwxuM5v0BJDHKCXAdJUaVoK6muW
2021-02-24T23:23:50.267391467Z 523 2HW0LmYrLO8LeOYTQVj6CTTRP4H15JU9TtMzDPFxPOdRogxRZyIJzJnJHVqB
2021-02-24T23:23:50.278071311Z 524 Sf8QODTOnYJ3iEFIIN4vHgtQr3TCJdwVvTv3gZ5NLfWKP4xk9cvifMx5qsli
2021-02-24T23:23:50.289622922Z 525 19Npx2msIMFw5McGPsv4667CxyBc5rGD19GR403Tl65VTI36tQD0T7ARntDI
2021-02-24T23:23:50.301244633Z 526 Eec8vyKJiQBMN54SwmVqIe9zbdg17DZx1FWUgEToCRXgCIAh4vSOVuZS7EX4
2021-02-24T23:23:50.312415491Z 527 sfKdSNMbsUXzh1QvziPGfH9QZRqaQHNF4WIGkZld7GIbRY0WWcNn11N20jpj
2021-02-24T23:23:50.323559583Z 528 D9KjaL9G4NmbEXe2TuUnb3xuf0oLQXCjwJrxhgp5izlPSBqWdeGVEK4uZHv5
2021-02-24T23:23:50.333945854Z 529 t6QikvZ7aQxiUlCsdMpbpqkOQhsyBtkpQailSFV9F2xwwAkiZyLCw8VassfA
2021-02-24T23:23:50.345326605Z 530 jHrDayNs13athxdQfNmYcN8eUrD1reZRKlaZeQMS6yIUI90Pjw0jlE7WRUvN
2021-02-24T23:23:50.356923687Z 531 Dhm9pBfcJVie1JdLrU2QrbgJWNz94Ius2JQvCd12fDdwc8Lh76Pgw5WoK2V7
2021-02-24T23:23:50.367736391Z 532 T3wnMNIYs5Gw7DvVMP9zCDl4qx4ocd3AwsHvXCta75LjAwVjwx6uz0HQqqkE
2021-02-24T23:23:50.378966107Z 533 AnrMxXcI1tYH14ZiqnT88X4kd3Fqy3osKmUiT4S4OXDHrDUOlJX4seQRyr1a
2021-02-24T23:23:50.390021065Z 534 h6CQxplOG9Q6CR7WAW1D9F1Bp7AIm3Q66qc8RelnkUac6wxFPoODkDr30gbl
2021-02-24T23:23:50.401479049Z 535 lVJW77qYfzl4A8KOB9PlX0a91ZgwZQhK7w3vf8POKCYBPAenrrft7kmD39de
2021-02-24T23:23:50.412178931Z 536 vqlDb72388hvaCOo4GUxZDO5AXAweXVxC0nmC9b9cL1NwYKgdFjwTnbylAo8
2021-02-24T23:23:50.423503095Z 537 GOdCcUcp2DWfMO1fBw2w90k2vGh79a7RMkgeh1Tg6Tpus7TWhfshmM4CXP8d
2021-02-24T23:23:50.434465877Z 538 6nXuvzNFPJbFC8xZFetvYRsWyrBBgNIGEfYIBdMinDkRhAFGVHPWtybYWxDQ
2021-02-24T23:23:50.445390241Z 539 5YgLLV6E2K3UNfIlg43gBqkb5tuHR3xeoBqRbD8GVh6gF3qniXOotKcbCOFV
2021-02-24T23:23:50.456650168Z 540 7FhbUZQMt9NdTd50t2akZSnpcrQ0sWnCapBHGmU64DXdyTlPlotOl35atNv0
2021-02-24T23:23:50.467506648Z 541 oyUVeIzvJEWCpwDUvTTJqTizekCE6uG0RHAx8ruh6WHz7v3W8RO4qeYj9T2c
2021-02-24T23:23:50.478047956Z 542 QuCV3yIZneWezfc0daI5AZFVQyY9UYEOUsqrxHFDTdqIK05YtnmiblCffGT6
2021-02-24T23:23:50.489811291Z 543 A84dpzn6ua3IlwPPiWSyMawgiraPuBoKWliEkylcDb4gkAcYg6Mrcx6GPByg
2021-02-24T23:23:50.501162420Z 544 D9R8jiBFKjA6UmDPO769dWRiyPJD4IwA3aHUTL6ajhMi00xQ45ojPi2TZVPL
2021-02-24T23:23:50.512412360Z 545 TtexR6KhOyLGqgmgP3Rw0AajcOfGvXepH4gvXY8pTBuTs3aYJ95FjaWqgPOa
2021-02-24T23:23:50.523794028Z 546 FJjkIG3vlp8JhFxPg1Q9oQ2vCACwwyfdBVreUsSEGeVfLwODZkc9BPXheB75
2021-02-24T23:23:50.535159777Z 547 EClAFwPPOy3B4FV69eT8EHGdaFT24eRYE7Mk7DvGdcpHzbGfNZW7HTu5WCnu
2021-02-24T23:23:50.546856511Z 548 kgFqsR4nPRwXC3CyAf99gvmjp2CC58dGRl8ZRTLYxAO7LnJYyYOjjzr7m92G
2021-02-24T23:23:50.559128677Z 549 ulsYvCjqyXLVsvZ4zdM5NWUl5C1aIGX4Y5GoMDuQztxs3eJkQx3VlZsiCmKL
2021-02-24T23:23:50.569867178Z 550 7dl52atCzGrj8FT0Yg24kbJH1RlqxU1Vjohgg2KfyGW3PwNitO8Hz8QVG1oo
2021-02-24T23:23:50.581159850Z 551 nDilfC3j0lOIaP5keeRyG8QXgXp4Zv7r25fyZf2N28OI7oOqTDAzBKKmFAZ1
2021-02-24T23:23:50.592403724Z 552 OqKV2gmOVkg0Uz2fhOGCsxJyC93SaZnw23yBRIBMrn8gSJ8w2qu1HR8B85Kl
2021-02-24T23:23:50.603556774Z 553 0MOKJlEZUznBreYOmztCddvLQt1D94FAvz47ENY2RkWjVvBVR6VSmjWw3Ifq
2021-02-24T23:23:50.615718723Z 554 dKdA2a4M42Qpx1ARRZg3lhpnajSrSQzVktWoD1xo42L9v2zfjfJOlWWJ1LZm
2021-02-24T23:23:50.630347338Z 555 yVbNpRmyiBhLZ1UrhfI0AI4unQbjBm1Se16LIIegP9nLDbQ33jHqdgK6AdKY
2021-02-24T23:23:50.640861933Z 556 7XZjXvB2UcBUKjN1Umk57uHODPSpWOppXX54TKRF9UwNGvQ3ArkU7eV51Ceg
2021-02-24T23:23:50.651955006Z 557 3yQKnNaTm5bJUNnrdVLFIghwXYyq8liwGR7gYVgxWmtqdjn0w5EJ8JLPZaVF
2021-02-24T23:23:50.663782271Z 558 EsMKsx7WEIwL4Zkv1z2GScZ3cgbCPjwfgTBMpdpp8wkYETcVfr1L1V1hs2ts
2021-02-24T23:23:50.675425716Z 559 BjAD3BmSM1O2RfPHumqNUC6QSsTXmavX6yrEV0ygyE06obKwisPCl2QBBMyn
2021-02-24T23:23:50.685946113Z 560 gxFMd1RaA7am70BBHngMIB8bc1HyvYL73IRgRqt5koJHq7wUdvMjwk91Qwk3
2021-02-24T23:23:50.696954456Z 561 WZvwggk9H6EbnHnBBYbWpezeuUj7cCoZqRTjerPEct1L2BI3I5LBS73xpmt8
2021-02-24T23:23:50.708075530Z 562 Jb9uXtW6EZTWhvX0CbtptuL3DHu302p6q4b9UoJqyoM4tqjITfRWlLYAJep5
2021-02-24T23:23:50.719137100Z 563 WpYi9B0VQbNLqXDql6N5ikO908EpeaFOJ5gPDTUCnTeiKOcQj3KPNuXWsPjJ
2021-02-24T23:23:50.730612057Z 564 xkDwOja5ZU9XBpVtZobFCYW4P1HFqjteDNOrvsQcsh1WwPd1NPEGDgzCgMB5
2021-02-24T23:23:50.742267691Z 565 Hvu573yPUe9y9s79oOSuimtPiGvQzADpEoUpvUqtAOeKZqqIKFAIqtURjMaQ
2021-02-24T23:23:50.752942518Z 566 0mWRM5FgQcy6gKwSYOfvG3UOBBGOoHM0D1hHr64xmqXxU85Q2ZI0QEpStLpH
2021-02-24T23:23:50.764787383Z 567 tHzf01xR9bPYFBrowNDbuDF3hpnPj6lQbezT3IkElSFEuMVvrafBq2EI9ag3
2021-02-24T23:23:50.776462100Z 568 6sGNehJrR2wLLcKVs7z1dprdD37gKvOg4RqfAONp9GRoEOi3cAPOqjv2OdQa
2021-02-24T23:23:50.787645686Z 569 8WPsU2kYGvR7S5lcKWcRjyKCeRxCI5VhdKdLDZyIvhRkHOm5YR79IeyfMEpR
2021-02-24T23:23:50.798065223Z 570 NrBknLliBOQCahxWbLIsw0s8XgZ5uv1En858G57LIwsakAY1HROGfyq2dWq4
2021-02-24T23:23:50.809235247Z 571 kGiSHI2bxxdduGUnjh3vURJf8QjbEFBcGdgxrpQBHL1f2qCOgIOzdjqvCIry
2021-02-24T23:23:50.819809008Z 572 iFGUhBCC46SeMCAxNoh15bvadntNMVF4A2Vu3KVfPnoRrOlE0RqCNgcwI7BP
2021-02-24T23:23:50.831761757Z 573 ji65NQYIHL6OfPzcWJed427bpmRPlk8MbT3vMR8lkoji9UwIjrjX2maQLHSW
2021-02-24T23:23:50.842966851Z 574 WH0vJ7FRjqljDBsPa6jRrCJ3WwtLpInlYuZkgLP47aGuf0eLHXe3ZtMDi8FI
2021-02-24T23:23:50.854358885Z 575 0nhuEMr34JC3FJqx7i058mmiTevUnwJCI4KKDbr0kLMCin1no7WMcdGXDvr0
2021-02-24T23:23:50.865570524Z 576 0dUQnmSwZtX4lyHnFHpDEZy4NlcZl65SfIkTAp7SVB8hMaN4mz0PpTkEVMvh
2021-02-24T23:23:50.877258996Z 577 nySqx1yqrJweTwzO2aQmSPLkeDhGfOv3u0HjLDZgdPF1sD0eNwVHiRXM6aSc
2021-02-24T23:23:50.887990074Z 578 Pmk0s9GjYAtnPzOjPquFlBv5W2hUoykzOt1fspZrIwvXYOSEM4yZ3EN7S8rL
2021-02-24T23:23:50.899509123Z 579 DxVNFehswfdoOa70jJEPH9nTgxnAl19pfuZv9501hoeYkddrBtmshvuhJRxu
2021-02-24T23:23:50.910627266Z 580 0ZhkQ7KcBslEjuvQfUUtYWBS430jpTJZLTWmrvChMxdSfDNc5jSpwMGkV5we
2021-02-24T23:23:50.922653039Z 581 bFctRicNjjc2YQ7uSA0KysKOO33v4mLHks2TNaaaE3kLF7l8hhl6eFgarLMW
2021-02-24T23:23:50.934258519Z 582 2j4068AGYJzl2aaNR9ZXV2XaexqNTpVmGLDAsUKqFTiiO8o8JqIsFxZ9I5bF
2021-02-24T23:23:50.945645728Z 583 7MjMy3KJi6vqc426aI9rSRltBUvioDm7Wkc0vdHG9KdcMjIEpgO9Eleytz3I
2021-02-24T23:23:50.957332017Z 584 aKSCl1aTZp1p0I4uMKBLTh3b6obXCRbq0qNUF25Ju2HnsRtFP8veHE98o7FI
2021-02-24T23:23:50.968059125Z 585 4jP5GdesboUjaVzBuK7knIRQQE3wVndgQtortHmHIXK0V0rUdRQIgJeoRyTq
2021-02-24T23:23:50.978898098Z 586 jXudK4fDvDnoCoVfoqROGiXlsWNgSI44hRm90h67bgPEiRVWlVyzFSlEhXs7
2021-02-24T23:23:50.989957169Z 587 Atu6T3Nvz35nahNzR2HsyxnmQZzV3YjprczgUmCqCFvrHZYO9urhS9xqnZMT
2021-02-24T23:23:51.001344601Z 588 r609fEGiwfkV6pBzWpwPuZD6Ex4ro1u4BYsnoFAIsl0VmbxAafeewdRJdmeE
2021-02-24T23:23:51.012242399Z 589 uIL76YNivnPlfmFOjxaCBseS45qNDHN1s7hR6GnWnhnSAqt8yHZvh9NSDKM9
2021-02-24T23:23:51.023114112Z 590 6IqHzA6kmCLO4GRP8rkmmbRuoPr7SunUVNcNX0Z2gXb4XyAXIUgKsuyvJaYH
2021-02-24T23:23:51.033967264Z 591 VOLihah7ocfG5kCnSPKxRLHLmvd6PFfO7Y7tI1aA9dKB3gFhFATXEXTsyARf
2021-02-24T23:23:51.046696102Z 592 QTQLWs0pwpWZ90h7caHr1VaYPWPU8uAUB2dJprVVxLFDmv3CwyGQtchB9d6u
2021-02-24T23:23:51.058594943Z 593 vnUn2lKtOXA9ajw3G3gApXvwOtwTPujbChHaccy4o3NpXPz1F83J0dRb07bG
2021-02-24T23:23:51.068813183Z 594 lv9CV3iHnXbSfnFp5DHwzhmJ8DL7fA06YfMlCCZ0vPbTWWVUXPLnSOLPdsyh
2021-02-24T23:23:51.080232245Z 595 wIyZ1RniQxc9r3IU8YzmzjxykPSsLPwf2NBeVsYeDdiTAIPaRBa5YXvu3LjT
2021-02-24T23:23:51.091643342Z 596 q1CprtgD6UyDspAagRMHFzZ6yL4R7GHvLvrjLLSdvGLD1qWQrHTYhgyfWSWW
2021-02-24T23:23:51.102119339Z 597 52wQxvMdpR83MKbQXRHgXB8yfzSJvB1Dk9ce6NxvfBn1sKIcJ10Cm0yCZHE7
2021-02-24T23:23:51.113797995Z 598 cccxtKwxLGqllNxDoDJ43sRgClMbHiIr8ZVSPBQ0iqeN845gL7gRZyt4o9T3
2021-02-24T23:23:51.124911376Z 599 BzlQX6pX2GR6c4AgmpTVeEaTsF0S1ZxrM8lIiOGZQZ9SN1Ml6P3JW5k4uAdS
2021-02-24T23:23:51.136588491Z 600 01MQNMZZTwo3gvvRitJXi5jRjaKus6DaaXTzMrTAWIhfPLSW9Z7rvaSjJM5P
2021-02-24T23:23:51.147994355Z 601 5DkzCh5FrOdsFFalHRZYnrKhyp3npkMDjczsu9bdjEteo3zkQkkjIKZ4IeoM
2021-02-24T23:23:51.159286840Z 602 ikePtzbFF2dulrj3NW6YS8McuieM5weY2DnkoCCkPxPRIko2VMJamOkF9g9u
2021-02-24T23:23:51.170499061Z 603 ORkp9kDvO3ZfsH00TNsRDUvzXlIvOZGtZ6QmzErbWtyfQAUzZV8v28JFnzbX
2021-02-24T23:23:51.182323828Z 604 L6q3wyCh4nGPYWBHDLobEgcINFg7YXqKdSxTpQbLuJimF83uIjBJyJHabh5y
2021-02-24T23:23:51.193645073Z 605 5KRV2nfqf0rkuVKriIVSassKhMUAi1oRH1wBsl1g5oxp23oqRaPDn1NkTxnq
2021-02-24T23:23:51.205335252Z 606 gLLP7t1GWKLWp91YJ33I7OF7Jo3h2hsV74ucVFF4JD2sgVUnI0CtsSCBpMfa
2021-02-24T23:23:51.216569004Z 607 yYOXccxzcpdmF5Xu5FjAPBSmIo1SVqvzSVhPer5LNPt3TJqhtjv2iRcljvxY
2021-02-24T23:23:51.227115731Z 608 YvqNucU2Gg8movffyaDHa8chukWn7Zl5Qn3clco4i7wgpjqg4WxXXXrnZwZl
2021-02-24T23:23:51.238771572Z 609 rS5G7JivKF158n8LemuiPnFWaiQpjWRfViwLb1angRmKZZMMaSmNFs8QvqlA
2021-02-24T23:23:51.249400785Z 610 BH6lzHul6FugdSZ4gytcY4j1fSknkCnER7v6bnMNznY0k0OtSOxMbpVPjb4U
2021-02-24T23:23:51.260294643Z 611 aa2uUVcChxxUfmd4MeYmskuGJecMjFZfsx7iRjNzwXinjz6ijtK1C7KsmRc4
2021-02-24T23:23:51.271567602Z 612 87b8wngpNcKRIfp6eRXluiZPC3H3vzrrjw8wJtlo7Ydgz3QutUx9mj1ZQIoP
2021-02-24T23:23:51.282690612Z 613 y6HdyEea2Ho5eovvfAfB04mujlfHKZzxslxS6CtNvXCunc2TUK19u6P55oZd
2021-02-24T23:23:51.294057888Z 614 PCYfZfmhZz4Ubp8JnjD40JhtvfgYZ6JznJZoFVf9jAPc0icbBCGYtQheKjXY
2021-02-24T23:23:51.304853079Z 615 6i8DfbK0CPKebHNeQs9EbcGeadVxBM334VUx6BBW2ptRkfPVGpG6NHeXr7Xu
2021-02-24T23:23:51.315831890Z 616 VAOz8kyYZyBSwGybifJy7v8wm3pf5eKVl4wzHbKjbYT8YgRcwo7WUd1stYbG
2021-02-24T23:23:51.327146754Z 617 Wp4Qc6RdvVJpjQK4roNiY9FWdZ3MzeIntbqQeo0YCbOnNtpw03QR10tEiXMS
2021-02-24T23:23:51.337949806Z 618 ORiIooSlPENHjRgho2h4FPMXuvQDIBQIAqpdi9rmR24XgSWBdMx2DhxSMthw
2021-02-24T23:23:51.349183598Z 619 DWuCTHq23Gn2uimAnUv9dWRkkkZs8NyBCC6p5y67TWFusXpXwiiitZQGvz2o
2021-02-24T23:23:51.360431657Z 620 1LHwgwQvu9rv4fCEmgTxyVZxrtyCH9zg4XufnnznzMgpEk6fuxWRWTghhy4F
2021-02-24T23:23:51.371964889Z 621 OBO6ajyClJX19XRbQCtaHUIh5DfS4kbh2ILatpplb6gB1maXwH3hgUjA3D0T
2021-02-24T23:23:51.383098161Z 622 LH2CaM7nZty6Pt1DtUgJjJiTxOEE7QA23Upd1BdpBaSbcm6p5QflXiCecPqj
2021-02-24T23:23:51.393670143Z 623 7yMJpGs60Xz54S22zbMNenfL1xT25Zi6q28t1yEVoipYQLIT456J3HOFlrWl
2021-02-24T23:23:51.404979696Z 624 o9sLlAWqen5wWrMhqSRZBGNcUvqGjtS5K8EFiTjbvlPD9dy8y8Ypl64AZ6xL
2021-02-24T23:23:51.416490481Z 625 2kxDZXyXh2FBrNaBYJIHJHAsrSSDc2vcAgwp6c6S0M0zINAQbmFspWPDIfLK
2021-02-24T23:23:51.427423727Z 626 q5EQdm1V0HH4knHnN65MEuAQ9mZoz6UpiJeC1SQBI9QfRTvYNEPriWPX0hBx
2021-02-24T23:23:51.438244410Z 627 eTxgJiLzSP2AiJMjFfYMIc4hSDXd1BbxblRqUffNZWUygOm5oa0z0gF1beAO
2021-02-24T23:23:51.449439126Z 628 UZ304NzZy0Swcj6b9LkCw6P3XEEqvAsffZRWw75pVwO1lRCC5pUf2yr7dWTO
2021-02-24T23:23:51.460664139Z 629 81iPZeJPMZNOFhcMziq34EFirRvuwrLfJOFh4Ztld35yRPIXWru27IRDG4UB
2021-02-24T23:23:51.471478301Z 630 LCOGbjI9kWxb8W1SaKbFO0IK6wteA2piMpW3K1cb0sVErExx4yEV9cykeX72
2021-02-24T23:23:51.482478406Z 631 nRJof9rN4bgKdaK58I3lrbL9ZsXlwhofLB5aztMwVdFB1fbvmI5NbUOLAmiG
2021-02-24T23:23:51.492926919Z 632 j1fCm5z5uST3AbRYX3h7e0gUS3e5gJ7S8ABZanis4GeuKqrh5yR0Zr6zIfds
2021-02-24T23:23:51.504404227Z 633 V6SXmRfb29vLlXBvatGSxIKd5CS5LnHGvidmFuI9JIFMXksYiUVa1VQ34bUY
2021-02-24T23:23:51.515114752Z 634 oLI4GkkSM3Dn81s7BuAs5nvH8FHY9Rhsl14LLxAJ13jLmkEgJVQKkdsjzrhP
2021-02-24T23:23:51.525881685Z 635 kmMtecBfFWZQxhbv3BpD4jC05uRubjsTTIFXynpExuiGJafa9Yw4LTwwKBtq
2021-02-24T23:23:51.537463535Z 636 zkaYBHPdfEmv4bGognYU3IRKaEQFc0ZwZSPn5CvDDHWreIGouGInnIJmtj1v
2021-02-24T23:23:51.548576588Z 637 LKWt0skeXRHBVJvPll6A4WcQVJCUBZMuY5ZbL8HN0wXT7j5jG7QsoE6PWv07
2021-02-24T23:23:51.558933826Z 638 kfSXRJ2Q61ZmHcpJP1SepyGr9UwoKwRNzK2A1Kw3INhgRxuSoDTtlUd0R50l
2021-02-24T23:23:51.570474769Z 639 lJhUv9tq7GLORFYveKOcXiPcWS3Pj29sCYHYsqXNEwaGmqnOra6Fflvx185I
2021-02-24T23:23:51.581900840Z 640 UCxAjAjxxwHW0Y2YGKnsy5gDSvYF0xz8iS2In61RdPoSZ1hdeMXo41H6WOni
2021-02-24T23:23:51.593672105Z 641 iURN2coVyh3JqnfQNLCIYO9b3fJwNcg9GflXe54jSU7epnZD5V4zlL4Npuyh
2021-02-24T23:23:51.606037168Z 642 a0cKG9R7vF159NPSLk36ZyEia173dtNdT2wGRaH5CRvfUHQR3M21dKfnLuQn
2021-02-24T23:23:51.617175706Z 643 hQ23QGb9a2X1DQ9JrAh627jpYroojhQquXnY7oDMIklKrOSaLY2FCw5sidEe
2021-02-24T23:23:51.628297527Z 644 7L8cK91ihoGmS4vlxUVbFrllUx9LDv2tgv0MEYmVkgWjccBcNhGBRIgErzQW
2021-02-24T23:23:51.639733042Z 645 UYE20mgw69NsjXs4S7MW8p72NcPf5x65MNHdq1F7vCnAPMV919jk6nH6Tbzs
2021-02-24T23:23:51.651537407Z 646 gpxNrbuqDJLaBbPxTOWqJCu3EAfwVfxqhFX9YPWpDXhiaOQkLEYDpToc7MNT
2021-02-24T23:23:51.662530015Z 647 ykfs5AzqGEatMTFVwQOBeFwHeX9Ykzdu8vl75L1eAyUInhXzlJEGbNmmzWM3
2021-02-24T23:23:51.673822236Z 648 f1pBu1IP9Y7Xnt2pqP8s8oFJNdGAkJReTrdcAOlVFWV7zv7GWVUsy4XOq7wf
2021-02-24T23:23:51.684395653Z 649 yweEqm2LL2IzUgcF6gUr1RnKx96g2lT37CmdPQKEdumK72qN08B6BAYkcOZA
2021-02-24T23:23:51.695080567Z 650 mRK1qC3Yotbgfr6Gb2ldJJUIsBFo7Uxy2wY2GXCifuAijHruxcnzgNT1qwqe
2021-02-24T23:23:51.706472921Z 651 EpxU4ypbPHKXGGOKdYfajdVyokHc1qNrJqa8sUaGIW1RhWplH9ACWbFtAQJF
2021-02-24T23:23:51.717386268Z 652 9uN8kvqQR1fqfyi3Al2GWEes5IfGQm1PdOaHsfBAXaGySQCuBLA89hw16gOe
2021-02-24T23:23:51.728033541Z 653 DO5s0IMFW3TtgtTWFvcbPvRcLcxn9NEaTdzmpWBJkreNrFTyGw79uP9ZEhRy
2021-02-24T23:23:51.739714649Z 654 VZ1Cvj6zJrMHtRb4na7PqVuME29JlqW9V84qgXKC01ZY6lS5gEoqUGdUzYql
2021-02-24T23:23:51.751560045Z 655 pMsrHYpZGBXi7LOOuBL7Jk6LfnjlUXGFPmrogrTWQFa2kk61Y9RWvdI29NVe
2021-02-24T23:23:51.762105406Z 656 Wwml99ZcpTkqNv2ZjNGuyKhdv6NHjjhCCwqZN6i6cw9dmtESDFFaESsX8v7G
2021-02-24T23:23:51.773817407Z 657 fXxcdoOt8Aui7Azvwc6Yp5NZCG14s21ECNxuvE4x4l7g8QEMd8sIOd33Mn0a
2021-02-24T23:23:51.785324965Z 658 i94GF77DZIapNp8zHjwuAh9TO1kBgQAUgPMh1ex76bUrGREr6uoD2RIBqDzT
2021-02-24T23:23:51.796583156Z 659 65S2ah0269paQIoorNoI0eoZF495tTM31ef9WGEWBYie9SQ9pvzeicMx3gKP
2021-02-24T23:23:51.807600430Z 660 88oyWmfnAYlTlnDhLi0fd2ixs3EviMxJrzWZL5yy3P3EVFYVLnKKJsgddErP
2021-02-24T23:23:51.817839755Z 661 Ba4th8yUgKcd5XhtokbCOn6CvbRMRtOQbWWx8dNxhaK8qwAGn2hOGOEck76l
2021-02-24T23:23:51.829190621Z 662 J1US2AXCxxQagnFfpiQbJvIajtVhPXIQppAvkJoxNhJ8VeMPLEevg9ALVVBf
2021-02-24T23:23:51.840427543Z 663 ZEleJ3zcMa7RIh9lWbvQLwCZouOlSZRiXOqkQ1OGueoXleVYLkOANU38j60u
2021-02-24T23:23:51.851396049Z 664 RZxmH0Gqy4fg40DqbgY4vnfWgzqzuS1CzBM4AXGqfGSNK0WLItufc5TSqQMt
2021-02-24T23:23:51.862055077Z 665 xUSg7G284yadHRf9qZOhYs6Bealtm9oFd3II0CMBRGERQckEnxlosQpZZtFB
2021-02-24T23:23:51.873880474Z 666 vPuFBM8HkS9BfliYMWEl4SKcDQyuKdroHlzBrFggWxjDTdwCUVx0GP0yZqhW
2021-02-24T23:23:51.886197946Z 667 EpxpNDT5zoWg78WBnFpZigklnkjSuCJmS7TB0QoFBF5tMYKCzDchtHPXS2pD
2021-02-24T23:23:51.897382961Z 668 uM2N7y6YZ1RVNKWWyFLI9METK1eMvgTLG1V0y7J3AnglkZXD0XheEB6LHrgw
2021-02-24T23:23:51.908690185Z 669 mCq94mLhKgBNnHJIIkd2JLOtCbNcTmIVpsSdxXJIAmTx9s0yPUEadrGzUPku
2021-02-24T23:23:51.919244832Z 670 rsg3RZ9ZT89H8q8Kj4dNkqcRxWF6dTQvhxeBZH3PBzhkshJy9TiY4RwD5H3K
2021-02-24T23:23:51.930631989Z 671 vyXFUGobyjQczdDZqfkIvbahOGAdhKKfUYTVkrif87s4R4J0a6JghPVdAiMV
2021-02-24T23:23:51.941519614Z 672 p9ySr5Xpe7WgiadYYyASEuQsltatUEJKe6X06sEAVMEYOo6B2OncgCG8QbWQ
2021-02-24T23:23:51.952315774Z 673 l5vCMvi6MfAprtFXtK7MmvMrxVgtLQ6bTePDeh8eaGU3oJ7YNdVErc4hjWVu
2021-02-24T23:23:51.963403937Z 674 qGmXJIbrWUBl9PrIPFslTKVoOyaNYvAbGJTIBQ6txvs0TFIXZCJJ5wkhOe0A
2021-02-24T23:23:51.974639840Z 675 rhaF7NWsvMTA3WV3Y9h1eQ7LJiePQ3simjgT7uPhtVRyqxbHaRRSgXlnWDLN
2021-02-24T23:23:51.985233454Z 676 mySn0A1SXzVVuCVaN9MjeVA2fLPdt6VpQ8WVaNR83vf8N0MIzUXqqTxKsGaS
2021-02-24T23:23:51.996924631Z 677 XBGryqm6IETFpEQtnXMIZ1eNrgF9Tac6e0UGht9drI4GnuMZbip8NFUm3LZj
2021-02-24T23:23:52.008326739Z 678 ui8gE0FjDnl40aBmrq7isBCsaesPCz5htl30yUWzmpDeKe4dPItlLFSJibqT
2021-02-24T23:23:52.019514397Z 679 WoXdUHClhEhc9CGGLHp62XVHrn4S3baVGF7ynJdqoiVvQgQy8Xb1Oo3rom5k
2021-02-24T23:23:52.029991334Z 680 cxQNEjx1bIONfz7c5ywNjIBugC2cTFxtTjuG1dUdNnZ6fN4pAd8UkuwEXRTG
2021-02-24T23:23:52.041384305Z 681 Zdl4ZOYWWUZk2oWgGo360VMyLQYFiqwKfTfawTd24Xz85Q6hGZrKeQZCqwNl
2021-02-24T23:23:52.052541283Z 682 MzeRCXzTZUHUBx4dbDJsG8oM4ZSUjFZFa8DNDkSCaVDDDdSXUGMz4eRWDrJV
2021-02-24T23:23:52.063668710Z 683 FzCkT7fben3n5WrYjgUS7z372lGwx3dXCLuFoNZPm3pxNpIDIyNPbQY4VWkS
2021-02-24T23:23:52.074167189Z 684 C9TdNo4FeB8VDUHLIDUwUzPNm0cbtSxBUp2rmLq9nglTY0ax5H9PFYj5eGoK
2021-02-24T23:23:52.085533653Z 685 XauL8CmsJ8UknKnPYroL564oDHJYWQS5NM24TyWyi63lFrYu0B3TUJ6nCfmA
2021-02-24T23:23:52.095885223Z 686 CySvCuoEvukSbgaU0Fsd1PMR3dRmHMhqiva1x7zlxXXlLjTrfd8JxlXISpXB
2021-02-24T23:23:52.107142631Z 687 XB77xCBfYW9gSPdPVqYdJ5KzJyISstEsDGxkFcoyyyCJnf5Ceq5Gw5m6su2t
2021-02-24T23:23:52.118403390Z 688 APltkcGQTjUfrK4Iw5pRIUMZpO4LOnrqGXrrADpC8s48CfZuJRZNdT1rpzxT
2021-02-24T23:23:52.129896750Z 689 VyloyHKwk74l3vyfiedyBQiNOg773aNngglOYl6D3pz9d2qVoIxdiiisJu9w
2021-02-24T23:23:52.141545451Z 690 Vqjf51zltYkZFi4uHhlicCpx9mdEEF7L1ZMikg4khqjS7Ddh3jflA1h5Vxli
2021-02-24T23:23:52.153064483Z 691 zn1y9A6x6K4SeEfgZAjmd9D1tUrejWcgCUgCv5Kegf8BBkbFO5VOTy2znNgF
2021-02-24T23:23:52.163488297Z 692 2NF6uqeNoJXdnEttJlkiqtoyQgtIrEav9FyLPqxDq31XEPqhtjFdW7eSS8bV
2021-02-24T23:23:52.174027389Z 693 5a6VPawQsPjEoR93eRCVAzv2RJJ39LFKjrFFPuFD6gUxzgP1IXdNbEaq9jSF
2021-02-24T23:23:52.185290373Z 694 EVSDAH1jyy7PdXVzifIiALWdPSywRqjx3Ms1wQXZcNewhmurhM0jk0z94lme
2021-02-24T23:23:52.196788499Z 695 ODUXDnaKR6RLSpuyktimUZRWIDvljs4sSgXKZsoAXyj1l2A3DVxKnKHaBwIH
2021-02-24T23:23:52.208214968Z 696 OkjP3JqAElpUH1YfpxodUnPcZGMEMQBW30YlDZXpVgUxUSuokDtPiwZqLa9F
2021-02-24T23:23:52.218896972Z 697 zklkh7V1rJo23auvp7PLo6gIowwkcKFMLciJwQh8HFI37SKb6NFI3j5iWCQU
2021-02-24T23:23:52.230206521Z 698 RyAycmfpdowlwM5ozEzjQkScSjInD5ARbhUu267Yn87TE63IrDx4rL1PNGWh
2021-02-24T23:23:52.241633527Z 699 3Xcam30rFZ66JZGBOoEwVoU0v2wLGjYWq6gZcQx6x8gr0Ec9885BPT1Yp8N9
2021-02-24T23:23:52.252020658Z 700 EfYnvHVPEVPfqxeyrrTXxkJxsF5QqDKeBozjC1n9gQHFU1jHB6RVUFUko6lq
2021-02-24T23:23:52.263486689Z 701 2k0oTjaubatnEao0ScGiJRX5oJuWPsaevWfBU5crbgCr2in8TEmCXTmQNXEz
2021-02-24T23:23:52.274150118Z 702 UR5MpInQ5tsRPfM1jL0NJqhYYnvFAYxcz7WEHxBzKit6Zd7XqB9hYsqz5SkT
2021-02-24T23:23:52.285297011Z 703 5WxbpZHXMyoejj7Byw4cQEQyPsjY8Rre9w8quA3EujmOSgyMPnvA50KUUttp
2021-02-24T23:23:52.296558749Z 704 ZHfmkRXsPzBj6ncmHou10Xh0e1qSkWu3UxczVN6C8wWamuxFr7ypK6ZSfgbr
2021-02-24T23:23:52.307927638Z 705 Rr3fpkgnvfWKskdKNXbENvi9PuHBTArC9MZeXY8bVrqwiCS2nky3NHgNQeH6
2021-02-24T23:23:52.319274612Z 706 ZdUcd8HhJxZMJ8jJ1DkFsgoKkywgZdsRBPfZZTcWDvrYLPjzbTkuaewmch0S
2021-02-24T23:23:52.330661420Z 707 cw7NdB8zXXeLwW7xVEcFw27r4nbrtNHYDsT5tf3AoFLaSH9GEfOFdovQpa1y
2021-02-24T23:23:52.341445069Z 708 kZ4w3A4MZqgkpNnkMYNruZuCEbuhLQPsb88q9rALnnBJ1rV6ScWxhvz9D0bP
2021-02-24T23:23:52.351899992Z 709 RkTGbyhnsZFFZ6B9Yy5hZwHBCVJV1sBr1vpPK4trGusuDcR6ARhnHJfrvyna
2021-02-24T23:23:52.363031033Z 710 vyxhHKepPqd7Xhipf5pvTxUyzVXztn9vGZAh1K7jUgGTQoa0XhiT2RLRaG1G
2021-02-24T23:23:52.374018366Z 711 kxCy1tG1sEAYZaiYrrjyxaGmDN8oCavKhZOaSoXPp9Gs6aJu4XNqex5PgHJB
2021-02-24T23:23:52.385304736Z 712 3pQj7ponCC5Vn0nfo0BGqvDjCsWBnuwpBPo5qPKJwYWIFKMM4T3lmThHOoqD
2021-02-24T23:23:52.396802072Z 713 sJGvuCcDqkkNaJrVF0Fo8zdUrLXcCoh5414yRQWEo0PTvY1RfKeiAQN400oZ
2021-02-24T23:23:52.408774002Z 714 by9ougvknB9zM7H9sRB8dZdDcv3mjzYJRHrkpWqptsXmwlmQSr1YBTIWyhE1
2021-02-24T23:23:52.421545767Z 715 Elao8igXbPEvpOlx84leCU9iLkkQyTk3YXfpkM8g0RjChlouVSaYOx6ezpU0
2021-02-24T23:23:52.432497779Z 716 Yp5lkFNEvB2VQcPnvPBCLdfVHv9vGyhKpyeaHWeoaInQAEv7lRLOymuPRInw
2021-02-24T23:23:52.442816885Z 717 A1nODdmZ2cVnUWquGLtDARBDRfgKenigynyo5NSnJE0kEQMyLPMm3CbXcbGN
2021-02-24T23:23:52.454136134Z 718 FuLQsM262Fil4du3TtUzfpeSlcY3SSr9ArFxFfEdx2kqjpkbh3ciM1XpVo9L
2021-02-24T23:23:52.465341232Z 719 OstLoTB2PmfBaz4lON9ZDHb3ukzvSKBe00MNffK2cnBN9VVoALVxa46KJEtR
2021-02-24T23:23:52.475936079Z 720 bvb22wZ4o9D7B2eBbE48Fz896Ul6qXWXoHX5vggXv7xX17DCsFO0bi8YmOmb
2021-02-24T23:23:52.488069665Z 721 ErQ1gENH89FStgoLF4piXBd8nbX8zX0HKK2TxUPUT3BdkCwXUjjawEFdmuul
2021-02-24T23:23:52.499057059Z 722 EO6AVX6lUhz3phvBstNEbACjleqy5rtbP6z6yLlIMGwo7UgkIeM07HyDrD5E
2021-02-24T23:23:52.510457825Z 723 SkJ0dUeGuSnmZ5qvCRQA2Sg2uyzSdKIJBZCYaAv1fQPZJgIq3svvB51fbmFg
2021-02-24T23:23:52.522135972Z 724 juuP2yMENnoXzl6FtIOgtPCruFuO2pfW6cVtbSRIkAJSs72pW8lvfyvdMTpg
2021-02-24T23:23:52.533792872Z 725 zsxzsYwb2otoqVXDPEaQyFMlEVkS56IfVk6TuI737vufW5yoIW5jBU19WQWv
2021-02-24T23:23:52.545320335Z 726 68clJjg97rnboSSp3QqzyqMj1oQxxkiZiV5l3VENi8WmmDzhX8jzkOB4RuwJ
2021-02-24T23:23:52.556550941Z 727 T9lpnEJcgJE92WBsiVfuTq3JLaAAaV5JEhFAysjKMjhTXZ5fqFP8CMki9Dd1
2021-02-24T23:23:52.567402584Z 728 b3sJclBW8PX31RuF1Y3Fr7fTNPEYxjblBwg8zKNHIuLVu9bKbX4O0br7q4cg
2021-02-24T23:23:52.578244723Z 729 HxiU2ERQbPyp4xfyjZXEbPYnTWIZf9ZaASWa2e8bqSDg3MbIcNfyCjAzOSeq
2021-02-24T23:23:52.589092798Z 730 wCgcClpNTFZlM5oxBjyLdzOjSiwIGPzkZ0UUlRZYN5IgzUqvCHaBlTLVqwQs
2021-02-24T23:23:52.600320131Z 731 DLyIweGLtVH6lGDKcq5HvypgEEXPlSnaLthDODBkyaKNRS3IjCMUEquOSYMM
2021-02-24T23:23:52.611688002Z 732 ZCZvdloo4fCMZGtKkTFsTkCFzrU53Hq0CgzxoWgqFyJ9VWNsaEznhxJDEXhR
2021-02-24T23:23:52.623904525Z 733 DtFjAurrEB5lIgs8MsVkqngaxA639lJO8qzMn6OmY8YazdSNCNmM2X0otT2U
2021-02-24T23:23:52.635642812Z 734 XJvH3Ek1oV54NKaCVW15FNregC6W4Kk1S2pytTuhE9WUgG2bRHwmwU1Ia8jr
2021-02-24T23:23:52.646758239Z 735 qAKPhlX5npmqaD733u3vH1DUiLHI2TACXuGOpegEggsi1iBbz443j9ZANlcS
2021-02-24T23:23:52.657905356Z 736 doizM8VKCfBZxkQ29n4vdUqobti6TNsbdrIOABSIBEybmUtgvURX6pHpmjfm
2021-02-24T23:23:52.669579339Z 737 HRqZJwaWYw6ZU7GCMRShhiyOxZatcS0Ei8wvadJyIMFIWSND8BSwG9UvuhHe
2021-02-24T23:23:52.681569557Z 738 YrP18ogLDwrGYxRhxdzMDkBb9NYXeSshH1GXfirVMKeAJ31OIzSuHZ4qkFDJ
2021-02-24T23:23:52.693591365Z 739 XRoOAQwEsrgKZqpza4mFr4eEDDlXD7nFDl0q2teMnEoUlhOafu6cu073Mt1j
2021-02-24T23:23:52.705699882Z 740 Wsn5O6kinK8hKIHRf42JyO3jmgh5tjyoFi6KBKm5BHYiyUug8LlhRG79BURg
2021-02-24T23:23:52.717195894Z 741 AM5diwTvoTaWvjY9NKscAUMukAIdL7jjxdFG7pucRoD2dRmaqx8O20GmP14w
2021-02-24T23:23:52.728676244Z 742 3kH14PW3fKfu3XxgGS2CUtkfXwj9O8IU3HENPSo3ovkrDmxO7I1iSbm8pDij
2021-02-24T23:23:52.740156400Z 743 yJIHXqx8mxgTSQsMnmEO1MiadI0yX0FmW4OB93xMc14T37dQDAeiK7dDTJDB
2021-02-24T23:23:52.751347110Z 744 H4AhOm2t3ti3PFZmYre4PILDgEBB1rkDRzo0PbB218lU19KhbTHCDoQ8fOu0
2021-02-24T23:23:52.762233883Z 745 a6ifY7xdsy35V9KEHM7da8yMGa4pJEuOsmddtAnEca79VltArdubtw5293mw
2021-02-24T23:23:52.773276082Z 746 GdRnWyxvCISVxErStZkUvTibGt3A4etzSTkEEtp32G4ZLdtanA6j7h2IdtKm
2021-02-24T23:23:52.783768617Z 747 yz4pLzzngx6XH0y8q0ou6VmBWCfjOMJSRnpuxV7xuIvjLvNFu8l5FiTszaQT
2021-02-24T23:23:52.795025531Z 748 evRjppoJpIAgzWAFwKMl2G1wrNv1GuIUcEo6FNIe2XtJzZDzyERtsoK5JqQV
2021-02-24T23:23:52.806693702Z 749 qk3xkAiTHqd5yetSNKUQ5yYlitvq17PpX9XtiyS6BKLAS91Ax6SylPmJVNvb
2021-02-24T23:23:52.818132414Z 750 FqcaTM0MS9NaJdrjgGu2ZQ9rxoJf9hBJmtIrvEpEHYRfDal6xUplJ6wXEt6z
2021-02-24T23:23:52.829012083Z 751 pe4qQPoLoMmM9b3fZsxKIk1fmhfVBzlcddoGB5DNYf0P8BDLjiBkwOKImhM3
2021-02-24T23:23:52.840665800Z 752 IhOxq0vMQtNtsn8H7rUMnIrtMemucNlzR27pSgELX74csVGN2Y5KCONchzvZ
2021-02-24T23:23:52.852051754Z 753 WDyECl554NhNtgBTsMdiwE073afsCS3BiC0UUSDggLUCZ51rzLh5g1PBNzLc
2021-02-24T23:23:52.862996454Z 754 qQcvXLVRNuuGgrX4e420aPg4Dlc2DS06ALqS8WsIQDlvUp5TK7cetxCCh8ml
2021-02-24T23:23:52.874198598Z 755 hxoAthea9zSVflo3hRPmhDTC75q6P0bbQpuSiZ1ZO2kQEVs7KlPyy0GsM9SK
2021-02-24T23:23:52.885010325Z 756 k3DuVoEYpPp8W24YPXJneLY7EIzsD5jnhYlQxXlJism4ukDuIPEpkAddsmiO
2021-02-24T23:23:52.896604946Z 757 NHOA5WI7kJ9S6bwlJ4JmpyJeJpKVeyWNn3MdUosffTVT4RbqtbJ9DdcA7oN1
2021-02-24T23:23:52.908524254Z 758 TxwCff5ck5NIk7QMCYEgmFWn6EQyC76yawd5KHBzTEhjTmp8BCoOdNhHWDbI
2021-02-24T23:23:52.918916390Z 759 OY0AmejujLf08cKU3JyCXsGpV8ETi5sVF4P3kMrDSxXKiOUHYwSwlFJHyDtw
2021-02-24T23:23:52.931258163Z 760 zBs2gGLPNZJvJiptdD6KPRVr0mkRt5SPUtKQacQBlBMNWUtrBXZzn12uBCMe
2021-02-24T23:23:52.942413130Z 761 ETnCLSsxa3gkLEXqoBqzJv00jKta1nVuOCqdPHwbYpbvHMzwpMGRmmgJyz01
2021-02-24T23:23:52.953667763Z 762 iyWFIpzZz2nVWKpqcNKyMrKA7FOWt2My9z1zkfwaw4SIMIK0NoQ3Ze0viK3a
2021-02-24T23:23:52.964044165Z 763 EPOvpkNUGMqhqLYglTqzz4UJFzkgF2xbV1C0htwSr3crzNRye4qp2noj35oR
2021-02-24T23:23:52.975756407Z 764 gwaYSHKaffRSPA6xggaZgXjKgvOiTVcePGzzPS66grZKjyZfCv9I7vTRWmDD
2021-02-24T23:23:52.985945723Z 765 ETC9LoTEN2mduET8MmflORo3EBTkTV9nTy5e1rusIUd42NZR750dQoKmqV61
2021-02-24T23:23:52.997369227Z 766 sBYZlAzsX5X9IDGwoxmS9AkumpnlLlU6pwyihB2gzNW56BH1tSeJpKECntxB
2021-02-24T23:23:53.008637818Z 767 cjeG0fcdClom5uGinIxbMK1H0kOI43OD1HmNvh4jCpw2XiajTMkxwy7mkzIf
2021-02-24T23:23:53.019022930Z 768 xVdrcgPfwlcIJTbMN7sVsQRMO6dn0ZWkzrCjRV1tP4MbudKY8IFHhpQaKzkk
2021-02-24T23:23:53.030197563Z 769 rFfkIRNwLVgiI9mIHbYc2Zg8zegDVsuH84Ou8SFNaZVMjRR1KJdoALg3cX2N
2021-02-24T23:23:53.041594635Z 770 ql5WHFXcGKv252QSmYxmLfWwS9dFNVDIpXCM0L0YUHuj1BohJEoT5EXp3WD6
2021-02-24T23:23:53.051984837Z 771 eqJD5CTqmh96WU4reIKN4YbrOYBuThWbteMrj1C9Y69OGVXJcturcUV2WCsK
2021-02-24T23:23:53.064739180Z 772 mXkVRuVzr2OIPxvjC2KODk3kCKuvSvUWIRZHJPdABRRY8KN1fcdvxyV5GBDv
2021-02-24T23:23:53.076289705Z 773 DtX8nV8QxpsJrX8wObLNn3rsdqyAnJOHlanrYdHlSGn6awVatCZkojeMCAhj
2021-02-24T23:23:53.087883892Z 774 n3u6mDWnA7MUWWn63ERS7WRqXwp4MqKWwBQ18bW6WAPQw7yulKOdkZzNzphN
2021-02-24T23:23:53.099731134Z 775 2DehPiCJy78lpVeZ0VIfgvWK7ju5soVJPL83JzTTDfvrmaRTPTkAgjKYqYIH
2021-02-24T23:23:53.111026393Z 776 G614Bift6ChU05ShdbmJ86IlttuGLJhr2QPKegHfDlXvWFNDua3qcr7McIYK
2021-02-24T23:23:53.122167294Z 777 MoCeQGCEhbwcJqRaCZYpLSUOBK4c34nbop7PMz2zFKIgN2X3yefrC5EaMrMC
2021-02-24T23:23:53.133610707Z 778 Ze0wMlL6Jks60hcyfbxWD933HDJx3ruD8SjxWk6VSiToP5yvo5FTqrINumHk
2021-02-24T23:23:53.145061632Z 779 ybuWuiMkEbLPZfcUDueVx6WHsVGCRxvXMrkNDsNSWqGl124CivXn2j3FwJG0
2021-02-24T23:23:53.156230274Z 780 xDEjZxSILEQLq6ykqyj0OSmEpNzcEfw0Qvt6amqoGAfCHLh99wjqhl6cC0Pd
2021-02-24T23:23:53.167029638Z 781 w6EOEUpPPv1BTU05ra6bXARWkY8Ykk9kPzqHnCgBXyTy4jkQR57Hz01lzdkv
2021-02-24T23:23:53.178786807Z 782 VmSQ5GPpPe3x6bm0cpCX5WccBo843uEQpfsX336pNxxYS9ZwnYtcDj7BLN7f
2021-02-24T23:23:53.190073289Z 783 xLBmEdrOdi5gH8fewW1pTcU36FOsx9top64IPYBW0k5ME1Cn48J3csWSFk9v
2021-02-24T23:23:53.202576952Z 784 TdUU6wUe5MgAwrCV8fbfHNXC4vRWVkDACEisgUVooT4ZSKWGnJ61xnlXgXO2
2021-02-24T23:23:53.213850322Z 785 Fsj6qVsrDXniU1uEFerxkXS0SfdaKQQZkgkCrPlIE4RWLWvbsPtutw6Cbqbe
2021-02-24T23:23:53.225606077Z 786 rvdomvytP0ApHMCzBVQE1RjevYqrKY17a2st8j5ZdAjKpYigHPxQiXHLF3Ih
2021-02-24T23:23:53.237464873Z 787 JPIwvtuI6hbOUgRLIfDrNo2fjnY34xNH9RogslL5yjWBdukXFMjhDJZwlmM9
2021-02-24T23:23:53.248752562Z 788 xxeV2L97ZznUYeMR3hap4Flh3kn2AqhkNR7GcKBjTopeWZsFEcfpabDUWPeX
2021-02-24T23:23:53.260623975Z 789 jgSSoy9xotPPWUKpN878qo64bRiOq3U6Uwp3oqKmEU3tS7CF4bZxQA6dny4b
2021-02-24T23:23:53.271281082Z 790 E4fW66KI40EmmhQ2A5BXFaakMpAXxXFCvd4NqiPibYOnQFdExVravnGP6uZr
2021-02-24T23:23:53.282476760Z 791 iFv2y8gbraCjuYSh1tYoebBnPbwY7utNaebjjOo4AHJjnEPtFzRNjJwkOSMr
2021-02-24T23:23:53.292899401Z 792 4cU0In30t1AnCCAuJXiKwU4F5L532rBjEB0XRYqfJVO2vltstNZ2BiIDXE7k
2021-02-24T23:23:53.304758867Z 793 bzeqTwQDGITrGwioZSu1cfXCJPci1iN1gqfBRb3obLxF7xAIQNOLa5Vr5NxP
2021-02-24T23:23:53.316859965Z 794 oZTYGAjpjhP7qUoTIN3zSXHYl5uUHwRQdlfYngqFvht7heI4OQkVuspGXVmM
2021-02-24T23:23:53.328085421Z 795 qWFcyT50O370PWTVmmcC18Qn0SvSgtvN1JGmYNSwlWn834S1UAtKPJ1qxdGB
2021-02-24T23:23:53.339320119Z 796 FlkKDDQVMx6SfNWUxGpaTLA5Er7R72B0XQu2WvP3VioYdgWHl2L9OEGTwFxG
2021-02-24T23:23:53.349966994Z 797 Wo5yqhCFmQCtkpiHi79JURU7lOFEpgltkPhT4XreU5NOlVxPRWtV0FYH6B3e
2021-02-24T23:23:53.361417259Z 798 pj9iWJ3jqS2x7CvKA5ex7UxM5kxAyHvxeD8cKl5kxa4NWTUcm5Oww2kiu2iW
2021-02-24T23:23:53.372073612Z 799 qw4t91IvtbQDhbMlmS1olgTZH21YjMqQOs38201BHAAipZRbHLiKBROochjU
2021-02-24T23:23:53.382996671Z 800 XLfQuYzOnLegbWECVbk1OKcrMsORADkMl0SGJXqVnTwZ1e9iqGzk0WRSrZBC
2021-02-24T23:23:53.393939585Z 801 R1zlVbNPEvLAVuGMyf2tVGijsN87UZe4ZM8ePaSFyjUgCrEOSPcs9qeI6l0y
2021-02-24T23:23:53.405303149Z 802 KgFxzzzM3xWXvIoZhbff2WDQjd4E4uZLUWtn2qdYVuFdkkdF4TspbSfvrjxu
2021-02-24T23:23:53.416818869Z 803 M3cYK4B4JfM8WzZ3Uo4P6lV18t7N8wYTNlJy2z0NWbr3Cubh1Jyk7Q7pxxB2
2021-02-24T23:23:53.428265200Z 804 lt0ueEh8v3wH7OLPhKxSySxN0vCMUxpvT4X9uBxi45HhcFfKYMT7dfM4HqBL
2021-02-24T23:23:53.439013464Z 805 b5CqgLfKE6V4NHhJiGqP1WiEomKnSLje7oy2EVmNCbTbCST3AKDQqqCikIHq
2021-02-24T23:23:53.450105110Z 806 kduKBZa75eVzE2kacEYGtZHBIoy0xX8XMvDRFilVznTHGXvOKJwRSUlTnbMN
2021-02-24T23:23:53.460974064Z 807 CtkMKFP4tnxGBWKVPnHCeLFvdv3rXHn548YjL2wkGWKrFtYm00NgchBGy72l
2021-02-24T23:23:53.472660902Z 808 ne0ChQgbrXZq5cZWLpPvK1xFqy5nswWyqf8ELzKfNZjX6hoau7D3ayviq8c3
2021-02-24T23:23:53.483985693Z 809 sAM2AgFkPcWF2p6zZ1A2Dbz0r0P3wgFeVLqfXnKFbmPY8jnNvemrykdgX2yV
2021-02-24T23:23:53.495607901Z 810 dLWipd9ogyaGnRO8TiaNO1H0E3IYtxTkhUZ015PNKSJS8dLULqS7sBegCd2o
2021-02-24T23:23:53.507521613Z 811 8B7kHjlatjkhCqMUzmFi0XoozyUNV5PXOiBzxElDDTeRTijeh1euLKF6GSkZ
2021-02-24T23:23:53.519468122Z 812 qStLeDXOAZ2vU0ve6ec99NZBcdpfixGzeu7ooBPk8R3zCSOSFic8WfF9bIJ8
2021-02-24T23:23:53.531594153Z 813 dutl5u5Dt67KVerpO4WZI3FDSU7bPPq1NZAd9Xjbob6qXOX9QnuNSCEomezL
2021-02-24T23:23:53.542960191Z 814 ZHo9wpXq3LvkeqDrX1RK2Bq0OofbKttv4oaJQD8EvPbqMiPfhF71En6Y3YNx
2021-02-24T23:23:53.554305832Z 815 g0ko96iwTL9QYDTbEiIWFZ5hF1yfLln34jArl5QGdCM9QmeVGvFitzzHRdkg
2021-02-24T23:23:53.564900546Z 816 jX81evLz6YNd8zqcd1pPNoCNxSuMwYa82lkKDtiiPU1sNZ8I3ILOGUd9kGlC
2021-02-24T23:23:53.576844881Z 817 nTCpS8Fd88J6WnsWQxINiNEcvSSLspZQ18OxKXiE6lbzCfNTfixrH6bIlBgq
2021-02-24T23:23:53.588850886Z 818 MNhAXtUOG7jNi9enLcYAU1c8TNzvWfEdhhzW2w03wxYzxgkBH92I9c5AJfxl
2021-02-24T23:23:53.600395029Z 819 fGNBIG2ThGiIqVFbtEUmCi6Q57AoqhTk7yxr5I5IqLdrKreepgVibHV1zZk7
2021-02-24T23:23:53.610958927Z 820 fuNVmOjQVFe5sDoAZlWLrxpPZAaq4Ni46DUk1ugTdpNMgcOxbPnY0bnKxnqr
2021-02-24T23:23:53.622474761Z 821 LRabxJEf0G5OKkG0lOhj5f0VrEvmCEij8Pqx0kr8wVo1D9GFnRSgo8z6IdZz
2021-02-24T23:23:53.633456361Z 822 7SEsZPUpoAxxYiYIxyGR3voUQantyyUqiXl1vmKXT7Xs2H4U3ZYkR4LB5p6v
2021-02-24T23:23:53.644960184Z 823 iVmgT8HgaSxZFqwRTISh3PlsD8CstOEC4NbwotYupeABlkXWeBxRjD2UxY1O
2021-02-24T23:23:53.656909883Z 824 NQOaBb5RJVdMYWquTnyEmKMwASei4EdcCIK0EOF9c9CoQUv0StjvOayWOMXX
2021-02-24T23:23:53.668603421Z 825 DxJSe7wrgkAGDZ9MYclrTfk9znkfxdzBJDkKCKCoDBdiNRUJomBO39ggShYF
2021-02-24T23:23:53.680137754Z 826 vrU5Y6B55IRuvMkloZECs35wr97NHk0Y9IeSOAf2CgssylMcwaRCs9O66MQt
2021-02-24T23:23:53.691777196Z 827 2zjzT4i7r36ymwdA7RbeGYmdn4yhWyoxs8OD3KFhGjE7mtd5Mdzk9gcH3MSM
2021-02-24T23:23:53.703810660Z 828 Gx5EUVerjfPqEcpVpVuOIusufWQWw7FcqJDBl9cx8tstGn6UXztQ5qr0JcYD
2021-02-24T23:23:53.715934885Z 829 YXQQdmg883dvGmdQFXbOjo02vlMngTvny8kBTGKfEXkkxTJChn6vwRTctHuB
2021-02-24T23:23:53.727960736Z 830 3kLlpFi6mS9F7C00ztPNykTiRAlFNNcoX2Xe5qiSUEQSe3e30IwkSIPyvTMA
2021-02-24T23:23:53.739070570Z 831 GmbULKSnennAkKVT1tRcK514m9yCjjLJJZJSNV58hR96jKdq4ranb8X1TDBf
2021-02-24T23:23:53.750627412Z 832 ZKINHqqFI33Ngj35pXF7rATOoniHkPzkkdArc83oa9MzuFCe9ibUDazEAcGH
2021-02-24T23:23:53.761968148Z 833 NvhRLETk3AODJzQK3debpC39jmUvpZjzFHxcR2ZigCkToFcmTBut6pQeihG3
2021-02-24T23:23:53.773321017Z 834 KRJmf3I5wryuqp5412oJRaXt9MKLuAvV56hoGsu4VBoCBsmCyTz3tDiwoa6h
2021-02-24T23:23:53.784584418Z 835 X05JSMoK41UjImrAvt3DHBQKFXfkhxOEuuSpRxvkfipfmbCyLVp4kLhi8YWq
2021-02-24T23:23:53.795611198Z 836 RWCjAYsDrg0LIwrIJ803Cn7X2BPkL90JRl1q8m4PMSLrJ2FkhKQIe1olM4AL
2021-02-24T23:23:53.806043551Z 837 zK5Aqpw0jmDTVXwxwZxRQPvH0RqoIKTzIDyxrbfTG6qB5E905PekPsbkYw41
2021-02-24T23:23:53.817278911Z 838 B1K7o3y0X6utI74BnrUVwxDEA86woSCVQQZUWRR2XmV9c6jZZxx3T2zFt9Kn
2021-02-24T23:23:53.828396190Z 839 xnT1o60rqpu840ovrFRpPyOguEVgM7D5G5mGPixLYrSb2EZy0bBNmqRKyAMr
2021-02-24T23:23:53.839330744Z 840 aaivvEPdbYtnbVOz6fmIjzGfrV407guV1dslyR2JoqDFrY7wAHMVxq9j585I
2021-02-24T23:23:53.850592472Z 841 2D2lQSAkYkjIjCNTa4pcrAEyoJtdSwYBgn8fTv6yUjpLhHy1HYt0gcDdhQS8
2021-02-24T23:23:53.861317604Z 842 eQRsoaN5nL1XP56iDFQDjUJY7tHVGa7M5KWyW5l3MuCG4gNCAjkYmhR4V5Dp
2021-02-24T23:23:53.872734144Z 843 f7hHh1zVgG9Hg4E1Hhy7K149z1Wy38EF1UH3F4nBXMY6aKDGLp4VTbSRIFiV
2021-02-24T23:23:53.884662187Z 844 W3h6kJcstCLCdFzmkHE1TpIIa36V5vcS0PVVRXYy8qBonT2djBT2VCEvjKAn
2021-02-24T23:23:53.895841194Z 845 dv0h0adz8uOpa5K3LQFD1pE18qXnEUCqQM6GSzjuqrwf9Ralfff7LzMoKepx
2021-02-24T23:23:53.907314709Z 846 qgYxtbqE5V4P9E73cgTTG1KBKAN1IwejvPB5zOxFdwSKuAg5iu2gBQKhSYyx
2021-02-24T23:23:53.917907715Z 847 em89CaHxGkGxxKl6Sp2PJTAmGDSFeUotbS7m1MWJAX1q9Pt10GkUtiePOurl
2021-02-24T23:23:53.929041144Z 848 5mi29w1RKTYWUxVsGNylWalEThVwTG0FEz1Fb7WNce51nqjOtGLIxXWZPWJY
2021-02-24T23:23:53.939969993Z 849 V04WeStCdj6VKdMgLuwJRvejO3L4rkWfK6CQzjtRZflMZsnqX8pkiUxeU5yA
2021-02-24T23:23:53.951112629Z 850 P4Yb9W72iitVT7ntebh27LAAjqSGfMFMWSPk78AtAlhYk5GpxMO6x1g4fXap
2021-02-24T23:23:53.961802606Z 851 YwSoBBOPgYwxVSpMawn0MlvwsWOZRAtuXiO0I5Iw9v036G1Ny3jptYpxAgKy
2021-02-24T23:23:53.973082281Z 852 XS7qwDug3LcwDgsRlZFZRpimFuXeoMDJYrh16WXXHbTbIGNwCkKmG9kgcmXW
2021-02-24T23:23:53.984744224Z 853 mdXtDX1R1PT0tfb1sa0ejdHzQ4DrMJIr6BKeR4wwnT31QcnM5BF1DwQ1hYaI
2021-02-24T23:23:53.996758059Z 854 KQqvzF85YZmCev27hj9trZUAzPSuZs58gHHV4vwky8IAt73gQII9oW6Wllyu
2021-02-24T23:23:54.008678582Z 855 WCDRbjEUotDMEwO3xp6eEgjkNX0EchrexF8zRA3i9JYsOl3dVyXKVfiUr1AC
2021-02-24T23:23:54.020325718Z 856 PceBY9ALwpDBhs6GbT2Xrpwz0ie3S06Y0lVOFTiNdScwrDgXZTlK9l8C9DXC
2021-02-24T23:23:54.031650137Z 857 a82AXM3AZvLYQR1sHGHsCotk3suLNxhskOwNUT2RpAIAqVoPf4XGL4l6Qj5K
2021-02-24T23:23:54.042989758Z 858 K5FiczuV3ACkcPjHgUbWbJoGlZf0Rq8pOJf8u9Zr9hKcx9fXnW1kntMbYGE8
2021-02-24T23:23:54.054399434Z 859 mdRXMWA0ySBgehUBqFDqXU22DftfhrR1fNay93EyYCOzXIFHJSSATVRNGZ8w
2021-02-24T23:23:54.065163886Z 860 lXXfiNaLysXd1YUbTnoJ85I0ueT8UdSSN9k3zPb0PV9iYdvVnD6Bxtz548RK
2021-02-24T23:23:54.076676192Z 861 2ogXzbFgYdtekNHYScYtDKlg0EkYKm8yLXW4AxGpVQyTvPPHaCS86XDkwAx6
2021-02-24T23:23:54.088579149Z 862 v7Z9CSgKX6roYnfAYKRd8SrGCkweGBfV8yqwJcpMtGb8fJUiMV2ZQe92NE62
2021-02-24T23:23:54.099960672Z 863 60DjxTTyh7zdHTlairwi2aQXDEgByn4xUyZqPb1Et57hE3iJ9sfZD5ZOgxng
2021-02-24T23:23:54.111104546Z 864 mMqN40O6Jx022GjW03cCoWO6Qx6GkpIVPTxj8jt4aP3t9WKddarwEChaMTSj
2021-02-24T23:23:54.122487552Z 865 8OmWVwmz7EYI3dARrO60B1OrpKbyL2zbFoj278j1n07eHdfRi6XNwelY8boA
2021-02-24T23:23:54.134450237Z 866 tO5TOyX75KGXGuCk7fuRIZTJDA7x1sF07XhKJiwLO3Gf6Icn6Lpxgi9oSVaK
2021-02-24T23:23:54.145533618Z 867 2csdq2LUp1hRLOdfNjuIKaCnlyk4XA6k9akGTjlQMmmQtO1FL3u9h6A5XleZ
2021-02-24T23:23:54.155817112Z 868 N2d1MCKI6kDodQmP76mCyWL9ZFZ4ROBJjaWDXRKNMQ4CGqB4kWK2Djr0gyg7
2021-02-24T23:23:54.167003274Z 869 9NpdL4AIe5sg5Hp9yLZr9uiZv8uyVsQvMs7OQklAquTH0cocGXT5x3CofkSq
2021-02-24T23:23:54.178031179Z 870 lkwQvDDqhDECBw4jZEG0381qRw2DC35R99ergBNd7DIG2SLAfV2T7W1krX08
2021-02-24T23:23:54.189509594Z 871 3ASNywFMxLxTDq9qppUrocriFcYkMpG1WLF4rUNodMqN4lkyqpCgtE2Ew1xR
2021-02-24T23:23:54.200128732Z 872 5QkpQuJqHmfORqkNBOTNzD0qD8UbQAFe0LysEKmEh6G2nVD6jNly0eJhqH5G
2021-02-24T23:23:54.211021277Z 873 YP457nm5O6RrK8wSFlh5NR58wTkzMS8VAXkpT9mYN3bMYy7G4VU1kZ1NTN1O
2021-02-24T23:23:54.222546965Z 874 Zvup4gsYepf0hPb5dRFpNAtsnqIRfmdQgVDJRA9fItLfsNCJHAUFltot9W8G
2021-02-24T23:23:54.232969086Z 875 9fPiI6Y8eWuenyb7JYkCau5PFNpO1ZXFUiZTEjFNEZweJRXkgs14PR0B3SAz
2021-02-24T23:23:54.244434830Z 876 r4pELCTjCQQIRDnPIBU42GbmJ0Hmok2dgO5pfVLcrAeyKewsjGkzz93qCkAD
2021-02-24T23:23:54.255549062Z 877 Q0g721hW1g0quOEIwBlhWOGnTd3AiHeAD4dOUhijYEJM3AtfZI8KVTSLr9Gl
2021-02-24T23:23:54.266102814Z 878 VFzRDK50PN5P8Ma5y4ONPPdlqGM2anctvO3ItObwRtknuRWwPqGZGaTNEUCG
2021-02-24T23:23:54.277542879Z 879 p7pZkxeLRMQJELcOfbVvGjL4v3pPyatlKC7NHxEjS8PyYJFo0g51vMb9lHw2
2021-02-24T23:23:54.288205815Z 880 1ukp5UEjzUOluaWdsUzwhC8ZyhiK3F2BOxxHeV1SIgEbOQS0gJqw9czHOk1T
2021-02-24T23:23:54.298711353Z 881 ZNo116hWtORVQaG1n0Qe3xBqGvm35qosBxMBhy3akd3si5hBu22cDf4NkIWS
2021-02-24T23:23:54.310161418Z 882 shNFUEg369UW01tZ2AhP8X7EeMUo3V70bwMWTTNF309sNBmWw3bNROFWC0tc
2021-02-24T23:23:54.321355938Z 883 wqDGo7W42fKPu83cEGRuCVCXlQ1kD4EcZI7sq9JDCu7aDiRrPlXGJbQkE6Pz
2021-02-24T23:23:54.332841384Z 884 nRjAe7WuDIMb4iKtRhCLK2kHWZG8QNbTc94jekzAMmOqMXlGociwmJ017xiV
2021-02-24T23:23:54.344479776Z 885 KULrGRpOGTOGSfpyWykQmLmAYR3sKFKkwd9R5mPtZmgvjjpx9bWoebf3socS
2021-02-24T23:23:54.354908539Z 886 U0gOj8wG1iyqGenumzdLewsL6DBYMZxSEZ4xOiTxmX3kuDN4e0iO2PAoF8iX
2021-02-24T23:23:54.366027158Z 887 8DQ8Wo1bWWzlrW9vMDvJ47Mg479HkupDwxJ6cjKZiveyx53Bk5vFF14Zm1Ix
2021-02-24T23:23:54.377180079Z 888 RvfSYY6BzPrKQOVfNe5sFgLVXpiysSr5hcPv8rnhYjVx8476TnBVwxVN4Qf1
2021-02-24T23:23:54.388517084Z 889 z2M7g7tsNzZIJcODTKz6WFRXkQ4xNKmJUiF2V8USYW4gAR6uXs0rfKz6WTyY
2021-02-24T23:23:54.398974992Z 890 0daP62giYGi3gcu4wEyvr8PXZd07A3tgpIXNprxdMrdJFdKeJgzrFU3xu2zb
2021-02-24T23:23:54.410758646Z 891 vq6oOhG4zq50tunuUdqeakg3zhTwlEtbQo3arSaXzWlBSJv0Q6eisB1jnNzE
2021-02-24T23:23:54.422307572Z 892 0gwl8RBINQ6eRKeacELOb0PSVjAFPqSvawxVFHyRXwNPJcAH3jvQ07jcmiww
2021-02-24T23:23:54.433625036Z 893 OKebp0T9FiZQA30Zx5haaWr8Ge3T4hJdtWrrSaYNgTcUHAa3djJgmFxokEKX
2021-02-24T23:23:54.444044851Z 894 gAsTe5XIpRBgBxUoKKWKLpQ3Gnt0JFY9XwNq62uUhNHTXPwxDGaYJwhWS4oC
2021-02-24T23:23:54.455599342Z 895 wiGXe743I5Y9yt03BJR9MvlXjBicf4HEql4Z7tII8iLbejvjOs6jGgs2OfmN
2021-02-24T23:23:54.467203983Z 896 IeDaBsqRy8l5dab3aNe9LQZoWXmHSAwjq681vKjR9EzRVCCknaB2xrifedfo
2021-02-24T23:23:54.478440540Z 897 DCbM80btL8vfByStf8XJcFrJ6LVCi7r7sByMP2bubrXklbdYYbcRFBKUIqLn
2021-02-24T23:23:54.489110892Z 898 ntyV3hwdbKljuaBVvVJ1Dd0zlIYxHyO8ou7tVqPJWTYj1H6EdO53oAFFKZ3S
2021-02-24T23:23:54.500688255Z 899 CoJHV3W8m3maEXeCjiiomehOcMF19Dx3pbIxQunYE4dWsDDsKX3wAHnxCIhZ
2021-02-24T23:23:54.511762655Z 900 K8wWtrVVnbcVJkbodpnd5WavH1uYyR7r1uv26lZ4L5pwNn9Ypev8eYdQ46Fx
2021-02-24T23:23:54.523083137Z 901 gy1nKfDADvoQobt9ohsCTM915Jy1qfHG3M5kVJcTNDENbG5rDGTddyhc5Zkd
2021-02-24T23:23:54.533910793Z 902 mgVByEkAD1NlpLZ3xOISFvF42HQhKfcbDo1msf2ecINXzpVpDdI31eXOpcZ6
2021-02-24T23:23:54.545152037Z 903 fQd5hWsH2IKmIsob1MfKwRaICnU3inmJriPDAEvOVUyQ6Mi4wYjZ7IA2pPgG
2021-02-24T23:23:54.556379911Z 904 jfw5veXkgyIQoJThv2NCo9XhLRiUIQAa5QaA5JscEWNSJu1IJkOlZDLjLNE6
2021-02-24T23:23:54.567785551Z 905 J1YTor2uBXqlBCBF11skI6o6Q6gYOOGIXiZgVCwULThtZHJum4In8Q2bCzDQ
2021-02-24T23:23:54.579046336Z 906 ftGDudhY06yjBzqT77PlxQuS6B9TzvXEAHaWtv6ADfQACFKeMS9xDiOLjRgV
2021-02-24T23:23:54.590197528Z 907 EAGOf73F9N006oZ69ZOuMHtYIulorHNH70rE1XLLGV5u1KUPXa3bK1nFNz7Q
2021-02-24T23:23:54.601432728Z 908 hNW0qxAVVV1AlAxICGNa7KdexWfJtNolGGiIfuCwEWLwXsu7SeG5cTN41vO9
2021-02-24T23:23:54.611814085Z 909 WJJZoH4ikC4lsICn5BJswd5sqzl38OZzj0wPWKzPNMRLlTxD5Kp7hDFYVZuJ
2021-02-24T23:23:54.623256925Z 910 rDSpRg3Kezz0jXiDKFwDX1BG3kdWtJe363eY55Z0C8tnJPE85I8EWFVsGCv6
2021-02-24T23:23:54.633821666Z 911 VuGy5C3nkDfopyncYzMgVdskLvsf8TeZtWeSHnyczqNsRTg5LzqVIQn7jSRY
2021-02-24T23:23:54.645289338Z 912 9riThGy3vZ1Jda5fu223UX5cMolJ3E1UhexnYhsHlA4xoBxIvHSYuOLjCnrK
2021-02-24T23:23:54.655848151Z 913 GkkNRNGqz7fYSI2lcytSq6VZq8Wt37Ew56TBubbukTjDLDksP3DNkZCyKIW3
2021-02-24T23:23:54.667359293Z 914 nuNAAqoV853c3uTxKVcHHQjEP2UHuQgEYN9Ktwrvch0jz4yoRcYFES6cTFtO
2021-02-24T23:23:54.678515528Z 915 6tCajvItiF2ZOA5u70tNtdeGGZfZPxLp5ApqRAFnbokH5DkdfGMWL3Z4cKG7
2021-02-24T23:23:54.689561025Z 916 cam3q475kmFbvGSHXSvSGVqTQrmJxQkNdRgOhWEk7MyuE9S4IB0ZSjsneKnZ
2021-02-24T23:23:54.700188888Z 917 iJhUYyGw1StDqwEPgqIqiAa3fokNmpJ8ocbR1V7IAA8CuWnsDqCgErIoPLie
2021-02-24T23:23:54.711703649Z 918 QfM8uNNuLy0YuaPjBGesYwH79mmRz2DUqPooZw2cKNVSHx7OgwHlZBvdWFwS
2021-02-24T23:23:54.722915641Z 919 CpL5tz1kIBOQPeEi9ywrqn9xxuSfxH9TlNll7wwO6MUrHOXhOTmXik0qbJTP
2021-02-24T23:23:54.734375703Z 920 3Qcyn2xeqYBO5laTcQcW8BqyKYzsYyw2gGT3Ocw6EztmgplFQp1SVydoss7Y
2021-02-24T23:23:54.745607984Z 921 4eo8i4vMW2syCBhwOgBOhYOjMVmJpAnzIkVfPjmEgloK8icnjjxhR1rkaMi0
2021-02-24T23:23:54.756292996Z 922 UBVu2O0R5v2y7rsrAJUQdiBIRDms625Wk5UAFE4O2aV06OpJn9OtY8o6VeLD
2021-02-24T23:23:54.767768913Z 923 Ogkkh8SEHcSKTOQ2xIoUdm582ZfW6nQKKUvbDmMsbh71rkncP5g1qHQI2J24
2021-02-24T23:23:54.779408901Z 924 QPpqqPNe7xtOCsnDym3GLj4Fluc38zuEcWqKkWwhMDgOT8QWd9IhtMd0mPFc
2021-02-24T23:23:54.790439016Z 925 TfmOoE3qIxgILGZB1VVQS4XNGzbrzi7dGmhXRXJvkHiZVn5FVTFtTvSFtp4t
2021-02-24T23:23:54.801326298Z 926 xHyzFL60ZgAVXzxMXf4KByt6ysDUvX5tplgrQcYqAGwgr8Fsd00fiBJJxrrY
2021-02-24T23:23:54.812455633Z 927 nu2119pNHlZ1yiUSraS3XfpCPVh7y9BViOmflgYUczQ1QNmGKOrTBfqARVeD
2021-02-24T23:23:54.823941134Z 928 L6Gb5LfROorWldz0mZvmiJeT85mnCseIk9pAyp3Xevs4AHm6wwXqhaR3FVol
2021-02-24T23:23:54.835423452Z 929 P7U2iy8cGZsxPBsj9Sgeb0SJoUKf6xj6pJ6IxTFYYuwlyhH4sMxrIvmGfMwv
2021-02-24T23:23:54.845875995Z 930 wYrvGFgIymOjwogaR1C85TyvqYTM6QZGWmoDoKO4QNuDjKqUhfoEnjEXl31K
2021-02-24T23:23:54.857534623Z 931 RUdlZn096KqMYfVsswwl7QhVEKkJFKQMJvK151NOVn5ojInD7LI0MCtMBqCu
2021-02-24T23:23:54.868018957Z 932 lOw4Bp6JeF5hv0lnhXS1rutvIoB5LGFXhgA1N5iTPG7MPPsT3uRnTeOU8JaD
2021-02-24T23:23:54.878975841Z 933 nCnHL2HvvJo65Wqo3NNYmhRbnWIhcO3rrF8lo2i0b6a5etCCHs8Lz8QDrSiX
2021-02-24T23:23:54.890025981Z 934 mYYijb0kUkiuxZsnG7XfT432nC3vQoW9zykax4anQmhH1TtTpNA8EKDmvSYC
2021-02-24T23:23:54.900992427Z 935 hxSVFbjHJXPeFw18cHWyAsLoIIQwfCrYmELRos5TmGEDf13snImJZPTl9fbv
2021-02-24T23:23:54.912056079Z 936 E7v5r1O49UZhBwcN8ljQPahpz2ZYg3IP5pAEDrmSqARblMZYeAeQSRleuW46
2021-02-24T23:23:54.923844521Z 937 oruvz5zelQS7sFEpWMzOKtlKnFXfvHFaWAVrOcrK5lTRSIZ1jgbjRu4JYzTD
2021-02-24T23:23:54.935510207Z 938 wRDxmub1yDezOMltqWQgtE36mXTeuRkdx0CNVqM5yL34zSfD0uDt2i9om9u3
2021-02-24T23:23:54.947588813Z 939 NJy4QY5MCiItWUm4ggGemJdFpaXvshKH3AWVrQcIVmTmaGlKjCHoJrktpMFf
2021-02-24T23:23:54.959318704Z 940 kw9ZP24KKR3spdzr5yOZsMfj7ppKywZYhSkAqIwlNLV3DaBlRj8H6sLnJf4l
2021-02-24T23:23:54.970280108Z 941 BQgW4juEoSl2eHSfe5wHVVzsvrZwQa5wKmPGVqab3rxLboGIp7LAKQvKvVI4
2021-02-24T23:23:54.981858214Z 942 eOysWz5isGKx29djVO19xLxAwT6fhamIyO8DufmmzQsHfKgEfWMECjkJQznf
2021-02-24T23:23:54.993020327Z 943 4WwP7KX4sGmON7FDYVpwLnM0fgjuurc2PqvcZozGXXTyAiIq9s0HPX4ZYc1f
2021-02-24T23:23:55.004520665Z 944 x8ixZ9DHR1Orn85Mc5eCDVyBMbjjx5gwewU2K7QcMegVid6qY3h8kREau1gX
2021-02-24T23:23:55.016485046Z 945 mpJ8UTBchdbNlJcMwiHRsI3TF5ZXNvQVwprW7YuvrNOZXbW8riUCX702cctx
2021-02-24T23:23:55.026984402Z 946 quU4SYLy1tmnRQi2Wa6KDIl9UHbSPIbsMFm1drK57jfIaVqEb13xvCPkdoUf
2021-02-24T23:23:55.038403225Z 947 7qCnPJ6I8gDivKnscjtpEh4ePwsjwbOLthnGDqI3yc93GNl4ZJ4Rm4c63MIR
2021-02-24T23:23:55.049821297Z 948 DSDYQ2JB2mKAecG7W3e6GJNDplU4s3azgVqm7aeKOAbSElQdH1GRVnnMhRiX
2021-02-24T23:23:55.061267394Z 949 Niy5OvVvzHLvN6sVzEXgZwFoOaJjHzFcmFrmtkue2tsLMovGV7kYCnqMHTNn
2021-02-24T23:23:55.071966845Z 950 jKVMV4OzqWy1nRogGExXmiQxIZO4f00lp3qzeZMNh2cD57TC1ddslhwyQ2XW
2021-02-24T23:23:55.083579153Z 951 abkziGDAuecVXxbk83KFI0jGyobvZqEHH3OJyzQrtAykQk5YvcuLeKx2LmHa
2021-02-24T23:23:55.094288832Z 952 9TBEkAbEaLlsTb2KmhTyrlKp3ryMskkat2H5ZvLzQaxNG9RmJhS28vwGs3Hk
2021-02-24T23:23:55.105043544Z 953 fedZBz0EFZOICjkkjZXyVvpKjo3PDp6DqXnoOuBUFHyywwztyR5mHrTsIroO
2021-02-24T23:23:55.116001517Z 954 MeZXhTwORgFK9OvUQcwXipm16Fmsfk2gGJS5YFHlckwyP3C2UDfXjCx2YXk4
2021-02-24T23:23:55.127715033Z 955 y8Ys2tfY6jWNZm847FZx85XLjC2ICZhllRgBMGKY19s8nB6LOH2L9BIVm2v8
2021-02-24T23:23:55.138304597Z 956 e1LDbJ63F10DaJ9EikGGwdeZZF1loz2IgRBNXm5b7tk8fqJdGfSjlnygBQU9
2021-02-24T23:23:55.149720594Z 957 ECBSFVFylD2YnMagQhKVyz8mPiSelm0eWuveJ2DF53RjxnA3xOfsj5t0jUJX
2021-02-24T23:23:55.160270609Z 958 2GygOCUEPwz5mk6QvrB94rrb1ViiMa9h1dEmjdy4SsgK9L0fHr6jawLcqDYT
2021-02-24T23:23:55.171616056Z 959 wUOnaki4csHC4KsDBjrYGPxtfVc4R3fH3SEk5CaWHKuAcibgSIpkAdPelFJV
2021-02-24T23:23:55.182867143Z 960 Nb1mUtCoDlDKE8P8NEUxWx3HMvSUhHLBvJ7K40kIRq8CnR0JOFYBQEGqCK2H
2021-02-24T23:23:55.194158229Z 961 9c0p8J4dM7jFbxl8QoH9EI9kTHXvnAUNebZErX2LQlVXqqhST73Hd7iobCTR
2021-02-24T23:23:55.205187793Z 962 LodKbjKqYdlOL3cAiVhxDr073MDG93lPofmfZwKWUncehOJy1oRVAolK792R
2021-02-24T23:23:55.216879699Z 963 hCtvjML5ZHdKfUbtWyNa98bGM2NUVnjgHKQd9WGOMlO1HbRNfl8fO9gHeWSj
2021-02-24T23:23:55.228376912Z 964 fLgNsuUuF3XVcsnbgdZmOxT34l59sBUj7sbseyeHqG8iZYprycZaD9H5BiLy
2021-02-24T23:23:55.239086815Z 965 VRLZOsq81OzyxHXyDzsTtEPqGfonDm1M0R0t5wXCpoQpmjL6BUKqXUBtHraK
2021-02-24T23:23:55.250027167Z 966 NIKbkxlxfwqhW68mnvJqM7Q4AqxhOXjD95qoESVV1WsktozIoQumeXHv6XWX
2021-02-24T23:23:55.261852945Z 967 xLEbXDzvnzOzoSmbKcu8SX6o93iWWTYBFrUBdFX01fYNtqhOIipmQVkFobiD
2021-02-24T23:23:55.273189897Z 968 u1Ookk0EDBsQtYdoqnXTzxYiXD72ms8vfnRitUkjoJHppuRlCOWOOhe6HBgs
2021-02-24T23:23:55.284857868Z 969 BUZ1zP2v9PX3zBxwbriXB3XNpDUk9UuQaqkoNOjTMiM17WSa8fMP7XM7JxNU
2021-02-24T23:23:55.296302070Z 970 b8FrqNO3ALx9LJyhM2bf0hPE8dPng8Hegza37d6SCtzEBV76Il13NgBQ8iZh
2021-02-24T23:23:55.306773209Z 971 wIOQNZ56uMSUbxYgS4tKdgXw8E1oKdf5GbIFiSrHvGp8A366PChIbfpUb0oZ
2021-02-24T23:23:55.318295765Z 972 nHPGK13Na8tCtEVKaMCsfPQAioML0IADtWogGWnpUIT3KGWqpkCxBfOocGUv
2021-02-24T23:23:55.329574730Z 973 GwxWqXEY4DmN1Tb44O8YQDM4dbMVoWy919F8G01bP1gxkTIp9InInHzS6Iw6
2021-02-24T23:23:55.340371418Z 974 jmLpxJMiwoB8In1kmeau6j2jJg8o3SvEuMN5sCBGHZY5fEgTp8ntJbCWGHna
2021-02-24T23:23:55.351201238Z 975 yIZVZFjMDf3jgucafDrF6OE6B7jX2iwbEexOr0RukqXUFluSI52k2ASrHtHJ
2021-02-24T23:23:55.362567547Z 976 PD5LBwuCYJiV1yhkaaLj28bPIaZTaubEwEzdrpe5WSzzqnY3t6dvVBQRYauX
2021-02-24T23:23:55.373699024Z 977 7I9PfEaLQGuiJv9T8oguNYJtV6R4NtuPIkx2goXuK72xUbKWH936GHeOcthb
2021-02-24T23:23:55.385624198Z 978 Q0LbUZVCqZnUBwB5l2URgAgecMT4cmGVM2vNkPkyzgddnjxgzDWbeTtgLwO8
2021-02-24T23:23:55.396897934Z 979 9UsuCA5M9HAHQYmq5VrJvo6bRrfDXntvvEY1QHDkzdyhFE6vWJMzTyhuOUV0
2021-02-24T23:23:55.410267697Z 980 LeQc8nW5WB0RmX0Wwk2DbdbFnhDrh3hHj0rCDmc7ZG4MR70ViuW8fW7xJb6t
2021-02-24T23:23:55.420427876Z 981 OjbUyCyjR7nKZXFoL58mqgcEjgoTSaICDTCpQwJUIoDM6beBdnoTlGN066UL
2021-02-24T23:23:55.431956702Z 982 3SYZ60CpNfBLMn3rDxMEWvrNZy5eEX28nWGw9Z6Jw23xMvw4CgsAdXLkQLJp
2021-02-24T23:23:55.442871713Z 983 eGTabDZsFO0HbqRN7C8J22gXweC6ej7urogrghlakbeB5xY55c6Sqe5YmnR1
2021-02-24T23:23:55.453991371Z 984 l3BewAhVpXGyUsgk117OvbwHF0w59iL8pWKVYscc23c28aYuNWUyEQnokucI
2021-02-24T23:23:55.465417035Z 985 zIpAjs13vCsJ3QUI1e8kR3nDI0MLuDNNaMAp7eXWYnspVG4ISJd3YrmQ5KcK
2021-02-24T23:23:55.476446221Z 986 XKEhJqzZrI4PJnSq2ZHCqgYaEzZvgjk3EfIYzXOrnmzCyi0gAAstjwf6DHcD
2021-02-24T23:23:55.487080960Z 987 jpN7dlhJ9gwteDNIetF5flMsHpJbJslgcuQoBQrRjLDEgO0fl6BVI1ZueXsR
2021-02-24T23:23:55.497825541Z 988 5rNyegunYws2oOv1ZquKvQDhKGg7r1CuEwAAKsXUhH5QukxQKoRFGCDgmDAr
2021-02-24T23:23:55.508785491Z 989 NRfQQoq8TBD2oDUAWiVSoTWubOsQoNHzPWdIN04jpXS8XGCJcYu1SweomYqp
2021-02-24T23:23:55.520162708Z 990 JM3lzNflSX9UoltR9nBMEjUME5D9RP7zly1NZrYBjTUDpmwPPTujF6L8ZIf4
2021-02-24T23:23:55.531908819Z 991 H2DsbsjnlKDLsjOuBzh0IvcmB5zdYM6RiSawu1twDjO5J1hhzNmG7CqrTbks
2021-02-24T23:23:55.543356309Z 992 d1baa6LXW4EquK85Wnsmt28VrRVEs13Zdbfi9o9XS8z4uv7NOaENazH9F5p9
2021-02-24T23:23:55.554128047Z 993 hPkZCzOx52gE7mCFet3T74xdatGUBSh52pyxJUeYrQC8rXuxd877Zghkm8Sr
2021-02-24T23:23:55.566451760Z 994 prK3nEfEXdt6D8914iNoEXOhagPpU3BTHad4OUxnPMXwHslSXbD8lEEuqkPm
2021-02-24T23:23:55.577269136Z 995 YRCdS6elWy3OCJRzHpZ7AoL8R5QMMMX9pmP0TW71ybRpcHPqPifQX1ALc4Kd
2021-02-24T23:23:55.587850202Z 996 niRzXVnpFQzZZWETET9IEOJDAkU1MtJSDYw11MEFcYRSB29UWFHfLS6sxdpi
2021-02-24T23:23:55.599704018Z 997 CGa18uDpNrszJ0DbKNFmCFXZPyclLYl2OqGob9TskxUUrascewqPlo3oCcLt
2021-02-24T23:23:55.611436829Z 998 O1S569zmobys5YmeLzdfd4RULSWWgNoiXbuLxpjDmKVHJjWOHjirLx0uI4u2
2021-02-24T23:23:55.623083636Z 999 i1lL0Xlx8ujlDEElqeFieA6yd0aCrbc8PNxz7aHs4Vo9VFI335bbXG60Zdcu
