2021-02-24T23:18:42.137828362Z  running: (['/opt/scylladb/scripts/scylla_dev_mode_setup', '--developer-mode', '1'],)
2021-02-24T23:18:42.702306341Z  running: (['/opt/scylladb/scripts/scylla_io_setup'],)
2021-02-24T23:18:43.244410166Z  2021-02-24 23:18:43,244 CRIT Supervisor is running as root.  Privileges were not dropped because no user is specified in the config file.  If you intend to run as root, you can set user=root in the config file to avoid this message.
2021-02-24T23:18:43.244594408Z  2021-02-24 23:18:43,244 INFO Included extra file "/etc/supervisord.conf.d/node-exporter.conf" during parsing
2021-02-24T23:18:43.244788285Z  2021-02-24 23:18:43,244 INFO Included extra file "/etc/supervisord.conf.d/rsyslog.conf" during parsing
2021-02-24T23:18:43.244963889Z  2021-02-24 23:18:43,244 INFO Included extra file "/etc/supervisord.conf.d/scylla-housekeeping.conf" during parsing
2021-02-24T23:18:43.245242930Z  2021-02-24 23:18:43,244 INFO Included extra file "/etc/supervisord.conf.d/scylla-jmx.conf" during parsing
2021-02-24T23:18:43.245433886Z  2021-02-24 23:18:43,245 INFO Included extra file "/etc/supervisord.conf.d/scylla-server.conf" during parsing
2021-02-24T23:18:43.245663944Z  2021-02-24 23:18:43,245 INFO Included extra file "/etc/supervisord.conf.d/sshd-server.conf" during parsing
2021-02-24T23:18:43.286259236Z  2021-02-24 23:18:43,285 INFO RPC interface 'supervisor' initialized
2021-02-24T23:18:43.286561877Z  2021-02-24 23:18:43,286 CRIT Server 'inet_http_server' running without any HTTP authentication checking
2021-02-24T23:18:43.286951936Z  2021-02-24 23:18:43,286 INFO supervisord started with pid 27
2021-02-24T23:18:44.290956650Z  2021-02-24 23:18:44,290 INFO spawned: 'scylla' with pid 30
2021-02-24T23:18:44.294829581Z  2021-02-24 23:18:44,293 INFO spawned: 'scylla-housekeeping' with pid 31
2021-02-24T23:18:44.298475913Z  2021-02-24 23:18:44,297 INFO spawned: 'sshd' with pid 32
2021-02-24T23:18:44.301374471Z  2021-02-24 23:18:44,300 INFO spawned: 'scylla-jmx' with pid 33
2021-02-24T23:18:44.313139696Z  2021-02-24 23:18:44,312 INFO spawned: 'rsyslog' with pid 34
2021-02-24T23:18:44.324017958Z  2021-02-24 23:18:44,323 INFO spawned: 'node-exporter' with pid 36
2021-02-24T23:18:44.377177220Z  time="2021-02-24T23:18:44Z" level=info msg="Starting node_exporter (version=0.17.0, branch=HEAD, revision=f6f6194a436b9a63d0439abc585c76b19a206b21)" source="node_exporter.go:82"
2021-02-24T23:18:44.377201803Z  time="2021-02-24T23:18:44Z" level=info msg="Build context (go=go1.11.2, user=root@322511e06ced, date=20181130-15:51:33)" source="node_exporter.go:83"
2021-02-24T23:18:44.378748401Z  time="2021-02-24T23:18:44Z" level=info msg="Enabled collectors:" source="node_exporter.go:90"
2021-02-24T23:18:44.378794626Z  time="2021-02-24T23:18:44Z" level=info msg=" - arp" source="node_exporter.go:97"
2021-02-24T23:18:44.379465275Z  time="2021-02-24T23:18:44Z" level=info msg=" - bcache" source="node_exporter.go:97"
2021-02-24T23:18:44.379485228Z  time="2021-02-24T23:18:44Z" level=info msg=" - bonding" source="node_exporter.go:97"
2021-02-24T23:18:44.379512235Z  time="2021-02-24T23:18:44Z" level=info msg=" - conntrack" source="node_exporter.go:97"
2021-02-24T23:18:44.379537008Z  time="2021-02-24T23:18:44Z" level=info msg=" - cpu" source="node_exporter.go:97"
2021-02-24T23:18:44.379547885Z  time="2021-02-24T23:18:44Z" level=info msg=" - diskstats" source="node_exporter.go:97"
2021-02-24T23:18:44.379557685Z  time="2021-02-24T23:18:44Z" level=info msg=" - edac" source="node_exporter.go:97"
2021-02-24T23:18:44.379567429Z  time="2021-02-24T23:18:44Z" level=info msg=" - entropy" source="node_exporter.go:97"
2021-02-24T23:18:44.379577417Z  time="2021-02-24T23:18:44Z" level=info msg=" - filefd" source="node_exporter.go:97"
2021-02-24T23:18:44.380520128Z  time="2021-02-24T23:18:44Z" level=info msg=" - filesystem" source="node_exporter.go:97"
2021-02-24T23:18:44.382925965Z  time="2021-02-24T23:18:44Z" level=info msg=" - hwmon" source="node_exporter.go:97"
2021-02-24T23:18:44.382971039Z  time="2021-02-24T23:18:44Z" level=info msg=" - infiniband" source="node_exporter.go:97"
2021-02-24T23:18:44.382982389Z  time="2021-02-24T23:18:44Z" level=info msg=" - interrupts" source="node_exporter.go:97"
2021-02-24T23:18:44.382992647Z  time="2021-02-24T23:18:44Z" level=info msg=" - ipvs" source="node_exporter.go:97"
2021-02-24T23:18:44.383002706Z  time="2021-02-24T23:18:44Z" level=info msg=" - loadavg" source="node_exporter.go:97"
2021-02-24T23:18:44.383012696Z  time="2021-02-24T23:18:44Z" level=info msg=" - mdadm" source="node_exporter.go:97"
2021-02-24T23:18:44.383022595Z  time="2021-02-24T23:18:44Z" level=info msg=" - meminfo" source="node_exporter.go:97"
2021-02-24T23:18:44.383032395Z  time="2021-02-24T23:18:44Z" level=info msg=" - netclass" source="node_exporter.go:97"
2021-02-24T23:18:44.385086606Z  time="2021-02-24T23:18:44Z" level=info msg=" - netdev" source="node_exporter.go:97"
2021-02-24T23:18:44.385128994Z  time="2021-02-24T23:18:44Z" level=info msg=" - netstat" source="node_exporter.go:97"
2021-02-24T23:18:44.385141572Z  time="2021-02-24T23:18:44Z" level=info msg=" - nfs" source="node_exporter.go:97"
2021-02-24T23:18:44.385151588Z  time="2021-02-24T23:18:44Z" level=info msg=" - nfsd" source="node_exporter.go:97"
2021-02-24T23:18:44.385161477Z  time="2021-02-24T23:18:44Z" level=info msg=" - sockstat" source="node_exporter.go:97"
2021-02-24T23:18:44.385171086Z  time="2021-02-24T23:18:44Z" level=info msg=" - stat" source="node_exporter.go:97"
2021-02-24T23:18:44.385180893Z  time="2021-02-24T23:18:44Z" level=info msg=" - textfile" source="node_exporter.go:97"
2021-02-24T23:18:44.385190499Z  time="2021-02-24T23:18:44Z" level=info msg=" - time" source="node_exporter.go:97"
2021-02-24T23:18:44.385200281Z  time="2021-02-24T23:18:44Z" level=info msg=" - timex" source="node_exporter.go:97"
2021-02-24T23:18:44.385210014Z  time="2021-02-24T23:18:44Z" level=info msg=" - uname" source="node_exporter.go:97"
2021-02-24T23:18:44.385219658Z  time="2021-02-24T23:18:44Z" level=info msg=" - vmstat" source="node_exporter.go:97"
2021-02-24T23:18:44.385240670Z  time="2021-02-24T23:18:44Z" level=info msg=" - xfs" source="node_exporter.go:97"
2021-02-24T23:18:44.385251635Z  time="2021-02-24T23:18:44Z" level=info msg=" - zfs" source="node_exporter.go:97"
2021-02-24T23:18:44.385261468Z  time="2021-02-24T23:18:44Z" level=info msg="Listening on :9100" source="node_exporter.go:111"
2021-02-24T23:18:44.397895136Z  Generating public/private ed25519 key pair.
2021-02-24T23:18:44.397949215Z  Your identification has been saved in /etc/ssh/ssh_host_ed25519_key.
2021-02-24T23:18:44.397962186Z  Your public key has been saved in /etc/ssh/ssh_host_ed25519_key.pub.
2021-02-24T23:18:44.397972237Z  The key fingerprint is:
2021-02-24T23:18:44.397982151Z  SHA256:BKXBxpeUjY9YuX71I62fWGSMCx+WRaZQN9hlaInEpKU root@2a231057bd27
2021-02-24T23:18:44.397991635Z  The key's randomart image is:
2021-02-24T23:18:44.398024970Z  +--[ED25519 256]--+
2021-02-24T23:18:44.398047967Z  |     oooo*.==+=+o|
2021-02-24T23:18:44.398059545Z  |      ++B .=+==o |
2021-02-24T23:18:44.398068548Z  |     ..+.+E ...  |
2021-02-24T23:18:44.398077462Z  |      ..o . .=   |
2021-02-24T23:18:44.398086466Z  |       .S ..=o+  |
2021-02-24T23:18:44.398095426Z  |        . .+.=+  |
2021-02-24T23:18:44.398104149Z  |         .  oo.. |
2021-02-24T23:18:44.398113040Z  |            .o . |
2021-02-24T23:18:44.398121938Z  |            ..o  |
2021-02-24T23:18:44.398130835Z  +----[SHA256]-----+
2021-02-24T23:18:45.106652440Z  Scylla version 4.3.1-0.20210210.46650adcd with build-id bfaa518f22098de476b961b707925c71441bb81b starting ...
2021-02-24T23:18:45.106677308Z  command used: "/usr/bin/scylla --log-to-syslog 0 --log-to-stdout 1 --default-log-level info --network-stack posix --developer-mode=1 --overprovisioned --listen-address 10.0.24.16 --rpc-address 10.0.24.16 --seed-provider-parameters seeds=10.0.24.16 --blocked-reactor-notify-ms 999999999"
2021-02-24T23:18:45.106688709Z  parsed command line options: [log-to-syslog: 0, log-to-stdout: 1, default-log-level: info, network-stack: posix, developer-mode: 1, overprovisioned, listen-address: 10.0.24.16, rpc-address: 10.0.24.16, seed-provider-parameters: seeds=10.0.24.16, blocked-reactor-notify-ms: 999999999]
2021-02-24T23:18:45.156742178Z  WARN  2021-02-24 23:18:45,153 [shard 0] seastar - Unable to set SCHED_FIFO scheduling policy for timer thread; latency impact possible. Try adding CAP_SYS_NICE
2021-02-24T23:18:45.237271036Z  INFO  2021-02-24 23:18:45,235 [shard 0] init - installing SIGHUP handler
2021-02-24T23:18:45.249044412Z  INFO  2021-02-24 23:18:45,248 [shard 0] init - Scylla version 4.3.1-0.20210210.46650adcd with build-id bfaa518f22098de476b961b707925c71441bb81b starting ...
2021-02-24T23:18:45.249066321Z  
2021-02-24T23:18:45.253028953Z  INFO  2021-02-24 23:18:45,252 [shard 0] init - starting prometheus API server
2021-02-24T23:18:45.266808402Z  INFO  2021-02-24 23:18:45,265 [shard 0] init - starting tokens manager
2021-02-24T23:18:45.267387921Z  INFO  2021-02-24 23:18:45,266 [shard 0] init - starting migration manager notifier
2021-02-24T23:18:45.268657516Z  INFO  2021-02-24 23:18:45,267 [shard 0] init - creating tracing
2021-02-24T23:18:45.269008566Z  INFO  2021-02-24 23:18:45,268 [shard 0] init - creating snitch
2021-02-24T23:18:45.274155444Z  INFO  2021-02-24 23:18:45,272 [shard 0] init - determining DNS name
2021-02-24T23:18:45.274176651Z  INFO  2021-02-24 23:18:45,272 [shard 0] init - starting API server
2021-02-24T23:18:45.275839832Z  INFO  2021-02-24 23:18:45,274 [shard 0] init - Scylla API server listening on 127.0.0.1:10000 ...
2021-02-24T23:18:45.298257053Z  INFO  2021-02-24 23:18:45,290 [shard 0] init - initializing storage service
2021-02-24T23:18:45.302530722Z  2021-02-24 23:18:45,302 INFO success: scylla entered RUNNING state, process has stayed up for > than 1 seconds (startsecs)
2021-02-24T23:18:45.303335063Z  2021-02-24 23:18:45,303 INFO success: scylla-housekeeping entered RUNNING state, process has stayed up for > than 1 seconds (startsecs)
2021-02-24T23:18:45.303550698Z  2021-02-24 23:18:45,303 INFO success: sshd entered RUNNING state, process has stayed up for > than 1 seconds (startsecs)
2021-02-24T23:18:45.303763588Z  2021-02-24 23:18:45,303 INFO success: scylla-jmx entered RUNNING state, process has stayed up for > than 1 seconds (startsecs)
2021-02-24T23:18:45.304166706Z  INFO  2021-02-24 23:18:45,292 [shard 0] init - starting per-shard database core
2021-02-24T23:18:45.310287246Z  2021-02-24 23:18:45,306 INFO success: rsyslog entered RUNNING state, process has stayed up for > than 1 seconds (startsecs)
2021-02-24T23:18:45.310721803Z  WARN  2021-02-24 23:18:45,304 [shard 0] init - I/O Scheduler is not properly configured! This is a non-supported setup, and performance is expected to be unpredictably bad.
2021-02-24T23:18:45.310744680Z   Reason found: none of --max-io-requests, --io-properties and --io-properties-file are set.
2021-02-24T23:18:45.310785580Z  To properly configure the I/O Scheduler, run the scylla_io_setup utility shipped with Scylla.
2021-02-24T23:18:45.310797896Z  
2021-02-24T23:18:45.310807941Z  INFO  2021-02-24 23:18:45,304 [shard 0] init - creating and verifying directories
2021-02-24T23:18:45.890736261Z  Connecting to http://localhost:100002021-02-24 23:18:45,890 INFO success: node-exporter entered RUNNING state, process has stayed up for > than 1 seconds (startsecs)
2021-02-24T23:18:45.892304234Z  
2021-02-24T23:18:45.892326938Z  Starting the JMX server
2021-02-24T23:18:47.201267690Z  INFO  2021-02-24 23:18:47,200 [shard 0] database - Populating Keyspace system_schema
2021-02-24T23:18:47.201293972Z  INFO  2021-02-24 23:18:47,200 [shard 0] database - Keyspace system_schema: Reading CF view_virtual_columns id=08843b63-45dc-3be2-9798-a0418295cfaa version=c777531c-15f7-326f-8ebe-39fd0265c8c9
2021-02-24T23:18:47.201305569Z  INFO  2021-02-24 23:18:47,200 [shard 0] database - Keyspace system_schema: Reading CF computed_columns id=cc7c7069-3740-33c1-92a4-c3de78dbd2c4 version=2b8c4439-de76-31e0-807f-3b7290a975d7
2021-02-24T23:18:47.201334112Z  INFO  2021-02-24 23:18:47,200 [shard 0] database - Keyspace system_schema: Reading CF aggregates id=924c5587-2e3a-345b-b10c-12f37c1ba895 version=4b53e92c-0368-3d5c-b959-2ec1bfd1a59f
2021-02-24T23:18:47.201358482Z  INFO  2021-02-24 23:18:47,200 [shard 0] database - Keyspace system_schema: Reading CF functions id=96489b79-80be-3e14-a701-66a0b9159450 version=329ed804-55b3-3eee-ad61-d85317b96097
2021-02-24T23:18:47.201370400Z  INFO  2021-02-24 23:18:47,200 [shard 0] database - Keyspace system_schema: Reading CF views id=9786ac1c-dd58-3201-a7cd-ad556410c985 version=5b58bb47-96e7-3f57-accf-0bfca4dbbc6e
2021-02-24T23:18:47.201381066Z  INFO  2021-02-24 23:18:47,200 [shard 0] database - Keyspace system_schema: Reading CF indexes id=0feb57ac-311f-382f-ba6d-9024d305702f version=99c40462-8687-304e-abe3-2bdbef1f25aa
2021-02-24T23:18:47.201404591Z  INFO  2021-02-24 23:18:47,200 [shard 0] database - Keyspace system_schema: Reading CF types id=5a8b1ca8-6602-3f77-a045-9273d308917a version=de51b2ce-5e4d-3b7d-a75f-2204332ce8d1
2021-02-24T23:18:47.201415517Z  INFO  2021-02-24 23:18:47,200 [shard 0] database - Keyspace system_schema: Reading CF triggers id=4df70b66-6b05-3251-95a1-32b54005fd48 version=582d7071-1ef0-37c8-adc6-471a13636139
2021-02-24T23:18:47.201425866Z  INFO  2021-02-24 23:18:47,200 [shard 0] database - Keyspace system_schema: Reading CF dropped_columns id=5e7583b5-f3f4-3af1-9a39-b7e1d6f5f11f version=7426bc6c-4c2f-3200-8ad8-4329610ed59a
2021-02-24T23:18:47.201436332Z  INFO  2021-02-24 23:18:47,200 [shard 0] database - Keyspace system_schema: Reading CF columns id=24101c25-a2ae-3af7-87c1-b40ee1aca33f version=d33236d4-9bdd-3c09-abf0-a0bc5edc2526
2021-02-24T23:18:47.201448343Z  INFO  2021-02-24 23:18:47,200 [shard 0] database - Keyspace system_schema: Reading CF scylla_tables id=5d912ff1-f759-3665-b2c8-8042ab5103dd version=38e5e56b-155d-39b5-a0d2-8e5dcad42a26
2021-02-24T23:18:47.201459176Z  INFO  2021-02-24 23:18:47,200 [shard 0] database - Keyspace system_schema: Reading CF tables id=afddfb9d-bc1e-3068-8056-eed6c302ba09 version=b6240810-eeb7-36d5-9411-43b2d68dddab
2021-02-24T23:18:47.201469550Z  INFO  2021-02-24 23:18:47,200 [shard 0] database - Keyspace system_schema: Reading CF keyspaces id=abac5682-dea6-31c5-b535-b3d6cffd0fb6 version=e79ca8ba-6556-3f7d-925a-7f20cf57938c
2021-02-24T23:18:47.362061863Z  JMX is enabled to receive remote connections on port: 7199
2021-02-24T23:18:47.576530501Z  Generating public/private rsa key pair.
2021-02-24T23:18:47.576582937Z  Your identification has been saved in /etc/ssh/ssh_host_rsa_key.
2021-02-24T23:18:47.576595872Z  Your public key has been saved in /etc/ssh/ssh_host_rsa_key.pub.
2021-02-24T23:18:47.576605635Z  The key fingerprint is:
2021-02-24T23:18:47.576614804Z  SHA256:4RJ19RwCBq2UDl3dfGtsg2ycjs/sP/cDVBu3v82+dJs root@2a231057bd27
2021-02-24T23:18:47.576624202Z  The key's randomart image is:
2021-02-24T23:18:47.576633354Z  +---[RSA 4096]----+
2021-02-24T23:18:47.576642289Z  |       .o==+oo.  |
2021-02-24T23:18:47.576651249Z  |      ..+o. .+o+o|
2021-02-24T23:18:47.576659897Z  |      .+..  o B.*|
2021-02-24T23:18:47.576668496Z  |       oo.   B O |
2021-02-24T23:18:47.576677233Z  |      . S   = o o|
2021-02-24T23:18:47.576686014Z  |       .   . o  .|
2021-02-24T23:18:47.576716843Z  |            + .o+|
2021-02-24T23:18:47.576728264Z  |             +.+B|
2021-02-24T23:18:47.576737543Z  |            ...EO|
2021-02-24T23:18:47.576746735Z  +----[SHA256]-----+
2021-02-24T23:18:47.597527325Z  Could not load host key: /etc/ssh/ssh_host_ecdsa_key
2021-02-24T23:18:50.127365673Z  Traceback (most recent call last):
2021-02-24T23:18:50.127392070Z    File "/opt/scylladb/scripts/libexec/scylla-housekeeping", line 208, in <module>
2021-02-24T23:18:50.127404217Z      args.func(args)
2021-02-24T23:18:50.127413590Z    File "/opt/scylladb/scripts/libexec/scylla-housekeeping", line 134, in check_version
2021-02-24T23:18:50.127423264Z      current_version = sanitize_version(get_api('/storage_service/scylla_release_version'))
2021-02-24T23:18:50.127432904Z    File "/opt/scylladb/scripts/libexec/scylla-housekeeping", line 93, in get_api
2021-02-24T23:18:50.127442442Z      return get_json_from_url("http://" + api_address + path)
2021-02-24T23:18:50.127451701Z    File "/opt/scylladb/scripts/libexec/scylla-housekeeping", line 88, in get_json_from_url
2021-02-24T23:18:50.127460947Z      raise RuntimeError(f'Failed to get "{path}" due to the following error: {retval}')
2021-02-24T23:18:50.127470443Z  RuntimeError: Failed to get "http://localhost:10000/storage_service/scylla_release_version" due to the following error: HTTP Error 404: Not Found
2021-02-24T23:18:52.534062358Z  INFO  2021-02-24 23:18:52,533 [shard 0] database - Found temporary sstable directory: "/var/lib/scylla/data/system_schema/views-9786ac1cdd583201a7cdad556410c985/0000000000001003.sstable", removing
2021-02-24T23:18:52.534992237Z  INFO  2021-02-24 23:18:52,534 [shard 0] database - Found temporary sstable directory: "/var/lib/scylla/data/system_schema/views-9786ac1cdd583201a7cdad556410c985/0000000000001002.sstable", removing
2021-02-24T23:18:52.535884578Z  INFO  2021-02-24 23:18:52,535 [shard 0] database - Found temporary sstable directory: "/var/lib/scylla/data/system_schema/columns-24101c25a2ae3af787c1b40ee1aca33f/0000000000001319.sstable", removing
2021-02-24T23:18:52.538126684Z  INFO  2021-02-24 23:18:52,537 [shard 0] database - Found temporary sstable directory: "/var/lib/scylla/data/system_schema/scylla_tables-5d912ff1f7593665b2c88042ab5103dd/0000000000001090.sstable", removing
2021-02-24T23:18:52.538626285Z  INFO  2021-02-24 23:18:52,538 [shard 0] database - Found temporary sstable directory: "/var/lib/scylla/data/system_schema/tables-afddfb9dbc1e30688056eed6c302ba09/0000000000001119.sstable", removing
2021-02-24T23:18:52.539886061Z  INFO  2021-02-24 23:18:52,539 [shard 0] database - Found temporary sstable directory: "/var/lib/scylla/data/system_schema/keyspaces-abac5682dea631c5b535b3d6cffd0fb6/0000000000001210.sstable", removing
2021-02-24T23:18:52.540460568Z  INFO  2021-02-24 23:18:52,540 [shard 0] database - Found temporary sstable directory: "/var/lib/scylla/data/system_schema/scylla_tables-5d912ff1f7593665b2c88042ab5103dd/0000000000001091.sstable", removing
2021-02-24T23:18:52.542097428Z  INFO  2021-02-24 23:18:52,541 [shard 0] database - Found temporary sstable directory: "/var/lib/scylla/data/system_schema/tables-afddfb9dbc1e30688056eed6c302ba09/0000000000001118.sstable", removing
2021-02-24T23:18:52.676944348Z  INFO  2021-02-24 23:18:52,676 [shard 2] sstable_directory - Removing file /var/lib/scylla/data/system_schema/views-9786ac1cdd583201a7cdad556410c985/md-1002-big-TOC.txt.tmp
2021-02-24T23:18:52.676968663Z  INFO  2021-02-24 23:18:52,676 [shard 2] sstable_directory - Removing file /var/lib/scylla/data/system_schema/views-9786ac1cdd583201a7cdad556410c985/md-1002-big-Index.db
2021-02-24T23:18:52.676979861Z  INFO  2021-02-24 23:18:52,676 [shard 2] sstable_directory - Removing file /var/lib/scylla/data/system_schema/views-9786ac1cdd583201a7cdad556410c985/md-1002-big-Data.db
2021-02-24T23:18:52.676990174Z  INFO  2021-02-24 23:18:52,676 [shard 3] sstable_directory - Removing file /var/lib/scylla/data/system_schema/views-9786ac1cdd583201a7cdad556410c985/md-1003-big-TOC.txt.tmp
2021-02-24T23:18:52.702979894Z  INFO  2021-02-24 23:18:52,702 [shard 2] sstable_directory - Removing file /var/lib/scylla/data/system_schema/keyspaces-abac5682dea631c5b535b3d6cffd0fb6/md-1210-big-TOC.txt.tmp
2021-02-24T23:18:52.706048120Z  INFO  2021-02-24 23:18:52,703 [shard 3] sstable_directory - Removing file /var/lib/scylla/data/system_schema/scylla_tables-5d912ff1f7593665b2c88042ab5103dd/md-1091-big-Index.db
2021-02-24T23:18:52.706068522Z  INFO  2021-02-24 23:18:52,705 [shard 2] sstable_directory - Removing file /var/lib/scylla/data/system_schema/scylla_tables-5d912ff1f7593665b2c88042ab5103dd/md-1090-big-Data.db
2021-02-24T23:18:52.706104171Z  INFO  2021-02-24 23:18:52,705 [shard 2] sstable_directory - Removing file /var/lib/scylla/data/system_schema/scylla_tables-5d912ff1f7593665b2c88042ab5103dd/md-1090-big-Summary.db
2021-02-24T23:18:52.706117166Z  INFO  2021-02-24 23:18:52,705 [shard 2] sstable_directory - Removing file /var/lib/scylla/data/system_schema/scylla_tables-5d912ff1f7593665b2c88042ab5103dd/md-1090-big-Digest.crc32
2021-02-24T23:18:52.706127951Z  INFO  2021-02-24 23:18:52,705 [shard 2] sstable_directory - Removing file /var/lib/scylla/data/system_schema/scylla_tables-5d912ff1f7593665b2c88042ab5103dd/md-1090-big-Index.db
2021-02-24T23:18:52.706138226Z  INFO  2021-02-24 23:18:52,705 [shard 2] sstable_directory - Removing file /var/lib/scylla/data/system_schema/scylla_tables-5d912ff1f7593665b2c88042ab5103dd/md-1090-big-TOC.txt.tmp
2021-02-24T23:18:52.706438876Z  INFO  2021-02-24 23:18:52,705 [shard 3] sstable_directory - Removing file /var/lib/scylla/data/system_schema/scylla_tables-5d912ff1f7593665b2c88042ab5103dd/md-1091-big-Data.db
2021-02-24T23:18:52.706458166Z  INFO  2021-02-24 23:18:52,706 [shard 3] sstable_directory - Removing file /var/lib/scylla/data/system_schema/scylla_tables-5d912ff1f7593665b2c88042ab5103dd/md-1091-big-TOC.txt.tmp
2021-02-24T23:18:52.782443971Z  INFO  2021-02-24 23:18:52,781 [shard 3] sstable_directory - Removing file /var/lib/scylla/data/system_schema/tables-afddfb9dbc1e30688056eed6c302ba09/md-1119-big-TOC.txt.tmp
2021-02-24T23:18:52.782494842Z  INFO  2021-02-24 23:18:52,781 [shard 3] sstable_directory - Removing file /var/lib/scylla/data/system_schema/tables-afddfb9dbc1e30688056eed6c302ba09/md-1119-big-Index.db
2021-02-24T23:18:52.782508853Z  INFO  2021-02-24 23:18:52,781 [shard 3] sstable_directory - Removing file /var/lib/scylla/data/system_schema/tables-afddfb9dbc1e30688056eed6c302ba09/md-1119-big-Summary.db
2021-02-24T23:18:52.783344810Z  INFO  2021-02-24 23:18:52,782 [shard 3] sstable_directory - Removing file /var/lib/scylla/data/system_schema/tables-afddfb9dbc1e30688056eed6c302ba09/md-1119-big-Data.db
2021-02-24T23:18:52.783406895Z  INFO  2021-02-24 23:18:52,782 [shard 3] sstable_directory - Removing file /var/lib/scylla/data/system_schema/tables-afddfb9dbc1e30688056eed6c302ba09/md-1119-big-Digest.crc32
2021-02-24T23:18:52.783419872Z  INFO  2021-02-24 23:18:52,782 [shard 2] sstable_directory - Removing file /var/lib/scylla/data/system_schema/tables-afddfb9dbc1e30688056eed6c302ba09/md-1118-big-Data.db
2021-02-24T23:18:52.783430520Z  INFO  2021-02-24 23:18:52,782 [shard 2] sstable_directory - Removing file /var/lib/scylla/data/system_schema/tables-afddfb9dbc1e30688056eed6c302ba09/md-1118-big-CompressionInfo.db
2021-02-24T23:18:52.783441378Z  INFO  2021-02-24 23:18:52,782 [shard 2] sstable_directory - Removing file /var/lib/scylla/data/system_schema/tables-afddfb9dbc1e30688056eed6c302ba09/md-1118-big-Summary.db
2021-02-24T23:18:52.783451718Z  INFO  2021-02-24 23:18:52,782 [shard 2] sstable_directory - Removing file /var/lib/scylla/data/system_schema/tables-afddfb9dbc1e30688056eed6c302ba09/md-1118-big-Index.db
2021-02-24T23:18:52.783462357Z  INFO  2021-02-24 23:18:52,782 [shard 2] sstable_directory - Removing file /var/lib/scylla/data/system_schema/tables-afddfb9dbc1e30688056eed6c302ba09/md-1118-big-Filter.db
2021-02-24T23:18:52.783472739Z  INFO  2021-02-24 23:18:52,782 [shard 2] sstable_directory - Removing file /var/lib/scylla/data/system_schema/tables-afddfb9dbc1e30688056eed6c302ba09/md-1118-big-TOC.txt.tmp
2021-02-24T23:18:52.783483257Z  INFO  2021-02-24 23:18:52,782 [shard 2] sstable_directory - Removing file /var/lib/scylla/data/system_schema/tables-afddfb9dbc1e30688056eed6c302ba09/md-1118-big-Digest.crc32
2021-02-24T23:18:52.783493451Z  INFO  2021-02-24 23:18:52,782 [shard 2] sstable_directory - Removing file /var/lib/scylla/data/system_schema/tables-afddfb9dbc1e30688056eed6c302ba09/md-1118-big-Statistics.db
2021-02-24T23:18:52.783503849Z  INFO  2021-02-24 23:18:52,783 [shard 3] sstable_directory - Removing file /var/lib/scylla/data/system_schema/tables-afddfb9dbc1e30688056eed6c302ba09/md-1119-big-Filter.db
2021-02-24T23:18:52.791127129Z  INFO  2021-02-24 23:18:52,790 [shard 3] sstable_directory - Removing file /var/lib/scylla/data/system_schema/columns-24101c25a2ae3af787c1b40ee1aca33f/md-1319-big-CompressionInfo.db
2021-02-24T23:18:52.791150503Z  INFO  2021-02-24 23:18:52,790 [shard 3] sstable_directory - Removing file /var/lib/scylla/data/system_schema/columns-24101c25a2ae3af787c1b40ee1aca33f/md-1319-big-Statistics.db
2021-02-24T23:18:52.791872384Z  INFO  2021-02-24 23:18:52,791 [shard 3] sstable_directory - Removing file /var/lib/scylla/data/system_schema/columns-24101c25a2ae3af787c1b40ee1aca33f/md-1319-big-Index.db
2021-02-24T23:18:52.791895224Z  INFO  2021-02-24 23:18:52,791 [shard 3] sstable_directory - Removing file /var/lib/scylla/data/system_schema/columns-24101c25a2ae3af787c1b40ee1aca33f/md-1319-big-Summary.db
2021-02-24T23:18:52.792312379Z  INFO  2021-02-24 23:18:52,791 [shard 3] sstable_directory - Removing file /var/lib/scylla/data/system_schema/columns-24101c25a2ae3af787c1b40ee1aca33f/md-1319-big-TOC.txt.tmp
2021-02-24T23:18:52.792357437Z  INFO  2021-02-24 23:18:52,791 [shard 3] sstable_directory - Removing file /var/lib/scylla/data/system_schema/columns-24101c25a2ae3af787c1b40ee1aca33f/md-1319-big-Digest.crc32
2021-02-24T23:18:52.792371126Z  INFO  2021-02-24 23:18:52,791 [shard 3] sstable_directory - Removing file /var/lib/scylla/data/system_schema/columns-24101c25a2ae3af787c1b40ee1aca33f/md-1319-big-Filter.db
2021-02-24T23:18:52.792404255Z  INFO  2021-02-24 23:18:52,791 [shard 3] sstable_directory - Removing file /var/lib/scylla/data/system_schema/columns-24101c25a2ae3af787c1b40ee1aca33f/md-1319-big-Data.db
2021-02-24T23:18:52.864711123Z  INFO  2021-02-24 23:18:52,864 [shard 0] database - Populating Keyspace system
2021-02-24T23:18:52.864736400Z  INFO  2021-02-24 23:18:52,864 [shard 0] database - Keyspace system: Reading CF compaction_history id=b4dbb7b4-dc49-3fb5-b3bf-ce6e434832ca version=25cae56a-8d75-39f3-a146-3756ab4981c7
2021-02-24T23:18:52.864748754Z  INFO  2021-02-24 23:18:52,864 [shard 0] database - Keyspace system: Reading CF batchlog id=0290003c-977e-397c-ac3e-fdfdc01d626b version=e2a2e804-49e4-3597-9f16-39fd9475835c
2021-02-24T23:18:52.864759362Z  INFO  2021-02-24 23:18:52,864 [shard 0] database - Keyspace system: Reading CF size_estimates id=618f817b-005f-3678-b8a4-53f3930b8e86 version=6d4dbcff-f05b-3dc3-95ad-f79f7b10504d
2021-02-24T23:18:52.864769844Z  INFO  2021-02-24 23:18:52,864 [shard 0] database - Keyspace system: Reading CF range_xfers id=55d76438-4e55-3f8b-9f6e-676d4af3976d version=dd15a078-409b-350d-9bef-c5f3520832d8
2021-02-24T23:18:52.865282058Z  INFO  2021-02-24 23:18:52,864 [shard 0] database - Keyspace system: Reading CF peer_events id=59dfeaea-8db2-3341-91ef-109974d81484 version=7f874a05-72b8-3c21-9acb-baa164fc351a
2021-02-24T23:18:52.865327477Z  INFO  2021-02-24 23:18:52,864 [shard 0] database - Keyspace system: Reading CF peers id=37f71aca-7dc2-383b-a706-72528af04d4f version=f6f6871f-8c86-3eca-ac0b-2a2e848e395d
2021-02-24T23:18:52.865340681Z  INFO  2021-02-24 23:18:52,864 [shard 0] database - Keyspace system: Reading CF scylla_local id=2972ec7f-fb20-38dd-aac1-d876f2e3fcbd version=5f0b407d-eedf-3845-a48e-dbb9673d10e1
2021-02-24T23:18:52.865351136Z  INFO  2021-02-24 23:18:52,864 [shard 0] database - Keyspace system: Reading CF schema_aggregates id=a5fc57fc-9d6c-3bfd-a3fc-01ad54686fea version=d06c934f-9a69-374c-86f1-523ab26fb05c
2021-02-24T23:18:52.865361317Z  INFO  2021-02-24 23:18:52,864 [shard 0] database - Keyspace system: Reading CF paxos id=b7b7f0c2-fd0a-3410-8c05-3ef614bb7c2d version=6dd372de-72fb-3e1b-9b8c-f97738a67fe9
2021-02-24T23:18:52.865371463Z  INFO  2021-02-24 23:18:52,864 [shard 0] database - Keyspace system: Reading CF compactions_in_progress id=55080ab0-5d9c-3886-90a4-acb25fe1f77b version=540263f1-40db-3869-8a38-3baadedc222d
2021-02-24T23:18:52.865381620Z  INFO  2021-02-24 23:18:52,864 [shard 0] database - Keyspace system: Reading CF local id=7ad54392-bcdd-35a6-8417-4e047860b377 version=7fa82c2e-5b67-37dd-8e5e-2079e18f1536
2021-02-24T23:18:52.865415503Z  INFO  2021-02-24 23:18:52,864 [shard 0] database - Keyspace system: Reading CF schema_columnfamilies id=45f5b360-24bc-3f83-a363-1034ea4fa697 version=7f7a5fea-07b7-304d-a6f8-f7aec72cabdb
2021-02-24T23:18:52.865426904Z  INFO  2021-02-24 23:18:52,864 [shard 0] database - Keyspace system: Reading CF hints id=2666e205-73ef-38b3-90fe-fecf96e8f0c7 version=0b74fdd1-e96d-309e-a14e-a5bcd7ac885d
2021-02-24T23:18:52.865437054Z  INFO  2021-02-24 23:18:52,864 [shard 0] database - Keyspace system: Reading CF sstable_activity id=5a1ff267-ace0-3f12-8563-cfae6103c65e version=bdec57a3-b234-334b-be9c-7b1f33113995
2021-02-24T23:18:52.865447474Z  INFO  2021-02-24 23:18:52,864 [shard 0] database - Keyspace system: Reading CF IndexInfo id=9f5c6374-d485-3229-9a0a-5094af9ad1e3 version=bbb3743b-351f-3023-b4fc-09a9be37d529
2021-02-24T23:18:52.865469079Z  INFO  2021-02-24 23:18:52,864 [shard 0] database - Keyspace system: Reading CF large_partitions id=8a7fe624-96b0-34b1-b90e-f71bddcdd2d3 version=04fa9920-9369-3a96-be39-6dd9fdc816b6
2021-02-24T23:18:52.865507148Z  INFO  2021-02-24 23:18:52,864 [shard 0] database - Keyspace system: Reading CF scylla_table_schema_history id=0191a53e-40f0-31d4-9171-b0d19ffb17b4 version=2cc890b8-9ade-3afc-ab63-043c8017608e
2021-02-24T23:18:52.865518141Z  INFO  2021-02-24 23:18:52,864 [shard 0] database - Keyspace system: Reading CF large_cells id=ead8bbc5-f146-3ae1-9f71-0b11f9a1d296 version=0d4a6937-a781-3f87-a192-b4e4a4a40acf
2021-02-24T23:18:52.865528325Z  INFO  2021-02-24 23:18:52,864 [shard 0] database - Keyspace system: Reading CF views_builds_in_progress id=b7f2c108-78cd-3c80-9cd5-d609b2bd149c version=b905cce5-1474-3085-819a-7592453e2fb9
2021-02-24T23:18:52.865538605Z  INFO  2021-02-24 23:18:52,864 [shard 0] database - Keyspace system: Reading CF built_views id=4b3c50a9-ea87-3d76-9101-6dbc9c38494a version=a28aa0b3-6def-30a7-9fbe-ce78b3f3c9b9
2021-02-24T23:18:52.865548740Z  INFO  2021-02-24 23:18:52,864 [shard 0] database - Keyspace system: Reading CF scylla_views_builds_in_progress id=a04c7bfd-1e13-36c9-a44d-f22da352281d version=e3fb736c-6956-3990-a31d-9a482279e3fc
2021-02-24T23:18:52.865577283Z  INFO  2021-02-24 23:18:52,864 [shard 0] database - Keyspace system: Reading CF truncated id=38c19fd0-fb86-3310-a4b7-0d0cc66628aa version=6da9a85c-7ae0-3917-aead-54a2f65a57a8
2021-02-24T23:18:52.865591303Z  INFO  2021-02-24 23:18:52,864 [shard 0] database - Keyspace system: Reading CF cdc_local id=0bcaffd4-0c83-3ead-ad13-dc1d5015b77c version=0aa4d3a2-ed95-3ecd-aba0-cd75622ad290
2021-02-24T23:18:52.865601751Z  INFO  2021-02-24 23:18:52,864 [shard 0] database - Keyspace system: Reading CF clients id=ca0f635d-8630-3609-8d93-a1fc06f2a5e5 version=51273ebf-e6f9-3cd5-b455-ea09ad29796f
2021-02-24T23:18:52.865611787Z  INFO  2021-02-24 23:18:52,864 [shard 0] database - Keyspace system: Reading CF schema_keyspaces id=b0f22357-4458-3cdb-9631-c43e59ce3676 version=84d28cef-59f9-34a9-9be5-31c684997f03
2021-02-24T23:18:52.865621756Z  INFO  2021-02-24 23:18:52,864 [shard 0] database - Keyspace system: Reading CF schema_columns id=296e9c04-9bec-3085-827d-c17d3df2122a version=53cfbb66-ee0d-37be-97bb-b2afb3746f85
2021-02-24T23:18:52.865659657Z  INFO  2021-02-24 23:18:52,864 [shard 0] database - Keyspace system: Reading CF schema_triggers id=0359bc71-7123-3ee1-9a4a-b9dfb11fc125 version=75e4ec4c-76da-3f59-984e-66810ba0c62b
2021-02-24T23:18:52.865670728Z  INFO  2021-02-24 23:18:52,865 [shard 0] database - Keyspace system: Reading CF large_rows id=40550f66-0858-39a0-9430-f27fc08034e9 version=aee3acb0-7926-317b-848e-db7bc3721695
2021-02-24T23:18:52.866004790Z  INFO  2021-02-24 23:18:52,865 [shard 0] database - Keyspace system: Reading CF schema_usertypes id=3aa75225-4f82-350b-8d5c-430fa221fa0a version=3c53e6bb-56d5-3618-a0b2-4ff5f18127d7
2021-02-24T23:18:52.866054574Z  INFO  2021-02-24 23:18:52,865 [shard 0] database - Keyspace system: Reading CF schema_functions id=d1b675fe-2b50-3ca4-8e49-c0f81989dcad version=a50959dd-2be0-3e4e-8bb5-cf40796e256a
2021-02-24T23:19:02.988189746Z  INFO  2021-02-24 23:19:02,987 [shard 0] init - starting gossip
2021-02-24T23:19:02.988215249Z  WARN  2021-02-24 23:19:02,987 [shard 0] init - Using default cluster name is not recommended. Using a unique cluster name will reduce the chance of adding nodes to the wrong cluster by mistake
2021-02-24T23:19:02.988241138Z  INFO  2021-02-24 23:19:02,987 [shard 0] init - seeds={10.0.24.16}, listen_address=10.0.24.16, broadcast_address=10.0.24.16
2021-02-24T23:19:02.988252673Z  INFO  2021-02-24 23:19:02,987 [shard 0] init - starting storage proxy
2021-02-24T23:19:03.029736073Z  INFO  2021-02-24 23:19:03,029 [shard 0] init - creating hints manager
2021-02-24T23:19:03.030662733Z  INFO  2021-02-24 23:19:03,030 [shard 1] init - creating hints manager
2021-02-24T23:19:03.031923415Z  INFO  2021-02-24 23:19:03,030 [shard 3] init - creating hints manager
2021-02-24T23:19:03.032555058Z  INFO  2021-02-24 23:19:03,032 [shard 2] init - creating hints manager
2021-02-24T23:19:03.036542763Z  INFO  2021-02-24 23:19:03,036 [shard 0] init - starting migration manager
2021-02-24T23:19:03.037328373Z  INFO  2021-02-24 23:19:03,036 [shard 0] init - starting query processor
2021-02-24T23:19:03.042610824Z  INFO  2021-02-24 23:19:03,041 [shard 0] init - initializing batchlog manager
2021-02-24T23:19:03.057982550Z  INFO  2021-02-24 23:19:03,057 [shard 0] format_selector - Selected md sstables format
2021-02-24T23:19:03.063286332Z  INFO  2021-02-24 23:19:03,062 [shard 0] legacy_schema_migrator - Moving 0 keyspaces from legacy schema tables to the new schema keyspace (system_schema)
2021-02-24T23:19:03.064397332Z  INFO  2021-02-24 23:19:03,063 [shard 0] legacy_schema_migrator - Dropping legacy schema tables
2021-02-24T23:19:09.714155304Z  INFO  2021-02-24 23:19:09,713 [shard 0] legacy_schema_migrator - Completed migration of legacy schema tables
2021-02-24T23:19:09.714179812Z  INFO  2021-02-24 23:19:09,713 [shard 0] init - loading system sstables
2021-02-24T23:19:20.780826059Z  INFO  2021-02-24 23:19:20,780 [shard 0] init - loading non-system sstables
2021-02-24T23:19:29.159473715Z  INFO  2021-02-24 23:19:29,158 [shard 0] database - Populating Keyspace system_auth
2021-02-24T23:19:29.159515145Z  INFO  2021-02-24 23:19:29,158 [shard 0] database - Keyspace system_auth: Reading CF roles id=5bc52802-de25-35ed-aeab-188eecebb090 version=d8f599da-7544-3f57-aa58-b229deea93e0
2021-02-24T23:19:29.159538448Z  INFO  2021-02-24 23:19:29,159 [shard 0] database - Keyspace system_auth: Reading CF role_members id=0ecdaa87-f8fb-3e60-88d1-74fb36fe5c0d version=2923b5bb-f2f8-36e8-9e73-19019900010c
2021-02-24T23:19:29.159548898Z  INFO  2021-02-24 23:19:29,159 [shard 0] database - Populating Keyspace system_traces
2021-02-24T23:19:29.159558780Z  INFO  2021-02-24 23:19:29,159 [shard 0] database - Keyspace system_traces: Reading CF sessions_time_idx id=0ebf001c-c1d1-3693-9a63-c3d96ac53318 version=cd5d1e5f-1f42-3b9d-a8ba-3af39d59a7d5
2021-02-24T23:19:29.159569260Z  INFO  2021-02-24 23:19:29,159 [shard 0] database - Keyspace system_traces: Reading CF sessions id=c5e99f16-8677-3914-b17e-960613512345 version=e0fc4b06-6cba-3b7b-bfb6-b42a77c370a9
2021-02-24T23:19:29.159961118Z  INFO  2021-02-24 23:19:29,159 [shard 0] database - Keyspace system_traces: Reading CF node_slow_log_time_idx id=f9706768-aa1e-3d87-9e5c-51a3927c2870 version=eaffc0bb-7b2c-3b64-8924-d8ba685120bc
2021-02-24T23:19:29.160005569Z  INFO  2021-02-24 23:19:29,159 [shard 0] database - Keyspace system_traces: Reading CF node_slow_log id=bfcc4e62-5b63-3aa1-a1c3-6f5e47f3325c version=23e7a411-8414-340f-854d-20a3a637e438
2021-02-24T23:19:29.160018351Z  INFO  2021-02-24 23:19:29,159 [shard 0] database - Keyspace system_traces: Reading CF events id=8826e8e9-e16a-3728-8753-3bc1fc713c25 version=41a6b26e-a03b-3ae1-8a4a-b9446e7f9304
2021-02-24T23:19:29.160028551Z  INFO  2021-02-24 23:19:29,159 [shard 0] database - Populating Keyspace dt
2021-02-24T23:19:29.160038023Z  INFO  2021-02-24 23:19:29,159 [shard 0] database - Keyspace dt: Reading CF user id=5c294820-d77b-11ea-9877-000000000001 version=02cce273-02f1-3e6a-8674-f1016e3f22d7
2021-02-24T23:19:29.160047755Z  INFO  2021-02-24 23:19:29,159 [shard 0] database - Keyspace dt: Reading CF twin id=5e00c740-d77b-11ea-9877-000000000001 version=6240633e-c8cc-3fea-a1e3-452eff1b9659
2021-02-24T23:19:29.160057519Z  INFO  2021-02-24 23:19:29,159 [shard 0] database - Keyspace dt: Reading CF element_twin_idx_index id=630ae8b0-d77b-11ea-9877-000000000001 version=bc3026fd-bc4e-318d-b6f4-ca0b566cb74b
2021-02-24T23:19:29.160067308Z  INFO  2021-02-24 23:19:29,159 [shard 0] database - Keyspace dt: Reading CF source_element_idx_index id=68593f10-d77b-11ea-9877-000000000001 version=33e3f927-f730-3081-88e1-6bed2962e42a
2021-02-24T23:19:29.160077018Z  INFO  2021-02-24 23:19:29,159 [shard 0] database - Keyspace dt: Reading CF source_data id=6af6cd50-d77b-11ea-9877-000000000001 version=b52400e3-b307-3141-b3fc-e5d63573f135
2021-02-24T23:19:29.160086843Z  INFO  2021-02-24 23:19:29,159 [shard 0] database - Keyspace dt: Reading CF source id=65ff2270-d77b-11ea-9877-000000000001 version=5f8471b7-7d19-31d4-9be5-0f153affb0bb
2021-02-24T23:19:29.160240144Z  INFO  2021-02-24 23:19:29,159 [shard 0] database - Keyspace dt: Reading CF element id=607549b0-d77b-11ea-9877-000000000001 version=f44a6c4b-69d8-37f2-b116-7260740acc6c
2021-02-24T23:19:29.160270974Z  INFO  2021-02-24 23:19:29,159 [shard 0] database - Populating Keyspace system_distributed
2021-02-24T23:19:29.160281403Z  INFO  2021-02-24 23:19:29,159 [shard 0] database - Keyspace system_distributed: Reading CF view_build_status id=5582b59f-8e4e-35e1-b913-3acada51eb04 version=e0b6e628-60e0-39a2-ada0-9b6c13bdd9bc
2021-02-24T23:19:29.160291958Z  INFO  2021-02-24 23:19:29,159 [shard 0] database - Keyspace system_distributed: Reading CF cdc_streams_descriptions id=249f0ac2-8856-36d4-9802-f55223eb01c2 version=f727f60d-bfaa-32de-a0d6-898e1cbaf2c9
2021-02-24T23:19:29.160302475Z  INFO  2021-02-24 23:19:29,159 [shard 0] database - Keyspace system_distributed: Reading CF cdc_streams id=07405732-4620-34d6-a85e-947248dad9a4 version=b606cfa4-a37b-32bd-a624-e05cab2bed3c
2021-02-24T23:19:29.160327882Z  INFO  2021-02-24 23:19:29,159 [shard 0] database - Keyspace system_distributed: Reading CF cdc_generations id=6a4df139-00b6-3d21-9efc-dade266dc3b7 version=2511b46b-df1d-39fa-9a77-f5cacf88af47
2021-02-24T23:19:29.160381963Z  INFO  2021-02-24 23:19:29,159 [shard 0] database - Keyspace system_distributed: Reading CF cdc_generation_descriptions id=ae653406-7b3e-34aa-af70-d5b90f837c67 version=95e9e159-839f-39b3-990f-8e8a04817ff8
2021-02-24T23:19:35.871479893Z  INFO  2021-02-24 23:19:35,870 [shard 0] init - starting view update generator
2021-02-24T23:19:35.872276032Z  INFO  2021-02-24 23:19:35,872 [shard 0] init - discovering staging sstables
2021-02-24T23:19:35.873289155Z  INFO  2021-02-24 23:19:35,873 [shard 0] init - setting up system keyspace
2021-02-24T23:19:35.891325841Z  INFO  2021-02-24 23:19:35,890 [shard 0] init - starting commit log
2021-02-24T23:19:35.891911333Z  INFO  2021-02-24 23:19:35,891 [shard 0] init - replaying commit log
2021-02-24T23:19:35.895875760Z  INFO  2021-02-24 23:19:35,895 [shard 0] commitlog_replayer - Replaying /var/lib/scylla/commitlog/CommitLog-1-1146268806.log, /var/lib/scylla/commitlog/CommitLog-1-54043196674714759.log, /var/lib/scylla/commitlog/CommitLog-1-36028798165232777.log, /var/lib/scylla/commitlog/CommitLog-1-18014399655750790.log, /var/lib/scylla/commitlog/CommitLog-1-1146268805.log, /var/lib/scylla/commitlog/CommitLog-1-54043196674714761.log, /var/lib/scylla/commitlog/CommitLog-1-36028798165232775.log, /var/lib/scylla/commitlog/CommitLog-1-18014399655750791.log, /var/lib/scylla/commitlog/CommitLog-1-1146268807.log, /var/lib/scylla/commitlog/CommitLog-1-36028798165232776.log, /var/lib/scylla/commitlog/CommitLog-1-54043196674714760.log
2021-02-24T23:20:07.750470005Z  INFO  2021-02-24 23:20:07,749 [shard 0] commitlog_replayer - Log replay complete, 84308 replayed mutations (0 invalid, 0 skipped)
2021-02-24T23:20:07.752086342Z  INFO  2021-02-24 23:20:07,751 [shard 0] init - replaying commit log - flushing memtables
2021-02-24T23:20:16.230205256Z  INFO  2021-02-24 23:20:16,229 [shard 0] init - replaying commit log - removing old commitlog segments
2021-02-24T23:20:16.230912087Z  INFO  2021-02-24 23:20:16,230 [shard 0] compaction - [Compact system.cdc_local da5a1060-76f6-11eb-89bd-000000000000] Compacting [/var/lib/scylla/data/system/cdc_local-0bcaffd40c833eadad13dc1d5015b77c/md-772-big-Data.db:level=0, /var/lib/scylla/data/system/cdc_local-0bcaffd40c833eadad13dc1d5015b77c/md-768-big-Data.db:level=0, ]
2021-02-24T23:20:16.231362412Z  INFO  2021-02-24 23:20:16,231 [shard 1] compaction - [Compact system.local da5a1060-76f6-11eb-ae3b-000000000001] Compacting [/var/lib/scylla/data/system/local-7ad54392bcdd35a684174e047860b377/md-6645-big-Data.db:level=0, /var/lib/scylla/data/system/local-7ad54392bcdd35a684174e047860b377/md-6641-big-Data.db:level=0, ]
2021-02-24T23:20:16.231875642Z  INFO  2021-02-24 23:20:16,231 [shard 0] compaction - [Compact system.truncated da5a3770-76f6-11eb-89bd-000000000000] Compacting [/var/lib/scylla/data/system/truncated-38c19fd0fb863310a4b70d0cc66628aa/md-3696-big-Data.db:level=0, /var/lib/scylla/data/system/truncated-38c19fd0fb863310a4b70d0cc66628aa/md-3700-big-Data.db:level=0, /var/lib/scylla/data/system/truncated-38c19fd0fb863310a4b70d0cc66628aa/md-3692-big-Data.db:level=0, ]
2021-02-24T23:20:16.231899044Z  INFO  2021-02-24 23:20:16,231 [shard 2] compaction - [Compact system.truncated da5a3770-76f6-11eb-bdcc-000000000002] Compacting [/var/lib/scylla/data/system/truncated-38c19fd0fb863310a4b70d0cc66628aa/md-3702-big-Data.db:level=0, /var/lib/scylla/data/system/truncated-38c19fd0fb863310a4b70d0cc66628aa/md-3698-big-Data.db:level=0, /var/lib/scylla/data/system/truncated-38c19fd0fb863310a4b70d0cc66628aa/md-3686-big-Data.db:level=0, ]
2021-02-24T23:20:16.232136158Z  INFO  2021-02-24 23:20:16,231 [shard 0] compaction - [Compact system.compaction_history da5a3771-76f6-11eb-89bd-000000000000] Compacting [/var/lib/scylla/data/system/compaction_history-b4dbb7b4dc493fb5b3bfce6e434832ca/md-644-big-Data.db:level=0, /var/lib/scylla/data/system/compaction_history-b4dbb7b4dc493fb5b3bfce6e434832ca/md-640-big-Data.db:level=0, /var/lib/scylla/data/system/compaction_history-b4dbb7b4dc493fb5b3bfce6e434832ca/md-636-big-Data.db:level=0, ]
2021-02-24T23:20:16.232173407Z  INFO  2021-02-24 23:20:16,231 [shard 2] compaction - [Compact system_schema.computed_columns da5a3771-76f6-11eb-bdcc-000000000002] Compacting [/var/lib/scylla/data/system_schema/computed_columns-cc7c7069374033c192a4c3de78dbd2c4/md-1186-big-Data.db:level=0, /var/lib/scylla/data/system_schema/computed_columns-cc7c7069374033c192a4c3de78dbd2c4/md-1178-big-Data.db:level=0, /var/lib/scylla/data/system_schema/computed_columns-cc7c7069374033c192a4c3de78dbd2c4/md-1182-big-Data.db:level=0, ]
2021-02-24T23:20:16.232380958Z  INFO  2021-02-24 23:20:16,231 [shard 2] compaction - [Compact system_schema.columns da5a3772-76f6-11eb-bdcc-000000000002] Compacting [/var/lib/scylla/data/system_schema/columns-24101c25a2ae3af787c1b40ee1aca33f/md-1318-big-Data.db:level=0, /var/lib/scylla/data/system_schema/columns-24101c25a2ae3af787c1b40ee1aca33f/md-1322-big-Data.db:level=0, /var/lib/scylla/data/system_schema/columns-24101c25a2ae3af787c1b40ee1aca33f/md-1314-big-Data.db:level=0, ]
2021-02-24T23:20:16.232416281Z  INFO  2021-02-24 23:20:16,232 [shard 2] compaction - [Compact system_schema.tables da5a5e80-76f6-11eb-bdcc-000000000002] Compacting [/var/lib/scylla/data/system_schema/tables-afddfb9dbc1e30688056eed6c302ba09/md-1118-big-Data.db:level=0, /var/lib/scylla/data/system_schema/tables-afddfb9dbc1e30688056eed6c302ba09/md-1114-big-Data.db:level=0, ]
2021-02-24T23:20:16.232809749Z  INFO  2021-02-24 23:20:16,232 [shard 3] compaction - [Compact dt.source_data da5a5e80-76f6-11eb-b419-000000000003] Compacting [/var/lib/scylla/data/dt/source_data-6af6cd50d77b11ea9877000000000001/md-1267-big-Data.db:level=0, /var/lib/scylla/data/dt/source_data-6af6cd50d77b11ea9877000000000001/md-1263-big-Data.db:level=0, /var/lib/scylla/data/dt/source_data-6af6cd50d77b11ea9877000000000001/md-1259-big-Data.db:level=0, ]
2021-02-24T23:20:16.232849431Z  INFO  2021-02-24 23:20:16,232 [shard 2] compaction - [Compact system_schema.scylla_tables da5a5e81-76f6-11eb-bdcc-000000000002] Compacting [/var/lib/scylla/data/system_schema/scylla_tables-5d912ff1f7593665b2c88042ab5103dd/md-1090-big-Data.db:level=0, /var/lib/scylla/data/system_schema/scylla_tables-5d912ff1f7593665b2c88042ab5103dd/md-1086-big-Data.db:level=0, ]
2021-02-24T23:20:16.233077314Z  INFO  2021-02-24 23:20:16,232 [shard 2] compaction - [Compact system_schema.views da5a5e82-76f6-11eb-bdcc-000000000002] Compacting [/var/lib/scylla/data/system_schema/views-9786ac1cdd583201a7cdad556410c985/md-1002-big-Data.db:level=0, /var/lib/scylla/data/system_schema/views-9786ac1cdd583201a7cdad556410c985/md-998-big-Data.db:level=0, ]
2021-02-24T23:20:16.233096968Z  INFO  2021-02-24 23:20:16,232 [shard 3] compaction - [Compact system.truncated da5a5e81-76f6-11eb-b419-000000000003] Compacting [/var/lib/scylla/data/system/truncated-38c19fd0fb863310a4b70d0cc66628aa/md-3703-big-Data.db:level=0, /var/lib/scylla/data/system/truncated-38c19fd0fb863310a4b70d0cc66628aa/md-3699-big-Data.db:level=0, /var/lib/scylla/data/system/truncated-38c19fd0fb863310a4b70d0cc66628aa/md-3687-big-Data.db:level=0, ]
2021-02-24T23:20:16.233668179Z  INFO  2021-02-24 23:20:16,233 [shard 3] compaction - [Compact system_schema.computed_columns da5a8590-76f6-11eb-b419-000000000003] Compacting [/var/lib/scylla/data/system_schema/computed_columns-cc7c7069374033c192a4c3de78dbd2c4/md-1187-big-Data.db:level=0, /var/lib/scylla/data/system_schema/computed_columns-cc7c7069374033c192a4c3de78dbd2c4/md-1183-big-Data.db:level=0, /var/lib/scylla/data/system_schema/computed_columns-cc7c7069374033c192a4c3de78dbd2c4/md-1179-big-Data.db:level=0, ]
2021-02-24T23:20:16.234148635Z  INFO  2021-02-24 23:20:16,233 [shard 0] compaction - [Compact system.clients da5a8590-76f6-11eb-89bd-000000000000] Compacting [/var/lib/scylla/data/system/clients-ca0f635d863036098d93a1fc06f2a5e5/md-268-big-Data.db:level=0, /var/lib/scylla/data/system/clients-ca0f635d863036098d93a1fc06f2a5e5/md-300-big-Data.db:level=0, /var/lib/scylla/data/system/clients-ca0f635d863036098d93a1fc06f2a5e5/md-420-big-Data.db:level=0, /var/lib/scylla/data/system/clients-ca0f635d863036098d93a1fc06f2a5e5/md-296-big-Data.db:level=0, /var/lib/scylla/data/system/clients-ca0f635d863036098d93a1fc06f2a5e5/md-292-big-Data.db:level=0, /var/lib/scylla/data/system/clients-ca0f635d863036098d93a1fc06f2a5e5/md-324-big-Data.db:level=0, /var/lib/scylla/data/system/clients-ca0f635d863036098d93a1fc06f2a5e5/md-352-big-Data.db:level=0, /var/lib/scylla/data/system/clients-ca0f635d863036098d93a1fc06f2a5e5/md-348-big-Data.db:level=0, /var/lib/scylla/data/system/clients-ca0f635d863036098d93a1fc06f2a5e5/md-320-big-Data.db:level=0, /var/lib/scylla/data/system/clients-ca0f635d863036098d93a1fc06f2a5e5/md-396-big-Data.db:level=0, /var/lib/scylla/data/system/clients-ca0f635d863036098d93a1fc06f2a5e5/md-340-big-Data.db:level=0, /var/lib/scylla/data/system/clients-ca0f635d863036098d93a1fc06f2a5e5/md-404-big-Data.db:level=0, /var/lib/scylla/data/system/clients-ca0f635d863036098d93a1fc06f2a5e5/md-372-big-Data.db:level=0, /var/lib/scylla/data/system/clients-ca0f635d863036098d93a1fc06f2a5e5/md-288-big-Data.db:level=0, /var/lib/scylla/data/system/clients-ca0f635d863036098d93a1fc06f2a5e5/md-376-big-Data.db:level=0, /var/lib/scylla/data/system/clients-ca0f635d863036098d93a1fc06f2a5e5/md-408-big-Data.db:level=0, /var/lib/scylla/data/system/clients-ca0f635d863036098d93a1fc06f2a5e5/md-272-big-Data.db:level=0, /var/lib/scylla/data/system/clients-ca0f635d863036098d93a1fc06f2a5e5/md-360-big-Data.db:level=0, /var/lib/scylla/data/system/clients-ca0f635d863036098d93a1fc06f2a5e5/md-384-big-Data.db:level=0, /var/lib/scylla/data/system/clients-ca0f635d863036098d93a1fc06f2a5e5/md-284-big-Data.db:level=0, /var/lib/scylla/data/system/clients-ca0f635d863036098d93a1fc06f2a5e5/md-328-big-Data.db:level=0, /var/lib/scylla/data/system/clients-ca0f635d863036098d93a1fc06f2a5e5/md-400-big-Data.db:level=0, /var/lib/scylla/data/system/clients-ca0f635d863036098d93a1fc06f2a5e5/md-380-big-Data.db:level=0, /var/lib/scylla/data/system/clients-ca0f635d863036098d93a1fc06f2a5e5/md-392-big-Data.db:level=0, /var/lib/scylla/data/system/clients-ca0f635d863036098d93a1fc06f2a5e5/md-416-big-Data.db:level=0, /var/lib/scylla/data/system/clients-ca0f635d863036098d93a1fc06f2a5e5/md-332-big-Data.db:level=0, /var/lib/scylla/data/system/clients-ca0f635d863036098d93a1fc06f2a5e5/md-388-big-Data.db:level=0, /var/lib/scylla/data/system/clients-ca0f635d863036098d93a1fc06f2a5e5/md-368-big-Data.db:level=0, /var/lib/scylla/data/system/clients-ca0f635d863036098d93a1fc06f2a5e5/md-316-big-Data.db:level=0, /var/lib/scylla/data/system/clients-ca0f635d863036098d93a1fc06f2a5e5/md-336-big-Data.db:level=0, /var/lib/scylla/data/system/clients-ca0f635d863036098d93a1fc06f2a5e5/md-412-big-Data.db:level=0, /var/lib/scylla/data/system/clients-ca0f635d863036098d93a1fc06f2a5e5/md-304-big-Data.db:level=0, ]
2021-02-24T23:20:16.236657443Z  INFO  2021-02-24 23:20:16,234 [shard 3] compaction - [Compact system_schema.functions da5aaca0-76f6-11eb-b419-000000000003] Compacting [/var/lib/scylla/data/system_schema/functions-96489b7980be3e14a70166a0b9159450/md-443-big-Data.db:level=0, /var/lib/scylla/data/system_schema/functions-96489b7980be3e14a70166a0b9159450/md-439-big-Data.db:level=0, /var/lib/scylla/data/system_schema/functions-96489b7980be3e14a70166a0b9159450/md-435-big-Data.db:level=0, ]
2021-02-24T23:20:16.236684020Z  INFO  2021-02-24 23:20:16,234 [shard 3] compaction - [Compact system_schema.columns da5aaca1-76f6-11eb-b419-000000000003] Compacting [/var/lib/scylla/data/system_schema/columns-24101c25a2ae3af787c1b40ee1aca33f/md-1323-big-Data.db:level=0, /var/lib/scylla/data/system_schema/columns-24101c25a2ae3af787c1b40ee1aca33f/md-1315-big-Data.db:level=0, ]
2021-02-24T23:20:16.236696895Z  INFO  2021-02-24 23:20:16,234 [shard 3] compaction - [Compact system_schema.scylla_tables da5aaca2-76f6-11eb-b419-000000000003] Compacting [/var/lib/scylla/data/system_schema/scylla_tables-5d912ff1f7593665b2c88042ab5103dd/md-1091-big-Data.db:level=0, /var/lib/scylla/data/system_schema/scylla_tables-5d912ff1f7593665b2c88042ab5103dd/md-1087-big-Data.db:level=0, ]
2021-02-24T23:20:16.236721072Z  INFO  2021-02-24 23:20:16,234 [shard 3] compaction - [Compact system.compaction_history da5aaca3-76f6-11eb-b419-000000000003] Compacting [/var/lib/scylla/data/system/compaction_history-b4dbb7b4dc493fb5b3bfce6e434832ca/md-647-big-Data.db:level=0, /var/lib/scylla/data/system/compaction_history-b4dbb7b4dc493fb5b3bfce6e434832ca/md-639-big-Data.db:level=0, ]
2021-02-24T23:20:16.239535760Z  INFO  2021-02-24 23:20:16,239 [shard 0] init - initializing migration manager RPC verbs
2021-02-24T23:20:16.240268873Z  INFO  2021-02-24 23:20:16,239 [shard 0] init - initializing storage proxy RPC verbs
2021-02-24T23:20:16.241030495Z  INFO  2021-02-24 23:20:16,240 [shard 0] init - starting streaming service
2021-02-24T23:20:16.242058503Z  INFO  2021-02-24 23:20:16,241 [shard 0] init - starting hinted handoff manager
2021-02-24T23:20:18.102295672Z  INFO  2021-02-24 23:20:18,101 [shard 1] compaction - [Compact system.compaction_history db778e50-76f6-11eb-ae3b-000000000001] Compacting [/var/lib/scylla/data/system/compaction_history-b4dbb7b4dc493fb5b3bfce6e434832ca/md-645-big-Data.db:level=0, /var/lib/scylla/data/system/compaction_history-b4dbb7b4dc493fb5b3bfce6e434832ca/md-641-big-Data.db:level=0, /var/lib/scylla/data/system/compaction_history-b4dbb7b4dc493fb5b3bfce6e434832ca/md-637-big-Data.db:level=0, ]
2021-02-24T23:20:18.532499288Z  INFO  2021-02-24 23:20:18,531 [shard 0] init - starting messaging service
2021-02-24T23:20:18.532532184Z  INFO  2021-02-24 23:20:18,532 [shard 0] repair - Setting max_repair_memory=168820736, max_repair_memory_per_range=33554432, max_repair_ranges_in_parallel=5
2021-02-24T23:20:18.534214236Z  INFO  2021-02-24 23:20:18,533 [shard 0] init - starting storage service
2021-02-24T23:20:18.538473502Z  INFO  2021-02-24 23:20:18,538 [shard 0] storage_service - Loading persisted ring state
2021-02-24T23:20:18.543093669Z  INFO  2021-02-24 23:20:18,542 [shard 0] storage_service - initial_contact_nodes={10.0.24.16}, loaded_endpoints={}, loaded_peer_features=0
2021-02-24T23:20:18.543128740Z  INFO  2021-02-24 23:20:18,542 [shard 0] storage_service - Checking remote features with gossip, initial_contact_nodes={10.0.24.16}
2021-02-24T23:20:18.543623642Z  INFO  2021-02-24 23:20:18,542 [shard 0] messaging_service - Starting Messaging Service on port 7000
2021-02-24T23:20:18.544379417Z  INFO  2021-02-24 23:20:18,544 [shard 0] gossip - Gossip shadow round started with nodes={}
2021-02-24T23:20:18.544426044Z  WARN  2021-02-24 23:20:18,544 [shard 0] gossip - All nodes={} are down for get_endpoint_states verb. Skip ShadowRound.
2021-02-24T23:20:18.544448862Z  INFO  2021-02-24 23:20:18,544 [shard 0] gossip - Gossip shadow round finisehd with nodes_talked={}
2021-02-24T23:20:18.544459025Z  INFO  2021-02-24 23:20:18,544 [shard 0] gossip - Feature check passed. Local node 10.0.24.16 features = {CDC, COMPUTED_COLUMNS, CORRECT_COUNTER_ORDER, CORRECT_NON_COMPOUND_RANGE_TOMBSTONES, CORRECT_STATIC_COMPACT_IN_MC, COUNTERS, DIGEST_FOR_NULL_VALUES, DIGEST_INSENSITIVE_TO_EXPIRY, DIGEST_MULTIPARTITION_READ, HINTED_HANDOFF_SEPARATE_CONNECTION, INDEXES, LARGE_PARTITIONS, LA_SSTABLE_FORMAT, LWT, MATERIALIZED_VIEWS, MC_SSTABLE_FORMAT, MD_SSTABLE_FORMAT, NONFROZEN_UDTS, PER_TABLE_CACHING, PER_TABLE_PARTITIONERS, RANGE_TOMBSTONES, ROLES, ROW_LEVEL_REPAIR, SCHEMA_TABLES_V3, STREAM_WITH_RPC_STREAM, TRUNCATION_TABLE, UNBOUNDED_RANGE_TOMBSTONES, VIEW_VIRTUAL_COLUMNS, WRITE_FAILURE_REPLY, XXHASH}, Remote common_features = {}
2021-02-24T23:20:18.546100381Z  INFO  2021-02-24 23:20:18,545 [shard 0] storage_service - Restarting a node in NORMAL status
2021-02-24T23:20:18.575484277Z  INFO  2021-02-24 23:20:18,575 [shard 0] schema_tables - Schema version changed to d9780978-f87c-366c-a0f5-6b1d524f8488
2021-02-24T23:20:18.575826432Z  INFO  2021-02-24 23:20:18,575 [shard 0] storage_service - Starting up server gossip
2021-02-24T23:20:18.809614931Z  INFO  2021-02-24 23:20:18,808 [shard 1] compaction - [Compact system.local da5a1060-76f6-11eb-ae3b-000000000001] Compacted 2 sstables to [/var/lib/scylla/data/system/local-7ad54392bcdd35a684174e047860b377/md-6649-big-Data.db:level=0, ]. 18kB to 12kB (~64% of original) in 1869ms = 6kB/s. ~256 total partitions merged to 1.
2021-02-24T23:20:19.146705192Z  INFO  2021-02-24 23:20:19,145 [shard 2] compaction - [Compact system_schema.indexes dc16db90-76f6-11eb-bdcc-000000000002] Compacting [/var/lib/scylla/data/system_schema/indexes-0feb57ac311f382fba6d9024d305702f/md-1290-big-Data.db:level=0, /var/lib/scylla/data/system_schema/indexes-0feb57ac311f382fba6d9024d305702f/md-1282-big-Data.db:level=0, /var/lib/scylla/data/system_schema/indexes-0feb57ac311f382fba6d9024d305702f/md-1286-big-Data.db:level=0, ]
2021-02-24T23:20:19.148198916Z  INFO  2021-02-24 23:20:19,147 [shard 2] compaction - [Compact system_schema.keyspaces dc1729b0-76f6-11eb-bdcc-000000000002] Compacting [/var/lib/scylla/data/system_schema/keyspaces-abac5682dea631c5b535b3d6cffd0fb6/md-1210-big-Data.db:level=0, /var/lib/scylla/data/system_schema/keyspaces-abac5682dea631c5b535b3d6cffd0fb6/md-1206-big-Data.db:level=0, ]
2021-02-24T23:20:19.149691063Z  INFO  2021-02-24 23:20:19,149 [shard 2] compaction - [Compact system.compaction_history dc1777d0-76f6-11eb-bdcc-000000000002] Compacting [/var/lib/scylla/data/system/compaction_history-b4dbb7b4dc493fb5b3bfce6e434832ca/md-646-big-Data.db:level=0, /var/lib/scylla/data/system/compaction_history-b4dbb7b4dc493fb5b3bfce6e434832ca/md-638-big-Data.db:level=0, ]
2021-02-24T23:20:19.449453704Z  INFO  2021-02-24 23:20:19,447 [shard 3] compaction - [Compact system_schema.indexes dc44f070-76f6-11eb-b419-000000000003] Compacting [/var/lib/scylla/data/system_schema/indexes-0feb57ac311f382fba6d9024d305702f/md-1291-big-Data.db:level=0, /var/lib/scylla/data/system_schema/indexes-0feb57ac311f382fba6d9024d305702f/md-1287-big-Data.db:level=0, /var/lib/scylla/data/system_schema/indexes-0feb57ac311f382fba6d9024d305702f/md-1283-big-Data.db:level=0, ]
2021-02-24T23:20:19.449489968Z  INFO  2021-02-24 23:20:19,448 [shard 3] compaction - [Compact system_schema.types dc451780-76f6-11eb-b419-000000000003] Compacting [/var/lib/scylla/data/system_schema/types-5a8b1ca866023f77a0459273d308917a/md-435-big-Data.db:level=0, /var/lib/scylla/data/system_schema/types-5a8b1ca866023f77a0459273d308917a/md-427-big-Data.db:level=0, /var/lib/scylla/data/system_schema/types-5a8b1ca866023f77a0459273d308917a/md-431-big-Data.db:level=0, ]
2021-02-24T23:20:19.449503254Z  INFO  2021-02-24 23:20:19,448 [shard 3] compaction - [Compact system_schema.dropped_columns dc451781-76f6-11eb-b419-000000000003] Compacting [/var/lib/scylla/data/system_schema/dropped_columns-5e7583b5f3f43af19a39b7e1d6f5f11f/md-1351-big-Data.db:level=0, /var/lib/scylla/data/system_schema/dropped_columns-5e7583b5f3f43af19a39b7e1d6f5f11f/md-1355-big-Data.db:level=0, /var/lib/scylla/data/system_schema/dropped_columns-5e7583b5f3f43af19a39b7e1d6f5f11f/md-1347-big-Data.db:level=0, ]
2021-02-24T23:20:19.451644807Z  INFO  2021-02-24 23:20:19,451 [shard 3] compaction - [Compact system_schema.tables dc458cb0-76f6-11eb-b419-000000000003] Compacting [/var/lib/scylla/data/system_schema/tables-afddfb9dbc1e30688056eed6c302ba09/md-1119-big-Data.db:level=0, /var/lib/scylla/data/system_schema/tables-afddfb9dbc1e30688056eed6c302ba09/md-1115-big-Data.db:level=0, ]
2021-02-24T23:20:19.805439169Z  INFO  2021-02-24 23:20:19,804 [shard 1] compaction - [Compact system.local dc7b42b0-76f6-11eb-ae3b-000000000001] Compacting [/var/lib/scylla/data/system/local-7ad54392bcdd35a684174e047860b377/md-6653-big-Data.db:level=0, /var/lib/scylla/data/system/local-7ad54392bcdd35a684174e047860b377/md-6649-big-Data.db:level=0, ]
2021-02-24T23:20:20.339992065Z  INFO  2021-02-24 23:20:20,338 [shard 1] compaction - [Compact system.compaction_history db778e50-76f6-11eb-ae3b-000000000001] Compacted 3 sstables to [/var/lib/scylla/data/system/compaction_history-b4dbb7b4dc493fb5b3bfce6e434832ca/md-649-big-Data.db:level=0, ]. 270kB to 107kB (~39% of original) in 1701ms = 63kB/s. ~512 total partitions merged to 166.
2021-02-24T23:20:20.752253382Z  INFO  2021-02-24 23:20:20,751 [shard 3] compaction - [Compact system_schema.functions da5aaca0-76f6-11eb-b419-000000000003] Compacted 3 sstables to [/var/lib/scylla/data/system_schema/functions-96489b7980be3e14a70166a0b9159450/md-447-big-Data.db:level=0, ]. 16kB to 5kB (~35% of original) in 3213ms = 1kB/s. ~384 total partitions merged to 1.
2021-02-24T23:20:20.754166039Z  INFO  2021-02-24 23:20:20,753 [shard 3] compaction - [Compact system_schema.computed_columns da5a8590-76f6-11eb-b419-000000000003] Compacted 3 sstables to [/var/lib/scylla/data/system_schema/computed_columns-cc7c7069374033c192a4c3de78dbd2c4/md-1191-big-Data.db:level=0, ]. 22kB to 12kB (~55% of original) in 3214ms = 3kB/s. ~384 total partitions merged to 2.
2021-02-24T23:20:20.754449202Z  INFO  2021-02-24 23:20:20,754 [shard 3] compaction - [Compact system.truncated da5a5e81-76f6-11eb-b419-000000000003] Compacted 3 sstables to [/var/lib/scylla/data/system/truncated-38c19fd0fb863310a4b70d0cc66628aa/md-3707-big-Data.db:level=0, ]. 188kB to 63kB (~33% of original) in 3216ms = 19kB/s. ~384 total partitions merged to 2.
2021-02-24T23:20:20.755101324Z  INFO  2021-02-24 23:20:20,754 [shard 3] compaction - [Compact system_schema.scylla_tables da5aaca2-76f6-11eb-b419-000000000003] Compacted 2 sstables to [/var/lib/scylla/data/system_schema/scylla_tables-5d912ff1f7593665b2c88042ab5103dd/md-1095-big-Data.db:level=0, ]. 12kB to 6kB (~51% of original) in 3213ms = 2kB/s. ~256 total partitions merged to 1.
2021-02-24T23:20:20.810804355Z  INFO  2021-02-24 23:20:20,809 [shard 0] compaction - [Compact system.cdc_local da5a1060-76f6-11eb-89bd-000000000000] Compacted 2 sstables to [/var/lib/scylla/data/system/cdc_local-0bcaffd40c833eadad13dc1d5015b77c/md-776-big-Data.db:level=0, ]. 10kB to 5kB (~51% of original) in 2912ms = 1kB/s. ~256 total partitions merged to 1.
2021-02-24T23:20:20.811232413Z  INFO  2021-02-24 23:20:20,810 [shard 0] compaction - [Compact system.truncated da5a3770-76f6-11eb-89bd-000000000000] Compacted 3 sstables to [/var/lib/scylla/data/system/truncated-38c19fd0fb863310a4b70d0cc66628aa/md-3704-big-Data.db:level=0, ]. 158kB to 76kB (~48% of original) in 2912ms = 26kB/s. ~384 total partitions merged to 2.
2021-02-24T23:20:20.811740808Z  INFO  2021-02-24 23:20:20,811 [shard 0] compaction - [Compact system.clients da5a8590-76f6-11eb-89bd-000000000000] Compacted 32 sstables to [/var/lib/scylla/data/system/clients-ca0f635d863036098d93a1fc06f2a5e5/md-424-big-Data.db:level=0, ]. 624kB to 207kB (~33% of original) in 2908ms = 71kB/s. ~4096 total partitions merged to 1.
2021-02-24T23:20:20.812078350Z  INFO  2021-02-24 23:20:20,811 [shard 0] compaction - [Compact system.compaction_history da5a3771-76f6-11eb-89bd-000000000000] Compacted 3 sstables to [/var/lib/scylla/data/system/compaction_history-b4dbb7b4dc493fb5b3bfce6e434832ca/md-648-big-Data.db:level=0, ]. 238kB to 107kB (~44% of original) in 2911ms = 36kB/s. ~512 total partitions merged to 152.
2021-02-24T23:20:20.812525875Z  INFO  2021-02-24 23:20:20,812 [shard 0] compaction - [Compact system.clients dd1511b0-76f6-11eb-89bd-000000000000] Compacting [/var/lib/scylla/data/system/clients-ca0f635d863036098d93a1fc06f2a5e5/md-364-big-Data.db:level=0, /var/lib/scylla/data/system/clients-ca0f635d863036098d93a1fc06f2a5e5/md-356-big-Data.db:level=0, /var/lib/scylla/data/system/clients-ca0f635d863036098d93a1fc06f2a5e5/md-344-big-Data.db:level=0, /var/lib/scylla/data/system/clients-ca0f635d863036098d93a1fc06f2a5e5/md-312-big-Data.db:level=0, /var/lib/scylla/data/system/clients-ca0f635d863036098d93a1fc06f2a5e5/md-308-big-Data.db:level=0, /var/lib/scylla/data/system/clients-ca0f635d863036098d93a1fc06f2a5e5/md-276-big-Data.db:level=0, /var/lib/scylla/data/system/clients-ca0f635d863036098d93a1fc06f2a5e5/md-280-big-Data.db:level=0, /var/lib/scylla/data/system/clients-ca0f635d863036098d93a1fc06f2a5e5/md-424-big-Data.db:level=0, ]
2021-02-24T23:20:20.897816280Z  INFO  2021-02-24 23:20:20,897 [shard 2] compaction - [Compact system_schema.computed_columns da5a3771-76f6-11eb-bdcc-000000000002] Compacted 3 sstables to [/var/lib/scylla/data/system_schema/computed_columns-cc7c7069374033c192a4c3de78dbd2c4/md-1190-big-Data.db:level=0, ]. 15kB to 5kB (~35% of original) in 2914ms = 1kB/s. ~384 total partitions merged to 1.
2021-02-24T23:20:20.899604994Z  INFO  2021-02-24 23:20:20,899 [shard 3] compaction - [Compact system_schema.columns da5aaca1-76f6-11eb-b419-000000000003] Compacted 2 sstables to [/var/lib/scylla/data/system_schema/columns-24101c25a2ae3af787c1b40ee1aca33f/md-1327-big-Data.db:level=0, ]. 67kB to 57kB (~85% of original) in 3217ms = 18kB/s. ~256 total partitions merged to 4.
2021-02-24T23:20:20.901494067Z  INFO  2021-02-24 23:20:20,901 [shard 3] compaction - [Compact dt.source_data da5a5e80-76f6-11eb-b419-000000000003] Compacted 3 sstables to [/var/lib/scylla/data/dt/source_data-6af6cd50d77b11ea9877000000000001/md-1271-big-Data.db:level=0, ]. 19MB to 18MB (~98% of original) in 3219ms = 5MB/s. ~384 total partitions merged to 1.
2021-02-24T23:20:21.044003446Z  INFO  2021-02-24 23:20:21,043 [shard 3] compaction - [Compact system.compaction_history da5aaca3-76f6-11eb-b419-000000000003] Compacted 2 sstables to [/var/lib/scylla/data/system/compaction_history-b4dbb7b4dc493fb5b3bfce6e434832ca/md-651-big-Data.db:level=0, ]. 148kB to 106kB (~71% of original) in 3334ms = 31kB/s. ~384 total partitions merged to 152.
2021-02-24T23:20:21.111063608Z  INFO  2021-02-24 23:20:21,110 [shard 2] compaction - [Compact system_schema.scylla_tables da5a5e81-76f6-11eb-bdcc-000000000002] Compacted 2 sstables to [/var/lib/scylla/data/system_schema/scylla_tables-5d912ff1f7593665b2c88042ab5103dd/md-1094-big-Data.db:level=0, ]. 11kB to 6kB (~51% of original) in 2916ms = 2kB/s. ~256 total partitions merged to 1.
2021-02-24T23:20:21.113361307Z  INFO  2021-02-24 23:20:21,112 [shard 2] compaction - [Compact system.truncated da5a3770-76f6-11eb-bdcc-000000000002] Compacted 3 sstables to [/var/lib/scylla/data/system/truncated-38c19fd0fb863310a4b70d0cc66628aa/md-3706-big-Data.db:level=0, ]. 167kB to 56kB (~33% of original) in 2916ms = 19kB/s. ~384 total partitions merged to 4.
2021-02-24T23:20:21.113388401Z  INFO  2021-02-24 23:20:21,112 [shard 2] compaction - [Compact system_schema.views da5a5e82-76f6-11eb-bdcc-000000000002] Compacted 2 sstables to [/var/lib/scylla/data/system_schema/views-9786ac1cdd583201a7cdad556410c985/md-1006-big-Data.db:level=0, ]. 13kB to 7kB (~51% of original) in 2915ms = 2kB/s. ~256 total partitions merged to 1.
2021-02-24T23:20:21.113415071Z  INFO  2021-02-24 23:20:21,112 [shard 2] compaction - [Compact system_schema.tables da5a5e80-76f6-11eb-bdcc-000000000002] Compacted 2 sstables to [/var/lib/scylla/data/system_schema/tables-afddfb9dbc1e30688056eed6c302ba09/md-1122-big-Data.db:level=0, ]. 67kB to 59kB (~88% of original) in 2916ms = 20kB/s. ~256 total partitions merged to 2.
2021-02-24T23:20:21.114853777Z  INFO  2021-02-24 23:20:21,114 [shard 2] compaction - [Compact system_schema.columns da5a3772-76f6-11eb-bdcc-000000000002] Compacted 3 sstables to [/var/lib/scylla/data/system_schema/columns-24101c25a2ae3af787c1b40ee1aca33f/md-1326-big-Data.db:level=0, ]. 78kB to 61kB (~78% of original) in 2916ms = 21kB/s. ~384 total partitions merged to 2.
2021-02-24T23:20:21.357871004Z  INFO  2021-02-24 23:20:21,356 [shard 1] compaction - [Compact system.local dc7b42b0-76f6-11eb-ae3b-000000000001] Compacted 2 sstables to [/var/lib/scylla/data/system/local-7ad54392bcdd35a684174e047860b377/md-6657-big-Data.db:level=0, ]. 18kB to 12kB (~66% of original) in 1137ms = 10kB/s. ~256 total partitions merged to 1.
2021-02-24T23:20:21.430135659Z  INFO  2021-02-24 23:20:21,429 [shard 0] compaction - [Compact system.clients dd1511b0-76f6-11eb-89bd-000000000000] Compacted 8 sstables to []. 468kB to 0 bytes (~0% of original) in 55ms = 0 bytes/s. ~1024 total partitions merged to 0.
2021-02-24T23:20:21.780727859Z  INFO  2021-02-24 23:20:21,780 [shard 2] compaction - [Compact system_schema.functions dda8ed40-76f6-11eb-bdcc-000000000002] Compacting [/var/lib/scylla/data/system_schema/functions-96489b7980be3e14a70166a0b9159450/md-442-big-Data.db:level=0, /var/lib/scylla/data/system_schema/functions-96489b7980be3e14a70166a0b9159450/md-434-big-Data.db:level=0, /var/lib/scylla/data/system_schema/functions-96489b7980be3e14a70166a0b9159450/md-438-big-Data.db:level=0, ]
2021-02-24T23:20:21.782360174Z  INFO  2021-02-24 23:20:21,781 [shard 3] compaction - [Compact system.peers dda91450-76f6-11eb-b419-000000000003] Compacting [/var/lib/scylla/data/system/peers-37f71aca7dc2383ba70672528af04d4f/md-567-big-Data.db:level=0, /var/lib/scylla/data/system/peers-37f71aca7dc2383ba70672528af04d4f/md-571-big-Data.db:level=0, /var/lib/scylla/data/system/peers-37f71aca7dc2383ba70672528af04d4f/md-563-big-Data.db:level=0, ]
2021-02-24T23:20:21.782661570Z  INFO  2021-02-24 23:20:21,782 [shard 3] compaction - [Compact system_schema.triggers dda93b60-76f6-11eb-b419-000000000003] Compacting [/var/lib/scylla/data/system_schema/triggers-4df70b666b05325195a132b54005fd48/md-427-big-Data.db:level=0, /var/lib/scylla/data/system_schema/triggers-4df70b666b05325195a132b54005fd48/md-419-big-Data.db:level=0, /var/lib/scylla/data/system_schema/triggers-4df70b666b05325195a132b54005fd48/md-423-big-Data.db:level=0, ]
2021-02-24T23:20:21.783599377Z  INFO  2021-02-24 23:20:21,783 [shard 3] compaction - [Compact system_schema.view_virtual_columns dda96270-76f6-11eb-b419-000000000003] Compacting [/var/lib/scylla/data/system_schema/view_virtual_columns-08843b6345dc3be29798a0418295cfaa/md-1287-big-Data.db:level=0, /var/lib/scylla/data/system_schema/view_virtual_columns-08843b6345dc3be29798a0418295cfaa/md-1283-big-Data.db:level=0, /var/lib/scylla/data/system_schema/view_virtual_columns-08843b6345dc3be29798a0418295cfaa/md-1279-big-Data.db:level=0, ]
2021-02-24T23:20:22.156047242Z  INFO  2021-02-24 23:20:22,155 [shard 2] compaction - [Compact system_schema.indexes dc16db90-76f6-11eb-bdcc-000000000002] Compacted 3 sstables to [/var/lib/scylla/data/system_schema/indexes-0feb57ac311f382fba6d9024d305702f/md-1294-big-Data.db:level=0, ]. 16kB to 5kB (~35% of original) in 2634ms = 2kB/s. ~384 total partitions merged to 1.
2021-02-24T23:20:22.156098478Z  INFO  2021-02-24 23:20:22,155 [shard 2] compaction - [Compact system.compaction_history dc1777d0-76f6-11eb-bdcc-000000000002] Compacted 2 sstables to [/var/lib/scylla/data/system/compaction_history-b4dbb7b4dc493fb5b3bfce6e434832ca/md-650-big-Data.db:level=0, ]. 171kB to 103kB (~60% of original) in 2632ms = 39kB/s. ~256 total partitions merged to 122.
2021-02-24T23:20:22.156112623Z  INFO  2021-02-24 23:20:22,155 [shard 2] compaction - [Compact system_schema.keyspaces dc1729b0-76f6-11eb-bdcc-000000000002] Compacted 2 sstables to [/var/lib/scylla/data/system_schema/keyspaces-abac5682dea631c5b535b3d6cffd0fb6/md-1214-big-Data.db:level=0, ]. 61kB to 56kB (~91% of original) in 2634ms = 21kB/s. ~256 total partitions merged to 2.
2021-02-24T23:20:22.521392797Z  INFO  2021-02-24 23:20:22,520 [shard 3] compaction - [Compact system_schema.types dc451780-76f6-11eb-b419-000000000003] Compacted 3 sstables to [/var/lib/scylla/data/system_schema/types-5a8b1ca866023f77a0459273d308917a/md-439-big-Data.db:level=0, ]. 16kB to 5kB (~35% of original) in 2333ms = 2kB/s. ~384 total partitions merged to 1.
2021-02-24T23:20:22.521585616Z  INFO  2021-02-24 23:20:22,521 [shard 2] compaction - [Compact system_schema.types de19fe90-76f6-11eb-bdcc-000000000002] Compacting [/var/lib/scylla/data/system_schema/types-5a8b1ca866023f77a0459273d308917a/md-434-big-Data.db:level=0, /var/lib/scylla/data/system_schema/types-5a8b1ca866023f77a0459273d308917a/md-426-big-Data.db:level=0, /var/lib/scylla/data/system_schema/types-5a8b1ca866023f77a0459273d308917a/md-430-big-Data.db:level=0, ]
2021-02-24T23:20:22.524145076Z  INFO  2021-02-24 23:20:22,523 [shard 3] compaction - [Compact system.peers dda91450-76f6-11eb-b419-000000000003] Compacted 3 sstables to []. 16kB to 0 bytes (~0% of original) in 0ms = 0 bytes/s. ~384 total partitions merged to 0.
2021-02-24T23:20:22.524259888Z  INFO  2021-02-24 23:20:22,523 [shard 3] compaction - [Compact system_schema.indexes dc44f070-76f6-11eb-b419-000000000003] Compacted 3 sstables to [/var/lib/scylla/data/system_schema/indexes-0feb57ac311f382fba6d9024d305702f/md-1295-big-Data.db:level=0, ]. 23kB to 12kB (~54% of original) in 2336ms = 5kB/s. ~384 total partitions merged to 2.
2021-02-24T23:20:22.524276276Z  INFO  2021-02-24 23:20:22,523 [shard 3] compaction - [Compact system_schema.dropped_columns dc451781-76f6-11eb-b419-000000000003] Compacted 3 sstables to [/var/lib/scylla/data/system_schema/dropped_columns-5e7583b5f3f43af19a39b7e1d6f5f11f/md-1359-big-Data.db:level=0, ]. 16kB to 5kB (~35% of original) in 2334ms = 2kB/s. ~384 total partitions merged to 1.
2021-02-24T23:20:22.583189851Z  INFO  2021-02-24 23:20:22,582 [shard 3] compaction - [Compact system_schema.tables dc458cb0-76f6-11eb-b419-000000000003] Compacted 2 sstables to [/var/lib/scylla/data/system_schema/tables-afddfb9dbc1e30688056eed6c302ba09/md-1123-big-Data.db:level=0, ]. 65kB to 56kB (~85% of original) in 2332ms = 24kB/s. ~256 total partitions merged to 4.
2021-02-24T23:20:22.966653542Z  INFO  2021-02-24 23:20:22,965 [shard 2] compaction - [Compact system_schema.functions dda8ed40-76f6-11eb-bdcc-000000000002] Compacted 3 sstables to [/var/lib/scylla/data/system_schema/functions-96489b7980be3e14a70166a0b9159450/md-446-big-Data.db:level=0, ]. 16kB to 5kB (~35% of original) in 740ms = 8kB/s. ~384 total partitions merged to 1.
2021-02-24T23:20:23.060238873Z  INFO  2021-02-24 23:20:23,056 [shard 3] compaction - [Compact system_schema.aggregates de6ba100-76f6-11eb-b419-000000000003] Compacting [/var/lib/scylla/data/system_schema/aggregates-924c55872e3a345bb10c12f37c1ba895/md-415-big-Data.db:level=0, /var/lib/scylla/data/system_schema/aggregates-924c55872e3a345bb10c12f37c1ba895/md-407-big-Data.db:level=0, /var/lib/scylla/data/system_schema/aggregates-924c55872e3a345bb10c12f37c1ba895/md-411-big-Data.db:level=0, ]
2021-02-24T23:20:23.060312985Z  INFO  2021-02-24 23:20:23,058 [shard 3] compaction - [Compact system_schema.views de6bef20-76f6-11eb-b419-000000000003] Compacting [/var/lib/scylla/data/system_schema/views-9786ac1cdd583201a7cdad556410c985/md-1003-big-Data.db:level=0, /var/lib/scylla/data/system_schema/views-9786ac1cdd583201a7cdad556410c985/md-999-big-Data.db:level=0, ]
2021-02-24T23:20:23.374687193Z  INFO  2021-02-24 23:20:23,374 [shard 2] compaction - [Compact system_schema.triggers de9c26e0-76f6-11eb-bdcc-000000000002] Compacting [/var/lib/scylla/data/system_schema/triggers-4df70b666b05325195a132b54005fd48/md-426-big-Data.db:level=0, /var/lib/scylla/data/system_schema/triggers-4df70b666b05325195a132b54005fd48/md-418-big-Data.db:level=0, /var/lib/scylla/data/system_schema/triggers-4df70b666b05325195a132b54005fd48/md-422-big-Data.db:level=0, ]
2021-02-24T23:20:23.508378224Z  INFO  2021-02-24 23:20:23,507 [shard 3] compaction - [Compact system_schema.triggers dda93b60-76f6-11eb-b419-000000000003] Compacted 3 sstables to [/var/lib/scylla/data/system_schema/triggers-4df70b666b05325195a132b54005fd48/md-431-big-Data.db:level=0, ]. 16kB to 5kB (~35% of original) in 1274ms = 4kB/s. ~384 total partitions merged to 1.
2021-02-24T23:20:23.589088098Z  INFO  2021-02-24 23:20:23,588 [shard 3] compaction - [Compact system_schema.view_virtual_columns dda96270-76f6-11eb-b419-000000000003] Compacted 3 sstables to [/var/lib/scylla/data/system_schema/view_virtual_columns-08843b6345dc3be29798a0418295cfaa/md-1291-big-Data.db:level=0, ]. 23kB to 12kB (~54% of original) in 1275ms = 10kB/s. ~384 total partitions merged to 2.
2021-02-24T23:20:23.898082902Z  INFO  2021-02-24 23:20:23,896 [shard 2] compaction - [Compact system_schema.types de19fe90-76f6-11eb-bdcc-000000000002] Compacted 3 sstables to [/var/lib/scylla/data/system_schema/types-5a8b1ca866023f77a0459273d308917a/md-438-big-Data.db:level=0, ]. 16kB to 5kB (~35% of original) in 852ms = 6kB/s. ~384 total partitions merged to 1.
2021-02-24T23:20:24.231521147Z  INFO  2021-02-24 23:20:24,230 [shard 3] compaction - [Compact system_schema.keyspaces df1ec460-76f6-11eb-b419-000000000003] Compacting [/var/lib/scylla/data/system_schema/keyspaces-abac5682dea631c5b535b3d6cffd0fb6/md-1211-big-Data.db:level=0, /var/lib/scylla/data/system_schema/keyspaces-abac5682dea631c5b535b3d6cffd0fb6/md-1207-big-Data.db:level=0, ]
2021-02-24T23:20:24.350061618Z  INFO  2021-02-24 23:20:24,349 [shard 2] compaction - [Compact system_schema.dropped_columns df30ecd0-76f6-11eb-bdcc-000000000002] Compacting [/var/lib/scylla/data/system_schema/dropped_columns-5e7583b5f3f43af19a39b7e1d6f5f11f/md-1346-big-Data.db:level=0, /var/lib/scylla/data/system_schema/dropped_columns-5e7583b5f3f43af19a39b7e1d6f5f11f/md-1354-big-Data.db:level=0, /var/lib/scylla/data/system_schema/dropped_columns-5e7583b5f3f43af19a39b7e1d6f5f11f/md-1350-big-Data.db:level=0, ]
2021-02-24T23:20:24.726516965Z  INFO  2021-02-24 23:20:24,725 [shard 2] compaction - [Compact system_schema.triggers de9c26e0-76f6-11eb-bdcc-000000000002] Compacted 3 sstables to [/var/lib/scylla/data/system_schema/triggers-4df70b666b05325195a132b54005fd48/md-430-big-Data.db:level=0, ]. 16kB to 5kB (~35% of original) in 975ms = 5kB/s. ~384 total partitions merged to 1.
2021-02-24T23:20:24.818102266Z  INFO  2021-02-24 23:20:24,817 [shard 3] compaction - [Compact system_schema.aggregates de6ba100-76f6-11eb-b419-000000000003] Compacted 3 sstables to [/var/lib/scylla/data/system_schema/aggregates-924c55872e3a345bb10c12f37c1ba895/md-419-big-Data.db:level=0, ]. 16kB to 5kB (~35% of original) in 1174ms = 4kB/s. ~384 total partitions merged to 1.
2021-02-24T23:20:24.818688997Z  INFO  2021-02-24 23:20:24,818 [shard 3] compaction - [Compact system_schema.views de6bef20-76f6-11eb-b419-000000000003] Compacted 2 sstables to [/var/lib/scylla/data/system_schema/views-9786ac1cdd583201a7cdad556410c985/md-1007-big-Data.db:level=0, ]. 20kB to 14kB (~68% of original) in 1172ms = 12kB/s. ~256 total partitions merged to 2.
2021-02-24T23:20:25.302737627Z  INFO  2021-02-24 23:20:25,302 [shard 2] compaction - [Compact system_schema.view_virtual_columns dfc23050-76f6-11eb-bdcc-000000000002] Compacting [/var/lib/scylla/data/system_schema/view_virtual_columns-08843b6345dc3be29798a0418295cfaa/md-1286-big-Data.db:level=0, /var/lib/scylla/data/system_schema/view_virtual_columns-08843b6345dc3be29798a0418295cfaa/md-1278-big-Data.db:level=0, /var/lib/scylla/data/system_schema/view_virtual_columns-08843b6345dc3be29798a0418295cfaa/md-1282-big-Data.db:level=0, ]
2021-02-24T23:20:25.639373303Z  INFO  2021-02-24 23:20:25,638 [shard 3] compaction - [Compact system_schema.keyspaces df1ec460-76f6-11eb-b419-000000000003] Compacted 2 sstables to [/var/lib/scylla/data/system_schema/keyspaces-abac5682dea631c5b535b3d6cffd0fb6/md-1215-big-Data.db:level=0, ]. 56kB to 51kB (~90% of original) in 1165ms = 43kB/s. ~256 total partitions merged to 4.
2021-02-24T23:20:25.698210151Z  INFO  2021-02-24 23:20:25,697 [shard 2] compaction - [Compact system_schema.dropped_columns df30ecd0-76f6-11eb-bdcc-000000000002] Compacted 3 sstables to [/var/lib/scylla/data/system_schema/dropped_columns-5e7583b5f3f43af19a39b7e1d6f5f11f/md-1358-big-Data.db:level=0, ]. 15kB to 5kB (~35% of original) in 952ms = 5kB/s. ~384 total partitions merged to 1.
2021-02-24T23:20:26.022621130Z  INFO  2021-02-24 23:20:26,021 [shard 2] compaction - [Compact system_schema.aggregates e0300d50-76f6-11eb-bdcc-000000000002] Compacting [/var/lib/scylla/data/system_schema/aggregates-924c55872e3a345bb10c12f37c1ba895/md-414-big-Data.db:level=0, /var/lib/scylla/data/system_schema/aggregates-924c55872e3a345bb10c12f37c1ba895/md-406-big-Data.db:level=0, /var/lib/scylla/data/system_schema/aggregates-924c55872e3a345bb10c12f37c1ba895/md-410-big-Data.db:level=0, ]
2021-02-24T23:20:26.219522285Z  INFO  2021-02-24 23:20:26,218 [shard 2] compaction - [Compact system_schema.view_virtual_columns dfc23050-76f6-11eb-bdcc-000000000002] Compacted 3 sstables to [/var/lib/scylla/data/system_schema/view_virtual_columns-08843b6345dc3be29798a0418295cfaa/md-1290-big-Data.db:level=0, ]. 16kB to 5kB (~35% of original) in 719ms = 8kB/s. ~384 total partitions merged to 1.
2021-02-24T23:20:26.700459868Z  INFO  2021-02-24 23:20:26,699 [shard 2] compaction - [Compact system_schema.aggregates e0300d50-76f6-11eb-bdcc-000000000002] Compacted 3 sstables to [/var/lib/scylla/data/system_schema/aggregates-924c55872e3a345bb10c12f37c1ba895/md-418-big-Data.db:level=0, ]. 16kB to 5kB (~35% of original) in 526ms = 11kB/s. ~384 total partitions merged to 1.
2021-02-24T23:20:31.810086568Z  INFO  2021-02-24 23:20:31,808 [shard 0] gossip - No gossip backlog; proceeding
2021-02-24T23:20:31.812396935Z  INFO  2021-02-24 23:20:31,810 [shard 0] features - Feature CDC is enabled
2021-02-24T23:20:31.812449753Z  INFO  2021-02-24 23:20:31,810 [shard 0] features - Feature COMPUTED_COLUMNS is enabled
2021-02-24T23:20:31.812471509Z  INFO  2021-02-24 23:20:31,810 [shard 0] features - Feature CORRECT_STATIC_COMPACT_IN_MC is enabled
2021-02-24T23:20:31.812516957Z  INFO  2021-02-24 23:20:31,810 [shard 0] features - Feature DIGEST_FOR_NULL_VALUES is enabled
2021-02-24T23:20:31.812871148Z  INFO  2021-02-24 23:20:31,810 [shard 0] features - Feature DIGEST_INSENSITIVE_TO_EXPIRY is enabled
2021-02-24T23:20:31.812896015Z  INFO  2021-02-24 23:20:31,810 [shard 0] features - Feature HINTED_HANDOFF_SEPARATE_CONNECTION is enabled
2021-02-24T23:20:31.812996684Z  INFO  2021-02-24 23:20:31,810 [shard 0] features - Feature LWT is enabled
2021-02-24T23:20:31.813018524Z  INFO  2021-02-24 23:20:31,811 [shard 0] features - Feature MC_SSTABLE_FORMAT is enabled
2021-02-24T23:20:31.813036572Z  INFO  2021-02-24 23:20:31,811 [shard 0] features - Feature MD_SSTABLE_FORMAT is enabled
2021-02-24T23:20:31.813054472Z  INFO  2021-02-24 23:20:31,811 [shard 0] features - Feature NONFROZEN_UDTS is enabled
2021-02-24T23:20:31.813072249Z  INFO  2021-02-24 23:20:31,811 [shard 0] features - Feature PER_TABLE_CACHING is enabled
2021-02-24T23:20:31.813089803Z  INFO  2021-02-24 23:20:31,811 [shard 0] features - Feature PER_TABLE_PARTITIONERS is enabled
2021-02-24T23:20:31.813107330Z  INFO  2021-02-24 23:20:31,811 [shard 0] features - Feature ROW_LEVEL_REPAIR is enabled
2021-02-24T23:20:31.813125101Z  INFO  2021-02-24 23:20:31,811 [shard 0] features - Feature TRUNCATION_TABLE is enabled
2021-02-24T23:20:31.813142927Z  INFO  2021-02-24 23:20:31,811 [shard 0] features - Feature UNBOUNDED_RANGE_TOMBSTONES is enabled
2021-02-24T23:20:31.813160744Z  INFO  2021-02-24 23:20:31,811 [shard 0] features - Feature VIEW_VIRTUAL_COLUMNS is enabled
2021-02-24T23:20:31.813188202Z  INFO  2021-02-24 23:20:31,812 [shard 0] init - starting system distributed keyspace
2021-02-24T23:20:31.817478486Z  INFO  2021-02-24 23:20:31,816 [shard 0] storage_service - Using saved tokens {9122882257136270100, 9066588519930559993, 9061580907506437136, 8775859223532977932, 943448605036726745, 8325613099551670589, 800062458669145892, 7880345233810794046, 784130423392421222, 782580883702972777, 778239093056833917, 7732629563319678675, 7564694057214588647, 747840302865059114, 7469085752185829039, 7255484784972643852, 7222389702734437292, 7172238068082229918, 7103497347382660592, 6818717460470417221, 6496091893897576732, 6420907855788431922, 6381418245203458391, 6358173612251239308, 6115776390551923703, 5935809959838255935, 588034934972968299, 5848278814186320030, 5834675951458569055, 5704999654143823990, 5661405961885371428, 5569071124009844993, 7804258889026263620, 5441044328235651423, 5396954320704971060, 5311755414232655734, 5256736089695841171, 525652295242460822, 6302443190184390149, 5150907166433009570, 5102381975608989830, 4540975434217357056, 4497639963855891379, 4461207940793579131, 4453520694484038438, 4445989245037378795, 4262233236239091105, 408961909545308462, 873311388414975666, 5104799485589097680, 4037379789709069307, 3979649323160207298, 3941245744356891698, 3909145942678699742, 6478032244021912394, 3907413558358164712, 3840184102447470012, 5103660925946342563, 3822141065635310082, 667581605220131528, 3606629961194077343, 352278596429886466, 3361838207769500988, 3145063885579200582, 3100842289958262644, 2870638580126821409, 2609254198811139442, 2531294222158762011, 2431756818088451524, 5341717901052361821, 2050968450175517454, 1911454556365012923, 8413544620893079714, 214428871588027420, 1470306277250886071, 5796254206948921528, 4378909036113166689, 1172299952227812636, 105268539462240253, -1614584707908969492, 3058186759042775792, -2685359252619347507, -7341700934491837716, -4368295386640868227, -4280461110562472301, -4203952547861361192, -4177024142024341044, 4083460330442256183, -4113405879925637368, 8707696313600310498, -3880555618453256762, -4106310081010891923, -3428624778218969630, -4007868363884276055, 3373616921334842984, -3942245253345029362, 285540986842976874, -3729138346528579520, 855031166620283245, -3256341547923989103, 284028081363756156, 194223785007163967, -2800260328053956713, -2700796200994103492, -4623422606623793434, -6767019288334108993, -2365586676906010085, -431455211546220291, -3014142033706378490, 5153854518462400651, -7767361191227918078, 5890706123786165213, -8855822008500182327, -2732234699235264563, -4475005699924690030, -1171738939209168407, -1084614158625469139, -1295419475388780424, -4193553788022177878, -1474028219808469861, -1593748153114868683, -7190282066974323895, 8777890816944145805, -105211415949921556, 8280511155447462154, 3014475854062098037, -6104126434670973331, 7743526815996532326, -2879534723161185431, 6933997554702494562, -7913213531410876291, -2605645373691895986, -1004253484774030395, -2187125227394891465, 3287699046743316011, -184157634332906914, 1251119865371637993, -2699231837109027988, -6586482614645135705, 700944770677405149, -2135119982021577211, -1207620414022812792, -2319706609635128471, -2076430708060394350, 6788034976878782500, 3022913469242457337, 2879924223908633556, -5656441245782528349, -9132047842757487932, 7772390126184307669, -8529251962487546573, -1032698423218536378, -2648919406212884980, 3556932048290112968, -2391018463907211455, -467985751191813914, 7354219953741161264, -6338043935148530859, -471701403720839764, -4415280594152455372, -6127879535600466936, -4735496583611878200, 156312151312654313, -1761718599052329021, -4770694758141334815, -4895652206680369668, -2166731983266837511, -5095673126210616552, 6974970471767945112, 3924960423780627192, -4134923634748466107, -1363472444035739717, -511676141100664160, 2542018259596577135, -7111183380354176443, -8372022353883945178, 790424663468033093, -3280527161887251879, -3164480873853500968, -5136236598692180863, -5140544052953576706, 6448269612184381105, -4601858807243735115, -5285270377043925775, 4738411181964629022, -4231054370802445643, -6853270293933441203, 1912522665107890116, -8612347190400988175, -5228242602708342126, -5246840897237646542, 8957018461898327244, 8476533345381470087, 3533570692245755170, -5360532551957069796, 7009081579420542256, -1970747149103226319, -2640475812391264528, -5411685484465544274, -5508289632699420366, 5906838239532612246, -5526097868254533829, 5122450296475986719, 2104079815049743807, -4872163430844150374, -3101294897153501639, -4925670906471950289, -8001902308657073600, 1033733984444816800, -5595342098352848506, 4660022660859336370, -1709100826419756065, -8485257529464526975, -7405825010257289618, -572473923349256348, 533209426647054698, -6810383749951706976, -6017078328443447975, 2233495137371904435, 1688077838521597411, -6093280019772326743, 8813999419995718088, -6238625478980828395, -3409621329811667263, -6249520955674807415, -7148146405116016542, -6263078841153087564, 8675978575875245837, 1574734081023094222, -8953406550820932827, -1208769590907790735, -6303682351633097607, 1535311813904826318, -8024675672634848221, -8495384334141326469, -9173155356561330710, -6648258355715071793, -6779834804380741154, 5017042126534426855, -6985294397658573838, -6199824488038647909, -6441145814158460549, -7232953798633244985, -8352632933072691056, -4829128129506020031, -9210810031089136649, -7512330892235471280, -1522914538603683793, -769344519844763244, -4541237399207364623, -8694753427154041557, 8382283044476755854, -889434854029329118, 5401470720317959250, -8549013321787275289, 1018091569669202328}
2021-02-24T23:20:31.834466402Z  INFO  2021-02-24 23:20:31,834 [shard 0] schema_tables - Schema version changed to d9780978-f87c-366c-a0f5-6b1d524f8488
2021-02-24T23:20:31.857005864Z  INFO  2021-02-24 23:20:31,856 [shard 0] schema_tables - Schema version changed to b18bbcde-6606-3379-a1a5-68b0b0524d81
2021-02-24T23:20:31.874016394Z  INFO  2021-02-24 23:20:31,873 [shard 0] schema_tables - Schema version changed to b18bbcde-6606-3379-a1a5-68b0b0524d81
2021-02-24T23:20:31.890741447Z  INFO  2021-02-24 23:20:31,890 [shard 0] schema_tables - Schema version changed to b18bbcde-6606-3379-a1a5-68b0b0524d81
2021-02-24T23:20:32.174285479Z  INFO  2021-02-24 23:20:32,173 [shard 0] compaction - [Compact system.cdc_local e3dac5d0-76f6-11eb-89bd-000000000000] Compacting [/var/lib/scylla/data/system/cdc_local-0bcaffd40c833eadad13dc1d5015b77c/md-780-big-Data.db:level=0, /var/lib/scylla/data/system/cdc_local-0bcaffd40c833eadad13dc1d5015b77c/md-776-big-Data.db:level=0, ]
2021-02-24T23:20:32.757555863Z  INFO  2021-02-24 23:20:32,756 [shard 1] compaction - [Compact system.local e433bb40-76f6-11eb-ae3b-000000000001] Compacting [/var/lib/scylla/data/system/local-7ad54392bcdd35a684174e047860b377/md-6661-big-Data.db:level=0, /var/lib/scylla/data/system/local-7ad54392bcdd35a684174e047860b377/md-6657-big-Data.db:level=0, ]
2021-02-24T23:20:32.761251758Z  INFO  2021-02-24 23:20:32,760 [shard 0] storage_service - Node 10.0.24.16 state jump to normal
2021-02-24T23:20:33.068991217Z  INFO  2021-02-24 23:20:33,068 [shard 0] compaction - [Compact system.cdc_local e3dac5d0-76f6-11eb-89bd-000000000000] Compacted 2 sstables to [/var/lib/scylla/data/system/cdc_local-0bcaffd40c833eadad13dc1d5015b77c/md-784-big-Data.db:level=0, ]. 10kB to 5kB (~51% of original) in 608ms = 8kB/s. ~256 total partitions merged to 1.
2021-02-24T23:20:33.291693484Z  INFO  2021-02-24 23:20:33,290 [shard 0] storage_service - NORMAL: node is now in normal status
2021-02-24T23:20:33.291758072Z  INFO  2021-02-24 23:20:33,290 [shard 0] cdc - Latest generation seen during startup: 2021/01/13 14:33:24
2021-02-24T23:20:33.292670978Z  INFO  2021-02-24 23:20:33,291 [shard 0] init - starting tracing
2021-02-24T23:20:33.293614473Z  INFO  2021-02-24 23:20:33,293 [shard 0] init - SSTable data integrity checker is disabled.
2021-02-24T23:20:33.293647236Z  INFO  2021-02-24 23:20:33,293 [shard 0] init - starting auth service
2021-02-24T23:20:33.296784902Z  INFO  2021-02-24 23:20:33,296 [shard 0] init - starting batchlog manager
2021-02-24T23:20:33.297151050Z  INFO  2021-02-24 23:20:33,296 [shard 0] init - starting load meter
2021-02-24T23:20:33.297169137Z  INFO  2021-02-24 23:20:33,296 [shard 0] init - starting cf cache hit rate calculator
2021-02-24T23:20:33.297508933Z  INFO  2021-02-24 23:20:33,297 [shard 0] init - starting view update backlog broker
2021-02-24T23:20:33.298428115Z  INFO  2021-02-24 23:20:33,298 [shard 0] init - Waiting for gossip to settle before accepting client requests...
2021-02-24T23:20:33.390490371Z  INFO  2021-02-24 23:20:33,389 [shard 1] compaction - [Compact system.local e433bb40-76f6-11eb-ae3b-000000000001] Compacted 2 sstables to [/var/lib/scylla/data/system/local-7ad54392bcdd35a684174e047860b377/md-6665-big-Data.db:level=0, ]. 18kB to 12kB (~66% of original) in 548ms = 22kB/s. ~256 total partitions merged to 1.
2021-02-24T23:20:45.299366292Z  INFO  2021-02-24 23:20:45,298 [shard 0] gossip - No gossip backlog; proceeding
2021-02-24T23:20:45.300326893Z  INFO  2021-02-24 23:20:45,299 [shard 0] init - allow replaying hints
2021-02-24T23:20:45.300861130Z  INFO  2021-02-24 23:20:45,300 [shard 0] init - Launching generate_mv_updates for non system tables
2021-02-24T23:20:45.301990212Z  INFO  2021-02-24 23:20:45,301 [shard 0] init - starting the view builder
2021-02-24T23:20:46.834389253Z  INFO  2021-02-24 23:20:46,833 [shard 0] compaction - [Compact system.truncated ec97b610-76f6-11eb-89bd-000000000000] Compacting [/var/lib/scylla/data/system/truncated-38c19fd0fb863310a4b70d0cc66628aa/md-3708-big-Data.db:level=0, /var/lib/scylla/data/system/truncated-38c19fd0fb863310a4b70d0cc66628aa/md-3704-big-Data.db:level=0, ]
2021-02-24T23:20:46.835776581Z  INFO  2021-02-24 23:20:46,835 [shard 0] init - starting native transport
2021-02-24T23:20:46.838974975Z  INFO  2021-02-24 23:20:46,838 [shard 0] cql_server_controller - Starting listening for CQL clients on 10.0.24.16:9042 (unencrypted, non-shard-aware)
2021-02-24T23:20:46.839047062Z  INFO  2021-02-24 23:20:46,838 [shard 0] cql_server_controller - Starting listening for CQL clients on 10.0.24.16:19042 (unencrypted, shard-aware)
2021-02-24T23:20:46.842559001Z  INFO  2021-02-24 23:20:46,841 [shard 0] thrift_controller - Thrift server listening on 10.0.24.16:9160 ...
2021-02-24T23:20:46.844900922Z  INFO  2021-02-24 23:20:46,844 [shard 0] init - serving
2021-02-24T23:20:46.844933925Z  INFO  2021-02-24 23:20:46,844 [shard 0] init - Scylla version 4.3.1-0.20210210.46650adcd initialization completed.
2021-02-24T23:20:47.529514496Z  INFO  2021-02-24 23:20:47,528 [shard 0] compaction - [Compact system.truncated ec97b610-76f6-11eb-89bd-000000000000] Compacted 2 sstables to [/var/lib/scylla/data/system/truncated-38c19fd0fb863310a4b70d0cc66628aa/md-3712-big-Data.db:level=0, ]. 82kB to 76kB (~93% of original) in 584ms = 131kB/s. ~256 total partitions merged to 2.
2021-02-24T23:24:06.320432350Z  INFO  2021-02-24 23:24:06,319 [shard 3] compaction - [Compact system.clients 637edbf0-76f7-11eb-b419-000000000003] Compacting [/var/lib/scylla/data/system/clients-ca0f635d863036098d93a1fc06f2a5e5/md-279-big-Data.db:level=0, /var/lib/scylla/data/system/clients-ca0f635d863036098d93a1fc06f2a5e5/md-283-big-Data.db:level=0, ]
2021-02-24T23:24:06.927376870Z  INFO  2021-02-24 23:24:06,926 [shard 3] compaction - [Compact system.clients 637edbf0-76f7-11eb-b419-000000000003] Compacted 2 sstables to [/var/lib/scylla/data/system/clients-ca0f635d863036098d93a1fc06f2a5e5/md-287-big-Data.db:level=0, ]. 103kB to 6kB (~5% of original) in 361ms = 17kB/s. ~256 total partitions merged to 1.
2021-02-24T23:24:16.262106922Z  INFO  2021-02-24 23:24:16,261 [shard 3] compaction - [Compact system.clients 696be350-76f7-11eb-b419-000000000003] Compacting [/var/lib/scylla/data/system/clients-ca0f635d863036098d93a1fc06f2a5e5/md-287-big-Data.db:level=0, /var/lib/scylla/data/system/clients-ca0f635d863036098d93a1fc06f2a5e5/md-291-big-Data.db:level=0, ]
2021-02-24T23:24:16.746208079Z  INFO  2021-02-24 23:24:16,745 [shard 3] compaction - [Compact system.clients 696be350-76f7-11eb-b419-000000000003] Compacted 2 sstables to [/var/lib/scylla/data/system/clients-ca0f635d863036098d93a1fc06f2a5e5/md-295-big-Data.db:level=0, ]. 58kB to 6kB (~10% of original) in 375ms = 16kB/s. ~256 total partitions merged to 1.
2021-02-24T23:24:27.570322194Z  INFO  2021-02-24 23:24:27,569 [shard 3] compaction - [Compact system.clients 70295a10-76f7-11eb-b419-000000000003] Compacting [/var/lib/scylla/data/system/clients-ca0f635d863036098d93a1fc06f2a5e5/md-295-big-Data.db:level=0, /var/lib/scylla/data/system/clients-ca0f635d863036098d93a1fc06f2a5e5/md-299-big-Data.db:level=0, ]
2021-02-24T23:24:28.245424088Z  INFO  2021-02-24 23:24:28,244 [shard 3] compaction - [Compact system.clients 70295a10-76f7-11eb-b419-000000000003] Compacted 2 sstables to [/var/lib/scylla/data/system/clients-ca0f635d863036098d93a1fc06f2a5e5/md-303-big-Data.db:level=0, ]. 57kB to 6kB (~10% of original) in 560ms = 11kB/s. ~256 total partitions merged to 1.
2021-02-24T23:24:39.605868482Z  INFO  2021-02-24 23:24:39,605 [shard 3] compaction - [Compact system.clients 7755e650-76f7-11eb-b419-000000000003] Compacting [/var/lib/scylla/data/system/clients-ca0f635d863036098d93a1fc06f2a5e5/md-303-big-Data.db:level=0, /var/lib/scylla/data/system/clients-ca0f635d863036098d93a1fc06f2a5e5/md-307-big-Data.db:level=0, ]
2021-02-24T23:24:40.030133264Z  INFO  2021-02-24 23:24:40,029 [shard 3] compaction - [Compact system.clients 7755e650-76f7-11eb-b419-000000000003] Compacted 2 sstables to [/var/lib/scylla/data/system/clients-ca0f635d863036098d93a1fc06f2a5e5/md-311-big-Data.db:level=0, ]. 58kB to 6kB (~11% of original) in 338ms = 19kB/s. ~256 total partitions merged to 1.
2021-02-24T23:24:54.167529034Z  INFO  2021-02-24 23:24:54,166 [shard 3] compaction - [Compact system.clients 8003bb60-76f7-11eb-b419-000000000003] Compacting [/var/lib/scylla/data/system/clients-ca0f635d863036098d93a1fc06f2a5e5/md-311-big-Data.db:level=0, /var/lib/scylla/data/system/clients-ca0f635d863036098d93a1fc06f2a5e5/md-315-big-Data.db:level=0, ]
2021-02-24T23:24:54.277201997Z  INFO  2021-02-24 23:24:54,276 [shard 3] compaction - [Compact system.clients 8003bb60-76f7-11eb-b419-000000000003] Compacted 2 sstables to []. 58kB to 0 bytes (~0% of original) in 15ms = 0 bytes/s. ~256 total partitions merged to 0.
