2021-02-17T18:53:23.458733832Z  running: (['/opt/scylladb/scripts/scylla_dev_mode_setup', '--developer-mode', '1'],)
2021-02-17T18:53:23.955190733Z  running: (['/opt/scylladb/scripts/scylla_io_setup'],)
2021-02-17T18:53:24.336643198Z  2021-02-17 18:53:24,336 CRIT Supervisor is running as root.  Privileges were not dropped because no user is specified in the config file.  If you intend to run as root, you can set user=root in the config file to avoid this message.
2021-02-17T18:53:24.336681968Z  2021-02-17 18:53:24,336 INFO Included extra file "/etc/supervisord.conf.d/node-exporter.conf" during parsing
2021-02-17T18:53:24.336767815Z  2021-02-17 18:53:24,336 INFO Included extra file "/etc/supervisord.conf.d/rsyslog.conf" during parsing
2021-02-17T18:53:24.336863563Z  2021-02-17 18:53:24,336 INFO Included extra file "/etc/supervisord.conf.d/scylla-housekeeping.conf" during parsing
2021-02-17T18:53:24.336921360Z  2021-02-17 18:53:24,336 INFO Included extra file "/etc/supervisord.conf.d/scylla-jmx.conf" during parsing
2021-02-17T18:53:24.337031131Z  2021-02-17 18:53:24,336 INFO Included extra file "/etc/supervisord.conf.d/scylla-server.conf" during parsing
2021-02-17T18:53:24.337115141Z  2021-02-17 18:53:24,336 INFO Included extra file "/etc/supervisord.conf.d/sshd-server.conf" during parsing
2021-02-17T18:53:24.372208330Z  2021-02-17 18:53:24,371 INFO RPC interface 'supervisor' initialized
2021-02-17T18:53:24.372346735Z  2021-02-17 18:53:24,372 CRIT Server 'inet_http_server' running without any HTTP authentication checking
2021-02-17T18:53:24.372687911Z  2021-02-17 18:53:24,372 INFO supervisord started with pid 28
2021-02-17T18:53:25.377959324Z  2021-02-17 18:53:25,375 INFO spawned: 'scylla' with pid 31
2021-02-17T18:53:25.384107778Z  2021-02-17 18:53:25,378 INFO spawned: 'scylla-housekeeping' with pid 32
2021-02-17T18:53:25.385543578Z  2021-02-17 18:53:25,383 INFO spawned: 'sshd' with pid 33
2021-02-17T18:53:25.395540067Z  2021-02-17 18:53:25,395 INFO spawned: 'scylla-jmx' with pid 35
2021-02-17T18:53:25.399985522Z  2021-02-17 18:53:25,399 INFO spawned: 'rsyslog' with pid 37
2021-02-17T18:53:25.402981469Z  2021-02-17 18:53:25,402 INFO spawned: 'node-exporter' with pid 40
2021-02-17T18:53:25.414227553Z  Generating public/private ed25519 key pair.
2021-02-17T18:53:25.414261170Z  Your identification has been saved in /etc/ssh/ssh_host_ed25519_key.
2021-02-17T18:53:25.414271923Z  Your public key has been saved in /etc/ssh/ssh_host_ed25519_key.pub.
2021-02-17T18:53:25.414282013Z  The key fingerprint is:
2021-02-17T18:53:25.414291559Z  SHA256:tExc9RK+KUffqW9Oo1AhseXMgrDbfSf16x8cFUpHMOI root@24ab821eb827
2021-02-17T18:53:25.414301399Z  The key's randomart image is:
2021-02-17T18:53:25.414310683Z  +--[ED25519 256]--+
2021-02-17T18:53:25.414319967Z  |       .  .+o=o+ |
2021-02-17T18:53:25.414329496Z  |       .o.o.Xo+ .|
2021-02-17T18:53:25.414338886Z  |       .+. E+*...|
2021-02-17T18:53:25.414348160Z  |       +o...o=o.+|
2021-02-17T18:53:25.414357640Z  |       .S...++.+o|
2021-02-17T18:53:25.414380048Z  |           oo = o|
2021-02-17T18:53:25.414390435Z  |           . . * |
2021-02-17T18:53:25.414399460Z  |            . =.o|
2021-02-17T18:53:25.414408361Z  |             .o+o|
2021-02-17T18:53:25.414417214Z  +----[SHA256]-----+
2021-02-17T18:53:25.434093028Z  time="2021-02-17T18:53:25Z" level=info msg="Starting node_exporter (version=0.17.0, branch=HEAD, revision=f6f6194a436b9a63d0439abc585c76b19a206b21)" source="node_exporter.go:82"
2021-02-17T18:53:25.438269910Z  time="2021-02-17T18:53:25Z" level=info msg="Build context (go=go1.11.2, user=root@322511e06ced, date=20181130-15:51:33)" source="node_exporter.go:83"
2021-02-17T18:53:25.438297913Z  time="2021-02-17T18:53:25Z" level=info msg="Enabled collectors:" source="node_exporter.go:90"
2021-02-17T18:53:25.438309628Z  time="2021-02-17T18:53:25Z" level=info msg=" - arp" source="node_exporter.go:97"
2021-02-17T18:53:25.439650538Z  time="2021-02-17T18:53:25Z" level=info msg=" - bcache" source="node_exporter.go:97"
2021-02-17T18:53:25.439672044Z  time="2021-02-17T18:53:25Z" level=info msg=" - bonding" source="node_exporter.go:97"
2021-02-17T18:53:25.439682626Z  time="2021-02-17T18:53:25Z" level=info msg=" - conntrack" source="node_exporter.go:97"
2021-02-17T18:53:25.439692415Z  time="2021-02-17T18:53:25Z" level=info msg=" - cpu" source="node_exporter.go:97"
2021-02-17T18:53:25.440362194Z  time="2021-02-17T18:53:25Z" level=info msg=" - diskstats" source="node_exporter.go:97"
2021-02-17T18:53:25.440380901Z  time="2021-02-17T18:53:25Z" level=info msg=" - edac" source="node_exporter.go:97"
2021-02-17T18:53:25.440391178Z  time="2021-02-17T18:53:25Z" level=info msg=" - entropy" source="node_exporter.go:97"
2021-02-17T18:53:25.440570511Z  time="2021-02-17T18:53:25Z" level=info msg=" - filefd" source="node_exporter.go:97"
2021-02-17T18:53:25.440874965Z  time="2021-02-17T18:53:25Z" level=info msg=" - filesystem" source="node_exporter.go:97"
2021-02-17T18:53:25.441157672Z  time="2021-02-17T18:53:25Z" level=info msg=" - hwmon" source="node_exporter.go:97"
2021-02-17T18:53:25.441449793Z  time="2021-02-17T18:53:25Z" level=info msg=" - infiniband" source="node_exporter.go:97"
2021-02-17T18:53:25.441768610Z  time="2021-02-17T18:53:25Z" level=info msg=" - interrupts" source="node_exporter.go:97"
2021-02-17T18:53:25.442051569Z  time="2021-02-17T18:53:25Z" level=info msg=" - ipvs" source="node_exporter.go:97"
2021-02-17T18:53:25.442378485Z  time="2021-02-17T18:53:25Z" level=info msg=" - loadavg" source="node_exporter.go:97"
2021-02-17T18:53:25.442677930Z  time="2021-02-17T18:53:25Z" level=info msg=" - mdadm" source="node_exporter.go:97"
2021-02-17T18:53:25.442964211Z  time="2021-02-17T18:53:25Z" level=info msg=" - meminfo" source="node_exporter.go:97"
2021-02-17T18:53:25.443257732Z  time="2021-02-17T18:53:25Z" level=info msg=" - netclass" source="node_exporter.go:97"
2021-02-17T18:53:25.443983715Z  time="2021-02-17T18:53:25Z" level=info msg=" - netdev" source="node_exporter.go:97"
2021-02-17T18:53:25.444017466Z  time="2021-02-17T18:53:25Z" level=info msg=" - netstat" source="node_exporter.go:97"
2021-02-17T18:53:25.444081271Z  time="2021-02-17T18:53:25Z" level=info msg=" - nfs" source="node_exporter.go:97"
2021-02-17T18:53:25.445588066Z  time="2021-02-17T18:53:25Z" level=info msg=" - nfsd" source="node_exporter.go:97"
2021-02-17T18:53:25.445608128Z  time="2021-02-17T18:53:25Z" level=info msg=" - sockstat" source="node_exporter.go:97"
2021-02-17T18:53:25.445719738Z  time="2021-02-17T18:53:25Z" level=info msg=" - stat" source="node_exporter.go:97"
2021-02-17T18:53:25.446083009Z  time="2021-02-17T18:53:25Z" level=info msg=" - textfile" source="node_exporter.go:97"
2021-02-17T18:53:25.446353929Z  time="2021-02-17T18:53:25Z" level=info msg=" - time" source="node_exporter.go:97"
2021-02-17T18:53:25.446671373Z  time="2021-02-17T18:53:25Z" level=info msg=" - timex" source="node_exporter.go:97"
2021-02-17T18:53:25.448203606Z  time="2021-02-17T18:53:25Z" level=info msg=" - uname" source="node_exporter.go:97"
2021-02-17T18:53:25.448236350Z  time="2021-02-17T18:53:25Z" level=info msg=" - vmstat" source="node_exporter.go:97"
2021-02-17T18:53:25.448247823Z  time="2021-02-17T18:53:25Z" level=info msg=" - xfs" source="node_exporter.go:97"
2021-02-17T18:53:25.448258230Z  time="2021-02-17T18:53:25Z" level=info msg=" - zfs" source="node_exporter.go:97"
2021-02-17T18:53:25.448268143Z  time="2021-02-17T18:53:25Z" level=info msg="Listening on :9100" source="node_exporter.go:111"
2021-02-17T18:53:25.822821429Z  Scylla version 4.3.0-0.20210110.000585522 with build-id 7fab6c35a5d403f3416292b37c9a9aa94fe4db1f starting ...
2021-02-17T18:53:25.822865243Z  command used: "/usr/bin/scylla --log-to-syslog 0 --log-to-stdout 1 --default-log-level info --network-stack posix --developer-mode=1 --overprovisioned --listen-address 10.0.12.8 --rpc-address 10.0.12.8 --seed-provider-parameters seeds=10.0.12.8 --blocked-reactor-notify-ms 999999999"
2021-02-17T18:53:25.822877669Z  parsed command line options: [log-to-syslog: 0, log-to-stdout: 1, default-log-level: info, network-stack: posix, developer-mode: 1, overprovisioned, listen-address: 10.0.12.8, rpc-address: 10.0.12.8, seed-provider-parameters: seeds=10.0.12.8, blocked-reactor-notify-ms: 999999999]
2021-02-17T18:53:25.856228503Z  WARN  2021-02-17 18:53:25,855 [shard 0] seastar - Unable to set SCHED_FIFO scheduling policy for timer thread; latency impact possible. Try adding CAP_SYS_NICE
2021-02-17T18:53:25.896762726Z  INFO  2021-02-17 18:53:25,896 [shard 0] init - installing SIGHUP handler
2021-02-17T18:53:25.904813982Z  INFO  2021-02-17 18:53:25,904 [shard 0] init - Scylla version 4.3.0-0.20210110.000585522 with build-id 7fab6c35a5d403f3416292b37c9a9aa94fe4db1f starting ...
2021-02-17T18:53:25.904852575Z  
2021-02-17T18:53:25.908247270Z  INFO  2021-02-17 18:53:25,907 [shard 0] init - starting prometheus API server
2021-02-17T18:53:25.912045334Z  INFO  2021-02-17 18:53:25,911 [shard 0] init - starting tokens manager
2021-02-17T18:53:25.912505309Z  INFO  2021-02-17 18:53:25,912 [shard 0] init - starting migration manager notifier
2021-02-17T18:53:25.913742475Z  INFO  2021-02-17 18:53:25,912 [shard 0] init - creating tracing
2021-02-17T18:53:25.914102743Z  INFO  2021-02-17 18:53:25,913 [shard 0] init - creating snitch
2021-02-17T18:53:25.915563877Z  INFO  2021-02-17 18:53:25,914 [shard 0] init - determining DNS name
2021-02-17T18:53:25.915584302Z  INFO  2021-02-17 18:53:25,914 [shard 0] init - starting API server
2021-02-17T18:53:25.918286814Z  INFO  2021-02-17 18:53:25,916 [shard 0] init - Scylla API server listening on 127.0.0.1:10000 ...
2021-02-17T18:53:25.920902477Z  INFO  2021-02-17 18:53:25,920 [shard 0] init - initializing storage service
2021-02-17T18:53:25.920923931Z  INFO  2021-02-17 18:53:25,920 [shard 0] init - starting per-shard database core
2021-02-17T18:53:25.925521278Z  WARN  2021-02-17 18:53:25,924 [shard 0] init - I/O Scheduler is not properly configured! This is a non-supported setup, and performance is expected to be unpredictably bad.
2021-02-17T18:53:25.925541991Z   Reason found: none of --max-io-requests, --io-properties and --io-properties-file are set.
2021-02-17T18:53:25.925552043Z  To properly configure the I/O Scheduler, run the scylla_io_setup utility shipped with Scylla.
2021-02-17T18:53:25.925561635Z  
2021-02-17T18:53:25.925570550Z  INFO  2021-02-17 18:53:25,924 [shard 0] init - creating and verifying directories
2021-02-17T18:53:26.250138062Z  INFO  2021-02-17 18:53:26,245 [shard 0] database - Populating Keyspace system_schema
2021-02-17T18:53:26.250180666Z  INFO  2021-02-17 18:53:26,245 [shard 0] database - Keyspace system_schema: Reading CF view_virtual_columns id=08843b63-45dc-3be2-9798-a0418295cfaa version=c777531c-15f7-326f-8ebe-39fd0265c8c9
2021-02-17T18:53:26.250192267Z  INFO  2021-02-17 18:53:26,246 [shard 0] database - Keyspace system_schema: Reading CF computed_columns id=cc7c7069-3740-33c1-92a4-c3de78dbd2c4 version=2b8c4439-de76-31e0-807f-3b7290a975d7
2021-02-17T18:53:26.250227668Z  INFO  2021-02-17 18:53:26,246 [shard 0] database - Keyspace system_schema: Reading CF aggregates id=924c5587-2e3a-345b-b10c-12f37c1ba895 version=4b53e92c-0368-3d5c-b959-2ec1bfd1a59f
2021-02-17T18:53:26.250239403Z  INFO  2021-02-17 18:53:26,246 [shard 0] database - Keyspace system_schema: Reading CF functions id=96489b79-80be-3e14-a701-66a0b9159450 version=329ed804-55b3-3eee-ad61-d85317b96097
2021-02-17T18:53:26.250249397Z  INFO  2021-02-17 18:53:26,246 [shard 0] database - Keyspace system_schema: Reading CF views id=9786ac1c-dd58-3201-a7cd-ad556410c985 version=5b58bb47-96e7-3f57-accf-0bfca4dbbc6e
2021-02-17T18:53:26.250259169Z  INFO  2021-02-17 18:53:26,246 [shard 0] database - Keyspace system_schema: Reading CF indexes id=0feb57ac-311f-382f-ba6d-9024d305702f version=99c40462-8687-304e-abe3-2bdbef1f25aa
2021-02-17T18:53:26.250268887Z  INFO  2021-02-17 18:53:26,246 [shard 0] database - Keyspace system_schema: Reading CF types id=5a8b1ca8-6602-3f77-a045-9273d308917a version=de51b2ce-5e4d-3b7d-a75f-2204332ce8d1
2021-02-17T18:53:26.250278669Z  INFO  2021-02-17 18:53:26,246 [shard 0] database - Keyspace system_schema: Reading CF triggers id=4df70b66-6b05-3251-95a1-32b54005fd48 version=582d7071-1ef0-37c8-adc6-471a13636139
2021-02-17T18:53:26.250288669Z  INFO  2021-02-17 18:53:26,246 [shard 0] database - Keyspace system_schema: Reading CF dropped_columns id=5e7583b5-f3f4-3af1-9a39-b7e1d6f5f11f version=7426bc6c-4c2f-3200-8ad8-4329610ed59a
2021-02-17T18:53:26.250314263Z  INFO  2021-02-17 18:53:26,246 [shard 0] database - Keyspace system_schema: Reading CF columns id=24101c25-a2ae-3af7-87c1-b40ee1aca33f version=d33236d4-9bdd-3c09-abf0-a0bc5edc2526
2021-02-17T18:53:26.250327729Z  INFO  2021-02-17 18:53:26,246 [shard 0] database - Keyspace system_schema: Reading CF scylla_tables id=5d912ff1-f759-3665-b2c8-8042ab5103dd version=38e5e56b-155d-39b5-a0d2-8e5dcad42a26
2021-02-17T18:53:26.250338401Z  INFO  2021-02-17 18:53:26,246 [shard 0] database - Keyspace system_schema: Reading CF tables id=afddfb9d-bc1e-3068-8056-eed6c302ba09 version=b6240810-eeb7-36d5-9411-43b2d68dddab
2021-02-17T18:53:26.250348597Z  INFO  2021-02-17 18:53:26,246 [shard 0] database - Keyspace system_schema: Reading CF keyspaces id=abac5682-dea6-31c5-b535-b3d6cffd0fb6 version=e79ca8ba-6556-3f7d-925a-7f20cf57938c
2021-02-17T18:53:26.332919540Z  Connecting to http://localhost:10000
2021-02-17T18:53:26.333330967Z  Starting the JMX server
2021-02-17T18:53:27.134990535Z  JMX is enabled to receive remote connections on port: 7199
2021-02-17T18:53:27.135380912Z  2021-02-17 18:53:27,135 INFO success: scylla entered RUNNING state, process has stayed up for > than 1 seconds (startsecs)
2021-02-17T18:53:27.136328553Z  2021-02-17 18:53:27,136 INFO success: scylla-housekeeping entered RUNNING state, process has stayed up for > than 1 seconds (startsecs)
2021-02-17T18:53:27.136813981Z  2021-02-17 18:53:27,136 INFO success: sshd entered RUNNING state, process has stayed up for > than 1 seconds (startsecs)
2021-02-17T18:53:27.137104115Z  2021-02-17 18:53:27,136 INFO success: scylla-jmx entered RUNNING state, process has stayed up for > than 1 seconds (startsecs)
2021-02-17T18:53:27.137357782Z  2021-02-17 18:53:27,137 INFO success: rsyslog entered RUNNING state, process has stayed up for > than 1 seconds (startsecs)
2021-02-17T18:53:27.137619819Z  2021-02-17 18:53:27,137 INFO success: node-exporter entered RUNNING state, process has stayed up for > than 1 seconds (startsecs)
2021-02-17T18:53:27.330196049Z  Generating public/private rsa key pair.
2021-02-17T18:53:27.330232878Z  Your identification has been saved in /etc/ssh/ssh_host_rsa_key.
2021-02-17T18:53:27.330244057Z  Your public key has been saved in /etc/ssh/ssh_host_rsa_key.pub.
2021-02-17T18:53:27.330253834Z  The key fingerprint is:
2021-02-17T18:53:27.330263015Z  SHA256:EAWI2Z4koSjcbcfYb956ZnyWi2i8d6MMyb+RJv4jr3g root@24ab821eb827
2021-02-17T18:53:27.330272401Z  The key's randomart image is:
2021-02-17T18:53:27.330281330Z  +---[RSA 4096]----+
2021-02-17T18:53:27.330290290Z  |  .= .oo.        |
2021-02-17T18:53:27.330299033Z  |o.= = +.         |
2021-02-17T18:53:27.330307892Z  |+. = =.+         |
2021-02-17T18:53:27.330316697Z  |.   + ...        |
2021-02-17T18:53:27.330325404Z  |        So       |
2021-02-17T18:53:27.330334223Z  |        + o .    |
2021-02-17T18:53:27.330355872Z  |        .*.=  .  |
2021-02-17T18:53:27.330365799Z  |        oEOBo*   |
2021-02-17T18:53:27.330374494Z  |       .o*@OB.o  |
2021-02-17T18:53:27.330383237Z  +----[SHA256]-----+
2021-02-17T18:53:27.344818422Z  Could not load host key: /etc/ssh/ssh_host_ecdsa_key
2021-02-17T18:53:31.117806140Z  Traceback (most recent call last):
2021-02-17T18:53:31.117830957Z    File "/opt/scylladb/scripts/libexec/scylla-housekeeping", line 208, in <module>
2021-02-17T18:53:31.117843320Z      args.func(args)
2021-02-17T18:53:31.117882516Z    File "/opt/scylladb/scripts/libexec/scylla-housekeeping", line 134, in check_version
2021-02-17T18:53:31.117894253Z      current_version = sanitize_version(get_api('/storage_service/scylla_release_version'))
2021-02-17T18:53:31.117903782Z    File "/opt/scylladb/scripts/libexec/scylla-housekeeping", line 93, in get_api
2021-02-17T18:53:31.117913227Z      return get_json_from_url("http://" + api_address + path)
2021-02-17T18:53:31.117922649Z    File "/opt/scylladb/scripts/libexec/scylla-housekeeping", line 88, in get_json_from_url
2021-02-17T18:53:31.117943112Z      raise RuntimeError(f'Failed to get "{path}" due to the following error: {retval}')
2021-02-17T18:53:31.117977716Z  RuntimeError: Failed to get "http://localhost:10000/storage_service/scylla_release_version" due to the following error: HTTP Error 404: Not Found
2021-02-17T18:53:32.269489421Z  INFO  2021-02-17 18:53:32,269 [shard 0] database - Populating Keyspace system
2021-02-17T18:53:32.269511512Z  INFO  2021-02-17 18:53:32,269 [shard 0] database - Keyspace system: Reading CF compaction_history id=b4dbb7b4-dc49-3fb5-b3bf-ce6e434832ca version=25cae56a-8d75-39f3-a146-3756ab4981c7
2021-02-17T18:53:32.269522947Z  INFO  2021-02-17 18:53:32,269 [shard 0] database - Keyspace system: Reading CF batchlog id=0290003c-977e-397c-ac3e-fdfdc01d626b version=e2a2e804-49e4-3597-9f16-39fd9475835c
2021-02-17T18:53:32.269533220Z  INFO  2021-02-17 18:53:32,269 [shard 0] database - Keyspace system: Reading CF size_estimates id=618f817b-005f-3678-b8a4-53f3930b8e86 version=6d4dbcff-f05b-3dc3-95ad-f79f7b10504d
2021-02-17T18:53:32.269963507Z  INFO  2021-02-17 18:53:32,269 [shard 0] database - Keyspace system: Reading CF range_xfers id=55d76438-4e55-3f8b-9f6e-676d4af3976d version=dd15a078-409b-350d-9bef-c5f3520832d8
2021-02-17T18:53:32.269982175Z  INFO  2021-02-17 18:53:32,269 [shard 0] database - Keyspace system: Reading CF peer_events id=59dfeaea-8db2-3341-91ef-109974d81484 version=7f874a05-72b8-3c21-9acb-baa164fc351a
2021-02-17T18:53:32.269992884Z  INFO  2021-02-17 18:53:32,269 [shard 0] database - Keyspace system: Reading CF peers id=37f71aca-7dc2-383b-a706-72528af04d4f version=f6f6871f-8c86-3eca-ac0b-2a2e848e395d
2021-02-17T18:53:32.270003021Z  INFO  2021-02-17 18:53:32,269 [shard 0] database - Keyspace system: Reading CF scylla_local id=2972ec7f-fb20-38dd-aac1-d876f2e3fcbd version=5f0b407d-eedf-3845-a48e-dbb9673d10e1
2021-02-17T18:53:32.270013201Z  INFO  2021-02-17 18:53:32,269 [shard 0] database - Keyspace system: Reading CF schema_aggregates id=a5fc57fc-9d6c-3bfd-a3fc-01ad54686fea version=d06c934f-9a69-374c-86f1-523ab26fb05c
2021-02-17T18:53:32.270035608Z  INFO  2021-02-17 18:53:32,269 [shard 0] database - Keyspace system: Reading CF paxos id=b7b7f0c2-fd0a-3410-8c05-3ef614bb7c2d version=6dd372de-72fb-3e1b-9b8c-f97738a67fe9
2021-02-17T18:53:32.270046964Z  INFO  2021-02-17 18:53:32,269 [shard 0] database - Keyspace system: Reading CF compactions_in_progress id=55080ab0-5d9c-3886-90a4-acb25fe1f77b version=540263f1-40db-3869-8a38-3baadedc222d
2021-02-17T18:53:32.270057324Z  INFO  2021-02-17 18:53:32,269 [shard 0] database - Keyspace system: Reading CF local id=7ad54392-bcdd-35a6-8417-4e047860b377 version=7fa82c2e-5b67-37dd-8e5e-2079e18f1536
2021-02-17T18:53:32.270067582Z  INFO  2021-02-17 18:53:32,269 [shard 0] database - Keyspace system: Reading CF schema_columnfamilies id=45f5b360-24bc-3f83-a363-1034ea4fa697 version=7f7a5fea-07b7-304d-a6f8-f7aec72cabdb
2021-02-17T18:53:32.270077950Z  INFO  2021-02-17 18:53:32,269 [shard 0] database - Keyspace system: Reading CF hints id=2666e205-73ef-38b3-90fe-fecf96e8f0c7 version=0b74fdd1-e96d-309e-a14e-a5bcd7ac885d
2021-02-17T18:53:32.270088205Z  INFO  2021-02-17 18:53:32,269 [shard 0] database - Keyspace system: Reading CF sstable_activity id=5a1ff267-ace0-3f12-8563-cfae6103c65e version=bdec57a3-b234-334b-be9c-7b1f33113995
2021-02-17T18:53:32.270100324Z  INFO  2021-02-17 18:53:32,269 [shard 0] database - Keyspace system: Reading CF IndexInfo id=9f5c6374-d485-3229-9a0a-5094af9ad1e3 version=bbb3743b-351f-3023-b4fc-09a9be37d529
2021-02-17T18:53:32.270110990Z  INFO  2021-02-17 18:53:32,269 [shard 0] database - Keyspace system: Reading CF large_partitions id=8a7fe624-96b0-34b1-b90e-f71bddcdd2d3 version=04fa9920-9369-3a96-be39-6dd9fdc816b6
2021-02-17T18:53:32.270121258Z  INFO  2021-02-17 18:53:32,269 [shard 0] database - Keyspace system: Reading CF scylla_table_schema_history id=0191a53e-40f0-31d4-9171-b0d19ffb17b4 version=2cc890b8-9ade-3afc-ab63-043c8017608e
2021-02-17T18:53:32.270146803Z  INFO  2021-02-17 18:53:32,269 [shard 0] database - Keyspace system: Reading CF large_cells id=ead8bbc5-f146-3ae1-9f71-0b11f9a1d296 version=0d4a6937-a781-3f87-a192-b4e4a4a40acf
2021-02-17T18:53:32.270158503Z  INFO  2021-02-17 18:53:32,269 [shard 0] database - Keyspace system: Reading CF views_builds_in_progress id=b7f2c108-78cd-3c80-9cd5-d609b2bd149c version=b905cce5-1474-3085-819a-7592453e2fb9
2021-02-17T18:53:32.270402568Z  INFO  2021-02-17 18:53:32,269 [shard 0] database - Keyspace system: Reading CF built_views id=4b3c50a9-ea87-3d76-9101-6dbc9c38494a version=a28aa0b3-6def-30a7-9fbe-ce78b3f3c9b9
2021-02-17T18:53:32.270421438Z  INFO  2021-02-17 18:53:32,269 [shard 0] database - Keyspace system: Reading CF scylla_views_builds_in_progress id=a04c7bfd-1e13-36c9-a44d-f22da352281d version=e3fb736c-6956-3990-a31d-9a482279e3fc
2021-02-17T18:53:32.270432180Z  INFO  2021-02-17 18:53:32,269 [shard 0] database - Keyspace system: Reading CF truncated id=38c19fd0-fb86-3310-a4b7-0d0cc66628aa version=6da9a85c-7ae0-3917-aead-54a2f65a57a8
2021-02-17T18:53:32.270442313Z  INFO  2021-02-17 18:53:32,269 [shard 0] database - Keyspace system: Reading CF cdc_local id=0bcaffd4-0c83-3ead-ad13-dc1d5015b77c version=0aa4d3a2-ed95-3ecd-aba0-cd75622ad290
2021-02-17T18:53:32.270452461Z  INFO  2021-02-17 18:53:32,269 [shard 0] database - Keyspace system: Reading CF clients id=ca0f635d-8630-3609-8d93-a1fc06f2a5e5 version=51273ebf-e6f9-3cd5-b455-ea09ad29796f
2021-02-17T18:53:32.270462572Z  INFO  2021-02-17 18:53:32,269 [shard 0] database - Keyspace system: Reading CF schema_keyspaces id=b0f22357-4458-3cdb-9631-c43e59ce3676 version=84d28cef-59f9-34a9-9be5-31c684997f03
2021-02-17T18:53:32.270482046Z  INFO  2021-02-17 18:53:32,270 [shard 0] database - Keyspace system: Reading CF schema_columns id=296e9c04-9bec-3085-827d-c17d3df2122a version=53cfbb66-ee0d-37be-97bb-b2afb3746f85
2021-02-17T18:53:32.270493419Z  INFO  2021-02-17 18:53:32,270 [shard 0] database - Keyspace system: Reading CF schema_triggers id=0359bc71-7123-3ee1-9a4a-b9dfb11fc125 version=75e4ec4c-76da-3f59-984e-66810ba0c62b
2021-02-17T18:53:32.270503929Z  INFO  2021-02-17 18:53:32,270 [shard 0] database - Keyspace system: Reading CF large_rows id=40550f66-0858-39a0-9430-f27fc08034e9 version=aee3acb0-7926-317b-848e-db7bc3721695
2021-02-17T18:53:32.270514224Z  INFO  2021-02-17 18:53:32,270 [shard 0] database - Keyspace system: Reading CF schema_usertypes id=3aa75225-4f82-350b-8d5c-430fa221fa0a version=3c53e6bb-56d5-3618-a0b2-4ff5f18127d7
2021-02-17T18:53:32.270524599Z  INFO  2021-02-17 18:53:32,270 [shard 0] database - Keyspace system: Reading CF schema_functions id=d1b675fe-2b50-3ca4-8e49-c0f81989dcad version=a50959dd-2be0-3e4e-8bb5-cf40796e256a
2021-02-17T18:53:43.471218192Z  INFO  2021-02-17 18:53:43,470 [shard 0] init - starting gossip
2021-02-17T18:53:43.471246146Z  WARN  2021-02-17 18:53:43,470 [shard 0] init - Using default cluster name is not recommended. Using a unique cluster name will reduce the chance of adding nodes to the wrong cluster by mistake
2021-02-17T18:53:43.471282401Z  INFO  2021-02-17 18:53:43,470 [shard 0] init - seeds={10.0.12.8}, listen_address=10.0.12.8, broadcast_address=10.0.12.8
2021-02-17T18:53:43.471755773Z  INFO  2021-02-17 18:53:43,470 [shard 0] init - starting storage proxy
2021-02-17T18:53:43.482428525Z  INFO  2021-02-17 18:53:43,482 [shard 0] init - creating hints manager
2021-02-17T18:53:43.482877747Z  INFO  2021-02-17 18:53:43,482 [shard 1] init - creating hints manager
2021-02-17T18:53:43.484026262Z  INFO  2021-02-17 18:53:43,482 [shard 2] init - creating hints manager
2021-02-17T18:53:43.484804670Z  INFO  2021-02-17 18:53:43,484 [shard 3] init - creating hints manager
2021-02-17T18:53:43.485568634Z  INFO  2021-02-17 18:53:43,485 [shard 0] init - starting migration manager
2021-02-17T18:53:43.486204199Z  INFO  2021-02-17 18:53:43,485 [shard 0] init - starting query processor
2021-02-17T18:53:43.488530840Z  INFO  2021-02-17 18:53:43,487 [shard 0] init - initializing batchlog manager
2021-02-17T18:53:43.491570459Z  INFO  2021-02-17 18:53:43,491 [shard 0] format_selector - Selected md sstables format
2021-02-17T18:53:43.493374368Z  INFO  2021-02-17 18:53:43,493 [shard 0] legacy_schema_migrator - Moving 0 keyspaces from legacy schema tables to the new schema keyspace (system_schema)
2021-02-17T18:53:43.494150251Z  INFO  2021-02-17 18:53:43,493 [shard 0] legacy_schema_migrator - Dropping legacy schema tables
2021-02-17T18:53:52.169395160Z  INFO  2021-02-17 18:53:52,168 [shard 0] legacy_schema_migrator - Completed migration of legacy schema tables
2021-02-17T18:53:52.169425367Z  INFO  2021-02-17 18:53:52,168 [shard 0] init - loading system sstables
2021-02-17T18:54:03.771691325Z  INFO  2021-02-17 18:54:03,771 [shard 0] init - loading non-system sstables
2021-02-17T18:54:11.394523353Z  INFO  2021-02-17 18:54:11,393 [shard 0] database - Populating Keyspace system_auth
2021-02-17T18:54:11.394552279Z  INFO  2021-02-17 18:54:11,393 [shard 0] database - Keyspace system_auth: Reading CF roles id=5bc52802-de25-35ed-aeab-188eecebb090 version=d8f599da-7544-3f57-aa58-b229deea93e0
2021-02-17T18:54:11.394601360Z  INFO  2021-02-17 18:54:11,393 [shard 0] database - Keyspace system_auth: Reading CF role_members id=0ecdaa87-f8fb-3e60-88d1-74fb36fe5c0d version=2923b5bb-f2f8-36e8-9e73-19019900010c
2021-02-17T18:54:11.394636755Z  INFO  2021-02-17 18:54:11,393 [shard 0] database - Populating Keyspace system_traces
2021-02-17T18:54:11.394648745Z  INFO  2021-02-17 18:54:11,393 [shard 0] database - Keyspace system_traces: Reading CF sessions_time_idx id=0ebf001c-c1d1-3693-9a63-c3d96ac53318 version=cd5d1e5f-1f42-3b9d-a8ba-3af39d59a7d5
2021-02-17T18:54:11.394658670Z  INFO  2021-02-17 18:54:11,393 [shard 0] database - Keyspace system_traces: Reading CF sessions id=c5e99f16-8677-3914-b17e-960613512345 version=e0fc4b06-6cba-3b7b-bfb6-b42a77c370a9
2021-02-17T18:54:11.394668531Z  INFO  2021-02-17 18:54:11,393 [shard 0] database - Keyspace system_traces: Reading CF node_slow_log_time_idx id=f9706768-aa1e-3d87-9e5c-51a3927c2870 version=eaffc0bb-7b2c-3b64-8924-d8ba685120bc
2021-02-17T18:54:11.394678489Z  INFO  2021-02-17 18:54:11,393 [shard 0] database - Keyspace system_traces: Reading CF node_slow_log id=bfcc4e62-5b63-3aa1-a1c3-6f5e47f3325c version=23e7a411-8414-340f-854d-20a3a637e438
2021-02-17T18:54:11.394688158Z  INFO  2021-02-17 18:54:11,393 [shard 0] database - Keyspace system_traces: Reading CF events id=8826e8e9-e16a-3728-8753-3bc1fc713c25 version=41a6b26e-a03b-3ae1-8a4a-b9446e7f9304
2021-02-17T18:54:11.394718706Z  INFO  2021-02-17 18:54:11,393 [shard 0] database - Populating Keyspace dt
2021-02-17T18:54:11.394731799Z  INFO  2021-02-17 18:54:11,393 [shard 0] database - Keyspace dt: Reading CF user id=5c294820-d77b-11ea-9877-000000000001 version=02cce273-02f1-3e6a-8674-f1016e3f22d7
2021-02-17T18:54:11.394741801Z  INFO  2021-02-17 18:54:11,393 [shard 0] database - Keyspace dt: Reading CF twin id=5e00c740-d77b-11ea-9877-000000000001 version=6240633e-c8cc-3fea-a1e3-452eff1b9659
2021-02-17T18:54:11.394751442Z  INFO  2021-02-17 18:54:11,393 [shard 0] database - Keyspace dt: Reading CF source_element_idx_index id=68593f10-d77b-11ea-9877-000000000001 version=33e3f927-f730-3081-88e1-6bed2962e42a
2021-02-17T18:54:11.394762593Z  INFO  2021-02-17 18:54:11,393 [shard 0] database - Keyspace dt: Reading CF element_twin_idx_index id=630ae8b0-d77b-11ea-9877-000000000001 version=bc3026fd-bc4e-318d-b6f4-ca0b566cb74b
2021-02-17T18:54:11.394772799Z  INFO  2021-02-17 18:54:11,393 [shard 0] database - Keyspace dt: Reading CF source_data id=6af6cd50-d77b-11ea-9877-000000000001 version=b52400e3-b307-3141-b3fc-e5d63573f135
2021-02-17T18:54:11.394782352Z  INFO  2021-02-17 18:54:11,393 [shard 0] database - Keyspace dt: Reading CF source id=65ff2270-d77b-11ea-9877-000000000001 version=5f8471b7-7d19-31d4-9be5-0f153affb0bb
2021-02-17T18:54:11.394841182Z  INFO  2021-02-17 18:54:11,393 [shard 0] database - Keyspace dt: Reading CF element id=607549b0-d77b-11ea-9877-000000000001 version=f44a6c4b-69d8-37f2-b116-7260740acc6c
2021-02-17T18:54:11.394851418Z  INFO  2021-02-17 18:54:11,393 [shard 0] database - Populating Keyspace system_distributed
2021-02-17T18:54:11.394872934Z  INFO  2021-02-17 18:54:11,393 [shard 0] database - Keyspace system_distributed: Reading CF view_build_status id=5582b59f-8e4e-35e1-b913-3acada51eb04 version=e0b6e628-60e0-39a2-ada0-9b6c13bdd9bc
2021-02-17T18:54:11.394884094Z  INFO  2021-02-17 18:54:11,393 [shard 0] database - Keyspace system_distributed: Reading CF cdc_streams_descriptions id=249f0ac2-8856-36d4-9802-f55223eb01c2 version=f727f60d-bfaa-32de-a0d6-898e1cbaf2c9
2021-02-17T18:54:11.394920347Z  INFO  2021-02-17 18:54:11,393 [shard 0] database - Keyspace system_distributed: Reading CF cdc_streams id=07405732-4620-34d6-a85e-947248dad9a4 version=b606cfa4-a37b-32bd-a624-e05cab2bed3c
2021-02-17T18:54:11.394931566Z  INFO  2021-02-17 18:54:11,394 [shard 0] database - Keyspace system_distributed: Reading CF cdc_generations id=6a4df139-00b6-3d21-9efc-dade266dc3b7 version=2511b46b-df1d-39fa-9a77-f5cacf88af47
2021-02-17T18:54:11.394941561Z  INFO  2021-02-17 18:54:11,394 [shard 0] database - Keyspace system_distributed: Reading CF cdc_generation_descriptions id=ae653406-7b3e-34aa-af70-d5b90f837c67 version=95e9e159-839f-39b3-990f-8e8a04817ff8
2021-02-17T18:54:19.206678092Z  INFO  2021-02-17 18:54:19,206 [shard 0] init - starting view update generator
2021-02-17T18:54:19.207510593Z  INFO  2021-02-17 18:54:19,207 [shard 0] init - discovering staging sstables
2021-02-17T18:54:19.208284687Z  INFO  2021-02-17 18:54:19,208 [shard 0] init - setting up system keyspace
2021-02-17T18:54:19.233734191Z  INFO  2021-02-17 18:54:19,233 [shard 0] init - starting commit log
2021-02-17T18:54:19.235063423Z  INFO  2021-02-17 18:54:19,234 [shard 0] compaction - [Compact system.truncated 8a597420-7151-11eb-9248-000000000000] Compacting [/var/lib/scylla/data/system/truncated-38c19fd0fb863310a4b70d0cc66628aa/md-3484-big-Data.db:level=0, /var/lib/scylla/data/system/truncated-38c19fd0fb863310a4b70d0cc66628aa/md-3480-big-Data.db:level=0, ]
2021-02-17T18:54:19.235859473Z  INFO  2021-02-17 18:54:19,235 [shard 0] compaction - [Compact system.compaction_history 8a599b30-7151-11eb-9248-000000000000] Compacting [/var/lib/scylla/data/system/compaction_history-b4dbb7b4dc493fb5b3bfce6e434832ca/md-524-big-Data.db:level=0, /var/lib/scylla/data/system/compaction_history-b4dbb7b4dc493fb5b3bfce6e434832ca/md-520-big-Data.db:level=0, ]
2021-02-17T18:54:19.236577027Z  INFO  2021-02-17 18:54:19,235 [shard 2] compaction - [Compact system.truncated 8a599b30-7151-11eb-b35d-000000000001] Compacting [/var/lib/scylla/data/system/truncated-38c19fd0fb863310a4b70d0cc66628aa/md-3486-big-Data.db:level=0, /var/lib/scylla/data/system/truncated-38c19fd0fb863310a4b70d0cc66628aa/md-3474-big-Data.db:level=0, ]
2021-02-17T18:54:19.236599309Z  INFO  2021-02-17 18:54:19,235 [shard 1] compaction - [Compact system.peers 8a599b30-7151-11eb-8198-000000000002] Compacting [/var/lib/scylla/data/system/peers-37f71aca7dc2383ba70672528af04d4f/md-461-big-Data.db:level=0, /var/lib/scylla/data/system/peers-37f71aca7dc2383ba70672528af04d4f/md-465-big-Data.db:level=0, ]
2021-02-17T18:54:19.237035906Z  INFO  2021-02-17 18:54:19,235 [shard 3] compaction - [Compact dt.source_data 8a599b30-7151-11eb-a055-000000000003] Compacting [/var/lib/scylla/data/dt/source_data-6af6cd50d77b11ea9877000000000001/md-1203-big-Data.db:level=0, /var/lib/scylla/data/dt/source_data-6af6cd50d77b11ea9877000000000001/md-1207-big-Data.db:level=0, ]
2021-02-17T18:54:19.237072253Z  INFO  2021-02-17 18:54:19,236 [shard 1] compaction - [Compact system.compaction_history 8a59c240-7151-11eb-8198-000000000002] Compacting [/var/lib/scylla/data/system/compaction_history-b4dbb7b4dc493fb5b3bfce6e434832ca/md-525-big-Data.db:level=0, /var/lib/scylla/data/system/compaction_history-b4dbb7b4dc493fb5b3bfce6e434832ca/md-521-big-Data.db:level=0, ]
2021-02-17T18:54:19.237102462Z  INFO  2021-02-17 18:54:19,236 [shard 3] compaction - [Compact system.truncated 8a59c240-7151-11eb-a055-000000000003] Compacting [/var/lib/scylla/data/system/truncated-38c19fd0fb863310a4b70d0cc66628aa/md-3487-big-Data.db:level=0, /var/lib/scylla/data/system/truncated-38c19fd0fb863310a4b70d0cc66628aa/md-3475-big-Data.db:level=0, ]
2021-02-17T18:54:19.237114900Z  INFO  2021-02-17 18:54:19,236 [shard 2] compaction - [Compact system.compaction_history 8a59c240-7151-11eb-b35d-000000000001] Compacting [/var/lib/scylla/data/system/compaction_history-b4dbb7b4dc493fb5b3bfce6e434832ca/md-526-big-Data.db:level=0, /var/lib/scylla/data/system/compaction_history-b4dbb7b4dc493fb5b3bfce6e434832ca/md-522-big-Data.db:level=0, ]
2021-02-17T18:54:19.237126339Z  INFO  2021-02-17 18:54:19,236 [shard 1] compaction - [Compact system.clients 8a59c241-7151-11eb-8198-000000000002] Compacting [/var/lib/scylla/data/system/clients-ca0f635d863036098d93a1fc06f2a5e5/md-149-big-Data.db:level=0, /var/lib/scylla/data/system/clients-ca0f635d863036098d93a1fc06f2a5e5/md-153-big-Data.db:level=0, ]
2021-02-17T18:54:19.237137528Z  INFO  2021-02-17 18:54:19,236 [shard 3] compaction - [Compact system.compaction_history 8a59c241-7151-11eb-a055-000000000003] Compacting [/var/lib/scylla/data/system/compaction_history-b4dbb7b4dc493fb5b3bfce6e434832ca/md-527-big-Data.db:level=0, /var/lib/scylla/data/system/compaction_history-b4dbb7b4dc493fb5b3bfce6e434832ca/md-523-big-Data.db:level=0, ]
2021-02-17T18:54:19.241967420Z  INFO  2021-02-17 18:54:19,241 [shard 0] init - initializing migration manager RPC verbs
2021-02-17T18:54:19.242996523Z  INFO  2021-02-17 18:54:19,242 [shard 0] init - initializing storage proxy RPC verbs
2021-02-17T18:54:19.243817245Z  INFO  2021-02-17 18:54:19,243 [shard 0] init - starting streaming service
2021-02-17T18:54:19.244940825Z  INFO  2021-02-17 18:54:19,244 [shard 0] init - starting hinted handoff manager
2021-02-17T18:54:21.660060490Z  INFO  2021-02-17 18:54:21,652 [shard 1] compaction - [Compact system.peers 8a599b30-7151-11eb-8198-000000000002] Compacted 2 sstables to []. 10kB to 0 bytes (~0% of original) in 0ms = 0 bytes/s. ~256 total partitions merged to 0.
2021-02-17T18:54:21.661439427Z  INFO  2021-02-17 18:54:21,660 [shard 1] compaction - [Compact system.clients 8a59c241-7151-11eb-8198-000000000002] Compacted 2 sstables to []. 38kB to 0 bytes (~0% of original) in 7ms = 0 bytes/s. ~256 total partitions merged to 0.
2021-02-17T18:54:21.661849377Z  INFO  2021-02-17 18:54:21,660 [shard 0] init - starting messaging service
2021-02-17T18:54:21.662563250Z  INFO  2021-02-17 18:54:21,662 [shard 0] repair - Setting max_repair_memory=168820736, max_repair_memory_per_range=33554432, max_repair_ranges_in_parallel=5
2021-02-17T18:54:21.663167870Z  INFO  2021-02-17 18:54:21,662 [shard 0] init - starting storage service
2021-02-17T18:54:21.664958608Z  INFO  2021-02-17 18:54:21,664 [shard 0] storage_service - Loading persisted ring state
2021-02-17T18:54:21.668034918Z  INFO  2021-02-17 18:54:21,667 [shard 0] storage_service - initial_contact_nodes={10.0.12.8}, loaded_endpoints={}, loaded_peer_features=0
2021-02-17T18:54:21.668370420Z  INFO  2021-02-17 18:54:21,668 [shard 0] storage_service - Checking remote features with gossip, initial_contact_nodes={10.0.12.8}
2021-02-17T18:54:21.668738684Z  INFO  2021-02-17 18:54:21,668 [shard 0] messaging_service - Starting Messaging Service on port 7000
2021-02-17T18:54:21.669437830Z  INFO  2021-02-17 18:54:21,669 [shard 0] gossip - Gossip shadow round started with nodes={}
2021-02-17T18:54:21.669728312Z  WARN  2021-02-17 18:54:21,669 [shard 0] gossip - All nodes={} are down for get_endpoint_states verb. Skip ShadowRound.
2021-02-17T18:54:21.670028972Z  INFO  2021-02-17 18:54:21,669 [shard 0] gossip - Gossip shadow round finisehd with nodes_talked={}
2021-02-17T18:54:21.670363175Z  INFO  2021-02-17 18:54:21,670 [shard 0] gossip - Feature check passed. Local node 10.0.12.8 features = {CDC, COMPUTED_COLUMNS, CORRECT_COUNTER_ORDER, CORRECT_NON_COMPOUND_RANGE_TOMBSTONES, CORRECT_STATIC_COMPACT_IN_MC, COUNTERS, DIGEST_FOR_NULL_VALUES, DIGEST_INSENSITIVE_TO_EXPIRY, DIGEST_MULTIPARTITION_READ, HINTED_HANDOFF_SEPARATE_CONNECTION, INDEXES, LARGE_PARTITIONS, LA_SSTABLE_FORMAT, LWT, MATERIALIZED_VIEWS, MC_SSTABLE_FORMAT, MD_SSTABLE_FORMAT, NONFROZEN_UDTS, PER_TABLE_CACHING, PER_TABLE_PARTITIONERS, RANGE_TOMBSTONES, ROLES, ROW_LEVEL_REPAIR, SCHEMA_TABLES_V3, STREAM_WITH_RPC_STREAM, TRUNCATION_TABLE, UNBOUNDED_RANGE_TOMBSTONES, VIEW_VIRTUAL_COLUMNS, WRITE_FAILURE_REPLY, XXHASH}, Remote common_features = {}
2021-02-17T18:54:21.671886975Z  INFO  2021-02-17 18:54:21,671 [shard 0] storage_service - Restarting a node in NORMAL status
2021-02-17T18:54:21.703866155Z  INFO  2021-02-17 18:54:21,703 [shard 0] schema_tables - Schema version changed to d9780978-f87c-366c-a0f5-6b1d524f8488
2021-02-17T18:54:21.704338872Z  INFO  2021-02-17 18:54:21,704 [shard 0] storage_service - Starting up server gossip
2021-02-17T18:54:22.916750126Z  INFO  2021-02-17 18:54:22,916 [shard 2] compaction - [Compact system.truncated 8a599b30-7151-11eb-b35d-000000000001] Compacted 2 sstables to [/var/lib/scylla/data/system/truncated-38c19fd0fb863310a4b70d0cc66628aa/md-3490-big-Data.db:level=0, ]. 112kB to 56kB (~50% of original) in 2424ms = 23kB/s. ~256 total partitions merged to 4.
2021-02-17T18:54:22.918974400Z  INFO  2021-02-17 18:54:22,918 [shard 2] compaction - [Compact system.compaction_history 8a59c240-7151-11eb-b35d-000000000001] Compacted 2 sstables to [/var/lib/scylla/data/system/compaction_history-b4dbb7b4dc493fb5b3bfce6e434832ca/md-530-big-Data.db:level=0, ]. 178kB to 98kB (~55% of original) in 2426ms = 40kB/s. ~256 total partitions merged to 62.
2021-02-17T18:54:23.120816366Z  INFO  2021-02-17 18:54:23,119 [shard 0] compaction - [Compact system.truncated 8a597420-7151-11eb-9248-000000000000] Compacted 2 sstables to [/var/lib/scylla/data/system/truncated-38c19fd0fb863310a4b70d0cc66628aa/md-3488-big-Data.db:level=0, ]. 81kB to 76kB (~93% of original) in 2812ms = 27kB/s. ~256 total partitions merged to 2.
2021-02-17T18:54:23.120992024Z  INFO  2021-02-17 18:54:23,120 [shard 0] compaction - [Compact system.compaction_history 8a599b30-7151-11eb-9248-000000000000] Compacted 2 sstables to [/var/lib/scylla/data/system/compaction_history-b4dbb7b4dc493fb5b3bfce6e434832ca/md-528-big-Data.db:level=0, ]. 188kB to 100kB (~53% of original) in 2811ms = 35kB/s. ~256 total partitions merged to 70.
2021-02-17T18:54:23.963042821Z  INFO  2021-02-17 18:54:23,962 [shard 1] compaction - [Compact system.local 8d2ae3a0-7151-11eb-8198-000000000002] Compacting [/var/lib/scylla/data/system/local-7ad54392bcdd35a684174e047860b377/md-6413-big-Data.db:level=0, /var/lib/scylla/data/system/local-7ad54392bcdd35a684174e047860b377/md-6409-big-Data.db:level=0, ]
2021-02-17T18:54:23.963090064Z  INFO  2021-02-17 18:54:23,962 [shard 1] compaction - [Compact system.compaction_history 8a59c240-7151-11eb-8198-000000000002] Compacted 2 sstables to [/var/lib/scylla/data/system/compaction_history-b4dbb7b4dc493fb5b3bfce6e434832ca/md-529-big-Data.db:level=0, ]. 185kB to 103kB (~55% of original) in 3916ms = 26kB/s. ~256 total partitions merged to 87.
2021-02-17T18:54:24.064344574Z  INFO  2021-02-17 18:54:24,063 [shard 3] compaction - [Compact system.compaction_history 8a59c241-7151-11eb-a055-000000000003] Compacted 2 sstables to [/var/lib/scylla/data/system/compaction_history-b4dbb7b4dc493fb5b3bfce6e434832ca/md-531-big-Data.db:level=0, ]. 172kB to 98kB (~57% of original) in 3329ms = 29kB/s. ~256 total partitions merged to 58.
2021-02-17T18:54:24.064911028Z  INFO  2021-02-17 18:54:24,064 [shard 3] compaction - [Compact dt.source_data 8a599b30-7151-11eb-a055-000000000003] Compacted 2 sstables to [/var/lib/scylla/data/dt/source_data-6af6cd50d77b11ea9877000000000001/md-1211-big-Data.db:level=0, ]. 2MB to 2MB (~99% of original) in 3330ms = 871kB/s. ~256 total partitions merged to 1.
2021-02-17T18:54:24.065352297Z  INFO  2021-02-17 18:54:24,065 [shard 3] compaction - [Compact system.truncated 8a59c240-7151-11eb-a055-000000000003] Compacted 2 sstables to [/var/lib/scylla/data/system/truncated-38c19fd0fb863310a4b70d0cc66628aa/md-3491-big-Data.db:level=0, ]. 126kB to 63kB (~50% of original) in 3330ms = 18kB/s. ~256 total partitions merged to 2.
2021-02-17T18:54:25.792007882Z  INFO  2021-02-17 18:54:25,791 [shard 1] compaction - [Compact system.local 8d2ae3a0-7151-11eb-8198-000000000002] Compacted 2 sstables to [/var/lib/scylla/data/system/local-7ad54392bcdd35a684174e047860b377/md-6417-big-Data.db:level=0, ]. 18kB to 12kB (~64% of original) in 1258ms = 9kB/s. ~256 total partitions merged to 1.
2021-02-17T18:54:35.966443957Z  INFO  2021-02-17 18:54:35,965 [shard 0] gossip - No gossip backlog; proceeding
2021-02-17T18:54:35.967795492Z  INFO  2021-02-17 18:54:35,967 [shard 0] features - Feature CDC is enabled
2021-02-17T18:54:35.967853502Z  INFO  2021-02-17 18:54:35,967 [shard 0] features - Feature COMPUTED_COLUMNS is enabled
2021-02-17T18:54:35.967865970Z  INFO  2021-02-17 18:54:35,967 [shard 0] features - Feature CORRECT_STATIC_COMPACT_IN_MC is enabled
2021-02-17T18:54:35.967875870Z  INFO  2021-02-17 18:54:35,967 [shard 0] features - Feature DIGEST_FOR_NULL_VALUES is enabled
2021-02-17T18:54:35.967885192Z  INFO  2021-02-17 18:54:35,967 [shard 0] features - Feature DIGEST_INSENSITIVE_TO_EXPIRY is enabled
2021-02-17T18:54:35.968355606Z  INFO  2021-02-17 18:54:35,967 [shard 0] features - Feature HINTED_HANDOFF_SEPARATE_CONNECTION is enabled
2021-02-17T18:54:35.968379462Z  INFO  2021-02-17 18:54:35,967 [shard 0] features - Feature LWT is enabled
2021-02-17T18:54:35.968389873Z  INFO  2021-02-17 18:54:35,967 [shard 0] features - Feature MC_SSTABLE_FORMAT is enabled
2021-02-17T18:54:35.968399230Z  INFO  2021-02-17 18:54:35,967 [shard 0] features - Feature MD_SSTABLE_FORMAT is enabled
2021-02-17T18:54:35.968408465Z  INFO  2021-02-17 18:54:35,967 [shard 0] features - Feature NONFROZEN_UDTS is enabled
2021-02-17T18:54:35.968417569Z  INFO  2021-02-17 18:54:35,967 [shard 0] features - Feature PER_TABLE_CACHING is enabled
2021-02-17T18:54:35.968426761Z  INFO  2021-02-17 18:54:35,967 [shard 0] features - Feature PER_TABLE_PARTITIONERS is enabled
2021-02-17T18:54:35.968447049Z  INFO  2021-02-17 18:54:35,967 [shard 0] features - Feature ROW_LEVEL_REPAIR is enabled
2021-02-17T18:54:35.968458074Z  INFO  2021-02-17 18:54:35,967 [shard 0] features - Feature TRUNCATION_TABLE is enabled
2021-02-17T18:54:35.968467509Z  INFO  2021-02-17 18:54:35,967 [shard 0] features - Feature UNBOUNDED_RANGE_TOMBSTONES is enabled
2021-02-17T18:54:35.968476911Z  INFO  2021-02-17 18:54:35,967 [shard 0] features - Feature VIEW_VIRTUAL_COLUMNS is enabled
2021-02-17T18:54:35.969585296Z  INFO  2021-02-17 18:54:35,969 [shard 0] init - starting system distributed keyspace
2021-02-17T18:54:35.972224272Z  INFO  2021-02-17 18:54:35,971 [shard 0] storage_service - Using saved tokens {9122882257136270100, 9066588519930559993, 9061580907506437136, 8775859223532977932, 943448605036726745, 8325613099551670589, 800062458669145892, 7880345233810794046, 784130423392421222, 782580883702972777, 778239093056833917, 7732629563319678675, 7564694057214588647, 747840302865059114, 7469085752185829039, 7255484784972643852, 7222389702734437292, 7172238068082229918, 7103497347382660592, 6818717460470417221, 6496091893897576732, 6420907855788431922, 6381418245203458391, 6358173612251239308, 6115776390551923703, 5935809959838255935, 588034934972968299, 5848278814186320030, 5834675951458569055, 5704999654143823990, 5661405961885371428, 5569071124009844993, 7804258889026263620, 5441044328235651423, 5396954320704971060, 5311755414232655734, 5256736089695841171, 525652295242460822, 6302443190184390149, 5150907166433009570, 5102381975608989830, 4540975434217357056, 4497639963855891379, 4461207940793579131, 4453520694484038438, 4445989245037378795, 4262233236239091105, 408961909545308462, 873311388414975666, 5104799485589097680, 4037379789709069307, 3979649323160207298, 3941245744356891698, 3909145942678699742, 6478032244021912394, 3907413558358164712, 3840184102447470012, 5103660925946342563, 3822141065635310082, 667581605220131528, 3606629961194077343, 352278596429886466, 3361838207769500988, 3145063885579200582, 3100842289958262644, 2870638580126821409, 2609254198811139442, 2531294222158762011, 2431756818088451524, 5341717901052361821, 2050968450175517454, 1911454556365012923, 8413544620893079714, 214428871588027420, 1470306277250886071, 5796254206948921528, 4378909036113166689, 1172299952227812636, 105268539462240253, -1614584707908969492, 3058186759042775792, -2685359252619347507, -7341700934491837716, -4368295386640868227, -4280461110562472301, -4203952547861361192, -4177024142024341044, 4083460330442256183, -4113405879925637368, 8707696313600310498, -3880555618453256762, -4106310081010891923, -3428624778218969630, -4007868363884276055, 3373616921334842984, -3942245253345029362, 285540986842976874, -3729138346528579520, 855031166620283245, -3256341547923989103, 284028081363756156, 194223785007163967, -2800260328053956713, -2700796200994103492, -4623422606623793434, -6767019288334108993, -2365586676906010085, -431455211546220291, -3014142033706378490, 5153854518462400651, -7767361191227918078, 5890706123786165213, -8855822008500182327, -2732234699235264563, -4475005699924690030, -1171738939209168407, -1084614158625469139, -1295419475388780424, -4193553788022177878, -1474028219808469861, -1593748153114868683, -7190282066974323895, 8777890816944145805, -105211415949921556, 8280511155447462154, 3014475854062098037, -6104126434670973331, 7743526815996532326, -2879534723161185431, 6933997554702494562, -7913213531410876291, -2605645373691895986, -1004253484774030395, -2187125227394891465, 3287699046743316011, -184157634332906914, 1251119865371637993, -2699231837109027988, -6586482614645135705, 700944770677405149, -2135119982021577211, -1207620414022812792, -2319706609635128471, -2076430708060394350, 6788034976878782500, 3022913469242457337, 2879924223908633556, -5656441245782528349, -9132047842757487932, 7772390126184307669, -8529251962487546573, -1032698423218536378, -2648919406212884980, 3556932048290112968, -2391018463907211455, -467985751191813914, 7354219953741161264, -6338043935148530859, -471701403720839764, -4415280594152455372, -6127879535600466936, -4735496583611878200, 156312151312654313, -1761718599052329021, -4770694758141334815, -4895652206680369668, -2166731983266837511, -5095673126210616552, 6974970471767945112, 3924960423780627192, -4134923634748466107, -1363472444035739717, -511676141100664160, 2542018259596577135, -7111183380354176443, -8372022353883945178, 790424663468033093, -3280527161887251879, -3164480873853500968, -5136236598692180863, -5140544052953576706, 6448269612184381105, -4601858807243735115, -5285270377043925775, 4738411181964629022, -4231054370802445643, -6853270293933441203, 1912522665107890116, -8612347190400988175, -5228242602708342126, -5246840897237646542, 8957018461898327244, 8476533345381470087, 3533570692245755170, -5360532551957069796, 7009081579420542256, -1970747149103226319, -2640475812391264528, -5411685484465544274, -5508289632699420366, 5906838239532612246, -5526097868254533829, 5122450296475986719, 2104079815049743807, -4872163430844150374, -3101294897153501639, -4925670906471950289, -8001902308657073600, 1033733984444816800, -5595342098352848506, 4660022660859336370, -1709100826419756065, -8485257529464526975, -7405825010257289618, -572473923349256348, 533209426647054698, -6810383749951706976, -6017078328443447975, 2233495137371904435, 1688077838521597411, -6093280019772326743, 8813999419995718088, -6238625478980828395, -3409621329811667263, -6249520955674807415, -7148146405116016542, -6263078841153087564, 8675978575875245837, 1574734081023094222, -8953406550820932827, -1208769590907790735, -6303682351633097607, 1535311813904826318, -8024675672634848221, -8495384334141326469, -9173155356561330710, -6648258355715071793, -6779834804380741154, 5017042126534426855, -6985294397658573838, -6199824488038647909, -6441145814158460549, -7232953798633244985, -8352632933072691056, -4829128129506020031, -9210810031089136649, -7512330892235471280, -1522914538603683793, -769344519844763244, -4541237399207364623, -8694753427154041557, 8382283044476755854, -889434854029329118, 5401470720317959250, -8549013321787275289, 1018091569669202328}
2021-02-17T18:54:35.989072754Z  INFO  2021-02-17 18:54:35,988 [shard 0] schema_tables - Schema version changed to d9780978-f87c-366c-a0f5-6b1d524f8488
2021-02-17T18:54:36.013058383Z  INFO  2021-02-17 18:54:36,012 [shard 0] schema_tables - Schema version changed to b18bbcde-6606-3379-a1a5-68b0b0524d81
2021-02-17T18:54:36.033183622Z  INFO  2021-02-17 18:54:36,032 [shard 0] schema_tables - Schema version changed to b18bbcde-6606-3379-a1a5-68b0b0524d81
2021-02-17T18:54:36.049335805Z  INFO  2021-02-17 18:54:36,049 [shard 0] schema_tables - Schema version changed to b18bbcde-6606-3379-a1a5-68b0b0524d81
2021-02-17T18:54:37.538846072Z  INFO  2021-02-17 18:54:37,538 [shard 0] compaction - [Compact system.cdc_local 95426c20-7151-11eb-9248-000000000000] Compacting [/var/lib/scylla/data/system/cdc_local-0bcaffd40c833eadad13dc1d5015b77c/md-636-big-Data.db:level=0, /var/lib/scylla/data/system/cdc_local-0bcaffd40c833eadad13dc1d5015b77c/md-632-big-Data.db:level=0, ]
2021-02-17T18:54:38.887988927Z  INFO  2021-02-17 18:54:38,887 [shard 1] compaction - [Compact system.local 96101c60-7151-11eb-8198-000000000002] Compacting [/var/lib/scylla/data/system/local-7ad54392bcdd35a684174e047860b377/md-6421-big-Data.db:level=0, /var/lib/scylla/data/system/local-7ad54392bcdd35a684174e047860b377/md-6417-big-Data.db:level=0, ]
2021-02-17T18:54:38.892385354Z  INFO  2021-02-17 18:54:38,891 [shard 0] storage_service - Node 10.0.12.8 state jump to normal
2021-02-17T18:54:39.443544417Z  INFO  2021-02-17 18:54:39,442 [shard 0] compaction - [Compact system.cdc_local 95426c20-7151-11eb-9248-000000000000] Compacted 2 sstables to [/var/lib/scylla/data/system/cdc_local-0bcaffd40c833eadad13dc1d5015b77c/md-640-big-Data.db:level=0, ]. 10kB to 5kB (~51% of original) in 1347ms = 3kB/s. ~256 total partitions merged to 1.
2021-02-17T18:54:40.268700225Z  INFO  2021-02-17 18:54:40,268 [shard 0] storage_service - NORMAL: node is now in normal status
2021-02-17T18:54:40.268729530Z  INFO  2021-02-17 18:54:40,268 [shard 0] cdc - Latest generation seen during startup: 2021/01/13 14:33:24
2021-02-17T18:54:40.269184158Z  INFO  2021-02-17 18:54:40,268 [shard 0] init - starting tracing
2021-02-17T18:54:40.269985901Z  INFO  2021-02-17 18:54:40,269 [shard 0] init - SSTable data integrity checker is disabled.
2021-02-17T18:54:40.270033624Z  INFO  2021-02-17 18:54:40,269 [shard 0] init - starting auth service
2021-02-17T18:54:40.273015530Z  INFO  2021-02-17 18:54:40,272 [shard 0] init - starting batchlog manager
2021-02-17T18:54:40.273519024Z  INFO  2021-02-17 18:54:40,273 [shard 0] init - starting load meter
2021-02-17T18:54:40.273537661Z  INFO  2021-02-17 18:54:40,273 [shard 0] init - starting cf cache hit rate calculator
2021-02-17T18:54:40.273772464Z  INFO  2021-02-17 18:54:40,273 [shard 0] init - starting view update backlog broker
2021-02-17T18:54:40.275082932Z  INFO  2021-02-17 18:54:40,274 [shard 0] init - Waiting for gossip to settle before accepting client requests...
2021-02-17T18:54:40.789810419Z  INFO  2021-02-17 18:54:40,788 [shard 1] compaction - [Compact system.local 96101c60-7151-11eb-8198-000000000002] Compacted 2 sstables to [/var/lib/scylla/data/system/local-7ad54392bcdd35a684174e047860b377/md-6425-big-Data.db:level=0, ]. 18kB to 12kB (~66% of original) in 1379ms = 8kB/s. ~256 total partitions merged to 1.
2021-02-17T18:54:52.275973710Z  INFO  2021-02-17 18:54:52,275 [shard 0] gossip - No gossip backlog; proceeding
2021-02-17T18:54:52.276172930Z  INFO  2021-02-17 18:54:52,275 [shard 0] init - allow replaying hints
2021-02-17T18:54:52.276551985Z  INFO  2021-02-17 18:54:52,276 [shard 0] init - Launching generate_mv_updates for non system tables
2021-02-17T18:54:52.276817030Z  INFO  2021-02-17 18:54:52,276 [shard 0] init - starting the view builder
2021-02-17T18:54:52.654533498Z  INFO  2021-02-17 18:54:52,653 [shard 0] compaction - [Compact system.truncated 9e44c9d0-7151-11eb-9248-000000000000] Compacting [/var/lib/scylla/data/system/truncated-38c19fd0fb863310a4b70d0cc66628aa/md-3492-big-Data.db:level=0, /var/lib/scylla/data/system/truncated-38c19fd0fb863310a4b70d0cc66628aa/md-3488-big-Data.db:level=0, ]
2021-02-17T18:54:52.655047250Z  INFO  2021-02-17 18:54:52,654 [shard 0] init - starting native transport
2021-02-17T18:54:52.657077321Z  INFO  2021-02-17 18:54:52,656 [shard 0] cql_server_controller - Starting listening for CQL clients on 10.0.12.8:9042 (unencrypted, non-shard-aware)
2021-02-17T18:54:52.657153226Z  INFO  2021-02-17 18:54:52,656 [shard 0] cql_server_controller - Starting listening for CQL clients on 10.0.12.8:19042 (unencrypted, shard-aware)
2021-02-17T18:54:52.658823907Z  INFO  2021-02-17 18:54:52,658 [shard 0] thrift_controller - Thrift server listening on 10.0.12.8:9160 ...
2021-02-17T18:54:52.659902511Z  INFO  2021-02-17 18:54:52,659 [shard 0] init - serving
2021-02-17T18:54:52.659945383Z  INFO  2021-02-17 18:54:52,659 [shard 0] init - Scylla version 4.3.0-0.20210110.000585522 initialization completed.
2021-02-17T18:54:53.132862499Z  INFO  2021-02-17 18:54:53,132 [shard 0] compaction - [Compact system.truncated 9e44c9d0-7151-11eb-9248-000000000000] Compacted 2 sstables to [/var/lib/scylla/data/system/truncated-38c19fd0fb863310a4b70d0cc66628aa/md-3496-big-Data.db:level=0, ]. 81kB to 76kB (~93% of original) in 371ms = 206kB/s. ~256 total partitions merged to 2.
2021-02-17T18:56:58.875764866Z  INFO  2021-02-17 18:56:58,874 [shard 3] compaction - [Compact system.clients e98095a0-7151-11eb-a055-000000000003] Compacting [/var/lib/scylla/data/system/clients-ca0f635d863036098d93a1fc06f2a5e5/md-159-big-Data.db:level=0, /var/lib/scylla/data/system/clients-ca0f635d863036098d93a1fc06f2a5e5/md-163-big-Data.db:level=0, ]
2021-02-17T18:56:59.340803694Z  INFO  2021-02-17 18:56:59,340 [shard 3] compaction - [Compact system.clients e98095a0-7151-11eb-a055-000000000003] Compacted 2 sstables to [/var/lib/scylla/data/system/clients-ca0f635d863036098d93a1fc06f2a5e5/md-167-big-Data.db:level=0, ]. 48kB to 6kB (~13% of original) in 364ms = 17kB/s. ~256 total partitions merged to 1.
2021-02-17T18:57:06.633328475Z  INFO  2021-02-17 18:57:06,632 [shard 3] compaction - [Compact system.clients ee205c80-7151-11eb-a055-000000000003] Compacting [/var/lib/scylla/data/system/clients-ca0f635d863036098d93a1fc06f2a5e5/md-167-big-Data.db:level=0, /var/lib/scylla/data/system/clients-ca0f635d863036098d93a1fc06f2a5e5/md-171-big-Data.db:level=0, ]
2021-02-17T18:57:07.143558087Z  INFO  2021-02-17 18:57:07,142 [shard 3] compaction - [Compact system.clients ee205c80-7151-11eb-a055-000000000003] Compacted 2 sstables to [/var/lib/scylla/data/system/clients-ca0f635d863036098d93a1fc06f2a5e5/md-175-big-Data.db:level=0, ]. 30kB to 6kB (~20% of original) in 384ms = 16kB/s. ~256 total partitions merged to 1.
2021-02-17T18:57:14.376024186Z  INFO  2021-02-17 18:57:14,375 [shard 3] compaction - [Compact system.clients f2bdd970-7151-11eb-a055-000000000003] Compacting [/var/lib/scylla/data/system/clients-ca0f635d863036098d93a1fc06f2a5e5/md-175-big-Data.db:level=0, /var/lib/scylla/data/system/clients-ca0f635d863036098d93a1fc06f2a5e5/md-179-big-Data.db:level=0, ]
2021-02-17T18:57:14.899783643Z  INFO  2021-02-17 18:57:14,899 [shard 3] compaction - [Compact system.clients f2bdd970-7151-11eb-a055-000000000003] Compacted 2 sstables to [/var/lib/scylla/data/system/clients-ca0f635d863036098d93a1fc06f2a5e5/md-183-big-Data.db:level=0, ]. 30kB to 6kB (~19% of original) in 414ms = 14kB/s. ~256 total partitions merged to 1.
2021-02-17T18:57:22.488741946Z  INFO  2021-02-17 18:57:22,487 [shard 3] compaction - [Compact system.clients f793a470-7151-11eb-a055-000000000003] Compacting [/var/lib/scylla/data/system/clients-ca0f635d863036098d93a1fc06f2a5e5/md-183-big-Data.db:level=0, /var/lib/scylla/data/system/clients-ca0f635d863036098d93a1fc06f2a5e5/md-187-big-Data.db:level=0, ]
2021-02-17T18:57:22.606622942Z  INFO  2021-02-17 18:57:22,605 [shard 3] compaction - [Compact system.clients f793a470-7151-11eb-a055-000000000003] Compacted 2 sstables to []. 30kB to 0 bytes (~0% of original) in 7ms = 0 bytes/s. ~256 total partitions merged to 0.
2021-02-17T18:57:38.724140899Z  INFO  2021-02-17 18:57:38,723 [shard 3] compaction - [Compact system.clients 01410f30-7152-11eb-a055-000000000003] Compacting [/var/lib/scylla/data/system/clients-ca0f635d863036098d93a1fc06f2a5e5/md-191-big-Data.db:level=0, /var/lib/scylla/data/system/clients-ca0f635d863036098d93a1fc06f2a5e5/md-195-big-Data.db:level=0, ]
2021-02-17T18:57:39.253706298Z  INFO  2021-02-17 18:57:39,253 [shard 3] compaction - [Compact system.clients 01410f30-7152-11eb-a055-000000000003] Compacted 2 sstables to [/var/lib/scylla/data/system/clients-ca0f635d863036098d93a1fc06f2a5e5/md-199-big-Data.db:level=0, ]. 48kB to 5kB (~12% of original) in 394ms = 15kB/s. ~256 total partitions merged to 1.
2021-02-17T18:57:45.835519526Z  INFO  2021-02-17 18:57:45,834 [shard 3] compaction - [Compact system.clients 057e1ca0-7152-11eb-a055-000000000003] Compacting [/var/lib/scylla/data/system/clients-ca0f635d863036098d93a1fc06f2a5e5/md-199-big-Data.db:level=0, /var/lib/scylla/data/system/clients-ca0f635d863036098d93a1fc06f2a5e5/md-203-big-Data.db:level=0, ]
2021-02-17T18:57:46.332256726Z  INFO  2021-02-17 18:57:46,330 [shard 3] compaction - [Compact system.clients 057e1ca0-7152-11eb-a055-000000000003] Compacted 2 sstables to [/var/lib/scylla/data/system/clients-ca0f635d863036098d93a1fc06f2a5e5/md-207-big-Data.db:level=0, ]. 30kB to 6kB (~21% of original) in 373ms = 17kB/s. ~256 total partitions merged to 1.
