2021-02-24T19:42:36.835591833Z 0 PY5nu6yojbh10liz2UuDZm3WmzZhktLofDpBxe5q70OY4t41tsje1HxXUxqGJb
2021-02-24T19:42:36.845927808Z 1 Qj0jfxPZrbpRxI5Ygg1v2WaCLsyHeWw3yINuQLm8fEraasZ0sNmvTFY18KCBex
2021-02-24T19:42:36.857294164Z 2 e50E8sBRkz9hAF5XCawsFEvhNilpqROArrdy3DudgaCYKF55pZ6fYl5DAfsLS1
2021-02-24T19:42:36.868488273Z 3 FUjQvEMTB50CfqrkDK5jejqsxN4jh1GLxa5Xtw6kTlyCnEccappRn61wNLJ2RL
2021-02-24T19:42:36.880621660Z 4 2VQuc6qQveU5zFvZWPSCAt338I535dmiqAzXObX5s7Gw2wD48mBUU6JmNYYFI2
2021-02-24T19:42:36.893138910Z 5 tsDa6bqKDqyZDAL62wBtanWnBnybfQnmsEDg4xlDGBWhBNrHt2P95pAFlYL4AG
2021-02-24T19:42:36.904438743Z 6 SG7bBRrzcTMSu9ZxP86YhSmRYDm1hl4mfbgxN2wvDrCf5u8sQdxv57PsjNlFFm
2021-02-24T19:42:36.917935015Z 7 C3oQaA7VXXuwuCum1w2pKc8ae5BbeLTqlNvQwAdraOaNQO5MKUKeHuEGhAMDd4
2021-02-24T19:42:36.927969042Z 8 OfaFbes8S9tnbk1fp3TNd0d2SbcpTPBJ7kxNVtvJlEZRnC8U2A2oQSODy5PvXR
2021-02-24T19:42:36.939149721Z 9 wUR24oVfzHv5Sh67e8eEspXRL2HexuAq7nPF5Z3omjGuL3ieHQGE39LOhCSnUg
2021-02-24T19:42:36.949583521Z 10 FzDbIARyouQwWq4rQGnOiygy9VCYVb0L9hS9cOeMCcHVwy4lJtX4Tbb90ESZ9
2021-02-24T19:42:36.960900024Z 11 34HyEOm8AHf1zNLP9MCxrOUO7nqvMGclffdUkukKakHBimHNjTXO4XHxGZwAX
2021-02-24T19:42:36.971513321Z 12 ke9OkwwJP8VnegSQU0NWRtRDBisvMSAhPTkNCJzjEFT4HPwPXz1z7twxyg0vO
2021-02-24T19:42:36.982757527Z 13 PKtgbhhI9NBBzZSd5kBiQOorO60nSNRKrMr2DTVxzYHetPyQd78DVG25LZDou
2021-02-24T19:42:36.993286362Z 14 rhu4I0oF1tmLxvMJ807ZXdac7LpXzCjemPqwTxkt03V4wjcHVkayvdCSmUZjj
2021-02-24T19:42:37.004433931Z 15 RxLMWeZzxDJb9MZ9sd7OtTQvoTKA3tZFMmSeAKTKvdQh5Dcx5luSdyiicoXRV
2021-02-24T19:42:37.015878208Z 16 Lb4xkySbd5d5MiLJnRDtoVJaPuDlLu14ziUXlgYSNTn4wuq7GTdSXoEYH2Mcv
2021-02-24T19:42:37.027219609Z 17 ZZb1mFH3Yf65v4wJJgxEJoCZgnCFWUNMueE1LVPbfOepi0puTVaUDx8QDDKuv
2021-02-24T19:42:37.038781835Z 18 eX1Vruhfn0J4lravmTC4oREQXS7BevTpwtoB8u9O0Vs00q551VqPI3fRDBozz
2021-02-24T19:42:37.050124969Z 19 LlDEcfmhKxBuxc5vDf7i74whZ9PpLin753Y91t61Z8XeVJqPuj68MZ6RDLrDS
2021-02-24T19:42:37.060389827Z 20 0eXGP7VXxxpfM8pu0W3MVT65GFC8r5oPW6aGkvIVyM64tKFlpjLTfyilcA9fF
2021-02-24T19:42:37.071909162Z 21 XJxnq4k9XqrlIrJKyztB1wLNFvyzBkgBLp15oAmGB7rN9YlJfFzY2Rln1tJgL
2021-02-24T19:42:37.082833423Z 22 TFvmp9kfeo5yHgizsMlXZulpH1cUjNQdUmxlZVBlVZUaoIzgxfD365qvDQq7c
2021-02-24T19:42:37.093932317Z 23 05CespgrNxRf45TbamVYIpqdOYEyUG2xF5Ck2p4VvQOHeNb7bk7MJH4heUrjB
2021-02-24T19:42:37.104454373Z 24 AHeRNPZ6kxKOFhkeBVrhnk5Ut9k7H1AeBVU5evvxZbqCguD4YKu4cRrp4p6IW
2021-02-24T19:42:37.115704605Z 25 mRfLKb5HeRxtQMIn2stvpAaZJOFGU4nrvN53HUeaUKvtzcTtKLRNgNwKxrQw7
2021-02-24T19:42:37.126600990Z 26 nZBBrWtWIrhu5ra8E1g79AGPixdb6CpWalBKWGMxz6OKrt79Jd4eSNW7q0w0M
2021-02-24T19:42:37.137729056Z 27 zbrHqPfqGGfAlhgP2HtgsTnihU6eDFF9uI6wKZEksQlCCdfW9cBViLkk1PJ5k
2021-02-24T19:42:37.149307083Z 28 Zbmdm9R2yAWjkkzTwaXxbvQGOlUygYH926Yb8O6P706yJXiK70YTcFWg9g8P4
2021-02-24T19:42:37.161386896Z 29 JK8dwrmyM22Z8F783bVPDTfFDR7Ss5NWHAxIGZB1FnjjXtoUPzn1VoeA9Pdw5
2021-02-24T19:42:37.173089516Z 30 WtJAKDLCL0qpWZw9YWGaUYUOL4c25YS13E1TwPRklevsIZMxguaDPIk1Ylcw4
2021-02-24T19:42:37.184106384Z 31 iBa7DM5iqYVsS8umbjZnJT3NCsFmF0s5jBBsK2X5ZZn5qqLLF37Ava2uWzRxB
2021-02-24T19:42:37.195504157Z 32 BRcp9WlnVMl67WIQP1IUrZEleQjpL7LUZMPVQWOUZuiZtgwzk6cLvCtCWhLLL
2021-02-24T19:42:37.206519309Z 33 LmdGJOOMnOjAv1j4jcAy83d6ZHYmcnCiBuEH62gnKDHtllNHBob5Yi3PbKN9m
2021-02-24T19:42:37.218244729Z 34 YnZ5NuJ1tv42PcJy9t1dF32cAH1Gjmvr2V99miNWRonRHXG2KVRtoNAbvVHST
2021-02-24T19:42:37.229588903Z 35 m4rdkdtxLoHhK5WDWp14lL52eJweIsUmaxq6D96WgPn5fgGyYk2XJn6rtFRVA
2021-02-24T19:42:37.241318602Z 36 IKWhPd4q1GtXIGts6tTPE1QSf5YOlvvnu2svkHpNKXSkpLah9tVHSVRnu5B3A
2021-02-24T19:42:37.253172020Z 37 JanWroWYPH8gNgRxvjoSIxj2jECrjpVVLNFRC8yMFDSbvvRXUgCPVsjweaote
2021-02-24T19:42:37.264467272Z 38 EAToJzHwpiMy5AEc162KiEe9mwdEzcb7jsBNb8jXFdTwFO7VdpCRiwRN76ADa
2021-02-24T19:42:37.275862490Z 39 Qkk7mYYeQ7xKSp0wIpAf1b6XEScYvzC2xlspyloRUryvW7ESMqMy0AKAUBFpo
2021-02-24T19:42:37.286570216Z 40 wmJoCja0e26Ofb9z6NlLUDQC2fZYOr9maPJxQM8utgzltoOqS1lxWi9fN0oMT
2021-02-24T19:42:37.298126628Z 41 9boq7qfxM7MNXOCNlI7gpRBzzWeevye3hoeiAUstgz2h4DTQokSSIe0PNYxUq
2021-02-24T19:42:37.310197121Z 42 lALwLnOrkJoJDIu0cIjmhTjKzZ8TVPzvAA9LgFls3Cvv6kE2hoZJAOE5YDL1H
2021-02-24T19:42:37.321815642Z 43 egTCYxceUbmYumjzJPo6Lvox1T9rQBuuES5IhKMNhasc4IlTWzlP4K3v435av
2021-02-24T19:42:37.333108221Z 44 mYmMlY6opa5KlkuEGkuGbTaTd3w0rqIh9o81TeQOYZNasIGXFjrVAO3tLJeJi
2021-02-24T19:42:37.343524349Z 45 ChysC2saAjsSBHGFPcPIT8Ph3yZ9YEnSL3agu2RILpEOK3ZaNVlyCj2aYxxXG
2021-02-24T19:42:37.354786080Z 46 CB7Qf9OBynEYy3XE3r8OApn5QFzcQ4IRLS0qN5rN8wn7UN914u68lLkofKdKi
2021-02-24T19:42:37.366003226Z 47 h5f9e3ARZce2UtDUZLIJzbIL2bQXHlwtPqzTnjnVOnNx8kycIACZmFuVMNzNW
2021-02-24T19:42:37.376647926Z 48 o3uuJwDqxmiaroOcardIaUe0FjszXXMmRGAKXAK21yJBzZJLRzOEWhBIoOUwj
2021-02-24T19:42:37.387921236Z 49 ijhk8xSztqh59ReMauRm1njaQMKgIntVT2rVRbsUhDHoh5zp9mx5WeV6gVJsG
2021-02-24T19:42:37.399117474Z 50 km9IOCNIRVScJF5RoANpHtcfizFTiET5kctsmMhKdyh7M85tUK2DY5CWhhy7a
2021-02-24T19:42:37.409615992Z 51 tU7j9gPbDcoHM5fcLPWKqKdZyN7CBsxG08FAQrYqfkXvb42UJpBdzffM5NhV3
2021-02-24T19:42:37.421461638Z 52 S0KdjuejpH5ppBMIrjKcDXTejxbaxAKBTnNmB5k2rtZbuElgPtbytPoBY9DfH
2021-02-24T19:42:37.433530862Z 53 kXjjihdD5y9050WN2AfZa7Bx1G8069Az1q2hZsQI5SpTheDiZeeJ3iaYcFU4S
2021-02-24T19:42:37.444507257Z 54 w20CDv6uPfBgyxgAt0JglJEsIR65BVoe9N8K9VOXYgcQfN96W0WKbCMmWACpG
2021-02-24T19:42:37.455891779Z 55 wLCV9swrxU0B7gvJb0MmRxikz9o7WsvagSa1nYTUR28UTMvxENh2hGl6VttvU
2021-02-24T19:42:37.466960972Z 56 hD4lMDtFFw3Sk6lrzbBYkAynlhfP4Y9LMkXJOWaiBNaCEXwTWRNyb3x60jgiu
2021-02-24T19:42:37.478360894Z 57 f722bQpIYKe6zcCfsDrtZYNDr6pZddfsp6aRAg53KZAJSCHSYOG3bZGAsWqoF
2021-02-24T19:42:37.489872449Z 58 kbNRpay2799BWJUsdrIdkbx4P1o6lylpMS41WqEqm7FLLAU2dpVLCVabeTdo0
2021-02-24T19:42:37.501524079Z 59 KgLiui1JwKZeYpjkQyONtkTgcQBXQAW6JS35EYw1KlWeAgeQgeFy9sQNL7Pzi
2021-02-24T19:42:37.513360540Z 60 LSTwDr3IweI1spmPyVnuiLg1WMKi8t2guHPbmeytkEwn07L8VNXd7isS7LGrx
2021-02-24T19:42:37.524983971Z 61 FnrumvGldqGCaRGQxVZvHF5bEP8MGgwtwMWbBy8MQ7mwjZA6CtjrGGaUhLzeQ
2021-02-24T19:42:37.536279080Z 62 fmuEedcAIHZzg8wEOzo593ETZXXecUYcA9NOXu8QPhNVuTGrGVvlzaR7RotMN
2021-02-24T19:42:37.546479816Z 63 RIfpiRICGTFtpiDLCpgfxTT4oTN61HaBpBpT02ikSBQ7Lxqj2ckLnu7EPXguD
2021-02-24T19:42:37.558065538Z 64 NX1JxZKQUfjBFzxwiZqYkhPXtA2BUM9ZdEs7FFlmPpxTmD6Yzh3A0rgYGUTL2
2021-02-24T19:42:37.568631014Z 65 5Lh3rEbn1fvNESaI36vQ7UtjyuewcEXtfHB4rwg3yvtuUPz0zqdtpjvNmu0eK
2021-02-24T19:42:37.579697142Z 66 nmiOFcF0AxrC8RpIjx7RIYDRg6tP2T04b4dm25wWTje0XRVmbocHgZDU2k41V
2021-02-24T19:42:37.590566147Z 67 K9BpWIINjzKxLqLtjUpugcvvdLkaWeti1YphTJjd9KN1q392Agt1JXlvWXoMZ
2021-02-24T19:42:37.601611133Z 68 fSIAkrcHFaqjANRXkvbxPHWXDQLmvnTbFK4b1h3wBUDSNnpBUmGxbop1TjYha
2021-02-24T19:42:37.612769433Z 69 5z5i9B0BcL3Sso87SpB1BsyLr2hMQEZvhjlPJZRdWAuW0w6afo4q38aEeBFnY
2021-02-24T19:42:37.624350264Z 70 ZHNwcXCdIOQWzhMHSPeQ8VGixv3DEBifo7E5cFeqQlX2RFYqDbQTE3BKDCAHK
2021-02-24T19:42:37.635992017Z 71 wuplTPqydSWKaoLsBpqbU1mRiK2mEPMyIOLmP3PD14IkcJJNaOYRev9J5A1M0
2021-02-24T19:42:37.647071211Z 72 PLW5AUOIc1dDZgBXqLt8q8Vaf9GRtnkwi8pxPLndc33rCxBEpVX2gQ979s4In
2021-02-24T19:42:37.658171142Z 73 944n3EFqRl3VTYShnsfZhkAGeeMwToRRgvZWkLSqDanLRYCkhyL4fL12WdRM7
2021-02-24T19:42:37.669285540Z 74 DfGCiOfEn3gW7ndTYRrAEsBEKEVjGLYDr3H0UoANcY6xtYDjFxabGpsyAsRVT
2021-02-24T19:42:37.680809273Z 75 TBFYzGVYVlgWGyyrczWKnDJJGohUaMjdwaOb4e9HGtTXpOkrvmpM7H5MXjx3z
2021-02-24T19:42:37.692233490Z 76 WPCzREysVHHxtY7kAYBQU7o1DGbDFH1F9dr2Sq4XIiup8I0eSorCB1iCWTB5d
2021-02-24T19:42:37.702820433Z 77 xTj9mOP4aOkJLpftxvFSfR0Tm7SHvPzxN1WHOGXszxuMBKrIM2nDjQkRZwAqC
2021-02-24T19:42:37.714377503Z 78 UQOft43dmyWVR2hjAPmimNFaE42qgoxKYhKEygHiXxv9gdPL1USz5kje2h4D3
2021-02-24T19:42:37.725538524Z 79 Ms2nG0ofOnONoWryupCxrxL6SqgMnXtKejaPOcflO8ZN6SLTVpinKJY4xkvBT
2021-02-24T19:42:37.737037120Z 80 nhl89MgKCykAnqpPifHNpVSaJoYfaQJTmunyOMfN74FrtqtjKRprsvzuDqneM
2021-02-24T19:42:37.748229642Z 81 tODlQUDHORcZRKbwGUBVZy3QhU4Xyzk1f2CJFnWyLeCB4mx8l5TnubFPXO0SC
2021-02-24T19:42:37.759739711Z 82 aPjINhAiiX69lbAQDodsvMYMfTkbY3POdBJMCpuIW29B0vyv6aR1EGmPTaflh
2021-02-24T19:42:37.771596328Z 83 TBkmZsgM48Gz4QxMGNhPBxHfr27YkuQzTbpZeLdTziY8e1u5PAMEHA0gLYnLK
2021-02-24T19:42:37.783422328Z 84 dEau6g2OscpsNL3zv5IoDm8XdVFkDE9uo8sIMO8DcjyLJx0Lp49SqCZX88Vst
2021-02-24T19:42:37.794927792Z 85 xQlLFhvRkPPJJJIa7cVHAswjDkirwXOFS3R9jySJB1J0Xv8mmENKWz0o8gCB0
2021-02-24T19:42:37.806215820Z 86 m6ZE03EVyP5Z3Fwu68SMkoRJyBh81xCe7HLI1luat5mtDNk0NsRO1rj3HFfOR
2021-02-24T19:42:37.817573664Z 87 5ebHxMLje1JA60Pe2IOLN1qkDywjEpsUvo5fgfWGJE0yyq9DEXUipNeAXfMdu
2021-02-24T19:42:37.828809466Z 88 GkxBt9Lli5PxF3EDHCe7YsQowgR6AHRMj3OErOFk9StaT5d4tCTJG2O0xA6eJ
2021-02-24T19:42:37.840357225Z 89 M8sLGLdm6pFQS2Geew6ebnHeKIC5xrtCtwPXSTQcPaS5DoJh1rEKE2MHlkltA
2021-02-24T19:42:37.852608714Z 90 704r1Qgz9O4OQ7cbbkKR9UawbpGzt6qgIyEkpZjxNyaX1cLnLVsDqnQht4eoa
2021-02-24T19:42:37.864097522Z 91 Ei4l9ER8turbSTQEdAkb8bb17XMvJRxsBaY5e6qJj6ooi68ZX3OEgeY0ragq3
2021-02-24T19:42:37.874522662Z 92 ZTnTZ1Fov7pmWaoxpuDd238C4QvFNk3aQnNWP1vbJ3jqcyhGJtdDKz9CBc630
2021-02-24T19:42:37.886386321Z 93 65NlqG7oRKIJO5Zfma0aVbwnsKJ8xwpSKJH8K6VNChzKaG0bHz22vfG6euQF8
2021-02-24T19:42:37.898193768Z 94 4JDXZ9IPZb6HFPJkfbhWrTwdwmFy6qT37kHIzxXbYz6q5IIWgURFXyRQGYtJ7
2021-02-24T19:42:37.908814223Z 95 CpQ9U1rbpAxbMvPKYGw6RbBlHMRfHk0wGmjLDCKpcBfF6meBGlxvn0ls6pTb4
2021-02-24T19:42:37.920621517Z 96 gZt79FFFWOKZ5fXgwbnaHZu3RszTfH5sPfyilscwwv2634JozgfQVxxkySdJK
2021-02-24T19:42:37.932243957Z 97 wpsfBHoJ1ZVR8sE3ATOW3tNqpeGD7HF6dh1w5Li2XE6HMSL9hXDsXVtgAlGE8
2021-02-24T19:42:37.943715631Z 98 DQznLcrMy8AyewqG0MaGZNw67OmABCYdhmMtZ20ZoWinJT8AdSuTT6gh4X5Or
2021-02-24T19:42:37.956331996Z 99 GIBdUQmCng5SLiSpdIiQ1f0aEkSXuIGf2fMi3R0oGTUibPWd8AndRcfunea2u
2021-02-24T19:42:37.967872179Z 100 WZ6sEa0M009wJFNrD0wIJmJ4UMOOd23niBUWhWj1RMQYDqff74b95yy5B2cG
2021-02-24T19:42:37.979303759Z 101 6UZ8TLybZ0vLyIqNXushYPe4J61i9UY79vD4sqvftMRLQmcHUxNG7bpE7Sa3
2021-02-24T19:42:37.990893758Z 102 NlpZwzGcEfgmEH2y8l6rqe5RQFzUZCWXQHTvMJpRxZqO0oxhvOKAjhiKfUBi
2021-02-24T19:42:38.001628131Z 103 oU1ZiCXI7TQdxCW4RoXHNGr9NFutLUHnqhacI91toYcM5GjLvxuG28XjENuh
2021-02-24T19:42:38.012987425Z 104 nlWFesYYpHVmPIAxVXedY7IiTCXERjZhxvTHh3ivltTYvsVwlkB8YmLazzIc
2021-02-24T19:42:38.024372879Z 105 3TcckvjStl02djHyoCoLkz15Inqq0bvsnHtzyOmfzmMddEAlIsvFJmJlMZ6Z
2021-02-24T19:42:38.035975694Z 106 QIpQeb7NCwqhi5BkReV15xt1v0TjafgVcKsWmW0DHnt9r6Z4Tp6hsYaSSM0O
2021-02-24T19:42:38.048213985Z 107 ie5hao5kYtDaVKBgfAglRvyfOfJ9PABL8puoherKekf4L6zUHrE4IjNyfWrG
2021-02-24T19:42:38.058697954Z 108 hO7r6IX1uPkf4c8vpR7qYuIetcjUW5x2UBwX9SzQ7aY805md8l8oriV6UWpn
2021-02-24T19:42:38.069464587Z 109 afdpeZRD8J38825gZ3DJBdVnd7a8GJiknZbmOOtwtcTeqVz31dhbM3dwf7Kp
2021-02-24T19:42:38.081261549Z 110 gkfbP0nrf0lTrWBV7Gmz1admFzZA9UFKaM3V9lpy3ZQiy6BZ3SEZnTGr9yNF
2021-02-24T19:42:38.092368881Z 111 SCXeBX6J3jNBobFnNPPX4PqNALGynXz5TOZjmAr8OLM72qaB2tIrbjTVWtIJ
2021-02-24T19:42:38.103665068Z 112 Ew9uPqJxrLbzECOP4AtzlbrCJ3LIOSRQzmfOvUExDUQcvuWALllECLwfvnYi
2021-02-24T19:42:38.114461423Z 113 BdLJqYc6k1nMHww20wcCCeo1kRrOsdHSFoCiRN9UtaNQzFSZ92crPGafCZsv
2021-02-24T19:42:38.125592647Z 114 7KyJYLGKpaytuE8J8OHo15BxsqYgKyELeBGqZ6m1FyeJ4bfJ41LHbEAHgB0j
2021-02-24T19:42:38.136601396Z 115 j5AJjrgymT54kNQqRw8qK2SUuMXwHwQ1euvYfJzpyWEgbJGlFbN8hvBEOsBD
2021-02-24T19:42:38.147966944Z 116 trSegF48f6QScXepU5WmYcekAM5N6qDIz9mukvLHrzzgdkfptw3D7mzyPaJJ
2021-02-24T19:42:38.160252119Z 117 kv9qk2BYLcUAOCC58j4FDDjy0X8eqwWCaa7gBnZCJfZyzklkPmJGdpA9Lc0L
2021-02-24T19:42:38.171737658Z 118 lE3wLhRIUPyLunn15Zbiem8lr6bOSbju4BAXhvXsyxMzgxHpu35ER6HZSuqF
2021-02-24T19:42:38.183154268Z 119 DdX019nMyd4j0IO9IbsMnm8owKoFRIRNZbjjeNyWYD1CaqnGaGjcR9UJSElS
2021-02-24T19:42:38.193423505Z 120 gctTRp0ougpPWtBZwOhkTAe1iIWVSt3KSUCjZBy1S7FTUyUdONRKWO7tOzZP
2021-02-24T19:42:38.206063932Z 121 jtGPFL9hBBJY5dVIBVEGk385q5E7PTZgJ60alNzujRAIBheXIY8hfZBYGWAT
2021-02-24T19:42:38.216769080Z 122 AMOGIsYmJ4VhWZAMfzTFQQXH0X4exwTzB0A6y4vo3aViQVGApXwKcO2JBKOz
2021-02-24T19:42:38.227924600Z 123 Ekywqzhiu8zFdz9zTi5nlZsBGbZOdGF0ako4UttL1krbVjQpcqOy9jQeQ4ZK
2021-02-24T19:42:38.238818133Z 124 Gj1RqFH7lz8CNEKsxDuwZP8KTuQdsrpFF32JtVnGuiEk8eV1QyAbHrviGA4p
2021-02-24T19:42:38.250209596Z 125 fFt3LqaCMEQs22obun9CJaWYqBirjvb2Sp8XrNwOeJQ5QlyO06dkzN7yAmiw
2021-02-24T19:42:38.262294821Z 126 1QK6z4YoAWIp6CMdafySEX2pRfCfjEyHw6mkQqijXEAhoDEuGelb3WEXWgxL
2021-02-24T19:42:38.273473919Z 127 tjuNSiVSAtd8rpmCCctMRMy9DmHxMXeP2owBAqDhUR4YwoW6p57EILcyB3NO
2021-02-24T19:42:38.285267682Z 128 NMt4vOqzanuC80TRF72qdEpuufUIqqhyiFv1lDt8GuWgak3TBfjcrGucyJHZ
2021-02-24T19:42:38.297322966Z 129 GtJWKaEjIDkczQb2tdReDtRtt12Wh6rW74skEkCoSRpmTpe7RA91JVQi6fef
2021-02-24T19:42:38.308442334Z 130 5A1cPjMZxU52WePXZeSPfaFnuy0xSYznXpbSoW1sHJLfNufS7mCgmJEssyi6
2021-02-24T19:42:38.319886719Z 131 CY6MjasAL7yW4S2Ewe1VhnnrZaH7AG8rHUc0URAgfyHkpjwj1aoqxjPyuDxr
2021-02-24T19:42:38.331723797Z 132 7F4s97ISRNiK2qiZ91rzFC3tKTuX57X0txApOUyUF4SZVRKxRIejJYf6f5mh
2021-02-24T19:42:38.342728820Z 133 O3gWkLZTTWSEn2AJwbSICW5AZc205N75LEnJWFdyzNjLs5FfnpmIxQXiLJOy
2021-02-24T19:42:38.353947839Z 134 TWYiR8XuBykapdOzKHeYcLiT2Xg4eqHYqTou69jR0HWpr2bOmZdkwTtdAMdP
2021-02-24T19:42:38.364749607Z 135 Z8tBnpqlKw9W89BCjuKvjIMSXQKQHN249r1Xch6CBO7r4lK3bxqZF0s4JwNp
2021-02-24T19:42:38.375674084Z 136 8Pjcg1tzeKHdoMJHx2p00sYSHrXkXMT1lyqsWjGJOKimCf8wA0V0eKX9reiU
2021-02-24T19:42:38.387075197Z 137 KhzfF0YU6kEH6qqiQozy6DfiSF8xHNedu1WRVEDOpHayG3623ZFZQHmtq1iF
2021-02-24T19:42:38.398776782Z 138 1yQ0eYzEK3rOmVksfFlRk3EXMKXMs4UKwywD5vL8l0dLqW2B40h4a044z12y
2021-02-24T19:42:38.409825013Z 139 pHDM1O6cHTGb5hJiOm23ikCftdItS3S3eP33EOz6w0ZGkLL4EvkIMapkf7Aa
2021-02-24T19:42:38.421321947Z 140 IoH4qmmZNfR2PwbA9FucxtCQbr4TzMcQ0xUiIAVnqpcWKi0JHXUE6p27viNn
2021-02-24T19:42:38.432715513Z 141 zVKdwMAroW8DNpRBcm3lEH12foG0qnYlBoqGpA9WEPYw0ZIiUUX3eRYeZzmj
2021-02-24T19:42:38.443790149Z 142 2504u8sN3r1MFzwUR0sL27DBVxcVewYm7D532BlAb17NCPoUXWC5pIGckmCh
2021-02-24T19:42:38.454637765Z 143 O6BcEC9zA3MZVRMvF6F2Ql6XbHODEbwGcrtLTpbvKGRNXOoeb9BMwngJsipE
2021-02-24T19:42:38.466144050Z 144 5j9pK2KfDU2JhH8n1u25O5k3b93wmM4oLn9QZ8UnqJprlbsZabbsRFMOf47q
2021-02-24T19:42:38.478334355Z 145 qLkQ1KVfH9JCCC7OtaqESSbYb4L0c7AUfuguH0LIe4ZwfONG59gi04FGBWnu
2021-02-24T19:42:38.490247386Z 146 iRuqzCw54FOP4nh2pj5FZ1bG8vNZuZZglXlewnviC1P7EpA8zDxC6TjyO7yO
2021-02-24T19:42:38.502072651Z 147 4HX1RPMT9HIr6DwVb0f7NkqUzmAJOoBPWWRucEpN7HGXy1b3H3tMqCklV62C
2021-02-24T19:42:38.513131059Z 148 ubEFupR8CfWYpWDCT4Ok6Ct13qdxyLbYDqy21kIZWohR9BM9U40KPA5pgNxb
2021-02-24T19:42:38.524402320Z 149 w10JO7MCSkBKeaLfz4rWa5nOXAHmidhAvZqEQcEHx6HBpsfnsh4Vs18XQNpz
2021-02-24T19:42:38.535662810Z 150 cvGIYQWIWfW83uMcYHuG8shs4a2uIPRlinZVsHiYPcTwCWfArTJQRUS4JiRY
2021-02-24T19:42:38.546663996Z 151 yBPNp6DKGDWxj8c4a3ERRZOn8hW6GuqCN70pV1JwKIgKty2cxIKWzAhtKEFo
2021-02-24T19:42:38.557717805Z 152 XcWDB5CI1XU9WmPxgm9ohTzec18HQMh5NMyf7mzEGReVN3azF27a3ydAdbsD
2021-02-24T19:42:38.568764491Z 153 swfnwHadLotTnDFxJ5zsNFXDCKw1v2UnfMCHnA1J50BmHoVEbUu5JJ04DGD9
2021-02-24T19:42:38.580698061Z 154 On2VwFAI1NxJRwtw1dJEnIvX3lsLb6YzwUiOS9rz9owBxLiCAhWwXGPgJqag
2021-02-24T19:42:38.591169962Z 155 WHvpagrcjlc0ACAsUEN8sBccSUcHIgiIfErADTZcpxle9XglCwAHnkK0viv5
2021-02-24T19:42:38.602588102Z 156 pBBH2DFzeFB949qyJiF1Xy38SNYpsUzTQy7MbSb5vR0jXTv5vmAolwL4wsPQ
2021-02-24T19:42:38.614206420Z 157 HnXNM6siUGSmywAeCTZiLhZjswdTzVefsVMAkBl080NaIwcVPUUFYAv7bPoK
2021-02-24T19:42:38.626185969Z 158 qV2LkTuQ1n8yj7x10RyjPMjJL25kLawbPN5AaZchnW0iNz8czXxANo40ReQU
2021-02-24T19:42:38.638342717Z 159 3fWOIGeoypLwomR9E4Hd153niZGy06UPkBVV8CmLC9SOyQp3ejK0qAxVNARO
2021-02-24T19:42:38.649973721Z 160 e3PkE9GgqsO3FMznDxQ9iFTXiYjF3uFnRR2Kq9XdCR4PNwZvjIUpvCW7teVC
2021-02-24T19:42:38.660648687Z 161 OmqvFdyiWtMQwHU1QgQxfzX8XMXsXqNhYxapdTMWvQiuW8VN5Dx4qbb1Rbgl
2021-02-24T19:42:38.671459535Z 162 WcFc2gIxyq5rlfYB9zcvxB8sTVnVbVgdFWRmFcEz6H0EXKsZvAN7dXdQTDKw
2021-02-24T19:42:38.682467277Z 163 TlULcY8GA9h5aeMz4m4EvQOz578oSRs16244qvhccNe1wpe4gxZwvpln9g9q
2021-02-24T19:42:38.694553620Z 164 XI623BsKxoipWrUTVcRuh4xYvTiMCb5VgolmDuwahSwUgi5eGuUpuxdu1uKX
2021-02-24T19:42:38.706484635Z 165 LUwfum1zs1mFbLTCTkUuvKSGYRmV8ashiXRM9z42AfmpEVDjZi5ThzrfTXob
2021-02-24T19:42:38.718303429Z 166 D2moc5GDJdo1uEv6wa3d8DWiEQhm51EupGTqqhwYgxNUhF7fnFygOJ2VKsKL
2021-02-24T19:42:38.730137342Z 167 P5xbdLBZE3v1ta9G6R54KW3y2LsRDK4yYd8F9OqnIj8GYjPgXi7JUGMzOLTx
2021-02-24T19:42:38.740896356Z 168 OrAgtReGGDYf1LMyxPorfYDipcOX9UDMecVg126enkuW6HSiaHZNvqlXQR1B
2021-02-24T19:42:38.752010712Z 169 yguIQsQJKSGYAEsfWWVZPGzQPSD0LOc7lsQ7HcBoXKfDBW3vhxNk1OobM3JV
2021-02-24T19:42:38.762592527Z 170 UvawS230R0z48YQZyP2HrSYBUFBY3CrizPywWTdfB6m5sNjZEsidgUnoWvIl
2021-02-24T19:42:38.774626230Z 171 kOgKm4AsFKumcSTSMXXjEfQ94GYn9hQE8inF0L4WdJPQJ4Nm1ogds2NmOauw
2021-02-24T19:42:38.785925722Z 172 jlegxLprwv21zRGCH7CPWcKDqH63zC3IPhYlQKc3YL5dmHE1M80TDIE41TY8
2021-02-24T19:42:38.796619173Z 173 bKT4jSSZByQ2MMkxxiUHNfqsFDDkmRecVzEkpwTFrAu3uRpwnMHQ0pTOgN7M
2021-02-24T19:42:38.808340942Z 174 qpXw96tVUhkH1OUN7We6I6IBZeEoadmV4w9TWei0WTxcsPHrQ53VdGgGQIs6
2021-02-24T19:42:38.820016049Z 175 OFMNKooCUizjVBSa1zHiqJbqeentrx1noQTeFUX982u7nRCn7fGQDCXoF7na
2021-02-24T19:42:38.830516377Z 176 3Rll1xda1qIVw89FZX7PhHwyui4Kgf9W1qUTum5fjzyJagpS2FJbX6Wh7Tpq
2021-02-24T19:42:38.842346958Z 177 6Z1hSSQ6FJaDMiBfwQwhQBtqbNTh0BfYGAUlMpE1FCfgVFXQ20wiawnpPczi
2021-02-24T19:42:38.853916347Z 178 srvamHzCl4ZpAfkr8b4HN1ioilMxyRdG3nPJvtYjnK8lHnx17eKT8AIIzfIM
2021-02-24T19:42:38.864470712Z 179 UNZLhP7mkPCM1CagbAWEwiZ2fQP2moqlL5yc3lwoVJfFso7e9jGZJbWEFCOK
2021-02-24T19:42:38.875458248Z 180 vynWHdUD16nQwrqWA1NEbVldAGlN8BsjJNbChtGBhvts3UZVZso6rjMzgOn9
2021-02-24T19:42:38.886794772Z 181 WO4B9uzBNB5NAhGer3JRNNBbdt9iDwbX6VDbBwig05bVP1KBG1he3UZUDSOR
2021-02-24T19:42:38.898022682Z 182 dR9tWPGZ4E6H3Tckct5Zw9nlVUv1lPxO3OE5ysqQkj9WTeqjSKw0LQEowSGD
2021-02-24T19:42:38.909366498Z 183 evaSUgb6itZnjrR3jk1ANxTglfYigtbIx4D5LurSxUE49ukMGFCXxsCjwcMG
2021-02-24T19:42:38.921327531Z 184 d0tr9E3wlV0OGCLH3TnbMeTr99DaukFjHAgtbNXilclTn5WdIq4rGEu6ge77
2021-02-24T19:42:38.932796551Z 185 dqxcXKh5tHDO70R4MBwDV1Y6YPHfWyk6FUBnYE2p4qX56DP3llHZcpclEz09
2021-02-24T19:42:38.944326472Z 186 iNMEANCh1Ii9DBLxUPGN20eADFn0h50nx24YWaP6WF0IjwVmltVCsC5gDeTH
2021-02-24T19:42:38.955718781Z 187 GmEf7wTj805SprNknGGWfEyO0Uf0X3AYjuOXbBQukFcvHzyI0i5oGb6OWfHK
2021-02-24T19:42:38.966641298Z 188 ZlFD5WVxFj0P1PHzDe3W8sOGdEMdCiJwjnSPoL7FVkrEXwDN4h0gpndhNNWL
2021-02-24T19:42:38.977608336Z 189 w6QJbiFYdY4UIl8IIBqIxwuT3ZsP7BTCME4XoznmrNqBYTLueMDE5JBtCd8T
2021-02-24T19:42:38.989184047Z 190 m0FTfzriBA9R1s0zRE66mF9EPpDrQUc1y2LogFw8ZInP7BaS3mwLrZhMtg1K
2021-02-24T19:42:39.000169745Z 191 d9e28No2Hl4dVcCirr6vHBmH7VmQnzQzheZhkukxouWKsURsK58yteaorgpE
2021-02-24T19:42:39.011829560Z 192 Se6BOhcgqKuUybvTEjprVXC7AkWHXOGRLIKCx3vXGxjhj8SjObJIn7nKq2bI
2021-02-24T19:42:39.023111740Z 193 uHUFNMWoMcR2lcVzVGBpJEOXauDFmgQiU9tUECyBmg3AML7sF2qcbUcxo9tm
2021-02-24T19:42:39.034137445Z 194 LyAE4nMEF6kyRZZ5C2jwSs3x0WgqjJGY6vy7TKpLQJVC8F9U9BznMi0itDRK
2021-02-24T19:42:39.044705609Z 195 inUocW4b3qRCpKLRmhtygZLELQsN44tC3HmGVAyoP8QEruQUyeDb591plqlB
2021-02-24T19:42:39.055690034Z 196 k0FmyHnKRPp1ZZ0txVdBMcKfEkSLSqlk16JzvLoVUc5Ry4ccdLgIxpZiJlAT
2021-02-24T19:42:39.066691359Z 197 mKMQQMUgBURd8RGgbiMsRS9BPD0k5teFTO4FXzy0HlShD5CrUaAsbKKg9HAC
2021-02-24T19:42:39.077738456Z 198 E92SHU6eLJpcg74rM3KfqEDM0P9eOi8PaEpeUuAVvO0ptL26Cq1bNaYuXPV2
2021-02-24T19:42:39.088945537Z 199 PktoVyCysX66CyWTacUIxDIWr9I7dyBEjDrMUHs9X8rKCh4IKB84gff1kDCq
2021-02-24T19:42:39.099635775Z 200 kg4n19OoY0MQA346gP3h2bpgKQoUy3Ot64zHVKlqitSchCtPBOdy7AwaPa9D
2021-02-24T19:42:39.110580563Z 201 xVxGCci7ZfWLkuFAE47MLceVsFCru8pSj7QortKBBnycTU9NdunqdapsTUcC
2021-02-24T19:42:39.122066162Z 202 zUHy2In2vQO6AiufJnB87Zg5AKoGwSoJBD5o0ZsKg8chmX6kQY41uC2Dco65
2021-02-24T19:42:39.133105520Z 203 6PqfFMTFvCeYwmiyJq1uvLpb7W8tNYX1ORQztJ649pcF26T3Y5AU5NvvUPOG
2021-02-24T19:42:39.145361937Z 204 luecBaFJcPLFehu4bi30ECBrRfLXXXogVlxlOdwDLKs5Chj8tr4I5wEoZ7Ni
2021-02-24T19:42:39.156509319Z 205 zYEMMm4j4thvmjLEp3Vz99r0B7VrnGHzrxqkrN0n95Tb1nGNdgvuvI4lOE5m
2021-02-24T19:42:39.167856709Z 206 7rm8MAZkOL8HCouEtb9dvw2QmiTdDzv2jf5kg0b7TVVBihtUtrYEsxXQFoaI
2021-02-24T19:42:39.179389368Z 207 RSxIi6iiI9UwrheYf2k7cBeULyPhx7mcDO80kcAOd7gFJLDkjhwsCCgeZZ9t
2021-02-24T19:42:39.190911457Z 208 ZF0OXFPmRxWgUjvBcAc2EVgfLgySNq1DvywfgoA4iovVCH3qwDnfGY5X9cNo
2021-02-24T19:42:39.203545548Z 209 IzB9TEWSUq557cfsELU1ZBklC5L1931uXkzPpaFiDIFkV2aj6SySMVvYWxRN
2021-02-24T19:42:39.213379480Z 210 5Kldyd0EsaS93wZcevhdVFs1KkQdHBdKgG98WAfWHjC4RfoFXo5Uk9iND9P2
2021-02-24T19:42:39.224611721Z 211 5bPUkcNC1r7n1axXqzlRymoYEZcCMv6GWNGWxmNlVC8nUIeLUFzgpQZKpC0r
2021-02-24T19:42:39.235868957Z 212 iTbMnMrqchuNf7M4Z0CnvOS8iKc9BSB7wzhsAvKm4RL5jQpsTVD8f6QAIvMD
2021-02-24T19:42:39.247167369Z 213 ap4cmepmesk1Pd2HDNfrr9KydjnB9kofURafFtyVmvrkXTQc2vrLDSGhOsW5
2021-02-24T19:42:39.258089348Z 214 ml6xwasB9maLbUDEnTAzh2mEVzomm0N0Rh2RJ9LE8JUzjJBJVpDXr3L5lkpZ
2021-02-24T19:42:39.269295020Z 215 OpgjksriIXtYKbwa8YaPS2omKLQBIRfFh2gyylTzaNFVsb5kG7md2wN6DHtJ
2021-02-24T19:42:39.281021647Z 216 v3On5iEp5FWA6cb33ylNW1qLrhupUJxYGsP65NznWoNV10X2tU3Gm60ZMtSG
2021-02-24T19:42:39.291484288Z 217 42lN3uhwXT67Tw2mk2hOWxWpnLuM33IqRETLNhBvLSjVAH6bl8MwtuPqhJdy
2021-02-24T19:42:39.302802411Z 218 pX1VvkSRmzkJTU0391gGmq6qMlsHoQJjITOJ9n33KjMtDTZ8meY49yu7Lp36
2021-02-24T19:42:39.314460421Z 219 L7JTS946tBdY1bfEEy5DsWJ1upUmJHrNrQlu4hwhPwmXk9O2hqdq7zZHjnln
2021-02-24T19:42:39.326656279Z 220 SfymQaf5X4Yt5ROZeIxgJcdTZ5YYTy9r9eHXLBsy7tlYcaiMEwAQbW9OdYu0
2021-02-24T19:42:39.338316696Z 221 1qZtWHBgyqTdkqSVs9nHGq1Yhdpp6P0TW5xULc0uJl8ButzLgCfLDCUNYIHn
2021-02-24T19:42:39.349832504Z 222 6JU3PRHQCK7iGCyo82kbBO3uK2E7zbKCzPIa7p3H0gWqpySzHAAem2Yq8kbT
2021-02-24T19:42:39.360849562Z 223 vRaj9hxTWURNW9azzSiYwk8QRHqUINYQEAKYcF02s1a9Zy2l4Kjv6M3txKV8
2021-02-24T19:42:39.372120175Z 224 iaoG2kbtvQSwHDcmbQZBz2rRU6S93I28v4ozr3sJHRaPXl3WQbUv8ShYDleJ
2021-02-24T19:42:39.382736722Z 225 k9zA8pUsVyRkYaCury4FrB9sAQe5m3l6rs00xcoXnl2uH70nGu2dHqJviDB1
2021-02-24T19:42:39.393443483Z 226 lJoKkTA7ZEs6NAq3x1QuhP5QFctfpJe6WLpjC6UJLfcM6ZOcdum5E681yfLt
2021-02-24T19:42:39.405235914Z 227 Nkp15jvH3cmilnWIxTrlVU8DsqWnhQoOtJwLC087dsoN7cnt1ShSADpY28WF
2021-02-24T19:42:39.416516021Z 228 f17jfrNlmzfsLAIGQkRgxcijahkNdOlzAJTyOmNvH1KFqeSeqx18lv4vwQ9E
2021-02-24T19:42:39.427285900Z 229 70OunEA1EJQADpgv58nkuLQYOY0W90FFtfs04nrRbpDk7FUadwtopyIBJ7Dq
2021-02-24T19:42:39.438394904Z 230 IW5hA5pOMaOyfvjV8uRUNcdmaACRhkdmmhisawr5mUawd4hmoO90dY9fSUao
2021-02-24T19:42:39.449544280Z 231 J8NhUe7YMiOiGqynHsHKXmUQL51eWWocUFBIi6Y8OzkM8Z11AIuEz1WleL9D
2021-02-24T19:42:39.460953520Z 232 Yiuz12YsKTkfgIkqzgkvAzf1xiJpH5SxtVtkCRenLVUBLiYkrbmrmeuh7aSa
2021-02-24T19:42:39.471867075Z 233 1p8bzq9pgc620QudXhsF2CIA4NOqf69P2Mtv3rTd9c9LSGrkqmg5rVolEC4g
2021-02-24T19:42:39.482903343Z 234 6w5F0q5FXQfp9GRSJcuU7swhbVRVl1hDAmaNf92PYEDBD5MzZFBvAqlPY9wB
2021-02-24T19:42:39.493975120Z 235 UnXL86NtNDxoNttocAQL0uwrzqyGviVlMGlYyJOSbOnAiI93284jStVYgx3O
2021-02-24T19:42:39.505116093Z 236 AdPJVPggxu0KLOoELEHgCCcumOrvlutnfpW34Wgk4YHD86dK2Sag5qvIKVsR
2021-02-24T19:42:39.516254667Z 237 036tle7vllyZLud2nh5w81Dz6orJ9mB0KR2xDCCTrx8ESPBk6pmwyGKCTPm6
2021-02-24T19:42:39.528070102Z 238 AIbHBx00IZjlAm5qAxm5TvQDd9MpwbUGRzM08Qqw3PDG7SqSipEbP6vYWBgH
2021-02-24T19:42:39.538642358Z 239 yCEV933MPNq4nvyKNkOUMFOJjxCkqDtL77xLagthsNZzLZhBd813z8MH6OaU
2021-02-24T19:42:39.550217394Z 240 nK7T5L7nVvr6ww76Rc3BqNkPI7a2wEcFwZHmupm6Jfx3MD4yfED8EnpVkFMR
2021-02-24T19:42:39.562074164Z 241 wyt6HBAaxaPO0Fg3E9Jo5XLEKtSxTYRgjIH7Fbp3AX9prliGIxeLaElkRi63
2021-02-24T19:42:39.573073537Z 242 lHEMiGfkTbLzNBoRwCKGZ5F2UcGaDCdppDV8xUp1IdhrW45gRLdzPelQyGnj
2021-02-24T19:42:39.583510203Z 243 cK7NLfzbrBNInT8BahuWUm06WEVqdsaVzUakTqAdDCV8uG8YOGj9IGPHuolb
2021-02-24T19:42:39.595013818Z 244 96nH2iZIx2pBayNg4mT2Xc1HBjbpLbhPG9ArzLFwxRqSn3CPG3bTSvHWO2R6
2021-02-24T19:42:39.607068890Z 245 DkYYGWGSKU7PLnx4F13TGof7FlYr8ExCOvYro5fbQkSuYdKZQDiVgmSXiohN
2021-02-24T19:42:39.619073844Z 246 Fiumd98i0SSU8w8emqh6yky3ek46gn6H9G694ecPNr0LcN3IIUDteSlhICZ0
2021-02-24T19:42:39.630740251Z 247 8gdKcEhnwurIOO9qWeessBUIVpHHPJ3Yc3VRM8vRsfr4z3jE1QcVfWcINdUO
2021-02-24T19:42:39.642347668Z 248 bOSmsnXBoNwdquntRBPRIZeyWha0pvKHUdYon3KlS64VmpzbGik3mMrbxzYu
2021-02-24T19:42:39.653988159Z 249 T887YNadAn5nyUVCj2auJKRqNOjxLLnFTdgcveUPMf7EiflsfvjM5VzXaiox
2021-02-24T19:42:39.665945619Z 250 xkghMkLyv8l0EZN8c3o92Dqf1Qv7uYwyIVurvIcG2KjtIeMZWn1OYgDYZPtZ
2021-02-24T19:42:39.678190541Z 251 VE0QeaJtzsbgFg40xibVa3zL6UHFWpwXxHqFU38Upk7PVIpsCpFilGT6eOnV
2021-02-24T19:42:39.689940752Z 252 2rVtt56xdEy7KcXkkJLTK7iTLNp9pzgQtMCbGIwgUgPOg0LO0JgqzSh6uBAY
2021-02-24T19:42:39.700452621Z 253 krXU9Vn7ep4EPj3BQZWbXoD5NfN2ArydLSHZkLzalTozFfOU0dWYr8rbg6RY
2021-02-24T19:42:39.711763733Z 254 bT4gsPVdNc3F1E7zOHZ8ppOFUOD3AZxGPFhkOv5E4WyWch65EmjZHFBeWCFU
2021-02-24T19:42:39.722855079Z 255 WnZgl3cD6KqIcKHhCZjwucjZRHWshx5fy2DEa1TSEZY2jgYxXf3IjK2lXIgV
2021-02-24T19:42:39.734407570Z 256 uGX7BL0M5X3aKSXzhiARxOJcyPc68zAqpUYccqPsePHWZHdDBrtXrmm7GcI6
2021-02-24T19:42:39.745588773Z 257 DQ10bhk0DGSZdFYxwBrvYtnC0modI5IN56Qwqbw9fzchFfT9CCcmwib7VFjJ
2021-02-24T19:42:39.756995727Z 258 fD0DyrtUqFoNqhQHRSLUS3r2PfGTtEpRd1mFvkyUWQcHcjknwdfit6UYnyIf
2021-02-24T19:42:39.767256928Z 259 LqlS27cj0urSL79FawY6MqNY7N6bkBRcFKIVdVA1Lkcs5RHE2iMAbhlba3pk
2021-02-24T19:42:39.778561248Z 260 aaN4GcmaUofhFNdFwbySKtoGdTtj0keQCNGTzYpQtkDLC6GvHvzcCm3vszXY
2021-02-24T19:42:39.790431293Z 261 Niqfrs1yVjxK7Ah9Tc65YFoHnwOrxTEeB17YJpqcjqPnyYFgpZpVWYFPdTf0
2021-02-24T19:42:39.802019181Z 262 IYUMJFbfPj7WuN4Du5u9RFTr7augIZDTzubfJUnSCId7qeJOnDL6CfvifILq
2021-02-24T19:42:39.813039076Z 263 qNrb3qOD9fOf2Ce79HqrHM8xSZrfBL82R9Of004L0Bs9Teni87vYhBVpDqMR
2021-02-24T19:42:39.823916563Z 264 K6fpJIcnaS8MTG4cjRtyAqrKgdjyjhP86V7NNkRL7VRf80NMuZtxiXrzVUNL
2021-02-24T19:42:39.834644734Z 265 Lwdyi34jQmdvIs2HCvzmBVyoNQWzDHlx6PrUnbclf6Dynxw9F356MEcwDdUb
2021-02-24T19:42:39.845353578Z 266 wmsOFRMCR0fksHQ0nNDQZXAxphpKzxNxruRMQPaLki7Zmb13a2p5Y4Pt9rTZ
2021-02-24T19:42:39.856672948Z 267 2a4YGlrRAEP0F51p4CEAEcxq58t7KwNCG08XV4GEx4CatNvtjyLxHXG3pzHb
2021-02-24T19:42:39.868258788Z 268 fJxOE7safkjaFwZ8jZ4Rm9larjFqSBGoMa0TwqUdxQFilgj78x1EaJqRZL6A
2021-02-24T19:42:39.879034701Z 269 B9y0wevh2OdqDyhqsiUxjZqEUJd4iZlM19tVqwebU1RaU1di30KKhW4Pk4bV
2021-02-24T19:42:39.889678263Z 270 zFAPU4bZVyTJyPqbtdtQpIg3oxBK9k5d4K7KxB6QQOzWofUo0KCRGyaYzusB
2021-02-24T19:42:39.901107799Z 271 kqFINPNFSufCvlZ1uVUoJTdWBWj5F4qvfD4aiaelDT7iANBHCewu7DC6vmXx
2021-02-24T19:42:39.912194465Z 272 9FfTFnG8q1owDVB5v78EOOI8npEaD2keYMB4yJeT63wZ9zDeznQyCnKeVn6H
2021-02-24T19:42:39.922567691Z 273 8s8utPjs8Odm4UaZyNFS6nXXkmeNhepl3rXEJ7j78HsW0ousMsfjbT9yZVmp
2021-02-24T19:42:39.934088210Z 274 GBfGlIBz0mzXDZjtVJ98bdcLk6PmPQoQct6h1Qg0BElzWlhwT4ukJ7N4k66v
2021-02-24T19:42:39.944821741Z 275 hwNsimp2URF7MOnViX5IytYHsBp3gPx6Kt8NmQb0m1MMs7XJohqYpdKiKy8J
2021-02-24T19:42:39.955742783Z 276 UPQ5ZK5QImt8U3FBw2ud8ZMgTe7QwIHdcjIJpcQEv1eoWye9MnkFcDwaATZM
2021-02-24T19:42:39.966852661Z 277 Z9BlpsSG0ks0b7rvRPKefz863RtwGd7YRNynior9ZE4XGRZlPzqNGNOh2tY6
2021-02-24T19:42:39.978010501Z 278 EgjnwGQ8QcktqA3ocFO8xkyWlj94jhEM5oNYEqIONvZolzoAwsYCyk8m4bcd
2021-02-24T19:42:39.989235830Z 279 oNwETSVo95JrtPphXiekPtwYIfKv2FNV8kgV08i7AwKVZgYO0qIpZxgpfJKQ
2021-02-24T19:42:40.000798925Z 280 H3NLgMPEl4ItPWEX9tCo17d1WCMYqZSo8JpgPQpwNOnqVTvcGcWuNfJHCJEh
2021-02-24T19:42:40.011584282Z 281 a8RhXyEJHUnR4Sr4WtaqZIJoZik1CLtUl3YfDJUOINQ6NcUHnl3CU8xqnhca
2021-02-24T19:42:40.023640628Z 282 QPBapxifp5lCIzLtXGWltGaTHhsycK1kC9Tvw6bpX7OMvKaUQToTYca7J5Ho
2021-02-24T19:42:40.034466037Z 283 hxXuFTJxsdNKizN3w1Q0AHUWf2OSEBf1tWzzXlhCagdbuuddLS6XiRlFHPvl
2021-02-24T19:42:40.045802081Z 284 YhkQVTKOjiUBBSuzihJ1gIrYcskev1IqtfCYaudh5BjMni1aYHKIeLLQpiVq
2021-02-24T19:42:40.056927106Z 285 FChxa5iG3p0cZ9irO9YFKJ7ByMQwxDWYJAAHWcTmAHFebOZTV6EO2ywTrfe5
2021-02-24T19:42:40.068480604Z 286 km69I5T4GXzLjkOaTzIwjv28gHGEvZrlP7kI7yEvMafoMkNZFUUMsmbuCZTI
2021-02-24T19:42:40.080042358Z 287 XemYrFYd2WFgxwmTNycZ6ME4HFbHSHfPjL4e2x1Gu39VJKovMdsIOGFrbtWB
2021-02-24T19:42:40.090833284Z 288 V9kO1Ri87G37LBDwaIiwvJeHw2ulmhfs75xnjyLAoEjpCWHqMEvwZ1LG7g68
2021-02-24T19:42:40.101656877Z 289 q24kHNrTAAfqVV9KO7NEuWoNsFcSyRZMQMoCi1fPfIsSaNxxSUUuEWe1zQzQ
2021-02-24T19:42:40.112428666Z 290 kCRgQhkZDDLdYhFpjNpfKpG0QrCKmz3s9fFAu4uFmoBo6KiNLcMUKTgFoajE
2021-02-24T19:42:40.123975041Z 291 OCEPjG2Cjmh3wVnJ3YAdJECb9O44FbMsOQXLrBxw4JOSqjTDQlchMxlqtp44
2021-02-24T19:42:40.135180881Z 292 z1ZM0akAUlBuL7XzDVaNdVKAVkkCEc6ZtCRiqwigIPNQ4dw4mHT5gvuo05FD
2021-02-24T19:42:40.146037285Z 293 3MxnEbz3Q1cInU2lsUqWa1C0l9KqRxST5pJKXTwReZutqplxF3LDtVuG84qH
2021-02-24T19:42:40.157062615Z 294 nrweT0Oi35eoRkeXDAid8qgQcMgpWvqXpqZZ9TrbreTudKl5JkNX4RVijlsu
2021-02-24T19:42:40.168040904Z 295 SvxFgI5lZldZ4V65cTtDuZRWF5IUC68HPUhVa5cm8pigfNigmyA9DyQHkFjQ
2021-02-24T19:42:40.178376168Z 296 qzH2Iw21VCh09eEALBKL5pJ5iNGwYfmsZVHIlNNwxKC22fqNjGMebL92TGlh
2021-02-24T19:42:40.189869483Z 297 moTv4udp2i4yd7qyJhsfdq0VGxQ90lnfavM5qbCAycDGhTfcf2X3Qlt1v306
2021-02-24T19:42:40.201292648Z 298 oS7KagQcBoQYDwIFNGsoKfB86DNdX4sF3YxxmgPbetPzu7mb8gsMPPHJatEt
2021-02-24T19:42:40.212622362Z 299 MkAMJVV2KnDUWmTq7FuY6ty6gqCBKUcVb2BgNNQoz4MRfZ5EI1Kpe2XKREkO
2021-02-24T19:42:40.224294401Z 300 VVKthZ6Uk5S6TDmZQ1zzRTB4ZTa4IP57kV6FeuOHStHt0R4rigKLhwUzpiun
2021-02-24T19:42:40.235677448Z 301 7NA34OXcaLcnHv55VATwNvL4dY4QYj70xgWl4axNs3vQG0w3BhZlEnNRrE2J
2021-02-24T19:42:40.246806578Z 302 0HuMQDu0rDl2nraIidG3MISaOJou5mRYuD3NSTop1tcZyijoDglVqIzg90r3
2021-02-24T19:42:40.257414138Z 303 0Msx5aRwXNmePhaDPDYgVT3BPdUbHc93FCSr2IwuRYwxQwxxTIjXmfUaybbJ
2021-02-24T19:42:40.268940090Z 304 WajtU1VSqZpu15V9LViukajhebuOCDPSeQSmt4woiYAWGv6719nAkNKJVwaa
2021-02-24T19:42:40.280228052Z 305 RNpVoKn98gFs8RuKwKIJBYwJMcCVXfiAlrooVtgiCtPoFtt5TyiF1gnRrCMd
2021-02-24T19:42:40.290591494Z 306 u1jraVulmTyVMc9YELkFTiP9exjujyiuZrA1d9JKhr7Mg1E22v0zbGVHXGfL
2021-02-24T19:42:40.301719795Z 307 F8UWXS47EZkr7mhscIZwJUi7cPwJ6xwVuYGDT8Rkt4Y5EEEhlNewtrbV4Gcr
2021-02-24T19:42:40.312586059Z 308 XE6VkN1ArZdU8PWvIWV7q6XaAeiqeGjuxZNnuyHht1BN1azIbnYBfT7LFfxx
2021-02-24T19:42:40.323592160Z 309 EtTUUNvmc1tVu5J5bKB3Cq9M0rwWOETQ4hRdQBeVurG8Fapand58bEKsaVh9
2021-02-24T19:42:40.335000549Z 310 oqAI2ZbV6skVusLeuTwyixigT4hvEUMxO28EwkswX2L8PsFJ2L29KYisBwPz
2021-02-24T19:42:40.345521821Z 311 i41AZNBVHTWhfTNXebm0CzY1kyoeG89PBkLTqtmFVuylMIoRZLeDSmLoT7Sh
2021-02-24T19:42:40.356718303Z 312 0PNEB4RuGGUrx2IKy888M9PpnMo69jWFvi6JW7dah4xGyD4FgOODJ0zgQgvF
2021-02-24T19:42:40.367836344Z 313 vMr8DRcOVclqxs2J4e8ZvmMQmOXIVvAFiUVGwBBsC7HChwB2suDNT49Ahi6U
2021-02-24T19:42:40.378312578Z 314 D4XzK9wObKZyxWa5NLua3iqdUMA7fP9yGaQwtI8TU3YKqYogJbaarGarFqUF
2021-02-24T19:42:40.389593828Z 315 QIf7eYNG1phhBz86PIpHgkTOPU2fZvTVV3MOFor76YQWQswx1gVcX8lq5hqG
2021-02-24T19:42:40.400963891Z 316 dd2W50hYzf5YpHnFZ6mtpDmlUIKdGNcJzR0W0uojvFiV3g6HedAVB5nN9uZ3
2021-02-24T19:42:40.411551219Z 317 uBzsRGka3K0siImKwhRa3cPFQpTI7XAYV2TBLsmsnqNxAt2QTwo983cooCRx
2021-02-24T19:42:40.423236818Z 318 ptCyfGxBtrimAEWnxqUQN94mF8sSJrwNPukdrYBN6gDhK3zyI9ZmzkRY586H
2021-02-24T19:42:40.434018204Z 319 rZhbgjtlpv9YpSZCSRf0BSatOs2p3pj36N2bNv1rPh1UHBoqnjNBPFTDLAey
2021-02-24T19:42:40.444821718Z 320 TPsS1ZariCjNXPTGs4yqqeJ3XEuC1V1xAEZUatQuVtsqIh7xrP6nZfZ6elJu
2021-02-24T19:42:40.456500857Z 321 nngq5MvNbSuuKTiziULrXmgOuV1Us5ZhSforj3AvREZNC6YHWngBPcuSVUnP
2021-02-24T19:42:40.467631069Z 322 1MQE908GJ63kGP8wX0tZO1AeGYTlE2P2dxUwLn3OANIFT0ayAQmZ95UUmHnA
2021-02-24T19:42:40.478961880Z 323 iveh3ELXamDz19ueUunuilBLYbyQdE8lxl3o0UIsXFUVktMdBMOzPlDp02QW
2021-02-24T19:42:40.489497262Z 324 9ithRL6sE6l2sEJ3tXKVuwCS1owQlTyfsSPqB7C5xfQrQH9WOvPHzpv3u82S
2021-02-24T19:42:40.501242197Z 325 sErOQLtRw6wdWiI4XsohTS8CIv36tw006qcBysBgBIShRmvZAVWbwEOj7Chu
2021-02-24T19:42:40.513929140Z 326 CksKErMtXZY5MYGRvBJ3KSpQYXXkLCjzbu5ccoPrcQKAULrTcibU35EbzcGV
2021-02-24T19:42:40.525003748Z 327 7AQAolZJvZHZUnFWakasxzlGfONbxYYag3u8HQ7FBcmg58Sb4zNQKA22HpTb
2021-02-24T19:42:40.536114073Z 328 4YRIU8215DpSzgQ04XfWIt8vOrk8jXSiS5bpW5KkcKOL49e1VmfU1WNQB1CF
2021-02-24T19:42:40.547234477Z 329 T0EgOehUfPwZ0fTHy2fqCk6IOkbfrAh4uoTmiUgXk7F2NEfpkoRqEmlPcMeI
2021-02-24T19:42:40.559340771Z 330 15xsASVFXhETtV3lBXbF4b0YVrVvy1LIqcpe9WUxYcIvF25PMqgAMqYBsL7p
2021-02-24T19:42:40.571448150Z 331 jMsHAFqhvqSrNik5xzygNLldI2x160M70K6ZfKoPNTGDZMElZGT6dJHCZTvb
2021-02-24T19:42:40.583673138Z 332 Y56rNbDQGon270s9YaJ9BLA5wbTNhHPVbZq8283x9jePWZz2oIhz8DFwi4xB
2021-02-24T19:42:40.594642674Z 333 hHnHNGUbkF6bq8eIiAqZBqquueE4HnfdZL6qJscOphJR8tvYT2kU0JBQrRiJ
2021-02-24T19:42:40.605668030Z 334 wDvXZYczptH2AxEoQf6JersOlP8RPnLd4NgvegxccqNa77lWBovxgeoW0oDs
2021-02-24T19:42:40.617109957Z 335 MRaqPf5cUEKZRoNWmdGhNqUdJbkfpPKLXnYhtSqymwmlFQtgSCqom0qytIYi
2021-02-24T19:42:40.627570188Z 336 cB3gFQ4eAkgx42wg6Wn0t5DrQn7l4hpP2qEKCxapOcLpmd4uQkcXAfZNvYcN
2021-02-24T19:42:40.638738021Z 337 lV0AbLmjgw5LEXGJQFBupUR7nVKSBke5f3zWl3VaxWrLVTfCk4AwCsd6iJSK
2021-02-24T19:42:40.650316449Z 338 DJWve0shK142cUfFVbvpMbWvd7ttitinzI0qC5EqgH5TptrH5FH8laUaRJxU
2021-02-24T19:42:40.660890905Z 339 Jc7pChErEgx7zG2aR11XxF9GyEVsKajvgqxAaEkNvkyN7LGZSJlxz0faWl5q
2021-02-24T19:42:40.671478487Z 340 ogRbbVynxjjsOdj1TY510FGy3UrR4FLnzQtnPmZQzei3xkB2l684EDNlj48v
2021-02-24T19:42:40.683229027Z 341 1MTxr4wGSc1crCSX4LZiWK4cA3Na4ROOiVmdKlgb7fyTTYIHU9jtbUWJtMk9
2021-02-24T19:42:40.693618366Z 342 TPnzxiI8hX8nkPxWP1dRhPaCaO66US2F4rFGZz6Bge4SmAbV1ifU02lfFD0g
2021-02-24T19:42:40.705035762Z 343 nWll295BwnzfgFbyzLB89K9wNB1Ko3nSpZYcU3TZ5mfKGbFL76IoTbzXIdny
2021-02-24T19:42:40.715941141Z 344 FeSFfnj2mroBJWF306zGlIC964H2M4QLJevdm7WGGTJU5KC1z8GDId0zBRJS
2021-02-24T19:42:40.727288082Z 345 DXEmXhQupDEevmPCnhedzJQIG73DkNVUccdd5cOoOXSYiqdvVSXucPKsRxhc
2021-02-24T19:42:40.738786547Z 346 HwE5Q2XWhKYXq6mPLuDVppBRAqmHNs8IVFLkhYkeIOEV1NI76k60FXjSJGdD
2021-02-24T19:42:40.749968538Z 347 eW4AmAfGOEmcgkyEMGGZdDs4MSNWKIX5USm3li3yGlATVXlBLivxXkClFiT3
2021-02-24T19:42:40.761096854Z 348 pYWj4CTcADjCqURMS6vr9zQa4CSeTxeySX1NUho4nhfRydFSHxHQktA42FbQ
2021-02-24T19:42:40.772200659Z 349 DMaWaCORIWVpXpZBBRYDBCFK7lYki2qehDOcl3RlBJ9VD1xq87dDzxxqRMO1
2021-02-24T19:42:40.782798592Z 350 VwhteoncQly1bnqhK40TkwluqOVMZLiPyut06ogSFDAJQ6dJMK7pum5aI7Jm
2021-02-24T19:42:40.794131474Z 351 SqCBu6IRb7VoGjc3vLlKSYRrWvPUBAvDLMuVZrs2Yk1c8fOXAMeZ30Vhk6rM
2021-02-24T19:42:40.804397505Z 352 8fAVhVOi36Wd62xt9D7iXgGBLXw164CSOtkmcebMmkGfdFfsBlTYGtDi2phk
2021-02-24T19:42:40.815507486Z 353 g1aS4Sti2fcYTFJHUBHB7Es8Aj42yFmwhHV8LruYyStxf7Do04NMVJ1IXciZ
2021-02-24T19:42:40.826898955Z 354 4jwQsL1IZqVitSpTkDvdBYXtdUGyo4ATose0oSXV20NZlAnlU7uCbk6CkEi4
2021-02-24T19:42:40.838296338Z 355 T7jKHuJO0UKETGlfCU8I572L4f3mmGLjsw8KrqFXh9LbzxPwy0XGKh36yf2f
2021-02-24T19:42:40.849504099Z 356 h32Z0B51IZTfPzDy2ojjCqn0u1GQ08o0TmcU1so2bBD9gyXLCUiyOHL0GOWK
2021-02-24T19:42:40.861134755Z 357 sQNj5VCNSped8R3OwMTy9zwIRkDTdxqDYexevRF8UJysPdEtnEoeLwUHqawe
2021-02-24T19:42:40.872804787Z 358 p8gNyR0GeND4uh3WBEodFLTgancmoIvAzJ6yzMmSStv2YlQrJ8uAfiy8dRb0
2021-02-24T19:42:40.883807480Z 359 YOKfuBSm0qusfGpMwnXnmh24UULRZpfBAqtO3XDwv5eqqK5YEXm7SXFzi5s0
2021-02-24T19:42:40.894886745Z 360 cOsjbk05sQbjpdjJbyXlQE0pDhDUHHZsUdveIO4fPnbphE3I6ubjWplARu10
2021-02-24T19:42:40.906155716Z 361 2sjhj6lRjd9MAihMJTbiyv21itfxzBqEM4EfXQH3cR3RnSRJ0WCVhrgDiciw
2021-02-24T19:42:40.916893558Z 362 9pLxfL5K03TTMHd4ennXkGmpqPc3UyNqCssDJGirzviaZSFf5twMDkVAlL9u
2021-02-24T19:42:40.928410191Z 363 ctEHlZPDQ3xbXzHCLYlIFPcqNLmIlNmGeBTUPmH2VHMVDJ7rreR4WzbPdgtQ
2021-02-24T19:42:40.940370913Z 364 0QhVDiEqeauUZjdiqcx5LrcX4fUxUeGK1IRnDu3GqvAoW82ckNvOGOTclDor
2021-02-24T19:42:40.951744791Z 365 doxN6JBeuFqM8ZhYR8TkhwaQ8gW1FW6xBvTZecdAHKD94BSSQHh6bzyiaAYN
2021-02-24T19:42:40.962982710Z 366 1hi2cJQ0rlGnjhKEsMpqAPHHE1xXhN9g1z15zmQtQYoDpYkKHrB0veI0MKdG
2021-02-24T19:42:40.974270819Z 367 tdtBi12DqEjMPqpDpr7wkdlOtLZEERSojr5GIgvRzpYBew8vFQePSMh1Kqnm
2021-02-24T19:42:40.985003674Z 368 Hh7BIZBH0tQ0kRsB8qUfOIkA75fr6ulGHBedCC1Ww9YgATHw8qxagrgW3cJx
2021-02-24T19:42:40.996038801Z 369 2ay13Y7VqIXEkgah6hhC9La7VsjR1rv3zkMvMmr6uVHykVUBraDIcEftVp5R
2021-02-24T19:42:41.006655351Z 370 pm3Hywv6zTjMdSrYvBkBuBUTz4ycX23gyDw3RJEy7zCOzcj5BWSgU1G9vxM6
2021-02-24T19:42:41.018373044Z 371 hbLXjSH1Decv5ajqiMjRtbdscQCybnHv1RfIqEOxuqtHlL0eJw4edH740VmL
2021-02-24T19:42:41.029426011Z 372 bfdWjbjmxfJZsgYJ9M8Xgk0ndwm0RtlOD0WzNq7k6ySE4ZYEk3se4qCr4Ysk
2021-02-24T19:42:41.041056368Z 373 xd3ckPaN0T0SGExtUd6nrl6sQTQU6UmZPK75gzcimg3JFwun83zV6oGCbdmN
2021-02-24T19:42:41.051853837Z 374 aj0X4uChLSV3IwQFacf9M0x5hk77SwrNTEXacQyKjN7HI9Gls3xPECjDMgoc
2021-02-24T19:42:41.062733011Z 375 wLZW9oK3g4ZtNpacpnZCHkgRhTusyR8qLkwIyuBofPWMlkNSMUqMPHeUwut0
2021-02-24T19:42:41.074360559Z 376 7lEcUwYPGeExPKbaPZjHxvecGOc3bUET2I7H3JPf1js900XAxViUsWmvzMpq
2021-02-24T19:42:41.085568650Z 377 dvy95gAz3L2LUMbwZCXa1MRBeoFBOdACbXnNAzvnaU41wOxo270LVENG0mBH
2021-02-24T19:42:41.097082703Z 378 JbpnfbK36BseGirXpwr0NmDvhIawOt1KmQAkXtJFAERzwIWBvjiMb27vGvFS
2021-02-24T19:42:41.107449333Z 379 WTblqiUFfPFxz4yrFp92Lh6FVjDC8ZUfPyhr7QJZ0rhLMVJCmj3wXwdu3h0C
2021-02-24T19:42:41.119284005Z 380 iskZUrjUI4yhQ2hYG41KQceSN3kbrow5wbgfjAyRnDxUkyNsP7qI6RrJK3Ro
2021-02-24T19:42:41.131105769Z 381 XxuG8aT4eodvzJcaZI5pY0fFqsgSvFkQf5SY9ceuZGZ2HDk8UvB8dZsFWY4u
2021-02-24T19:42:41.142000245Z 382 T0WkkrGOb8R217jiLJaFrURZ6jR1mKTGgfhF9eoPI0uj8IsufJM6xxph8e1j
2021-02-24T19:42:41.152746763Z 383 imsXl2bFEZPUx7Tr4aL9PNgGoyvkQijDP6dhLmgc2doHB0Lt2w5tBRCcqgVc
2021-02-24T19:42:41.163422217Z 384 ST1UpL63lt0LIGwUVLUPIuFuPmPkhsoA3HG8X6xpVKZYLHjHxXL6qkISvN5J
2021-02-24T19:42:41.175287781Z 385 MME3Nq52rBJ6h3BZB9CnMryEfpoUIKdClZELiGrp6iWptafsUeZtDqdBTyjs
2021-02-24T19:42:41.186789226Z 386 99WJMdjtTeltbbeGs5ITnQEVQGKYp3Yr0FWogBsecQrKZbfMYitwEQJ25G1F
2021-02-24T19:42:41.198242405Z 387 f8CiwsjdlbvDUKDutzFwTO2eKEDFNSfHYMWq8P0LUXOFjxDppXMpj0blBdAD
2021-02-24T19:42:41.209273418Z 388 P9kv6D7PQNkyTJ8HIIHhXYsv26L4BY4Rs76jftt5ek4qMF3yLC0BfoDZZQXa
2021-02-24T19:42:41.219488832Z 389 2dOj5LOW0Spu1CrYSfDjYwvugffwU1z7S7hfiX5kt1mdW2Jebj2vds2QLg67
2021-02-24T19:42:41.230618182Z 390 w3RAEfedXnzw9fNbCErUYgwnLapi1R9thirefwcgetZo43P3u3GlxleDGjFk
2021-02-24T19:42:41.241848418Z 391 P56pg5rFjkFNJTOzhOHd0mHaH3raqZhigMSXjEhxlv30M41nH9W28HseH6N2
2021-02-24T19:42:41.253306523Z 392 dKBDoR4gYX2vkqLwY4BoasKaNK6dhhXI4Oyp10zpyds8URHp7YVRfLE6WoBO
2021-02-24T19:42:41.263711353Z 393 aCy270sAKdZR6HX1PO2LTLU26hVaUqpMlU3nS6eH9Upkawvq6KGbKjttnuSW
2021-02-24T19:42:41.274889592Z 394 6YhXmMZfBxdrI7PEWPLgk3U4cZfTG0tEhbfvsE6Sdf8N2SqWE7ISn0yYoPf1
2021-02-24T19:42:41.288929724Z 395 Ur0q1ayMaEpzW76ZD2kdI17LYGbtbbX53bNe3t0GW4HjWPLVZeI1m84JRq07
2021-02-24T19:42:41.299591113Z 396 uFuiAPoFP5mHSgy1KFPJ2K11jcvzQpalGDU4CfPJsK0OuvinHsBzHWLBEK4L
2021-02-24T19:42:41.310713807Z 397 xrgB3q256jgxgFj9Zvjmqx7H99qizEQGYluEZeNrIIExBw1OzNJ8TmKpkevK
2021-02-24T19:42:41.321632941Z 398 aX3WTlHcxyKTZplogQJA6GuVPwovawFYVuC0BLd0r9jU41g6HNtuQgDYHjrc
2021-02-24T19:42:41.332922290Z 399 EWn3KJ4nhni7ZV9JuQUauyRHBl6crUQgPsiW1ovZohja7MFs3wo7VjZx14K4
2021-02-24T19:42:41.344368639Z 400 sLA2LrGxkipj9YokVc9jtsmyowPQrAzw22vg8f4wmm9vbOO66QLsgiDiexnz
2021-02-24T19:42:41.355063489Z 401 eXWtZYeXVJzELYPxMgv0FvSVwU2pYzj0xhVggvE2Kr9u5FkoxWwfI5VeFCKy
2021-02-24T19:42:41.365903405Z 402 Hh3czJhpOzRu3Tta782ABdwGwbCfmdpEE5MA27uJt6ZeoHZQ9YDQEJbr3AYH
2021-02-24T19:42:41.377046839Z 403 OrBI3Upi3ImZ7PRRkCcHfX3BJKkCoRUzug12z2hT97UudGytGYYC9VANEDvW
2021-02-24T19:42:41.388435790Z 404 hmfKcC71ojUg6IPTQnto5PgLBeFtmEfssI2VbBoeTqIi5XR93kNlkVOR0xCm
2021-02-24T19:42:41.400576040Z 405 MBz3nzfDqAbF9jeRYgW59rTEm9RJaMuBLI98qTPWGKwzqAKylANwVu3DrZ9f
2021-02-24T19:42:41.412543940Z 406 Xq45GWs9NTDG6bjeB77v4678sWLCzCGPdh0ItgSS0KUbNECGcnhz4WQcmJqP
2021-02-24T19:42:41.423439358Z 407 TnPc00HAXdWywIQPSsfE1lQC84m046Fqw6sqbbSJapIkIqSXhAPqnY7u3pqF
2021-02-24T19:42:41.434714042Z 408 F2IFXwOAqYVjEyFAmLJoAqu2qgSCLBMHk4KvLYhuff65Pms05VQeZBBQjhBG
2021-02-24T19:42:41.445960881Z 409 SNAD4YEY6sZ4NQpcrXIHLyUKOPULeoxPbRcRrSKp6qiRigv5m4SvqHonKHCl
2021-02-24T19:42:41.457407531Z 410 3MxC68usxHwx9MTxQFVP1mlVzIe1TJWVUHDDDBHXpcJJNtZIgyA3R78zZcQJ
2021-02-24T19:42:41.468852169Z 411 rrv0xvuyNvCWo2FgNrzRYDaaZ0qa4m2jlYs6xTCfxpRpavoEYCUQ8JUnp1x6
2021-02-24T19:42:41.480043414Z 412 0qjDTo1tpVSEnSwS3ZKEdtfsJc3FHEWl2yQnlu6xXgUwUskopkunRYw5k1La
2021-02-24T19:42:41.491310092Z 413 cXNQbH7ZUoi4agREkASRkpS6SebBEUwCT74ici0EQacpwwvp6Xkpf3FuPzIF
2021-02-24T19:42:41.503229940Z 414 wSPlqgh403wNKxrDgh65Jp8ER9MBM1KImSVd7RqysRFdoDzQLrfUJ7jpD5P5
2021-02-24T19:42:41.514580280Z 415 H28oeXEbshloOpJSVKfFt9ERYB4wbVvDXL0io529wCAYYDrqk1YBjJFD7tBH
2021-02-24T19:42:41.525898671Z 416 a0Aa582cLWFBW67WN9HLUlgOdle1t6IrpMixOrJCRrSNdx4SEkJ8C9NXeLYa
2021-02-24T19:42:41.537084681Z 417 7pg5dCWcGxYTslR2kHwHbcguxylAc4Y30D2nMMBUgpHui12rWLg3VrEeafGd
2021-02-24T19:42:41.548444052Z 418 diQbuvqt12LAHbZ6n8B303tyT93zg6FZ78Y9M9ysqK4oBaivNoKJtD2MROG7
2021-02-24T19:42:41.559386199Z 419 TVlIBPS1b99FunzbAmHB4m1bO0b8tg2nCWoSnpQk5kAavcaNpbwsGpMQRYir
2021-02-24T19:42:41.569831531Z 420 4TFoCmJnnkP7qYRNGAzrrObO2IgYxZeQI8CKGBn0jB3BFH8YGCTATJ0hrUlF
2021-02-24T19:42:41.581070253Z 421 cMN0rwIoOH5fcwz2ddHKUdAwVTiCnmA49zb348kyqvrHWvj3nGaOaIdqL4Kf
2021-02-24T19:42:41.591998820Z 422 FZAfkYmhlydzNGMHsnAGrDP5hZIwmk42hsffA0cVEdrAdwTZe8DKZrx9ro03
2021-02-24T19:42:41.603355626Z 423 YcB2OKsXyfLnVUG9jmI7gFexMqRcTiwGrmQmG1VHLTAj3zb1V343grv8K0Ob
2021-02-24T19:42:41.614759888Z 424 qaMhpElFF0OActp5vWgQuobhp03XsI0Mv7T9QMfy8am6xlskLFkKVA1BC4cd
2021-02-24T19:42:41.626314389Z 425 3YpPfBv0VytWZsGve2wBzYKU3pcSVt8Tt0ZqSUmipBTRCHOlP0AXx4HYDzNI
2021-02-24T19:42:41.637414525Z 426 V1wwRqjyACHvVsoIgOw5XakzSG7w62HCGqNJy4Tl8PzysqBDC1bpKuQv26Sv
2021-02-24T19:42:41.648746867Z 427 nl2B8R124Xi7C4maJXW3MiC2faRulWOY4YcPQch11YVZKMzXvaRQYiq6g8NF
2021-02-24T19:42:41.660259828Z 428 GmjuM9fE4vTSGgwIzRHJvBHLoOjxGfsHWj8BRqAWrzx1OUUCkhu0F2pW1tDT
2021-02-24T19:42:41.670611508Z 429 zclmv1ERLQJIxSodYejEgtLv7hoSgH1ElL8zRZ5wTKYP9bjmPNlB0WLNdRpF
2021-02-24T19:42:41.682320084Z 430 EalTvRlUUDWSGcLENA9fx3502p5hMMv1uDxUQRJNe0U5uTd0XqXrvlZ8C1Cs
2021-02-24T19:42:41.694019120Z 431 L9UP6KQ03csqO7JmkEFXDKxfLMEIfEt5vHT7LCYwH86hCvz9lWKSUXF4SAZc
2021-02-24T19:42:41.704516140Z 432 Q9ySRaZYuTP8f39YwWcAXzNj4lQ0CH4tDqireGSHKJhC0BvlugCQttn1YBfj
2021-02-24T19:42:41.715674902Z 433 ibSHuzgV6iG3vHuhhhpXGtbCM3ITmmjyjfR9rKA32yMQaQWNUDTadKBS25eS
2021-02-24T19:42:41.727400315Z 434 3zYs97adZaiId0yAHxx77LwImmbR8cR4XVMYUCWZFJFu6TMjV4vTogVO17sQ
2021-02-24T19:42:41.738785329Z 435 rgCc9N91VjdjefLIUhHxkF5bmsntz0veAE5ODgJOH3tigUD2SdWou8sOvCLz
2021-02-24T19:42:41.750195896Z 436 uBYhfsmXG3OqN9lBbBwYnXu3ZHleYIGp7U1QOIB6YzwnN5ImH8i9v981hL1k
2021-02-24T19:42:41.761534658Z 437 Z9oNzmGHD0PYAKhcYC2kt1e4LiHoIk1hw2ebxpZP3wIDM0VPkEAuzGYaUHTJ
2021-02-24T19:42:41.772399113Z 438 KfR15KrWs24ReTeugyy9qGgiezOvGee6MTlhBRdYxHQVFnWSutCxrwamVsKL
2021-02-24T19:42:41.783534892Z 439 TvDMC7j9OgYaXhKdPwHf37v3ibzcDZm7bnJByB4JFogrkrbFxZihPJWNAWKc
2021-02-24T19:42:41.794876784Z 440 RIOrkhXZDREM1fGmAW07lBZI5I8vtd0G3RyAbidLAaeJMWtrWqqmsK0aKdM3
2021-02-24T19:42:41.806405109Z 441 3KzGeyJ8Ir2Y5qNK2QTVuhGo6gx2Pfout6WUuWe9W6itsxDrm1a2rBQ5Yxjo
2021-02-24T19:42:41.818290071Z 442 D0LraZ1dYcopno01Vmud2UWNowFcwdDmkgD0sZ9N9Xm2khceH7AYnpilaW4Q
2021-02-24T19:42:41.829035298Z 443 b2hD8BIU2kpwrBZ5PMXNeZi7IrGBORj5Gmp3Uy55k5q2M6Bib8IFuJn5OXGr
2021-02-24T19:42:41.839999438Z 444 Tysp5uuOJXj1bAax4WM3GHYYrI4vJ44EwU1Hix8cUbEwst380Ho9HK9gyZmt
2021-02-24T19:42:41.850761400Z 445 CcvuXb772MJWgQw9B7f6GsNSWxy2XocswQjrIp94OJXL5mZSR5dGL1xbDSEd
2021-02-24T19:42:41.862064981Z 446 ASxh4s3BcWTqVwNtHSNltnlff4PT9RYnmbSE9xOLeLPvt2TbZEsV3q1fZ2XV
2021-02-24T19:42:41.874072936Z 447 0k5c05tqRybt5tJTdds163TWFKxx3WZ9kEjkdt0yoC271HQHwu6uFPhQVLPl
2021-02-24T19:42:41.884609118Z 448 d27LoHmVgqEJJvmNDGSZ201LSQJPWASx05ZEDKFoUqhpDTmoN35OhVEAbXe0
2021-02-24T19:42:41.896412026Z 449 ZUoK7GvL2ueFJUPOqakm8tIbTuwlnss62mvteUQRcVHakbVqIaiAc5tQE3bn
2021-02-24T19:42:41.907825130Z 450 g69EwQLebppFONciReMsJJaZxRT8soMTJYqwwMQTlcMs27XN2IevATBdBjGW
2021-02-24T19:42:41.918621083Z 451 lOYYdZyWH2a1DwLOGCJphjEI5FvswwBZSQL1hz1IBuYv8ayWFtG8V3aO7wGf
2021-02-24T19:42:41.929802746Z 452 SOa4eo6PRUVGd7aQsL1zFRGdJSkqPzpzkDwFAc3DZaC2gudnWXfnkTf2KEmS
2021-02-24T19:42:41.941341951Z 453 NVMMOkL0BL6m565yVHX1fWClp1A0Z75FU9xsOAPYmqhx3o37H7rvsUHiBFbL
2021-02-24T19:42:41.952618864Z 454 4JFiARe9L0Xv6dL1wOcmK5u3r1TiMOTuMZ8wifBfvQvmciqe6dgvSbXD8kcL
2021-02-24T19:42:41.964355968Z 455 Qm6cowQ21vZFVdqNeUm8yHwEZahELqnp9UEGE3nV5mUzCG1JzJ0iwQPIJtky
2021-02-24T19:42:41.976134676Z 456 bbDVfOZyBl4LtWauoWYSYXok3qSPDJd48HSXJqt4EgSbOeSfUamF3J8LCD7p
2021-02-24T19:42:41.986849225Z 457 VXkeY0hZPMED3NaBQ5YPir5MMAP42gxX3hv3syRO4AD1cLgtpRPurAFN1HoQ
2021-02-24T19:42:41.997972158Z 458 oYwyFbugbE9iEceVVFqF1xB9T8naqZJtwekUXiVfEOxAL0VPFSLqmCI9lNfk
2021-02-24T19:42:42.008443166Z 459 iHT0076kM9PWUvvRSsApAE0iFOCbfEpgejogUhByRNWsvEqFQRCUxXBlcfar
2021-02-24T19:42:42.020230780Z 460 jsPoBVnT2Hg6a19toKvwaGtqp0EXnRK9IgVQRQXaAr9E9F7vTZBmFXiL9xPH
2021-02-24T19:42:42.031220115Z 461 nByxDeUCngTPzAG2KTyOfC5CO3QCZTJ4kcG103rZhf8vJfZPTUQgR95nF71w
2021-02-24T19:42:42.043778369Z 462 vrlNqkTL3UcLSyzZMtvfTcMhwmqGABTeqacjoga7nYpczQ29td9QjTREzSZh
2021-02-24T19:42:42.055841906Z 463 omthAhOqfMQ69YPeo4Azt89AswytSc3YptqS3IxslPZbM1Szo5VPMR36IfIz
2021-02-24T19:42:42.067122835Z 464 ETWKnLlQEQDnaOPqF1oFmESFCBwwlLBKgMJAscPoynkABhEf96iG78MYvunz
2021-02-24T19:42:42.078500407Z 465 BugSJbTVLsBucVdsOIUuXwya9CY4MG9Be6pOk3AZSDksEKhyMyn7dhRFJtZb
2021-02-24T19:42:42.089521628Z 466 03sZmluBpV3zRRfrkeGTF4aCxxuOhwwyb1MNJQvIhk47UK078jciyA19cuuw
2021-02-24T19:42:42.101289801Z 467 V9EPKpwhKf597sfSJ5Dghi69DYyZOdfa3NTS77SZwjKKzoBbBR9igbPPUJ1Y
2021-02-24T19:42:42.113725923Z 468 qPV6I52UFE29du68vLK7GUMIFDKv1vZTOtdIcbct7KQyJZreHugxXjBaQyoO
2021-02-24T19:42:42.125184748Z 469 s3KZDwmWJgG2bVPSxpvK5Y4az9zyeNntUSC7Uyufh9LcsYJhUld77X4UWVJh
2021-02-24T19:42:42.136359419Z 470 jPRvMIt4uwl2N1i81KURSjhezWPHdkewlIivNthYYxjivNxB9YaVUdoHKbML
2021-02-24T19:42:42.147655324Z 471 OzFGjj6xYgH9EI9U7v75qTwZpYdEQcL3G9dg50cF7I984Y2hHDhuhY5Qqyf4
2021-02-24T19:42:42.159254422Z 472 N7PJkuKBHe06QVGjSzQPXcurUQNFBdN0uNbmp9QBq5C3pBAOZCG9uj9hnhoq
2021-02-24T19:42:42.170066439Z 473 TCTXOc6b6r0GIUbIzlYGZnufeeBG3fa6JlOe7wZd8b3xSKvCahS4Y0gTESSp
2021-02-24T19:42:42.181445183Z 474 MeffQGHxBlsn6Vu8iLLNvRnurY81L5blKcbExMqxDN2d7NjAOtuQFuGSVn8c
2021-02-24T19:42:42.192388477Z 475 TqtG3CMkvxtmYJl0YyCd3Q0CovaLQsWL1Nr7tOUoac0LMSLsmwshkfbalZvL
2021-02-24T19:42:42.203853299Z 476 JjoHtISP5jTKdIrEGQdmA3C48zpzgunm7Mj4o8lSokP8ieXSQSMwtW26tLPW
2021-02-24T19:42:42.215308554Z 477 hk76MuspE4R8Lp49wltzD8tFyzxUOyQiHQYw0wxP6KksKNGXDOyqrYDV5Qm7
2021-02-24T19:42:42.227163495Z 478 zwT8cMDTcmT5GRaCrnpwsl7CvAwXZzTNXCnLYkjMQFaJcy7kKPhmsAWaJzzZ
2021-02-24T19:42:42.238083119Z 479 SUc0xcnjHiosoDghNRHKISdNbDMexoMN16C0GYtqqLZ0kB8tOApwdtmtdSQs
2021-02-24T19:42:42.249675547Z 480 z5X9FjmcgQroPUF8Z2CwZkVxKsT0KSSFrMb1M22VkJbVquJ94YIfFXSyj2rG
2021-02-24T19:42:42.260580474Z 481 TQw1EQZ7GhqirIZQjY5yTJvWHl1oXEYDpex015gCibcKVbeSvFpoNja7xgqb
2021-02-24T19:42:42.271924608Z 482 uyixFL0eYjxHze7yOcW7AkF6ThxyJhjpHNETCSCbTpg8ocyRp6LhVHg1WNU1
2021-02-24T19:42:42.283361552Z 483 AnHrLhenX1pTZhfIgIoCFUuPcNfFbtVCdNF0LlZfaS5IYY1UReaxpbeGHyob
2021-02-24T19:42:42.294600457Z 484 EcNjPpRFsIDU0hqSGpZAqFXkgd2jZfF9Otq7ZHypqfyzt4ENxPvW9QRXN6x7
2021-02-24T19:42:42.306073520Z 485 wdzVRiHeJge31x0h2R9KyTXY8MAlSiPwJvkN1pFUlRc9cPjDKvFRgL2ww1fh
2021-02-24T19:42:42.317532536Z 486 eFu3mPPuZoVE0uamIigQwdONfEINnjOn5ZXzGD4rnPGKNnl2f0iGNmGNx1OF
2021-02-24T19:42:42.329325329Z 487 GibY0Ojh2wsrL36U52bSV0zpBZVuuKOPiJaYSl3VQS4qck0P3HKXPufhMnYn
2021-02-24T19:42:42.341248082Z 488 q1QmTeNi1nWIc2z0Mc6xNeVLtmfj3WQ5BilXb1c7NV2yM4IwppiQEVakyMLv
2021-02-24T19:42:42.352542233Z 489 JdpVfGiKmtIzuoRAR2UbgcxOESiyF7hYBcjJjjixBUjdpJ0wwN4fwCWVqneS
2021-02-24T19:42:42.363943353Z 490 QV8oNtVgS3J3yTvneNLvqXTxgihzMYZoAB9MZzzMuBcfz2Rlm3UeqIBGWRKe
2021-02-24T19:42:42.374637326Z 491 BJpOZdK8n1H0La4q5cCMwHEi9GtRNNd1ZPipFWolGIudnjT0RiCZGegIEcVU
2021-02-24T19:42:42.386406948Z 492 6pK1V22wThvOXYRDdnIKZxcl0MbftbWk7SfKbTQ2tqKETuJA8COU8EESB7ns
2021-02-24T19:42:42.398179667Z 493 JK5Q7e6zKxQYILF9jfqPM1hRmEte9Jo2AOZvltlC0TFoVQvslt9IvhoCxNGs
2021-02-24T19:42:42.408480577Z 494 PQgy5LQgeFomQpwPL0ylFcz4fe5Gjqf0sdpj4j9r6RORf2ES3YxA8qq3ojaB
2021-02-24T19:42:42.419570852Z 495 XkhCryxAMbdRLgcZ4SMpNpYomsnx0qyN3Lpknos480YrVfLY4rJn7qnFpEvr
2021-02-24T19:42:42.430924968Z 496 tKAZAECMdNPE9JqmPJ1JMJtaADxQO7E4N0i9A45ikhAFvLEVwmveOzf13Wvt
2021-02-24T19:42:42.441841160Z 497 yC3JsthUf5nU8gKHXyuxNKXk9AxDqhiJJNLEDYX6S2R3NtxM7rYqMjdoovve
2021-02-24T19:42:42.453630446Z 498 lviqVUnUzFqX8UTRSIZq9dCsw97Oqhu8GJMLQDdIRZQW9AyJGhlXQydQY1cn
2021-02-24T19:42:42.465266275Z 499 TSrk4oI8hwU6rP7GJQwb5bbTFepnrGBzYn41gQ9yDwGxXRyXM5Nok0ZK56QE
2021-02-24T19:42:42.477275385Z 500 hGXL1tHE6FACMPR1ozTSFrWG5vh8Nha1mBUKIPEOQlpmvYhlPILmu02DhapZ
2021-02-24T19:42:42.489438860Z 501 hS5It5p8uA4k6wct6LRkbiRfU24FtSMON2lEYCyE3yxo3BoQhv2MwvUv79NJ
2021-02-24T19:42:42.501026132Z 502 8DOxkPl0NRDsgdzaDrsJ1djOo3SArbBhPZd4UvEXq2bw6wKWJe78boWZ2L4O
2021-02-24T19:42:42.511539163Z 503 wIY9HlGwq3oQOh0fqKOktKLyOpXcNmdiWIkhbBiKa9ulLKXF9OY0O8vPagkQ
2021-02-24T19:42:42.522495616Z 504 R8wXFnwjtzc9LzPe1tqkyrjoLIX3hAhGrL9XUguOS4OkbdaQW5IVmtEIOglm
2021-02-24T19:42:42.533478483Z 505 wKtrCOzD8Om3pJt8Sv85Jl41CUOarPFd4syykUkBdNAA08udP2AkhluPmD01
2021-02-24T19:42:42.546026144Z 506 ThSiB8rxlzsQmx2hLEuDXJTRD2sI9GkPEsZH0XMmVVDaoim0EGWCl7KTN3yz
2021-02-24T19:42:42.556426452Z 507 uE7mOLg6bqgxxhUap6YauGJ1p5rYQ4348fVj6GQmQ47ob7zf3gaD67uiEJYV
2021-02-24T19:42:42.567296668Z 508 N5Pf1F9vCkiR7MOuVKB5Zit53os7QxniVB1JPtJVDB8UOo0ZPaVRyvfqnYg5
2021-02-24T19:42:42.577979734Z 509 8iptTrrXLXwYjOntanfya5WLw5X0uPKXR3IDbFdAQ1gY6toSw08Wm5SmLLrh
2021-02-24T19:42:42.589311994Z 510 RFHDMZUxQu5mnAeWsqDJwdN9MKrIJEqy4MmaUhhIFKZ83mE9KlUTMZgF3bwy
2021-02-24T19:42:42.599631527Z 511 t7d382dOUJTQ3h6014eCZGj43DtFZb0dL5Yc5hUvCvx8hSMpHq13HEGrI2rY
2021-02-24T19:42:42.610653934Z 512 lpXUmYG0TmCRsrXzZor7p84X3E0LRPoqRB9JggbLc3EqGxRLIxbWf7DkOhsC
2021-02-24T19:42:42.622033162Z 513 O1b1CyPQe9QMOdC18pCPiHyR2MXPTwZmW4hIMGJ3PYgJGFZJ3raOfO0ePEVB
2021-02-24T19:42:42.632674976Z 514 Y3vLvdlzRuy44VO1bZ0gXKOjSbu2rCQmvPUw0VYA0rnp8xbeIRmutVPdbV00
2021-02-24T19:42:42.644453380Z 515 a33g7uSoTBemqJZevHEyxvIKGYcUB4B5qEZd8kPHEvdUvn87NePJkU3JghoO
2021-02-24T19:42:42.656178941Z 516 02sw4qVEGr4cn520YIbF76R6BCaWyQP6Q9rHIiZbdzpL7SLWWi46lczcA643
2021-02-24T19:42:42.666799572Z 517 2MvzxYpeQNnY4DiakZywclMCm4YoZbYSzfwedMMLhrtdcnxyCUaFLsxh2zCV
2021-02-24T19:42:42.678463157Z 518 LglKrSeoPHooTTjSIPb9K6LM29loKVFSwHa36sLIUcrMsOs8ekeXsNEMtDF1
2021-02-24T19:42:42.689410668Z 519 piB4p8Nu8vxhL87W9973HYBM0QVCtG0Boe47Y53CXoMfCwIunzelsvJTqjJA
2021-02-24T19:42:42.700705075Z 520 akAjq5lxmQlJo5TGOaLes1GKeS57Un4yA03bHNZ2OLtKZr2TyhkjcRfIEnf1
2021-02-24T19:42:42.711951850Z 521 ryuWXsy8TjXmI3J4AYGdXIRMqsjyVABtqoGqfu5O34X31eCB282QnXiFiEwR
2021-02-24T19:42:42.723633852Z 522 q1p56ci8Zepa1ENxyEyj3U7aFEH1ZJqH4iJt0bWy6DZoyPjGNhQN21WR89dz
2021-02-24T19:42:42.734467652Z 523 g535QdW6uXYXvrnp3JynHrQ1CHgiwZsBu7tUDtDxovL78zMXCJ7fDuRxQboA
2021-02-24T19:42:42.745275213Z 524 WNG6CXSXfJOA8NreceMvkwhlHhJtG4XvdIh9TGRTdChLUzXzZIaOW9zrYLjM
2021-02-24T19:42:42.756445528Z 525 TyrX4fwIUSaY4gcIBsetxgAU06pyF8l4xXkNDVqHHTb4iYJGePXFb7ymqa6z
2021-02-24T19:42:42.767958299Z 526 wCoHsq48FMj9MSk7mrS78UsvQfL8K6GV1ssoNwA5QVVm1clzjq3Sc7KZi3Yt
2021-02-24T19:42:42.778464296Z 527 sJBB61WhVXWRndpOQkXRhjTQooW9tSIVBmQA28nQqynxbflmzaOSfWTcEomk
2021-02-24T19:42:42.790445263Z 528 GA3bTDmAJF2Dj7UNPDdRlLLQY4v52YGF8VazrRqMSH2GcnGfBZXmS8QwTAgO
2021-02-24T19:42:42.800954689Z 529 Unv8Qv9C6kKen4mZEnQkhaaJb9BnDgpG5R5fm8pCrmWgAIKqxx55mHPnx3JV
2021-02-24T19:42:42.811811187Z 530 YV6vH6ZMmklGUVkB8WS0sK3C80CSiiuGJKOjhGhteTgf9W0DjDymDtH9fQDm
2021-02-24T19:42:42.823004173Z 531 ufLcLt3ZpM6LEidVDr9GTQsmhjVJFALR2onhiM581KPYXXF2ITWpvgEX7CkX
2021-02-24T19:42:42.834248996Z 532 DYuFuqF1SPTLrl0YEIn8mnwLGyUMBt0uhBDxh4E2aCzhaPdVGBJ4gz8dhh8z
2021-02-24T19:42:42.844870247Z 533 YEld7VF7jj40MBrfCFfTWfKPZxdJQOpFW61DhqommZs2DfjIlnu6P6nnHppj
2021-02-24T19:42:42.856421459Z 534 9omuOCEqdLewO0rzPEeUnjBkRj8OYIQ7uNPiNYEcG8nmiC9KIAB6DWpuSeYw
2021-02-24T19:42:42.867558819Z 535 ANrAMQ6eUmFmzhZ8BwilwSFLO9ULaAQxHwd13UZ4pUWqbwnjMkrhk9o7pvZn
2021-02-24T19:42:42.878392710Z 536 caeRJLmMBS5VDufJP649gSrJNzUDEagc42VwQGSd85O17I2oIwaXOA5pyplU
2021-02-24T19:42:42.889551599Z 537 wYP1qrcgA0pmvNJzYXSLKkWMBtaktsEU0yYkirDwnbQI3Hfb8qv2nUKXYN8x
2021-02-24T19:42:42.900800130Z 538 4ROQKbWUzASQlMI5FExawcFha0E9uwW0u4mfZtVJW8WURYYSdmXqlzVXI82Z
2021-02-24T19:42:42.911506723Z 539 NquWry1yDDlVecmGDbgboJG6dfTmFC8TUi4KL3AX8QZH4ssY1psKbpvaijcU
2021-02-24T19:42:42.922922083Z 540 12RWESgBpkLvk7V0KVTWG1fNfYaNiqE94YJAqJGAWKgC9SguEKALsngkSd3p
2021-02-24T19:42:42.933658738Z 541 Pwn85b5256Km20AG5timS8WoI5BWbhr7Tb4dnWJaN3SNuQaz5MR7dn1tstV8
2021-02-24T19:42:42.945403693Z 542 Qi7T3Z4UlVJmmovzLr6ITismFfqKlLzBi8e7rnYXJB5lnYVHI6HbDNIg3prL
2021-02-24T19:42:42.956979305Z 543 PQFo06sM9jIUxfc4jOOidYgkMvYYvhY3fitZeBaeAYiJifdvuvgeRNTuM2DC
2021-02-24T19:42:42.967693931Z 544 qTzwigDmqHO0rz85gqxqqUTZclmBnbK3nieV7vXTchh2bkaCIU3RR4KP9IdX
2021-02-24T19:42:42.978829581Z 545 zFFZ8yaTF5dilPPKje65r7d9PU0ivDtsrv77Z4ZmSebt0VZEO52i5Pgd7SqS
2021-02-24T19:42:42.989859498Z 546 3IbwCbfxRlkZMLGcuDu1tc2ifumRaNB9j7gp69lkHqmgD9kILlcefhPTeXUl
2021-02-24T19:42:43.000622066Z 547 TuyIt2PbWRUe3b52a4MN9uLSlyMkJ0IpKyCxqztbLw1GYHOgcN8jKewGQVa7
2021-02-24T19:42:43.011332733Z 548 GJ9yiPKadAzvvbCuyQ9DmXSwIy2tCYR1kqTZJW2i3PVGC17V6rcTRAwV6EMH
2021-02-24T19:42:43.022546119Z 549 EEF4SCXrUpRwKTvYsXA4V7mp4zcELm17nH0kLSzRPwLM04GUB4xv0yV5rgFT
2021-02-24T19:42:43.033610901Z 550 xr9PO4X0xaeyho9SuqcxbtfbFra9iOxCYOlOmhcyYEzkTOlbaFT9jD34OvZm
2021-02-24T19:42:43.044620362Z 551 LbCJtGWkXHYh2q6oghQzQRp44dp2ZMLv8YyVmI130MJ8spTDcTgjaZKIKkm9
2021-02-24T19:42:43.056098269Z 552 tHSTeCg93bBiFxyGjE22U72yfBP1LJAVJopBIZf6IrFwT7jyVYas64vj46vH
2021-02-24T19:42:43.067697383Z 553 HxMAuQcTKXNaSg6bOUHGdI8bwpHmYdRh2760F0FejKv5UnpBjWhUnvlPMfX5
2021-02-24T19:42:43.079287611Z 554 42gO7W8uWGBz0oMpste0FEw708xs0zsD6GMg8H30LX6TwDXjtYwNgokv9qj4
2021-02-24T19:42:43.090648398Z 555 oE0BEIED5qQRHrbkFNKSCINSz5yAu71LJ6kAMAVbIUgnX2IgA1Mi9cnhipWL
2021-02-24T19:42:43.101923150Z 556 BYYNvbYN1GqT6EubN9SsVcwBxX4WVlhmV6t9nVK8xjXZciicOqQC5CNqKpjc
2021-02-24T19:42:43.112971920Z 557 rca4zcYK2Eh8E6IYmKkibBdCnfcmzUKFLVF3oKFgORAzAKAj7DpFmL6upEhf
2021-02-24T19:42:43.123671248Z 558 jN7usGGSkUVipDQF5uF6VgFaZwpaV5uPTEVkrb1UuDzKwgsH7abwQ7wXNGZx
2021-02-24T19:42:43.134311385Z 559 TUFlLHUQHKWsNtzzH1PBD0WsnK7KXKh1vbwAj13PvYXmDUQDtOXGZu6QPrgG
2021-02-24T19:42:43.145547783Z 560 MtXVfAvILd4u2tkPKHIAdrJqB8mPhGj45rjtM9ZRdmfH7eWNd7W6CzEbM3ak
2021-02-24T19:42:43.157451868Z 561 KJliD6iJEerC3FtIcqqwUA7lA10sOtr6xFWTUsStfFcyErzMW2WzmLbubyU7
2021-02-24T19:42:43.168539333Z 562 FGMsvE0XvZsTdvC1D3TzZf8d5ET1V5CgzM0I54d61qRCzBogpFdQO5tKB2kG
2021-02-24T19:42:43.179617820Z 563 C7AT5okM66ijgeJnNLNxLrrNcc3dh6OrnY0PzbQnDr51s5E3xS8BniYy6QuR
2021-02-24T19:42:43.191147691Z 564 YJRX1eQNfQ2HjCkQRb4WOgrwplwIMQk0pMDtZbEFJAe23K0GNCIvQFCOTlVQ
2021-02-24T19:42:43.202354315Z 565 o9ThCB8wGC60AnPF2nXaIzpyUZv4yXm1ZfmmyN4q2SRBZkPuEIptkwWhHZQv
2021-02-24T19:42:43.214221304Z 566 HK2okEEl0KBqPbZ91uauTtooP3eGDSjpSh0U4PgA7cOLRcqlytzKfmUNAW03
2021-02-24T19:42:43.225320118Z 567 fujdSFPOlGPrktsyMU29cmYdTTZxFFJus5NrvHdsqeOV6Bsnc6kjvXkjSyat
2021-02-24T19:42:43.237041377Z 568 is99cQU2pIQX7L0XoDlgNnfHlrOFTi0GUrN1Ig275MmIcrMg1RsRCs9PSwP3
2021-02-24T19:42:43.249077141Z 569 6BPLjLhasCKDgPeYJ09vMAbupRKPlMXf6IhJW5rgPKfrDVv1RRTvFHxMl9h6
2021-02-24T19:42:43.259637218Z 570 gsUGDRN366Fm7cKTaS83QumVjRLAF209hHxlAf1vNe3hJkUG0NiutPOOCvwT
2021-02-24T19:42:43.271288156Z 571 rb9YZJuCdcTR65ZoQZcVUljSfnl9RizF8pu3s3La8OKVDgn6J95yZCvGh2Xz
2021-02-24T19:42:43.282550827Z 572 dSQaptaIfmFlokG9IiEYithSBskgUDwUys2YtJ83kINb3irouL9ikObD47bC
2021-02-24T19:42:43.293547830Z 573 7pKEixJbeW3cDhWSWgq7s8y2aa61qfwR50XDl8YzMocmWEIJxwFmLgdpveJB
2021-02-24T19:42:43.304777038Z 574 cRKkDdoSHPycvYdHbFz22ZVYbdt1kRF8iTbhQQRwPC8doOKMRI6S8tRwR7NB
2021-02-24T19:42:43.316124841Z 575 D5sJh5GzUAAzfSCrKQlyWIMuJGzfVckrSJnMIIMKG6WnbxnAdX7K5gZTVkr2
2021-02-24T19:42:43.327599811Z 576 JywQ6BQhsPaizVJQMZaiJYa3TdZBHirttnmy9HjsOdKUo81DnSZ9fzSM8tMj
2021-02-24T19:42:43.338616144Z 577 pSwUXmO0jTECnV6vPe2VNcRWHvaOm2miHazenTHM2Cc07XWyCnqsvWk7IkZb
2021-02-24T19:42:43.349518250Z 578 FirPIgwQ9emLYowwzNH0YssRXf5vyl05aEnVyFgdOp3NpPF6gExZ3Mqj6Mvh
2021-02-24T19:42:43.361202264Z 579 qfR3J2p0IRVisAuQi1V5wfBKbFLrprLXYrTnBc0ooQPGM130GNTk2fkvF2yR
2021-02-24T19:42:43.373308758Z 580 oxXukgXijUNK6UJzsju1rIJrCbZ3ylnAJw7asp3cG4POXGQGt66eNELwqUVL
2021-02-24T19:42:43.387036167Z 581 t93CGedgjrgD8rYL59BzVIZqWipyLNPNMaDpW6OQ5XdpgGBRGviGxSmsRFqH
2021-02-24T19:42:43.398096298Z 582 pw4Y34e6XGt5PE0sfnTIKglyGzlcUuxDz8PkaGkvIt5es3PEKwdkfsegHhoo
2021-02-24T19:42:43.408366242Z 583 7YdHzUAxhQeF6A7kx3o3lnaIHhP7vHEaBMFXkgazOHhG417XFXBU90gXxihd
2021-02-24T19:42:43.419440848Z 584 PF8MlNYq0T9dlDh5gGWm40BHbqUDsFgJLlDh8KdEDiyLtrOOxNRMnb8K1va8
2021-02-24T19:42:43.431221456Z 585 eXHhYNslElUpasAsZuhA0ySSpCWqlF9WETnG5gCuNbC2ZLETxKDamisNDbW1
2021-02-24T19:42:43.442621457Z 586 66ux2w3Cc6qrtx02qPC5rZlsXMqahispF5cVjvT7eNFMmhtDrRurmN5bepqh
2021-02-24T19:42:43.454478768Z 587 ZxhxBr9vPA9MRLAVLMSsIjHfbU78TFjjJPaPBiYrzVD7qyMrZy1hFK8FTLgg
2021-02-24T19:42:43.465916232Z 588 sUVsoDKUQOWh5FLcWlWtkggjOAR0eR5F01xSKfKRRz5HDAFadfHsGFc2mtkj
2021-02-24T19:42:43.477045526Z 589 Ceb9gEbvsJFR1RuDJyDZA9VjNJ040F5bKYLInUhkHxEJuMhMhT8HXijy4UKL
2021-02-24T19:42:43.487357062Z 590 Gti1LGHLT0KFnBivbqWwQtE1q76RAmmglqkCN1hBR9s7AqBzWELc0SBsxqmf
2021-02-24T19:42:43.498690756Z 591 QTzjpCC44Pe5qnKaHPUAHZjKUb6P1hOnNExEu8huo2gFVE8x2hWVFLDnqslu
2021-02-24T19:42:43.510094976Z 592 4kjTNvyITuPh8qXErutpdEt11NmTpSTiCH2NEYCCAniulPzqAft1GdLhF3HT
2021-02-24T19:42:43.521920980Z 593 FVfW2XUSkaivEYYIEcGKBP1uAOVBPxL3UhMG3XVR5QYjxvk9uWK5vCZhzqRI
2021-02-24T19:42:43.533367960Z 594 2fOgPBmA0jVgPQGWDu88CeIbVww6Jc4RttBmM4pXUUnJkaZj6MPUlvwRScLv
2021-02-24T19:42:43.544445412Z 595 rW8iViEmxzuhjwU8TrckXvzCOLh0XwS0qu4hFIId1xtFOhHW3qy7e8RCvFqB
2021-02-24T19:42:43.555386597Z 596 fj8cJYq2Qy5XFosbwdJdMbfWW9v0D2DteFcRDQeQzjtluDkSJOtJuD3Qo074
2021-02-24T19:42:43.566778976Z 597 KMlU3Xh2BWyfcHevIVfeWE4zaGzLLOZYlZXaGOIgZRVYoG8NWM4yiyx3nzJT
2021-02-24T19:42:43.578175810Z 598 CGwHMZ6aDHD9jEfRdH3qLpQloQCYeJj0hvLhZgkoEEXICVipXVt27bFcHn7W
2021-02-24T19:42:43.589235019Z 599 fPVQOJX7hCHR3YGiUtwK3DCC6bMpkc8qXQqPTHUW9tMt5ILoqW6QFXggYadD
2021-02-24T19:42:43.601099112Z 600 kC0h4NApdOZdDpNS433m34ikut418ww4XDWtFF0iCnSUvK1LSkjSn0DGjsNA
2021-02-24T19:42:43.611433967Z 601 DIhG0Rys9J1NWh6QhHnLXYtbz6tCuI2rscA6xlvqT9bzklb6DNw3PPhklFYy
2021-02-24T19:42:43.622886641Z 602 wRvzeK0MWn88jJQxqrT8XVg7s9RKRcNdKYAAWtCsExLlVlBHFw6zH9TUaOig
2021-02-24T19:42:43.633875381Z 603 DLUNiJmPfiEaXHVdSglwC93YiWA4cdkQ2kDpxnhqcxvZKXDmuMg27zQfxoTr
2021-02-24T19:42:43.645100573Z 604 2KxkfrlhGURjr4Jh0NTjG65rPHvPTnbTiyqr5awPOHNtskUK2EnrXFKGQaSU
2021-02-24T19:42:43.655939144Z 605 ESn3tgb8M25i0XxVo8V3U44Ad29QcBFxctNj50Y7octgs0stC3r2J24g5Pte
2021-02-24T19:42:43.666925029Z 606 cOeFpzGpS37cnNhzDHpj59GqhFKnsCliky5pvF1oVsIfdrQT3eR22KNlb8Cq
2021-02-24T19:42:43.678207388Z 607 shN6uiNksk8nQ2Qvbah8ORJdUWVxWdNMUkK1390QF9j2MsdSPN3yihVIqfEA
2021-02-24T19:42:43.689346653Z 608 ASj4leupod9Q0p6orjb9umBa14nss4qIdcKLuHid0AWJhOI3lxyC3j2fS8BL
2021-02-24T19:42:43.700689529Z 609 EuhLZEKS3jTbYChg56bFvohzGAGaqKzxnynWFSkHUwYGeZjO7ygNcgwQzCOu
2021-02-24T19:42:43.711432532Z 610 1xazJ22AFF0jk4vBmmFxQ2S9yAteJ5RRRpR3U2SmmhZRWoGGyWvD9QabwtHP
2021-02-24T19:42:43.723111728Z 611 FfTjEieHFMS9aw3itFZvsSt7W37UBlKfzttNVk5SmDxVz2eAzIn8odNGwRga
2021-02-24T19:42:43.733735155Z 612 XJSb1S1AuzhV4p7kqN3AMm4zTMdhsK405BCIfNmFwpdhsQubsM9ovUjKokzN
2021-02-24T19:42:43.745221699Z 613 VYOi3YW8d7b47GiXGjDLuSxYcPUGDuU9XvmROXPRV0zLYfpNlXzcWtvVTxxf
2021-02-24T19:42:43.756209419Z 614 mbpKKGTGZur9adlAJlxIBfCfwOedS2P8nl6xQ1CrGx6ybHRkpu6GkF2vDlp8
2021-02-24T19:42:43.766560558Z 615 rjz4WFoq3SyS2r5147QzV2i53LuXH59CFMBjRijhtw7XxkSV11B7J4RWXoJp
2021-02-24T19:42:43.777738327Z 616 GNHIJU4gzps5Bw3GGsz73qULpUg2tfIphx76kEUg01CZ4CN9h1ShfZCjGGV9
2021-02-24T19:42:43.788632066Z 617 XknCwSrfHhzP9px8VE73RuSqnGDkpz6dsxk70d9BXZDmcglgdDnkcR9eM3t8
2021-02-24T19:42:43.800349635Z 618 68j8K7CA4qETYWduglNO7n7a0o3xWYNDNexaPB2mtstHKi6PbZ6fjj7nyBus
2021-02-24T19:42:43.811272638Z 619 p2RYf1i5nFIBU9uhccKGKBtqS3tCqAcRZThESC3uj7E0F1y6SiAuf9Gp1U2z
2021-02-24T19:42:43.822607107Z 620 Ab2xFcRlXIuHRnLfIrXhM3jtqlGrwnYZAelSV04WynLMgqrQZGP9MDDUMblG
2021-02-24T19:42:43.834266276Z 621 uqSMiDNRDxGUiOZjI9XcZXrokz5JrcrdewTPUaqx1VRFel4cio4yjiRLKQW2
2021-02-24T19:42:43.845566438Z 622 KvzpNqovdH7BB0lLYJPRVbE1dmX6TenkBcnDQNmd82EUl5EbWpwtWSmE7NpC
2021-02-24T19:42:43.857376817Z 623 IClfRbzjkEblJtpJzbEOIFH0ySqcENaxQHXIJg7FeEd0trTz8xvhdDCRLAx9
2021-02-24T19:42:43.867882536Z 624 UQmqqP8uqsqYaSBeIXJxvyeP7ltsGi7RoFmGDkS8USirqcbGvIvefQAVW5Uw
2021-02-24T19:42:43.879096514Z 625 8X5bucXJ3uMSEssU4IvDFkq2KbTNPi7VyeRqltL7hIQdaHTYxhckNPj19gmu
2021-02-24T19:42:43.889865169Z 626 9GWlMMxOBJcBH3NnMlbf1ehb1spo6mUYpBVpG1QkGtcYS7z88JJroiIkt98q
2021-02-24T19:42:43.900662250Z 627 ssBU15nAXUSnDHf5rYbk5CYgXLhaxBROLIl1ouT6BFjQn1SUfQLxHjxczn9J
2021-02-24T19:42:43.912174604Z 628 qwfpCOsFkCClMMo38ObbZ5TaIDjmbSTmkjiZgoYTcmva8HnlS8zfZl9bTMFV
2021-02-24T19:42:43.922599774Z 629 TyV7tsQvjuITBJAU9vDK4K6HqiFbc5o9kZQhGzamyfO8FPoVkZINPM3wfKG5
2021-02-24T19:42:43.934351935Z 630 4sW00F5Qeqx2rdWHATBm1cQMHTWV2NbCYw2SBqEbgQz2LG5dVbRvJIU4OHQz
2021-02-24T19:42:43.945375564Z 631 gztNByKjG1YHqEnJyg36FoGTofj6ILtA9ax59pxKy3tdiX2r0oXdDRuqTuWB
2021-02-24T19:42:43.956069747Z 632 WWMgbckI0Hl9YCeG8Ykl62GP7bgIY5tGXQlcMjRDVdNMA7zjowsVOr1MEi7p
2021-02-24T19:42:43.967216777Z 633 zTJLgR75o3HFLaf56vo5YyeogVYJzzm4XPR8qr1MA1yN4mHEshQ1lDnDGrMk
2021-02-24T19:42:43.977605666Z 634 ER4zvvYoIkNEXYJqp2owIHhqpa8HEpQy6SW2fzVdjKgycbqZKmpLPDHReHws
2021-02-24T19:42:43.989113670Z 635 rLnyDJADzU9q6p3X2jflgqXDJ1eAkj17oTusRbfnCkXt8Uv0vvpKekUwfO4Q
2021-02-24T19:42:43.999509000Z 636 v8klAZ6CckufwGEWgJzXPPlsnLniZJMEee7sBeKVZIPfl4K1bLzu4H5CcUMb
2021-02-24T19:42:44.011136897Z 637 2rMwGMpJ45QHpBEjFDxqc11YJvGpwMOYXqyDW5ur3cPXOVgjTzmhznEONji6
2021-02-24T19:42:44.021640685Z 638 Lmni4pdFIJlyIo1fjNIWVL0CG0kisMgxXUJFkoHooo9hhZpKZaTvbm7vKJBS
2021-02-24T19:42:44.033093005Z 639 gsaGAu7Kg4S91ecIcciP8tQsP84NwB9cT8pMEnujUEsx9Kl690W3C9kBcw5K
2021-02-24T19:42:44.044444327Z 640 KB80FqH6ftxzun3dlhKpIQBRHm7Kx6D8JX6VwlbEu8DnDORaJBsLmc783D2C
2021-02-24T19:42:44.055785831Z 641 RibJ07JmVFJT6wkqR5XlKzBhY0PVAGQDYEpkriFYQEz8gDKnT0RlCA1E2UwX
2021-02-24T19:42:44.067287653Z 642 SUgJzvbKau70XGvgdnQ5Tt1gZKji1iY4qsRHZjAQtgtFA4oPnXTqxVDktZko
2021-02-24T19:42:44.079136485Z 643 Id4kC8YKDQ6jNUnwbnOuyFuXNwjviXtzmAncu0HFSBNqc7xqoxmRejNUtKYG
2021-02-24T19:42:44.089903469Z 644 0E11qM1B97TD9IBAO6SnLm0pGrLPG7Mgt2UosFHs4gnDxWlRmmF6CDqBBWlm
2021-02-24T19:42:44.101243811Z 645 4ObQPsh1ZPpbMFTbrjkwpSIg1SHlCfmIaLkuDuT1Ayv1WqBdEC1sCRfxsUyG
2021-02-24T19:42:44.112758948Z 646 qmKaE2Mot18ShI37G5FTPAbgl5KwBKpArIjYjS2g4U3gP2peM02rr7fA5yJv
2021-02-24T19:42:44.123883567Z 647 tkczKXSYIk6JIZmO2atKOfSmiQXs1RBr4qJezIBe3zNBQ4pI2eLgtRLVrMwg
2021-02-24T19:42:44.134796224Z 648 YRHmCC6gHFWYWhz4raFcTmJI6LQpZnxgyyWmYSjLbdtaXdZ5GYBRPcx15NKT
2021-02-24T19:42:44.146190765Z 649 NqukvTt4ITh3LBCK2RUu4OKnwlC2A86lqNR2aRod3E2NH3vGCWxHzpNPhJa0
2021-02-24T19:42:44.157149763Z 650 dX9KWmGc3pq8gelFQA1ECl4L0vDjp2HOq5tdIit8ccav8ksg8JKatcvhoc34
2021-02-24T19:42:44.169171148Z 651 CyWrYG9aPk2SXzW7CB9tP7NgiPbZ0XNzvnEdQnBTPT15Cwe4rluBkL7ABWPS
2021-02-24T19:42:44.180586770Z 652 g5cjKJRNARK6GIWuqdP7Vljm41KlRyFJYw9qsMccPwmivtlPe2JYrm3DHwfj
2021-02-24T19:42:44.191868142Z 653 FiTrmAKkD0fEe7hZx5qR6zEybKs0y5TbTfVbbGeBSm3xnSxFBTYy6ulDb10W
2021-02-24T19:42:44.203269148Z 654 vkVlgE4j1Z7nBg8F9vPRrrAWF90cGvjVW5RNcRnLvHcuHzlVdVYUSDIQ2eQW
2021-02-24T19:42:44.215508050Z 655 bcfA4kF0joleObzcRwGZxzXS56e9nKpXMBUDYcMncheCfhAowR9hb3t0daRH
2021-02-24T19:42:44.227874646Z 656 18nVG37v2ZqDfdqI3xSjytrYsP3aqkp9PWp1xn8tWSveNoqxlAfWQLomlKKB
2021-02-24T19:42:44.239090640Z 657 pZvUwb94tWjBGXi8z5lawCrW29N4qBKLIYnBrNINQ8NWtfQfJLNzFHHu642D
2021-02-24T19:42:44.250211953Z 658 IeyJWvj6k9zLsUYmXPT2N57dVLBkxFEQ2JWkKiINgfMlS6pMbn3jZuOSXjxM
2021-02-24T19:42:44.261994593Z 659 4UTh4K5GOcEY7EbSTzgdJLRj6cg42UIMRGBSXa0ScJ88oNjRoNVycYmJoZyH
2021-02-24T19:42:44.273169764Z 660 RhHHwqP2ebdwgH01E0UEOSst4LaDIGOXCQ1HrGL1pQNU3NSPQEkIkQq5fcUO
2021-02-24T19:42:44.285484001Z 661 rbM1lCWn7SrKQ8Fk7Mp4B3qqcbzMKQZjYzBqX1ehP81cHmvUfMOFKAf9cYmK
2021-02-24T19:42:44.297374366Z 662 DxJxU7TUfA06Tqbq3OQeKOUy1D0vsKp8E5kgNFlb4Du8kRfPyiNn3HPG98Sl
2021-02-24T19:42:44.308645514Z 663 1JWDXD2LVdKNfK4R6VMsl60CObTmSwLnYbYibAll3t1fn8ohm4JaeMFkCEGF
2021-02-24T19:42:44.320070602Z 664 N2sK062WkQLisIpjFRQK8lWca386xWcAgp1aSkOQOYuVJevMHnUu2SOTNSw1
2021-02-24T19:42:44.330652301Z 665 x8yXarVnYpWSbCwn5yAVHSosZt0hTuq57xT7qLYLH4QY9wZGd1f6KNggVwsG
2021-02-24T19:42:44.342072685Z 666 NUQmnjUUl5nuBTsi3Yf3gAIBoq4wWEWhChB54yVKcFaXC7l0N67ZXQMzPCc2
2021-02-24T19:42:44.353040861Z 667 Uyf0mhCP7hp58dHfmixtFPnbmBqjdt1i89jmJg0AY5vkAH8NJALLomndE5WD
2021-02-24T19:42:44.365682455Z 668 J51ngs5S3fEsbZoUyjRQNMgLwkNU5QowiMFFdR8Fop61v7kDEwJIBIu7xjP9
2021-02-24T19:42:44.376789196Z 669 jcbhiipwX2aGwVNze502mPGjSxO8Wrrw4BkrhUMHeIXDLCQ1AdkW4b4H4Eyc
2021-02-24T19:42:44.387983130Z 670 sXdOh5XXse1M5DoNKoT4iLmetCEAZKgLXv3B3Ks7WfblDvBUz191ZDuVYoo9
2021-02-24T19:42:44.399156619Z 671 SFWsWiFmsbZHR6mhrRdZvJTgrPKMZMbghs2pfKxeJ6Y5kD0IS3i8RabFwbrL
2021-02-24T19:42:44.410571636Z 672 6PlbeYNNpyGyXYVpiqFDnAvlVEhl4YeY2IOoBYlmcB8X9YFPdtPY4hrwcMUj
2021-02-24T19:42:44.421726081Z 673 RJGblljwRw3mmaxOw3GpQXpPw5aQVhFTrZ0OEOBnDI4lsF2w3bSi1wdDgTuY
2021-02-24T19:42:44.433307756Z 674 0GjEDPvfFN2kMiBrcZQvLos6pA0dAbWZV63bKo4tWm5FjdyiGRggH6u9zjQh
2021-02-24T19:42:44.445219992Z 675 Z2q677OLjAE9MLsqy2yaJy9Z5llNax3K1WosXZJDtyxo8s7zSNaureVHqESd
2021-02-24T19:42:44.456431141Z 676 PvKcU4nfeBuQKNqwwJTWDu1YTh9FDJXfkxTMlC0zzXUO8sYplM9akseEUCSf
2021-02-24T19:42:44.468109214Z 677 5pIeUGtstYfMh8QVNSg1wQBushtsHWQvbbcIOh6JkikVYgyyVd0NVt6yloIV
2021-02-24T19:42:44.478970598Z 678 pX0nKBHyilvM4V1DnwS218VZe0Y4urB4ROCD2JetOHcjklR2MFHZnayxukb4
2021-02-24T19:42:44.489575196Z 679 94n4eGrw62VSqJNQFajM5Dj4lbpFrzSQEVvORXx8ZgakUiZhdOlP03oWKSlA
2021-02-24T19:42:44.501078952Z 680 0YtvztcLm6M8cvN4GHFw1YkSIJcnVpS0ONPPuZbh1eV2VkDkSbNWnUSMgFwi
2021-02-24T19:42:44.511576917Z 681 yPkA9eB3iYPaZmBEjCOw20EnWunwmDy6rNX9cDDXZNHq7ct4eGCEL3kGpfQH
2021-02-24T19:42:44.522805429Z 682 vmh3qPqglQKZ6NDrUyFNSSX3HK6zq9w7cnqk54cczJGWLG3Dd82g0a5BQnkZ
2021-02-24T19:42:44.534088503Z 683 T0DgSQullMOMtk7Ifm10OvPaNvThiamCr4vBrle2Ih5BAe6bBHc09IRHvIee
2021-02-24T19:42:44.544838842Z 684 pVpcTOIEvRQDEVzF2mMywd5Li7aELNf4ObIDdl3jaobCt9EUbJrBVG86jUVw
2021-02-24T19:42:44.555951193Z 685 jX7Oq0hlvPAN7PquDUMr1NgpCh5TFFtITp0TMiQCTiczKdCqLEYpj7NKfXRw
2021-02-24T19:42:44.566547856Z 686 ajybOrczDiw1fWYJfSOmILQABxuLWB8sLTBpBE5BrYm4f8pi9WpLABYEV6Yv
2021-02-24T19:42:44.578449526Z 687 fscuabNj6ft0BrioEeSelGqny3yp82SXcGrbMguhYnDkIKvrZ4VhBr5HWGwK
2021-02-24T19:42:44.590202456Z 688 n7bYDize8YQxSYSiNb47pRJYT3rKqMa4ExxBl0jts95EDPEylEqRbA6t4b7D
2021-02-24T19:42:44.601421437Z 689 JchLyfPfEZlvv05T4qezbEn6Zp9eS3vZz9MDW0HFmUVaTqGewGEjiLaQ1aIk
2021-02-24T19:42:44.613389540Z 690 x2BYVqYascAMy6EaMMO0XOO0g02bhleTPUsE2KDX4DUcxv9ewE7AC0CnbjZ3
2021-02-24T19:42:44.625095228Z 691 CB8xMJmcWxIk4YclJYJUHNqZpJDnUX5vOdsSHYgvNlu1Y0M5wL8xhZcqhbok
2021-02-24T19:42:44.636086565Z 692 AtSCzGi0KZj63GOsd0iR5r9kS6R3vcHC8VqGr0Kck5jvcUM3nG34CHrBMuvX
2021-02-24T19:42:44.647656557Z 693 f61gW5T5JLfaa9lndZwGA7ED9uYGxsUf570Ybuik9eKCrBjZYoNolbGMXdRV
2021-02-24T19:42:44.658878196Z 694 6EFmBW6Xnzm6Jkve89h5U91E1fwUUYOZaF9sGowuxYPpbJOwAnzv2HEmd5rv
2021-02-24T19:42:44.669950042Z 695 o5PRSq6J5DqVzvos0Fz0whL0M43N0TtdlMUkG4KG9oUFvBntdPT73Iq3CmLD
2021-02-24T19:42:44.681446845Z 696 Gchg18P5SyOxaB7WOF3eGRWfmlIM0d3LJKco7KXVWehcoV1KH33AlVtFTAKW
2021-02-24T19:42:44.693205865Z 697 VQv2UMj1p4p8YU64x9lSrnejUqKE9PXCEickanYvfrzsO7KueZnuI9bR6oZ4
2021-02-24T19:42:44.704079113Z 698 GJAorSmRXu6nzhnsqUvjWdSm7SM3cBnuMeoWOzlhtn9tqOQpCxOGZ9hetxPb
2021-02-24T19:42:44.714505605Z 699 J6j5YmuiOi36mGqWVRmUGzjIxKR1DwtTcuzwqRzn1IR8Px6XMncC9kOTPqmk
2021-02-24T19:42:44.725473840Z 700 oZNAmgv1FQYX1qwQkeki68W9xTu1NElzr032KRHjVb0uYa7hKwIeWWOBZnLD
2021-02-24T19:42:44.736770637Z 701 nOL3wVp81VKI8rgXzfkobqtxc8V2bNTB1iVHijZxtdHS14sKYqPuH1QTzVON
2021-02-24T19:42:44.748344804Z 702 HnoFga6um1hV1KBJoTjFpLMUdTyFx9CncA5LzIjFAju1qmVPsh1mrEozzRD1
2021-02-24T19:42:44.758967213Z 703 7nHbhwZ6EB3TdIXSZ8wD9gklOrF7T8Qap3on6yv3fupJ5cAruBExJO0OdX56
2021-02-24T19:42:44.770219086Z 704 oN8BKaHQxhZzMzg3wlN6IV6LKXYVy5G65aIKfjCkkTz7R7nAP8u3pCS9BoFb
2021-02-24T19:42:44.781280771Z 705 rNLs7eZxfQ3OcBDCkCpiqjtLqUORkjpVJckMbki3YKxIcK7jVSdk8Qif5zeM
2021-02-24T19:42:44.793173559Z 706 2NpCKdE0yR77kgzWEa7CGPq1qGR7WTh05ZAdZhv3CjvQCU5tj7yCDnSzOTlL
2021-02-24T19:42:44.804378891Z 707 Jkq3SoZ5IDxtCHA0mTps9tEtUPSp7lcfX82CL7v3SlTXcqazn4HDloJAQnVq
2021-02-24T19:42:44.815782584Z 708 lP2vVfCife1p1gG09op4esSPZk1dO0ynMn00qj3OaV5Wfd3cu4qsl4pCsQ7s
2021-02-24T19:42:44.827388150Z 709 eo4R8YOAHTeORlD3F1ESZV0ulrZQM0fvQxPuFutKFlNCo7DIA7gAnyqaHGlQ
2021-02-24T19:42:44.839204758Z 710 6YZVwH9x8DacYasXWooGlO3dpYGrx8j5HEW1BbL0zwu7yAYqx7LwLJkCaYXy
2021-02-24T19:42:44.849629078Z 711 3a6r3Z1b0OR53aMo96l5W2vgcSfqBYARQFqzwTfL407r27XVlFRafqGlYeuv
2021-02-24T19:42:44.861071554Z 712 TKPRadqlvBzw04s1E4lqTXaIprijOfRl5m5e7kZKbceB6KuNtfx1Va3mPSXu
2021-02-24T19:42:44.872050906Z 713 XpsO2AMdD70gz9dwrPIvfG6AUZQbG12RlYIr9Fa8BXl7pdiIPJGnG7pKaRgr
2021-02-24T19:42:44.883093623Z 714 T2oivHzL9L00dT36IgGuz1zuumU1ZnFWJPQEPxMcfBTcl2GYD46TTXdOpcBT
2021-02-24T19:42:44.893545513Z 715 bd0xrIReQt2Z7aEwOvVo4z4YdwQ6ef2sXwo41BuhDZ6xFyN2a1Oc6VpF9wix
2021-02-24T19:42:44.905114287Z 716 aurcmxGswKN6PhKvKLwkymnWmeYGWAGEnQt4flPz6kMEmBhxlkRD0Hza7Do5
2021-02-24T19:42:44.915996220Z 717 oEtHmAs9NE5t6EAoSId01OoFUio5wLxYDhwIQuLkUW0elmUQvlTTwWDZAIhO
2021-02-24T19:42:44.927046902Z 718 0hWQawGsTYEJft00yxmSPIrm40lQ1YcctGG5pOZpgvDg7dyJmNUelYF5JFJf
2021-02-24T19:42:44.938341622Z 719 xf7zkJ8UQt6zjoVoVJwBWMw5ozj9zV4656p7O96xBykXAf5itCjtjZCupxc2
2021-02-24T19:42:44.949536938Z 720 OFFnvDeQaEZsVnEm7gJ89NYUc1WbZd9euw9yyC1JWIzzGACF07ylMhNFn7jo
2021-02-24T19:42:44.961066847Z 721 Jd6iOqlX15pI0x5avs0AVtk5BuFHpUniPNa3w1pbsHtpyJ5JcDbYSQDWUBTI
2021-02-24T19:42:44.972380281Z 722 ajC4DxB4NJOqHNFMmiEP2q9fprXJOAolQzDosh9jAhUrfp7KauptzWSKF2mE
2021-02-24T19:42:44.984178391Z 723 rb0u9PwtDkisz0inDSdAD1jeKHka2StIwabmDMG1ysONKkgiug3XyMXOesnO
2021-02-24T19:42:44.995161269Z 724 nyfwtuZUu1gHQeRAkkfwXh71XbGu7pJC2sqruc8ffrn2pZjvue9yUwnbuR1w
2021-02-24T19:42:45.005375484Z 725 WDJHevgX76S1U6hRWNZjGtAybjRH2u5EkCLQvCZz9FYmyaB5q1qvgyizCTFP
2021-02-24T19:42:45.017368886Z 726 7jkgtAymHOfKoBrczzjW41pCMey3V2PeF78pThM8dBXLHsJpBJ1Rhpf6HorZ
2021-02-24T19:42:45.028704752Z 727 yBUV1MNfQy9DmNSl8Yrp8looDsyLGEzGyN31slITKOaOb3JxzvT0DamWfGza
2021-02-24T19:42:45.040281248Z 728 og9VWbUM2g8de4y9oH8xEah5jSZxzhDTH6thNmRiNhlOD4jNznLJgCjl3NsO
2021-02-24T19:42:45.051979501Z 729 K6cIBNEsKf7X2WCoDqxbitnsUI0tBsqzjmjhCKUH7AjkGjY00AkdmUb6w5Wh
2021-02-24T19:42:45.062752375Z 730 ux64XeSHEsuNnm3XQtoAT5B0ko5tmR9EFbWB76OXHPbfWLKEQ0pQWLpxDQkz
2021-02-24T19:42:45.073838797Z 731 GPbpCXogoQaNuef7Z283RTo8UW6VT1tFrIT5pYnS3CZh7j9CEdYFIh9wPUWc
2021-02-24T19:42:45.084762729Z 732 B6PN2zmkgDCzm07v9BhcFt6MnGjQD1DRquDHtScE9hpoFOuGpjfdOnzZvr6Z
2021-02-24T19:42:45.096063867Z 733 eUfItKx9cPDLnRmAJqZcxNDYJCzsqcxDqm7rmo2zxlymeF5RJ4JJ0USQPWns
2021-02-24T19:42:45.107340245Z 734 0UiccobwJfuOZdCx7gcg6A0NNXXImUjfIe4fzK66QzcGbivu7ddLLZkDF8Gu
2021-02-24T19:42:45.119156367Z 735 voaBrr8yfZ3cEww0Db6gIlXCuttxswG5knNj2UjJg9Re2YK71gK4EU4MzOsc
2021-02-24T19:42:45.129804814Z 736 pqWiyQAWf86RFEY9H7WK1dHMTyPk5qrv0oGUJqcyPfrbMxRXvxccO5lsLO8I
2021-02-24T19:42:45.140959310Z 737 CKkhwcWXxClLSrHzCq7lFtZ4SIYhfLKDQyXAKlujv9vdIXO4bns87sTL2SJm
2021-02-24T19:42:45.151892737Z 738 k1wKBu3RwpPiQnh3YVsZQVKF7bp3Nb7WrtM1hIi3kq0tIdoqCaTR419S7yZl
2021-02-24T19:42:45.162919838Z 739 mTTmI9xKAFOA9qrR1at0yURgb3ma4JlKh5NcxK5eUqNZR857jURUB02cmb6n
2021-02-24T19:42:45.174279150Z 740 O2fgz1e6tfGQNKJAd4MmhwsIF6N0vrhSkssfpFIeIUJlOMhHWhI76DPrGzUd
2021-02-24T19:42:45.186198019Z 741 Qwnzpx7gj30PJDHdvTSqbt3aVQfNaGWKTm2X5sq5N3KE1XfRVR4hPI45uh0V
2021-02-24T19:42:45.197032601Z 742 kqOrioWLar3CsdY6P4ZyQbRdjKV6S5rpsB20zeu6hCJZakAO8owMjF9pjRGf
2021-02-24T19:42:45.207381761Z 743 5MsupSQTllPUqqevaTGQhRbtkkiFeQnhnJaEKaEC3taCC0lmSCpbpvchv9u8
2021-02-24T19:42:45.218501955Z 744 N7n1H34KevUjenrItfd4iOT2vxW9mRU2awxNV2DyhwFEW23Xna2hgIMznuHd
2021-02-24T19:42:45.229985705Z 745 zHW5J408xO95Mkr57GhyeDzW0LhpBeMitMEU2MmWJvE3ulNNEtkQptIH1LY3
2021-02-24T19:42:45.241297251Z 746 kGdXaNh4LpJgILW9modZp4E91toKkwg80TOoDkP3EfyzZwky9UPZJEOQJyOC
2021-02-24T19:42:45.252823841Z 747 arGvfBdv4pnDKs0TCnBhKkDkywxSFZVmTM2UqNvDaDENFiIDkd9vdbrorzxF
2021-02-24T19:42:45.264171132Z 748 jVlQ0kfIsQ904niDaUHeGcwGcdZrmahLfzzgmkKUTqWzvF5jWvHJ41DQArpz
2021-02-24T19:42:45.274757890Z 749 qNXRFykSjWnegbY62iBqw1epDExq3UOMKFayB6rU0OG5jylpFHYBE3eHz2P0
2021-02-24T19:42:45.285548970Z 750 o4xtUV7CthJp0xRBUB1WpePTkSaKG4R8UCWATpzLW8Nf2XlaXwuXONtKTB0i
2021-02-24T19:42:45.296670112Z 751 BhADnuztFyKP1Z4hmsmpYSnIZyC7marqAPiN0Sm6Fy4a2KepRQ31Mld3tg8q
2021-02-24T19:42:45.307928656Z 752 pXOL4qxRMQa937tQxzZEilh89t2a7TQ6hBDfhN9hGVCed9F8NAR55bFDqyaX
2021-02-24T19:42:45.319153448Z 753 3vWek9G9ouHAGtCGaUwlbE1GL8exrLJNXj7uUTRXSQqs2il6uRhKnvlqHBpw
2021-02-24T19:42:45.330351174Z 754 fARdWGae79KBZK1konaf2tkRd9bVK5cNS1Z0rDUevOoKDPLim5CHfZmBOde0
2021-02-24T19:42:45.342099451Z 755 i340ReBLWx1QnLDWtWvHk8AGmdGt7zUqhHiQex3LaMroIWR5jQCpOZkUiqmO
2021-02-24T19:42:45.353296880Z 756 aCGEvrpTGldVprS8dd8KerDbqMysIQ3k30a5WGRdDHW4ZWQ5RAP6LP0ydho5
2021-02-24T19:42:45.365081441Z 757 QIY0UwCAVCxq2qJOl1Wr1i98GHF2Ybi7mZsK2ZaUwun619z4cv5CfTl0XoP7
2021-02-24T19:42:45.376412370Z 758 pVzZ2q7Ml43h26JpJjyr2Jj0MPuJw7i5gw4xaUoLITGwhULdwOI5X59EUtp4
2021-02-24T19:42:45.387574690Z 759 1hqBfYCM9YeP1oFxAus91b3lP6lDdrWB3sb7cPsHRbC1QE6YxgQL2IFLvuy7
2021-02-24T19:42:45.399299897Z 760 YlaG3P6xmXMGzjOqrZBiQu0LO09YzQNoy3vJ0QYexDUA2wlckcaEIW8g1BNF
2021-02-24T19:42:45.411242268Z 761 M9VQWX2msnkbobQRgrL4obowEdTQGaAD7g0zUifweIuxDdKnbVRl8LYlESjb
2021-02-24T19:42:45.422514552Z 762 6Rc4O0xoxjzFDUcQNok2cujZ0lxX2xSjlSFAPnomsI1kF0DDfwxsEwHOMz0V
2021-02-24T19:42:45.433729241Z 763 v4jLkPWoFfZRnKndOq86EgZeq4gNoevHheXyN5locp4rhbSKtRzdFSlwgjnk
2021-02-24T19:42:45.445291007Z 764 krzluuGYgbCgyvGWrSC8VZaWWaQqoPSGTbJ3M6SAn0L7SzNlDjuihktazmcy
2021-02-24T19:42:45.457037296Z 765 i898rxam323U08LyKPOrMkLREwLwCCAw0huERdTNzI33s8dS2DkSA5FRxXCd
2021-02-24T19:42:45.468395863Z 766 cxPTgjO5tX10jhbo8vy712rNRC5rs65QrfzXID8jHxa5SiUqt5XG4xhE7YXA
2021-02-24T19:42:45.480227811Z 767 0dlqvCGCstFgHNQyOOlSCmeQvfFDXeCgMSlmQcx3ko1ojz99r6MF80FTco8a
2021-02-24T19:42:45.492140522Z 768 2D0XbGthO0pGhrFdUfbQRPTKSQ3ih5bz4eVQBN2HcKu8agsaQMv3pAO1DYEp
2021-02-24T19:42:45.502814188Z 769 cuIC5eMwR3Zaa0VpZnD336UZBRvQi7EgAQsJ5yzLMWQP0eT8K2RHU8iJKEFh
2021-02-24T19:42:45.513935708Z 770 1KY9m67Z3WAzB52U7DGt7vyK77KZYihbtwJnGO8kq0iJMmCUPsI9yc37oMGY
2021-02-24T19:42:45.525426366Z 771 R7uhzsEgaYY1TDcwyx7ESBYvmNl9l24wUujKebF5enaa61GQqizUIr0vPwPr
2021-02-24T19:42:45.537058293Z 772 gQMatSyGBhnwH9B22dJvC67zmptv1aCvmGuDAzE6iQSxUwDUT3Bf1eWOf9b7
2021-02-24T19:42:45.548257313Z 773 EMl2EbWNEH2jU8oMdKVlgOpFzNeA4kSYz6NNWYuIzKE4ryLuXcp7Z1BHepcK
2021-02-24T19:42:45.560013429Z 774 SEH9yRS19O3h4cWpzRF2Rh0ZhPhsbvAT13HaeMJsTk8tBdutLUAjzJc5wdjX
2021-02-24T19:42:45.571279420Z 775 Ac6XbPXXrh5sipBG13Cduf92pngUmey8dyCYjN9anD0UQ1YBLIxotVioG2HG
2021-02-24T19:42:45.582748707Z 776 VXnY3Ae890MWxogLvtR95EJgI7zIaUJ22IC3kFurtcmo8mjNh7U0LmBVezxE
2021-02-24T19:42:45.594199642Z 777 WA1mFiLdZQUaxjFXhJGWKLV2Y3Axt4hT7Ld8vOmv17IGaNFLWC3Sl9e2L8b1
2021-02-24T19:42:45.604862152Z 778 imMlSKYhVgOg6BnIGXnOeGI7hO5xpEssAYlUGswVvce7tQD7o0Eak9H0eDH3
2021-02-24T19:42:45.617134710Z 779 lZwUMUC0qj4LzdKcR7BTdifyDjxeNQDs98Y6S5aQWbC4ldu0dAyDXgWrI7aW
2021-02-24T19:42:45.627554604Z 780 lXNAL90OlXCsI6NBTWbDYLc2I8JcTp2gyzMK60gUAxjJKLv4ODkmsKZ5jbjY
2021-02-24T19:42:45.639352724Z 781 5FwsMRcohPGburBXxcSmMT0Tzlt4nwTu9OyPf6lDcxfNbafSgfmcc2k4AHhg
2021-02-24T19:42:45.650755722Z 782 hqpz52UarFhv85kijnNQD7KKfKrEsDM9Bam3YAi5jvIAIov4ba92bxqqLdhp
2021-02-24T19:42:45.662436146Z 783 V7jWwLpFKDSW6jsgvx9AQysSlkbn7WuQtIzdZ5n73I9PnpAMPjTp6CZF2vos
2021-02-24T19:42:45.674257201Z 784 12y95btLxrnk3nktU8WQhd6CXK8uJBMtv6W0iErU9e9jo4k2D8yfXNFut9og
2021-02-24T19:42:45.685398123Z 785 vETOGdUzLIOJ0PtRbvgRo6NKMU2WP6f5DJmSFU1Jd6e7oUYu1ODGETQfylvK
2021-02-24T19:42:45.696320226Z 786 W31rBNkl80hWWunl7y8y04IZLQaxzIRdevW8rv05T35S2wypkEKCFBGjGFR2
2021-02-24T19:42:45.707852578Z 787 Ts2ZFQAVtiOuNozOpeRMm3UD28IUjSSCAdtK6hu3CmHF7qEcVI2qkwNCB7MZ
2021-02-24T19:42:45.719296925Z 788 HHBin3xILOdREXHGAcr6nZrCYA2v3ZDd88k67EfvndRcMTxEFRjr1cm7JvQV
2021-02-24T19:42:45.731216013Z 789 jNElPlGScOE0tKnykapFWG4fAYYqtB7odOX5kKt29rydwcagttUnwph4e4zA
2021-02-24T19:42:45.743129038Z 790 bfizktBT2H61ogTZRbuUzYM9BGUloMOrG78YmAFV6RSSgXAIhfUKVdkgemj4
2021-02-24T19:42:45.755017126Z 791 bfSr0q3lT2F5od7UlAc9MhkcaDKfzblN6PbIXOlArqiOOB7ZRzElXOFqpUrx
2021-02-24T19:42:45.766178055Z 792 mjQckjoQ5B9aTvRV1meI85bQaagKRLqZxB9tsxamqKHGzRVBFgant0Jm2urA
2021-02-24T19:42:45.778244022Z 793 Bf716IwsT2dm3zSJUYZLxkIvUPpBSObyPywYRthTTo3y6KgJPSZ0P5fWrxRx
2021-02-24T19:42:45.789352659Z 794 Zz4LCWNajBFgTf1A0YADtQ3JMd4yYsXFcezwfcutC4k17lQ4slKssBIVwVrC
2021-02-24T19:42:45.800899333Z 795 NrOEbJj0DxqvrqQTG0kH2wUMhv8K4I8vVTc81QiUnvfZVcWOVDeYi9Lb0aAx
2021-02-24T19:42:45.811437705Z 796 yE8UhhnN1TXFDjXUU1QraNf9nzs6MyFPtIGrRZ8n4WlTTezYanntWmVSPod1
2021-02-24T19:42:45.822918958Z 797 fPVUUQWq5M2LEe0k04BLGUkm6EXOgDYW3ofw7CbfMLDr4D2s31jY2AzS5AK5
2021-02-24T19:42:45.835186445Z 798 0tA49v2oJuKPbESA2rPBry9t95ugAgkUZZOXnFZifM0SEsimcPd2PHnyDoMu
2021-02-24T19:42:45.846900189Z 799 qgG8Ej0zVfzkTX1EkG8klVkfLMYZNTIE0MjKeBXmiD3xcnBlC3Lb5w3B6e0S
2021-02-24T19:42:45.858259556Z 800 Ter0RVoRj7OwisYi3bjZxVlV3n6eeawBex5u9Fx9xeIgLMDFHca06Qa6qg7c
2021-02-24T19:42:45.870079256Z 801 q9FGjl1NUNMCpoLdXkG2U4lKNAJlN87Ljf5OpJvmva9okUWxvgCAChVety2W
2021-02-24T19:42:45.881941845Z 802 CgIVOVcLMYnKcpupRjfBfrXNN1uEC4HXfN6hPSvsUuIhLm8bEBNF0TNDO60J
2021-02-24T19:42:45.892973927Z 803 huKsBvgKfo0tGgoseLc5niRhOMkgT2ST59aOBNUm0evg2AXivtNlbpGvKDw0
2021-02-24T19:42:45.903394683Z 804 ec2MBQnJ4oPgsUHZ0H8H1HUXL1qYooZZJ1IZuP5yv13CyBmDtkYyHf7pxM8k
2021-02-24T19:42:45.914703274Z 805 aP30XxVyvwFfmhgfLKyhoGovuFCCFPpeIQLQc8FCoqsA1NzqfFyEPW9TWNYb
2021-02-24T19:42:45.926122641Z 806 S4w3fTyYKsZo7wPOAtcbApgQ53pp1EC9H7i7vIWysAqpm2pJUDxCgCf5XkLT
2021-02-24T19:42:45.936510590Z 807 GPI5PRNU3b3LCxofcfXB3bkJ96YOiwo2NkgfxzU03XBVdhBhUK8mli7FDfar
2021-02-24T19:42:45.948242325Z 808 fdh4ipAVoeRCUauWAIJZqrF500FTu2cJOXG1XO0iwECkbs076i0OpP1Y0njr
2021-02-24T19:42:45.959775050Z 809 ibomxSMoLBZfd4MlvcAvAuuS31UqzcNAbHCEffZB7hmNizlOa6aFSSGdmFKB
2021-02-24T19:42:45.970888998Z 810 Rh5dEGQgv2zd2EVdek8Q57s3euJe7zwmVcczmGuVlkjz9avFf7Igyy9P1Rzs
2021-02-24T19:42:45.982145922Z 811 1xLr7G8nOmhco18gUCq6fJe7RihVW33hLhC7LwmI8huezYdf88fRENE9kS3N
2021-02-24T19:42:45.993373235Z 812 GAkjVbFclfSWL2rU91CdoKTD8BnvxzOOowyZfNr8WkwUDB2HFmQbQgeRxGkz
2021-02-24T19:42:46.004870498Z 813 T80aeexTxAjjlagY2wdl2RVsVOcgtndop6Q9cwHIShvjRSoaBO0AokuIIR5H
2021-02-24T19:42:46.016381610Z 814 JYoSTZGrQagId9hKBJaXPLD7QJsT3j00hxuH5NNDbCB6PJabtRcPyg2hmfZ7
2021-02-24T19:42:46.027163871Z 815 8GXSRQtdlWPZsdUP72li5Z84kU3WKjhUMyA7kqtlZ5jU7aP7clAvkBtnHQpC
2021-02-24T19:42:46.037397464Z 816 tsMVguLWm02GxXtl9re2AgCfSMLgUzEgbiqmRxbq7a9lOFe8LykPlawB6Am9
2021-02-24T19:42:46.048323668Z 817 Ipu3Sh981i9Aa4lnaeDh5bFNidklnMbfgceTpjoO077nnDuolQLxFPYq25LQ
2021-02-24T19:42:46.060029730Z 818 Jpedps302FaTSOq2hafhvy627h869T2hJ0HryaSNkrequvbUpnFMtIbmn0cY
2021-02-24T19:42:46.070638187Z 819 gspd8UdTBVxX4KijEmDIKTELhIbZ9YC3HJhSEk8cUcM4PoIe6lj6J9I8hYZP
2021-02-24T19:42:46.081991085Z 820 VCRiDRcL4Zzg0tmFmiaaaLKedWTqtVPSAtIGpnuUvBicWoV0cuRuuZxoNw4g
2021-02-24T19:42:46.092758766Z 821 fzyozGv7gFc2UCd0iw67lqiJhqSxkh72tr1WOgifycMh4qS0nBYfBg4giClu
2021-02-24T19:42:46.103504695Z 822 01Nu4Ds0FaFGdevVvurwV3HB4vrLFj289DDhthhpJWAF5L3P9BXw5XUfvjQM
2021-02-24T19:42:46.114618003Z 823 5SeRxPq2Gg59DRbTZFH94HtKWHNKfc0Grj3kQcvStPEV7Dxj2gmeaQPuGlhD
2021-02-24T19:42:46.125922900Z 824 V5bEwvh7d8SreZ4LfxCmj29LdMd3X0PGfEcpwLLnkTpWqVgixOlA6BT5nXM9
2021-02-24T19:42:46.137360527Z 825 FmNhGxjsR6XKwfCKG3yylsriTKhAvp40vVb0bnHy2dTXNCb4jbGPKwkVGmyG
2021-02-24T19:42:46.149096022Z 826 M3jPwHfzrLh1vIn5jrg8eR4rhz08iYA5m6pFTFhulbNk2mqpoGO4FciSkvzV
2021-02-24T19:42:46.159877082Z 827 RyE2exRjnbRk36sSG5endpLZ7YkgSzufw3hmkTyvLsCOdWtmQLlnyLyRLcEs
2021-02-24T19:42:46.170671042Z 828 9SHG8zQkOLpSTsCO34dG13AGhsI4WHhne9R4H20P9PMTTkoa0LTDqBVo5mvI
2021-02-24T19:42:46.181365670Z 829 4iUKzBPSi9s484CNWd5U0XFQHIkxViqMEMpBR4kGfTU1OpzoI81KyHoernHU
2021-02-24T19:42:46.192475585Z 830 H2R9o11EWN03xFqLPTLi03RDDCLV5XGfaFknYyn7Xg2NQTylezfRTCCpAKEX
2021-02-24T19:42:46.204189515Z 831 bq9JsjGjSdTtfyws4zKEVKLbSMptBceZyyjEhFhPAEOwXIVrESd8Pr6HF9Rm
2021-02-24T19:42:46.214899649Z 832 sYHpiziDQjyD2bHak9BZFjMOSqBMMenPlk808VrHDI4z75TqqhEDJp35d5IG
2021-02-24T19:42:46.225531093Z 833 cRdjtDJ08DzAuLKLu0jMPYoVzfFKNqTwGYYfqahD2OE3epsSBhtWRhvnRBq4
2021-02-24T19:42:46.236490158Z 834 jE6dv7mzkCJd7AlFsuhVAfhKPn9Pn4tU7wSiTlXMBekkqlYdZpJB3dQasTob
2021-02-24T19:42:46.248011739Z 835 Jsh8liGFMj9TLOaFdjdJ6SrorwJsjzOgxDQDfHsgbABXszWOYq1p4otLQJjL
2021-02-24T19:42:46.258471732Z 836 0kdshix8gzD2JDFuc9DbrAqBVSiLAePrN1fgl78Fy2DMZ6g4ntKUHCn0uyel
2021-02-24T19:42:46.269616231Z 837 X8Y3XRFC7WbRCnxBmwdOmd3W0gzOXVJpjBZaXxI8bIvs5AsHvibBHPh7iqZ3
2021-02-24T19:42:46.281631177Z 838 WZS7gnBR6hNfDys8AqnQPVWY0bqQtmx7ljR5wXQusedzPzatJnP5tPzGQc2K
2021-02-24T19:42:46.293100479Z 839 boUZamIuvNAgLliP3YluHCy2nmPNoSdm7PP96A4PXgnSDqe9sGOdsAAKEEqM
2021-02-24T19:42:46.304343216Z 840 3CMKdj1vGeAetCQDz06cHWK61i8fDJrYrE7mXILHeJc2WzZU3VBxE1vhB31R
2021-02-24T19:42:46.315546823Z 841 Hv5mhbWKfLxrDMAZV4kyRxjYnvkOHWH1IGQhR7uGWARWcbfGDHPtOFCsxbfN
2021-02-24T19:42:46.326446019Z 842 rbZWft0GSRAK1UfISRGpKMd4IZzLWl8Ncm9Ubqj5XnprIYlIyBSVJSKJnbjm
2021-02-24T19:42:46.338046857Z 843 ooPrGA7QQoYTG7cVun3Euh5G2UhHQTiDwR4XMy1pw5oSKagwaCth6ZFqGkC7
2021-02-24T19:42:46.348826470Z 844 AdZTHcloYIijMVWvRYJIPWXrpKwITYsOvcCC1zhYOM6NWorgA7NcX9PzjNkn
2021-02-24T19:42:46.360268785Z 845 HrgvaYwo7Lw7WFur1tYeHAsI6mnIIhvfUbhSVHC6I6dgQxMl5NNtlntqQUmU
2021-02-24T19:42:46.370837085Z 846 2FtJU4YyhBVEB8QETowBoRdZmrVn0OzOX05jzDNMdlTo3XvpWdiUZokjvEvE
2021-02-24T19:42:46.382126700Z 847 JvYGuAArCAY4Kf0F806GgSdDxaUjlEWb2VA8qACtWPCG8MmluKE79KPI6Aej
2021-02-24T19:42:46.393430734Z 848 Bst6L3rSMMovJpBMIsdRSbRdSqfWeMCuU6krbK257DPTRpTHIHAKGWLDWXMC
2021-02-24T19:42:46.404666732Z 849 M1CbnJ82jCIleMwOPtqcehD3Frd8KNk1pyAa5F1zit6jXLh17uEtjcsEmirB
2021-02-24T19:42:46.416189956Z 850 8kEvUCRASPNGq6F1VQWY9Judh7Te25703m3lXbVo1HhSoDE7JXnRglNmkgmL
2021-02-24T19:42:46.428003011Z 851 D8yD4eQd5RIhGUlDSjkmO7At0gsAduCZ86Nix6JgUH7UoKZxXVElgVyRj7WO
2021-02-24T19:42:46.438547351Z 852 z9VjwRDw0w2uW3rBNlyk7l2t31q8GhO0dUDpRIY1PabdqzNfw4RdvE2jN1io
2021-02-24T19:42:46.450145469Z 853 GGgDQ80c3a8zhI1CJM4aaKENLg2VoKiK8dk7sygQdvgZE4tJ0FR9FW5DVQbV
2021-02-24T19:42:46.460531262Z 854 6ZRAOR1Ps1099S2Bmw9ysTiI6z4kkol3vK806CX9fguQPBSkw9ajvKkuJL9j
2021-02-24T19:42:46.471749481Z 855 YxBfVfq6IUcFsCOZqGcVpuy2GUskrary6HMiodopeltMSvApMR0nUn9AoBC4
2021-02-24T19:42:46.483311370Z 856 Ssr3JDspKAA4S7S0XtdiVSU3UoL8LctbptSw8TTuSQVY1jOafgUV0o3MSM5g
2021-02-24T19:42:46.495130145Z 857 ixK4G9clMIfHG6s8Rpu5TNnGMda5oAmS3LaCE290EFOdimd60p7Dpt6HUBgZ
2021-02-24T19:42:46.507174845Z 858 To9zm3qxx6M9pzyC5L1UXUSKIj6xehXrincJsiwVQYIAD2jwzg9LimTZ4pMA
2021-02-24T19:42:46.519171878Z 859 E23K3XMj5l64agldJLk1ZgsyGDZfX4WncNGpBbOmYh2h7MMCmFWapQeVUcp3
2021-02-24T19:42:46.530298176Z 860 mzBOAWJ8UDb4W85AJRw5GbkWfyuDVnLpqbaV3hOMDu4CEBPhWfNIE7dK9EIm
2021-02-24T19:42:46.541398674Z 861 G2EDeKDkPvRdptasPwmW1l8KeCESFjVEL7stcMFd8sEFyijAIV2GV2ovTMHP
2021-02-24T19:42:46.552891153Z 862 CINMoW5UlLwV15Nj2m4A7ihgrbiBLs2S84EwFP0INSp03l9KaU6McNmtHHhd
2021-02-24T19:42:46.564957235Z 863 fUF7zIJdl93QOU6NP82CTq8W7ygSzJX74QSz7FXXl7ezlBNghftQeOCYPOFc
2021-02-24T19:42:46.576235649Z 864 Rl0I7htGdtWO5zb3KsC17RkuGomkH6VC54E1zdAvTXUX8SYXGwXebNZVPH2O
2021-02-24T19:42:46.588400558Z 865 niGxOzqsg6SN8qFvQOCzQfb5o7ZPGyVJ4nP0d5Qwv8BcR3qOT893rL34LAQD
2021-02-24T19:42:46.599679795Z 866 upFHqJK3Coe3AjGOzDLgPYUTCUlVgLWjFieFmG02ftI9XxwEPq7VSKCw57EE
2021-02-24T19:42:46.610922259Z 867 qIaArKkOeMk6anUadJUwztpOzaWlvHOCVdxFLhxx8jSc0XlFZFgrw23r3QjL
2021-02-24T19:42:46.622414539Z 868 8E6LTt24iHxj2xwdMZYXHdb8hbdKahQ9t2ph4MMuLLCdIbvwdAEy7ew4guR4
2021-02-24T19:42:46.633922952Z 869 CozBGXDblOaJwExPidkzycP9LZthOKpfGImablg80yhTAY2hUqMMzinPeX0x
2021-02-24T19:42:46.644630591Z 870 VxOlmeOqpsGUxnluwygVCkdtfp8JJfKSaGJPtpxSWsW4Yngi56X0JiH4Z1La
2021-02-24T19:42:46.656387187Z 871 HjGOkeUERH7H23lp6fC1f7m2BS5RI6wrjy8qAnlctToxh0PPbTrKnZX4BAQZ
2021-02-24T19:42:46.667399014Z 872 dpqAu9F4EQ4YCLYLT03vgeo90Z9bQN0SLiNVlWz2LJl3PMh4Evr23GeQmKAx
2021-02-24T19:42:46.678674239Z 873 LMdJ4EBGCbBwtL5xCvrySwRyMHmMfOiDpRewYBbOkueWEd2zDkRgPHz7MI8N
2021-02-24T19:42:46.689835844Z 874 U3p5dpbGtFaEF64zA5HyPp1UYezO3bBZduSflD5jiVk464tBFGaJqxQmnxOe
2021-02-24T19:42:46.700835163Z 875 KYlphPmuiB244LeVjKuL109OwY2Hy7wb2alcsU0saYXEB520JGkYCOLAaap1
2021-02-24T19:42:46.711597820Z 876 drvhmp6euhZqawAwVAv2U2oOnthHgx6bCc33lxM24IutOvaYbQ7FTJ4vWJoE
2021-02-24T19:42:46.723164091Z 877 YlK7pYT8gHFf3tf2jvj3V9u1GbyBKnKqgxf8yaOc4CRMK3Ota0vBBhV5kDEZ
2021-02-24T19:42:46.733498211Z 878 PCPO41xHzhbB8oo0uSG38IUTb3vn5LsVsKVs8Sg6TBLJ3Xt03auCkY9YDky0
2021-02-24T19:42:46.744605293Z 879 BnCbaNcXmJ7tzQ9QKUylrBSZSUXBN6FsS9xqzF5VOjHjXmJ24Z0gPJ6FYOm3
2021-02-24T19:42:46.755952477Z 880 eDAv0M1e3ifv0oOom1P7p7DGfEI7sjlOcYavg4FZHW24Yuj7vZr4K17cOYPT
2021-02-24T19:42:46.767564690Z 881 QqjdEoPpt4PimSRPewMUl6ua1AgUe2ftKktGRD4n0wactT77q9qSRRBk22ow
2021-02-24T19:42:46.779282008Z 882 c2YkZUJqEuqfPLq7gn3zGzrL6nk5qUcvSvWrmdAnDnGzqEXTG0Hh3oBNRl18
2021-02-24T19:42:46.790385618Z 883 Pv7IO3E0LruJFTCpfuIdQfQy9Emc07oeqa9WF5Eu2zI7a3EgoRm2rQUDv0rp
2021-02-24T19:42:46.802035145Z 884 zvO0i5Lm3OVOXoKZKiUtoI8EvNsNztDtjyeLCoqzpttojcIZlCqf3Ks3GtaG
2021-02-24T19:42:46.812598940Z 885 hlOxaS8pVMBcMhjEWCSEesqN0jifJ9Z1NvTvAQKUwo8f6eFZwq2Mxs6Id2SZ
2021-02-24T19:42:46.824116390Z 886 zyEZ6zQoUalCsPH6YohbmFGTfQeoGXdhgqDs0ES0RCRFPgvnDthQeIEaGhPj
2021-02-24T19:42:46.834539452Z 887 eZLbYFgv7BH3oWHHZxSlihz9xGvcRlPbxTN7aWaSvLyPQ4T3saxmpjnTUkz2
2021-02-24T19:42:46.846249881Z 888 pqHIgNXuVqfeKbzKd3WPsHbqHYbiCp6Iu9NQl0RyiDCkmhhrbA4KYImOGmgK
2021-02-24T19:42:46.857168629Z 889 vHoHaZpeDoVtZrKundxc1Z6mP7C0Zfmuhtvqpu4bOuYO0MaRN2G0zVs5nYMW
2021-02-24T19:42:46.868063838Z 890 67u8EasOVIvzirZTh1dpskBMzjOAcYvFaSNpOGrQCrvk0xlhRT76UHssI5ki
2021-02-24T19:42:46.878741449Z 891 dW4pWmV6IzCY3uQCjVX0oVmMi2Vj6J26jQXC9AMVjXhkiX5mwuI5oKKWaruQ
2021-02-24T19:42:46.890053109Z 892 GMmJxEIR9HLhJofpM5mEqjRcD072mIl1mPYNp0tQS0QxwaR10eDZ7dVdWcXC
2021-02-24T19:42:46.901342584Z 893 mtmUplFjjOhtFx95eVikwDY8T78m3VSKpMlfwvbqKvrmwuXlwQ8iOEkMcjQa
2021-02-24T19:42:46.912706342Z 894 6S3q750eT8f3u8Wsxup56KSTyPY588f7hvhiepiEhabUonoQNoeyrwfsTOni
2021-02-24T19:42:46.924264327Z 895 BCgzu46u6sbYHmuoMOlb3P6E7j78ToYkQsQ4xUMQqBChamYyLP4G9kkbL0ta
2021-02-24T19:42:46.934991818Z 896 D4ezVj5kK2HuGgUM5w2nMuxRurE1oGddUXgRQkq4YtL8RVu2KXOwnd0hcalm
2021-02-24T19:42:46.946061739Z 897 L1rwY5O6N03xGkvOn7BaXtDGynFDYpIyHiaXfLcMWaD1Oul436Mv3208SHX6
2021-02-24T19:42:46.956777969Z 898 ODMJuaFrukkhbdY4dURbQOACUqnlXtHiEBr6VLh80LzCNp8UjMgksvVhzlWP
2021-02-24T19:42:46.967835489Z 899 1Tqz0DbdkxY7FochTldZvV6gyaLnLxc1s6gd1e3G2MUbkCz2lyFLLLKbLdHM
2021-02-24T19:42:46.979059543Z 900 izF4VTIxzipZVZxYY1TFfrF6ptoJOFr3EtxNQ4EMgdXtNjdw7VtLzog3jKGf
2021-02-24T19:42:46.989583478Z 901 19xuOx5Jw69VzyYcUMnmUWPAcmlhQUrPRqehikqG0E1lDulBXvjPg0SAkLU0
2021-02-24T19:42:47.000950297Z 902 9qLzLjqjKTClY20Z6dEnM3WyZpGh8Dcu2yXpCt9Gh1YGqvocbc3J9ETJTMAo
2021-02-24T19:42:47.011317945Z 903 7OErkwWArjlCq2U6xFFnXl7EiTaacNiWWkOMcQURH9ggewJIrSvalQS3Mbsg
2021-02-24T19:42:47.022463796Z 904 D9nVifgEbfVuAXXEIg3inr8EwwHrgIytfKk1ienM8x0dexOe56ZPIh1KF3sE
2021-02-24T19:42:47.033841697Z 905 a3AhAwJufN6F6HhdWdV0XX7IQksccyPgy2Hb1fyMgb7kQqKu1TVwgZOW826G
2021-02-24T19:42:47.044749437Z 906 ZFv51bxS9tHDJ5rDc3AMTmI312oJlR9osVpSte6Lizv1HNPBJkgfgAhgTD9p
2021-02-24T19:42:47.056260420Z 907 hfQDwh6pf831ATeYLhXtHnFtPYvJR0NWrvRjqNCmSkggCohOpmiH3XUwnzOY
2021-02-24T19:42:47.066503382Z 908 JtKvrWjAXxnNVfDXKN7BU2OvxDJayYtChTOPWRDLkCfQYM1rKL2W53swZq3I
2021-02-24T19:42:47.078256928Z 909 lHu2aKVP9kWAFpGfJCri1i3CR12ijq8xrtl9UcjTkh7GlKAEOI9XIbRLGtZL
2021-02-24T19:42:47.089681339Z 910 3fjZSbN2IQyQVex1U3eY646Kz99n5Ge2RwCckyWuTT1yibq44eItSVYEgTTl
2021-02-24T19:42:47.100864044Z 911 RZ7hTw39FMls9irUNfte7Kdt8EkeeatV907eI1BtpWvjnsv0vkSBpaWiCd1s
2021-02-24T19:42:47.111971953Z 912 Mrx9niLrmE719As5mq8r1xb10kwj36AoFEGVJU3DFFb6A2cIs3vOAZbtVTyt
2021-02-24T19:42:47.123492416Z 913 mSdL6wC8gHeGdfpPUfaulK9ZAWWqVLMmbWhLYGIEXrbEzmHiF6oKsTw6pzma
2021-02-24T19:42:47.134740541Z 914 VduBd4BpKFvBrlgOqscQmvgdNiBfeH07QbI4ZOq0bsBk6tS5QEgy1FacEKAX
2021-02-24T19:42:47.145655153Z 915 sy275WHL4Ot7sWTifdJSGfkNDdin20vXwkkcAQIZLiOwOoocvQXRtlmtGA6K
2021-02-24T19:42:47.157131570Z 916 TNWIZS7C0uu2f7k7UgO43JXbtsnHaGkVXsuLWOCCXmzoAvJWOiNmgMlo9t01
2021-02-24T19:42:47.168325107Z 917 Og0db48OuwaUnqaKofUg2jN4lsDq5cDUI8v7aG2v5EZHmGfS0irNtXYRd8DN
2021-02-24T19:42:47.179692160Z 918 m4o8B1mnMD1CQecP5uqDUKBNmPMLM10yeNiunCWM4O2LsAbeDlHaMJuSB884
2021-02-24T19:42:47.191158340Z 919 e8PyzKU7cpb9Vi4N2GMuyC3i89DEjIREZrMrlMIJztsWDSKnFIdEDu9bTeBD
2021-02-24T19:42:47.201883821Z 920 bCU0l9qwngajwBB0QyjBtWwfpQ4mTWPGjk7Ah7blGSqZdjNkBiVZg6TkBbQv
2021-02-24T19:42:47.213425647Z 921 Zi3wpmswRg3RmvcrcJKdDvOmCyjR3LaJbWHJAaBvpQzUqIMvDbApSTXxtICy
2021-02-24T19:42:47.224959409Z 922 ZvlEFpwdkCETxajaPyMqslMWdN5Hoc6XHrSg0TBZs6NODe1eAWzC7cMM25Oz
2021-02-24T19:42:47.235933418Z 923 KzMPXgrhrrW078sYKtcJsLWVTra8sGjIVUsPkw6b252cEeNZ8jBcJPI1wGLW
2021-02-24T19:42:47.247081866Z 924 IsVEaG30ksLN28MjWYDqxETBYRd4M5IwPQQ1YAXOFgogwuYA6tMvs4UJTlmK
2021-02-24T19:42:47.257581208Z 925 WWbIZyqKQ6uwg6UcYXmF8PL6Qe1C8PY13OaYA3Ay44j7959wIqulrx3C3NpA
2021-02-24T19:42:47.268351012Z 926 5IPZMpiKx3RruTwksPxpc0ZJhSwQE77MuE5c9519EV0KtVrAz2kcoTdWsbIm
2021-02-24T19:42:47.280249283Z 927 jnPHt8nWRaqaI01vfsUjrULidl4fN6uqBRPmD3kMil6HPU9SoDOOhiBFhD0W
2021-02-24T19:42:47.291994885Z 928 AqjPA8ezBxAD5QACf2cNiO7P2md3K6mqUNiOt9rEDfN7tMSU2yuJr1kWkJaR
2021-02-24T19:42:47.303225040Z 929 iB9JEWOqyY8VnaYSSILHqS71fDXKIiqZgpGLvrYBhpraeieVO1dzSizHyuWR
2021-02-24T19:42:47.314471236Z 930 uEmAYlZrFgg5VWQm9BJtOZKw0HJKzIytaYTbzGZhFgRCiGYnpRjlmjsWDhjU
2021-02-24T19:42:47.326049057Z 931 KsM7EKDf0x1cmVY4s6r05isRGlsxVMG8VwAO5p8eMxYKBp6tTBSEKwbICiqh
2021-02-24T19:42:47.337410591Z 932 RG16SCqIUvqqOZnReFxMyHZ9WiTvb8kcOdjOA7sMyq3wJGM12YYuAhr0Zzb4
2021-02-24T19:42:47.350787397Z 933 oxG8Hu5hdIF7xLzZhfhHF9bN2UDo8pJvboVNSkYrhujbPAEcGPM6mFQYXGoU
2021-02-24T19:42:47.361460756Z 934 zk0NYtVOrlgX9RuWN7Ej8HNZUrAfhfweaZqPVkAkxjyLFxpUkLbbA82ugxZI
2021-02-24T19:42:47.372740045Z 935 nCfL3oA1w8rmHsQFdubwEsdS9sZFLyPP1J9JDebtu9wg4WW3PEwf5kRCU3Xj
2021-02-24T19:42:47.383972798Z 936 gaY0LL0xtMIHgcURIpgoHBNkBdSRunR9CV0JhAUcYBbk4EYPyRA6wirmSBUA
2021-02-24T19:42:47.394659788Z 937 CB0rieibqcxgfFa9lMaWxnHOqrmteiPBGcByVEQvWyoviYqgzhN9FsJJqlmJ
2021-02-24T19:42:47.406147592Z 938 QLJKZaItJ1JD79pOy7yUYYWta3xRug0pETK6XTnCnpYZiBJwiOVv4NlCjzVm
2021-02-24T19:42:47.416506848Z 939 azqpdlHpCVpxcfam4vvy2nYoorwkeUHMYNIW5knj5pvbCk6XdrUc3O6Dr2RG
2021-02-24T19:42:47.427479084Z 940 My8CJAyjCV5nNwdIp4Kv1tv94t8ADTWoMQGckHGkP3jekemshEoPLhOzdsP3
2021-02-24T19:42:47.438761857Z 941 0DLVytbefdYaVozoAf5CmqWc37gKq6BjguH0h7wf7h3YLr5RSuOoSSbI4IrU
2021-02-24T19:42:47.449910988Z 942 O8BueKmtcGFKqK8jxx57ijRYGHIM4pzGQEAIALj3H83TCwmkYasU3PfvPIqc
2021-02-24T19:42:47.460478066Z 943 1vayQTHoFdWznMVuoOHkFfRIwMD222uvw0aixYpvPXYpn9BXLCjmNpiDmA8k
2021-02-24T19:42:47.471765581Z 944 TQr9Bjmj8RcuskGJfQlmfxsj3kgyCQmI2HLp9yUe9zeBc3taHRao0imJhjoS
2021-02-24T19:42:47.482977264Z 945 TdgjsyZpOabCDpORNcVWte99zfnZk963KwbfNDOWqOmJqjkdu3fJeltZqbyZ
2021-02-24T19:42:47.493830292Z 946 N04VaNDu6O7dgdjX3BH8s0xmiqtE81D5E8dpBwXsLWUxup3XmvX240DSA6iE
2021-02-24T19:42:47.505122375Z 947 K4pyN5GoNWKprrq82hS2ojwFZ8qO5tFQ0HOVM29EsDoRUvpk8sFObM7gi2C7
2021-02-24T19:42:47.516740902Z 948 Q2r8GPbEMdQixmUzEuo9U4qW4n0HDNEnga6nHLb0ymlOpIkCx6Kdv43m7SGw
2021-02-24T19:42:47.527787145Z 949 Pr5XXdJ3tgHN6UkmRqn7gmvguofgpP4NT7JYgP3ICrqcEys1tVMgss5Xi9I4
2021-02-24T19:42:47.539711325Z 950 uvxvv8rz6O6RyIjMNT40SrqBWholwUIqcXUQ1v8DlZ4RuGqjMNdllaVY7WyD
2021-02-24T19:42:47.551438190Z 951 Gui4R1sjBeUElNWaF6qCWjhHyKTdbf6LuNhZZORhG8qjvI91B3OrH5odZIl2
2021-02-24T19:42:47.563611193Z 952 6JzEtbyYJ2KA6TO9mdiSUlgsHXKsxlayuOjLGubLe3CnKIZRNxZnyt3sz0fg
2021-02-24T19:42:47.574872142Z 953 hezQcMVVtNyAPfYyohHim4kKejoErpTnTzGZkkwKKb5Zet7VAjdTdiYaweii
2021-02-24T19:42:47.586480393Z 954 o3NWFdTCNrUp2rWPBQW6pCc0vvKtVWfmk8cQuuhg6hTGIAY0iOGt2dggvP5J
2021-02-24T19:42:47.597571264Z 955 7Vn5744JhKv8JV8mJUUNBqwgK1uHkdBIVg9IfxL5mCm42GJP0i4HoNz6oMnt
2021-02-24T19:42:47.608669257Z 956 Xwz3jhXtj1fFCX0sf3kfMK44NV4LRkfb6m1Uzze7AyLObheOmJiSthKTsUiS
2021-02-24T19:42:47.620120784Z 957 HkvUprZEyOHRp3LC1gxn1VlyYf0rYdYR8vCBqDZsKjcYECeMw9pZAKH3xztQ
2021-02-24T19:42:47.631220065Z 958 mB85oSkraOxKPqfEa2R5xlDCINCw3J5SI8ge5beUVtvku1nYwvEgtn6v0jZy
2021-02-24T19:42:47.642360429Z 959 OIxEMqlYTSdC3Z6o3wvAEpFRSRkRtJF1KvxtNrNHtKjH3VigeD1cnspuMERc
2021-02-24T19:42:47.654326852Z 960 MvTD1mo0Ebu4hWp3xtTrZiwkMMUjNtXCknUUYvWwpdBHl2gFmuHRhHB8Y5nD
2021-02-24T19:42:47.666293698Z 961 WqsnyYTGbK9k47FXqLpKWZ0LjV6R33449EusQ9lTQ7f0c9bcX5LZc6qDKsDN
2021-02-24T19:42:47.677374289Z 962 C77xbnKeiGwPPwroCaQUcC0iiBbLCYsUG81l0D5OkycplY6XMXDDOpxe57Km
2021-02-24T19:42:47.687982666Z 963 aYxmYZCSQq3jAehaHZ2TzowvzsJidyOiunYGsy6j8kWAgPDsSFXjxEyQKMLy
2021-02-24T19:42:47.698688696Z 964 SiCeSNx0PmD0ifxdeNJYVILdpLcUFHjKAt3ICEYUlOFI1iOfi9Uxx1LDl2u2
2021-02-24T19:42:47.710246137Z 965 CQJn9ZIhI11g7Y2nexXdLnzvD8AZsdb163DEuWUmeDSqkOqtxeaIN0TCUbDe
2021-02-24T19:42:47.721701579Z 966 c8SKmfkVxhBKUcctDnAS9ljZhrBT6TmVwQuV50KyLZTU4z5mRZQMqhd8Rmkz
2021-02-24T19:42:47.733214663Z 967 l445b1rOBYpqQIiSUiabt0uGHfZfsFS1Na01cqLP0rURuWULOvw3J5J8WWXZ
2021-02-24T19:42:47.744600129Z 968 E5sjWmLhVwCcnbLm1Gm1Lw2hXZA2P1r3yJ7pFlb4SBkHjFwl8yyvi8atKFew
2021-02-24T19:42:47.755746109Z 969 iNiFrgqFjxr4HYWNHGVdQyFbIkZNNTY2AI91uADxTm2DPdPDLztuyYm15utr
2021-02-24T19:42:47.767713880Z 970 mS5rwr8MKB1E7r3Q37ughKDDs4cSPxk9a2fYCHDTlJatFiX7TtplEHyxovqd
2021-02-24T19:42:47.777442616Z 971 vQEwYwPz0i7HWL6fA49J1E4t9kcqLCdEmng9bLGnQY3CIGwV3PfRgoqF4FDs
2021-02-24T19:42:47.788541995Z 972 X1xdlaidCAe8kd22bvhmAMzIZ2Ywsmt4B9QcZG0bhA4O6lYz1pnddqcM8k9l
2021-02-24T19:42:47.800149080Z 973 dfj6d1Q70BdaKOHSY4WVaV7CvlKoCd3rVOTP0E8eWRs8qTahIT4iM8HbNdGC
2021-02-24T19:42:47.810880361Z 974 GabNIaZ6tyWXiNutC5XdHaxUL3xMoEmIxIdvotZV0E2QA0rYvOD2lfniBG4v
2021-02-24T19:42:47.822412015Z 975 QY2vZRJ7osCWpo96iYjG0R3cbtpsoxlgDvX2QmcMr1GJqeE3ro1n5ExnkWJq
2021-02-24T19:42:47.834285252Z 976 EtppYKxtHJRw06oqIwIfOh52AIPP4k3TL1dVoCo7WDN2DCviWyjo1U7Ub2BM
2021-02-24T19:42:47.845978159Z 977 PbvvPVOS2wpiqlpeni3SxbfN5Hxdik9VP8AWwiEZc9XjxGfjNCmyklC0x9f8
2021-02-24T19:42:47.857272529Z 978 HacNJ0Zzc8ye30Ctlv1eya8Jux0I1pERFqaetPvJRhy90zpmy9YqwzhT1unJ
2021-02-24T19:42:47.868883137Z 979 53ZBCdrNGPD23PJoqimbfajlvVruP5P3Ezmt5679YPHbADqAslvV86vZfD9U
2021-02-24T19:42:47.880444366Z 980 TcfsXRvpNEZw8OcKbmjDahJDWrypo40r46YbAnd42KRQvRVMFWIvKjptsBU1
2021-02-24T19:42:47.890974739Z 981 t5RCf8WusmUJOSHGZlTixlu4UaN8gKQHOf3RyJSYTWGy1Xo6ov96CW0ZSPOM
2021-02-24T19:42:47.901716922Z 982 xUNve4yaPx9cAt8ciQhzRPUKt1GyqaYgbWnsljC9jbJ232BEVK0y07KuuIfU
2021-02-24T19:42:47.912552059Z 983 sLCq9j2bux4Bj9EuM3EBk0AdnymXrE1hF9KjbIHx0lGbNKXomGYkQOm33bcG
2021-02-24T19:42:47.924009168Z 984 VXLPmuM8QG9v753jq1wBUhF7Z3ddCIZDa8sUrF8ENBdU79hV2A7G4YPeX5ia
2021-02-24T19:42:47.934642869Z 985 yVuQqOo5pnAygevYVCEZBI3uPwgRpYmdDIkamOvSXQ5tFPtowWbZRzv8ZPGN
2021-02-24T19:42:47.946469570Z 986 Wix0MPPhwNLRpPYrNeETCu60nL8IUtoAIcu1JbclmBKKziaMO1IAyyEoMgyt
2021-02-24T19:42:47.957417045Z 987 NK1abQHKaD9EadKLTazqsYVgHPyT0dPiGPinYgqew9L22V4UbmN2kSPIJ2xI
2021-02-24T19:42:47.969013982Z 988 i5NFT1To6sJLFUyYQT9wnwM24WV2S3kzhkBzdSZOjFDSKcgzOnM73efbv3h9
2021-02-24T19:42:47.979345135Z 989 nq6xk1FtBldhiAZrl4tr1qA510QNP5OQOMCZdBJDdxrwowMNT8x8DIltHjuL
2021-02-24T19:42:47.990313379Z 990 9jsNayFWrYibBW4Z9gv7SwhHdC8SrbmQRlymwdL2fMyIOW6UB0JxoD2HAwfo
2021-02-24T19:42:48.001409970Z 991 4cPpqhzFFihESOjXKqiNY9X2VdY54WNayT9Pbp4DteLXfuA9nYY42okGrMS1
2021-02-24T19:42:48.012809861Z 992 AuFsWcmCQ4emweRYuMpu7OYIpIoSU4FXFFolRZJwCLFYZ1l8tf86HlCK4bpQ
2021-02-24T19:42:48.023587152Z 993 gjCHQ0WW0GfNy5c6Kg5wsWbsg7jl1GlO5coQqpo3wetfeezHeeLm495O5V3Q
2021-02-24T19:42:48.034487449Z 994 NLNTBM9YqvdUIAPR2uwm60p0k7C0jK4B7j9mTkSErzoP6CZLSUz9ncXglVtd
2021-02-24T19:42:48.046189486Z 995 vbKI4i6ZzBG4ynrpXEqxWWNLOMnvcBBDXAnCDIAQRwsBYtbSpseQVsr4XMwh
2021-02-24T19:42:48.057965606Z 996 kigPQIay68tNdVmpSWYZHbDcDdD96dd94ZDkKi90gn347mBDGMU4J52yidZn
2021-02-24T19:42:48.068551190Z 997 ulbI1GHyGoUBbAiXYwh3LCHgwg1NWhcKOfme1VvGpBUlHLS5Ru8968Z9wNPe
2021-02-24T19:42:48.079884726Z 998 6T1PNtWLVtd2wUQ86H6dEygKjwLL0MvCSgngKimRAHOludekjwEIXjO2CBb2
2021-02-24T19:42:48.090493965Z 999 PZycl3bWFV69ZoGQU0zemcqAicWiVOHULr2fHAtysglno3toLmSyILP0Y87o
