2021-02-24T19:42:38.071728428Z 0 OIAwfxoALekjmdpw3fkZ108GEmr9qpLFKvucADU276qTVSEsfWHtSuF3f9aNfL
2021-02-24T19:42:38.083442761Z 1 FAvhjCi9Ja3ELBjXdhzW7M0bHCbyLmCVti1EIYolJdVVjMyv3OIDSf44am7zfT
2021-02-24T19:42:38.095376850Z 2 nBUC3n6ypGzOdiGShtlKj2Zdzp2U1lrm9UzZxjdw2Osb05o0wuPESRKwKE7Q7v
2021-02-24T19:42:38.105858412Z 3 Mjy5yecDJgRBVcMWgyHD5JJiWHwlHmTUXdxLvD3Ez5ONdkn4NJ8tnBILoup1PI
2021-02-24T19:42:38.117738415Z 4 o97avjSfvHoc5LTjweEJbfY4ZHjQO7Ftjx53KZ6J0lMn7gYAqRN6fgZ00clwe2
2021-02-24T19:42:38.129153138Z 5 tHlwQTD54fCM0mLOJQRb6TwIDVlUvdJXL7z6uQXNbh0JKKUlHBlGtPtpfPNr4d
2021-02-24T19:42:38.140225406Z 6 3QMSkIBYOGFFUkfCQTicfMffWUedj100gVvVedvI4tyagHmWUyzDD2jLBx3yW8
2021-02-24T19:42:38.151791964Z 7 NPuABWEoz7XZUNCuH1pOM3G7uStHgiXfoCceIr0zQXoHp9HgDZCJNkeHc2HoRD
2021-02-24T19:42:38.163266446Z 8 KIieaSMwBirgzbgRwJEXMcgiqlD5MVWYcVGVSHTd44aO4s0cPRi2OFi0XM9lnS
2021-02-24T19:42:38.174564680Z 9 t8FWdfTGVVmigkmrK6dv3up4IoII5gRCov3NIBs8CNp9M635auDxhylckFQ1Jf
2021-02-24T19:42:38.186609765Z 10 yawq8wW7k2mlQPeane1DcTW51UUFxNKuTrWouypn5Q0Yfg5eXW0Hvo2UzC0gy
2021-02-24T19:42:38.196918789Z 11 d0yDy92hlkdZ03D7CEZZYkUMZZRfPlDAwLe6QU6ZSG3naVFw3C8OiMIBto7Jo
2021-02-24T19:42:38.208191192Z 12 KE3Gk9pHXwAPzL2M8P5IDH3mLjnjTA3SigrsH8jZyuFdTcWJx0tZ8uZng9QZi
2021-02-24T19:42:38.219389961Z 13 ipo50TMnX1t6RMRq2QrCBorrj9xrDne4WnrmLII5rUYN8hpsT6joPWIfbIa1e
2021-02-24T19:42:38.230803184Z 14 NqWQs9wG1R5El6Q8cLzYQgivFd95qQj04qPk4s15j3VdsOgAnfGck1i5KBcYr
2021-02-24T19:42:38.241166566Z 15 dIS2OAuSvq15ADp1FiaZIA796ShtfaG1TnW9AGmciLhuMa2HXFr0EwM3PmSCa
2021-02-24T19:42:38.252351057Z 16 WKZDXgIgJXhei1VdP9xP0mPD8tbxGqLkuFTUaccPh5chPqQm81sqhjxBjZ8IZ
2021-02-24T19:42:38.263136417Z 17 KJ5Mj5Hk4ZKjbO6PAJobs9XWCxci1tjhOiBgyT4gGitnjQUwigCXrP6msQ6Ra
2021-02-24T19:42:38.274140250Z 18 CIY9sXfaGyVDFez78aw4pMzLR0iIzFBxKZNYnimzw222wDaNyYEE2iwzg6tv7
2021-02-24T19:42:38.284847296Z 19 glrHKiU6pjgBUQwO4TWFSY5NbWYCP3kmkKaBXPJNsvgAKe9avxdZ85HAFL16v
2021-02-24T19:42:38.296672421Z 20 LWoF3oTVhZ1FKAJBdzTZ8prht3AgDpr0zxvCQoohidX5jVdFZkrowXe8gYTuL
2021-02-24T19:42:38.308624818Z 21 uPl5I4xKgnRq1ZIVP6Y6hhkV0Fiwegjhvus8WyzLFIQh4lMQbZGCmf4j7oz2T
2021-02-24T19:42:38.320930916Z 22 vik4rTtleuJqgUOTamI8BscyYvMbAVvyVyMYi4xpaBZvF3IX4NDLoKWNtWaWK
2021-02-24T19:42:38.332492433Z 23 72gUgcnmtVmjZwh1ExrQ56Yg1oXMItXyykXC8omIJknZLxlw5u4aA2B9211Kw
2021-02-24T19:42:38.342990366Z 24 gzIUMSipJtF3CiPWRUmw7ou4dPDFe7Kycbu0rxxVqkhBXhUUCW6xsCjEcYkpb
2021-02-24T19:42:38.354311453Z 25 at548194J5okxqiwkIE0rNHCAMGql8huEgNX6OaOqEdH7p3tER2wRVMJplP99
2021-02-24T19:42:38.364731862Z 26 dvc81rgQf1bz1zQ8hIT9aLpOWAeEZ7Ek2KqryXveYdaECh2tJe7YGE8FzHCF5
2021-02-24T19:42:38.376144908Z 27 lObv8sOkLim5X47zd4WnCETFxTvmBTlkUWMuqQWrZBvwvJZVeH7ECQRsXThT8
2021-02-24T19:42:38.387486339Z 28 LL6w3hUAMUy165kRXfOdXELSjv0KoBrvmZLHbDLjf7jfOoxW5eISRzNdpSfe6
2021-02-24T19:42:38.399696882Z 29 wf6rQ22qEStOWJ3wmitQySlkQ54nzYoE8jEbdWIty656iYPDRTrzwIrAjUHlZ
2021-02-24T19:42:38.411453907Z 30 48oysM4dVPlplmCSQkelGIShlsBPUJjgQHSGRAsfVeQhTjUIDYveWvBLMpscy
2021-02-24T19:42:38.422681556Z 31 Mb3tpsgGb8utaE9SgccI7MduOFCDr5JusMjthuHcGuM0RWAz9tkBgInQOfP8v
2021-02-24T19:42:38.434083230Z 32 Hr8yk1XHzNGebxAdpNxABbBpOLqnGDqgPxdzSCKFGugjZfQpff7QEQLRY81wq
2021-02-24T19:42:38.445990824Z 33 52CP7UpG16amwbyXS3iEYCjFZLIZcck47lcstTiD0P1Uf0iGm2b78SsYfVTrU
2021-02-24T19:42:38.456675126Z 34 KEKNvLHQbCSWY4OzGLkoPmxf5Ll8fvYw5xVj3kVHAQblzAHO4CwdC7KZu1NVJ
2021-02-24T19:42:38.467973224Z 35 4QZc247rnSsdb0nW1127DcWvLw3XaM6QSTUedhJqV4aa6rQ9HlsOIjxfU1O5P
2021-02-24T19:42:38.478787687Z 36 toj3YnHHB2Qzn0GL8uwttYiPoj6C8oYeRlr4jT13sokAQ4WWrRVxkO7urmSZ0
2021-02-24T19:42:38.489893556Z 37 vfRazeGKjb6HemiQ7awwQURk0p3n9cKubhhJW6qLLuCkbktuoK07jGW44kbuM
2021-02-24T19:42:38.501261601Z 38 iUxNeuRNBHvX5fYSSjuQAiuKZj5oH8vXDh2A5XmLSBx9cm4r63D1yfd2mKkf2
2021-02-24T19:42:38.511918921Z 39 B6fIRs55e7ZlED0WfjQHaQdNSlic1i1kw35rDeOV4RanUpRwQwQN5hprmFEYH
2021-02-24T19:42:38.523314105Z 40 U3r2sHjJZE9GUtscQOcOkPcQPXpYv7wknl5BK4drnLrM2Oolr6IO9C4l3E4i9
2021-02-24T19:42:38.534241598Z 41 cyTFBRZPTH2Ei93WcBLU8NCIWLfkeqtmAmOWopkxGIk6lQDLXL1BTx9eahklp
2021-02-24T19:42:38.545137030Z 42 rf1VeuCL79h0R4BAuP8UzRdnRRl6BKt61joBgK5lGEdoNdmMGMP6GuV5efsrQ
2021-02-24T19:42:38.556691515Z 43 ETxhT2ayP6NYrKABXBruPNmD8jIvjSi2dA5XLNKteGP9aOcLAt1PPQpOHUP9f
2021-02-24T19:42:38.568525726Z 44 hcIBhInYCkUbanylMdbJgk1XfHuLlYqdN3LbFKbS9iKKmMOj0yzkheZ2g4VRq
2021-02-24T19:42:38.580517627Z 45 RWLgSQgVv4bepgSG78FANNvLZyU92GmmBFSMGoPBEc9Kupg6aMw4DRkwjP3kl
2021-02-24T19:42:38.591395544Z 46 bdrKLMC2R0mJvZKzHUiXWuUHhzG1vGi2OmrBMlDiQfIy4vYw2dk1QAWdXcAMy
2021-02-24T19:42:38.602834381Z 47 FRkhSViuNydb3saLrhyjhXRNJAxmxYuczScBWNS5LW2OGWEQwdxbbpta5DYVS
2021-02-24T19:42:38.614267682Z 48 jSMJ2ZQp71hS1puLmAGdKdu7vbiR8m2k7YyIAGSzjHeZ5j5iYW9X95aFAKCmu
2021-02-24T19:42:38.625814176Z 49 e5x1EoLexLIzcKcF8sGEL3yH3egfff5YVSjXTh4csIgaNvjez7jLpuGGFI547
2021-02-24T19:42:38.637294625Z 50 s2PrdGFCo7qj9pONDvYliaHySAvFfHrUBZoYWV4ONZqHwAI8Duyf274tgsXeD
2021-02-24T19:42:38.649376266Z 51 eWGQaA4wyPoDK9lM9vZWE8MijTP38n3cVd7GjxuW33Pi7guVSauKpLYhysGPE
2021-02-24T19:42:38.660631605Z 52 Xuvu7fQpq1qDwqG0hm0osblGJd18raSRIirttL5LglXI4hEzJkLcDZWMyonSN
2021-02-24T19:42:38.672445309Z 53 HUOTdbkzEYK9L7gHzCFVklxdsut1I4JbLCr62N9dGgdqt3Gic3g52XcsYJFb3
2021-02-24T19:42:38.684146790Z 54 eqh5HhH7MPj2QZcpAYRMgnBff34RKyf79QoQGmTFt1k70mTrYSW7OOHRGFwzB
2021-02-24T19:42:38.694796602Z 55 v8lvuQ7Yjy5zhd0AJCcpQkvVurLvaZJ1ePzEI9gUMBsAzzivIfpJOMdtDeK6U
2021-02-24T19:42:38.706548259Z 56 juM5jwUViZuMDVL3cBZFmZDxu6eFBnbkfFQZGs0iddXoWc8gbueHFcjU0K4OK
2021-02-24T19:42:38.718667854Z 57 r8qpoh0B3rp2td5axhFIi3YJ1WH9cmyPoC2aIQcPGNY62oBYQU5c8eGa9FeJA
2021-02-24T19:42:38.730073497Z 58 48sDKtdFXPWF4ScbKuJngu8CfIkljfNNeIojVXPIDYXmOD9zdmdwMaldhZA9Q
2021-02-24T19:42:38.740868680Z 59 mWhfNMVbBnLjNPqd4tqknaakMqmPOZEaVw1sf6ITzyD7dzMCw8Ed6dvwU9tMO
2021-02-24T19:42:38.751761314Z 60 i3ou6DAGD8ZcEhNNW8JU9jRvFDytcuJsFOWLCwrtcTXUaf5TUWfQQIomIbC3U
2021-02-24T19:42:38.762957513Z 61 LP08o2efarSyvxVC4Qbryr8fMPRNghvONdvwZzEgchsTtQH5C99XtjBtTEoAp
2021-02-24T19:42:38.774651273Z 62 XTLqIbmFCc8xLmZWoKFVCUuBp1baaPOrdFk6V40f1W85it5tbv9bQnvv4szRD
2021-02-24T19:42:38.785070247Z 63 WcRfzuqeyKW7JTp1m7ctZxuH0KxiXqIbfhFi4YXfCH1GOALFpCfYkQvIwHjxy
2021-02-24T19:42:38.795695543Z 64 wgSOwzJkO82Pwk1mWq7b33ShvbBVGt8dYEQOgQGpY422dDxXYlELJYN5H2Cgv
2021-02-24T19:42:38.806678035Z 65 GFyM0FfghlWhkmOMeRa6TNL1gtKioWX0uljlW4zqeJ3d9Rpj5G4RYbqcr4W4l
2021-02-24T19:42:38.818192941Z 66 fjge8c0tKZEei6dvdWsHeudspWZ0jGyHr7k9Hvn4nVJYgeWtLPzRdQn6YEttz
2021-02-24T19:42:38.829558588Z 67 WW1M1YeZCQp1rgNFdoeixJ6qTINC5hz1YO4Zw2GiuOPALIbvnH59IEpZ6FSQN
2021-02-24T19:42:38.841530731Z 68 jU2948kUHBAXYGSZFrQH2JRpG7d6hKlrpBebRiDc0i4jzw53aM8KiqoDhhB3R
2021-02-24T19:42:38.852507223Z 69 cpJJUfjEJ1pcyCi5Iof2CtTnKKyKZpFpwHBORFbHyY0HkTSjHMmR0GXIMfp7T
2021-02-24T19:42:38.863015324Z 70 pBvTJEwRfePK7NkFE7Ey0N4j6f35Eok47W09FVLzRqJ7YcYGL2uJODBH5CQtr
2021-02-24T19:42:38.874287896Z 71 SqK8HCbuBezloTky63pyQT80pmEGvPgqwDgGBvqbXDYOYnCvTa7jCcTMzkPbT
2021-02-24T19:42:38.885266327Z 72 6b09OPbKZ6OkkEQHTWIuczJiEDMnB8MPzD6bU6B4ty4yNO5xYKHBBI2wRzIAF
2021-02-24T19:42:38.896647035Z 73 py5u8VVUtG4pQ0EeNdD75lQQaUvuDwjdBakvyBtL31LESL5Xa3qy91d61esfd
2021-02-24T19:42:38.907748098Z 74 u90uFRlAYq5AqrIgqJFkfrgFC3fy7B3Re3yZAkAOwq5mDrXukkqztsvuAjshB
2021-02-24T19:42:38.919844142Z 75 pHxjYaaVuAgPJi3BS7l9HpxCE2e4zscyDGblJrKhZno3WF84rDoGHzjARC1Sk
2021-02-24T19:42:38.930864846Z 76 Jd5dapIejqD2AdGQUWn9dg0KK0nG7zBFPgtbRe87TAAZqHFh1ozNcwbgTsP3x
2021-02-24T19:42:38.942166639Z 77 W003niAP6JZvvxpFaKfruuyAHFeaHoMKnuvxP0TiLB7pTgZjfc2bFW7l4ECgO
2021-02-24T19:42:38.953219524Z 78 I2nSR1nkHznfQYYlGx86FXQxf8jnxTBuVuUJQaczdFufuCSEoBNBmWX0wRdfX
2021-02-24T19:42:38.964540506Z 79 dWaxDQVBjqLibomSEtL6sGs4a3ZQdEfVIquqKyionsrmPlAIZO94dFzVOItMm
2021-02-24T19:42:38.975880257Z 80 wDPSMt8IuQUCs1OpjWhzbi1bUVvCSrelkdm25g6K9GTK6FbpA5L2M2Ctazroy
2021-02-24T19:42:38.987865725Z 81 ZBdmjieGWXSApugvF54pdQadyRRVJcAxLCDWf2bDpAfHeiTeFRRGhcTfrs5QB
2021-02-24T19:42:38.998878677Z 82 QRjsrwGqQ8ADq72WhUhkezHtlrkUV3Ph4jNUYsqk2jcLSRWP73LEMgql6w9jD
2021-02-24T19:42:39.010096985Z 83 GCPrTir0oItUJUfeJqSKQCrKAtu9rgTcGFH6ztHDrdcsnjWVUrDIDpcQr30Uk
2021-02-24T19:42:39.021253442Z 84 YLq9P0JBRBs0xtu075lAjEcBDBrXIBbBP8Tphza5oicq0YnEz7pkwsc3M7rA2
2021-02-24T19:42:39.031704083Z 85 nFwuAHcOcnqueyPIRqtVwkNAITvVz7xG1mt5Nue5o32HmXDcQWndW2IkZHter
2021-02-24T19:42:39.043602930Z 86 A1P45LoyxEJH3GChHV6gltutrZL0YD265zN1trPpMliJFZ5kuozz7tETvO5ie
2021-02-24T19:42:39.055108640Z 87 m474nrSII1t5VF0akaOQVRhnGj5tzrhmsWkfg2gkDPK6TXUufq7ELiBLnWksq
2021-02-24T19:42:39.066061953Z 88 DK8t6g6rNdYN2AgUrTCYVky1oyjeq36s2ebl6iYkSTWfoewqZGMHUUikiz3ol
2021-02-24T19:42:39.077179811Z 89 Kl7k0bvsr7o7A7cSjG0i1Y1wiiympvNUpBkE78mvAfy65d7W7zBltB9Gpc9e6
2021-02-24T19:42:39.088299986Z 90 TmH2el4DPhYwhWk5a4BSrbvz5hVTUnAMSKKt5yIxAJPFWDJAzt4LF56t7uRLY
2021-02-24T19:42:39.099602127Z 91 eujgUSwepd1tvvS3LC5lSvHzDGKBS1jCk86oHC5P7x60yzWW84hluJEZBZgQk
2021-02-24T19:42:39.111796757Z 92 9Dzr8JXNH1qqa5L4qgJjgId79TV6daz62uQmp6N73Hi6gpytqk1j1tiMooJCZ
2021-02-24T19:42:39.123488227Z 93 SOeqjkJVlZkLsO7P5bk6tpPAjdFoadPx6kYk5spYLONw9ER1wEicW4pOybAfk
2021-02-24T19:42:39.133995701Z 94 r5y5Y58rYKJnBVeu1sOR9EPi32H4WtjeTME8xOYvjM8aXYrvHlMCKCX1gWLeD
2021-02-24T19:42:39.145020240Z 95 AdxfscfYu4Nm3iZQ9vnyjzR851aH8u0UzzwtlExcOSSKn0N0MkCD3RxBIdsBW
2021-02-24T19:42:39.156121157Z 96 s7x46xy5NwryCpWMMpNd4Ac4A8TsconB3BOJfOd1oZqFq9g6F2N6LRAPvSm1y
2021-02-24T19:42:39.167117981Z 97 X3O6uNvMTZdTizBg67MRuDCybpaR7ewGVXTz4VDMgfbhm3DFMmCdrxbSFc0I9
2021-02-24T19:42:39.178710985Z 98 DekZYiAI8tqw2cI2vTJjSPD7tVe6kpPMAkAch8hUUY3Adp7Q79HuOnZB2iX9v
2021-02-24T19:42:39.190500962Z 99 6zR63LVjqUnmyqUyT7Gw6mzKLYauMbSQIKPx1blNFJZNBqbQmX0eQKY5MftQ1
2021-02-24T19:42:39.201454794Z 100 JwUlM7CGSzVG5VqzUe9FphT7CbI34E43yrVPCSIxZLoklopIxrIdkan03AgA
2021-02-24T19:42:39.212453946Z 101 9BCIeO5A66l59qijbh4WvtpRFYQKsfxzrFh8xojLWB2HmyOf1qhpgVi2Ue73
2021-02-24T19:42:39.224635819Z 102 Sz6j9CdYjK5RmwG2Wqd0Wvn3a6PV7T3g8GFdBqpBUTu1EmN3mbnopKHO8N4F
2021-02-24T19:42:39.235735647Z 103 OJjqL5LmINSsNSY5D2MC1S2JmqaS0SDCByW4FgFJ50mdITYHxyX8kPJdsBT2
2021-02-24T19:42:39.246958931Z 104 1WjvvzMho19VO6CVleNRVu8N5alVd8MbkZWqdD2cEr9orp8I1mG9v5Q86YxB
2021-02-24T19:42:39.258752721Z 105 1aHusW56YB3lr2W8w8CVlJTM24mTxoF0sck1Hbxd7X8mFq1TFmtBJiV2ARK6
2021-02-24T19:42:39.270149158Z 106 9koIX4f5rSCOAM8mqP5TS2mPY43KgL8JmupvI57vNcbWl1d8i1oS9v3f7Izy
2021-02-24T19:42:39.281160252Z 107 zOkynnMADIDzDcaAVtJaqH3vfVVueOJ0Z8cult7GWeercWXGtJIMGwT9B0q4
2021-02-24T19:42:39.292287926Z 108 HuTSTBqWMU7Q5mJq4Va2U0GmNOr8nEyZPtv6mg3yDwfZRhZrE6PCFrHTqHo8
2021-02-24T19:42:39.303645077Z 109 zsb9YQy9nCKMcRlhQsa5o6160LOi2e43BtVlIMA6XuMwXuydWxS0691X7d9w
2021-02-24T19:42:39.315266222Z 110 Z4gHAvueipWACJSdTw9FS6JHyWkSHFRX3H9GYDbBNbIUYYNoZp5PbmC82Xyg
2021-02-24T19:42:39.326554333Z 111 3V74Ww1D18slRDW1HvORiXPGNGXz5TxIkzSWLuC6VRDHf9BIlSdEXH37991s
2021-02-24T19:42:39.336887733Z 112 PuAMK9oiBZ3ASwiToIiNJYQl9rGhkM5Y0ufFWdY41tXRrPgYDPwRoF2rg8Gp
2021-02-24T19:42:39.348173496Z 113 I5NLFj0cEFysiWOWIG86hV3KnRMcyUfTw3A5zbagw2wKJ9vRpX1pLPK6yjTn
2021-02-24T19:42:39.361725036Z 114 q14lRqWHQc2TOUvmzQZu9aTdC7XET9uoDf7C9EKhBxJtoor7KiX0SpkSvOMG
2021-02-24T19:42:39.370637863Z 115 PGczrO3CC0nbmNl7RImJjhxu1BCAGo0y8U4Bq3svUavYz0DkVVjk1I4iEcKx
2021-02-24T19:42:39.381979260Z 116 nVMl08YydBIrQyV8k7JgHkfDZyW3PkwKMvASzJ1UBN2FpeQdHw6t3p8WGFk8
2021-02-24T19:42:39.392960283Z 117 ammIvyul4SeqYSrE1ZThRXLkyWT8Pz644ozD7od2uh78wWapmTDvZTky4hn5
2021-02-24T19:42:39.404845375Z 118 qOB3vVkysPOKdSjMT9IurQvMpLsmWYehXqbVVidLaVklVXlesl8sXxAZhAC9
2021-02-24T19:42:39.417911149Z 119 9oTQObtDu3GCBlOqHgbTnKsYr6QE53uuLxUFLQhbyNjnvbtWE6Iyc923qCAI
2021-02-24T19:42:39.428117778Z 120 hGgqQcU78jyfEi6Szyjee4nPZtQW5Wy4KSu3RJG4QmcxfZIuxPDXFU7PqOC6
2021-02-24T19:42:39.439068530Z 121 i4qCxOTtWDMeG3dVnZqJ3W5fOovZjh5Lz9D4e2s8bxxjm3R5hxjF3WhywQRQ
2021-02-24T19:42:39.450579693Z 122 QAaNpGgbgtD8WRf83rRNJG151BEyxMS87O4s7JUOfxkeJD4Rq4RzNwQcrHa1
2021-02-24T19:42:39.462150286Z 123 lecQVaGsNdoZfhNcVpT1AvrkVBXRKd1ybSb9rCArjSLvbVAs0MjRLAdm3H9y
2021-02-24T19:42:39.473516881Z 124 KuVN2jMuJRlEaboVTbeSiyR19fQgMCb7ftUn4g35T0imrsMIj4OgGhl55FoQ
2021-02-24T19:42:39.485247162Z 125 pcjQsGrG4tolqfoCIhORe4TjuAlu5CrvWbgwandFwE0BjLjrSZw8jfShaoRK
2021-02-24T19:42:39.496313192Z 126 aur9P3yyjV3u9iKCN9ws2LzL2ChhOcjaQQPOJdZIT8pQ3lWUN7zS72hUEpBo
2021-02-24T19:42:39.507585272Z 127 8TV7uwKOGl4oOyipzvWmusxJNpzxG7s7zjKPvCwGczvACEMCNPLEPWHgTiCo
2021-02-24T19:42:39.518792315Z 128 gTl7EckxCcqD9Tlp6BB8T6nN2IYco9lQwpVYvZbnjYnYocUidGzBabpfX7V7
2021-02-24T19:42:39.530248268Z 129 p9HiznUWEwyAByn2u0n5JqMHd5051p0cKKhTWX9eqfEbaMbOmdQZib7NFSE1
2021-02-24T19:42:39.541156675Z 130 0DVj0EYC1daQirTN30eg9t56OvJYCDiVFoZm3n03R3752p5h2AlGBBA7amN7
2021-02-24T19:42:39.551736084Z 131 QPMoiLfGftdHnirly9ZyPAkpPFpnxbCrhOmQgsVXZE91Vc0aw5EJ9QXC5CEm
2021-02-24T19:42:39.562751510Z 132 ABNaSp6u6TVAVaWl3LLGotIhVhzAYOJVq0URL7kdUwHEwyCF1wkFcFz3GLzY
2021-02-24T19:42:39.574220141Z 133 I7J5IVtlZMBFuv9N3pXKnE2dsMbDLeUxrFBORHAtA513V0HZHN5b5c0x1n6l
2021-02-24T19:42:39.585333885Z 134 rWXhbXjQ6AMFpqCjifzhSQ9N7PWQDIKsluZJfpPyefjc6kiU3lAJqZP0KrqH
2021-02-24T19:42:39.596629382Z 135 ELfGvOvAd6iMm56B0AMhM84WFpFLiyirpKoxGxnGFbQylxtAjT49Th5wjAXJ
2021-02-24T19:42:39.608450352Z 136 WSUbJjfW6IadzBn0vqsCNxB49adHkK7RiJyMtursf0VQxPT4WAdHpp4RGHyR
2021-02-24T19:42:39.619011369Z 137 uUfUKfdLwikwwE0BLwQhDJXUyQhx9WdwXqOPrOCM8hWHobJtOBj9SKFbURKp
2021-02-24T19:42:39.630484399Z 138 Qv0sBRTzOj0TiZcPNrPh5T4vYJnEDIHJlqALIUMsJVMWbYL7XdPhh7cX20sB
2021-02-24T19:42:39.641046883Z 139 5b6w6rLIEBJV79JUzRSk9BLdYWiMK36aXZhSsczNFvgpmAKPG9lMM3qEgNPB
2021-02-24T19:42:39.652363948Z 140 fJXPPJxJNkHT6ur9SX7WLwh6zYKCuyDGvPVvMCSJfx8XhO8ZB8kb1vG3PDTp
2021-02-24T19:42:39.663237098Z 141 evQzJBfZpXktpYsbzdp9upi6yTWH3zSg9HusW9zxfg3y3TaZDuP4mXvWELnA
2021-02-24T19:42:39.674781737Z 142 LhJZR8umTlhd79Qr6UjsqRChcFHtoNDalLg7SX27DLxrHbTBCMpdMAqQ9m4Q
2021-02-24T19:42:39.686135588Z 143 J2MbA8L0L3bSNSi9NeXsFeWVFCqErZLfQpceMci637UuXUXBNQr4awlnqRsv
2021-02-24T19:42:39.697154993Z 144 si0rM140Xv4EOTTMewzOuNRLTpjbcDASEkq9B2htSwTToleZAS4EikS6US4T
2021-02-24T19:42:39.708337774Z 145 t06Md4iW42OuEFS6jmJU08F0xKTuAGAu8Ys9U9ONih3Dl0zlHsBCR3UHZKIB
2021-02-24T19:42:39.719410428Z 146 LK6aKHGELpjd8qljCgZh3FXntapmV3mxWnwx9RJGcJOhLVQL1GksSC0YtBBI
2021-02-24T19:42:39.730560921Z 147 EJCuzPkFHKUqTrdk4XDFF2Lu1VAZM8XlzN7R9syglfwHbqu6tQ8s2E83FQUz
2021-02-24T19:42:39.741158888Z 148 qe9JF1qhyy58veT2p6XsQsCahksu3sAocmIswLW7ao7o90Bu064kTkpX7sIC
2021-02-24T19:42:39.752728653Z 149 coyUmoY0KNxoOkYRBbFFtR1MiDqaPNSl4JYLhbBJzUJQgD4nueV0zoD3ZE7M
2021-02-24T19:42:39.763954123Z 150 ZjnOJRfXpiBtLZb5hro39gL54mgtKLetk6TzLqgVDjkilsUi8ZyTGTiYUSvM
2021-02-24T19:42:39.775206021Z 151 wWp38Szo4cRFH7Jzg93cgivWyDhdvP37EfOJOocYLC6X1M5ir160DCGabIAw
2021-02-24T19:42:39.786231413Z 152 SuiQq4doXZdX7dStCox33IcE3yRs8zI1iNmyO7bp6qn1Ol1S4bVYLv2v3Wgb
2021-02-24T19:42:39.797581805Z 153 irrGTCfEfVwWjZWwpeOJSZRWl6MUZUzQUy18b5SiCQDVnjI2XQQgZ3royIbW
2021-02-24T19:42:39.807810763Z 154 xhtBIO2ei3wWaQw9coZ3yRADNiFHWjaWrnyWQVko1khJPyekBHuTSXK2LiuT
2021-02-24T19:42:39.819961143Z 155 A8AokT4pXPY4BoZbsBmDyscoBEC7e9Tx8CsAvUoZ6DqHtWNV5bLP6URGr0sQ
2021-02-24T19:42:39.831340396Z 156 niLjyZe4KNNbegmBuJCu1FyIFtQwlrFksNTIPIJSRAfHaZYfCb7FdelDjTPa
2021-02-24T19:42:39.841842525Z 157 2oPu2UtGIRmPtOKgwzOqn2Pe5dmHuXtBdmWCfph8JaP0xzJAaEoKulZY7oYi
2021-02-24T19:42:39.853070705Z 158 KBvFZrIcJlZDVwg5848WXEt9Y6kwCJlz0OvOGkmcet7hg4Q1GEuZx3ROzMva
2021-02-24T19:42:39.863840817Z 159 NwTJq37ate3O5B7H0v062ZzrWJY3352dcJbiF7Mq7UXLkES226QKa2dIm3x3
2021-02-24T19:42:39.875127400Z 160 qmZmIgwkMD1m7eJZ7btOlks2R1drw6tt9x6yHn694dCIYekoE1iX1hKa1iD8
2021-02-24T19:42:39.886130695Z 161 r1KRaqMIUWAV8XvY5oKUWlWsGMicNwiBnypLdepGL8Oet1rNVCS6AApO7Nw6
2021-02-24T19:42:39.898111178Z 162 yECjtkp2yANsLnMMG7mprp4U5vMbDtetVN3YFe3i6goTB8ONy1x3KZpHCrKh
2021-02-24T19:42:39.908928634Z 163 DmJlEybtmRTyzKqlJZFZiYSLwBarUNUsnYV0yAh0ueW487HQyYlU7gay6yhU
2021-02-24T19:42:39.920027633Z 164 PDdreLOVz9vFN1vTY5r735RLNEDNCDIy4wENTJU7HtbvKnBQoaaJZvHt8OCA
2021-02-24T19:42:39.931557636Z 165 Bds8NWZJhWcqluvbxBx0zGnoiAG6eiCxOLGjNBfSQ47hgZ9nPL7GnW0IlRxY
2021-02-24T19:42:39.943301225Z 166 icD5UFDDKjexgDZgmUIgCvfkyCoxc0BBjRi1H698XOGRifmNMpwpHZT4vzVl
2021-02-24T19:42:39.954230217Z 167 Ay96ABaDqMJdLyO4raSSHpL97W59cJvyW3rOMxy2c7u8VeHwxarWLk6Y1OaY
2021-02-24T19:42:39.965460391Z 168 EaMGYdnBZGPBOscA3buIsAB00PgV9MucXGEF30mHXGqkIcjJHICaMpfvCeWV
2021-02-24T19:42:39.976877438Z 169 auGq82CftfruKsvzegAklAEnKxozsMdYUCHxQExdJP42qnUQCsKQZmLlHWZz
2021-02-24T19:42:39.987964092Z 170 fFWD84WCiMwFQiNNrDUVYIKuD0zcpF5hN4RkZtpadaQOSH8OJDpLr7YOpMVA
2021-02-24T19:42:39.999196007Z 171 2PIbthuwyASqPu671SZ3sYhe4tLTnhVczOe6Jl95yGBsppFTCXLV1Ql7pG5x
2021-02-24T19:42:40.010581129Z 172 JFIVcdR7Wa39ForXU0IumiR9mPsGyOXwZYOnNYjwZyTX4Y8FtbVBtfV3Pj3U
2021-02-24T19:42:40.022152223Z 173 4toFvZXjI56bMD7aCecP4AyDfEbMRQaTMQo4bEn3Yt0YPSygitGgikIAZtsC
2021-02-24T19:42:40.033395521Z 174 IkhDVznjdQer79G52l4MiM6QmVOJyMfJNbkB0QrgKHxZMqoS3RxrljGA2Tqy
2021-02-24T19:42:40.045351205Z 175 WZzJHi3c0cguFxJnveJD6AkiQbQgidOqWADzrkCldNwU14664XsWIs0Kl2lK
2021-02-24T19:42:40.055788346Z 176 ScY0To5gxFX8XvhUdfiSBbObhB8bvuhiTAq6ewnyfTuImM8yrYhLRC06RUrF
2021-02-24T19:42:40.067208948Z 177 cza3SS7RfxnHRqzxZ2V86BQ0f6i3dltoAbW4VooFk1fY5YCcWWMpRFMwdCPc
2021-02-24T19:42:40.078244988Z 178 2NCWDIVWvjIF2gH6tiELCgVkdw45e4MVGkJ578wNJmY7j1eEK0qbOXD9c9pf
2021-02-24T19:42:40.089372785Z 179 oxLa5S8k9zYcaiDJWDzFMrHt5AxBQXtqbsm13AiZRl318JWJMLTWPuGqgCTT
2021-02-24T19:42:40.100597148Z 180 sgslO3oN0oVvCz1yONMDuO1kKVsS9kLt3zoa6EBXji2MaT6E6WxURm7QcQJl
2021-02-24T19:42:40.112230714Z 181 YEpPZSbEZpTunQ4MA6kltXN3OzRNx98hUmRlLCPDG3i2rTLlPj7M3V6Z76EN
2021-02-24T19:42:40.123515621Z 182 wc4GaFaiXryCxl8FHs5w43mJGoP2HjGsHkUBzenLZGWHAh27FN9SWl5uRv2E
2021-02-24T19:42:40.134422777Z 183 Vi0qq4Y3W6AYR6aJJTeYoJLSEvWNSfxHdJJ2wC21G2yLSur3E0ewkPJ1otcH
2021-02-24T19:42:40.145232872Z 184 ufja0mMNzaa9pTa7thO5kLOxw9S9loCOZMbDJRz68bjcGulRIQP7jdnfCtq2
2021-02-24T19:42:40.156447310Z 185 UJ9ll7SOMkCZeq6kqmLnxRe6xbbsVvcBzxDDw8B49mzDPoqtwFI3oXuWGnmd
2021-02-24T19:42:40.167472824Z 186 m0HRqZrweMt3EMUPJGfgEqjWwRH3oIFa4yBDFeA2RPuwfYgrap6EXiRoQyhl
2021-02-24T19:42:40.177924757Z 187 OwdQnlAwtvOHXTYYl8y4Bu9vV8ZeyiElKYe0BdNG0zBpjNOt9w1iYLNrpHB7
2021-02-24T19:42:40.189595948Z 188 zjyBhsDf221W5mB0OKZMvcH22HIzNkUWfcEZ2A4h1kqywjmvGcUIwYIyRi06
2021-02-24T19:42:40.200784153Z 189 HzPfsYTsL953Ml84OMnaccVIfdkgefQb7vAOSkqVHtGaepHjoOKjBYFr7Gbm
2021-02-24T19:42:40.212129115Z 190 P7bHfhFQRfVCca8H4i9ixczoiv5IVbt7zDjJjzrcsDNPZTUVTEUICVPH6s8c
2021-02-24T19:42:40.223645293Z 191 ppMHIGdLYkVviOPhFOWmAN1XtRJb9vBwrNsUMxDSSGctm3k9ZItTwF7xFRhd
2021-02-24T19:42:40.235374520Z 192 ZCk1S7JoV0qMQ1ORLk1ZFTJntBkgjCQtE4Zy72A8sWPfm4t9g4Ywm31nmkrk
2021-02-24T19:42:40.246161404Z 193 3orpN8LTEFTkBODhFQLWA4kHSP7uH4lk0l2sRGckKo2Gt6ojYmwvtAEuqXPx
2021-02-24T19:42:40.256778767Z 194 y523IHmRm1I3YWSSxuWmEsm58ynbG8vITAp4j9nLabZY6bGMWOgWUFdRWs0b
2021-02-24T19:42:40.268054166Z 195 ci7mvFrxztwa6MMKwEXBByPZ2VQiRfupkiexOICYKqaYQ3fBruW9NIXRRjoV
2021-02-24T19:42:40.279696146Z 196 IRHepuDHGZ71p8dIxjCK9LeLh1UbiLb0ChKoa8OwL8fDu8rV5GCruHxJw860
2021-02-24T19:42:40.291474520Z 197 qDLx0QdpNfyWWLN0v0sei34bdtfYtiWmC6sJ8ZBzX9C5lHbVHkEEbyyqPZKG
2021-02-24T19:42:40.302399526Z 198 n0esv1QTfewfI7hBGeq2UoaVUW3csw95vwwc4lXy2FVyLGso0FVOJaqEd5mP
2021-02-24T19:42:40.312995004Z 199 l5ayQkqiT6fDEFpvzxZwkep8JWDN0c8ye4IIxSazbU0QVu8MnJhkoLDZsGxr
2021-02-24T19:42:40.324002587Z 200 IrrGnPblyGDvLUCoUMOXGKJ43cj8Ft9S2522zIAKasbmz927afB5Z4rZnxxC
2021-02-24T19:42:40.335335192Z 201 a42ASF2sxTPHQQ99xV0KbpKRI7k09aTonXydcRP7q6S5bCZ5EUCo5udEcOGL
2021-02-24T19:42:40.346338423Z 202 21dXZjuSSBLJDlmHMJ04k2NYXm3EzBfFzN2zFD6nZQ0T9H8FBSWzGdiKeukp
2021-02-24T19:42:40.357110300Z 203 kUMjOS13QJFDhAPXvaXRSiVZMbrwZYyPxn66maQDNZ2HE6mjjlJM7PAVVoZp
2021-02-24T19:42:40.369022891Z 204 Us7Q1HVoqwjZRwZNoXhCzWOm9UP1biDvOkKkh0xEDZM1BuF3qNhbHA0RPK7i
2021-02-24T19:42:40.379758258Z 205 CILAcINFXadyKhuPNh4h9byOmWOSIBhrm5lzEdQmcCiVL666UaP5tT1eQP2l
2021-02-24T19:42:40.391060267Z 206 6NP7FWbhY04hYozZGN2SkxplSayuxN9iTzesXR47s4qUWXVFnp4b95QP3DSc
2021-02-24T19:42:40.402233349Z 207 3XmleVmuFetX5UzYbWjJy9gQBPAEsIDxwXxBvEDaV0DzQFT9rkC9nT3Mq917
2021-02-24T19:42:40.412891791Z 208 i1Xep33c3LGcaEoVdlMrY9ziHQFOH2RVvb5LLp0n3TCp0X3x2p1hz9VSWCm4
2021-02-24T19:42:40.424382328Z 209 uVnKAnot7NoKxzM3mIy8a00gD0DnKVdF6RYSOQgIltov4Cdrcj9WbfbnTabu
2021-02-24T19:42:40.435323619Z 210 w3Xo8B3o6Afmu5CypN4c6FgDlV7hIbpkJJyrwxZAUX2aIZGwhNQs67atPtT9
2021-02-24T19:42:40.446117023Z 211 vqGhhDP0ufOwemVLN6b5Z1U8Tg2rM5nZhmMyy4sQFw7FjUE9CYaShM2S0lr3
2021-02-24T19:42:40.457074011Z 212 7LtSqpuBzGuIFk2OiBQSjmFfiAUhQvM5Hum5vYyabnFfzFIGSYKrsXe3AnLU
2021-02-24T19:42:40.468508894Z 213 C2rHUe8Fm46cD71uLs1o7CdcASJETL77Rw8LTPPbiGYsVyk08XFdgFvqJ0Vg
2021-02-24T19:42:40.479790995Z 214 vTjlb1mi1Xu6UlgHeZqk44i01MWqTnNK5nmdk9Yt2giAINMwe58pyhUC3Qve
2021-02-24T19:42:40.491422893Z 215 RpN5wEz8IkJFInft6z4y3OB0Hl37uhEI1zLWRhboGh6nnM4ERdsl7cjpCHLm
2021-02-24T19:42:40.501942155Z 216 0IMJVaiIhd9z4p0cj2sio7uz2jTi7KSBq2V8DmaIcyiB1LjNBSHsJOeBWYUP
2021-02-24T19:42:40.513825786Z 217 0tZJP29NGm6ew6aakNuQq6RcwJj3TTLRH9fKPJ0sfQkZDh2NWfv8G9tMo1Pr
2021-02-24T19:42:40.525345974Z 218 r02vlV1hnSU6hhvKnaRpZ1oY9QCKpc5WRpDUivAFqSQjbS9H7sT4a0umQcSd
2021-02-24T19:42:40.536451058Z 219 ttoW1uDQHRN0I4mQPGBv7kiklL0V0VTuRUmEQqmdRJE8czrdlYHepboZerIz
2021-02-24T19:42:40.547611247Z 220 koJORODeFD92tV8y1aWwftQoWhHRJfzpw7mWfZXql68SMJDhBJ7zMXaW054y
2021-02-24T19:42:40.559019179Z 221 9nsRXYggtXMWsMd3oyJM9RRJT7PVBEABDy2akf3damx5G4dYSqevd9JUBpVo
2021-02-24T19:42:40.570015716Z 222 g5kfds7BVPmExAb5iLFe2RmaC1y4YjxdJ1XrwJxTzsWOVVTaLlHjU0xbhohj
2021-02-24T19:42:40.582412324Z 223 MGWkjQOKObAwJY5AexmI81oz1cqlESayj6u11gJN46MHlt5a5GVvCRYb0Sko
2021-02-24T19:42:40.593450498Z 224 2EdIODWe7GIgz7C4wOo687QFP0p9pnbh9q5GXleYHqAM1PrkbuZFgTwkla86
2021-02-24T19:42:40.605055876Z 225 1gjC9ST8KHXNYjSrmI3NpmTDFbecpk9aS0iexz4qXKqZbkFpRVRhBHc5q87V
2021-02-24T19:42:40.616547079Z 226 LlELbsqxmGQ6CeXW7bTqOV1XSz4bq8IsYKPiI9Q17P7qEy0kCCd5FSS7fbSW
2021-02-24T19:42:40.628161116Z 227 gy9pcq8NDYPRp6Fl5SJaye1OJJCPB29GKupjJAlBw1mKjSaCfQ7OLWpKtfpA
2021-02-24T19:42:40.639734205Z 228 AKNKjvVgvBGo3lgm0jqAwpLWfYBUghc5eEX7EZyv5npa0a7y2v6mKzcxxmRK
2021-02-24T19:42:40.651433560Z 229 27dyqfEenIMwLJOjEclE0m63WDCSXtZfxuMtdpq21ZIAwZtYxiDNqwuqKTFj
2021-02-24T19:42:40.662081871Z 230 Leo3mbpeZUqI0FzZie5ASqAe3fLLT8KJLgdieHC68S3v7D4kyH6DrjjbMHfM
2021-02-24T19:42:40.674278688Z 231 8bTs3e6M6KaJGRiZLkl0W6spM5vv37KWfXtRfzhPNyG0W3anad53iD0E27Vr
2021-02-24T19:42:40.685275267Z 232 aVzg10j8UtfAcEuwIY854UwpOzd0t3Zege3ugtWqVwVMVGMRAGvYeKROhNSI
2021-02-24T19:42:40.696739727Z 233 RSgRc9OeUyMN8p6sIUuRZClhyGBu09993jhAYVT7TYu3F3ZYUQV2wIDmCPEM
2021-02-24T19:42:40.708148227Z 234 3mfuIUe8yNM95Q8E5bxi1447yfXrCX9W7YEkyJfY3PBU6D5KTsxDpRueRUuU
2021-02-24T19:42:40.719393462Z 235 10V0CiYfTAiIVmjNMN7oT5bpvSZtT5fM5g9jl8k5DceFzn4CMzU53zM3ThTp
2021-02-24T19:42:40.730244069Z 236 fyx42FH2a4auCnZOq1F9ZADn6YJOQKX3lvZXDnWlk3hCsKrrSDqt4BL5O3Ii
2021-02-24T19:42:40.740984303Z 237 Vd3qpoSZ4FMvY4VEDx8B4jr0xMzQVlLI3CO6lAoyHnmZtLukBfaBNwpVjGmg
2021-02-24T19:42:40.752012604Z 238 ChvgU8Ame5sRk75cY1ZslGwygJjdLLiyLz9EAmzTT83zy32dJHDkNSguAhuT
2021-02-24T19:42:40.763405266Z 239 iClpO2eEoglQivZjhzfc824ieX5RdU4Af34YYvT4p84O6AMNxWVbSAWNzW4L
2021-02-24T19:42:40.774427341Z 240 lzSQL0sBk8zGnd4t7Ff8sMQixwDt91wcj7kkXh9f3ereph51wUC8A3TMfwpK
2021-02-24T19:42:40.785342508Z 241 xyFEMvo8MZudGvZo3io2VuC7IpoTHh6Qi0NICP1xPcIRcBteCjfh0MmZdm2e
2021-02-24T19:42:40.797558901Z 242 q1VdKaBvOeCvjKrfC68J85MWySSNNCMCqTGFHLrgDmJOFwrdfUNDLalInzzw
2021-02-24T19:42:40.807803811Z 243 lNZLpl8Nt66XkO56cRWdv9b6TcX4xvA0vVhEqxEA70lLv4rSf0mNMxFripr7
2021-02-24T19:42:40.818901492Z 244 mMV19Vg4nDraFukHLKAO3eMAydZrCIqIwa4ApwaMY9biDiLq5b9Wfo8bTce7
2021-02-24T19:42:40.830437391Z 245 ahIE3trNFApljDPFYk4bBxLoNlpSVqdvqxegaKVNxvyh8r2h8T2hAFC4YuhP
2021-02-24T19:42:40.841476453Z 246 fgrpJggu75qsCr4dTw7i8Uuc8OceTYHx4YnVL5jOnCDz2zwRCawRB23xn4A9
2021-02-24T19:42:40.851937442Z 247 FKsjBz98YYwX3ZlRIvdelOVxwo2PwJ22sX2R8zDvEsP6i3nSmDKBl1VmUp0R
2021-02-24T19:42:40.863304287Z 248 5LBiPDrkPjh6z0I8leHJplGnFMSD8ZBSyorbOpPEgRkLgIrJfn6BPJiYguNC
2021-02-24T19:42:40.874092482Z 249 0e3vfgJZE3AlzPsI4rnapEEHkVunnb4sogANZtSdU2PCK176PvPL2Mm1bDOX
2021-02-24T19:42:40.885169035Z 250 1UtX38Lohps3lQacXnidhwd5w8TUmhqyGeCTf7338koFU3PDCmzDIl6ESg1Y
2021-02-24T19:42:40.895967961Z 251 TKWrpLFkmWk1DoPH6k3er3drO019owFTpTdykhxcS8aDhFtt3bZMAUOsgxaH
2021-02-24T19:42:40.907096042Z 252 ZRgFuf2ef6BTXkYDSJHc6DzimrYvWbh2DisrqtnkEsGc7RqXb2c5METo65sw
2021-02-24T19:42:40.918517676Z 253 qpblZUtwQzFJXk745qo4l07hi4MXExz5bamWVobnjJRBvNv5ZuPWtxKrTqcK
2021-02-24T19:42:40.929074368Z 254 XHYeQHbeCrcBx6prLhqtOvzIiiWLmhzdFJhvInnYCFCrsSBXzaqB6OQHWUMa
2021-02-24T19:42:40.940933514Z 255 23SRJ0CTsj0tSpc4kevFNnlOpoKiIyNGvyugDAqsbKfJglNBicCjwhpH0Dgz
2021-02-24T19:42:40.952182680Z 256 G41966yEKlmOLOMGRxqGmjDdT6cKjlj1wXRhM4wROB4bciKwkDuW5f2hAXqh
2021-02-24T19:42:40.963044819Z 257 3Ws1QkW4Eun9sz2QqfaeNmCrXPvh4pQYNmuOZ5uOezpe8Usa3UAsCi8Te9p9
2021-02-24T19:42:40.974608963Z 258 TbAw0GBp52FYhIBWAvu4WqmBqbrFuiTpjGbjaZocS0PSuSr0HjJGauZ4hpqV
2021-02-24T19:42:40.985611085Z 259 wwwQbpLuLdQWhIyUYyt7tbRNR5s4uEoNbRT7XJXDEN1zglh4pdBCncS3oYFr
2021-02-24T19:42:40.997570257Z 260 sfvBkm7drN17ONRWw5x3sc2gbToCiJxNMWrtlEGg8EXvVo1lNQFb57SlFRI4
2021-02-24T19:42:41.008409086Z 261 neeWPZwK33Lv4hsUyOkszt3gEmnp3G1B7Ac8MZUB8UDxdJ92wU37xQ50dOzD
2021-02-24T19:42:41.019064656Z 262 jG9Z8vHQLYtzXhz7boMEGsFEozcjCIk00Q5zonGsCYWVzC8uFnQipAOgQuvx
2021-02-24T19:42:41.030217200Z 263 ZXaWp3QzNCD7EVsh9ksCuJ9X6I9k81qn4NdnNk6xQCkpfbqP6ERXtks1Wcds
2021-02-24T19:42:41.041510868Z 264 qCl6Ic6Ok4392y9GhMLYJ4jBU3DEFNCpjENhRs1lQcFFj9fZHvvTME3vLdyi
2021-02-24T19:42:41.053643502Z 265 B8qAqqw7W78mgHfdiNkKU43TC4b3ubfbbBeitGvZ5Qm09cnMXwkUa4Wns5Dq
2021-02-24T19:42:41.065612973Z 266 QdnkVYf22TGPJavTyDXUUKzX7iyisZYpMhdLxEb0XDrrUUykDkvxLv5OjrQw
2021-02-24T19:42:41.078073480Z 267 yT0SjaRlQUgElu2JBqHMFTVZN5P4ZhUOaVEaZmrrgjzrjlSDL7vDqKlN1NL5
2021-02-24T19:42:41.089225827Z 268 PcygGylgLHhLUHdxTfRKDvNNTe1TEEXvXCFeBULYxsTOx7a86pl1r7AMkVy9
2021-02-24T19:42:41.100654394Z 269 3pXv3XhIdIQUNejtkGbCAyPQbCzTpjDPhPkAv1bbvwQOp6Pgu9fmLPNYDHIP
2021-02-24T19:42:41.112213765Z 270 FXQUHfAQbdzfu5NRsJcj4vEdZ34f8S4ouG2vu2kB92scedtwRuOB63MjKacI
2021-02-24T19:42:41.123589381Z 271 pdRGd3vxc9z94i6adcafoGkK4lOUsvieJ8A8RFjkq1pur0lc6BvNGeEDs7Kb
2021-02-24T19:42:41.135587626Z 272 hjuBLIJ4TkERYJDlvBUEeRd3j0ESFHLg3hwEi4JdCJiDffBWIe1mOyP2bccB
2021-02-24T19:42:41.146628961Z 273 EkrCyw97Mx5zmG9KWcn68qLs5xk4WO7cDudu0NPopIAX5YNayoRa6ojaMi0b
2021-02-24T19:42:41.157933699Z 274 vBiIVWL5X7XReGQBzBV8NuSYfAkRHdt207LBko2O4fGyJ0dcxJFZkb2MsL4v
2021-02-24T19:42:41.168943568Z 275 NxxJg1lDPBIZbM3rFnGH3o1KVrChctC3K7mefoIrjwGkwAUzP6iomIAdAElc
2021-02-24T19:42:41.180032954Z 276 JZFjN1QhR0sQb4fSpZuGyUPCQPINCbARoPTbdXF5ABHlQy2qt4qkbRmjS9DP
2021-02-24T19:42:41.191317897Z 277 arMe2lsRymBJOKF7UkDTis8LywDCmDZccma1Ot4ww3WkNG7eIdVe5I9Xd7s4
2021-02-24T19:42:41.202105415Z 278 9cmt6wdzZic0mIC8ZeuQ6DOHjHP0THTQgpQ8e1l3Oz3u3TasnWNQ0whODdiv
2021-02-24T19:42:41.213650071Z 279 eyAL4bA2kVWoeLiZmaUAqMBPzpqFBHXQ0podIva1nnGam2zHnbmX3xQyt1DS
2021-02-24T19:42:41.225674492Z 280 8rAytLLAe5Fh60oLzBhsejAVsUbnZD4DiHEgczF5xIRpFjjjKMQb3hlpfmzj
2021-02-24T19:42:41.236782420Z 281 eBREDpOOHkqm6BFU31odIOIG1PwlfwZ3Lu2DIM8JRZIu2U9zDCfTBdefcsvR
2021-02-24T19:42:41.248086914Z 282 50j9Aicznd58726P81mDZAn6AiGmtBSt9vDOIYCpS5O73rCyFttV5JhSovSk
2021-02-24T19:42:41.259530178Z 283 inb6ZHN4qaUhnPOtKiduIrZzKi8Zipy3eqB8biiQsBUQnojWa1CTsBhJV9Jo
2021-02-24T19:42:41.270287559Z 284 qoqqrCrYZfeI6aveRIE6l1yr00L10NWIEj7zAOWpru29il1fWv7xboUyTQEa
2021-02-24T19:42:41.280781433Z 285 VP5ol84coJjrCrxYjMsGgmLP6fAc2WZL9Usjkx4onaPN7OnaC8O6XYIDgnjr
2021-02-24T19:42:41.293623000Z 286 ux6dINTtfQckXRkeTmgCdI4YQPFBLW4po8RGFpP1ybeyCzsrvDygE2hk05a8
2021-02-24T19:42:41.304579819Z 287 sCVlv5vGg66nyhEbVW3sjQMEpWSP1GeBMCpYUJvN0V3f2UClzHsNS6XbWn1v
2021-02-24T19:42:41.315789326Z 288 4k1DqExzKr0ndazoWVpG8E7snG4OK3tQ7KfDUUl8thahNCev9zv1RZm0spFn
2021-02-24T19:42:41.327027010Z 289 43XanjIBlXUlUiOoc3T7izLEmWKxZmFOqJyoupigagCx9kZNSphh0ykioe5p
2021-02-24T19:42:41.338459465Z 290 wX5XFhKPtBQ6tQ9LCw2GdDq6QuR2nuYWQX7mL0Cf0ZqQJN2VjoYVTWK3A9Vd
2021-02-24T19:42:41.349662537Z 291 arbR1oHlRk9jqi8mdM1ECEGduuEzC0OwGDdSrlvPyU8soklLojGTtioPylnv
2021-02-24T19:42:41.360919841Z 292 JWxHb2VQhIsXhLHvbqa458U367qGapB9lHGj11AU4Ozp3GU8OnU2HG65GmR3
2021-02-24T19:42:41.371913220Z 293 kmZbLZuOZQPMVlEGZYUypzrqtnkd1uLVjxOMxvTef41gOwu28NbV7O1Po30I
2021-02-24T19:42:41.383195041Z 294 gnIvNKVesmqJoH3EHpNz4hqpmrAjlpWupjvXU8ZV7ZEmuDHCQrZYNNE9AIQ2
2021-02-24T19:42:41.394620789Z 295 7ldJorFy7SYLZWgfwSNYstGq8qHfcpmqcvxxydWgVqSgmXxmXtzPK0uq2aMV
2021-02-24T19:42:41.406022116Z 296 iyaxeB4yQPxUz7sKVqIgRDMyQXAXB7TCAqGoKFWv59OUzx0ioFZZfd7CkrCt
2021-02-24T19:42:41.416930653Z 297 4qDG2P0qO6KK70PtF2eMbhy1mECmxPF8rLiDHlEum59ksofjs68yL4lDQdlp
2021-02-24T19:42:41.428581246Z 298 xV8eu4a0upniJSzyHcg3VGxm9YeMFSg2tKKOWmbGiOh56wuBmToDo6oFLltr
2021-02-24T19:42:41.439789066Z 299 oyZPdSEAa4Lk5we7ISuSy5tsFp3EtZ57laXOILw7suP4D9xbI6WoggX7drnr
2021-02-24T19:42:41.451074867Z 300 veMR9cmhaIb5K0BzTMzRNSlhJGdda7AXihSbD5DtxNLQjW3sFupex6vXeknH
2021-02-24T19:42:41.462538340Z 301 xBPQZqEI5HDzB1j280qhgEeeVlKlpeDeeEU77ffPu5hvpjyFo3H11Ky4Otkr
2021-02-24T19:42:41.473182237Z 302 rUdNf9WtWsP1kNMI7Vje1K7CxeyBaXxSihZ02jsMxEr8WubVzXROPQlnthDX
2021-02-24T19:42:41.484671265Z 303 LRfHH1MnobWLPczxDWqOfeWS5sYxsElh0Tb4ZcRREAR99T8exyLIco0aq5TA
2021-02-24T19:42:41.496933469Z 304 1XSr2vUGQoTABIwPzoFJS6s2U8NLLwTjw6XWUPRK5mQJv6vwsVAqMkmN24wT
2021-02-24T19:42:41.507977743Z 305 GxF7H3tbw0DJEUCB7twzA6qCzIYGJOxWahQi6s1P7oP3D27vJXa98MjEzd4l
2021-02-24T19:42:41.518965799Z 306 QLXIyf2NMGEntkGDXrvh3N9wOFpzwNz8ZXptjRPKdL1W33nyUxfnhoUNJbvG
2021-02-24T19:42:41.530480925Z 307 ezHOoTfpTRPiFmzBp23TPA3KXqYYsAuUJDlXUSxlegNK2MbZB9T6LVEuWsNV
2021-02-24T19:42:41.541170349Z 308 sMeT0q1hq3KXRHP6ezEbRbGqFiPH20VN0M9E5piB4OwbGfceYoyoGw1AfXUm
2021-02-24T19:42:41.551964505Z 309 lcY3vDevzZuSJexsDXta9TcPdX8PDomQtsynGWbtDbM2Lg7P0O6v4D3dsUpA
2021-02-24T19:42:41.563630376Z 310 lMuhnFekhlMS0FCu8N9uRp5gixuhuqUAOeVhkoyeiKChufE1mm1Z6nYzEjge
2021-02-24T19:42:41.575108716Z 311 8RIJDDNYMdTE8njSSC0Qch1DupySOOlIBAsMuFa7cG8dWjODQPHULtLpoVUb
2021-02-24T19:42:41.586160628Z 312 U5FTogN2JPgcZoP0dG9kRRx5A0jRM9stupsHv9rTI4N6CXwNmqkEHHQDV0jP
2021-02-24T19:42:41.597612998Z 313 Y4GVgyfMOCx97PHCTqkYybmJvZZ23a7W3FSUnBM3izTEmoy7LbxWm6jtnoM9
2021-02-24T19:42:41.608186036Z 314 0VTsdIBsqUp0pWbQGLzxzTFODQIq0cANLIYO7duSmqlHguArNNIb8NM57llf
2021-02-24T19:42:41.619443141Z 315 gNKZ9Y3S7hjeJgvdUeLo3loTIz6G1aBd6ho5l0P1SPCgcgDWrJnSQr7XFB9I
2021-02-24T19:42:41.630015222Z 316 ZQbnLh0d6wM6yRehgeE7cr7kBLECWIuv7lxATplYfIjaB3oBa6tvugI7kNhw
2021-02-24T19:42:41.641215587Z 317 L72JL08vqsfwbXa3itI7U6dvLlqLCVXSOgXzOk11OvB3pfmLsEF1JnujAf6b
2021-02-24T19:42:41.652521366Z 318 CnhlB8SC2pywHHAJIaX7skOoAN4aVfrhYNuEosOoMXrJGYVTbGNETiqM7fMq
2021-02-24T19:42:41.663814647Z 319 zBejEbxu91LJUBglVC1Ysr1CLyi8ThqUgTMtioapwZlHWQU2GO87i6dR0e7z
2021-02-24T19:42:41.675236295Z 320 DFh4pgw583g2PLBgwVlqVuCmkHrcqbTKn6IKJ1AeeBHlkqgLUx2T0Tat8kkJ
2021-02-24T19:42:41.685695906Z 321 QGDM3UKqiyvUtYqSCabm34DYmqrcAtRGlFjGPzacAZUxF5UJNjEVOyBQOs9v
2021-02-24T19:42:41.696969042Z 322 ElgPje5Qqv4iVFXqj9UaimaaEY3XDeafo63akTtmUp2rGmqjp6cwGtVAZMZM
2021-02-24T19:42:41.707989904Z 323 dTl7OdDa5mzUaGOxy0vniKlotPhvbbOsmNAKRwlJfuQX0KX0MPsH8dJUwBmI
2021-02-24T19:42:41.718755258Z 324 wJsUSQ0rbgppR42kD6QRDHQzEwWyBrq1yZ2v3U9uCXGwxmKjcdmUA20Uvehv
2021-02-24T19:42:41.730094019Z 325 JlmKvb91YlhweFVOQNShc3gobRkOg4wEg8btLLYmMjQiBB74DA1M6aLcseFP
2021-02-24T19:42:41.741243021Z 326 WuhyH5PAKkaGVVx1zcQDg0BsYzTueg4EoGMig1Me16VCOsFqYpjxOIn6R16c
2021-02-24T19:42:41.752574671Z 327 FTywMDC2fqh4BuVH1Vm0Jra6Ss3do4qM9ofPHk3hSw6RDlysrJKuL0WcNTUU
2021-02-24T19:42:41.764536127Z 328 4W32uDyeh1H0yc3QzrwYwYpUpvPfRkGBdxMIbAyLAQXwnP2WCh3zdVO1mNr5
2021-02-24T19:42:41.776067931Z 329 VD7Z76pwIJNNgVrAZdWfKcfyMHFOpVtP8jMWQ4TRiDS4LF1XZzubPfnHnfuY
2021-02-24T19:42:41.787002263Z 330 zgKlwEftD8DJVPlyJcPS71NKpGWuTNewuXmOJGzxhz62UKldv6DXZ3BYM4Mf
2021-02-24T19:42:41.798241691Z 331 dkFSfu5Wsgk5TTw20utWKRvVHg4xQ4DIfVW76EWMbweawOWWNNgjIjWvbgsq
2021-02-24T19:42:41.809480604Z 332 V9rFqzAVdxUcmX1XKEnvSP9IjxQVaYFvOkworuDvdkiLBDUGnJk5JIgQ1z0l
2021-02-24T19:42:41.821537164Z 333 K4fwMPaKrW14PsYEY3QUgDB6AHUaxBTB8ibY7IjFp5HuhjmXNa93yqec9Q0S
2021-02-24T19:42:41.834041267Z 334 m1BFvfhxWU1rHsmDll3XjssKr5Gc3YTVnfwWQGy3cVANfaVSk1yURBcE9qY2
2021-02-24T19:42:41.845324528Z 335 PFv4wocQE82chfS10aBreCbzoFHSF6iNrUW2HNJIY9Xa7EgPCrhLx4O1bl1w
2021-02-24T19:42:41.856644474Z 336 QC4fW9DjKFcvBoMHhlIGVGv4rw1UgGwOTZ8l3ub2foKYJZh6qMJrOxaCgNLL
2021-02-24T19:42:41.868185417Z 337 SeYjmyE0auiEsh8lxenUC5pJy4RmtKpF203Hj9IO3qDqskKS56y17UamCJjq
2021-02-24T19:42:41.878787390Z 338 Gs1H1PqFfCd77VcxOzJOWNPOy3FE0vylz9wSuCw46fvvYhIoqmOjv4eGyC2l
2021-02-24T19:42:41.890290836Z 339 kavWkwAfxWHdDSXWfTVaBN44cnaYtMuTsolVuJrCw7xoZkQ0A3ZQIfuqz1p3
2021-02-24T19:42:41.902411254Z 340 ZVzBsKPtUcg2qN0bCrDCUHXWzXArydTWZ6JzNKM6ggz9pEjBuG7triFD7hfd
2021-02-24T19:42:41.914548069Z 341 dYkmZuRSExhY9CclHHJuIIQlKkhJdF0wCemg8FKelNAEN38eC1uUdf3a0Emv
2021-02-24T19:42:41.926386764Z 342 s5MI658IyvGIAgJmsMOkNpElSHhiKR9RbxqTYOpbGuioHeM82zPVt7AbIUKR
2021-02-24T19:42:41.937665677Z 343 2j9L1pmjF8AqBw5WyHfqZHL4pnvyFM1qgYWNU7YbFhZ03ZOZ6ct71daJo0wF
2021-02-24T19:42:41.949342815Z 344 3DSgQdjNJkYOhPlZqRpqCtqGsXUoqnaITu3zfHYOqZV2c8kjZO4dXNxU0sfW
2021-02-24T19:42:41.959898912Z 345 uajH3ddMuevAWUTnVqL1KV2O31Okt5Zw5TZxoKZ3dqgPXPuhyEDpxKf4PIYp
2021-02-24T19:42:41.971605989Z 346 msXdZAYOclnMXkTuwEjSvDt9yywAegaeNRqyzhBCbFD5mK9JJVnUACJHtDiv
2021-02-24T19:42:41.983736840Z 347 QUgcIIML4ZAv6VoxRXyKIB4vVsa28XOypvOMXeaQJrFU4roeueGDlOR6VZ0w
2021-02-24T19:42:41.994758941Z 348 6l8TZtGNPX3uDSd8U1FCSDGmZz5MsU6FkRx3WZCxKJLVR0xNU6trKWccJO4Q
2021-02-24T19:42:42.006120988Z 349 wa7yDhLJalAxqtrpEN4DjBTcW27riLHmsUGp3URyPqYvFmMDrrogSedzeCIr
2021-02-24T19:42:42.017645813Z 350 cpbrjndCTj4jpKhSqO7IiayeLJsNqvsPdZlPExEphCdI9AXKNkrvDdnm0ZWc
2021-02-24T19:42:42.029317796Z 351 kpzEVGcYqyR0lO9pX461b5TYUCyuiKbqCev7CIsedY2VgNEyFAg81Y99mpde
2021-02-24T19:42:42.040633158Z 352 q2SbWJ3L3DAfCWQmYkaQoxQetGXP6KGX5O8P3Lf4d53RUZ8wMpVBVFAJVUzo
2021-02-24T19:42:42.051889954Z 353 Ehpy8De1b3neMqYkBB5CGJUypp6Bf7DFE6UYjdnYwIUdtKMq9qzNuaxmu8NB
2021-02-24T19:42:42.063604280Z 354 VG1ZZ4cdaP86kpmqG1sfrzTLv65BHa75ju6MJ7XvW8uyBJvl6lwzXM4oOv3L
2021-02-24T19:42:42.075058220Z 355 4jDazvdJvQ6PdHvTlj0tS8o0UYhEWsfJJvydT1E9JTIjsEjMh9fgollWzZhP
2021-02-24T19:42:42.086638986Z 356 wrHihklxphjhcLjAtwvwKv7pwqJY7cvA1n3zfrKRr12IFbBfcaRntnRhJJGP
2021-02-24T19:42:42.098181990Z 357 ShQfCVbbmSmxEzUMkLGOO3AjWa6XSIxmlPPeB9EWNiBaUYEXva004Y8LQ9aj
2021-02-24T19:42:42.109308744Z 358 7xXx4DDOfD4l3oRcZiALT2enu2RdFkNc4JRqXDaKVGxpqq6xdWdgI75REZDk
2021-02-24T19:42:42.120723444Z 359 MsiK2mAd57pkp6Ah3mS2Nm0v5yczBZreaFJ3ZQOpyQcXY8dVd8yRvPZsQ7mD
2021-02-24T19:42:42.130708479Z 360 DffKq6mpiRNQqVtRGIyefyqurZE2yjXOZ21uUj9BKvNypUQOXC1ywJxLJLeq
2021-02-24T19:42:42.141843275Z 361 zXRYPbuq3TcMWu7OGMuDRn9HMUVPQ0N2AuFmAwZLXrngvFjKixHywc7U2l6V
2021-02-24T19:42:42.153328780Z 362 7vdhGeU11DuRrZYgzkQrPozwm0J8G6wvO2kJ28zJ77Uo6uFwY2sMNAPXRrfC
2021-02-24T19:42:42.164614645Z 363 RJ584H9K6z4Y6CuCfkXgOct5W9qfIL0mhVPKdk0jv4u37560e9uiAX0KHMqa
2021-02-24T19:42:42.176513717Z 364 dYmLXG5zyHk9pXhrh695qHeAURXK7xIWueKWDYQbgFjDXp9znTP7vwBPZUid
2021-02-24T19:42:42.186719097Z 365 QLDswJbHCjtRiXQQDlD3tVSDOkILJbkhgpJp3PHyY1XkVGDRL6JfoTn1Pa4b
2021-02-24T19:42:42.198238700Z 366 e73GkuUqMW4BzA8QFJUm93L9acVcMdmj8JPQZDNNIau9wbUvZBCgzihJRJ8W
2021-02-24T19:42:42.209336950Z 367 gUo32fGqCJAecs3awMK0oKSa7FV2V1bCoh6i5IsXY0L2ICknJ7hjDhatgJ0x
2021-02-24T19:42:42.220447923Z 368 jfYAdMFHr21DDHtON1WdCbGvZC3HqmbE4HyZDwVY6sEwnJf281hDaXyJwbld
2021-02-24T19:42:42.230939138Z 369 08e5HOTwpKEv4qCYoy2jVY96tt1gbRWM4ik7XPZyJbaX3LB9F7hR5tBL3swo
2021-02-24T19:42:42.242182043Z 370 cgTBtKCnjV95uS2BmvVMwXMgr3bzYEhT9sCwAkX4gVGmkI3qm97doebbkVqn
2021-02-24T19:42:42.253437546Z 371 LI3eeTlL0rOY690IlDZV0JXNNb8Henafh6xbbLkdCP49WQF0NFpyZRnaMiOx
2021-02-24T19:42:42.265242209Z 372 OXfKYuBxJFYESpO5K6d3M1q5av6l2GatLRkZvzbFT1h6Wd8IujVO45WrDREi
2021-02-24T19:42:42.276053009Z 373 KLjPp7arraOsKfKcf7r9Ws1zMIYk7XKLov0ajULp8Frb65Rj7UlT2TKrD9VO
2021-02-24T19:42:42.287201727Z 374 eQXvL4FdnoRNK45JaW6W0iHyyRUEhc19BmQ1cbzJrU36mztZa42RaxAmO5wn
2021-02-24T19:42:42.298522390Z 375 cJdZdpWU8POsRgQPLZbfcoIDvuBQNGzrKu6y3NsXShKc4MXD9JwpyMFrBYtG
2021-02-24T19:42:42.309930856Z 376 9NMez3RtbEbBdzuqKEUGnqzgEeP6PLaAqEaB9HCfEhKVdazv760vATRq7j4X
2021-02-24T19:42:42.321547113Z 377 csiqLVnRU3EzD8fwSwkCxvMLEnGe7jQ5spPKCUqujK7stb8PxE62L4j8bCnL
2021-02-24T19:42:42.333352750Z 378 ljwVfK80Sa3jl2vwiI6uewjyYQ9ggEewySykJ6WXm2GaTc8nKOeBYDTJzgSo
2021-02-24T19:42:42.344816962Z 379 hFONFKAy8y3x2l8ubHUXY7IZf1Zu7eVtWIfjbl9dGVUQn2YIprLsaHX0vnJi
2021-02-24T19:42:42.356181154Z 380 QwB7fbqhN5wayW2ZOYSX7FrKgiaEq6KoA64k6IWq3zydzed3lRzQKnRqygpT
2021-02-24T19:42:42.367539751Z 381 vjbAuaLu5lzZ3uQTBZzHcpzqoFjetJxQtM8FXZ9FvRGUH4kyCN627vvr0stm
2021-02-24T19:42:42.379095107Z 382 GSEEKQ3MLzLWyHTZUxRP6fG2T0DGPBB1qkzjzOGjkg6b35ravxOoCx4QD8No
2021-02-24T19:42:42.390344850Z 383 EDIAlLiWvL4NeMmd0GfCSKVZ66wfYgaVLvP0B3TZ1RhXaB0x2LqGxKHxOlwp
2021-02-24T19:42:42.400709602Z 384 OJ6vJoNL27uzUdzpMxuRv4OYOw2lBLLn7YZlwd2KzBJHDhTBI3IIJIVC7l5n
2021-02-24T19:42:42.412111130Z 385 7LYF2dinO8BOEbqJLzlQEVtaCX7iNXZrFO2aGStrgdz6RJxbFOVTyjMah9jd
2021-02-24T19:42:42.423390218Z 386 ZKCN3w8qUcFzRhISvribwnvl0vzhd7bGBdnbqXA4c3xzpJDBPAqEMnqr4lcN
2021-02-24T19:42:42.433990173Z 387 R9g88W2bJHLMUnNaosqGhk3TWpNMlr60FmNHh4OFU3BRyMMI3rsBHLWjAwdD
2021-02-24T19:42:42.445424616Z 388 LvOWQd4yGSrkDhwagH9ikhH57HbaC33ofMyt0yXGeVozZekczQPCCWVy8Q5r
2021-02-24T19:42:42.456019808Z 389 2rf1s5BmF4ZrTJxBk8TNLKDVI61eRrnCR7nGOvA17sKmGb1nMYNiBJguin5P
2021-02-24T19:42:42.466956134Z 390 DV2wDaWEpghGjrmKHXbQHQkgJhGHaklfxg1T9hk7xtwqARxUKaGahAJIzBew
2021-02-24T19:42:42.477634348Z 391 TPouq2goWNe45F83PCRMMGGLF5nt6ddjnVXlVMHIal3GqTz1VpRPdw0oUjHu
2021-02-24T19:42:42.489508079Z 392 iwOi6UjDYohFrJ3L8L9DV5H9PXh5bx91WUdqmskz1m8Tzjly8ob5XIsxH5lm
2021-02-24T19:42:42.501054766Z 393 pMVaVErOAYYRNpKspwGd8P2JNuSzIOgNGgXZybhxbpRXeimIglv70hY55fPA
2021-02-24T19:42:42.512642264Z 394 ix0N1sZtlEpwDIt3AdgIJPPCzzkhZQasrT8RqUsunlBm8WMMZlWDsMxZ3SR7
2021-02-24T19:42:42.524464935Z 395 CaWT6UsRhXCzm0sfxJyD6udd13b1wMLPOXDWqiauZmwdiTaINNjIGZywIxXk
2021-02-24T19:42:42.536112292Z 396 7213A6a5F8mhSJ2mtkUYcWkGhPLmwXGjXad3Oy0qnKiWoSvEW4cnroTqG795
2021-02-24T19:42:42.555318019Z 397 CxnQgWBGECGh9FTscpoAPLRNGEsPz07GS7um1Sf6orG1McDUJT76iB8pDLX8
2021-02-24T19:42:42.564860680Z 398 UjisnKSjwwhwmhFHF2AFRRvJ6dRZiKYRm7enyVlgdk8ymra9qSHuFa7119hE
2021-02-24T19:42:42.576058715Z 399 DODgAlxPGOn4ZtIkK1tnMuAjke56kUabQEgTzgfk4d5gq5bbiANW6TuAlhLW
2021-02-24T19:42:42.587375505Z 400 3d5toWf39qFRXQiB4KHqrgQUWN4V3IksIeW4YF4yYBQUB0PQspU08NBX0Fdj
2021-02-24T19:42:42.597957157Z 401 gClF0rlGvGykrula5c1ZI9LSmjDYREkOGKRxD3WNLkXo2InDsO9jJo6ayHOH
2021-02-24T19:42:42.609164936Z 402 FvPk1NsZb1PNWxFpNrdbgGyF26oMEu6IobCDEFuMuFA8F9z5BQFcNyKg63UG
2021-02-24T19:42:42.620383101Z 403 VLSXCU3ZAXBZvcSoLXmsFynJGk4266ZhrszMUn28K35IbJIqV7eirIMMvV70
2021-02-24T19:42:42.631081115Z 404 2QpjtbUaFAq8PouvJKuOaYb3yj3AX70EvKz2qYCTpcLQvF3ZNVT5D5csfrVb
2021-02-24T19:42:42.642570702Z 405 gNI2JhIxyZqPS1nhnk7xdSoAYcrivaOlVtSjdFqRmSsI2H9lnMmKzkBSooEF
2021-02-24T19:42:42.653592920Z 406 UuT00adC651zwbYK7RRpmB43YCAU7656vsbTVccd5achixDNofNbppE2OZYf
2021-02-24T19:42:42.663940424Z 407 PdewI6yjLa95028PVsF8ewopfUFmMHdGRxjblrsLltYwJhldxW2CCXS0uFng
2021-02-24T19:42:42.674952932Z 408 s6IJVpgFH6bJhYYjhNPtNeg45qW3A68dAU3nl23r2rZlRVgejDItq64e2Rn4
2021-02-24T19:42:42.686146150Z 409 9TGnnVTeOammXW5wsQ26QMWUIiX0rlho1wTRX0F0nnUKYrHIBjW0nBHQR6mv
2021-02-24T19:42:42.697237549Z 410 b17QASmJmcNwIt7tCk8Kfv5Oq9GFebMjQq3pRliRor6qmvUZA7O8Ml322oZd
2021-02-24T19:42:42.708917442Z 411 4cukbd7AUvMttfVd5tWcteLcXKbc6PRl6AbjOCj9RD6tm94K3eeP49lWYWsK
2021-02-24T19:42:42.720340881Z 412 mz0HuBhlGWi0pYbYwkDjcJ62Cdjc64aEjn43YahOrtwHr3zf20rTdtnz7Xif
2021-02-24T19:42:42.730715200Z 413 rR71pEaEh2P4T8Jkv1CZxBmnKc1f0NVLEDCKKpvSgpgftcEEzmyta4R0JIAU
2021-02-24T19:42:42.742098732Z 414 wFqWY0iCaU8eet1Uq9o43KMxwEyW7MEm5eCVqsqO0zgnxGCJDNwxir9MtNZW
2021-02-24T19:42:42.753345610Z 415 9WZgLGM4wyGimv8DaXDov2kcMLBTZIfPLfdZ4Bx7x4DJRuWovsY62ZaQSaAq
2021-02-24T19:42:42.764503533Z 416 Eh9DQ4rFXjM74dOfrV9wiF5cl9TDcYwkfsiJ8JF8xldtV4QgBRrxCy765ose
2021-02-24T19:42:42.775895094Z 417 cad6iQBzNKurcXfLjlMlw5L8jHYMyH1V6VM16SMiriyTnOXCsc07jaQTpFcu
2021-02-24T19:42:42.786956197Z 418 KLvS7XDzMJS7u1BftOlnQkQ3cLQx6up1ckbRRrAb6l8DaK5TucasPTrU8B33
2021-02-24T19:42:42.798139133Z 419 Q5IGPUjAe8JYV0mEyqNxK8BUiGYQKuFSFxfOBT4r0pUr2u2a6KfsOCGy0kCx
2021-02-24T19:42:42.808688709Z 420 OpenAMuk6yfBL4eVhCjaz6qmnUqAL5awIKhnH8uE0KiD6VfPW3nDKye1wGix
2021-02-24T19:42:42.819738873Z 421 lxstK9x7b7VsZB0kCzs07PQG8qGrg0utG7MY5qXdPu4FIIm4tQKclEfO4xpO
2021-02-24T19:42:42.830807594Z 422 kJkOZ3eko5ekvPHxico1xx9hBUzYRkVv2Q4s4gFyV8hPIXH2Pzt1A5NINFoI
2021-02-24T19:42:42.842519188Z 423 x8QiSU5iJfdqw8J11q4aylevSM0YpHCwohhuHV1ZOFl4gozkv0WnhEsZhLTo
2021-02-24T19:42:42.853129818Z 424 c8jmMc2dLI2y08F3It7EIZ4JMOf4vk8C6zRvIBBw2jF5C3w9QP2CKph46AOX
2021-02-24T19:42:42.864779089Z 425 AxYCXQSakbdPHXX4PZWSqDevvyZrWsli53d8syDm8nMTOVXRk1JI1cEFrmbI
2021-02-24T19:42:42.876252349Z 426 PfPHeCa2g25GqpAtnfv9W7rnXUbGYhI6YVEdNDIAi9ubrim8XWSUNiSGGcyE
2021-02-24T19:42:42.887297876Z 427 nSUZakcmjM6y8sbfZtEJ7j7KTEPK5Rk1Vt5NrQsg8wgArj1wTb0U9eW07pNV
2021-02-24T19:42:42.898576383Z 428 pI0ceKdcpbV0fvKa7enLSZIe2Urt85T1tNw6OUra7uxsu7FdNemuqKKPGN9U
2021-02-24T19:42:42.909886687Z 429 MdQIhC4UEjbOR57vDbeTyC0I5QFJjKpyEx8VmiiaHJAS8ahFJwd4MEutwREl
2021-02-24T19:42:42.921134241Z 430 HAzvASJuNS6Zv6mHgILqhcJcqz50vf3xiDNPjlYyD5SnCc07vPSpKXTqss6K
2021-02-24T19:42:42.932366395Z 431 HDlng85o7m5qUatgj1ABWBpqeRQzWyGyPupuFo34uMWtMuIUqfeqIpt2LA8a
2021-02-24T19:42:42.943504580Z 432 0qH5XL8QukEX8IBabhegPm8G85sn9qXgZtSlCLzXXXBUVDBb1pIb1YgQaaEM
2021-02-24T19:42:42.956123473Z 433 Q6Cm5Kq5dVs7yCZ8gueUGZxqT7QHhv3nrfENom8i4cmAdjm4j76OJTm9uc6p
2021-02-24T19:42:42.967504687Z 434 YREIDBfPDwx8bvzA3fBZxux2tCTKivPlvZgepUWfs2qE0XCCJTxSGXy0nzs2
2021-02-24T19:42:42.979365294Z 435 b0U82PVApxfkweqSJkyT5510FanFzMIXVIXNL7GMHOvsRQSMjxnZAlduZxug
2021-02-24T19:42:42.990198051Z 436 8VSau5Z5ErFwdGQsmTWJFL1PWx86F0u3MHqb9694JgtlpSL5F3X8dZNFV36o
2021-02-24T19:42:43.001029692Z 437 yGj5R0UQqlql8aKrS2G1DBG8rdBccADFUmgVCgufIurVvTm9NbGlkeHaKJY4
2021-02-24T19:42:43.011574138Z 438 Ku6RJxDjMRtIuuLTSnF8Ej1T73KR9JpO1Z41FsdxaV8WOoFg0lIVKIKxH4k9
2021-02-24T19:42:43.023402979Z 439 iNhNUuLrsEE2XSU6IIcFI3wft1f7hJ5v0gyf6qYgWrYiPtrfAvJOPAaCHBdv
2021-02-24T19:42:43.033933563Z 440 x5P7kpAlPG2h359qL6JSr7HMXHzULpWxeOvhpOSwJNfvhC0ArcZDXRlB1nL3
2021-02-24T19:42:43.046093684Z 441 d4Wg6QZf49xAhxkwTi3xCgugZOjBcJsVtcWF747gqSRgfxXWlMNSIcPB9q8J
2021-02-24T19:42:43.057586920Z 442 czU2WlhCuO5s8ElOMz7RmfHNjbT7gwL63tn0SeEqDFKVI6nJGryKagbJSUEi
2021-02-24T19:42:43.069191396Z 443 tYELEfiaNy0VQoY8vrtd0XsPVduHj5Ms66UdR4Rqwov74bs8Kwv1CjHVGyBG
2021-02-24T19:42:43.079858223Z 444 aUWTKqUQOxvVS9vW22ec93bpAYg7jBrUJTqE25UsP7ug1SbPeNtwJZSmCu5w
2021-02-24T19:42:43.091007021Z 445 DlBFezHSlUgXT7hqLGn9mhXffRUhJO8HvYtayVGX01asLzOu8nVd1EwrWtqr
2021-02-24T19:42:43.101855852Z 446 Ktg2WxN6RRl6lGAPigXDSGcrRf2ms9pgcyS573BRNBg4ypfXgEYghLl0cRQQ
2021-02-24T19:42:43.112828898Z 447 OHZ1cywuYPOlKL6vpz8VvO6Ab5zouVY6kXCfRytVKlLxanH9cgZJ8SmxsNwf
2021-02-24T19:42:43.124317608Z 448 XW4tPa5DrzwggiBThecnLH2jjWihrWFdlKAV4RsCLcpSSTvABAUg5vW8WD1a
2021-02-24T19:42:43.136338658Z 449 LundXCcCNzWzVqCs8xPaWKqS8eJPrvVb6HZ1ZSNiLl2vDKpnJU2QQzIMB8OD
2021-02-24T19:42:43.147262776Z 450 TIOCTPbTADw7ey88g7iqvjIGpMufkc2DccFyotRQqH2AcGAtoaUgF1tuYfJt
2021-02-24T19:42:43.158545140Z 451 jYqYl3j2AwDTpOTjiutq83LGxi9i2ba0IJiFfarme2UvWhJ87O7ULhs5HG8o
2021-02-24T19:42:43.170272529Z 452 J4W2H1TIOrkEHvNo5jji1fvMstSfX6eAzJ2Q0plC7ebCAn62XtgxMGNXw7hH
2021-02-24T19:42:43.181121656Z 453 WkQy87us59yEkH2mz0sWynyJp90ibuLFtbuM9V8qYQV82fIAdYxcwCwyZjon
2021-02-24T19:42:43.191926577Z 454 hk4xkcuX72KXcwdFoIYQbFDzyinjYSPf1R0gWwHwxnbT4w0BITcON9RmzhBs
2021-02-24T19:42:43.203381463Z 455 LPDbEBRuCxTNhInjdbk41oAAeZ52o4mXHeNsmgAsdFxueYcsCVFp5bS0BtQ2
2021-02-24T19:42:43.214138132Z 456 ie81nclaSAqBKQG6S0vzwTNtOyG6s8opQ799oDPpX3kmZpe4NrILXCMngx1V
2021-02-24T19:42:43.225533576Z 457 hHg7BTmTlbzZjH8WyZDPSgCj7AcNdooNJjr7mVqHsmydYENBUzRrLiXCJWZD
2021-02-24T19:42:43.237430942Z 458 1UwvMLPKfJPV8BOZYsP8QdcC7KclWDrrASvGBE4kCXh3mEpcCAd7bYKDn02s
2021-02-24T19:42:43.248658186Z 459 A9OlS0PyhAKieUbAcbviNDdpcvnq3p02B0kYq47K2DP1m2opbNqrNvlLRqDb
2021-02-24T19:42:43.260444401Z 460 GZWBOniPQatBQgbYOOKfr4OnaTMiDg8QPstH8KoXZYNCst6dZed6LNVRoRKo
2021-02-24T19:42:43.271449499Z 461 30B2B5Pmb5Zo8GznExZnGUOTkwMenvz7oXGNGcSihPJzsuTpwsGaz7bKLcYi
2021-02-24T19:42:43.283126815Z 462 s51CUPXB2RYSqyMKjB7BRUiHbKffIgu91pOyU0ErmzFlrPApS5BxHbgvuiJC
2021-02-24T19:42:43.294295944Z 463 AtfF3RDK78KQhRwig7MQzwFc5O0jNyIsh7wDbSAnkqmZhH3xHdyAQT2KLgsI
2021-02-24T19:42:43.304886757Z 464 kuzL7vK2wDLES3pdNvUuIpm1FYaAgaQOU6BdezDsUSnZ6nrdidK7M5PpX44N
2021-02-24T19:42:43.316408003Z 465 EHGXq3yDWGPSgq57sLhsIu3mZnVHUAGjFJZNJAOayQJmr0mphpR0vPeMCDxh
2021-02-24T19:42:43.328292563Z 466 DEZUmfyEAwYbcdWABkIqtb8toVNQIHN84eziT2mh0nWkIMrBKBRASfHFMUKt
2021-02-24T19:42:43.338729358Z 467 7qs16mzei98Skx8ypKAS4dEmltim3Xfo064Yp51UKxEppAluXGGoBjwJJL61
2021-02-24T19:42:43.350082371Z 468 uBxRL9o4geoGbGI4lbme7DwpBPslTr7DQVgDDpYFuBvOSMdMhBCxfh7bKFId
2021-02-24T19:42:43.361121424Z 469 oyVNzcRci8FSuweha8lxS0CmhVg1hz2NDXrH6qSMgMjQsPFTTJvcPi8ketdv
2021-02-24T19:42:43.372819043Z 470 yXq3PwMzFmd6DM6cEWLJ56uTdA1xgrTobewqgPAPgKDvKt9dBlLElw7vYoVF
2021-02-24T19:42:43.385222727Z 471 U91HYDlWa3TChnxIiooxulOG2a4SigyI5hciX1fsb758CU36Y9PxW19yloiw
2021-02-24T19:42:43.395612557Z 472 18LZqRLO81CQawizqD6Ace3qmYV512F6VR5VY2BFC7Xb2lKQHDtLOBEVMCMs
2021-02-24T19:42:43.407268069Z 473 rDjs1mCGdTYNq287KQhADI9zr5g2CSEDhmBJeZrubaD9rooW93h2kcefY6f3
2021-02-24T19:42:43.417698083Z 474 lOzf3r7HSVWLZODe871lTy02IOwvoNsdSKrJGsr8LnFOfo52f1pJ7n5dOEJH
2021-02-24T19:42:43.428988794Z 475 RsrwasizhTd1vmMaShcpEDkQQ2Zy7bJhvz0xJ9aNjHCapXkhvs007RLykC06
2021-02-24T19:42:43.440402459Z 476 UmiGB6iJdEoaexcDZ5MMcu37eGOLU0hcUEgxPRH6OCyU0nTBZemkWhI6zLCS
2021-02-24T19:42:43.451144612Z 477 98Y5XA8arqJ5lIJq69Xpw45xPTgWmMnHv0J5XHpoo99uO0eDqEBxFjNH2EMw
2021-02-24T19:42:43.462610359Z 478 U5FFhCG0vqV26Q9kIh67EUTaviqajfvRVNL9VKY5duxathtC5rllqH6kKqZm
2021-02-24T19:42:43.474548226Z 479 XlVbf7f7Wov1fHouBAy0NwzPQ6KgjavGCN3sSMCpN2YUd87NAFvX7a0HwRYH
2021-02-24T19:42:43.485895868Z 480 h6K4j2SnjFudPaQwcBbQevfSwNUuqLFkPperyPA1B7OjcEU1KyV9lSd2nIAL
2021-02-24T19:42:43.497022999Z 481 eNVCJbVCMtBYhD8ZIoRS4yij7kSjrkRWbYvJn1U7VQS5IXvhiwzSIhIGodHm
2021-02-24T19:42:43.508260620Z 482 iAdinZJ9IyRNQ8jHKStqzu0Ytz7w74NOGr3h9ONVyGXcmiFkQAFPOcz7NJ1S
2021-02-24T19:42:43.519185910Z 483 XXL3tfFvnwytlrPCITF8pvzN0JO3SvFz3BiHkzN62dIKU4iMQkHSGfhjEpeC
2021-02-24T19:42:43.530102813Z 484 PYtCPMZNKnW8sijgoBg9VcNSRPUFGnqzS8hYu3I2g4ttRu5hK9P1HiA9MmCR
2021-02-24T19:42:43.541003936Z 485 zjgWMIH2tzIljC0eltwWdybmkldUYCEE51QRKGRRb4URwIztVJPLR7un6CNN
2021-02-24T19:42:43.552444011Z 486 7LljVqwEa44VzpEG1ek5YHEZgpMQK0nZHhEwF2L92qWt9xZX8RvFGYOIvHE1
2021-02-24T19:42:43.564575020Z 487 zSGY6JMmIPzanV4PqTqnNnHYdtRJ8bh0olT2KlDW6yqWC6aa0GUzOXSy2j76
2021-02-24T19:42:43.575934667Z 488 BSMIAAylZSck9HN0TmcuSCXsSoXbJ3jH0FGZVnX1jfLJhyzrBl2Yyp5eKvkJ
2021-02-24T19:42:43.587509680Z 489 Yw0ECZHJVXgxtyhb4neJMVOOG066ksGwKcb3kkMQQAjQJOxBMAGm402WdGHN
2021-02-24T19:42:43.599157862Z 490 QK7KPBcPr7dyjIhPEItyq91He8PWnYjB15dLVQIv3T1qF4eIFUVo7bIr7ilI
2021-02-24T19:42:43.610550739Z 491 4jvBSb2bzekV4REmErLDZ6cctaR5HVik6CutrO97ACuaG8iKw4IVndIoUr3B
2021-02-24T19:42:43.621583070Z 492 jJrbGUivxuLfEhsBCvvpN66EP2ubCPk3C3aYnahgyjPhB2bMVzyQQiHgTuMd
2021-02-24T19:42:43.632975347Z 493 zynUXkucLrZyNhJKTPNuKqNbI3IKitSINcWcvPLOqCGA1SAPVOzK13SaxTBJ
2021-02-24T19:42:43.644307573Z 494 sXdW3Zr76LiXFjTpGSvEkoBWax0WiDe3kfFrOYZH3tKR0Juein8SxMZvmZ1m
2021-02-24T19:42:43.655556545Z 495 yOGnzpb4DYXoCV3Zo3GHlJ4Ahv1MTlfXv9qA724pHhM9GpAj8m1Aqjw2bCzg
2021-02-24T19:42:43.667640787Z 496 A6xDJC0T4Shnr7cLTj5W72nJBEpSTGZ6ojupmvvDRXAmX40fP6n2l0CE77KJ
2021-02-24T19:42:43.679437448Z 497 QSglRpPp9ZtNqGEzdVgu2COFK8Ffhxt1ZmoEpxctgTQl6OWJA8Tz0HY97vMp
2021-02-24T19:42:43.691019977Z 498 QUCR7jBe30jCNb0p7RMJgadzxozoumJ7KYrdPuRbQl1iWREQ8k8as1YuBzue
2021-02-24T19:42:43.702523970Z 499 Ph8JP1IeW6ibmGrf9jqZBxQsR8HYxWABdSCOouXa0mvCuhep5PiQMntp6OlA
2021-02-24T19:42:43.713736031Z 500 iTItd1oSfHA3LZRU5u81an6GBv6XHhxqEwOXR4U1sTcvs9Wb1fYRdiOWXidz
2021-02-24T19:42:43.725534003Z 501 SadTjZpncreY54c1yBYk5bvFxMBmppWs1MjyykHFqB6fDQ3fGhuOPOYuRQQQ
2021-02-24T19:42:43.737321581Z 502 Pzg1Mc96BTHNkya5vEkehA7TIjVXoEHnraK6DTpQx7K3X8uPYjIahY7r9CAN
2021-02-24T19:42:43.747930118Z 503 YX5HqIVICCmcwm9GcP6CQOKqsSFcBgA3TPcWJ6PFI0vzT0jMJhtHiYSf2DcA
2021-02-24T19:42:43.759635815Z 504 o6enrt3hVWK2g8MiJ2eXgZDMqCZVZbscvkS4bJOs5yjdiq2BR8DsxJpTn5UH
2021-02-24T19:42:43.771057638Z 505 uSvlYq7O5bTl8QqQrFCBGNmpT0xuWY9M3HSQmL9HllK9os0cLKedwq0JnF1E
2021-02-24T19:42:43.782644683Z 506 6tRFYx2xfXmVRENyllU1ovc42bQrItufzXMWmFmlVZ4cE0KguTzA3MUap3mO
2021-02-24T19:42:43.794465822Z 507 C3LE8agQlena0nP9OPEI6Gw4W2wyDCgg4xZFsMwSuh14Yu9cu0EjrJqBHvk7
2021-02-24T19:42:43.805558656Z 508 XYCOQxMPE5Wj9K4YAVJSdjfNz14Oy8ImwN1yABADfVLq0SsBavvoGr6yriMz
2021-02-24T19:42:43.816971655Z 509 3V6h0hj4IYSmK0heDyN1SyuddongjfOz1iTUbUzvuD58s2mukZyaJ1dbGkDu
2021-02-24T19:42:43.828168500Z 510 s2bXmvziOXnPk4KFvvkW48GB6c73AIx8CpXgXaDch4k5O7llRAyHL5FiosxU
2021-02-24T19:42:43.839198769Z 511 GDanjoUla1gFUOmpPgyKXdh5EMEd1UAXdbGlCaOSuDcATUlVbOZ5g8SMVyLA
2021-02-24T19:42:43.850327300Z 512 D5iwx7yO3TDGlS7aqsv7HXh2u2ABhfElQc9id3DkvfznhV38VZ1nrOBa0fEH
2021-02-24T19:42:43.861814283Z 513 F2r2ElWZZxfkcRimDpGOcHHf1DrghKVC2zamO2XcmmW8z80DVSSJYPBMCcfg
2021-02-24T19:42:43.873505989Z 514 gDApXQcCprvHd9cezFt3skOQsP1dU105ERbIgOPeVWnUxCCBRXZuumwiIsVX
2021-02-24T19:42:43.883991169Z 515 0A516wu9u81UKjlL8IDhAPhebYbSY81MhGYAZ3Ymops0GjLEN7hht8mzfpsR
2021-02-24T19:42:43.895616534Z 516 Yk1wiu8cwUNAVl2XOZKL80yT3GUgrbRPBJW2hzjEeuXRkraSJVR7NyoKjjwI
2021-02-24T19:42:43.907678308Z 517 QvP7KFisrWIZclLRXyXbnup6aUGBXdAbUicFv2aLTeNqqAi0nOOYEJaL2j76
2021-02-24T19:42:43.918969233Z 518 9FHfQQlEPI3kl5cbrC9w6BpglgXW0PafJzeU3mbJ6SI4EklVf2wx868I3d3H
2021-02-24T19:42:43.930321103Z 519 USXPVO8cptEScLW0lB2yUZw2OnNJWAIwJGL3aJG99U0xMYlc6RMc062L4fMc
2021-02-24T19:42:43.942105603Z 520 Z04Oba9CAgJyWTuGM62nilNCcPgVmYMDsU7zsXiBSBPJkbq97ehBPKkPIE76
2021-02-24T19:42:43.953446862Z 521 FRJRNAEMjprQE13XQXkz4CocunYOsdtLhWwmH8nFKCUooSly3rqP9LPRHjzB
2021-02-24T19:42:43.964997473Z 522 S56gdEG51zePui0zgLeVRwdN1qoqqeTmKqoS42yUASVkd3EsL7MKP183aegP
2021-02-24T19:42:43.975974429Z 523 bOcvsZRY8zNHvJx5CfsJoViKi7DA7s0sz6XVthNnFnyoFo2LtQVjNHAvg0Oo
2021-02-24T19:42:43.987062084Z 524 6igI4U8rZLAjL7Pknx0aj7an4Js6ZSiylJ6ENY6WR9t2F0DlXGxXx4haSYLn
2021-02-24T19:42:43.998540586Z 525 0fb78OkjmHFO3eltsHQQRAOzA2O959MP22vYTrImzGBv6D7PfKeECXmiEq7h
2021-02-24T19:42:44.010630269Z 526 7YEdqhaOjPPZx0U6S9Ow6gB4qeNe1FpdqQWn7CpJdZfVbJAKWZqVV8Zjx98P
2021-02-24T19:42:44.023211238Z 527 5Z1wp0ObxBZzX1tj1XRCjGQp8Jq9cKhAvxkPfxBMfrolcNeFGZuaKzPbEVnf
2021-02-24T19:42:44.034133947Z 528 OXSDl7TBpDv4IIzKxl5V13NKtm8NYxc6LXwZnVbVx2ZDMloLBEDPwgLHZLfh
2021-02-24T19:42:44.045213752Z 529 SleNGYDFSYYzs0FFfFXk1Q9dgPk6M1CblczXLobCk4v4ARPfxqndogWEzuDS
2021-02-24T19:42:44.056234967Z 530 VZUOGO6GyYEmsi2JasuzQo8odFwF9xzP3pMa3g1x6926ZKBkoXTFzW6OZwNA
2021-02-24T19:42:44.067259444Z 531 hQxzTP63MwGAFEgK8Qg7HozgRmySR3iLzRMFIDZCl0IlMUFgNHDVQtTAtbJB
2021-02-24T19:42:44.078255159Z 532 JlVMEDuCjE0IvJ21jbUsnYtFVCZxzWKhFXDtJD7LHmYuZMAAk66ceDVRVw9p
2021-02-24T19:42:44.089161490Z 533 blWgYdLI0diDY4d8Xbrgxs6oy7IxkrCvcmnSVg5rCQjxx5J5RztwDQi26QSK
2021-02-24T19:42:44.100117076Z 534 k89G0H7trDXSOEnpd471XwnJB0OaAx6y2P7dIKxZ7wtDo8IKDTsBtThM08MA
2021-02-24T19:42:44.111263914Z 535 4bJosotCYWN6uYwVXvjInnv5iMC6wEO3oO5oetak5g0CiT58r2XvqdNEskUs
2021-02-24T19:42:44.121800381Z 536 DadqPhmHt2teBIObjEmZcsKJqFn4pDMF9RXl0qKlu8a7TOQ4OOzLkmWAQlIZ
2021-02-24T19:42:44.133865303Z 537 U19k5PrVEMcpptjaUcMyzrXNr7CethZXe6shkw2WMYTT4osXNQLHF8hWb17h
2021-02-24T19:42:44.145333053Z 538 khRi6ObwQzDHx613Ek4wKfBD96TxH0il1b8inwy7EspNPknBLcHAaIWwkMKR
2021-02-24T19:42:44.156714431Z 539 E9dG9oJFlOXRtY5kvoK7v6aT2IpEoaCiSmHcwg0i5ibfCXwIh4MhJHlxdUjP
2021-02-24T19:42:44.167991172Z 540 pjS2SCUuujmhY52MrF7nKV57zXYPizW5sYRqqpvvkGtXzL2ZOSfm0sGLcq0c
2021-02-24T19:42:44.178977068Z 541 96uV25tfyGT5SM4NTaERnUmGgJm4SZWBWvbX4NWIHk7hqZzDcWIrwYkp8euQ
2021-02-24T19:42:44.190415923Z 542 7Kockm5OPvKKjm67gAiHvmfYingy5QlzTDs3mBP6th9w6TH3vnrXqnn7KnKA
2021-02-24T19:42:44.201065393Z 543 5yktKK4QM9YqPD7ticOLAHOhlYRtW8njtLabA6omnZbk4QrnZ4QgkirS8rRP
2021-02-24T19:42:44.212101926Z 544 ajyiQMzcwt3hWmRghRYIio1xIzx0EDRitDdYkXVl6hdsMXy5Pz0rvCBtF2Mb
2021-02-24T19:42:44.227305819Z 545 lp9uunYZ70aQxmRlUAXXpsANk2akAtEz9eXK6IaxQt4KNouIPlBP7nPINyE7
2021-02-24T19:42:44.238188596Z 546 gH340rPzvjleLPWxoFWdjhP7NiJnu9wck5RwaaHZy8JtgsvswI0pY9BqJACg
2021-02-24T19:42:44.249489348Z 547 3ocpOlObdAaWpEOXdSNZqAJ2d6ArIh59vA0bAD9E8F789RpjN0u7hGGbTBaU
2021-02-24T19:42:44.261151911Z 548 vRdsLPBLbnItAY0EVoC0HN4QB8U2a7ZMdvzc3VpAKS9TR84aZBv33RIjXbCC
2021-02-24T19:42:44.272657491Z 549 3BBmqs3pLlZsaBQbkNOcyPu1mxPtBPJBNfPUUskmM5KhiwQtEFLGnnTS8Yo3
2021-02-24T19:42:44.284067301Z 550 EmtOdYSohkhGr52lSjSthN1qqX6nCyCgBylxX6aVwWLX8XYmlAjq8VPlVOI1
2021-02-24T19:42:44.295286868Z 551 dKt0mfJ9FdpvGb0f8z1vIb9gmXI7TuKxrXNKRfDyFkf5gxF7RF0Eu7r2stYr
2021-02-24T19:42:44.306553628Z 552 GxwOyeHb4XqQhHaLbiV9EVI8eenMVwouoGRAFYttp1b2bjeGmW6SFgAHtucT
2021-02-24T19:42:44.317962709Z 553 tHV73TcZcr28exnIaCfoHw8cmPEA1ue7KS1wJSFjk1iNhB5MWUHdESSkp09T
2021-02-24T19:42:44.329103003Z 554 1uY3cv8MPwXWjcxXrK8YixnoncvoM9eaclsGDDv5FB6m3sexznu2eBZ35uGz
2021-02-24T19:42:44.340667937Z 555 owqkGGsqZwCoO3DX6kbhcU81kjJG2c9c6JSwL20XHPwQXR9M6mMR5wdkrMAo
2021-02-24T19:42:44.352487836Z 556 Ivj9C4G3oaxKfI5bGFozj8yvPoBki8X8UXGGE9K5MBJJ3u041NP5WPpmFL07
2021-02-24T19:42:44.363272047Z 557 QqCCochFmnj4ieGUmZ4Xk26jnGfG5dJeTIyvJXPOvrQHJuAWuw10NjGGNPrL
2021-02-24T19:42:44.374487081Z 558 KKQOEE71CUipxYHoHvq2Xd1AXurVRnEPUpjxAiKEca968oH78XcIQiutyOu9
2021-02-24T19:42:44.385700982Z 559 5JVLhTaDRFcY37jgLmTtofdv4Z3yTsJkEkJILjtRg8n6Ls64n0u1TCnKZosB
2021-02-24T19:42:44.397624932Z 560 u7pRyhohxBwe6AfcrKFqrTuhR8M4hIioRmLdAEj3cP03EVzsj8lN046YPZrL
2021-02-24T19:42:44.409307904Z 561 xRgbikLKpPWcH7S1cNuclreDet7nWz11WeW2TtLUX7G1d2DPHIKQdBM0d3pw
2021-02-24T19:42:44.420230511Z 562 TxDkNqxkx5Z94PXjHf9L6MTZy2QlJ5tcP2WIrOlIL9Da4JhLRLktMQz8YUfm
2021-02-24T19:42:44.432208616Z 563 lOgHRRcn5fwecTu50EY7EKBMNsDhL0FXZk2awtx1xZ1Cj7vBwCb2CAmWqZRl
2021-02-24T19:42:44.443313376Z 564 q5Ib6vm4SjIx4WOjwYcrvEQPaYkpdLw38DcpwEoz2ordORTIIGrYmaX1xFqC
2021-02-24T19:42:44.454283302Z 565 Q5wJm9bYEw2CMnfSvIgnqnzNw2yBotJa1TcD4gnVLXBcmZmL12nsw4rKRVUV
2021-02-24T19:42:44.465299399Z 566 CfJRIUYuIpcxtdagKLXhBSMU0KDomYUWFKxMi08dtTZQMor5qBecLG7SHEq7
2021-02-24T19:42:44.476719840Z 567 fQct9ZLMi0thGe4Ri6Cq7OfgY6peBMRU2duQWLVok610g6eqaDoLML0gU7Ym
2021-02-24T19:42:44.488214967Z 568 GZrsky0LMfZjFo9BU2l5NCr0NlynNPvCPx7RqTm8y6pvON7KgsoecnL4q2HH
2021-02-24T19:42:44.498871117Z 569 3YHrSLwmdKt9rzKA0DjYtyfbCW3Z1rnJTJWmNOZnoThq7vqr8ZsBA2ClvVOL
2021-02-24T19:42:44.509926804Z 570 KFhXu9sZGQ7Gl2dj4x013jFe4Ah7mj0uleZIzpW7swP5K5INqDEeGq4Qrd3D
2021-02-24T19:42:44.520685881Z 571 ZE038QVBHZOhxI3IGC0zf5Z2sm4IGdWHIVPhc3Q0DTKvSjI0lGCP3SubuwCa
2021-02-24T19:42:44.532214116Z 572 OZAP630dRJ3X9xOs5ZZYGRbzf7Jsus2vgpMpEqYPff2esDgA4AJtESYiSvAO
2021-02-24T19:42:44.543651572Z 573 4LKf0YRfDELhsnFBY1zqZ0AfhazL1kFMjKhsyMzFPgpFwgySfJcKbGMbLYRv
2021-02-24T19:42:44.555395141Z 574 q5k29oAgtpRegZWqIQedvp3BsLFlJwbvo8ByHyPnBiCfHFo6cLqGF7fR5oeC
2021-02-24T19:42:44.567237724Z 575 rImWngxKN4G868aDufjrad7hJi0yBUHSk1XdOjwN8jqb37q57d7mRsj7aI8H
2021-02-24T19:42:44.578231057Z 576 qLY8fgryo6t6cACWjyNRxW6C4Rlyq51jRSVxnAnigT7YONefMOJj0SXuja3q
2021-02-24T19:42:44.589334685Z 577 tpVTZdWpyGExnkGsJ2gGKuFiZAwS05cpcV61uq1M3xbt17OSLKUcXKijkwgM
2021-02-24T19:42:44.599681008Z 578 RD8dtT248jblVMXs0kLtJYXRwEW8nk3ZQWcWLpNVmRe0FtQXUS2nFJkYpkx3
2021-02-24T19:42:44.610812781Z 579 HlDKQrGQ1R5MwlvzHrePma5k9KVrzrDZR85MvEmOHBjdypDLOAuKGeRmFvRT
2021-02-24T19:42:44.622823765Z 580 iAbj7ALlofF3hcsfbGHALccQBvuLR50eQxgo2F1PaNdIsX3gViuttOwAmWKl
2021-02-24T19:42:44.636146803Z 581 ukiJgRqoPQJG75KNBJ77Q8MEDVbNjMCO119CMilnmsx8N294L0nNloXxeYeT
2021-02-24T19:42:44.646229356Z 582 1PcyMl1lpo1wZUh8A30H8rsz0i5hgAWoqBpw5JyIfsVHgWzJ7dbSNL6VShze
2021-02-24T19:42:44.657272757Z 583 m5VRlB39rH65CqYE8eDzo49viQCRHjNwZduHZKZwqVh8fgb6pclJ0yIpho1v
2021-02-24T19:42:44.667573536Z 584 YU1ID9BDPn3PwFFxLzfbuT6Arfz8pyd74db6gAtCpGG7jFbn5YblAvx1KUiR
2021-02-24T19:42:44.678750209Z 585 lS3qhC7rUFCq4X781HoSutAnqT7SjyyROawMmCXnE9Q77K8LSdLOdSk0qHTH
2021-02-24T19:42:44.690291910Z 586 PXcgFnmRLJ67buDRi1ymDqZH7TCB6AJ0d4wqgapnBjOnRY281GdE3SZYTz8f
2021-02-24T19:42:44.701664370Z 587 vG6Rzn83QYW9mpKTFrXLwojXAuace4Tmu9glBeHHkeww0hLB630j3IM7BAVF
2021-02-24T19:42:44.712571382Z 588 TqUpOf9Gnl2X3uiaulWOwgH2DBWeZcqDCD3RZT6BMTnSthq01chNAfIR7ugC
2021-02-24T19:42:44.723707185Z 589 6FufKIzs2aJ2kzxmYAMUwGeGlbgaiy5zSd8qcoesYMijxa2app9TM8zyZpBd
2021-02-24T19:42:44.735233127Z 590 RDeTzC3SqnsEOoU0ya4Q7HjBp1t88fSnuUvnXWTYGQNICKmZf9viaOOMdTet
2021-02-24T19:42:44.746570216Z 591 WMMICwexvOX03IDBdXb2Wmu3Arh5AHznO6Wv1autqWvB4RZvR2Il0ou2XHXf
2021-02-24T19:42:44.757605440Z 592 tPu4aqCOfXolGr5weOFXMg2NnRgT6ZlGbA0bIU8zbWE7IEQFTDSbTjIcppeC
2021-02-24T19:42:44.768120922Z 593 CR7KJZJniMEEERnGu18fgyTbGt7FA08prDciGUXVOgIaqY4o5ElikWgFVEkv
2021-02-24T19:42:44.779358685Z 594 K8IJ2TUlRnpbT6ATKnhwT5i8QZl7T6igZp29TUi8AVNtw4tnNjTxlHOOfUEh
2021-02-24T19:42:44.789994506Z 595 0Qk2BcXs1KKCZxVm1bbHJR23nlnXkPaPSN2aE0S28KKudWwpIt0ZT9C2oPk3
2021-02-24T19:42:44.801312102Z 596 8SZEE1fYARdVED2NRuBbSCQr429PFH9kosbVoMTMuni3GhuA9Ay9IqDKlGB2
2021-02-24T19:42:44.812273387Z 597 hOQkZbbJ00qAKAubdD4AvcAK50q0fJITaJAnl38MZYorAXknmVmrkmx703rf
2021-02-24T19:42:44.823826731Z 598 8bY2HRxLOQXLmXd1zbB3i40stO42rKuJ3JVeAshQYvWbC1qMfCbAYv9YlbS2
2021-02-24T19:42:44.835587687Z 599 kR3WsBQbsdfdUsi8b5jIlLKWJZRDOqOu4X454evveEzu7VBikQkUOasrPfXL
2021-02-24T19:42:44.846339576Z 600 2Lt4TXPyiRSEJdSYJ16qrINzqbl5Lc9t9dNnLFkhDvf6jOnw3Mjkvr7Po2rj
2021-02-24T19:42:44.857134897Z 601 IfxdchR3k52pGgUReP7fnUsGB8C9LsabtWqfLmKh5SOXGdDNUPkitR1Y7cRq
2021-02-24T19:42:44.868167811Z 602 ehNk4SlKFzzlooVBLmPavAwHwHtiDkxkDijN57ajrYErvprn5VSM7XHHbI67
2021-02-24T19:42:44.879353093Z 603 oCusNtENQixchYhtxuusJiVLag7TkHcFSrNqlfyyN5CYkzhzYOAZY7kOCoQE
2021-02-24T19:42:44.890200310Z 604 4GZYTxGk8q8jrQWGEKMJYMaPbLTYONttvMXAyUnUGpUlyUovfHFeKDGDM2id
2021-02-24T19:42:44.901571342Z 605 ezPCe3mLYUwcqXZZKgIQCoALAVtFhTIDQulIFXE5GoGMR2Mnx0ByCb9GCLqf
2021-02-24T19:42:44.912406145Z 606 rfxTnsR9LpC25dm0y1AjcqWMDFVT6sQD0q52MpX9DlQi5Mrl5RQtt8yqxBup
2021-02-24T19:42:44.922821316Z 607 DVWMYshqkJ96uLBjqjBByRr4FPMgy5xjKVM4EEuEhOPoLCHdQB4qIZKMsIsp
2021-02-24T19:42:44.933953642Z 608 Nxy7yfA4lmlzNTHQ1cX60fcgtlIDnUYeiJPbzMeGxPITD5dFbzFKG6wms9mg
2021-02-24T19:42:44.945010573Z 609 z02C2iRNcc6DVBWVbi6IAEGhQ8pbn0ep3DWWkZUYN84HEUSHMV7aXxpWFDBH
2021-02-24T19:42:44.956297847Z 610 E7s7CmHpp18ipyLbAzyXScfql23UCRbeUvJgRd53pnt4i9wEt1KaWY5DIM4V
2021-02-24T19:42:44.967233777Z 611 JqkgXy8MJYI2z4WgjkywBg5K8WvyhvPpylCtiKfvrMFgB02l6LsHD3N3dWtY
2021-02-24T19:42:44.978679010Z 612 GdbGP8IsioCnUEdHNZmMsegpuuRMozaNQOExM4VKU1qLxXXXHd3ARqHmUktf
2021-02-24T19:42:44.990084272Z 613 mqTHl9oiPPX5QkBjHObVkqrYtRbjnZpj8RDgavRtcWTYON7GJ2gwPow0k4bA
2021-02-24T19:42:45.001576187Z 614 sNdJaRLS20HtxLoUFMFgF6ocS20WHHh8vNtONMlwVbIvKSQooV55hQBbhxtf
2021-02-24T19:42:45.013263772Z 615 Y4IkFgZjvDhX41x3yFkHFbQjhYjGJCoUClNTAUOJpXZixzn3LR07zh7WzHcV
2021-02-24T19:42:45.024473931Z 616 XNV2I49c3TXZVYgaQL6blgJIlefcDvuNKch9KSeaiky3q8SnvbkT3jZeQ1KT
2021-02-24T19:42:45.034993133Z 617 O3wghd9FQgfeAZGT63jT4OdcDd9zEpMOEggD9jfRHEuNgvi8Z6Lb9tuA9hZm
2021-02-24T19:42:45.046436137Z 618 Pjs8GgD3hjT9O8QHQwD2Hc3HWtUDfscdMQzFyv8V206mxS6y30Z3WjHIzmgv
2021-02-24T19:42:45.057076100Z 619 9BkZ43xJPKiPw7p0730YCydsMXc1NkNsRuRq6cCeVqL8ahF7hUHQuefIUqMZ
2021-02-24T19:42:45.068554367Z 620 8W1kAsg0U7N47F1PVREJcjgML6rhTLiYzIMrEoAKxFgpQ2dVd294hHOCR78U
2021-02-24T19:42:45.080123567Z 621 JZmsZVEW0uBX1IFj2QpE8bBs3nMHsxTQBUSLbw9DUzXjubQNbUUs1tYEIQV7
2021-02-24T19:42:45.091164312Z 622 VHlgoGyyJxDIlcKcOzBxsdbkBGjUNvH4XYGqz8dvRhrNel5yQ2y72wAv5SWt
2021-02-24T19:42:45.102514694Z 623 00Z7uqmKQ6V8JDA1yvJ05xyl0LaG9xgtyL2m2OCyItngUk4N5BFqCXc38ofg
2021-02-24T19:42:45.113424982Z 624 1sjc2ENeBNKcDWZNb6qUxDTUeW62GH6MdKrkjjysXobw8zd1mrTgTFnZYodw
2021-02-24T19:42:45.123703493Z 625 WJsyo26eRigev8bdCKalZbfAHnddQoyzkmUU3OEnCqJLV0VY6LmztZdR0j2Q
2021-02-24T19:42:45.135222497Z 626 u1OCiDqlgW6Au8xDxQbP31ban5ETgsEye7DfXB1rIAjhdN5hagSafYdAYfRo
2021-02-24T19:42:45.146009091Z 627 n5iiozDT7KPFwcJXEUNuQEu4lYcktui3x1dkWTz2QTUDi2CO11hFcANgSoDI
2021-02-24T19:42:45.157101744Z 628 O28EyH4oxgprew4UsgBtT5IqKIqc4oNcyHP9SxsDQ6IzIt38gxa6jgzRYMXK
2021-02-24T19:42:45.168325640Z 629 1dnxvWkeHyrQl5Lt7oEDmjRdxqUGx0iG6VYH1Q2u1HvO09L0mjExzv7J3EIt
2021-02-24T19:42:45.178828472Z 630 Uzjf1SLK3ZWgXPsqal8v8BNmlxTgItQ5ptcWUDEMrcJ0Hocoezz2xDlBpOdR
2021-02-24T19:42:45.190561745Z 631 ZWh7YEry0SUa4gW8HW2B9wkDICYLd6UwuVBk5jCPwpHkzY7Byi5EBSAoS2cc
2021-02-24T19:42:45.202612935Z 632 AMbcIuFi7SiLJcnVIE69cZDIvrKpSgKnw9OkBRKBJym7Tl995ZqCBszXaBaS
2021-02-24T19:42:45.213978447Z 633 cTYUK8oINnloEjYEFAdYDUhbIBxjL0hNHvROHCzRXqNaurwJUJg5KJkX9XU7
2021-02-24T19:42:45.224907072Z 634 EfUG74TbQRdKEeFXYfmGRbuOdW35yYTKOVL0sNio27MwB08zLhDACVXQ1usM
2021-02-24T19:42:45.236237123Z 635 1VpW5V8zifrBjoAHkAVQ53jDLJBPObeiSogogWkRsxWmDKBaBCn2wlSG4Zdd
2021-02-24T19:42:45.247369741Z 636 7pxuMM9sMasrZ0VieQ2ODGmFlJ9d8UcrKen2XbDk7SdyqQulylyVOhtChtrd
2021-02-24T19:42:45.257896217Z 637 EncCJold9mwzcM3BiYpbXVto4cX5MVlWVAjIDteCNRF6VOtF3pG9ib25rGRT
2021-02-24T19:42:45.269529725Z 638 3NBxx2eZiCVkIMU6DWw1OKobah2W1SnWmHkFdO8JZGTx8tQXJAq2T8YwOOUq
2021-02-24T19:42:45.281396917Z 639 9MkOQW8XilbayC0vbqZVH0ccG13r5rhSkg4Sp0djl0aTOt1PFFEU2UPjGZav
2021-02-24T19:42:45.292264138Z 640 IbD0DJRhb5obEb0sKoGLBdsX3HhhZYsiWbrTAk46LQy4lgncU2wastmwYqYu
2021-02-24T19:42:45.303580506Z 641 SrbkmSg73UnV3Igz0dha054571qCPcidifdWe4k4szKvSJKkPdXJfhkoHeNw
2021-02-24T19:42:45.315032901Z 642 eoPLShUndavvr9HNpCgVnfdD8ExT3g5ysJtcSI7DP4FLTCAuBW0s7ceL3z0F
2021-02-24T19:42:45.325924645Z 643 hi25EAIov04AUiN16f94HH9j3LKHGpjU5XuDci8afoIq8ACynHSdUSKWcDIy
2021-02-24T19:42:45.337258414Z 644 FEIrRxpaJC8gDlIlrThTJdBsH6jhDJg21dvML0PIipJAuA7nOmcYHTfnHWl0
2021-02-24T19:42:45.348212535Z 645 aNhQIhPhuK3lmnhkuASyO7r5Afq6XxpIPeJqkJmqyqmzXoT1q5myD8faZzyf
2021-02-24T19:42:45.358715259Z 646 RT1KFrG6L9MkEJB4stg6OCg4XuKgjMcNk6r4ssGXdS6uKWbTn9yvUgE8D1lt
2021-02-24T19:42:45.370293235Z 647 EwImWpjMIuZXO0YNaDR68V9tkUfZ4NJgWqRnfQPy6s98HoXfr2tR3SzwPUXw
2021-02-24T19:42:45.381690823Z 648 4v47JNjm11wo9ZDcOWFVySbAyCaRknxDDauTa8IiH0cB61k6o8uuZil2QQsx
2021-02-24T19:42:45.392306835Z 649 PAsNTVOqzaajwj55I8qb4yQA2kdoQJSkgC2DrX1sSMj5jix5hFYiPomG9tL0
2021-02-24T19:42:45.403530020Z 650 SZf8mnhJZ1mYxdKaletUHB8IgXjSK4Z1OLeQhlsVLsbSWWH7Ebs0aBNvpffI
2021-02-24T19:42:45.414421978Z 651 eRh2qTzjJBGs44YhnhBIOxQrj6HNHtZXKvxdzia8biD99M5cwG3GeE8TzZPG
2021-02-24T19:42:45.425695575Z 652 db7iISYJj4vmKfHIWFMhh9TnClAkynHnX2X4b83mQ9O37qZ8ryUDLW07Gf0j
2021-02-24T19:42:45.437225617Z 653 3FzOKSj0o1aE7pcbkmT5xK4tcHb3LaxlLmlgAwiGTPwmdmesLFZLNu1dghP2
2021-02-24T19:42:45.448587221Z 654 s89PY8QM0OFVpAKCQeDFZusYidhWwEcuE7O8bkZnar7gJZ9O2WY80w56OQGp
2021-02-24T19:42:45.460529797Z 655 GvS6Xt5JrD4qOcBYsZimvULWA6aLwZ47AvQhNSZEii5EDAwR9XlhzOl7NwDb
2021-02-24T19:42:45.471080880Z 656 JkVT3i5Lr5HvcFiCJraUpsOeMTPeOSl3d65i2pMfAyYNQSYMrd8Hxd0ZG8gy
2021-02-24T19:42:45.481907235Z 657 CLDAlCTs5jkkXUx2d0D0GeD6HHaijp39LdgJ7DqoTfwwosBktU5Cl8utsdYa
2021-02-24T19:42:45.493398392Z 658 NtTAZ7zbqC37QavjpCgJClFgJvg2eyd2Rba5RtHvWl2jSBPYkgfMCoWyEdx0
2021-02-24T19:42:45.504552415Z 659 OwZJEL5VoX3csIchorto7uIxaczCspaXFfvCd1k4ppuYVZc6uKw6nJGNwYwd
2021-02-24T19:42:45.515779998Z 660 Yzidz0ig9mV4Aljg9YfdVTkr3618b2X1Pw4V4b2fWyJ86jES2jIY3NDyCSxg
2021-02-24T19:42:45.527371943Z 661 dPba42SF5Fa6kM4eD4erspVC8YL1mkiBTLk6tesAYesHJjoWzVKZeCyD6d7U
2021-02-24T19:42:45.537902116Z 662 uL7lwWU2BzURlWOfmruGLlzGhkWSFpYgkXzAjsgjyoCEm2hIco21WgA2Wm90
2021-02-24T19:42:45.549844227Z 663 4KJExMYbMWADxBHVVgU636VbYnIRfMC0YoVbY91yjSCiwPGBDyZtwRq6MWLD
2021-02-24T19:42:45.561258406Z 664 ArUf6ZV7gCAFYmrQdfIBDAYo94RD9cmdo1gqlrQpLrEx8kG8SXazxIUqE0A6
2021-02-24T19:42:45.571623514Z 665 LOOF0HEa8AiUpxshJQYoWS7sL7uj3plOgtlFPpaE0fkJwAaz4fN15hdLE6ve
2021-02-24T19:42:45.583150665Z 666 SzrORo2gvXjDqZwsxbXq93XaCwOWz6uwfxEkRFT3fs5ZDm9SE2MEAH2sgjlD
2021-02-24T19:42:45.594147711Z 667 NNHACmHWceGnHa3Z4yQyzGHqSaFCcfXZWoyoZdtXeQ1kSI1uMUbqcjMsF8GN
2021-02-24T19:42:45.604999669Z 668 uvfJyvkC96OYJKWMJ0g7kEc9bvUZb0hPRC7b7dvb9ASXJALgtdn50OPHBBVa
2021-02-24T19:42:45.616277937Z 669 d9m592fzP8imisC09mELjwxV6h4OChaLHAPIMS3MV0dW5b0Ld3EPIRFIn9YV
2021-02-24T19:42:45.627084531Z 670 FWKNvFs47ZRcpy9aGlIEvykYLNI5fl3QQPBmGSMknm8AZtAXsMpWxsdyoKU1
2021-02-24T19:42:45.638224868Z 671 ULf382aBu6UDisxemFKEUi51d9md8j8nsEUXQuKAg9LYgKfJb9Ahs0rUhxZ8
2021-02-24T19:42:45.649208414Z 672 frViBnYf93gSlT9Rl0tKyWvnRZVjMC99gasBtYV99vhdViWj2dJ5WG50W8Mk
2021-02-24T19:42:45.660266647Z 673 b6oc0bphiGX5xA0ggh4rykG08aFu74A3tQ5TYfuGOPkXvCnJALPWCWkEJfsO
2021-02-24T19:42:45.671516128Z 674 C9teaWsbH8K7rnwG3Zh5UbEO09c2QbRJhdBBL6cOOALIQiNwCut24nXmTDJ4
2021-02-24T19:42:45.682243759Z 675 PCul9i0ZdIeMXkxBbdV92rnDLPrTFIlk4HZ6NBCTOdsXUTABKWqcACL32jXR
2021-02-24T19:42:45.693651704Z 676 obMcI4IFMLZRrCdwdyFzsUWgQmlWV1Px8H7DMSD2naVUDkyZWn9fJdVWdC0u
2021-02-24T19:42:45.704380803Z 677 0ITjjxQV79fk41V3sPb6W4MMzJqsCaAQkmQmFew1GbdJPJh3kWR5DO29rLMI
2021-02-24T19:42:45.715795440Z 678 bJpHgzprFmY2tn9dHs6hibld9z0Wr9BpDUSQ607vZLrWpxPlFgIxr6mqvsIV
2021-02-24T19:42:45.727147527Z 679 Gv2hLc5RaR1ZIBsAaSNSdlbb57ljoewb3g47lBsFNiSgsPYjDDxgY8IHi9nY
2021-02-24T19:42:45.738446353Z 680 rS1ebVDhv4QjclGJeYyRmjdKTLVRlEJgZRUAgCT23UblEfE6tFo87N1MuhOm
2021-02-24T19:42:45.748878958Z 681 NwqexTCoxSMJ2t4GPTHsbiD33XhIMIakJQgcjQBMNRmtIATAezyQ6h6MDkAm
2021-02-24T19:42:45.760197158Z 682 qdCkgvmquR4sBLDzqdfcPbEddgFGEx0Ie2iR4MRvvy3QFCSvKciKZqOTv6QY
2021-02-24T19:42:45.771395159Z 683 Rqq3C5eLbE8l01d4PkPTMkogvQK1NvShUVQSCaDB9ATEBHSQp7FH1GLIcMtZ
2021-02-24T19:42:45.782596530Z 684 Op4KmrSqq5gT7YMeWmnGWAtFt5IgefOqrPsiXNtbwPcvb8yD2JJc2SzGCwlq
2021-02-24T19:42:45.793846150Z 685 rY1St0x5SnG89Sxck4rq3oA7CfZAYbynIV8d1Vysc01DEmSukH7r2oFPn9Mf
2021-02-24T19:42:45.805231234Z 686 BNlVfhfOPG8SlceRcDHc2mEfyGLxo7tRIJbVdCUxwU0rtlDFVmfWdiX7hPLA
2021-02-24T19:42:45.816022185Z 687 kJIp49VWoM7ZpELJLEeeNAJEToiyFxyg76H8MPCvI3mQZcHIG1TkgebLDq3a
2021-02-24T19:42:45.827672090Z 688 y510O2xLBZaNbLTFAbxuCRwkPWcDjlz5GgV8TR4TIVNP4yyFxaT617DaPx9g
2021-02-24T19:42:45.838825259Z 689 eguEXhDw59wKMzNASHyRvVJ4xKWhp7AufF1GKESOqxhiwqwPhcsoMvPw2he2
2021-02-24T19:42:45.849683956Z 690 iFaHtnOGf5ttp19fSe5xGzMJ7CBzduFJw21fDU4LAFjtS4L5EkZl0od3KK6Z
2021-02-24T19:42:45.861363769Z 691 tIURP7G2fJADejZ1Ivsj0EzJNa950HO8g81JKAtlT2LKzNRgDe7ZxKMTe5UX
2021-02-24T19:42:45.872127481Z 692 wfZhZ2b1q6Jmkg5jJ8oiJJM1G9AiZcXawaHsgXZTtV3p7IxB38RIAdNWplPs
2021-02-24T19:42:45.882842196Z 693 wOyX7gQYcgNiskKt81NdohEZfz8cKwAJhRoJsda99eCuuym7nbyg5QavjBNT
2021-02-24T19:42:45.896620692Z 694 Q4yDbTGN0wLj5cRcQ9MAHr7uMYY3ISLS9rumg2zpT4J76f8rSuiwWjyjLzrK
2021-02-24T19:42:45.907679121Z 695 FJZb3ti5Jal6kfvmFkqN7m21SsDLlInvjWfK9e71XD3Th9MiFq79tMU6tyam
2021-02-24T19:42:45.918977356Z 696 Q7oY5tzaN8crolV90aagKyVgDRvK4yGaZzzfhfBSPg7cVNnGLUwma1VD8039
2021-02-24T19:42:45.930193025Z 697 jXNMPG3bPe83cALScr2XPLo9IEhojwG3LGIwetixRgBO41fGV4OYakx9xpCn
2021-02-24T19:42:45.941806187Z 698 u0TAjhDI9STzlcZ4zDAVTCVpHq9brsoXmxU7kXPR6HQY5GGQG8CDG8FaZY22
2021-02-24T19:42:45.953403801Z 699 vf4EYpmSLJDwH5lARkNu8Oq3jfFI5OKg2Ym9CIfFnsjUNTwTKQjae8jL4Pkq
2021-02-24T19:42:45.963896088Z 700 7h2gNngZMApTbQ9ZDLCybganBRXF0kPXf0kvdyDHkpfU0vtY3qFZVxQwv7f9
2021-02-24T19:42:45.975061214Z 701 0w5cuFvGqVXEXZXy9Lp664SCIb2h4Y53F66p7gHWr5LOomO31nay7K2GJ3kl
2021-02-24T19:42:45.986043814Z 702 nyPNSa3cn9ppkYdbIU0zIzHnsjVzP7AqeFGIuEdHok8qEpWxaAZvtqQ0H8fF
2021-02-24T19:42:45.997440117Z 703 74lYzx6igye7G3cPkAnZMnVI8Sj1UCE5PsfrwDEyX2snHE3F4jF5gqkSVLLj
2021-02-24T19:42:46.009489624Z 704 eeu6I0nkPc67siewQYf6oM6iVsNzoJM6Nn0VdZGI0xc9o91MhwKiABwLBGyK
2021-02-24T19:42:46.020727090Z 705 fClHwTE086lPbINzTaRMhdx8rXEdM0OYpANnyN8KuQR7EmyvnsqSWjmFOA28
2021-02-24T19:42:46.031329756Z 706 rNR7gV8KNVBlvYWtzckLUHGCFS3272M7xRQyRhRPbgxZK2RYpiE3EaPh8caD
2021-02-24T19:42:46.042023807Z 707 xPHQtSFeKawX6lTZ8jUJDnS4RHCajbqWt40hoTs4DdIPpHyX6f5LAjCk9yAV
2021-02-24T19:42:46.053265807Z 708 QhgjDTMp8XPx75H9Ihf6tay4h5BGXiOgA4UD6xc4TGEm6BYpD9h6lWoXCT5F
2021-02-24T19:42:46.064652572Z 709 xEouZ2OHSBPFCEtN7AQaNvqi8SOFmO1fz4H1lWBtEMzACDUUmQbyayppPrv4
2021-02-24T19:42:46.076370286Z 710 o6kwoVyV24N1aTeH6ncGP43hdI7EgLHsx16VZErVf8v3HrIAOhlyL4VI3App
2021-02-24T19:42:46.087274142Z 711 W6w78H6I8mldwEMYY3ojY8SzoX1p0I6ERya7EkyVTuCNZS3JnKgbLlwHH6Hg
2021-02-24T19:42:46.098607624Z 712 u7obykLlAG4ObSBaWoDk9YAI6kcZLGi4qQZrtiAjyhLae1gfMw0VBg4K3Wvt
2021-02-24T19:42:46.110312211Z 713 lL4S6t97paX5a65hhhEQPoTDPxfyrxzFJwjwZIy0JY7OHSK6mmTml6BtRM2d
2021-02-24T19:42:46.121191619Z 714 Bd6kFmfa8P9L1WhceQzuazdR4Ow0xvXuHq4oro4aHKng4Nm1ioZ6SYEjziYI
2021-02-24T19:42:46.132081085Z 715 84BYoEJWrrtUn4PCwyXi049fwkq8xSscIeVjH6QmHbev62ciW0WR6Z7eGWTI
2021-02-24T19:42:46.143183935Z 716 I4esIQFxw8HTa8mo5pelNouNDfs5SieGPAiQ30pytErqs5O10Q965Acoy8tv
2021-02-24T19:42:46.154434482Z 717 Z91L6tjGqCrSjkzFkx1mnHuouqYPAEB8Qgn6aCrdMn3x7mNyymKNR7F4pSIx
2021-02-24T19:42:46.165879273Z 718 LcLKWXfZytDn8LlCMcZh2h96tTXI86ROgFHxTEgQjQmlt3SFs2NujyKIn51R
2021-02-24T19:42:46.176732908Z 719 nAGpjxW4Wo2SVXAC78dwWI0hmHt6MEiDnAfBWm3pRjDqNuBGN6qHhc4xP0hN
2021-02-24T19:42:46.188021807Z 720 6hVWHUpJ88EK2ehZGI09rOwappNHnKOuA46sg9eu8tGipvKvkznGSk6wFkMn
2021-02-24T19:42:46.199450594Z 721 j8BMXNOXWahjqUU995yZcO6LMyrhaQ1wIESpMuiWkS0ODoHWxZM8OET8wrdz
2021-02-24T19:42:46.210263268Z 722 e9V7FqbGGrgNr045PfBAVqRqirhUiXpWxzGJxMn8fyA9w1v54rvzOadPOmIh
2021-02-24T19:42:46.221867165Z 723 XrQ03z5azuBTbzUOgR67Q4XsR3HZGgqX5jXqNlvqbiKw5UEhyE6V2YiVwX2d
2021-02-24T19:42:46.233469752Z 724 imGBLl2jQysYu1DIzEEEP5RrcfyF4PGrI45vURlCrCyzUacvFCexhiucaI09
2021-02-24T19:42:46.244571540Z 725 CQ4OnjFACUYW5WPOCPtQAEnM0BV2B24Ni8cbOtwXKDXTpBqoueKn00vkJAeV
2021-02-24T19:42:46.255919939Z 726 AiOgcutngxQm20mMbx0D15rbpo0SSb4YmzW2m60dsKyDbBkAtBTFMBwnzTS2
2021-02-24T19:42:46.267488927Z 727 vZoOhagvKK30V0ZxTPKzQvAv7eM37WXdLa4QJJJTwMqTbC54zXvleL4podIX
2021-02-24T19:42:46.277879417Z 728 6DycraOjoq7PntEOaxmavFP1ywXUxoWLuD09A2OTwkMa525eBdx2ZPwQwdZp
2021-02-24T19:42:46.289666702Z 729 iPOMyi9WxX4b9r0cYaG5IuhN4B82uJRAnDfIGwZf7XAVBX3tdJPYjOujOy8U
2021-02-24T19:42:46.300287142Z 730 5ZYbaVmtPDREJV3pAOiuHmv975CnnpDrMvkngQPfpBvAvyyHDc0vADG5GQLI
2021-02-24T19:42:46.311791527Z 731 DNEJj7lr6qOJk7mb0fcCCX2nvM4fvogIg3WfNm2SeN2C2h4opXR1o7GkiSal
2021-02-24T19:42:46.323142995Z 732 VrxIB6D0SlPwcJZOAaxoUuUaGynMTkNbgAh2gxWHhK5SgPng8jZ72SM3bhmY
2021-02-24T19:42:46.334401001Z 733 Gs1tkYCVv5zpqGTDjCsrONGQLyixAbrQKWJvhA5Fd8yIypBEZ01eSXRJQFfu
2021-02-24T19:42:46.345737115Z 734 aK6awunoCNRcn97ElIfgyeba6j5TvCAO1fJ1l1bBYnUiwLgkm84oSyVyH85h
2021-02-24T19:42:46.357562590Z 735 z0mNoPrkOh9LEn46VC5QZSf67Gf4ex3oQTtMb3J0zGZGkb37KiCoyYD2fo2C
2021-02-24T19:42:46.368299539Z 736 1hInjPKUmQhuylzMwqLrhIuoNpQ2YNmMlxaTUJED2d1f0h1cVRHzSTSSWBg7
2021-02-24T19:42:46.379222784Z 737 0j8Z5ZnZ9xahe59gJKIWFFrUyUfnHacyGrPb9vr0dpaOwvYOCsbqITTDvlP1
2021-02-24T19:42:46.390592937Z 738 R76mM7Y65851cHIy0FJvNY63qc137XzIvOrvwFbDwhIdVBWFGk3qeTOJoiXa
2021-02-24T19:42:46.401935849Z 739 A1IyFZ3wTlW0x2xyqcajsHTsnK2swBVfX6nUtxtD7dxY7ALSgqQ77uuupo9o
2021-02-24T19:42:46.413302871Z 740 lgcCfX41LbBVtknrtfRGQaBmd4l0tGgRMTAR0YRsWZjr45BHsQU2JVor6TsZ
2021-02-24T19:42:46.424854717Z 741 nEgcVBGtpw669FMe2VR6CzPDQ3q0nHIoNS0lvvtOvSvF3HmRx9PdykWbzuCS
2021-02-24T19:42:46.436802180Z 742 zCtv3I8qtHS41tkkjI9yAizuHBVFCCiK2R4PKeHvyQvnuuighsOr2qoVAi0M
2021-02-24T19:42:46.448661257Z 743 5qzhjPKOSul76VjJsURZQIrUmVNRLqIsu3CgQie01k09iiqQMMQ2eOYLBbDt
2021-02-24T19:42:46.460255702Z 744 yrtF20pZHs34E13NocGGGtomP6Kg9lMiadbODGmeqgnTDO772oPYgMCtEGIr
2021-02-24T19:42:46.471127747Z 745 gMpD4HnoBYcYVCuPSWnsWNSLVGZMSpf8zFXCnZz0YCFoJe6STjtaxH6CArhB
2021-02-24T19:42:46.482596259Z 746 74JALYiDdMkjOMtyvWzyQQ0tabIwahokzb5TqXXNopf5GkNPfLcS5evX2gEH
2021-02-24T19:42:46.493153165Z 747 zJOHUYdc7udfW32TMP4PzLslAWFDQ6VxqiAunrS6tyWe2hJDrOPb5PgcwHiA
2021-02-24T19:42:46.504656893Z 748 TuzL3ZzU1dIV0c8N8UCYZp1egUDJx1qBOzga4vtE8SCT90Gr2eJiiQxIerkA
2021-02-24T19:42:46.516185152Z 749 2oRyOimevjlH1tEgOwkR96r3GO9SncBXkA2kckZfPMAQI7kBR2e80sE8iIi8
2021-02-24T19:42:46.527517724Z 750 KaCs1BZ9YCGtUvji4vGx8pI9yLSLiyEzmI8nBaH4A6iBsdLM7jnWCO0VtKKM
2021-02-24T19:42:46.539714761Z 751 gN00IELxFQHH1qaVabRQ9MP2OavakI6H1grC0pOS0wCrtIzwiMpCoSnfcKhz
2021-02-24T19:42:46.551412528Z 752 sB2N2kMr8eNJxaDMxGtX2JzmaislOqmhSNcEArC9EDfGYq7MXX0x1woQc4OU
2021-02-24T19:42:46.561687802Z 753 J0uHOVCQX039hxKruuswS9thyN9fBLb6a361Jxa0dfl0v5PvQkmx592ShAlw
2021-02-24T19:42:46.573355235Z 754 U9PPtD993bL9UtGwm6um2OZNZ6nhQ4mX16c7vygxzzOADMJLUDRQJlLMKQux
2021-02-24T19:42:46.584124272Z 755 t9swexm5Ltw3rkkyLUcCLH8Z2Afh49gWG8rgGccbFPqGUNQRCAkM1djbtQEY
2021-02-24T19:42:46.594935726Z 756 9NTXYUGnPlVTvTTfjNF3NBstllHi9tFcs9lh1wLm1O7UkbHkyXigtFIJZnTN
2021-02-24T19:42:46.606061654Z 757 EzW68KjSgsNkGnF6JMQCVpQ4ES2eZWibPXEPEWtBvKQ2oYK2l2agMv5XdDTg
2021-02-24T19:42:46.617520089Z 758 orBFDNMlEqpcZGN9WMRy5kNwwKlxYbVfrvMWsYzeYL6RlywqPhBYLfMSwdSF
2021-02-24T19:42:46.628475116Z 759 Vn0pJEq4vTVc0CADOMUX9ULQ5oVHpm69xS5CfwhYjcWfvN6wK0YkCSBrZeC9
2021-02-24T19:42:46.639090328Z 760 roeNQJQwPMAFxX8LfHAwz1WcIcdSa1fqgpJwEgbcy1YteCqEop7ufgfH4BVK
2021-02-24T19:42:46.650153394Z 761 lEWXVvRwMZlTaeVyfRBVyI3YVtrobrAoQzA03nxGNRZs30G9mCaajmaJAGTB
2021-02-24T19:42:46.660654575Z 762 gZqLicPf9ODYlL6dqRwFlwkcPbWHP9EztbRFWQi0nGVkbvKIkoubyTvzKZ3M
2021-02-24T19:42:46.672028341Z 763 Hcn3mWdzNoz4Pjl9IjoYDAOSBqsd13vxPpjvDRKKR4DH4A3wIrp65sUGMIo7
2021-02-24T19:42:46.683101907Z 764 EHGaOQbij7nv6XvvDGWj7bal0cZmdvr3FzHtKFAnid437uhBCkEsu1h0VE4p
2021-02-24T19:42:46.694184390Z 765 986rKqZa4Kr2gqGRrdqbsUcrE1SSFA31IF5jObUUlCbmd7zjuVNaP4Aikg3e
2021-02-24T19:42:46.705246299Z 766 JMZQuXgthe5tXuyvav3OJdb2fe3bR9w2OGV2wcxIyAhRmMk0DtAZcb0sBB9I
2021-02-24T19:42:46.715955236Z 767 bw0n22UnZHveJB5B8PZtDddfz4oiekU0oHUSAT3H38Qvd6ydvrwWHnUCrVzN
2021-02-24T19:42:46.727216046Z 768 pdNqiFU7TvKCX5sTX9c8YsweMCtj1FraOtSly5A1siy3fT27jjqapPI0kNQF
2021-02-24T19:42:46.737619123Z 769 CgRNJHv2ZFj6zvlRXr8gY5Knr0GyjgYskRvJTCIrHf7jochVLx0fObRke1E0
2021-02-24T19:42:46.748880182Z 770 xPnANAbT9CFzziaJmBxXyYL0gOrJYmn8Z0by911jSnTvwQzcydNvxoxKOs0W
2021-02-24T19:42:46.760283790Z 771 Dhyc3usL0jmvsMHeiXxKzX3RWLVpfBiEbetUXIPmubrbaEpGQ3piyCc69fmA
2021-02-24T19:42:46.771069919Z 772 ykW6WiGkCU0Jalfkb9l98aobVGl0D9jil9KE06iKJUsdjkeT5KvZ39GqSPiJ
2021-02-24T19:42:46.782720529Z 773 j0lP9ZYxbXcVSotwUW3lGREnxwAPlRItpO0gnYguNRObiNTd3vZZ97ZQS8F8
2021-02-24T19:42:46.794361872Z 774 Ecwbf8N8eVq7Reyc1VJkosIXQRk1uSWfom6izAgq2hcUDOYeI2XfblD66xHz
2021-02-24T19:42:46.805325976Z 775 K7aaHXrLl8L0RgeEG4Y0RRSLwgC29SGjY3mdJp6ZeNCV5VOEuOw2gTjVUabs
2021-02-24T19:42:46.816236286Z 776 yJMwvUpbEligmI4MlwdPW5UOaPRTl9R7xOkdLdV4FzswDUGwl0tJlex6XNMH
2021-02-24T19:42:46.827428192Z 777 MqmchdCYNiMcUIRt1j7R4bGNBIFOopUWtmE3ZBRRGH3VlR1TtNOy167inbWD
2021-02-24T19:42:46.837990297Z 778 JyxZRHKg9XmV4Zwn7HMbntzYZ7GLzPQLmKVqLqZxIxqVqj3aEliRcpXOqksJ
2021-02-24T19:42:46.849247401Z 779 bKiFtLWIKhIYwifUR3gJEURRKCB5YDviVln4Bz4T6VdZqWqMbiDTQ7xbEYrp
2021-02-24T19:42:46.860764424Z 780 xIgkGrI4J7xvzeO98cHRiKEabjM5je4dEvMRx2BIin3NoumkKAWqxv67fSH5
2021-02-24T19:42:46.872702536Z 781 TdRnqP4zAmSRS4xSAPyB0tJroZM7SSPvcnIUmambU9eV7AsS7aKnhblHSdbW
2021-02-24T19:42:46.884031827Z 782 iaRCMDeK7MG47fgA2uCkiuL6nYH2zVnQVbUm3miToXSeuQ67mhtE6GNOh2SR
2021-02-24T19:42:46.895226332Z 783 ZWNFFDHgQSNa0A6mMp91IP3WW3Fs2D9HkMoyMmfz53ijNYhx46JRt3BXl989
2021-02-24T19:42:46.906613206Z 784 GzWpFTB2OH3vo7IdDSBZHMThF1trZ8gyYFpe48QmTi42nxGi2goTsLIHlM5u
2021-02-24T19:42:46.918474684Z 785 0q1PF9XqfWLjt2UDNNiMG04Ivu6nfQ5KFQAR7vtJNHpqRwwfYA7xIxdahIsq
2021-02-24T19:42:46.930679972Z 786 pAT6zBfmFYIexZen6cbDkTRzIfciH9fIzdCcU10nDJ3xbxsXDi6xcsmNqG0m
2021-02-24T19:42:46.942146335Z 787 gNjMzMgTJf227Xfkv7fUKGJ74F8DdOKaxY9kcOS18k5Fzh3OtJfNlnk7KBDD
2021-02-24T19:42:46.952625620Z 788 dFBYRy1GqWoiqZC9ItA4dqtqHHiPrww1Q1KFeHc2uLG01lq1rd04ud5Ryls8
2021-02-24T19:42:46.963973112Z 789 gvMi3GuuvMgaD9sjgE54JolJVOxdhl3Xg5WMrcrIZr4RBGZZlaBfvWiGKy3A
2021-02-24T19:42:46.975068427Z 790 7yiaFpZ44w3Bz6TPBzzVxp0zbOytBYsTGWGWB80sAypaucZs2yVoR0PbRych
2021-02-24T19:42:46.986258470Z 791 6BEZ2hLJR9i85v5y3VUPyBMeWoq9Vxs78DFNTz9rewROpGDwXPC5EQO8lssC
2021-02-24T19:42:46.998313654Z 792 o8ZDADoCeS8fKrEwK6kboxP1hzvrhQ366jHNo2EQAUC3yxbXCY0NKJr9MbmB
2021-02-24T19:42:47.008969678Z 793 CO7VxbAlHHdDGvWHFRqQel9F4sIISTsM13mfwuL2DOFzwlHMYsdiwRkb0MwE
2021-02-24T19:42:47.020215524Z 794 qyL0yjLXs0NGz5kJDeRNSkQedflMlCinvxEQUFlWK9vPvVIokl0jqwOGRRkX
2021-02-24T19:42:47.031679238Z 795 D6YCBz8NdnehGKiDx75xTekH3fg6cIBZIZVr7zVnoYfxvsv8MDzyuFQMKwx0
2021-02-24T19:42:47.043063781Z 796 3PG6h963l7cIjGAdg4wbCvXvmUqUScoT2vK8KbrUPR6cYDSjhwapQrDIgkJU
2021-02-24T19:42:47.054484206Z 797 eTjEwEsrk0ApSYCMPHAW7eLBj3QOMdCKqeWW8e5ZtTcN3K8ZiN2vzWhtncs1
2021-02-24T19:42:47.065092275Z 798 G5PcSIH6X7cFaqMuDAZ07BPsqhR5YCg2jtZWYklXZCxe9VblFUNZcQG2K4gj
2021-02-24T19:42:47.076920659Z 799 cktnpme8QNXFfpvKQOnbdIEIEPFRxbJMQikJQBoNLshaw61yIYfnSoGZ1MAg
2021-02-24T19:42:47.087962345Z 800 0ah169rc7PUeyB3PSqMQiO15gipAE8x0a7zrOuFV6YLPLk6vZxSEt6zja1qQ
2021-02-24T19:42:47.099297161Z 801 rDkIATfmZ1ol5PvocdITuBMpdk1hzV2xMsiVrM9pYGl5G3PndYtaxtFnhgK7
2021-02-24T19:42:47.110557621Z 802 Yw0pdHTKRimrq43z0oTEeoT1fVjxpv1q6ulTQbCzTOjdewcghsM5l56iKwZs
2021-02-24T19:42:47.121896766Z 803 3x5kU9rggWVfuYiTzrqR7HDy4u3yMPt0zDdhblpT3m6NsTLR6mhJC3lgBFSx
2021-02-24T19:42:47.132834009Z 804 3ua5yFqRxUoSx5xVzoNNakTEYvJNnmYs1PR7ZDkoIJy2a3fleIgvnKWpIiuj
2021-02-24T19:42:47.144284686Z 805 R9hkTZPoJCUbDSl7DKW1dQpe4pSrP2JAHUOpk4WbB5WeFN8Y7Va3zArnmyiW
2021-02-24T19:42:47.154643335Z 806 11ykM6KsExZWUuGBkjH1y8DxoTPVxV2VFU0Want1MC2V2yy0JCZA2nausL3Z
2021-02-24T19:42:47.166187492Z 807 BRAK1wIrYWkvAYsF1qxmzavV25D0XtKSAAn6aydA8p91hC4CvzpiiZDR3DV9
2021-02-24T19:42:47.177348713Z 808 W8Wky08VRCNJLf0Bvu8ILFsYRKYJpiB877GsepoWelCRF9xZETBsNnvPmeJQ
2021-02-24T19:42:47.188363944Z 809 GN5DiFxmoc3tV0DNbpD2rlJnmtWP3ewVRFDKof7dBllNLeyUPyYECOIqm0ir
2021-02-24T19:42:47.199322742Z 810 xiwnI1W5JfZosvrL7o3aBP8DU2rU9MRdR4XIlS4GFtXe5QqhkdPKZ3AEAWKE
2021-02-24T19:42:47.209855146Z 811 U1l0TN09qFUtdlQfXzkn1Ibcn7TgdBXQkEgmo1wzNZc5dlpfxG4N9LTWqVah
2021-02-24T19:42:47.221313421Z 812 02VmurUPcB8PaCxRJXCV7Aa80y3FsygXqT2OGctG0d0o6Z6bs8G31wptp7ab
2021-02-24T19:42:47.232451831Z 813 RTtS3C80bDTdzGpvIXbXIK5P9gYoQVuB5PxT1NcEQG3ZnT7Zle3nldK1nP3q
2021-02-24T19:42:47.243028603Z 814 x9mdj8gVMu9TMOJo6cQUXtzaNBGws3MqYLWdToVY6uIbg50LCj1sPWmQ0wj8
2021-02-24T19:42:47.254340378Z 815 8X2jEYdxv2NsubgNISQ4KQBtXgoMMwP2sggJfVG7hjlJUBjiaFk2NI8Ba2HG
2021-02-24T19:42:47.264708045Z 816 nCoSH129p8Y5OIH1jfaovn41ln04mZ0yvbeOmJhtDAkCqM31ypoWLQVCw6sK
2021-02-24T19:42:47.275988736Z 817 s2JmjQevTD9gYIHBAEUSSFmxdZ0A5JAQg1PpasrJynCzLrwiF3dhKnbzBNY9
2021-02-24T19:42:47.286859374Z 818 5n1AED44M5mB0UatXVNzSRbGJ2oFAU5S33wf810ci5uZkvsyZUlqnRKwzUJp
2021-02-24T19:42:47.298121987Z 819 CsWMxYnK5T85CLFnCHRThO8amywwsxRpraLM9Ub6JGPDFWB5m4bnvQWmcxiS
2021-02-24T19:42:47.309089607Z 820 pIvdHK6ww5fXxQk6pC3z6YQI2ELv8Mh1oyfJ1BjP6n6BjYQdwtMmlySGBiQH
2021-02-24T19:42:47.320368845Z 821 4TntOOZXEBeTzSOYreB4mwoZSBpW7XvkSfaGBu3bvYSN4zYRQj4Ve7Ab5DJj
2021-02-24T19:42:47.330804729Z 822 yUUSEWoOPEgzUxzIWWPoiZ2ivPGGilKypzpCaX6XhKDUtmO3vn5eC11WxEPA
2021-02-24T19:42:47.342139442Z 823 gskthLuJNvnXqYhDQF4H7f1LfEXpUSsiCklUQyc0LgCrOwka2wwMwd0IqaZy
2021-02-24T19:42:47.352608386Z 824 YpUEJ1KMwrqgi9phs5WPXd5MLxEkYkNoYObQHpOfWj17XrGQRkl2fUgHWgHZ
2021-02-24T19:42:47.364569313Z 825 eGnCJXmJr5RitPJkVvhyKQdAcVbZcBnGYMVoRtPQF9wWWeGUTVFgStW1gKVN
2021-02-24T19:42:47.375768010Z 826 NrfV2rCDAuedMfkk1wW6brX3mAjlmQBvvtvOp0ZIvkB55L2MAn1NuwV0iFka
2021-02-24T19:42:47.387058776Z 827 InDhIfsxXn1M6ti8FEf9kv23AZV9HKkohUkUngyQPbkiD5whHGc0iOwmHN0B
2021-02-24T19:42:47.398478689Z 828 GzsiiZNxmxopTcnVTSdx5cgvOjXq5TGAvi6otv6PaAccKZSqWTPixO0kHbNA
2021-02-24T19:42:47.410134211Z 829 1nrOnKVbWpO9V0k8wKwWSvs6nkMvOxKs6pIPeXc87SOh2ZvmxXGRKu2uLqJN
2021-02-24T19:42:47.421351863Z 830 Lc4ashglMMZpTBhcUNnGDPXATKmgDShIZkaMLGDQ1Yq44qL0GmKJJhStDrs9
2021-02-24T19:42:47.432364367Z 831 OefDmXH3sKseHtuiVxn09l8XbCubnTqYGCiWkzNblssxRthbO8XunOG9Gk4K
2021-02-24T19:42:47.443703440Z 832 MiZ7bl8qjDKcboP5LRacKNY7pawMgbyFgI84bjOYNBTQDy6ak5z1yHG4FIxh
2021-02-24T19:42:47.455067344Z 833 ocp0EL4dl5Qob5NzSfERjRB42Tw21omb6kM8sDiqpxqMoyHWAgmHD04zQR8M
2021-02-24T19:42:47.466400397Z 834 NPRQ2BZeRU8VGZ92hqLXuhg3ALGReeiaafV90335GudzeeUxcj2EuU3AqX8a
2021-02-24T19:42:47.476973057Z 835 JMdOQwXidBf22w2eQk90fsHJ89nDs8rR6G2XgVo5hymN9jQTxGK0m4VNK8LZ
2021-02-24T19:42:47.487890154Z 836 zC31VLEnYorYwrg68HLCbzWurd3cnpk3QrknmwAhF9MEFqIoQL8YkP1upvUE
2021-02-24T19:42:47.499075851Z 837 9VwHyp5UdJtjSZbMfA56qMwYWtBBSBatSG8AhDnd7mPcNQJwGPA57rTaarGJ
2021-02-24T19:42:47.510343384Z 838 FGaaguG4xsGDQAzdtm97nwK3fXdCyv0T5XwMozcecaWRjzXKTWRCxTO6pxrJ
2021-02-24T19:42:47.521053620Z 839 BywU2mijuWmQfg23EHQZIw3C2LdWSwmxVmKiiyMutwrHk1THwZD5R7Z2Upbo
2021-02-24T19:42:47.531824458Z 840 VrAW3tD6KBtLUZmQ7qrMckGzJG0fngcfbg9bokFzYwAM0XUJfD8CjxQBi6Mt
2021-02-24T19:42:47.542623058Z 841 kc2TWMQQxHx4lXwlTpwx9uFge1ZDXfc7otzOIjg3K8zXJY33Y97Q8f7ukM8z
2021-02-24T19:42:47.554474703Z 842 InppWFqpLJamcsIX5reTeL8uqDpnoSjh2iXy3YYr6aILfofin7PnU3I6u4pu
2021-02-24T19:42:47.566521613Z 843 7krnOofTQlozvtsKMLyYDFH1Y2JMgN81KKeyNWKw6NMykZMYqPZiJ9hvDZUp
2021-02-24T19:42:47.577737673Z 844 HbpzrF6uMxFVCZoqerSOrSnbBLIsStLGNCeSIsh7V47ZS7UUI8suxqRjwnr9
2021-02-24T19:42:47.589137685Z 845 xiTTZagbipSEAVwNaAKvQpYVVR7HyiTxyjuvGqvVRjRxfK83YX6FkD606zcR
2021-02-24T19:42:47.599822318Z 846 x7ykzpcroCPP7onDi2qqT25rQeBZUrtwyfY05XA0aFXfJagDwVS2Ql5017YE
2021-02-24T19:42:47.611165927Z 847 u9pktNTnrPiCF24bA6WaruQYTgBRefuD0HvV7MEF0GNF7mM6fGmDhpxAzTvT
2021-02-24T19:42:47.622435554Z 848 FCoqEGvhs3mIzPSdiam972TE5wW7XbY5tTdRMglQVviJO8KhyDUga0gkKgSt
2021-02-24T19:42:47.634028654Z 849 OtvPzBROSgyPVXl4ULu7zFNiPMxPV5EbbNbWIv6oWjB5Pn5VGAJfyo8osYhP
2021-02-24T19:42:47.645467187Z 850 mF1lEmtPm4YCQ4hZNCdKTDCwf4sfirBSSIXmUHqTVyoj5iF1dM93eiPjC7c4
2021-02-24T19:42:47.656324764Z 851 GYKEzFEApmahYFUFkbdBCw8kdYIlgDzurFrQSlECVk19NZvaB3zfIoRtvCIv
2021-02-24T19:42:47.666779074Z 852 48Jbszhw7pMtoIv3MnbC5NxiAK2nzokhAs6o4Bara0vRhTfur43bWGaSTOJK
2021-02-24T19:42:47.678277386Z 853 qz2GX2Q3u1fJBvmQfsS1PERI4WRhKY6U2lr3QCzUz0hMhOgldQGjTiVklSfb
2021-02-24T19:42:47.688995223Z 854 9gpbe0HLrQFSJhCgZba0Ff1fFepHJUVlBiVqVu72OV4X15g4nfJrWgQxQGRC
2021-02-24T19:42:47.700524897Z 855 sxw3SKdYZKhW2weKpIEKMJhjxUaD3jZjn4ckV4eoDQQZnwrSpZx4p86FN7ha
2021-02-24T19:42:47.711696680Z 856 Fa5ds7J15zyKS2gTwcSqUnPmXf7DcBZhk9d6xSfDtSM6nDX3KltsS0Dhfw4e
2021-02-24T19:42:47.723080529Z 857 HqbHo8bNbESezKVe5D05rDLMEKzHnr9c4bqsgWR9g7ZMrUZ7VJ0SKs8Q6SRi
2021-02-24T19:42:47.733823736Z 858 T6DzVkNbJq11nG48hpk9veY16mXhiDd5ww6t75HAKkwMq4hSxgE4w4gsEHyi
2021-02-24T19:42:47.745529980Z 859 6I4IbB0Uly4ppFipvenNSYFbSvVj8SfeOTljhcEryWQQ9ApCG2O9kgj6oBfo
2021-02-24T19:42:47.757188433Z 860 SpBHVtZ3WIR3RnXGYPsw5hHpHrh3T2E9OXqWinu8wKgIeNXscE5YsQAdCxZQ
2021-02-24T19:42:47.768050739Z 861 7NR9zF6VPcwAMBBYqV95sNoLf5qkFDXHckcr3qh4tl02uDqnDMXMj5fd9tzu
2021-02-24T19:42:47.778525437Z 862 95gg6362EarRtC4oTEKbL8S06VU1ibEA9UTNsXWoOBmKJUcaCiko8U5frQlN
2021-02-24T19:42:47.790076471Z 863 rmw9yEGJ9ahTyU8c7OKiulNQRucV8j2D390mxWNeruau03TbtfERk3XSkZ45
2021-02-24T19:42:47.801680972Z 864 9d35Y1PvppOa3SoxJfsc4bnAR7ddLJRLaF9yn6JxSEaYqvNSUwh2B2lbJNDq
2021-02-24T19:42:47.813481774Z 865 WwtaeMh4bD8NSqz92hGhh3vGiam4uMKHUmZTLgnH8m5a26cjgWrOynSDMW9d
2021-02-24T19:42:47.824348921Z 866 0QKBX3q5QgyA3mIg0u4iN6vpXCfWw5I6VkXrh5gq9M2EPoXs99yfWc1k6IIZ
2021-02-24T19:42:47.835455819Z 867 CtSP30JZfwNRbNihz6OAnJS7JJ6XjljNTm7xpgFHZrOlLv2dCXxzplwt1yR0
2021-02-24T19:42:47.847173254Z 868 xdVCIzaQ9q5FzrvfupOVHanY3OMMG2Y6u3Efc6LZi5F1vqPMwsZSGLEn0nmW
2021-02-24T19:42:47.857929458Z 869 rMwybqk4mxsOMpggXdchxr6LvqU0jUCoCbMyv1zKwzfzLCTdWSdRaxxpNxRk
2021-02-24T19:42:47.868694073Z 870 MWx2RgNPFFzRMB1LuYKeSwrWJuz604dMyU7qi76d0xYBElzORzazGKv8jBv5
2021-02-24T19:42:47.879900453Z 871 Pihc8Sf45PncYyh0g42XtBdj2utBbElIeorxM6PR84IcnNrS7FSfMigmeoTr
2021-02-24T19:42:47.891474899Z 872 d7L5Zz5xPeYO5hcUrow26fV5ZpUieSZNf358mbqOvNnOg1xZWZwISiNQU3eO
2021-02-24T19:42:47.902698250Z 873 sa6nKCsYA7QysdcxRpDItugMh4qU4r6Eb6INz80LPS5K25DfY4LIiIFhbX3b
2021-02-24T19:42:47.913670660Z 874 luQWLMnQNvFIrKDPlCNdEvG6RmsoeXCgYpQzFHCGmfddHg6xekJrhLzobzhr
2021-02-24T19:42:47.925011711Z 875 cRrNdmojqDfXvxPwURpy6ykKqP34NaKFFGpZp1DxlGePT1kI5r3raEWOgVES
2021-02-24T19:42:47.936730748Z 876 5RtyniJDE3EmRLVjYXsFphhvmcy0rOtZOJRE4I7OpEyxHcQLoyfT8ReaUUvz
2021-02-24T19:42:47.948555591Z 877 M2ptmfhI5TMcoi8r2zn7yTm2di3FoMccOEkypeI8xQ3iEdz4KR9wpLbJsrBG
2021-02-24T19:42:47.960219711Z 878 a8Ltolm8G6JwP4lP1S4m3UeCx224g3QhIKSxkIlBmLbYb0JVxd3rWEXCHsSy
2021-02-24T19:42:47.971297466Z 879 KUVAkz42aTrMAwVkcc5iKNA54IKzBI932dU9Dp4OAnPUYG76hRA6rv6Hvuls
2021-02-24T19:42:47.983166780Z 880 FFBoDA9hDVAm1GMuyhiX30jeqnI0p1NfomYdlMpkapZ728TdYeOc9ciMTx0x
2021-02-24T19:42:47.994561711Z 881 QMW8JLsFpYwZauWDsfGqASyOB4r8eOrn2DfSwU0yAMfxdX1j1KDem6KmxsBA
2021-02-24T19:42:48.005862757Z 882 7K3BOJ6tyOmDxDWuZFInVouzynQqMkYMUaEgEq8NfPTyBSh1UWCQ6lH6HG3X
2021-02-24T19:42:48.017145721Z 883 PvXHNg3oYxdmfBZir6scWBuxzHTeMduRc9QDkPSd9oIUE8NXPporV0c7ZnR4
2021-02-24T19:42:48.028591483Z 884 U1UG64PfXA5VReOMTvxlASfOuq2aU8xzskWsTwgKsDcWCregh5VRylF5PHEG
2021-02-24T19:42:48.040467402Z 885 RgGmG8sMuKV8eweQpRulidBylHQFY0HVLW7xzQFSVb6gplR0grWXdgU5szc9
2021-02-24T19:42:48.051364882Z 886 hZtAV5fq1ku0kU1l3bOp8hbCV7GX9IpGbcPDPM2v8nVKzY00dzZNIb3gMKpw
2021-02-24T19:42:48.062437109Z 887 TBeEfGrMIyfmaHvqg1qW5HnqVfpvJhhjvBxHtJ9sn5HHzkCPPrZJOEOohF8i
2021-02-24T19:42:48.072868324Z 888 KAcgarmYO5kV8odqeHG9AeRsh59nxCiPxWVqnzMkhKW3lrlDcBhHQD0gqaCK
2021-02-24T19:42:48.084100133Z 889 9l4NaM5W8CvM25IJSGti8Y2agWQQuqfTi9KqVrU84CIjln3P6ManIaV9Hf22
2021-02-24T19:42:48.094904392Z 890 2JvhURcGDRZzWzCTQ1LpTUHSmcuHsSFW3hVZz6eZGrSn0oJMitThiZmP0fZW
2021-02-24T19:42:48.106829232Z 891 t0YMPqB5sLlDXKbEfS2Bm6IFNRxVHaTMUNN7wSohVyJmmuhZZSI3ltj8684j
2021-02-24T19:42:48.117976526Z 892 SpkLcytDyPSFSYscJn9VKf6GwbWrBjYlfv4tHDOEor140rUMJ9LDExkjwBp2
2021-02-24T19:42:48.129214457Z 893 YwifeNUmXOSVzPpwx9e0ftj7GNdlPzLY0MdzQuG09q2EgLAI4QIKpAXVU8PO
2021-02-24T19:42:48.139722834Z 894 QWnlvxwu33w5gDnUV3YMhoZz8HUzG5aE81EBOwvjJbG1qOi0ZQQYBVpIrX0u
2021-02-24T19:42:48.151599678Z 895 RyzBLRlzN2ZGAvkXYSUIEUW1yjP1GlwkBI92NanwPq0rxhJrKp03SVQOpT4w
2021-02-24T19:42:48.162902022Z 896 wd5YU6LhxPHgdM6MKCXv1N45xaulQPgQ6cmgkIDjqjNaCh7WUarW9GlKEPKG
2021-02-24T19:42:48.173833131Z 897 WtDwVYFYOaLLyH2MHjPahCAT6uKw4f2IGWXR1PGJvI0wAxIJMxiREs0ZBqM8
2021-02-24T19:42:48.185297453Z 898 2YItxxpKjW8aDLcmWpQZbRzEW8RohnRDdxGEgNnq41JK1fLJ9qb18ncv7Nlh
2021-02-24T19:42:48.196231926Z 899 Y7wQ6NYIp6n1rySPQQpBPTekOWBVg6yWFi5jL4wMV0CwynyYsDUK4APAJxoG
2021-02-24T19:42:48.206818604Z 900 He7NviQNKOhpE2IlZ2XO0Ya3qxuz7EJMiKfkDhRXjrmSk7uYZnZlDGREljdu
2021-02-24T19:42:48.218251380Z 901 Kcrc5Ou2zSi3VMquC03rqXhrbCQ3niEWSRlJurXtw7HXmelxaeUJuYs8AA0l
2021-02-24T19:42:48.229875994Z 902 APK3GupHylBtOUsL7ou275QA7OaCrKXiVwspEfROsmVNOLHW2XNh7Rodsb11
2021-02-24T19:42:48.241526839Z 903 sr0BkY7baTQWoPauHXTjadLnYd45TtWPJNygrOlgXyqOqxsILpkYzkh9FbLh
2021-02-24T19:42:48.252386365Z 904 ZUww7VJXAaeu7M1rHtte0EzAEDx3JC7H6goYGCoJGtHFdvW67yQ0EuKH53LE
2021-02-24T19:42:48.265471912Z 905 844s72ooruXbbDpb5jo9a6VEB8XX0iQgxVdltBe2y0vFGVRXqRh1MoLn9wBB
2021-02-24T19:42:48.277234219Z 906 JP1p6P2FKSj6gpg8cZU2vymI3r2bAPKg1McXBXUroQAcO5s2ZMnRbbYYXN7f
2021-02-24T19:42:48.288740895Z 907 xNAgqol3zTUN3ab4uWmByq6mI3ILh6UnSZUuuFnGVGRzCGLIPLjkq0p4VFVa
2021-02-24T19:42:48.300588327Z 908 NvG8x5LnTKbUlUhUFVslhumrQhcNJUbnDQHdlSIWKwVSH19XDyI579KrbUmd
2021-02-24T19:42:48.313665200Z 909 E3c3e3GfOis3j2kcE0xhpsj6UWOa0PMcIMrJjdfOtM6OOYYda2EmbqbInLD8
2021-02-24T19:42:48.325502032Z 910 ukNuTq2ztqELwbtFDJTehHkBUN2pDg1m7ZtPow6XsFWlRWMWB4BOC52wlOUE
2021-02-24T19:42:48.336801747Z 911 oVNe5UzcpNBAqbWwg26TRpqOt9EnGeJyKzP99OJ3bf1jkZLlvhFHZjKvFZho
2021-02-24T19:42:48.348521832Z 912 9LZEjv3d4oIRuLdLtuUU0XiGyTHql2c9iNYKItG4H0bLE1807YcWmW3ABFjh
2021-02-24T19:42:48.360350881Z 913 dikG1tSG3gwhOBNstVF4PlGTpNChMzWwDsdTyBPeQU7rf5cmsOV9udcohekL
2021-02-24T19:42:48.371505004Z 914 rNrF8nJKSKhCVJ6GzgC90wAGiSSn26KxzPjvsRgMlBk2TqsmR1mJp5SNuvjj
2021-02-24T19:42:48.383466657Z 915 EbbYEOwC4S3qOhc9B4Kf1PqJoWIahzLZRGm35XYhm6ulQSaoviURinpRYpOW
2021-02-24T19:42:48.395315377Z 916 QRtz3HKoKGajN9kcGM8DQPEH6Xa6vnnEoCS1kS6r5zLesVIK845dEUP0ECNC
2021-02-24T19:42:48.406302926Z 917 YTz3E46c1vHbAHT8LS9LaqVd8GHKAv26Mp6YT06P2eKt9Jdyy7DaFIbjHprh
2021-02-24T19:42:48.417539379Z 918 S4z40Fx0JBfC3XF3doZ0TSrTFEwQdYEBNo6yrbjb1MGabHZofQSh0Jh0gmKv
2021-02-24T19:42:48.429082674Z 919 k1203pSG3Gh3rmPTCbs7Ukbp2aVr2M4Vtl8BFezE4dKoLLAnFAcWdjOPE1fT
2021-02-24T19:42:48.440627648Z 920 nc0zzpCJWHXuTU7GG58SmmotaoIcex7AlL16By6eWWQe4IDPLz1F4qgmtq0N
2021-02-24T19:42:48.452823050Z 921 X09NJzzEGStd4id9HNmkFtInKoFEraAACYCfJfScSBFmxTrBOxZ2fN3vbrSc
2021-02-24T19:42:48.464265071Z 922 klPyKP6UFWbE7JxCokdrLMfnLsENDe6qAEd0OtLNvsnD0vZttKhHawCwSqcN
2021-02-24T19:42:48.474846417Z 923 Afxv1lhusLT7lcSAWgBLDXbW5QXLzzR1mOoeMboc3BeqpHNoOez2ernWQfRB
2021-02-24T19:42:48.486379768Z 924 pIiqxepUPS1sBUbmTv3T5FHpqngoqeaJAUbpfcD3n2onJwmhgWPkQsMeyAN0
2021-02-24T19:42:48.497639427Z 925 FjBY1jzkmBbkb4hK5A9tfu4OX1abIamXWRUESFfFFz02IxVcgeKGbg2pVre4
2021-02-24T19:42:48.509512700Z 926 RaGOrHDPknvyW2bcP9kQXIgO60KrPBc4b5SCjf7vySJajFBMvbdQBXQKXO68
2021-02-24T19:42:48.520118191Z 927 SIl8az3e2XbIfUdcu1Vni7biKvfUj1xrhkCvoQPh6pWvkwEJBJytOMcELGe8
2021-02-24T19:42:48.531157913Z 928 aJb7x2Co8vWNnYWOxGPDgwBGQYatCAoaDg6LZHLgc62iKYDZAuwOrOEJOzaa
2021-02-24T19:42:48.542434779Z 929 JDdILlD72ezFiDPH6b6ABaec559XwX2yJNg2H3dbn8durHsoVeS7DTHxsS80
2021-02-24T19:42:48.553843997Z 930 ZDTcAXc4jpxSAHEDQYTMliqZecYhBcn5bpckREvmlW2jX4NXe5MQLACKNo89
2021-02-24T19:42:48.565154567Z 931 xyEu0MS23q2c5EcbNwywUFfu2dsTnFSavQLdqxJIgZ9XmzDXlpc7UBcj69Ts
2021-02-24T19:42:48.576042513Z 932 XCGHQB45KFQilppltCJZW8zEaw1trnUiDljFuwnGmoFEZcXMr4h1KEp4hW7b
2021-02-24T19:42:48.588507398Z 933 KRjoUE3gIkeaBWW9K1a60vVSKg1Z57gBG8dtJ00tp4KLwEGiOFX25Z95nkwi
2021-02-24T19:42:48.598625569Z 934 WmC24FwntVHtkCIcCK8tqXuaxG3tZwClcuWjXMxquGzKQiSjEO8sdhMv7xcI
2021-02-24T19:42:48.609929239Z 935 4RnoL8v3yiTmqUw6Sm2wl2znuLX1fqQdxL3hLjMeAcY80nlGZghxbrLUSV7W
2021-02-24T19:42:48.621153705Z 936 mDp6cykH81I3aRRAMLWOu9rYetMMV82SBukGPO2jPutb2JzZfkppno4byTAS
2021-02-24T19:42:48.632000979Z 937 TOi2tUyxU2L128Th8BUxhnYlwrTv05l6wxavd5LDCqW6Cn2EIxHqYQtzIl6d
2021-02-24T19:42:48.643599513Z 938 t7f5m5DSnYwcZZkZ7xxUdZm8SSupmQu2OGbujhU6NHpSAV5oXIkOzioviy2i
2021-02-24T19:42:48.655394781Z 939 6XwCiK3u6gu6qMKSqO3Cy728d13TNgm0NZcFszWKf3HCxcVagAOw6UITzLiG
2021-02-24T19:42:48.666484130Z 940 QepZ68yEnrpGFFiP9FghGp8l5UaZnbGrfLGGp6gMBwi7L45mA2DHwCFG5Zl2
2021-02-24T19:42:48.678071534Z 941 E6mQXngnYpmx8sa82u7PhsJMCXGkh4uQ2K3ZuKKZE6I6zug1TaM8btxpzeqL
2021-02-24T19:42:48.689466212Z 942 fA4Q5EZtiz4qePs5sFoMWjpRto6K2rWCLe9Tbje4ln1rIpB3ODXMCiMwofj3
2021-02-24T19:42:48.700285252Z 943 0PEbNYI5QoCFJDNpHE2t4SdFBBWCsMaypsvGsJsrh3pkAagOPPRtkh856wuu
2021-02-24T19:42:48.710938160Z 944 xEUSLmBPXip4KvrIo1334tWMNFqZxTlv72Oho8Nrwja55hKz3Fg5O44Dp9FD
2021-02-24T19:42:48.722600206Z 945 jAGGAsvHakaCiAsel1r9d1gADFzGuifKkyVtLXGflHXSY1fBRjUn0WV2GsTZ
2021-02-24T19:42:48.734353050Z 946 oD7ZY5hrYT2PRXb6NlNw7t9JdXU6xc12Omb1ET75HA9RwCcl0jTgpQNp59nq
2021-02-24T19:42:48.745494774Z 947 fwXACzYcKNAQNdCsPsD72yaaMwE2OeMyh6ZqO1r022vcZOWdT3w7wjBMVxKS
2021-02-24T19:42:48.756905835Z 948 KOIDUY0jVEGK6axn7hnTIxSsu3i2fFFgKmlAon6plV4KqNfxHhNLphWueu0R
2021-02-24T19:42:48.768326403Z 949 DQioAt0osl03KmMsrMFtbbU54l7L9hY4i55FZ9G857W1Cwm8scnxA5WVR785
2021-02-24T19:42:48.779819175Z 950 4dBVMlA5eu7dHmAqYaFrjJUtJ3nps5VtmJaSsCoUWUZs4vzRuuvOizefKFBs
2021-02-24T19:42:48.791283320Z 951 iZvoAzXFLZ5ZqkgKbvj9gxuUlEVSjmNyub0w7AwaIVDEPkKL5os6QuIb44F7
2021-02-24T19:42:48.802481051Z 952 HRoCf15alqtqs965w7YKqXZ8yxZcNqCS52GXj1S2ZWpAN3xHbrhdCFzBSyPH
2021-02-24T19:42:48.814589582Z 953 vDMF0ZPBYwK8l04Y8ZGcPt9hf0YCuHSMzYwCYVunf663cXZqNGAhzynHeBDr
2021-02-24T19:42:48.825921901Z 954 lxbq3vYjx4pBtwnpW4CAHjJ2xKIj7fubiSH6TZUTSPLLNwUjebVqGcjfV53F
2021-02-24T19:42:48.837179845Z 955 MYJatC1qjOgnwATKlIPZsyJdqVlWrVxp4AVDVtIjnvLvjuD06G5s6IlMek13
2021-02-24T19:42:48.848817637Z 956 DznIDsbI87zfB9cd0iRjVws0jxyRhO1TbX8aYvtgh7DxI53M8fnA2ImBJ3OI
2021-02-24T19:42:48.861082129Z 957 n1yzymTqfAWIeejOkzocQNLusxddk7roXcapEgj9oUuWyv6XxU36CJJYIGFq
2021-02-24T19:42:48.872329691Z 958 Hv90usIPN0LJIDjL9uh4khVhwjrHwiFkqEjCZQ7sHw5uPCb1cBBWeeDAZxE3
2021-02-24T19:42:48.883036596Z 959 rU7vZL4tyjlWNqx8RiDe30uXqODODYrZa0IYUdSoCSfFIm1qZbgHW4gpL3cS
2021-02-24T19:42:48.894455372Z 960 9EvWZwGrfgy019dH2HA5LDXJuFSgh67RG8Pb0F9WaqfeGTTXMdUcPQt7jf1m
2021-02-24T19:42:48.905014395Z 961 iCldslkdsdVUPl2kqL4TObuGxDVe6eGUjAW7uNfCEYXpFlJ7kvYPduh8unZz
2021-02-24T19:42:48.916657302Z 962 MhpREThBxPc8kj1CNN0oy6m8Kg0YDCNkr7UkJ8L3zaL5Ks0kxdtGl51MaB6z
2021-02-24T19:42:48.928437870Z 963 S8B6zIM9U6Wbjadw1JEbrM6D5esYgVI40DhIwCfM9KBalSgtMKmTXz9tHg9k
2021-02-24T19:42:48.939180720Z 964 8VXd7eWDA9cm70VgzQPKy9ON6wId3m4PjIs6ayH3trFGiStOupq9YrnZPz9E
2021-02-24T19:42:48.950244073Z 965 QsKyHJmDT0Gla8CWROgIYfgk3ckTxXnMTFcUyhcouBRPlTu5hXDiFafYwz1K
2021-02-24T19:42:48.961191295Z 966 rqhhPXKiE7cNXLqXs81RJkfHSl5B74r7nkEAfcJlYzhy3raDmLJRWvrBA9xw
2021-02-24T19:42:48.972441889Z 967 yuFDCF4DYjnJhIcMgRlhp3hX8dIwC4OpwtGhcxQIHN6sG7DiT2O1XtoevOA3
2021-02-24T19:42:48.983006563Z 968 F6Mujtr6n5KvAgNexBenkSBbVKpKJ4OP6Rx2enaHhIR5aENqpJuzucBWppBR
2021-02-24T19:42:48.994650704Z 969 mHdjgufllG77lDn6ENtwqlIwnJx0o9DD6ZYT0rrmdMeXK5ZjNytqgX07l8Vx
2021-02-24T19:42:49.005519200Z 970 NDYjL9vxhXpIxYWgWuoiulPRMQpFRUXfXcJXrIENBpCga5SsV0z3OjWqHWrF
2021-02-24T19:42:49.016748027Z 971 jLPnG0z6KMB4DqEFx03lV5SOt7QrnkwLVOsVN3FLw3331grB941VDLvcHUSa
2021-02-24T19:42:49.028008819Z 972 XNE3sf0p0EQGvRCDgUcYNWBtFh4uRs7BNzH67dmcsoqnAgB6abkqPSdimzmV
2021-02-24T19:42:49.039393052Z 973 5MVOaeSFaUeM3qxly5cAswKPpysrYGOrCFQxZcRLQKVnoyE8OAwaMgsWIOL2
2021-02-24T19:42:49.050341805Z 974 pglx3FnrwlOR4bWPHrOLvwpZ4cOk2DqCXjcdfPt2ThwpziFqRv5bZqPocP7I
2021-02-24T19:42:49.061537137Z 975 KdjX4Q6OQ8wtEPUNV65Hh6Knd2EgJYuZ5vH4uHZwVIlN9LVLWaAJwTmhB5gh
2021-02-24T19:42:49.072193356Z 976 GjGMwdZPfJXgU6zeM76Qg6yOmCMuhKZNtglqEJm1GzcvH3WDGwO8rVTpUKOP
2021-02-24T19:42:49.083455132Z 977 p1kCDgaxjQ0WhggfaQCw8qOBwrKW7gbQ2Zy5n0dMtNqu93TwR8BaWKMBjlY3
2021-02-24T19:42:49.093855914Z 978 cVKN4BS36NvzYFA9k8WCX48aRJtK6mReYdS4c1nhQ6TGZziQvpOmrgz697bu
2021-02-24T19:42:49.105056016Z 979 qadlvjoEQuPKQ8kWC57MOmipsrzXiUKlzNpMokx3TaSu64aKmeVGxB7i8GVa
2021-02-24T19:42:49.116120073Z 980 NZHJDJJpQaJxg4whyVRTVU44wXQbOt2Nbd7rCN8ORlXt270a7Z3HOVa9fKN0
2021-02-24T19:42:49.127425954Z 981 Ph99TszoWj9RaJQXg7J4nvrpcAjzGl63cvaQquNNMEUqso5x734BUYvgJHKI
2021-02-24T19:42:49.137879959Z 982 1g0wRuJHoMkS4tbEq0jarF67Qr40fwEIOD39L9dneVwobDvuVMXeOlHe0xJf
2021-02-24T19:42:49.149382093Z 983 ULdxJgZGq7LZDBxaTECDmgw9HJKQld1wreJiagJdKWq4u2MPyPz5mjYh6y5Y
2021-02-24T19:42:49.160606959Z 984 KHktA8KZQKL38jQrXx2mSCMWpdO5WPSJuM4F2huvVghNafvIC1uUWIlwjU4D
2021-02-24T19:42:49.171933182Z 985 cCPJ5cHZXC9Wc1c4ayByi7UiWjKtA9AbQgHTnRJfEWv5Hsei1jgmZMHptzmW
2021-02-24T19:42:49.183406941Z 986 giGy4qNJmGsTccAFycdNoWxFURUF4mTXPdT7M93Zy7qRFBbtlISXc2KjHoYQ
2021-02-24T19:42:49.193905628Z 987 uLd9O3c2csgGCofr9wbsAFsTg44ulMNYyGkD8DZoe09zF8gF0HoU4dmi130A
2021-02-24T19:42:49.204969756Z 988 UEChi9aeCKekeuRpBoaq9U70fSiVgu3M0ZKF5lgxeVTbZd8ntEzx65kCHWU8
2021-02-24T19:42:49.216203550Z 989 wBj9XEj26zHlBgXERxIGMuLhLQDVVl2AGg7r0EwBVrw5DNLlSeUCHc44f9vv
2021-02-24T19:42:49.227866903Z 990 tiEbeoMZae4wUjhv8rpAU0C7TjRzj66xtRdDhWpJugwgAvdj7OEC2Fsk9HZO
2021-02-24T19:42:49.239472190Z 991 ACl6PVMShWBGXQ3r2Z0HexVpsGZGOuqzhOJz8Gn0YIzWkrwmCPoEu3s2zbPl
2021-02-24T19:42:49.251331950Z 992 JmmG8t9t2U1pncYeHGDzFXZeciN8hoJUD5rGt8BFA7VeAOatMmNIS5E9Sugb
2021-02-24T19:42:49.262059515Z 993 kqX3gfOfWf7EaKjdDAwdY0IoIvTzfWmm0rOlDHPPduyn8X0o0bR5dPGHE854
2021-02-24T19:42:49.273311310Z 994 GttnPK3Gh3PBIO09491WTe47uZhCpO5Wn9HzabrSkmzGyVMVXL8YNpsS5ACe
2021-02-24T19:42:49.284491269Z 995 B5GwH6b7FTnwIdIp4T2VWsqIAPh6mzNZ6XRm4t1PlA7F0FU9wxQBYbksHTMu
2021-02-24T19:42:49.295731361Z 996 kSuvAPIyx748oQIZvC9VAHvYi3q2FKAPSPJGIhwpsaFTK547ULyFtHa9gfvY
2021-02-24T19:42:49.307354743Z 997 yEWHD7AqAhafBYTNASRVXpXgXVVIfZbhdzQFScwaNQd27BlmpswkjrTkauia
2021-02-24T19:42:49.318664380Z 998 dIsz8E0Svdhjk9sMrf7irTBpSRHhqBGeL05ANlxdeib16Efp2G77XY0XI4cX
2021-02-24T19:42:49.330459659Z 999 QelqTUFJ388NoKJzqexh38DaPGzd1SaJrmnEC5Cy2k66WsR8y50nKTf4WauZ
