2021-02-24T19:34:28.905922500Z  running: (['/opt/scylladb/scripts/scylla_dev_mode_setup', '--developer-mode', '1'],)
2021-02-24T19:34:29.421198034Z  running: (['/opt/scylladb/scripts/scylla_io_setup'],)
2021-02-24T19:34:29.811715145Z  2021-02-24 19:34:29,811 CRIT Supervisor is running as root.  Privileges were not dropped because no user is specified in the config file.  If you intend to run as root, you can set user=root in the config file to avoid this message.
2021-02-24T19:34:29.811767796Z  2021-02-24 19:34:29,811 INFO Included extra file "/etc/supervisord.conf.d/node-exporter.conf" during parsing
2021-02-24T19:34:29.811889253Z  2021-02-24 19:34:29,811 INFO Included extra file "/etc/supervisord.conf.d/rsyslog.conf" during parsing
2021-02-24T19:34:29.811913792Z  2021-02-24 19:34:29,811 INFO Included extra file "/etc/supervisord.conf.d/scylla-housekeeping.conf" during parsing
2021-02-24T19:34:29.811925487Z  2021-02-24 19:34:29,811 INFO Included extra file "/etc/supervisord.conf.d/scylla-jmx.conf" during parsing
2021-02-24T19:34:29.811988058Z  2021-02-24 19:34:29,811 INFO Included extra file "/etc/supervisord.conf.d/scylla-server.conf" during parsing
2021-02-24T19:34:29.812099092Z  2021-02-24 19:34:29,811 INFO Included extra file "/etc/supervisord.conf.d/sshd-server.conf" during parsing
2021-02-24T19:34:29.851300859Z  2021-02-24 19:34:29,850 INFO RPC interface 'supervisor' initialized
2021-02-24T19:34:29.851331896Z  2021-02-24 19:34:29,850 CRIT Server 'inet_http_server' running without any HTTP authentication checking
2021-02-24T19:34:29.851343619Z  2021-02-24 19:34:29,850 INFO supervisord started with pid 27
2021-02-24T19:34:30.854357029Z  2021-02-24 19:34:30,853 INFO spawned: 'scylla' with pid 30
2021-02-24T19:34:30.857698785Z  2021-02-24 19:34:30,857 INFO spawned: 'scylla-housekeeping' with pid 31
2021-02-24T19:34:30.860360478Z  2021-02-24 19:34:30,859 INFO spawned: 'sshd' with pid 32
2021-02-24T19:34:30.863897256Z  2021-02-24 19:34:30,863 INFO spawned: 'scylla-jmx' with pid 33
2021-02-24T19:34:30.870351275Z  2021-02-24 19:34:30,869 INFO spawned: 'rsyslog' with pid 34
2021-02-24T19:34:30.874083374Z  2021-02-24 19:34:30,873 INFO spawned: 'node-exporter' with pid 36
2021-02-24T19:34:30.926747428Z  time="2021-02-24T19:34:30Z" level=info msg="Starting node_exporter (version=0.17.0, branch=HEAD, revision=f6f6194a436b9a63d0439abc585c76b19a206b21)" source="node_exporter.go:82"
2021-02-24T19:34:30.926772078Z  time="2021-02-24T19:34:30Z" level=info msg="Build context (go=go1.11.2, user=root@322511e06ced, date=20181130-15:51:33)" source="node_exporter.go:83"
2021-02-24T19:34:30.928686860Z  time="2021-02-24T19:34:30Z" level=info msg="Enabled collectors:" source="node_exporter.go:90"
2021-02-24T19:34:30.928707094Z  time="2021-02-24T19:34:30Z" level=info msg=" - arp" source="node_exporter.go:97"
2021-02-24T19:34:30.928718376Z  time="2021-02-24T19:34:30Z" level=info msg=" - bcache" source="node_exporter.go:97"
2021-02-24T19:34:30.928728536Z  time="2021-02-24T19:34:30Z" level=info msg=" - bonding" source="node_exporter.go:97"
2021-02-24T19:34:30.928738703Z  time="2021-02-24T19:34:30Z" level=info msg=" - conntrack" source="node_exporter.go:97"
2021-02-24T19:34:30.928760981Z  time="2021-02-24T19:34:30Z" level=info msg=" - cpu" source="node_exporter.go:97"
2021-02-24T19:34:30.928771693Z  time="2021-02-24T19:34:30Z" level=info msg=" - diskstats" source="node_exporter.go:97"
2021-02-24T19:34:30.928781159Z  time="2021-02-24T19:34:30Z" level=info msg=" - edac" source="node_exporter.go:97"
2021-02-24T19:34:30.928791007Z  time="2021-02-24T19:34:30Z" level=info msg=" - entropy" source="node_exporter.go:97"
2021-02-24T19:34:30.929151709Z  time="2021-02-24T19:34:30Z" level=info msg=" - filefd" source="node_exporter.go:97"
2021-02-24T19:34:30.929170379Z  time="2021-02-24T19:34:30Z" level=info msg=" - filesystem" source="node_exporter.go:97"
2021-02-24T19:34:30.929180430Z  time="2021-02-24T19:34:30Z" level=info msg=" - hwmon" source="node_exporter.go:97"
2021-02-24T19:34:30.929190308Z  time="2021-02-24T19:34:30Z" level=info msg=" - infiniband" source="node_exporter.go:97"
2021-02-24T19:34:30.929199905Z  time="2021-02-24T19:34:30Z" level=info msg=" - interrupts" source="node_exporter.go:97"
2021-02-24T19:34:30.929209268Z  time="2021-02-24T19:34:30Z" level=info msg=" - ipvs" source="node_exporter.go:97"
2021-02-24T19:34:30.929218734Z  time="2021-02-24T19:34:30Z" level=info msg=" - loadavg" source="node_exporter.go:97"
2021-02-24T19:34:30.929228166Z  time="2021-02-24T19:34:30Z" level=info msg=" - mdadm" source="node_exporter.go:97"
2021-02-24T19:34:30.929237553Z  time="2021-02-24T19:34:30Z" level=info msg=" - meminfo" source="node_exporter.go:97"
2021-02-24T19:34:30.929273606Z  time="2021-02-24T19:34:30Z" level=info msg=" - netclass" source="node_exporter.go:97"
2021-02-24T19:34:30.929283634Z  time="2021-02-24T19:34:30Z" level=info msg=" - netdev" source="node_exporter.go:97"
2021-02-24T19:34:30.929293401Z  time="2021-02-24T19:34:30Z" level=info msg=" - netstat" source="node_exporter.go:97"
2021-02-24T19:34:30.929303141Z  time="2021-02-24T19:34:30Z" level=info msg=" - nfs" source="node_exporter.go:97"
2021-02-24T19:34:30.929312760Z  time="2021-02-24T19:34:30Z" level=info msg=" - nfsd" source="node_exporter.go:97"
2021-02-24T19:34:30.929333753Z  time="2021-02-24T19:34:30Z" level=info msg=" - sockstat" source="node_exporter.go:97"
2021-02-24T19:34:30.929343268Z  time="2021-02-24T19:34:30Z" level=info msg=" - stat" source="node_exporter.go:97"
2021-02-24T19:34:30.929352559Z  time="2021-02-24T19:34:30Z" level=info msg=" - textfile" source="node_exporter.go:97"
2021-02-24T19:34:30.929361765Z  time="2021-02-24T19:34:30Z" level=info msg=" - time" source="node_exporter.go:97"
2021-02-24T19:34:30.929371108Z  time="2021-02-24T19:34:30Z" level=info msg=" - timex" source="node_exporter.go:97"
2021-02-24T19:34:30.929380273Z  time="2021-02-24T19:34:30Z" level=info msg=" - uname" source="node_exporter.go:97"
2021-02-24T19:34:30.929389593Z  time="2021-02-24T19:34:30Z" level=info msg=" - vmstat" source="node_exporter.go:97"
2021-02-24T19:34:30.929409434Z  time="2021-02-24T19:34:30Z" level=info msg=" - xfs" source="node_exporter.go:97"
2021-02-24T19:34:30.929419871Z  time="2021-02-24T19:34:30Z" level=info msg=" - zfs" source="node_exporter.go:97"
2021-02-24T19:34:30.929429437Z  time="2021-02-24T19:34:30Z" level=info msg="Listening on :9100" source="node_exporter.go:111"
2021-02-24T19:34:30.929564488Z  Generating public/private ed25519 key pair.
2021-02-24T19:34:30.929582354Z  Your identification has been saved in /etc/ssh/ssh_host_ed25519_key.
2021-02-24T19:34:30.929592013Z  Your public key has been saved in /etc/ssh/ssh_host_ed25519_key.pub.
2021-02-24T19:34:30.929622965Z  The key fingerprint is:
2021-02-24T19:34:30.929635940Z  SHA256:HyOKRtdjeYjIwDhyBIyDPj7BV6SmxxzONlIXgjDkwPY root@f19dbe7fe7c2
2021-02-24T19:34:30.929645657Z  The key's randomart image is:
2021-02-24T19:34:30.929654644Z  +--[ED25519 256]--+
2021-02-24T19:34:30.929663666Z  |%oo..o           |
2021-02-24T19:34:30.929672574Z  |*X  o..          |
2021-02-24T19:34:30.929681326Z  |Bo==..           |
2021-02-24T19:34:30.929690011Z  |.BOEo. o o       |
2021-02-24T19:34:30.929698938Z  |.o+O+ o S +      |
2021-02-24T19:34:30.929707949Z  | o+..o o = o     |
2021-02-24T19:34:30.929716736Z  |  . o .   .      |
2021-02-24T19:34:30.929725559Z  |   .             |
2021-02-24T19:34:30.929734571Z  |                 |
2021-02-24T19:34:30.929743710Z  +----[SHA256]-----+
2021-02-24T19:34:31.573359601Z  Scylla version 4.3.1-0.20210210.46650adcd with build-id bfaa518f22098de476b961b707925c71441bb81b starting ...
2021-02-24T19:34:31.573391532Z  command used: "/usr/bin/scylla --log-to-syslog 0 --log-to-stdout 1 --default-log-level info --network-stack posix --developer-mode=1 --overprovisioned --listen-address 10.0.22.10 --rpc-address 10.0.22.10 --seed-provider-parameters seeds=10.0.22.10 --blocked-reactor-notify-ms 999999999"
2021-02-24T19:34:31.573405087Z  parsed command line options: [log-to-syslog: 0, log-to-stdout: 1, default-log-level: info, network-stack: posix, developer-mode: 1, overprovisioned, listen-address: 10.0.22.10, rpc-address: 10.0.22.10, seed-provider-parameters: seeds=10.0.22.10, blocked-reactor-notify-ms: 999999999]
2021-02-24T19:34:31.651242485Z  WARN  2021-02-24 19:34:31,650 [shard 0] seastar - Unable to set SCHED_FIFO scheduling policy for timer thread; latency impact possible. Try adding CAP_SYS_NICE
2021-02-24T19:34:31.683504182Z  INFO  2021-02-24 19:34:31,683 [shard 0] init - installing SIGHUP handler
2021-02-24T19:34:31.700038014Z  INFO  2021-02-24 19:34:31,699 [shard 0] init - Scylla version 4.3.1-0.20210210.46650adcd with build-id bfaa518f22098de476b961b707925c71441bb81b starting ...
2021-02-24T19:34:31.700062598Z  
2021-02-24T19:34:31.704139061Z  INFO  2021-02-24 19:34:31,703 [shard 0] init - starting prometheus API server
2021-02-24T19:34:31.710822424Z  INFO  2021-02-24 19:34:31,710 [shard 0] init - starting tokens manager
2021-02-24T19:34:31.714116464Z  INFO  2021-02-24 19:34:31,713 [shard 0] init - starting migration manager notifier
2021-02-24T19:34:31.715888487Z  INFO  2021-02-24 19:34:31,715 [shard 0] init - creating tracing
2021-02-24T19:34:31.719975242Z  INFO  2021-02-24 19:34:31,719 [shard 0] init - creating snitch
2021-02-24T19:34:31.727511209Z  INFO  2021-02-24 19:34:31,727 [shard 0] init - determining DNS name
2021-02-24T19:34:31.728465066Z  INFO  2021-02-24 19:34:31,727 [shard 0] init - starting API server
2021-02-24T19:34:31.732064645Z  INFO  2021-02-24 19:34:31,731 [shard 0] init - Scylla API server listening on 127.0.0.1:10000 ...
2021-02-24T19:34:31.742452145Z  INFO  2021-02-24 19:34:31,742 [shard 0] init - initializing storage service
2021-02-24T19:34:31.747296299Z  INFO  2021-02-24 19:34:31,746 [shard 0] init - starting per-shard database core
2021-02-24T19:34:31.759984562Z  WARN  2021-02-24 19:34:31,759 [shard 0] init - I/O Scheduler is not properly configured! This is a non-supported setup, and performance is expected to be unpredictably bad.
2021-02-24T19:34:31.760008405Z   Reason found: none of --max-io-requests, --io-properties and --io-properties-file are set.
2021-02-24T19:34:31.760019395Z  To properly configure the I/O Scheduler, run the scylla_io_setup utility shipped with Scylla.
2021-02-24T19:34:31.760029133Z  
2021-02-24T19:34:31.763057818Z  INFO  2021-02-24 19:34:31,762 [shard 0] init - creating and verifying directories
2021-02-24T19:34:32.263015922Z  Connecting to http://localhost:10000
2021-02-24T19:34:32.263043808Z  Starting the JMX server
2021-02-24T19:34:32.263758961Z  2021-02-24 19:34:32,263 INFO success: scylla entered RUNNING state, process has stayed up for > than 1 seconds (startsecs)
2021-02-24T19:34:32.263992636Z  2021-02-24 19:34:32,263 INFO success: scylla-housekeeping entered RUNNING state, process has stayed up for > than 1 seconds (startsecs)
2021-02-24T19:34:32.264157490Z  2021-02-24 19:34:32,263 INFO success: sshd entered RUNNING state, process has stayed up for > than 1 seconds (startsecs)
2021-02-24T19:34:32.264498469Z  2021-02-24 19:34:32,264 INFO success: scylla-jmx entered RUNNING state, process has stayed up for > than 1 seconds (startsecs)
2021-02-24T19:34:32.264521588Z  2021-02-24 19:34:32,264 INFO success: rsyslog entered RUNNING state, process has stayed up for > than 1 seconds (startsecs)
2021-02-24T19:34:32.265049421Z  2021-02-24 19:34:32,264 INFO success: node-exporter entered RUNNING state, process has stayed up for > than 1 seconds (startsecs)
2021-02-24T19:34:33.698720446Z  INFO  2021-02-24 19:34:33,697 [shard 0] database - Populating Keyspace system_schema
2021-02-24T19:34:33.698749493Z  INFO  2021-02-24 19:34:33,697 [shard 0] database - Keyspace system_schema: Reading CF view_virtual_columns id=08843b63-45dc-3be2-9798-a0418295cfaa version=c777531c-15f7-326f-8ebe-39fd0265c8c9
2021-02-24T19:34:33.698761522Z  INFO  2021-02-24 19:34:33,697 [shard 0] database - Keyspace system_schema: Reading CF computed_columns id=cc7c7069-3740-33c1-92a4-c3de78dbd2c4 version=2b8c4439-de76-31e0-807f-3b7290a975d7
2021-02-24T19:34:33.698772530Z  INFO  2021-02-24 19:34:33,697 [shard 0] database - Keyspace system_schema: Reading CF aggregates id=924c5587-2e3a-345b-b10c-12f37c1ba895 version=4b53e92c-0368-3d5c-b959-2ec1bfd1a59f
2021-02-24T19:34:33.698799634Z  INFO  2021-02-24 19:34:33,697 [shard 0] database - Keyspace system_schema: Reading CF functions id=96489b79-80be-3e14-a701-66a0b9159450 version=329ed804-55b3-3eee-ad61-d85317b96097
2021-02-24T19:34:33.698811497Z  INFO  2021-02-24 19:34:33,697 [shard 0] database - Keyspace system_schema: Reading CF views id=9786ac1c-dd58-3201-a7cd-ad556410c985 version=5b58bb47-96e7-3f57-accf-0bfca4dbbc6e
2021-02-24T19:34:33.698822282Z  INFO  2021-02-24 19:34:33,697 [shard 0] database - Keyspace system_schema: Reading CF indexes id=0feb57ac-311f-382f-ba6d-9024d305702f version=99c40462-8687-304e-abe3-2bdbef1f25aa
2021-02-24T19:34:33.698833045Z  INFO  2021-02-24 19:34:33,697 [shard 0] database - Keyspace system_schema: Reading CF types id=5a8b1ca8-6602-3f77-a045-9273d308917a version=de51b2ce-5e4d-3b7d-a75f-2204332ce8d1
2021-02-24T19:34:33.698845439Z  INFO  2021-02-24 19:34:33,697 [shard 0] database - Keyspace system_schema: Reading CF triggers id=4df70b66-6b05-3251-95a1-32b54005fd48 version=582d7071-1ef0-37c8-adc6-471a13636139
2021-02-24T19:34:33.698856176Z  INFO  2021-02-24 19:34:33,697 [shard 0] database - Keyspace system_schema: Reading CF dropped_columns id=5e7583b5-f3f4-3af1-9a39-b7e1d6f5f11f version=7426bc6c-4c2f-3200-8ad8-4329610ed59a
2021-02-24T19:34:33.698866661Z  INFO  2021-02-24 19:34:33,697 [shard 0] database - Keyspace system_schema: Reading CF columns id=24101c25-a2ae-3af7-87c1-b40ee1aca33f version=d33236d4-9bdd-3c09-abf0-a0bc5edc2526
2021-02-24T19:34:33.698878733Z  INFO  2021-02-24 19:34:33,697 [shard 0] database - Keyspace system_schema: Reading CF scylla_tables id=5d912ff1-f759-3665-b2c8-8042ab5103dd version=38e5e56b-155d-39b5-a0d2-8e5dcad42a26
2021-02-24T19:34:33.698889850Z  INFO  2021-02-24 19:34:33,697 [shard 0] database - Keyspace system_schema: Reading CF tables id=afddfb9d-bc1e-3068-8056-eed6c302ba09 version=b6240810-eeb7-36d5-9411-43b2d68dddab
2021-02-24T19:34:33.698900504Z  INFO  2021-02-24 19:34:33,697 [shard 0] database - Keyspace system_schema: Reading CF keyspaces id=abac5682-dea6-31c5-b535-b3d6cffd0fb6 version=e79ca8ba-6556-3f7d-925a-7f20cf57938c
2021-02-24T19:34:33.846390202Z  JMX is enabled to receive remote connections on port: 7199
2021-02-24T19:34:34.048253396Z  Generating public/private rsa key pair.
2021-02-24T19:34:34.048278393Z  Your identification has been saved in /etc/ssh/ssh_host_rsa_key.
2021-02-24T19:34:34.048288782Z  Your public key has been saved in /etc/ssh/ssh_host_rsa_key.pub.
2021-02-24T19:34:34.048298215Z  The key fingerprint is:
2021-02-24T19:34:34.048307544Z  SHA256:ea2782zJnF52Kv8sVsz99USTYVNiFPoe0SMiy0kg+f8 root@f19dbe7fe7c2
2021-02-24T19:34:34.048316802Z  The key's randomart image is:
2021-02-24T19:34:34.048325823Z  +---[RSA 4096]----+
2021-02-24T19:34:34.048334712Z  |     ...     .=.o|
2021-02-24T19:34:34.048343451Z  |     .. .    o * |
2021-02-24T19:34:34.048352144Z  |      .  o ...o.=|
2021-02-24T19:34:34.048360946Z  |       .o.+....+o|
2021-02-24T19:34:34.048369968Z  |        S+. . o+o|
2021-02-24T19:34:34.048378827Z  |         o . . .B|
2021-02-24T19:34:34.048398371Z  |          oo o+o=|
2021-02-24T19:34:34.048408614Z  |          .EBoo+o|
2021-02-24T19:34:34.048417697Z  |          o*++ooo|
2021-02-24T19:34:34.048426609Z  +----[SHA256]-----+
2021-02-24T19:34:34.063204151Z  Could not load host key: /etc/ssh/ssh_host_ecdsa_key
2021-02-24T19:34:36.608118478Z  Traceback (most recent call last):
2021-02-24T19:34:36.608152852Z    File "/opt/scylladb/scripts/libexec/scylla-housekeeping", line 208, in <module>
2021-02-24T19:34:36.608165661Z      args.func(args)
2021-02-24T19:34:36.608176054Z    File "/opt/scylladb/scripts/libexec/scylla-housekeeping", line 134, in check_version
2021-02-24T19:34:36.608186642Z      current_version = sanitize_version(get_api('/storage_service/scylla_release_version'))
2021-02-24T19:34:36.608197163Z    File "/opt/scylladb/scripts/libexec/scylla-housekeeping", line 93, in get_api
2021-02-24T19:34:36.608207615Z      return get_json_from_url("http://" + api_address + path)
2021-02-24T19:34:36.608218023Z    File "/opt/scylladb/scripts/libexec/scylla-housekeeping", line 88, in get_json_from_url
2021-02-24T19:34:36.608228410Z      raise RuntimeError(f'Failed to get "{path}" due to the following error: {retval}')
2021-02-24T19:34:36.608239138Z  RuntimeError: Failed to get "http://localhost:10000/storage_service/scylla_release_version" due to the following error: HTTP Error 404: Not Found
2021-02-24T19:34:40.401334733Z  INFO  2021-02-24 19:34:40,400 [shard 0] database - Found temporary sstable directory: "/var/lib/scylla/data/system_schema/views-9786ac1cdd583201a7cdad556410c985/0000000000000994.sstable", removing
2021-02-24T19:34:40.401383406Z  INFO  2021-02-24 19:34:40,400 [shard 0] database - Found temporary sstable directory: "/var/lib/scylla/data/system_schema/views-9786ac1cdd583201a7cdad556410c985/0000000000000995.sstable", removing
2021-02-24T19:34:40.401620289Z  INFO  2021-02-24 19:34:40,401 [shard 0] database - Found temporary sstable directory: "/var/lib/scylla/data/system_schema/columns-24101c25a2ae3af787c1b40ee1aca33f/0000000000001311.sstable", removing
2021-02-24T19:34:40.401643202Z  INFO  2021-02-24 19:34:40,401 [shard 0] database - Found temporary sstable directory: "/var/lib/scylla/data/system_schema/columns-24101c25a2ae3af787c1b40ee1aca33f/0000000000001310.sstable", removing
2021-02-24T19:34:40.401655032Z  INFO  2021-02-24 19:34:40,401 [shard 0] database - Found temporary sstable directory: "/var/lib/scylla/data/system_schema/scylla_tables-5d912ff1f7593665b2c88042ab5103dd/0000000000001082.sstable", removing
2021-02-24T19:34:40.401665821Z  INFO  2021-02-24 19:34:40,401 [shard 0] database - Found temporary sstable directory: "/var/lib/scylla/data/system_schema/scylla_tables-5d912ff1f7593665b2c88042ab5103dd/0000000000001083.sstable", removing
2021-02-24T19:34:40.401676552Z  INFO  2021-02-24 19:34:40,401 [shard 0] database - Found temporary sstable directory: "/var/lib/scylla/data/system_schema/tables-afddfb9dbc1e30688056eed6c302ba09/0000000000001111.sstable", removing
2021-02-24T19:34:40.401687342Z  INFO  2021-02-24 19:34:40,401 [shard 0] database - Found temporary sstable directory: "/var/lib/scylla/data/system_schema/tables-afddfb9dbc1e30688056eed6c302ba09/0000000000001110.sstable", removing
2021-02-24T19:34:40.546606568Z  INFO  2021-02-24 19:34:40,545 [shard 3] sstable_directory - Removing file /var/lib/scylla/data/system_schema/views-9786ac1cdd583201a7cdad556410c985/md-995-big-TOC.txt.tmp
2021-02-24T19:34:40.546654753Z  INFO  2021-02-24 19:34:40,545 [shard 3] sstable_directory - Removing file /var/lib/scylla/data/system_schema/scylla_tables-5d912ff1f7593665b2c88042ab5103dd/md-1083-big-Data.db
2021-02-24T19:34:40.546667490Z  INFO  2021-02-24 19:34:40,545 [shard 3] sstable_directory - Removing file /var/lib/scylla/data/system_schema/scylla_tables-5d912ff1f7593665b2c88042ab5103dd/md-1083-big-TOC.txt.tmp
2021-02-24T19:34:40.546677961Z  INFO  2021-02-24 19:34:40,545 [shard 3] sstable_directory - Removing file /var/lib/scylla/data/system_schema/scylla_tables-5d912ff1f7593665b2c88042ab5103dd/md-1083-big-Index.db
2021-02-24T19:34:40.546688304Z  INFO  2021-02-24 19:34:40,545 [shard 2] sstable_directory - Removing file /var/lib/scylla/data/system_schema/views-9786ac1cdd583201a7cdad556410c985/md-994-big-TOC.txt.tmp
2021-02-24T19:34:40.546698669Z  INFO  2021-02-24 19:34:40,545 [shard 2] sstable_directory - Removing file /var/lib/scylla/data/system_schema/scylla_tables-5d912ff1f7593665b2c88042ab5103dd/md-1082-big-TOC.txt.tmp
2021-02-24T19:34:40.546709015Z  INFO  2021-02-24 19:34:40,545 [shard 2] sstable_directory - Removing file /var/lib/scylla/data/system_schema/scylla_tables-5d912ff1f7593665b2c88042ab5103dd/md-1082-big-Data.db
2021-02-24T19:34:40.546719281Z  INFO  2021-02-24 19:34:40,545 [shard 2] sstable_directory - Removing file /var/lib/scylla/data/system_schema/scylla_tables-5d912ff1f7593665b2c88042ab5103dd/md-1082-big-Index.db
2021-02-24T19:34:40.552125843Z  INFO  2021-02-24 19:34:40,550 [shard 3] sstable_directory - Removing file /var/lib/scylla/data/system_schema/tables-afddfb9dbc1e30688056eed6c302ba09/md-1111-big-Index.db
2021-02-24T19:34:40.552171415Z  INFO  2021-02-24 19:34:40,550 [shard 3] sstable_directory - Removing file /var/lib/scylla/data/system_schema/tables-afddfb9dbc1e30688056eed6c302ba09/md-1111-big-Digest.crc32
2021-02-24T19:34:40.552184475Z  INFO  2021-02-24 19:34:40,550 [shard 3] sstable_directory - Removing file /var/lib/scylla/data/system_schema/tables-afddfb9dbc1e30688056eed6c302ba09/md-1111-big-Data.db
2021-02-24T19:34:40.552195092Z  INFO  2021-02-24 19:34:40,550 [shard 3] sstable_directory - Removing file /var/lib/scylla/data/system_schema/tables-afddfb9dbc1e30688056eed6c302ba09/md-1111-big-Summary.db
2021-02-24T19:34:40.552205403Z  INFO  2021-02-24 19:34:40,550 [shard 3] sstable_directory - Removing file /var/lib/scylla/data/system_schema/tables-afddfb9dbc1e30688056eed6c302ba09/md-1111-big-TOC.txt.tmp
2021-02-24T19:34:40.552215664Z  INFO  2021-02-24 19:34:40,550 [shard 2] sstable_directory - Removing file /var/lib/scylla/data/system_schema/tables-afddfb9dbc1e30688056eed6c302ba09/md-1110-big-TOC.txt.tmp
2021-02-24T19:34:40.552226249Z  INFO  2021-02-24 19:34:40,550 [shard 2] sstable_directory - Removing file /var/lib/scylla/data/system_schema/tables-afddfb9dbc1e30688056eed6c302ba09/md-1110-big-Data.db
2021-02-24T19:34:40.552236604Z  INFO  2021-02-24 19:34:40,550 [shard 2] sstable_directory - Removing file /var/lib/scylla/data/system_schema/tables-afddfb9dbc1e30688056eed6c302ba09/md-1110-big-Summary.db
2021-02-24T19:34:40.552247018Z  INFO  2021-02-24 19:34:40,550 [shard 2] sstable_directory - Removing file /var/lib/scylla/data/system_schema/tables-afddfb9dbc1e30688056eed6c302ba09/md-1110-big-Digest.crc32
2021-02-24T19:34:40.552266958Z  INFO  2021-02-24 19:34:40,550 [shard 2] sstable_directory - Removing file /var/lib/scylla/data/system_schema/tables-afddfb9dbc1e30688056eed6c302ba09/md-1110-big-Index.db
2021-02-24T19:34:40.569405994Z  INFO  2021-02-24 19:34:40,568 [shard 2] sstable_directory - Removing file /var/lib/scylla/data/system_schema/aggregates-924c55872e3a345bb10c12f37c1ba895/md-398-big-TOC.txt.tmp
2021-02-24T19:34:40.569450208Z  INFO  2021-02-24 19:34:40,568 [shard 2] sstable_directory - Removing file /var/lib/scylla/data/system_schema/aggregates-924c55872e3a345bb10c12f37c1ba895/md-398-big-CompressionInfo.db
2021-02-24T19:34:40.569463267Z  INFO  2021-02-24 19:34:40,568 [shard 2] sstable_directory - Removing file /var/lib/scylla/data/system_schema/aggregates-924c55872e3a345bb10c12f37c1ba895/md-398-big-Digest.crc32
2021-02-24T19:34:40.569474290Z  INFO  2021-02-24 19:34:40,568 [shard 2] sstable_directory - Removing file /var/lib/scylla/data/system_schema/aggregates-924c55872e3a345bb10c12f37c1ba895/md-398-big-Filter.db
2021-02-24T19:34:40.569484959Z  INFO  2021-02-24 19:34:40,568 [shard 2] sstable_directory - Removing file /var/lib/scylla/data/system_schema/aggregates-924c55872e3a345bb10c12f37c1ba895/md-398-big-Scylla.db
2021-02-24T19:34:40.569495478Z  INFO  2021-02-24 19:34:40,569 [shard 2] sstable_directory - Removing file /var/lib/scylla/data/system_schema/aggregates-924c55872e3a345bb10c12f37c1ba895/md-398-big-Data.db
2021-02-24T19:34:40.569858154Z  INFO  2021-02-24 19:34:40,569 [shard 2] sstable_directory - Removing file /var/lib/scylla/data/system_schema/aggregates-924c55872e3a345bb10c12f37c1ba895/md-398-big-Summary.db
2021-02-24T19:34:40.569878325Z  INFO  2021-02-24 19:34:40,569 [shard 2] sstable_directory - Removing file /var/lib/scylla/data/system_schema/aggregates-924c55872e3a345bb10c12f37c1ba895/md-398-big-Index.db
2021-02-24T19:34:40.569889170Z  INFO  2021-02-24 19:34:40,569 [shard 2] sstable_directory - Removing file /var/lib/scylla/data/system_schema/aggregates-924c55872e3a345bb10c12f37c1ba895/md-398-big-Statistics.db
2021-02-24T19:34:40.579395684Z  INFO  2021-02-24 19:34:40,579 [shard 2] sstable_directory - Removing file /var/lib/scylla/data/system_schema/columns-24101c25a2ae3af787c1b40ee1aca33f/md-1310-big-TOC.txt.tmp
2021-02-24T19:34:40.579637742Z  INFO  2021-02-24 19:34:40,579 [shard 2] sstable_directory - Removing file /var/lib/scylla/data/system_schema/columns-24101c25a2ae3af787c1b40ee1aca33f/md-1310-big-Statistics.db
2021-02-24T19:34:40.579681636Z  INFO  2021-02-24 19:34:40,579 [shard 3] sstable_directory - Removing file /var/lib/scylla/data/system_schema/columns-24101c25a2ae3af787c1b40ee1aca33f/md-1311-big-Filter.db
2021-02-24T19:34:40.580079824Z  INFO  2021-02-24 19:34:40,579 [shard 2] sstable_directory - Removing file /var/lib/scylla/data/system_schema/columns-24101c25a2ae3af787c1b40ee1aca33f/md-1310-big-Data.db
2021-02-24T19:34:40.580098842Z  INFO  2021-02-24 19:34:40,579 [shard 3] sstable_directory - Removing file /var/lib/scylla/data/system_schema/columns-24101c25a2ae3af787c1b40ee1aca33f/md-1311-big-Digest.crc32
2021-02-24T19:34:40.580109619Z  INFO  2021-02-24 19:34:40,579 [shard 2] sstable_directory - Removing file /var/lib/scylla/data/system_schema/columns-24101c25a2ae3af787c1b40ee1aca33f/md-1310-big-Filter.db
2021-02-24T19:34:40.580149271Z  INFO  2021-02-24 19:34:40,579 [shard 3] sstable_directory - Removing file /var/lib/scylla/data/system_schema/columns-24101c25a2ae3af787c1b40ee1aca33f/md-1311-big-Statistics.db
2021-02-24T19:34:40.580169767Z  INFO  2021-02-24 19:34:40,579 [shard 2] sstable_directory - Removing file /var/lib/scylla/data/system_schema/columns-24101c25a2ae3af787c1b40ee1aca33f/md-1310-big-Digest.crc32
2021-02-24T19:34:40.580326744Z  INFO  2021-02-24 19:34:40,579 [shard 3] sstable_directory - Removing file /var/lib/scylla/data/system_schema/columns-24101c25a2ae3af787c1b40ee1aca33f/md-1311-big-Index.db
2021-02-24T19:34:40.580412790Z  INFO  2021-02-24 19:34:40,580 [shard 2] sstable_directory - Removing file /var/lib/scylla/data/system_schema/columns-24101c25a2ae3af787c1b40ee1aca33f/md-1310-big-Index.db
2021-02-24T19:34:40.580427125Z  INFO  2021-02-24 19:34:40,580 [shard 3] sstable_directory - Removing file /var/lib/scylla/data/system_schema/columns-24101c25a2ae3af787c1b40ee1aca33f/md-1311-big-TOC.txt.tmp
2021-02-24T19:34:40.580541726Z  INFO  2021-02-24 19:34:40,580 [shard 2] sstable_directory - Removing file /var/lib/scylla/data/system_schema/columns-24101c25a2ae3af787c1b40ee1aca33f/md-1310-big-Summary.db
2021-02-24T19:34:40.580581247Z  INFO  2021-02-24 19:34:40,580 [shard 3] sstable_directory - Removing file /var/lib/scylla/data/system_schema/columns-24101c25a2ae3af787c1b40ee1aca33f/md-1311-big-Data.db
2021-02-24T19:34:40.580593578Z  INFO  2021-02-24 19:34:40,580 [shard 3] sstable_directory - Removing file /var/lib/scylla/data/system_schema/columns-24101c25a2ae3af787c1b40ee1aca33f/md-1311-big-Summary.db
2021-02-24T19:34:40.637745420Z  INFO  2021-02-24 19:34:40,635 [shard 0] database - Populating Keyspace system
2021-02-24T19:34:40.637786491Z  INFO  2021-02-24 19:34:40,635 [shard 0] database - Keyspace system: Reading CF compaction_history id=b4dbb7b4-dc49-3fb5-b3bf-ce6e434832ca version=25cae56a-8d75-39f3-a146-3756ab4981c7
2021-02-24T19:34:40.637798464Z  INFO  2021-02-24 19:34:40,635 [shard 0] database - Keyspace system: Reading CF batchlog id=0290003c-977e-397c-ac3e-fdfdc01d626b version=e2a2e804-49e4-3597-9f16-39fd9475835c
2021-02-24T19:34:40.637809078Z  INFO  2021-02-24 19:34:40,635 [shard 0] database - Keyspace system: Reading CF size_estimates id=618f817b-005f-3678-b8a4-53f3930b8e86 version=6d4dbcff-f05b-3dc3-95ad-f79f7b10504d
2021-02-24T19:34:40.637819606Z  INFO  2021-02-24 19:34:40,635 [shard 0] database - Keyspace system: Reading CF range_xfers id=55d76438-4e55-3f8b-9f6e-676d4af3976d version=dd15a078-409b-350d-9bef-c5f3520832d8
2021-02-24T19:34:40.637891645Z  INFO  2021-02-24 19:34:40,635 [shard 0] database - Keyspace system: Reading CF peer_events id=59dfeaea-8db2-3341-91ef-109974d81484 version=7f874a05-72b8-3c21-9acb-baa164fc351a
2021-02-24T19:34:40.637931923Z  INFO  2021-02-24 19:34:40,635 [shard 0] database - Keyspace system: Reading CF peers id=37f71aca-7dc2-383b-a706-72528af04d4f version=f6f6871f-8c86-3eca-ac0b-2a2e848e395d
2021-02-24T19:34:40.637945243Z  INFO  2021-02-24 19:34:40,635 [shard 0] database - Keyspace system: Reading CF scylla_local id=2972ec7f-fb20-38dd-aac1-d876f2e3fcbd version=5f0b407d-eedf-3845-a48e-dbb9673d10e1
2021-02-24T19:34:40.637956019Z  INFO  2021-02-24 19:34:40,635 [shard 0] database - Keyspace system: Reading CF schema_aggregates id=a5fc57fc-9d6c-3bfd-a3fc-01ad54686fea version=d06c934f-9a69-374c-86f1-523ab26fb05c
2021-02-24T19:34:40.637966463Z  INFO  2021-02-24 19:34:40,635 [shard 0] database - Keyspace system: Reading CF paxos id=b7b7f0c2-fd0a-3410-8c05-3ef614bb7c2d version=6dd372de-72fb-3e1b-9b8c-f97738a67fe9
2021-02-24T19:34:40.637988551Z  INFO  2021-02-24 19:34:40,635 [shard 0] database - Keyspace system: Reading CF compactions_in_progress id=55080ab0-5d9c-3886-90a4-acb25fe1f77b version=540263f1-40db-3869-8a38-3baadedc222d
2021-02-24T19:34:40.638000371Z  INFO  2021-02-24 19:34:40,636 [shard 0] database - Keyspace system: Reading CF local id=7ad54392-bcdd-35a6-8417-4e047860b377 version=7fa82c2e-5b67-37dd-8e5e-2079e18f1536
2021-02-24T19:34:40.638012908Z  INFO  2021-02-24 19:34:40,636 [shard 0] database - Keyspace system: Reading CF schema_columnfamilies id=45f5b360-24bc-3f83-a363-1034ea4fa697 version=7f7a5fea-07b7-304d-a6f8-f7aec72cabdb
2021-02-24T19:34:40.638024049Z  INFO  2021-02-24 19:34:40,636 [shard 0] database - Keyspace system: Reading CF hints id=2666e205-73ef-38b3-90fe-fecf96e8f0c7 version=0b74fdd1-e96d-309e-a14e-a5bcd7ac885d
2021-02-24T19:34:40.638034429Z  INFO  2021-02-24 19:34:40,636 [shard 0] database - Keyspace system: Reading CF sstable_activity id=5a1ff267-ace0-3f12-8563-cfae6103c65e version=bdec57a3-b234-334b-be9c-7b1f33113995
2021-02-24T19:34:40.638044800Z  INFO  2021-02-24 19:34:40,636 [shard 0] database - Keyspace system: Reading CF IndexInfo id=9f5c6374-d485-3229-9a0a-5094af9ad1e3 version=bbb3743b-351f-3023-b4fc-09a9be37d529
2021-02-24T19:34:40.638055260Z  INFO  2021-02-24 19:34:40,636 [shard 0] database - Keyspace system: Reading CF large_partitions id=8a7fe624-96b0-34b1-b90e-f71bddcdd2d3 version=04fa9920-9369-3a96-be39-6dd9fdc816b6
2021-02-24T19:34:40.638065544Z  INFO  2021-02-24 19:34:40,636 [shard 0] database - Keyspace system: Reading CF scylla_table_schema_history id=0191a53e-40f0-31d4-9171-b0d19ffb17b4 version=2cc890b8-9ade-3afc-ab63-043c8017608e
2021-02-24T19:34:40.638075888Z  INFO  2021-02-24 19:34:40,636 [shard 0] database - Keyspace system: Reading CF large_cells id=ead8bbc5-f146-3ae1-9f71-0b11f9a1d296 version=0d4a6937-a781-3f87-a192-b4e4a4a40acf
2021-02-24T19:34:40.638086204Z  INFO  2021-02-24 19:34:40,636 [shard 0] database - Keyspace system: Reading CF views_builds_in_progress id=b7f2c108-78cd-3c80-9cd5-d609b2bd149c version=b905cce5-1474-3085-819a-7592453e2fb9
2021-02-24T19:34:40.638096445Z  INFO  2021-02-24 19:34:40,636 [shard 0] database - Keyspace system: Reading CF built_views id=4b3c50a9-ea87-3d76-9101-6dbc9c38494a version=a28aa0b3-6def-30a7-9fbe-ce78b3f3c9b9
2021-02-24T19:34:40.638106815Z  INFO  2021-02-24 19:34:40,636 [shard 0] database - Keyspace system: Reading CF scylla_views_builds_in_progress id=a04c7bfd-1e13-36c9-a44d-f22da352281d version=e3fb736c-6956-3990-a31d-9a482279e3fc
2021-02-24T19:34:40.638117093Z  INFO  2021-02-24 19:34:40,636 [shard 0] database - Keyspace system: Reading CF truncated id=38c19fd0-fb86-3310-a4b7-0d0cc66628aa version=6da9a85c-7ae0-3917-aead-54a2f65a57a8
2021-02-24T19:34:40.638128745Z  INFO  2021-02-24 19:34:40,636 [shard 0] database - Keyspace system: Reading CF cdc_local id=0bcaffd4-0c83-3ead-ad13-dc1d5015b77c version=0aa4d3a2-ed95-3ecd-aba0-cd75622ad290
2021-02-24T19:34:40.638139952Z  INFO  2021-02-24 19:34:40,636 [shard 0] database - Keyspace system: Reading CF clients id=ca0f635d-8630-3609-8d93-a1fc06f2a5e5 version=51273ebf-e6f9-3cd5-b455-ea09ad29796f
2021-02-24T19:34:40.638150307Z  INFO  2021-02-24 19:34:40,636 [shard 0] database - Keyspace system: Reading CF schema_keyspaces id=b0f22357-4458-3cdb-9631-c43e59ce3676 version=84d28cef-59f9-34a9-9be5-31c684997f03
2021-02-24T19:34:40.638167181Z  INFO  2021-02-24 19:34:40,636 [shard 0] database - Keyspace system: Reading CF schema_columns id=296e9c04-9bec-3085-827d-c17d3df2122a version=53cfbb66-ee0d-37be-97bb-b2afb3746f85
2021-02-24T19:34:40.638178656Z  INFO  2021-02-24 19:34:40,636 [shard 0] database - Keyspace system: Reading CF schema_triggers id=0359bc71-7123-3ee1-9a4a-b9dfb11fc125 version=75e4ec4c-76da-3f59-984e-66810ba0c62b
2021-02-24T19:34:40.638189276Z  INFO  2021-02-24 19:34:40,636 [shard 0] database - Keyspace system: Reading CF large_rows id=40550f66-0858-39a0-9430-f27fc08034e9 version=aee3acb0-7926-317b-848e-db7bc3721695
2021-02-24T19:34:40.638199886Z  INFO  2021-02-24 19:34:40,636 [shard 0] database - Keyspace system: Reading CF schema_usertypes id=3aa75225-4f82-350b-8d5c-430fa221fa0a version=3c53e6bb-56d5-3618-a0b2-4ff5f18127d7
2021-02-24T19:34:40.638210402Z  INFO  2021-02-24 19:34:40,636 [shard 0] database - Keyspace system: Reading CF schema_functions id=d1b675fe-2b50-3ca4-8e49-c0f81989dcad version=a50959dd-2be0-3e4e-8bb5-cf40796e256a
2021-02-24T19:34:51.426159925Z  INFO  2021-02-24 19:34:51,425 [shard 0] init - starting gossip
2021-02-24T19:34:51.426187299Z  WARN  2021-02-24 19:34:51,425 [shard 0] init - Using default cluster name is not recommended. Using a unique cluster name will reduce the chance of adding nodes to the wrong cluster by mistake
2021-02-24T19:34:51.426199402Z  INFO  2021-02-24 19:34:51,425 [shard 0] init - seeds={10.0.22.10}, listen_address=10.0.22.10, broadcast_address=10.0.22.10
2021-02-24T19:34:51.426209926Z  INFO  2021-02-24 19:34:51,425 [shard 0] init - starting storage proxy
2021-02-24T19:34:51.454414369Z  INFO  2021-02-24 19:34:51,453 [shard 0] init - creating hints manager
2021-02-24T19:34:51.455299597Z  INFO  2021-02-24 19:34:51,455 [shard 2] init - creating hints manager
2021-02-24T19:34:51.455940049Z  INFO  2021-02-24 19:34:51,455 [shard 3] init - creating hints manager
2021-02-24T19:34:51.456373304Z  INFO  2021-02-24 19:34:51,456 [shard 1] init - creating hints manager
2021-02-24T19:34:51.456958595Z  INFO  2021-02-24 19:34:51,456 [shard 0] init - starting migration manager
2021-02-24T19:34:51.457405913Z  INFO  2021-02-24 19:34:51,457 [shard 0] init - starting query processor
2021-02-24T19:34:51.461324294Z  INFO  2021-02-24 19:34:51,460 [shard 0] init - initializing batchlog manager
2021-02-24T19:34:51.467909186Z  INFO  2021-02-24 19:34:51,467 [shard 0] format_selector - Selected md sstables format
2021-02-24T19:34:51.474712546Z  INFO  2021-02-24 19:34:51,474 [shard 0] legacy_schema_migrator - Moving 0 keyspaces from legacy schema tables to the new schema keyspace (system_schema)
2021-02-24T19:34:51.475834617Z  INFO  2021-02-24 19:34:51,475 [shard 0] legacy_schema_migrator - Dropping legacy schema tables
2021-02-24T19:35:00.712122263Z  INFO  2021-02-24 19:35:00,711 [shard 0] legacy_schema_migrator - Completed migration of legacy schema tables
2021-02-24T19:35:00.712161579Z  INFO  2021-02-24 19:35:00,711 [shard 0] init - loading system sstables
2021-02-24T19:35:13.778948372Z  INFO  2021-02-24 19:35:13,778 [shard 0] init - loading non-system sstables
2021-02-24T19:35:20.927255157Z  INFO  2021-02-24 19:35:20,926 [shard 0] database - Populating Keyspace system_auth
2021-02-24T19:35:20.927334110Z  INFO  2021-02-24 19:35:20,926 [shard 0] database - Keyspace system_auth: Reading CF roles id=5bc52802-de25-35ed-aeab-188eecebb090 version=d8f599da-7544-3f57-aa58-b229deea93e0
2021-02-24T19:35:20.927354448Z  INFO  2021-02-24 19:35:20,926 [shard 0] database - Keyspace system_auth: Reading CF role_members id=0ecdaa87-f8fb-3e60-88d1-74fb36fe5c0d version=2923b5bb-f2f8-36e8-9e73-19019900010c
2021-02-24T19:35:20.927370521Z  INFO  2021-02-24 19:35:20,926 [shard 0] database - Populating Keyspace system_traces
2021-02-24T19:35:20.927607804Z  INFO  2021-02-24 19:35:20,926 [shard 0] database - Keyspace system_traces: Reading CF sessions_time_idx id=0ebf001c-c1d1-3693-9a63-c3d96ac53318 version=cd5d1e5f-1f42-3b9d-a8ba-3af39d59a7d5
2021-02-24T19:35:20.927645889Z  INFO  2021-02-24 19:35:20,926 [shard 0] database - Keyspace system_traces: Reading CF sessions id=c5e99f16-8677-3914-b17e-960613512345 version=e0fc4b06-6cba-3b7b-bfb6-b42a77c370a9
2021-02-24T19:35:20.927664670Z  INFO  2021-02-24 19:35:20,926 [shard 0] database - Keyspace system_traces: Reading CF node_slow_log_time_idx id=f9706768-aa1e-3d87-9e5c-51a3927c2870 version=eaffc0bb-7b2c-3b64-8924-d8ba685120bc
2021-02-24T19:35:20.927681662Z  INFO  2021-02-24 19:35:20,926 [shard 0] database - Keyspace system_traces: Reading CF node_slow_log id=bfcc4e62-5b63-3aa1-a1c3-6f5e47f3325c version=23e7a411-8414-340f-854d-20a3a637e438
2021-02-24T19:35:20.927698727Z  INFO  2021-02-24 19:35:20,927 [shard 0] database - Keyspace system_traces: Reading CF events id=8826e8e9-e16a-3728-8753-3bc1fc713c25 version=41a6b26e-a03b-3ae1-8a4a-b9446e7f9304
2021-02-24T19:35:20.927715073Z  INFO  2021-02-24 19:35:20,927 [shard 0] database - Populating Keyspace dt
2021-02-24T19:35:20.927730447Z  INFO  2021-02-24 19:35:20,927 [shard 0] database - Keyspace dt: Reading CF user id=5c294820-d77b-11ea-9877-000000000001 version=02cce273-02f1-3e6a-8674-f1016e3f22d7
2021-02-24T19:35:20.927746211Z  INFO  2021-02-24 19:35:20,927 [shard 0] database - Keyspace dt: Reading CF twin id=5e00c740-d77b-11ea-9877-000000000001 version=6240633e-c8cc-3fea-a1e3-452eff1b9659
2021-02-24T19:35:20.928000516Z  INFO  2021-02-24 19:35:20,927 [shard 0] database - Keyspace dt: Reading CF source_element_idx_index id=68593f10-d77b-11ea-9877-000000000001 version=33e3f927-f730-3081-88e1-6bed2962e42a
2021-02-24T19:35:20.928030387Z  INFO  2021-02-24 19:35:20,927 [shard 0] database - Keyspace dt: Reading CF element_twin_idx_index id=630ae8b0-d77b-11ea-9877-000000000001 version=bc3026fd-bc4e-318d-b6f4-ca0b566cb74b
2021-02-24T19:35:20.928323073Z  INFO  2021-02-24 19:35:20,927 [shard 0] database - Keyspace dt: Reading CF source_data id=6af6cd50-d77b-11ea-9877-000000000001 version=b52400e3-b307-3141-b3fc-e5d63573f135
2021-02-24T19:35:20.928352578Z  INFO  2021-02-24 19:35:20,927 [shard 0] database - Keyspace dt: Reading CF source id=65ff2270-d77b-11ea-9877-000000000001 version=5f8471b7-7d19-31d4-9be5-0f153affb0bb
2021-02-24T19:35:20.928369178Z  INFO  2021-02-24 19:35:20,927 [shard 0] database - Keyspace dt: Reading CF element id=607549b0-d77b-11ea-9877-000000000001 version=f44a6c4b-69d8-37f2-b116-7260740acc6c
2021-02-24T19:35:20.928630601Z  INFO  2021-02-24 19:35:20,928 [shard 0] database - Populating Keyspace system_distributed
2021-02-24T19:35:20.928660291Z  INFO  2021-02-24 19:35:20,928 [shard 0] database - Keyspace system_distributed: Reading CF view_build_status id=5582b59f-8e4e-35e1-b913-3acada51eb04 version=e0b6e628-60e0-39a2-ada0-9b6c13bdd9bc
2021-02-24T19:35:20.928695937Z  INFO  2021-02-24 19:35:20,928 [shard 0] database - Keyspace system_distributed: Reading CF cdc_streams_descriptions id=249f0ac2-8856-36d4-9802-f55223eb01c2 version=f727f60d-bfaa-32de-a0d6-898e1cbaf2c9
2021-02-24T19:35:20.928714312Z  INFO  2021-02-24 19:35:20,928 [shard 0] database - Keyspace system_distributed: Reading CF cdc_streams id=07405732-4620-34d6-a85e-947248dad9a4 version=b606cfa4-a37b-32bd-a624-e05cab2bed3c
2021-02-24T19:35:20.929115588Z  INFO  2021-02-24 19:35:20,928 [shard 0] database - Keyspace system_distributed: Reading CF cdc_generations id=6a4df139-00b6-3d21-9efc-dade266dc3b7 version=2511b46b-df1d-39fa-9a77-f5cacf88af47
2021-02-24T19:35:20.929155370Z  INFO  2021-02-24 19:35:20,928 [shard 0] database - Keyspace system_distributed: Reading CF cdc_generation_descriptions id=ae653406-7b3e-34aa-af70-d5b90f837c67 version=95e9e159-839f-39b3-990f-8e8a04817ff8
2021-02-24T19:35:30.373641931Z  INFO  2021-02-24 19:35:30,373 [shard 0] init - starting view update generator
2021-02-24T19:35:30.374355301Z  INFO  2021-02-24 19:35:30,374 [shard 0] init - discovering staging sstables
2021-02-24T19:35:30.375032962Z  INFO  2021-02-24 19:35:30,374 [shard 0] init - setting up system keyspace
2021-02-24T19:35:30.391253000Z  INFO  2021-02-24 19:35:30,390 [shard 0] init - starting commit log
2021-02-24T19:35:30.391690218Z  INFO  2021-02-24 19:35:30,391 [shard 0] init - replaying commit log
2021-02-24T19:35:30.394195555Z  INFO  2021-02-24 19:35:30,393 [shard 0] commitlog_replayer - Replaying /var/lib/scylla/commitlog/CommitLog-1-54043196672304375.log, /var/lib/scylla/commitlog/CommitLog-1-1143858424.log, /var/lib/scylla/commitlog/CommitLog-1-1143858423.log, /var/lib/scylla/commitlog/CommitLog-1-54043196672304376.log, /var/lib/scylla/commitlog/CommitLog-1-36028798162822393.log, /var/lib/scylla/commitlog/CommitLog-1-18014399653340408.log, /var/lib/scylla/commitlog/CommitLog-1-18014399653340407.log, /var/lib/scylla/commitlog/CommitLog-1-36028798162822394.log, /var/lib/scylla/commitlog/CommitLog-1-36028798162822392.log, /var/lib/scylla/commitlog/CommitLog-1-1143858422.log, /var/lib/scylla/commitlog/CommitLog-1-54043196672304377.log
2021-02-24T19:35:41.234312952Z  INFO  2021-02-24 19:35:41,233 [shard 0] commitlog_replayer - Log replay complete, 42301 replayed mutations (0 invalid, 0 skipped)
2021-02-24T19:35:41.235136137Z  INFO  2021-02-24 19:35:41,234 [shard 0] init - replaying commit log - flushing memtables
2021-02-24T19:35:59.041408644Z  INFO  2021-02-24 19:35:59,039 [shard 0] init - replaying commit log - removing old commitlog segments
2021-02-24T19:35:59.041871638Z  INFO  2021-02-24 19:35:59,040 [shard 0] compaction - [Compact system.cdc_local 853dd400-76d7-11eb-9ed3-000000000000] Compacting [/var/lib/scylla/data/system/cdc_local-0bcaffd40c833eadad13dc1d5015b77c/md-748-big-Data.db:level=0, /var/lib/scylla/data/system/cdc_local-0bcaffd40c833eadad13dc1d5015b77c/md-744-big-Data.db:level=0, ]
2021-02-24T19:35:59.042303369Z  INFO  2021-02-24 19:35:59,041 [shard 1] compaction - [Compact system.local 853dfb10-76d7-11eb-bf17-000000000001] Compacting [/var/lib/scylla/data/system/local-7ad54392bcdd35a684174e047860b377/md-6605-big-Data.db:level=0, /var/lib/scylla/data/system/local-7ad54392bcdd35a684174e047860b377/md-6601-big-Data.db:level=0, ]
2021-02-24T19:35:59.042727916Z  INFO  2021-02-24 19:35:59,041 [shard 2] compaction - [Compact system.truncated 853dfb10-76d7-11eb-ba95-000000000002] Compacting [/var/lib/scylla/data/system/truncated-38c19fd0fb863310a4b70d0cc66628aa/md-3662-big-Data.db:level=0, /var/lib/scylla/data/system/truncated-38c19fd0fb863310a4b70d0cc66628aa/md-3666-big-Data.db:level=0, /var/lib/scylla/data/system/truncated-38c19fd0fb863310a4b70d0cc66628aa/md-3650-big-Data.db:level=0, ]
2021-02-24T19:35:59.042787669Z  INFO  2021-02-24 19:35:59,042 [shard 0] compaction - [Compact system.truncated 853dfb10-76d7-11eb-9ed3-000000000000] Compacting [/var/lib/scylla/data/system/truncated-38c19fd0fb863310a4b70d0cc66628aa/md-3660-big-Data.db:level=0, /var/lib/scylla/data/system/truncated-38c19fd0fb863310a4b70d0cc66628aa/md-3664-big-Data.db:level=0, /var/lib/scylla/data/system/truncated-38c19fd0fb863310a4b70d0cc66628aa/md-3656-big-Data.db:level=0, ]
2021-02-24T19:35:59.043095536Z  INFO  2021-02-24 19:35:59,042 [shard 2] compaction - [Compact system_schema.computed_columns 853e2220-76d7-11eb-ba95-000000000002] Compacting [/var/lib/scylla/data/system_schema/computed_columns-cc7c7069374033c192a4c3de78dbd2c4/md-1174-big-Data.db:level=0, /var/lib/scylla/data/system_schema/computed_columns-cc7c7069374033c192a4c3de78dbd2c4/md-1166-big-Data.db:level=0, /var/lib/scylla/data/system_schema/computed_columns-cc7c7069374033c192a4c3de78dbd2c4/md-1170-big-Data.db:level=0, ]
2021-02-24T19:35:59.043130425Z  INFO  2021-02-24 19:35:59,042 [shard 0] compaction - [Compact system.compaction_history 853e2220-76d7-11eb-9ed3-000000000000] Compacting [/var/lib/scylla/data/system/compaction_history-b4dbb7b4dc493fb5b3bfce6e434832ca/md-624-big-Data.db:level=0, /var/lib/scylla/data/system/compaction_history-b4dbb7b4dc493fb5b3bfce6e434832ca/md-620-big-Data.db:level=0, /var/lib/scylla/data/system/compaction_history-b4dbb7b4dc493fb5b3bfce6e434832ca/md-616-big-Data.db:level=0, ]
2021-02-24T19:35:59.043662511Z  INFO  2021-02-24 19:35:59,043 [shard 2] compaction - [Compact system_schema.aggregates 853e2221-76d7-11eb-ba95-000000000002] Compacting [/var/lib/scylla/data/system_schema/aggregates-924c55872e3a345bb10c12f37c1ba895/md-402-big-Data.db:level=0, /var/lib/scylla/data/system_schema/aggregates-924c55872e3a345bb10c12f37c1ba895/md-394-big-Data.db:level=0, ]
2021-02-24T19:35:59.043717186Z  INFO  2021-02-24 19:35:59,043 [shard 0] compaction - [Compact system.clients 853e2221-76d7-11eb-9ed3-000000000000] Compacting [/var/lib/scylla/data/system/clients-ca0f635d863036098d93a1fc06f2a5e5/md-100-big-Data.db:level=0, /var/lib/scylla/data/system/clients-ca0f635d863036098d93a1fc06f2a5e5/md-124-big-Data.db:level=0, /var/lib/scylla/data/system/clients-ca0f635d863036098d93a1fc06f2a5e5/md-128-big-Data.db:level=0, /var/lib/scylla/data/system/clients-ca0f635d863036098d93a1fc06f2a5e5/md-104-big-Data.db:level=0, /var/lib/scylla/data/system/clients-ca0f635d863036098d93a1fc06f2a5e5/md-148-big-Data.db:level=0, /var/lib/scylla/data/system/clients-ca0f635d863036098d93a1fc06f2a5e5/md-152-big-Data.db:level=0, /var/lib/scylla/data/system/clients-ca0f635d863036098d93a1fc06f2a5e5/md-120-big-Data.db:level=0, /var/lib/scylla/data/system/clients-ca0f635d863036098d93a1fc06f2a5e5/md-156-big-Data.db:level=0, /var/lib/scylla/data/system/clients-ca0f635d863036098d93a1fc06f2a5e5/md-116-big-Data.db:level=0, /var/lib/scylla/data/system/clients-ca0f635d863036098d93a1fc06f2a5e5/md-164-big-Data.db:level=0, /var/lib/scylla/data/system/clients-ca0f635d863036098d93a1fc06f2a5e5/md-140-big-Data.db:level=0, /var/lib/scylla/data/system/clients-ca0f635d863036098d93a1fc06f2a5e5/md-168-big-Data.db:level=0, /var/lib/scylla/data/system/clients-ca0f635d863036098d93a1fc06f2a5e5/md-144-big-Data.db:level=0, /var/lib/scylla/data/system/clients-ca0f635d863036098d93a1fc06f2a5e5/md-132-big-Data.db:level=0, /var/lib/scylla/data/system/clients-ca0f635d863036098d93a1fc06f2a5e5/md-160-big-Data.db:level=0, /var/lib/scylla/data/system/clients-ca0f635d863036098d93a1fc06f2a5e5/md-136-big-Data.db:level=0, /var/lib/scylla/data/system/clients-ca0f635d863036098d93a1fc06f2a5e5/md-108-big-Data.db:level=0, /var/lib/scylla/data/system/clients-ca0f635d863036098d93a1fc06f2a5e5/md-112-big-Data.db:level=0, ]
2021-02-24T19:35:59.044112638Z  INFO  2021-02-24 19:35:59,043 [shard 2] compaction - [Compact system_schema.columns 853e4930-76d7-11eb-ba95-000000000002] Compacting [/var/lib/scylla/data/system_schema/columns-24101c25a2ae3af787c1b40ee1aca33f/md-1310-big-Data.db:level=0, /var/lib/scylla/data/system_schema/columns-24101c25a2ae3af787c1b40ee1aca33f/md-1306-big-Data.db:level=0, ]
2021-02-24T19:35:59.044661362Z  INFO  2021-02-24 19:35:59,043 [shard 2] compaction - [Compact system_schema.tables 853e4931-76d7-11eb-ba95-000000000002] Compacting [/var/lib/scylla/data/system_schema/tables-afddfb9dbc1e30688056eed6c302ba09/md-1110-big-Data.db:level=0, /var/lib/scylla/data/system_schema/tables-afddfb9dbc1e30688056eed6c302ba09/md-1106-big-Data.db:level=0, ]
2021-02-24T19:35:59.045088315Z  INFO  2021-02-24 19:35:59,044 [shard 2] compaction - [Compact system_schema.scylla_tables 853e7040-76d7-11eb-ba95-000000000002] Compacting [/var/lib/scylla/data/system_schema/scylla_tables-5d912ff1f7593665b2c88042ab5103dd/md-1082-big-Data.db:level=0, /var/lib/scylla/data/system_schema/scylla_tables-5d912ff1f7593665b2c88042ab5103dd/md-1078-big-Data.db:level=0, ]
2021-02-24T19:35:59.045647983Z  INFO  2021-02-24 19:35:59,045 [shard 3] compaction - [Compact dt.source_data 853e7040-76d7-11eb-82fd-000000000003] Compacting [/var/lib/scylla/data/dt/source_data-6af6cd50d77b11ea9877000000000001/md-1247-big-Data.db:level=0, /var/lib/scylla/data/dt/source_data-6af6cd50d77b11ea9877000000000001/md-1243-big-Data.db:level=0, /var/lib/scylla/data/dt/source_data-6af6cd50d77b11ea9877000000000001/md-1239-big-Data.db:level=0, ]
2021-02-24T19:35:59.046000714Z  INFO  2021-02-24 19:35:59,045 [shard 3] compaction - [Compact system.truncated 853e9750-76d7-11eb-82fd-000000000003] Compacting [/var/lib/scylla/data/system/truncated-38c19fd0fb863310a4b70d0cc66628aa/md-3667-big-Data.db:level=0, /var/lib/scylla/data/system/truncated-38c19fd0fb863310a4b70d0cc66628aa/md-3663-big-Data.db:level=0, /var/lib/scylla/data/system/truncated-38c19fd0fb863310a4b70d0cc66628aa/md-3651-big-Data.db:level=0, ]
2021-02-24T19:35:59.046322370Z  INFO  2021-02-24 19:35:59,046 [shard 3] compaction - [Compact system_schema.computed_columns 853e9751-76d7-11eb-82fd-000000000003] Compacting [/var/lib/scylla/data/system_schema/computed_columns-cc7c7069374033c192a4c3de78dbd2c4/md-1175-big-Data.db:level=0, /var/lib/scylla/data/system_schema/computed_columns-cc7c7069374033c192a4c3de78dbd2c4/md-1171-big-Data.db:level=0, /var/lib/scylla/data/system_schema/computed_columns-cc7c7069374033c192a4c3de78dbd2c4/md-1167-big-Data.db:level=0, ]
2021-02-24T19:35:59.047871826Z  INFO  2021-02-24 19:35:59,047 [shard 3] compaction - [Compact system_schema.functions 853ee570-76d7-11eb-82fd-000000000003] Compacting [/var/lib/scylla/data/system_schema/functions-96489b7980be3e14a70166a0b9159450/md-431-big-Data.db:level=0, /var/lib/scylla/data/system_schema/functions-96489b7980be3e14a70166a0b9159450/md-427-big-Data.db:level=0, /var/lib/scylla/data/system_schema/functions-96489b7980be3e14a70166a0b9159450/md-423-big-Data.db:level=0, ]
2021-02-24T19:35:59.048208700Z  INFO  2021-02-24 19:35:59,047 [shard 3] compaction - [Compact system_schema.columns 853ee571-76d7-11eb-82fd-000000000003] Compacting [/var/lib/scylla/data/system_schema/columns-24101c25a2ae3af787c1b40ee1aca33f/md-1311-big-Data.db:level=0, /var/lib/scylla/data/system_schema/columns-24101c25a2ae3af787c1b40ee1aca33f/md-1307-big-Data.db:level=0, ]
2021-02-24T19:35:59.048614686Z  INFO  2021-02-24 19:35:59,048 [shard 3] compaction - [Compact system_schema.scylla_tables 853ee572-76d7-11eb-82fd-000000000003] Compacting [/var/lib/scylla/data/system_schema/scylla_tables-5d912ff1f7593665b2c88042ab5103dd/md-1083-big-Data.db:level=0, /var/lib/scylla/data/system_schema/scylla_tables-5d912ff1f7593665b2c88042ab5103dd/md-1079-big-Data.db:level=0, ]
2021-02-24T19:35:59.048738102Z  INFO  2021-02-24 19:35:59,048 [shard 3] compaction - [Compact system.compaction_history 853f0c80-76d7-11eb-82fd-000000000003] Compacting [/var/lib/scylla/data/system/compaction_history-b4dbb7b4dc493fb5b3bfce6e434832ca/md-627-big-Data.db:level=0, /var/lib/scylla/data/system/compaction_history-b4dbb7b4dc493fb5b3bfce6e434832ca/md-619-big-Data.db:level=0, ]
2021-02-24T19:35:59.054496202Z  INFO  2021-02-24 19:35:59,053 [shard 0] init - initializing migration manager RPC verbs
2021-02-24T19:35:59.055321019Z  INFO  2021-02-24 19:35:59,054 [shard 0] init - initializing storage proxy RPC verbs
2021-02-24T19:35:59.056298749Z  INFO  2021-02-24 19:35:59,055 [shard 0] init - starting streaming service
2021-02-24T19:35:59.059300082Z  INFO  2021-02-24 19:35:59,058 [shard 0] init - starting hinted handoff manager
2021-02-24T19:36:00.428081629Z  INFO  2021-02-24 19:36:00,427 [shard 1] compaction - [Compact system.compaction_history 861177b0-76d7-11eb-bf17-000000000001] Compacting [/var/lib/scylla/data/system/compaction_history-b4dbb7b4dc493fb5b3bfce6e434832ca/md-625-big-Data.db:level=0, /var/lib/scylla/data/system/compaction_history-b4dbb7b4dc493fb5b3bfce6e434832ca/md-621-big-Data.db:level=0, /var/lib/scylla/data/system/compaction_history-b4dbb7b4dc493fb5b3bfce6e434832ca/md-617-big-Data.db:level=0, ]
2021-02-24T19:36:01.270532561Z  INFO  2021-02-24 19:36:01,269 [shard 1] compaction - [Compact system.local 853dfb10-76d7-11eb-bf17-000000000001] Compacted 2 sstables to [/var/lib/scylla/data/system/local-7ad54392bcdd35a684174e047860b377/md-6609-big-Data.db:level=0, ]. 18kB to 12kB (~64% of original) in 1385ms = 8kB/s. ~256 total partitions merged to 1.
2021-02-24T19:36:02.274984583Z  INFO  2021-02-24 19:36:02,274 [shard 2] compaction - [Compact system_schema.indexes 872b4c20-76d7-11eb-ba95-000000000002] Compacting [/var/lib/scylla/data/system_schema/indexes-0feb57ac311f382fba6d9024d305702f/md-1278-big-Data.db:level=0, /var/lib/scylla/data/system_schema/indexes-0feb57ac311f382fba6d9024d305702f/md-1274-big-Data.db:level=0, /var/lib/scylla/data/system_schema/indexes-0feb57ac311f382fba6d9024d305702f/md-1270-big-Data.db:level=0, ]
2021-02-24T19:36:02.275369850Z  INFO  2021-02-24 19:36:02,275 [shard 2] compaction - [Compact system_schema.keyspaces 872b4c21-76d7-11eb-ba95-000000000002] Compacting [/var/lib/scylla/data/system_schema/keyspaces-abac5682dea631c5b535b3d6cffd0fb6/md-1202-big-Data.db:level=0, /var/lib/scylla/data/system_schema/keyspaces-abac5682dea631c5b535b3d6cffd0fb6/md-1198-big-Data.db:level=0, ]
2021-02-24T19:36:02.275913566Z  INFO  2021-02-24 19:36:02,275 [shard 2] compaction - [Compact system_schema.views 872b7330-76d7-11eb-ba95-000000000002] Compacting [/var/lib/scylla/data/system_schema/views-9786ac1cdd583201a7cdad556410c985/md-994-big-Data.db:level=0, /var/lib/scylla/data/system_schema/views-9786ac1cdd583201a7cdad556410c985/md-990-big-Data.db:level=0, ]
2021-02-24T19:36:02.276200465Z  INFO  2021-02-24 19:36:02,275 [shard 2] compaction - [Compact system.compaction_history 872b7331-76d7-11eb-ba95-000000000002] Compacting [/var/lib/scylla/data/system/compaction_history-b4dbb7b4dc493fb5b3bfce6e434832ca/md-626-big-Data.db:level=0, /var/lib/scylla/data/system/compaction_history-b4dbb7b4dc493fb5b3bfce6e434832ca/md-618-big-Data.db:level=0, ]
2021-02-24T19:36:02.276237471Z  INFO  2021-02-24 19:36:02,275 [shard 0] compaction - [Compact system.clients 853e2221-76d7-11eb-9ed3-000000000000] Compacted 18 sstables to []. 435kB to 0 bytes (~0% of original) in 50ms = 0 bytes/s. ~2304 total partitions merged to 0.
2021-02-24T19:36:02.438610711Z  INFO  2021-02-24 19:36:02,438 [shard 1] compaction - [Compact system.compaction_history 861177b0-76d7-11eb-bf17-000000000001] Compacted 3 sstables to [/var/lib/scylla/data/system/compaction_history-b4dbb7b4dc493fb5b3bfce6e434832ca/md-629-big-Data.db:level=0, ]. 122kB to 105kB (~86% of original) in 1711ms = 61kB/s. ~512 total partitions merged to 139.
2021-02-24T19:36:02.636923718Z  INFO  2021-02-24 19:36:02,636 [shard 3] compaction - [Compact system_schema.indexes 876288c0-76d7-11eb-82fd-000000000003] Compacting [/var/lib/scylla/data/system_schema/indexes-0feb57ac311f382fba6d9024d305702f/md-1279-big-Data.db:level=0, /var/lib/scylla/data/system_schema/indexes-0feb57ac311f382fba6d9024d305702f/md-1275-big-Data.db:level=0, /var/lib/scylla/data/system_schema/indexes-0feb57ac311f382fba6d9024d305702f/md-1271-big-Data.db:level=0, ]
2021-02-24T19:36:02.637477158Z  INFO  2021-02-24 19:36:02,637 [shard 3] compaction - [Compact system_schema.types 8762afd0-76d7-11eb-82fd-000000000003] Compacting [/var/lib/scylla/data/system_schema/types-5a8b1ca866023f77a0459273d308917a/md-423-big-Data.db:level=0, /var/lib/scylla/data/system_schema/types-5a8b1ca866023f77a0459273d308917a/md-415-big-Data.db:level=0, /var/lib/scylla/data/system_schema/types-5a8b1ca866023f77a0459273d308917a/md-419-big-Data.db:level=0, ]
2021-02-24T19:36:02.639469660Z  INFO  2021-02-24 19:36:02,639 [shard 3] compaction - [Compact system_schema.dropped_columns 8762fdf0-76d7-11eb-82fd-000000000003] Compacting [/var/lib/scylla/data/system_schema/dropped_columns-5e7583b5f3f43af19a39b7e1d6f5f11f/md-1339-big-Data.db:level=0, /var/lib/scylla/data/system_schema/dropped_columns-5e7583b5f3f43af19a39b7e1d6f5f11f/md-1343-big-Data.db:level=0, /var/lib/scylla/data/system_schema/dropped_columns-5e7583b5f3f43af19a39b7e1d6f5f11f/md-1335-big-Data.db:level=0, ]
2021-02-24T19:36:02.640552400Z  INFO  2021-02-24 19:36:02,640 [shard 3] compaction - [Compact system_schema.tables 87632500-76d7-11eb-82fd-000000000003] Compacting [/var/lib/scylla/data/system_schema/tables-afddfb9dbc1e30688056eed6c302ba09/md-1111-big-Data.db:level=0, /var/lib/scylla/data/system_schema/tables-afddfb9dbc1e30688056eed6c302ba09/md-1107-big-Data.db:level=0, ]
2021-02-24T19:36:02.769884281Z  INFO  2021-02-24 19:36:02,769 [shard 0] init - starting messaging service
2021-02-24T19:36:02.769997873Z  INFO  2021-02-24 19:36:02,769 [shard 0] repair - Setting max_repair_memory=168820736, max_repair_memory_per_range=33554432, max_repair_ranges_in_parallel=5
2021-02-24T19:36:02.771032370Z  INFO  2021-02-24 19:36:02,770 [shard 0] init - starting storage service
2021-02-24T19:36:02.773275520Z  INFO  2021-02-24 19:36:02,772 [shard 0] storage_service - Loading persisted ring state
2021-02-24T19:36:02.775310093Z  INFO  2021-02-24 19:36:02,774 [shard 0] storage_service - initial_contact_nodes={10.0.22.10}, loaded_endpoints={}, loaded_peer_features=0
2021-02-24T19:36:02.775634019Z  INFO  2021-02-24 19:36:02,775 [shard 0] storage_service - Checking remote features with gossip, initial_contact_nodes={10.0.22.10}
2021-02-24T19:36:02.775659035Z  INFO  2021-02-24 19:36:02,775 [shard 0] messaging_service - Starting Messaging Service on port 7000
2021-02-24T19:36:02.776532599Z  INFO  2021-02-24 19:36:02,776 [shard 0] gossip - Gossip shadow round started with nodes={}
2021-02-24T19:36:02.776565977Z  WARN  2021-02-24 19:36:02,776 [shard 0] gossip - All nodes={} are down for get_endpoint_states verb. Skip ShadowRound.
2021-02-24T19:36:02.776577340Z  INFO  2021-02-24 19:36:02,776 [shard 0] gossip - Gossip shadow round finisehd with nodes_talked={}
2021-02-24T19:36:02.777011163Z  INFO  2021-02-24 19:36:02,776 [shard 0] gossip - Feature check passed. Local node 10.0.22.10 features = {CDC, COMPUTED_COLUMNS, CORRECT_COUNTER_ORDER, CORRECT_NON_COMPOUND_RANGE_TOMBSTONES, CORRECT_STATIC_COMPACT_IN_MC, COUNTERS, DIGEST_FOR_NULL_VALUES, DIGEST_INSENSITIVE_TO_EXPIRY, DIGEST_MULTIPARTITION_READ, HINTED_HANDOFF_SEPARATE_CONNECTION, INDEXES, LARGE_PARTITIONS, LA_SSTABLE_FORMAT, LWT, MATERIALIZED_VIEWS, MC_SSTABLE_FORMAT, MD_SSTABLE_FORMAT, NONFROZEN_UDTS, PER_TABLE_CACHING, PER_TABLE_PARTITIONERS, RANGE_TOMBSTONES, ROLES, ROW_LEVEL_REPAIR, SCHEMA_TABLES_V3, STREAM_WITH_RPC_STREAM, TRUNCATION_TABLE, UNBOUNDED_RANGE_TOMBSTONES, VIEW_VIRTUAL_COLUMNS, WRITE_FAILURE_REPLY, XXHASH}, Remote common_features = {}
2021-02-24T19:36:02.778634725Z  INFO  2021-02-24 19:36:02,778 [shard 0] storage_service - Restarting a node in NORMAL status
2021-02-24T19:36:02.809815735Z  INFO  2021-02-24 19:36:02,809 [shard 0] schema_tables - Schema version changed to d9780978-f87c-366c-a0f5-6b1d524f8488
2021-02-24T19:36:02.810236688Z  INFO  2021-02-24 19:36:02,809 [shard 0] storage_service - Starting up server gossip
2021-02-24T19:36:03.668487730Z  INFO  2021-02-24 19:36:03,667 [shard 1] compaction - [Compact system.local 87ffda30-76d7-11eb-bf17-000000000001] Compacting [/var/lib/scylla/data/system/local-7ad54392bcdd35a684174e047860b377/md-6613-big-Data.db:level=0, /var/lib/scylla/data/system/local-7ad54392bcdd35a684174e047860b377/md-6609-big-Data.db:level=0, ]
2021-02-24T19:36:03.736961838Z  INFO  2021-02-24 19:36:03,736 [shard 0] compaction - [Compact system.truncated 853dfb10-76d7-11eb-9ed3-000000000000] Compacted 3 sstables to [/var/lib/scylla/data/system/truncated-38c19fd0fb863310a4b70d0cc66628aa/md-3668-big-Data.db:level=0, ]. 158kB to 76kB (~48% of original) in 4280ms = 17kB/s. ~384 total partitions merged to 2.
2021-02-24T19:36:03.737396365Z  INFO  2021-02-24 19:36:03,736 [shard 0] compaction - [Compact system.cdc_local 853dd400-76d7-11eb-9ed3-000000000000] Compacted 2 sstables to [/var/lib/scylla/data/system/cdc_local-0bcaffd40c833eadad13dc1d5015b77c/md-752-big-Data.db:level=0, ]. 10kB to 5kB (~51% of original) in 4280ms = 1kB/s. ~256 total partitions merged to 1.
2021-02-24T19:36:03.737424636Z  INFO  2021-02-24 19:36:03,736 [shard 0] compaction - [Compact system.compaction_history 853e2220-76d7-11eb-9ed3-000000000000] Compacted 3 sstables to [/var/lib/scylla/data/system/compaction_history-b4dbb7b4dc493fb5b3bfce6e434832ca/md-628-big-Data.db:level=0, ]. 255kB to 106kB (~41% of original) in 4280ms = 24kB/s. ~512 total partitions merged to 138.
2021-02-24T19:36:04.074452261Z  INFO  2021-02-24 19:36:04,073 [shard 2] compaction - [Compact system_schema.computed_columns 853e2220-76d7-11eb-ba95-000000000002] Compacted 3 sstables to [/var/lib/scylla/data/system_schema/computed_columns-cc7c7069374033c192a4c3de78dbd2c4/md-1178-big-Data.db:level=0, ]. 15kB to 5kB (~35% of original) in 3232ms = 1kB/s. ~384 total partitions merged to 1.
2021-02-24T19:36:04.075237964Z  INFO  2021-02-24 19:36:04,074 [shard 2] compaction - [Compact system.truncated 853dfb10-76d7-11eb-ba95-000000000002] Compacted 3 sstables to [/var/lib/scylla/data/system/truncated-38c19fd0fb863310a4b70d0cc66628aa/md-3670-big-Data.db:level=0, ]. 167kB to 56kB (~33% of original) in 3232ms = 17kB/s. ~384 total partitions merged to 4.
2021-02-24T19:36:04.123596586Z  INFO  2021-02-24 19:36:04,123 [shard 2] compaction - [Compact system_schema.tables 853e4931-76d7-11eb-ba95-000000000002] Compacted 2 sstables to [/var/lib/scylla/data/system_schema/tables-afddfb9dbc1e30688056eed6c302ba09/md-1114-big-Data.db:level=0, ]. 67kB to 59kB (~88% of original) in 3231ms = 18kB/s. ~256 total partitions merged to 2.
2021-02-24T19:36:04.123626628Z  INFO  2021-02-24 19:36:04,123 [shard 2] compaction - [Compact system_schema.aggregates 853e2221-76d7-11eb-ba95-000000000002] Compacted 2 sstables to [/var/lib/scylla/data/system_schema/aggregates-924c55872e3a345bb10c12f37c1ba895/md-406-big-Data.db:level=0, ]. 11kB to 5kB (~50% of original) in 3232ms = 1kB/s. ~256 total partitions merged to 1.
2021-02-24T19:36:04.124235477Z  INFO  2021-02-24 19:36:04,123 [shard 2] compaction - [Compact system_schema.scylla_tables 853e7040-76d7-11eb-ba95-000000000002] Compacted 2 sstables to [/var/lib/scylla/data/system_schema/scylla_tables-5d912ff1f7593665b2c88042ab5103dd/md-1086-big-Data.db:level=0, ]. 12kB to 6kB (~50% of original) in 3230ms = 1kB/s. ~256 total partitions merged to 1.
2021-02-24T19:36:04.126046776Z  INFO  2021-02-24 19:36:04,125 [shard 2] compaction - [Compact system_schema.columns 853e4930-76d7-11eb-ba95-000000000002] Compacted 2 sstables to [/var/lib/scylla/data/system_schema/columns-24101c25a2ae3af787c1b40ee1aca33f/md-1314-big-Data.db:level=0, ]. 70kB to 61kB (~87% of original) in 3233ms = 19kB/s. ~256 total partitions merged to 2.
2021-02-24T19:36:04.536249720Z  INFO  2021-02-24 19:36:04,535 [shard 3] compaction - [Compact system_schema.computed_columns 853e9751-76d7-11eb-82fd-000000000003] Compacted 3 sstables to [/var/lib/scylla/data/system_schema/computed_columns-cc7c7069374033c192a4c3de78dbd2c4/md-1179-big-Data.db:level=0, ]. 22kB to 12kB (~55% of original) in 3589ms = 3kB/s. ~384 total partitions merged to 2.
2021-02-24T19:36:04.580771454Z  INFO  2021-02-24 19:36:04,579 [shard 3] compaction - [Compact system_schema.scylla_tables 853ee572-76d7-11eb-82fd-000000000003] Compacted 2 sstables to [/var/lib/scylla/data/system_schema/scylla_tables-5d912ff1f7593665b2c88042ab5103dd/md-1087-big-Data.db:level=0, ]. 12kB to 6kB (~51% of original) in 3588ms = 1kB/s. ~256 total partitions merged to 1.
2021-02-24T19:36:04.581129150Z  INFO  2021-02-24 19:36:04,580 [shard 3] compaction - [Compact system_schema.functions 853ee570-76d7-11eb-82fd-000000000003] Compacted 3 sstables to [/var/lib/scylla/data/system_schema/functions-96489b7980be3e14a70166a0b9159450/md-435-big-Data.db:level=0, ]. 16kB to 5kB (~35% of original) in 3589ms = 1kB/s. ~384 total partitions merged to 1.
2021-02-24T19:36:04.755950907Z  INFO  2021-02-24 19:36:04,755 [shard 3] compaction - [Compact system.truncated 853e9750-76d7-11eb-82fd-000000000003] Compacted 3 sstables to [/var/lib/scylla/data/system/truncated-38c19fd0fb863310a4b70d0cc66628aa/md-3671-big-Data.db:level=0, ]. 188kB to 63kB (~33% of original) in 3593ms = 17kB/s. ~384 total partitions merged to 2.
2021-02-24T19:36:04.824924129Z  INFO  2021-02-24 19:36:04,824 [shard 3] compaction - [Compact dt.source_data 853e7040-76d7-11eb-82fd-000000000003] Compacted 3 sstables to [/var/lib/scylla/data/dt/source_data-6af6cd50d77b11ea9877000000000001/md-1251-big-Data.db:level=0, ]. 18MB to 18MB (~99% of original) in 3594ms = 5MB/s. ~384 total partitions merged to 1.
2021-02-24T19:36:04.824955314Z  INFO  2021-02-24 19:36:04,824 [shard 3] compaction - [Compact system_schema.columns 853ee571-76d7-11eb-82fd-000000000003] Compacted 2 sstables to [/var/lib/scylla/data/system_schema/columns-24101c25a2ae3af787c1b40ee1aca33f/md-1315-big-Data.db:level=0, ]. 68kB to 57kB (~85% of original) in 3592ms = 16kB/s. ~256 total partitions merged to 4.
2021-02-24T19:36:04.902390038Z  INFO  2021-02-24 19:36:04,902 [shard 1] compaction - [Compact system.local 87ffda30-76d7-11eb-bf17-000000000001] Compacted 2 sstables to [/var/lib/scylla/data/system/local-7ad54392bcdd35a684174e047860b377/md-6617-big-Data.db:level=0, ]. 18kB to 12kB (~66% of original) in 871ms = 13kB/s. ~256 total partitions merged to 1.
2021-02-24T19:36:04.979357350Z  INFO  2021-02-24 19:36:04,978 [shard 3] compaction - [Compact system.compaction_history 853f0c80-76d7-11eb-82fd-000000000003] Compacted 2 sstables to [/var/lib/scylla/data/system/compaction_history-b4dbb7b4dc493fb5b3bfce6e434832ca/md-631-big-Data.db:level=0, ]. 185kB to 105kB (~56% of original) in 3679ms = 28kB/s. ~384 total partitions merged to 137.
2021-02-24T19:36:05.074352892Z  INFO  2021-02-24 19:36:05,073 [shard 2] compaction - [Compact system_schema.functions 88d66410-76d7-11eb-ba95-000000000002] Compacting [/var/lib/scylla/data/system_schema/functions-96489b7980be3e14a70166a0b9159450/md-430-big-Data.db:level=0, /var/lib/scylla/data/system_schema/functions-96489b7980be3e14a70166a0b9159450/md-426-big-Data.db:level=0, /var/lib/scylla/data/system_schema/functions-96489b7980be3e14a70166a0b9159450/md-422-big-Data.db:level=0, ]
2021-02-24T19:36:05.739305481Z  INFO  2021-02-24 19:36:05,738 [shard 3] compaction - [Compact system_schema.view_virtual_columns 893bdca0-76d7-11eb-82fd-000000000003] Compacting [/var/lib/scylla/data/system_schema/view_virtual_columns-08843b6345dc3be29798a0418295cfaa/md-1275-big-Data.db:level=0, /var/lib/scylla/data/system_schema/view_virtual_columns-08843b6345dc3be29798a0418295cfaa/md-1271-big-Data.db:level=0, /var/lib/scylla/data/system_schema/view_virtual_columns-08843b6345dc3be29798a0418295cfaa/md-1267-big-Data.db:level=0, ]
2021-02-24T19:36:05.740363154Z  INFO  2021-02-24 19:36:05,739 [shard 3] compaction - [Compact system.peers 893c03b0-76d7-11eb-82fd-000000000003] Compacting [/var/lib/scylla/data/system/peers-37f71aca7dc2383ba70672528af04d4f/md-555-big-Data.db:level=0, /var/lib/scylla/data/system/peers-37f71aca7dc2383ba70672528af04d4f/md-547-big-Data.db:level=0, /var/lib/scylla/data/system/peers-37f71aca7dc2383ba70672528af04d4f/md-551-big-Data.db:level=0, ]
2021-02-24T19:36:05.741586014Z  INFO  2021-02-24 19:36:05,740 [shard 3] compaction - [Compact system_schema.triggers 893c2ac0-76d7-11eb-82fd-000000000003] Compacting [/var/lib/scylla/data/system_schema/triggers-4df70b666b05325195a132b54005fd48/md-415-big-Data.db:level=0, /var/lib/scylla/data/system_schema/triggers-4df70b666b05325195a132b54005fd48/md-407-big-Data.db:level=0, /var/lib/scylla/data/system_schema/triggers-4df70b666b05325195a132b54005fd48/md-411-big-Data.db:level=0, ]
2021-02-24T19:36:05.768533003Z  INFO  2021-02-24 19:36:05,768 [shard 2] compaction - [Compact system_schema.indexes 872b4c20-76d7-11eb-ba95-000000000002] Compacted 3 sstables to [/var/lib/scylla/data/system_schema/indexes-0feb57ac311f382fba6d9024d305702f/md-1282-big-Data.db:level=0, ]. 16kB to 5kB (~35% of original) in 2799ms = 2kB/s. ~384 total partitions merged to 1.
2021-02-24T19:36:05.768582887Z  INFO  2021-02-24 19:36:05,768 [shard 2] compaction - [Compact system_schema.views 872b7330-76d7-11eb-ba95-000000000002] Compacted 2 sstables to [/var/lib/scylla/data/system_schema/views-9786ac1cdd583201a7cdad556410c985/md-998-big-Data.db:level=0, ]. 13kB to 7kB (~51% of original) in 2799ms = 2kB/s. ~256 total partitions merged to 1.
2021-02-24T19:36:05.952438766Z  INFO  2021-02-24 19:36:05,951 [shard 2] compaction - [Compact system_schema.keyspaces 872b4c21-76d7-11eb-ba95-000000000002] Compacted 2 sstables to [/var/lib/scylla/data/system_schema/keyspaces-abac5682dea631c5b535b3d6cffd0fb6/md-1206-big-Data.db:level=0, ]. 61kB to 56kB (~91% of original) in 2800ms = 20kB/s. ~256 total partitions merged to 2.
2021-02-24T19:36:05.952507116Z  INFO  2021-02-24 19:36:05,951 [shard 2] compaction - [Compact system.compaction_history 872b7331-76d7-11eb-ba95-000000000002] Compacted 2 sstables to [/var/lib/scylla/data/system/compaction_history-b4dbb7b4dc493fb5b3bfce6e434832ca/md-630-big-Data.db:level=0, ]. 180kB to 102kB (~56% of original) in 2800ms = 36kB/s. ~256 total partitions merged to 111.
2021-02-24T19:36:06.557527132Z  INFO  2021-02-24 19:36:06,556 [shard 2] compaction - [Compact system_schema.types 89b8adc0-76d7-11eb-ba95-000000000002] Compacting [/var/lib/scylla/data/system_schema/types-5a8b1ca866023f77a0459273d308917a/md-422-big-Data.db:level=0, /var/lib/scylla/data/system_schema/types-5a8b1ca866023f77a0459273d308917a/md-418-big-Data.db:level=0, /var/lib/scylla/data/system_schema/types-5a8b1ca866023f77a0459273d308917a/md-414-big-Data.db:level=0, ]
2021-02-24T19:36:06.929511142Z  INFO  2021-02-24 19:36:06,928 [shard 3] compaction - [Compact system_schema.indexes 876288c0-76d7-11eb-82fd-000000000003] Compacted 3 sstables to [/var/lib/scylla/data/system_schema/indexes-0feb57ac311f382fba6d9024d305702f/md-1283-big-Data.db:level=0, ]. 23kB to 12kB (~54% of original) in 3100ms = 4kB/s. ~384 total partitions merged to 2.
2021-02-24T19:36:06.929574942Z  INFO  2021-02-24 19:36:06,928 [shard 3] compaction - [Compact system_schema.dropped_columns 8762fdf0-76d7-11eb-82fd-000000000003] Compacted 3 sstables to [/var/lib/scylla/data/system_schema/dropped_columns-5e7583b5f3f43af19a39b7e1d6f5f11f/md-1347-big-Data.db:level=0, ]. 16kB to 5kB (~35% of original) in 3099ms = 1kB/s. ~384 total partitions merged to 1.
2021-02-24T19:36:07.082751253Z  INFO  2021-02-24 19:36:07,081 [shard 3] compaction - [Compact system_schema.tables 87632500-76d7-11eb-82fd-000000000003] Compacted 2 sstables to [/var/lib/scylla/data/system_schema/tables-afddfb9dbc1e30688056eed6c302ba09/md-1115-big-Data.db:level=0, ]. 65kB to 56kB (~85% of original) in 3099ms = 18kB/s. ~256 total partitions merged to 4.
2021-02-24T19:36:07.082798208Z  INFO  2021-02-24 19:36:07,081 [shard 3] compaction - [Compact system_schema.types 8762afd0-76d7-11eb-82fd-000000000003] Compacted 3 sstables to [/var/lib/scylla/data/system_schema/types-5a8b1ca866023f77a0459273d308917a/md-427-big-Data.db:level=0, ]. 16kB to 5kB (~35% of original) in 3102ms = 1kB/s. ~384 total partitions merged to 1.
2021-02-24T19:36:07.084572217Z  INFO  2021-02-24 19:36:07,083 [shard 3] compaction - [Compact system.peers 893c03b0-76d7-11eb-82fd-000000000003] Compacted 3 sstables to []. 16kB to 0 bytes (~0% of original) in 1ms = 0 bytes/s. ~384 total partitions merged to 0.
2021-02-24T19:36:07.135010934Z  INFO  2021-02-24 19:36:07,134 [shard 2] compaction - [Compact system_schema.functions 88d66410-76d7-11eb-ba95-000000000002] Compacted 3 sstables to [/var/lib/scylla/data/system_schema/functions-96489b7980be3e14a70166a0b9159450/md-434-big-Data.db:level=0, ]. 16kB to 5kB (~35% of original) in 1482ms = 4kB/s. ~384 total partitions merged to 1.
2021-02-24T19:36:07.788651964Z  INFO  2021-02-24 19:36:07,787 [shard 3] compaction - [Compact system_schema.views 8a7483b0-76d7-11eb-82fd-000000000003] Compacting [/var/lib/scylla/data/system_schema/views-9786ac1cdd583201a7cdad556410c985/md-995-big-Data.db:level=0, /var/lib/scylla/data/system_schema/views-9786ac1cdd583201a7cdad556410c985/md-991-big-Data.db:level=0, ]
2021-02-24T19:36:07.789118983Z  INFO  2021-02-24 19:36:07,788 [shard 3] compaction - [Compact system_schema.aggregates 8a74aac0-76d7-11eb-82fd-000000000003] Compacting [/var/lib/scylla/data/system_schema/aggregates-924c55872e3a345bb10c12f37c1ba895/md-403-big-Data.db:level=0, /var/lib/scylla/data/system_schema/aggregates-924c55872e3a345bb10c12f37c1ba895/md-399-big-Data.db:level=0, /var/lib/scylla/data/system_schema/aggregates-924c55872e3a345bb10c12f37c1ba895/md-395-big-Data.db:level=0, ]
2021-02-24T19:36:07.819244668Z  INFO  2021-02-24 19:36:07,818 [shard 2] compaction - [Compact system_schema.triggers 8a793ea0-76d7-11eb-ba95-000000000002] Compacting [/var/lib/scylla/data/system_schema/triggers-4df70b666b05325195a132b54005fd48/md-414-big-Data.db:level=0, /var/lib/scylla/data/system_schema/triggers-4df70b666b05325195a132b54005fd48/md-406-big-Data.db:level=0, /var/lib/scylla/data/system_schema/triggers-4df70b666b05325195a132b54005fd48/md-410-big-Data.db:level=0, ]
2021-02-24T19:36:08.294176137Z  INFO  2021-02-24 19:36:08,293 [shard 2] compaction - [Compact system_schema.types 89b8adc0-76d7-11eb-ba95-000000000002] Compacted 3 sstables to [/var/lib/scylla/data/system_schema/types-5a8b1ca866023f77a0459273d308917a/md-426-big-Data.db:level=0, ]. 16kB to 5kB (~35% of original) in 1262ms = 4kB/s. ~384 total partitions merged to 1.
2021-02-24T19:36:08.516127814Z  INFO  2021-02-24 19:36:08,515 [shard 3] compaction - [Compact system_schema.view_virtual_columns 893bdca0-76d7-11eb-82fd-000000000003] Compacted 3 sstables to [/var/lib/scylla/data/system_schema/view_virtual_columns-08843b6345dc3be29798a0418295cfaa/md-1279-big-Data.db:level=0, ]. 23kB to 12kB (~54% of original) in 2049ms = 6kB/s. ~384 total partitions merged to 2.
2021-02-24T19:36:08.608555635Z  INFO  2021-02-24 19:36:08,608 [shard 3] compaction - [Compact system_schema.triggers 893c2ac0-76d7-11eb-82fd-000000000003] Compacted 3 sstables to [/var/lib/scylla/data/system_schema/triggers-4df70b666b05325195a132b54005fd48/md-419-big-Data.db:level=0, ]. 16kB to 5kB (~35% of original) in 2046ms = 2kB/s. ~384 total partitions merged to 1.
2021-02-24T19:36:08.934829506Z  INFO  2021-02-24 19:36:08,934 [shard 2] compaction - [Compact system_schema.dropped_columns 8b238860-76d7-11eb-ba95-000000000002] Compacting [/var/lib/scylla/data/system_schema/dropped_columns-5e7583b5f3f43af19a39b7e1d6f5f11f/md-1342-big-Data.db:level=0, /var/lib/scylla/data/system_schema/dropped_columns-5e7583b5f3f43af19a39b7e1d6f5f11f/md-1334-big-Data.db:level=0, /var/lib/scylla/data/system_schema/dropped_columns-5e7583b5f3f43af19a39b7e1d6f5f11f/md-1338-big-Data.db:level=0, ]
2021-02-24T19:36:09.233222198Z  INFO  2021-02-24 19:36:09,232 [shard 3] compaction - [Compact system_schema.keyspaces 8b510100-76d7-11eb-82fd-000000000003] Compacting [/var/lib/scylla/data/system_schema/keyspaces-abac5682dea631c5b535b3d6cffd0fb6/md-1203-big-Data.db:level=0, /var/lib/scylla/data/system_schema/keyspaces-abac5682dea631c5b535b3d6cffd0fb6/md-1199-big-Data.db:level=0, ]
2021-02-24T19:36:09.368929194Z  INFO  2021-02-24 19:36:09,367 [shard 2] compaction - [Compact system_schema.triggers 8a793ea0-76d7-11eb-ba95-000000000002] Compacted 3 sstables to [/var/lib/scylla/data/system_schema/triggers-4df70b666b05325195a132b54005fd48/md-418-big-Data.db:level=0, ]. 16kB to 5kB (~35% of original) in 1116ms = 5kB/s. ~384 total partitions merged to 1.
2021-02-24T19:36:09.732361381Z  INFO  2021-02-24 19:36:09,731 [shard 3] compaction - [Compact system_schema.views 8a7483b0-76d7-11eb-82fd-000000000003] Compacted 2 sstables to [/var/lib/scylla/data/system_schema/views-9786ac1cdd583201a7cdad556410c985/md-999-big-Data.db:level=0, ]. 20kB to 14kB (~68% of original) in 1444ms = 9kB/s. ~256 total partitions merged to 2.
2021-02-24T19:36:09.834314193Z  INFO  2021-02-24 19:36:09,833 [shard 2] compaction - [Compact system_schema.view_virtual_columns 8bacb590-76d7-11eb-ba95-000000000002] Compacting [/var/lib/scylla/data/system_schema/view_virtual_columns-08843b6345dc3be29798a0418295cfaa/md-1274-big-Data.db:level=0, /var/lib/scylla/data/system_schema/view_virtual_columns-08843b6345dc3be29798a0418295cfaa/md-1266-big-Data.db:level=0, /var/lib/scylla/data/system_schema/view_virtual_columns-08843b6345dc3be29798a0418295cfaa/md-1270-big-Data.db:level=0, ]
2021-02-24T19:36:09.884708230Z  INFO  2021-02-24 19:36:09,884 [shard 3] compaction - [Compact system_schema.aggregates 8a74aac0-76d7-11eb-82fd-000000000003] Compacted 3 sstables to [/var/lib/scylla/data/system_schema/aggregates-924c55872e3a345bb10c12f37c1ba895/md-407-big-Data.db:level=0, ]. 16kB to 5kB (~35% of original) in 1484ms = 3kB/s. ~384 total partitions merged to 1.
2021-02-24T19:36:10.243606423Z  INFO  2021-02-24 19:36:10,242 [shard 2] compaction - [Compact system_schema.dropped_columns 8b238860-76d7-11eb-ba95-000000000002] Compacted 3 sstables to [/var/lib/scylla/data/system_schema/dropped_columns-5e7583b5f3f43af19a39b7e1d6f5f11f/md-1346-big-Data.db:level=0, ]. 15kB to 5kB (~35% of original) in 899ms = 6kB/s. ~384 total partitions merged to 1.
2021-02-24T19:36:10.538501953Z  INFO  2021-02-24 19:36:10,537 [shard 3] compaction - [Compact system_schema.keyspaces 8b510100-76d7-11eb-82fd-000000000003] Compacted 2 sstables to [/var/lib/scylla/data/system_schema/keyspaces-abac5682dea631c5b535b3d6cffd0fb6/md-1207-big-Data.db:level=0, ]. 56kB to 51kB (~90% of original) in 1035ms = 49kB/s. ~256 total partitions merged to 4.
2021-02-24T19:36:10.745453802Z  INFO  2021-02-24 19:36:10,744 [shard 2] compaction - [Compact system_schema.view_virtual_columns 8bacb590-76d7-11eb-ba95-000000000002] Compacted 3 sstables to [/var/lib/scylla/data/system_schema/view_virtual_columns-08843b6345dc3be29798a0418295cfaa/md-1278-big-Data.db:level=0, ]. 16kB to 5kB (~35% of original) in 803ms = 7kB/s. ~384 total partitions merged to 1.
2021-02-24T19:36:15.672101802Z  INFO  2021-02-24 19:36:15,671 [shard 0] gossip - No gossip backlog; proceeding
2021-02-24T19:36:15.674685330Z  INFO  2021-02-24 19:36:15,674 [shard 0] features - Feature CDC is enabled
2021-02-24T19:36:15.674733001Z  INFO  2021-02-24 19:36:15,674 [shard 0] features - Feature COMPUTED_COLUMNS is enabled
2021-02-24T19:36:15.675489211Z  INFO  2021-02-24 19:36:15,674 [shard 0] features - Feature CORRECT_STATIC_COMPACT_IN_MC is enabled
2021-02-24T19:36:15.675525581Z  INFO  2021-02-24 19:36:15,674 [shard 0] features - Feature DIGEST_FOR_NULL_VALUES is enabled
2021-02-24T19:36:15.675544987Z  INFO  2021-02-24 19:36:15,674 [shard 0] features - Feature DIGEST_INSENSITIVE_TO_EXPIRY is enabled
2021-02-24T19:36:15.675563517Z  INFO  2021-02-24 19:36:15,674 [shard 0] features - Feature HINTED_HANDOFF_SEPARATE_CONNECTION is enabled
2021-02-24T19:36:15.675582022Z  INFO  2021-02-24 19:36:15,674 [shard 0] features - Feature LWT is enabled
2021-02-24T19:36:15.675600132Z  INFO  2021-02-24 19:36:15,674 [shard 0] features - Feature MC_SSTABLE_FORMAT is enabled
2021-02-24T19:36:15.675618272Z  INFO  2021-02-24 19:36:15,674 [shard 0] features - Feature MD_SSTABLE_FORMAT is enabled
2021-02-24T19:36:15.675636612Z  INFO  2021-02-24 19:36:15,674 [shard 0] features - Feature NONFROZEN_UDTS is enabled
2021-02-24T19:36:15.675654419Z  INFO  2021-02-24 19:36:15,674 [shard 0] features - Feature PER_TABLE_CACHING is enabled
2021-02-24T19:36:15.675672489Z  INFO  2021-02-24 19:36:15,674 [shard 0] features - Feature PER_TABLE_PARTITIONERS is enabled
2021-02-24T19:36:15.675719363Z  INFO  2021-02-24 19:36:15,674 [shard 0] features - Feature ROW_LEVEL_REPAIR is enabled
2021-02-24T19:36:15.675739937Z  INFO  2021-02-24 19:36:15,674 [shard 0] features - Feature TRUNCATION_TABLE is enabled
2021-02-24T19:36:15.675758207Z  INFO  2021-02-24 19:36:15,674 [shard 0] features - Feature UNBOUNDED_RANGE_TOMBSTONES is enabled
2021-02-24T19:36:15.675776314Z  INFO  2021-02-24 19:36:15,674 [shard 0] features - Feature VIEW_VIRTUAL_COLUMNS is enabled
2021-02-24T19:36:15.677328849Z  INFO  2021-02-24 19:36:15,676 [shard 0] init - starting system distributed keyspace
2021-02-24T19:36:15.681256114Z  INFO  2021-02-24 19:36:15,680 [shard 0] storage_service - Using saved tokens {9122882257136270100, 9066588519930559993, 9061580907506437136, 8775859223532977932, 943448605036726745, 8325613099551670589, 800062458669145892, 7880345233810794046, 784130423392421222, 782580883702972777, 778239093056833917, 7732629563319678675, 7564694057214588647, 747840302865059114, 7469085752185829039, 7255484784972643852, 7222389702734437292, 7172238068082229918, 7103497347382660592, 6818717460470417221, 6496091893897576732, 6420907855788431922, 6381418245203458391, 6358173612251239308, 6115776390551923703, 5935809959838255935, 588034934972968299, 5848278814186320030, 5834675951458569055, 5704999654143823990, 5661405961885371428, 5569071124009844993, 7804258889026263620, 5441044328235651423, 5396954320704971060, 5311755414232655734, 5256736089695841171, 525652295242460822, 6302443190184390149, 5150907166433009570, 5102381975608989830, 4540975434217357056, 4497639963855891379, 4461207940793579131, 4453520694484038438, 4445989245037378795, 4262233236239091105, 408961909545308462, 873311388414975666, 5104799485589097680, 4037379789709069307, 3979649323160207298, 3941245744356891698, 3909145942678699742, 6478032244021912394, 3907413558358164712, 3840184102447470012, 5103660925946342563, 3822141065635310082, 667581605220131528, 3606629961194077343, 352278596429886466, 3361838207769500988, 3145063885579200582, 3100842289958262644, 2870638580126821409, 2609254198811139442, 2531294222158762011, 2431756818088451524, 5341717901052361821, 2050968450175517454, 1911454556365012923, 8413544620893079714, 214428871588027420, 1470306277250886071, 5796254206948921528, 4378909036113166689, 1172299952227812636, 105268539462240253, -1614584707908969492, 3058186759042775792, -2685359252619347507, -7341700934491837716, -4368295386640868227, -4280461110562472301, -4203952547861361192, -4177024142024341044, 4083460330442256183, -4113405879925637368, 8707696313600310498, -3880555618453256762, -4106310081010891923, -3428624778218969630, -4007868363884276055, 3373616921334842984, -3942245253345029362, 285540986842976874, -3729138346528579520, 855031166620283245, -3256341547923989103, 284028081363756156, 194223785007163967, -2800260328053956713, -2700796200994103492, -4623422606623793434, -6767019288334108993, -2365586676906010085, -431455211546220291, -3014142033706378490, 5153854518462400651, -7767361191227918078, 5890706123786165213, -8855822008500182327, -2732234699235264563, -4475005699924690030, -1171738939209168407, -1084614158625469139, -1295419475388780424, -4193553788022177878, -1474028219808469861, -1593748153114868683, -7190282066974323895, 8777890816944145805, -105211415949921556, 8280511155447462154, 3014475854062098037, -6104126434670973331, 7743526815996532326, -2879534723161185431, 6933997554702494562, -7913213531410876291, -2605645373691895986, -1004253484774030395, -2187125227394891465, 3287699046743316011, -184157634332906914, 1251119865371637993, -2699231837109027988, -6586482614645135705, 700944770677405149, -2135119982021577211, -1207620414022812792, -2319706609635128471, -2076430708060394350, 6788034976878782500, 3022913469242457337, 2879924223908633556, -5656441245782528349, -9132047842757487932, 7772390126184307669, -8529251962487546573, -1032698423218536378, -2648919406212884980, 3556932048290112968, -2391018463907211455, -467985751191813914, 7354219953741161264, -6338043935148530859, -471701403720839764, -4415280594152455372, -6127879535600466936, -4735496583611878200, 156312151312654313, -1761718599052329021, -4770694758141334815, -4895652206680369668, -2166731983266837511, -5095673126210616552, 6974970471767945112, 3924960423780627192, -4134923634748466107, -1363472444035739717, -511676141100664160, 2542018259596577135, -7111183380354176443, -8372022353883945178, 790424663468033093, -3280527161887251879, -3164480873853500968, -5136236598692180863, -5140544052953576706, 6448269612184381105, -4601858807243735115, -5285270377043925775, 4738411181964629022, -4231054370802445643, -6853270293933441203, 1912522665107890116, -8612347190400988175, -5228242602708342126, -5246840897237646542, 8957018461898327244, 8476533345381470087, 3533570692245755170, -5360532551957069796, 7009081579420542256, -1970747149103226319, -2640475812391264528, -5411685484465544274, -5508289632699420366, 5906838239532612246, -5526097868254533829, 5122450296475986719, 2104079815049743807, -4872163430844150374, -3101294897153501639, -4925670906471950289, -8001902308657073600, 1033733984444816800, -5595342098352848506, 4660022660859336370, -1709100826419756065, -8485257529464526975, -7405825010257289618, -572473923349256348, 533209426647054698, -6810383749951706976, -6017078328443447975, 2233495137371904435, 1688077838521597411, -6093280019772326743, 8813999419995718088, -6238625478980828395, -3409621329811667263, -6249520955674807415, -7148146405116016542, -6263078841153087564, 8675978575875245837, 1574734081023094222, -8953406550820932827, -1208769590907790735, -6303682351633097607, 1535311813904826318, -8024675672634848221, -8495384334141326469, -9173155356561330710, -6648258355715071793, -6779834804380741154, 5017042126534426855, -6985294397658573838, -6199824488038647909, -6441145814158460549, -7232953798633244985, -8352632933072691056, -4829128129506020031, -9210810031089136649, -7512330892235471280, -1522914538603683793, -769344519844763244, -4541237399207364623, -8694753427154041557, 8382283044476755854, -889434854029329118, 5401470720317959250, -8549013321787275289, 1018091569669202328}
2021-02-24T19:36:15.700552939Z  INFO  2021-02-24 19:36:15,700 [shard 0] schema_tables - Schema version changed to d9780978-f87c-366c-a0f5-6b1d524f8488
2021-02-24T19:36:15.724894120Z  INFO  2021-02-24 19:36:15,724 [shard 0] schema_tables - Schema version changed to b18bbcde-6606-3379-a1a5-68b0b0524d81
2021-02-24T19:36:15.746173987Z  INFO  2021-02-24 19:36:15,745 [shard 0] schema_tables - Schema version changed to b18bbcde-6606-3379-a1a5-68b0b0524d81
2021-02-24T19:36:15.764666280Z  INFO  2021-02-24 19:36:15,764 [shard 0] schema_tables - Schema version changed to b18bbcde-6606-3379-a1a5-68b0b0524d81
2021-02-24T19:36:16.245289442Z  INFO  2021-02-24 19:36:16,244 [shard 0] compaction - [Compact system.cdc_local 8f7ef340-76d7-11eb-9ed3-000000000000] Compacting [/var/lib/scylla/data/system/cdc_local-0bcaffd40c833eadad13dc1d5015b77c/md-756-big-Data.db:level=0, /var/lib/scylla/data/system/cdc_local-0bcaffd40c833eadad13dc1d5015b77c/md-752-big-Data.db:level=0, ]
2021-02-24T19:36:17.060792400Z  INFO  2021-02-24 19:36:17,059 [shard 1] compaction - [Compact system.local 8ffb4f30-76d7-11eb-bf17-000000000001] Compacting [/var/lib/scylla/data/system/local-7ad54392bcdd35a684174e047860b377/md-6621-big-Data.db:level=0, /var/lib/scylla/data/system/local-7ad54392bcdd35a684174e047860b377/md-6617-big-Data.db:level=0, ]
2021-02-24T19:36:17.064765762Z  INFO  2021-02-24 19:36:17,064 [shard 0] storage_service - Node 10.0.22.10 state jump to normal
2021-02-24T19:36:17.466673822Z  INFO  2021-02-24 19:36:17,466 [shard 0] compaction - [Compact system.cdc_local 8f7ef340-76d7-11eb-9ed3-000000000000] Compacted 2 sstables to [/var/lib/scylla/data/system/cdc_local-0bcaffd40c833eadad13dc1d5015b77c/md-760-big-Data.db:level=0, ]. 10kB to 5kB (~51% of original) in 792ms = 6kB/s. ~256 total partitions merged to 1.
2021-02-24T19:36:18.137906697Z  INFO  2021-02-24 19:36:18,137 [shard 0] storage_service - NORMAL: node is now in normal status
2021-02-24T19:36:18.137946246Z  INFO  2021-02-24 19:36:18,137 [shard 0] cdc - Latest generation seen during startup: 2021/01/13 14:33:24
2021-02-24T19:36:18.138290674Z  INFO  2021-02-24 19:36:18,137 [shard 0] init - starting tracing
2021-02-24T19:36:18.138721084Z  INFO  2021-02-24 19:36:18,138 [shard 0] init - SSTable data integrity checker is disabled.
2021-02-24T19:36:18.138741055Z  INFO  2021-02-24 19:36:18,138 [shard 0] init - starting auth service
2021-02-24T19:36:18.140748294Z  INFO  2021-02-24 19:36:18,140 [shard 0] init - starting batchlog manager
2021-02-24T19:36:18.141334963Z  INFO  2021-02-24 19:36:18,140 [shard 0] init - starting load meter
2021-02-24T19:36:18.141358289Z  INFO  2021-02-24 19:36:18,141 [shard 0] init - starting cf cache hit rate calculator
2021-02-24T19:36:18.141735312Z  INFO  2021-02-24 19:36:18,141 [shard 0] init - starting view update backlog broker
2021-02-24T19:36:18.142774311Z  INFO  2021-02-24 19:36:18,142 [shard 0] init - Waiting for gossip to settle before accepting client requests...
2021-02-24T19:36:18.193283103Z  INFO  2021-02-24 19:36:18,192 [shard 1] compaction - [Compact system.local 8ffb4f30-76d7-11eb-bf17-000000000001] Compacted 2 sstables to [/var/lib/scylla/data/system/local-7ad54392bcdd35a684174e047860b377/md-6625-big-Data.db:level=0, ]. 18kB to 12kB (~66% of original) in 875ms = 13kB/s. ~256 total partitions merged to 1.
2021-02-24T19:36:30.143910187Z  INFO  2021-02-24 19:36:30,143 [shard 0] gossip - No gossip backlog; proceeding
2021-02-24T19:36:30.145183646Z  INFO  2021-02-24 19:36:30,144 [shard 0] init - allow replaying hints
2021-02-24T19:36:30.145912856Z  INFO  2021-02-24 19:36:30,145 [shard 0] init - Launching generate_mv_updates for non system tables
2021-02-24T19:36:30.146512853Z  INFO  2021-02-24 19:36:30,145 [shard 0] init - starting the view builder
2021-02-24T19:36:30.536716382Z  INFO  2021-02-24 19:36:30,535 [shard 0] compaction - [Compact system.truncated 98039570-76d7-11eb-9ed3-000000000000] Compacting [/var/lib/scylla/data/system/truncated-38c19fd0fb863310a4b70d0cc66628aa/md-3672-big-Data.db:level=0, /var/lib/scylla/data/system/truncated-38c19fd0fb863310a4b70d0cc66628aa/md-3668-big-Data.db:level=0, ]
2021-02-24T19:36:30.537870462Z  INFO  2021-02-24 19:36:30,537 [shard 0] init - starting native transport
2021-02-24T19:36:30.539643125Z  INFO  2021-02-24 19:36:30,539 [shard 0] cql_server_controller - Starting listening for CQL clients on 10.0.22.10:9042 (unencrypted, non-shard-aware)
2021-02-24T19:36:30.539667418Z  INFO  2021-02-24 19:36:30,539 [shard 0] cql_server_controller - Starting listening for CQL clients on 10.0.22.10:19042 (unencrypted, shard-aware)
2021-02-24T19:36:30.540930152Z  INFO  2021-02-24 19:36:30,540 [shard 0] thrift_controller - Thrift server listening on 10.0.22.10:9160 ...
2021-02-24T19:36:30.541965404Z  INFO  2021-02-24 19:36:30,541 [shard 0] init - serving
2021-02-24T19:36:30.542051409Z  INFO  2021-02-24 19:36:30,541 [shard 0] init - Scylla version 4.3.1-0.20210210.46650adcd initialization completed.
2021-02-24T19:36:31.000973051Z  INFO  2021-02-24 19:36:31,000 [shard 0] compaction - [Compact system.truncated 98039570-76d7-11eb-9ed3-000000000000] Compacted 2 sstables to [/var/lib/scylla/data/system/truncated-38c19fd0fb863310a4b70d0cc66628aa/md-3676-big-Data.db:level=0, ]. 82kB to 76kB (~93% of original) in 378ms = 203kB/s. ~256 total partitions merged to 2.
2021-02-24T19:42:56.935719845Z  INFO  2021-02-24 19:42:56,935 [shard 2] compaction - [Compact system.clients 7e538b70-76d8-11eb-ba95-000000000002] Compacting [/var/lib/scylla/data/system/clients-ca0f635d863036098d93a1fc06f2a5e5/md-114-big-Data.db:level=0, /var/lib/scylla/data/system/clients-ca0f635d863036098d93a1fc06f2a5e5/md-110-big-Data.db:level=0, ]
2021-02-24T19:42:57.451682114Z  INFO  2021-02-24 19:42:57,451 [shard 2] compaction - [Compact system.clients 7e538b70-76d8-11eb-ba95-000000000002] Compacted 2 sstables to [/var/lib/scylla/data/system/clients-ca0f635d863036098d93a1fc06f2a5e5/md-118-big-Data.db:level=0, ]. 102kB to 7kB (~7% of original) in 408ms = 17kB/s. ~256 total partitions merged to 1.
2021-02-24T19:43:09.133103780Z  INFO  2021-02-24 19:43:09,132 [shard 2] compaction - [Compact system.clients 8598a8c0-76d8-11eb-ba95-000000000002] Compacting [/var/lib/scylla/data/system/clients-ca0f635d863036098d93a1fc06f2a5e5/md-118-big-Data.db:level=0, /var/lib/scylla/data/system/clients-ca0f635d863036098d93a1fc06f2a5e5/md-122-big-Data.db:level=0, ]
2021-02-24T19:43:09.621271300Z  INFO  2021-02-24 19:43:09,620 [shard 2] compaction - [Compact system.clients 8598a8c0-76d8-11eb-ba95-000000000002] Compacted 2 sstables to [/var/lib/scylla/data/system/clients-ca0f635d863036098d93a1fc06f2a5e5/md-126-big-Data.db:level=0, ]. 58kB to 6kB (~10% of original) in 376ms = 16kB/s. ~256 total partitions merged to 1.
2021-02-24T19:43:20.064857573Z  INFO  2021-02-24 19:43:20,064 [shard 2] compaction - [Compact system.clients 8c1cc000-76d8-11eb-ba95-000000000002] Compacting [/var/lib/scylla/data/system/clients-ca0f635d863036098d93a1fc06f2a5e5/md-126-big-Data.db:level=0, /var/lib/scylla/data/system/clients-ca0f635d863036098d93a1fc06f2a5e5/md-130-big-Data.db:level=0, ]
2021-02-24T19:43:20.564629657Z  INFO  2021-02-24 19:43:20,564 [shard 2] compaction - [Compact system.clients 8c1cc000-76d8-11eb-ba95-000000000002] Compacted 2 sstables to [/var/lib/scylla/data/system/clients-ca0f635d863036098d93a1fc06f2a5e5/md-134-big-Data.db:level=0, ]. 57kB to 6kB (~10% of original) in 382ms = 15kB/s. ~256 total partitions merged to 1.
2021-02-24T19:43:30.074480114Z  INFO  2021-02-24 19:43:30,073 [shard 2] compaction - [Compact system.clients 92140090-76d8-11eb-ba95-000000000002] Compacting [/var/lib/scylla/data/system/clients-ca0f635d863036098d93a1fc06f2a5e5/md-134-big-Data.db:level=0, /var/lib/scylla/data/system/clients-ca0f635d863036098d93a1fc06f2a5e5/md-138-big-Data.db:level=0, ]
2021-02-24T19:43:30.591794087Z  INFO  2021-02-24 19:43:30,591 [shard 2] compaction - [Compact system.clients 92140090-76d8-11eb-ba95-000000000002] Compacted 2 sstables to [/var/lib/scylla/data/system/clients-ca0f635d863036098d93a1fc06f2a5e5/md-142-big-Data.db:level=0, ]. 57kB to 5kB (~10% of original) in 415ms = 14kB/s. ~256 total partitions merged to 1.
2021-02-24T19:43:43.927950212Z  INFO  2021-02-24 19:43:43,927 [shard 2] compaction - [Compact system.clients 9a55f470-76d8-11eb-ba95-000000000002] Compacting [/var/lib/scylla/data/system/clients-ca0f635d863036098d93a1fc06f2a5e5/md-142-big-Data.db:level=0, /var/lib/scylla/data/system/clients-ca0f635d863036098d93a1fc06f2a5e5/md-146-big-Data.db:level=0, ]
2021-02-24T19:43:44.537532777Z  INFO  2021-02-24 19:43:44,537 [shard 2] compaction - [Compact system.clients 9a55f470-76d8-11eb-ba95-000000000002] Compacted 2 sstables to [/var/lib/scylla/data/system/clients-ca0f635d863036098d93a1fc06f2a5e5/md-150-big-Data.db:level=0, ]. 57kB to 6kB (~11% of original) in 381ms = 16kB/s. ~256 total partitions merged to 1.
2021-02-24T19:43:56.547200449Z  INFO  2021-02-24 19:43:56,546 [shard 2] compaction - [Compact system.clients a1db7620-76d8-11eb-ba95-000000000002] Compacting [/var/lib/scylla/data/system/clients-ca0f635d863036098d93a1fc06f2a5e5/md-150-big-Data.db:level=0, /var/lib/scylla/data/system/clients-ca0f635d863036098d93a1fc06f2a5e5/md-154-big-Data.db:level=0, ]
2021-02-24T19:43:56.996869832Z  INFO  2021-02-24 19:43:56,996 [shard 2] compaction - [Compact system.clients a1db7620-76d8-11eb-ba95-000000000002] Compacted 2 sstables to [/var/lib/scylla/data/system/clients-ca0f635d863036098d93a1fc06f2a5e5/md-158-big-Data.db:level=0, ]. 57kB to 6kB (~11% of original) in 363ms = 17kB/s. ~256 total partitions merged to 1.
