2021-02-15T22:01:05.406798580Z 0 rjR3R3VCOSr5aS8VRxgHUqwYd92QEEn50HAdjAIhYMUfTB5a8nyOBFpvy8l2Te
2021-02-15T22:01:05.418772031Z 1 lY0NjO9iRBw9p1Jl39C6IKqkDUo7CxYQxtG3bK2K9xYEcBBqMke8RLPNzkh0Ss
2021-02-15T22:01:05.429955359Z 2 y7YrqIEiFxYYYw79LvYqsb7iYYPGO1oewc1BPO913X4emACohoPjVmhtKQjsbm
2021-02-15T22:01:05.441183227Z 3 PtLC80QVQkY4LS3TbLvzo7SzbMthKQF0AZJVCyYR2L0nWhtzO4FeaYAnwJ8gPy
2021-02-15T22:01:05.452788487Z 4 1nBxMj09MJhtNZJ9xe4VCgA50qjWnwt2zC5VOjPXgHAFlsMm19jFnwWAKtnSLT
2021-02-15T22:01:05.463317452Z 5 JLgF0Ygp9BZpFDmtdvfh9izxu966SM1Z21pd1JIBXXkh8KEOHspkmqQfMEtU2V
2021-02-15T22:01:05.475084856Z 6 T8tTvydlGvevsIxVviDIRm7jOUfwcRvp3Yo0nNH1uLsf3X8kMXjrDX9q0pkBwo
2021-02-15T22:01:05.487083569Z 7 6P9LS6jyRRcdizgWIe3XUNuLciE0EVsf5TmNUOxM61avP218N8eChA57xS8Y3A
2021-02-15T22:01:05.498651646Z 8 pjmROay3tlS6x5pNoYXANzZQ3fKgfMIyIoblIBbuaiPp7WHhkoCEkfvBAJRUEK
2021-02-15T22:01:05.509876736Z 9 LtMxm1dkCyvUvNSYsjzONPZwRPHTOW50GDD105Fkx63xnqW0x8GCwVg0c2jTUY
2021-02-15T22:01:05.520114148Z 10 z84w3w12nxql5Fd9jSuSt3kkaCyhkkDdpL0Sp15Ss3xDPxTXRLUEvtvIiIXZj
2021-02-15T22:01:05.531519410Z 11 D8EKdiZlsMbhdXjOg08prGbfFYqtM32CjVdmfNBD1Rb6BqD1XYazM0406z80n
2021-02-15T22:01:05.542569238Z 12 b005UfZIUwn6UM3chL10f9ULjutyubb6coeyN5yIyXnvTB0JJr1cp0VzdyecT
2021-02-15T22:01:05.553481895Z 13 MqKTgVcZ4m80D1Ypvq1VRHvo6rBpnV6BfZ2ZNaLUe9RkWcsrFZZ08GC8pY5cA
2021-02-15T22:01:05.564511112Z 14 HbRd92ANBc3o3aY4fWYYFawjpXXXkH7ApzLPOTArAmmlhOtqyJ5VTyaM7RKgL
2021-02-15T22:01:05.575413786Z 15 B4umOQvZ7g0ozOYriKBBy4rQIRy2tW3GmBJpIterxOgag9cJzLdIsRbY5aTPP
2021-02-15T22:01:05.586769133Z 16 ySCKZD4mwgh8K68gzw9mFycy1RjdjaSt1yLL2EdD46Lv1tocXBHNH6EDWRvzo
2021-02-15T22:01:05.598434264Z 17 fzz2xPt2KWsE1h8QDXjCflokiVMTTnEJ3HM5wJvCadKALs1a9AubsT8lhEJ06
2021-02-15T22:01:05.609371341Z 18 sJCrSmrs8tTKisQgSloETPT8iG82tKpwA985fdheZWnEF85AB84T9lFS77Bim
2021-02-15T22:01:05.620496035Z 19 8C60VyY7GO9d0G69ToHsf32IVac5WaJSmaB75KRhcIvgmp8hafCRMToyl2Ve9
2021-02-15T22:01:05.631514945Z 20 2s15eRIPsquByBpewcBikvealIbQFRuWQy6uYCClTKuAbQBQjsggqcOQpaRdl
2021-02-15T22:01:05.642874586Z 21 UM3FB70ijqYusWsVYXC5E4sISveZZlKdCN8Pff4kiSJSeW2buOC8q7SuIdb4I
2021-02-15T22:01:05.655570861Z 22 HjBx0He0v9lxngnhjflA7iVuWuWRvDbq0r1Of90SriLfQmQW4oE4X75Sx2sWL
2021-02-15T22:01:05.666882440Z 23 BoXsSuz6cNnJSuZS0L8NssUYDTyk07l9ONoV654EOix6BLXo5zuWOWcgknjn5
2021-02-15T22:01:05.678894268Z 24 SK33mN37Ir7TGUWZxBTelGIGvivjEO7sWn0RnAl0iOs2SRVP6iEsV2hDUDUoy
2021-02-15T22:01:05.689436789Z 25 rb397Tif52yNpEvvUVinB8A3I78OPMxIgTpQMp0LiSzEn6TLoo0kdtaykWpgC
2021-02-15T22:01:05.700615756Z 26 W2CSPSHdOks3Se2LweL6N0646TzcWwtbw7qVjcHUgg7VtJGnpcLl5gy8Fsolo
2021-02-15T22:01:05.711979230Z 27 76lBK4ZPZoJn2KUprCskW7gzSMpOpPbP4j3GUrFDDWWivToSIwDdntozMpqHh
2021-02-15T22:01:05.722638467Z 28 Wy1ymon6ou4c3bvYFFFYudIDGb7RpKfACo6M8s7KfDO1of9iEE8lrxhdaiVQn
2021-02-15T22:01:05.733921002Z 29 6s5yvtf8TrPaUbjv2BOr3GW5UUv5f337zL8JbHsP3mUhAC5RWwY9ymR7FOovu
2021-02-15T22:01:05.744282338Z 30 QUhGBAx4qxciPO1WjfBXFkevEvThvkvFF3VknBYnPcHF428mDfP7TzQ5FgBmN
2021-02-15T22:01:05.756071511Z 31 yu3UDyQS9OP3N6T98hnt8GozJ7RUebgXZdhfxuVP6zuLRIj6VcPsrVajdRCtA
2021-02-15T22:01:05.768143356Z 32 ZD0xRc3Fjxq0ZuJYvM5qrgxgydTcvdo0dUEWXsLQYXzc58xZCCYDMKiEfPyoQ
2021-02-15T22:01:05.779679581Z 33 st9bdXFw9gjZE7Wbyb3v1G3zcCMutF7AVNxzaOvhLKwaWBdCigf3Da0wZT70g
2021-02-15T22:01:05.791335526Z 34 oDZDlCCb2735ckpuliJCrmM7GvJgbS08LI1NmOsyqcpZJgEqsJV2ASDkbOhfj
2021-02-15T22:01:05.803061197Z 35 PvyB3RZFjrY9JoHXRGjy9Ym26kSdfNWsBMoa4o0wN0bhU4uhQESdcxhBz2yAP
2021-02-15T22:01:05.814190165Z 36 FONUfpwPe1U5RcAsUxEt5Or9kynHb9fzFltSG0Py9V6ZOIwo6oMuMMtF1i8mf
2021-02-15T22:01:05.825958505Z 37 JHSWpCyZsMAdC1tPWuHmS6uJHfH4AukH6oHoau01CaTwxz7h1vEShIJjdU8ND
2021-02-15T22:01:05.837442005Z 38 SkQJh5gSvCMBzYpZMccHryU9jgYMDXjzrsa6jizf0HDpgWGQdwggnTRR4qckt
2021-02-15T22:01:05.848785087Z 39 D6O2dRtPe2Jys0ACMZ15sMsNS6EvJAHEHD8cSiKjMheiNuvBEBsnZuhDDoQ9L
2021-02-15T22:01:05.859647768Z 40 NqYSPUM618ZZEuzz1E4ZnO6PgUqXfLnNQER65tV5qJc4JaFAzhtxBxvp7Mfyp
2021-02-15T22:01:05.871088078Z 41 89pEis3831WVkJZd9pA7CmdE6c4zJbQN6cixw9p7eAiAsV93fF9xKhJLzBzEi
2021-02-15T22:01:05.882603829Z 42 heHMvlTioVS9JwseSSb5kbnD5tx8eWdi0SkyR2NDbLgW0eldLHXcDJ8LCTzIL
2021-02-15T22:01:05.893518927Z 43 k6cFKKIjgC8xgqZ5HC9H3JBS8RR8fwQbEZYPXj6vlCdTPiJ7g7Tb9CFE1Incf
2021-02-15T22:01:05.904621226Z 44 d7UJoJiKkVhmkiNyeXNBuhHEZ1oLBKD4qR9CnaIyCUGztr84RcDxTKUIlpTmP
2021-02-15T22:01:05.915934601Z 45 ZS61OLV6IBtl8xf0vTgDOy0RFTAXZSNJsvpDxWU1MmX1kuZ5wngrKZulAvPY3
2021-02-15T22:01:05.926493534Z 46 30cD7mHbZ8GDel0ZdqRGaL8i177JC9eqIBZW1TtulPj0TL6zde9cZjQ09ptyX
2021-02-15T22:01:05.938318375Z 47 fkIGyScLx6CVG9Dqy5iSrWThJKX57y3WLZl3zStA9zg6yd4PRD7oIGPYXAAcX
2021-02-15T22:01:05.949896487Z 48 yqpN4CnyPQdrCBly7ZrW9KgXbcTwrUxbqRXOS74mhLeFhrAKHSNemWBhFsSBT
2021-02-15T22:01:05.960112560Z 49 0o5Y15X8iDHMFvorJZixWVTVQmODLyQu2KWUzXgFqD5hIUAiwQIS3DCO9ltN7
2021-02-15T22:01:05.971515831Z 50 8QrTrUhea6PAq03ytreOJg16EXbZHj81AXrLjqR0jiUjbNPqjDEx6KOduTYW1
2021-02-15T22:01:05.982317028Z 51 nfHL0DHnwfVM15e6iPqlQmUzPnJILVvdVbxq3trOb7tYID20lCCkIw4VSjvoc
2021-02-15T22:01:05.994103741Z 52 gUbFiUQ5rRp7QEalaaYZ4hkVpzgDKg0HBNZJkDZWDJe8egBoiagylBXIhc9EO
2021-02-15T22:01:06.006173970Z 53 LrqDzXVnmcQBGVPTKedJN9MSExnnIGwoSpPwcWgCfDB0FUH5oIE5FvdszU7ys
2021-02-15T22:01:06.017137874Z 54 CTgpgrVXOag72UUxX05fN3o5RSzqINZCUSjPcpqbLIZqyOGEKjsHBq5qOnvXw
2021-02-15T22:01:06.028440256Z 55 WoXps9xKilKpwCtQyIlRU6IcORYi7FV20OcLTPVf8Y2T1QBOBvSqDVLlguUHM
2021-02-15T22:01:06.039265739Z 56 1lT62xz5uEHDO2LB6GzBiIbdrR7MONlzrVzm2EgP5Y5WkpnWoz71pAThZupbA
2021-02-15T22:01:06.050807103Z 57 D88ZaVdiGBMeKZNg84BOJttw5dzI2M6NXVI4gFGPG7zufQfOU5WrlokHoFshZ
2021-02-15T22:01:06.062208813Z 58 DzTW2opLC6eDqWmCC33ExJca4Llb7nT5EQWvcDxfTCLSaVQlpnMWtozNtCV2D
2021-02-15T22:01:06.073825890Z 59 4VJuYpWC2Bbh2zrRBqPMJgysmPS8enQ8N1rctf7M2pPqbNl4ZxiNMpQEDBkxT
2021-02-15T22:01:06.085018152Z 60 8RtQ6ZlcLMx16EdTMr7fqjBjgj0obWmeU1ENZY4ifPzGMic41ps5CVZ4d2FfN
2021-02-15T22:01:06.097109678Z 61 ZIJFm6FSdpmguKNBU3nDJ76QksLdgQRHYMqn2yuLqfOMkuJfcokUyT87KAjs6
2021-02-15T22:01:06.108615559Z 62 W4P9krNkcpsaGa1vBEUt77j51pYojIGjB32rWxTc7zdTNT3rLOgQAB9w7q3Bq
2021-02-15T22:01:06.120115839Z 63 0S9eyLB7B94fRWjh0Cb2f8ULW0qRvCBZTwXJd6GOAoeFQD5jX5X1FcIzppnRz
2021-02-15T22:01:06.131899132Z 64 biuphGuDLNgBAGHiXkrQlGV1TdbpI5NHLlICIjhs4vJ5DhgJuq6n6PHZiFtyL
2021-02-15T22:01:06.142542600Z 65 iiLNLCwuBAr7qja7rV1dtxsaRtDpVIaIrLtt799KzwXt63L5Ek8GlIoQaZiSa
2021-02-15T22:01:06.154063343Z 66 qGffd390TL5RQvBUqzq1U8LXimxmXQSj9xodHG0zj2Gbbeae0qv7tBSgCADK0
2021-02-15T22:01:06.165629735Z 67 OyfoOE9szlpcPFbNHXLRWf7LekdCAr5JGgqljufl68LoMFNM5GxYLiQKChXFl
2021-02-15T22:01:06.176330394Z 68 rsU7EFDTh6zWSrtK2wRtecQGo64CziZh1hwIYV2UeF1HW1LCcEmHGyeZ3aryx
2021-02-15T22:01:06.188124300Z 69 U6GAQr1Njj0UHhje9iwD4HxaJlYkLFjNZKcMP3IAUHgEl4xn6Qn1NtuvxmSoY
2021-02-15T22:01:06.200349735Z 70 HPi0vv9Iytni6rA7zRCcGXSC4q5M3FBmBJi8aiLk9O6vwhXLMpK6KvuB4VGaR
2021-02-15T22:01:06.212015239Z 71 VqB3BHEC55uPt4qz3tgQ0PYDzuEuHIzgEqYp1epqWsOoUP0nT4zLm0zUWFTPf
2021-02-15T22:01:06.222364661Z 72 bM1ET40TzQSpU2REXEsVofz2KgH8hHiab7e482ggMcR2xzjTYuMeWefrkeJH5
2021-02-15T22:01:06.234073160Z 73 VcpGbRsQE6KrGoFiCV13XqXdPQAnfJpTR7fvanWFC8rwrEgT1mULwuiow1OLz
2021-02-15T22:01:06.245437193Z 74 cEmhfkNmy0rOjHuYYejKEBxqXCIUk0R7p6n4j84FA0aWSC7eG1mYwiXAZ9smA
2021-02-15T22:01:06.256622376Z 75 amXTBv1b3HqXotLHfn9cIOahLVpGG96HwZyn5OY02ZGna44grE1onIvtPSbp2
2021-02-15T22:01:06.267456898Z 76 4tghuT3ME7zanGvQg9V7uMESJqT7EJ7pVITsbEROVe19LXHDwk8BvFuelo3w7
2021-02-15T22:01:06.278756565Z 77 eFH2xCJcUTNOQh7vMN8Wi1svkLZkShtOf3dFKArtrszISCGgLaQtf0tf0XeLD
2021-02-15T22:01:06.289093329Z 78 3t9Hj0fYvCzMZ5xgjeUmpOIKoPprPlNbDr1tYIL6LRv0FkNtR2a9WTIoLYG15
2021-02-15T22:01:06.300750869Z 79 lJOJfffzBzlkUZeI9LCF9ltCYXlGs5FWkKcRS8BNGpPXmdoXO9v8602fhJmN4
2021-02-15T22:01:06.311662465Z 80 T5WtetFaHMSVheMqGL1ZXQ98w4BB5R70j5TErsKwHFYHYTFF5TiXNd3wMXIB2
2021-02-15T22:01:06.322653213Z 81 ZXfgkFQhSyJc7N5ZobjzHI11pkYsvf3ZNQ1oDjCwBiTFlkYkTVY011fOMaFHx
2021-02-15T22:01:06.333490577Z 82 vJYxPh7yusnsb2J71qsfRPAhDfAnd0I1gWajbx4ngmeodWSQQiEzua6mBic27
2021-02-15T22:01:06.345153341Z 83 MWJmmKeZS0TvUq1YrmwjSSh0g66ZEwyoEDxLq9KqCacqMaf2H4YS54EhgX3lk
2021-02-15T22:01:06.356613370Z 84 2d0p69FnunpqbfNrk46tSyjT1o2IFPEEpf5yjnoRM9LnZyLznX6YJTw6VjRJ7
2021-02-15T22:01:06.367889122Z 85 q4PdQ9UE33JuRjuqkcVpe3StHIMplDoiRZju5pdsIG4JfuSfwC3EPNITnJldb
2021-02-15T22:01:06.378622082Z 86 e9rYKw910gkpEb33OHyce6Y8IazoS2rmCv9KklB8pwVecYhDZlTMUIc5DH15i
2021-02-15T22:01:06.389232481Z 87 K5v5avLJhAN1ClgavV6DulDCCufsd80AZ56CpBa9kX1rom3xQ0pg36xInb6Cu
2021-02-15T22:01:06.401106262Z 88 NW26sFSAw6XOay9tcXrP2FFBFFK0agkdEk1dRe6Ewe4mxXD2usRvQ69Apvj7P
2021-02-15T22:01:06.412666567Z 89 qCyNzf0j10EmhMe32xjDEONEPxwJxG74Gf9bQXh1jXFk2AEpewjBm1AZsFC4l
2021-02-15T22:01:06.423342894Z 90 T3jRcCTCey951i4vxb9E6Q2ci59P6l6cryjgmPjA9nQ0G35L9ChAxJAEij5E4
2021-02-15T22:01:06.434374447Z 91 9veZ2AIz6kEsKWmo4DI3PUMU8eTT7bsFU9tCb15tL08iuYa7IZSVPWz0qq4dV
2021-02-15T22:01:06.445627712Z 92 owm8IInw6bTSIVm7Ty0e4wBJIqrTY2MOws8I9z42sqp8HfbRsLzyiIhqLdLC6
2021-02-15T22:01:06.456254339Z 93 BbdSbv62wQTPEm7dkq4AiPA43uebrTcTaaXKuUrYrkbvym0Lh4vnNPKim8iKs
2021-02-15T22:01:06.467715449Z 94 NCXAFBqkxeemAOu7Jr9Cv9nIp8T10lKZQY11f1yEVwL3DVs7aouZ8ivw4foAw
2021-02-15T22:01:06.478202685Z 95 NJOqJvOI5w5iGvV9YdBeMpOU8f0QjdOU5X9Tq6UJGH04nqdyozCQ2GLDcF6aQ
2021-02-15T22:01:06.489653515Z 96 KzxOUDIR4FGdQYS9ri1mTyYqvCnxEIyt8laH8MeZDJM25NPedqv2FoM9nOvAY
2021-02-15T22:01:06.500206982Z 97 A9wHKiuM1UjYRkisoB4slBDywfTWsA2erylsyeoq7G1GFbbTrBouN3cBNowfb
2021-02-15T22:01:06.511256428Z 98 h4wjScNGT4SMiNNtXbnljRviwb7g3gfhlL9pQsaCeX0Qq96KlupdDls3RQku4
2021-02-15T22:01:06.522756365Z 99 yZvHnKUbWoZX5p5SUec2bST6kQTwS354HTpQwfl4WbPTnCn5QeteAz3PZxCOh
2021-02-15T22:01:06.533506124Z 100 dmJFRtgRKsBlxqq064QjnSmNFIsWgmlYAy6wERn1MiH3w1FIthTp1QfbjmJF
2021-02-15T22:01:06.544672540Z 101 VuyTpYI8tClCtsN9E8pPJRisnuvzUZI4bJ4mGZMEzh14f6JsSgmCsMmam7cS
2021-02-15T22:01:06.555216844Z 102 6vrYHEwFF5Wysk0MeHNMiWea6cYclf1kvj3TFWgL9ZpaQ256w1NQ0x5ZMWbE
2021-02-15T22:01:06.566675940Z 103 TzJpHL1bTsMmgWeGT3687SYipoxampslffcIm2VGNv08f5hk1BwMOSNShMzU
2021-02-15T22:01:06.577860533Z 104 Iw9zVtYnjncvst523D5GdAA3rcavFmqoKSX1wBvMWUIEfI1vK709844FM4In
2021-02-15T22:01:06.588762401Z 105 xBZ01hqbCNkEwsaQvYIFm734bGj7aYpsEyW9MWbcSOgGgd9AV0pyytHoXBn2
2021-02-15T22:01:06.599932606Z 106 ZiHkBJ9XCBYyXnThRTJeZQxBjHh4PZJMPgbR9NwRGra5uFoFwWN4unbVnyvR
2021-02-15T22:01:06.611129057Z 107 GoNjEpQ2R578mFwCWpi1pj4OeLMteHGxXkCiT5rIZBcqCYkHpympyDS7DAhl
2021-02-15T22:01:06.622552338Z 108 tM8NZDWvsSJL2u02r8LCz2lcrW0vuLHgchpZHT30t47q7uvZD2xdN9L31aRS
2021-02-15T22:01:06.633904708Z 109 V9xDEPsHdeuRfQkUp3epX762qeGA5SvJodPsv1BSpeV9jnxevoLW51jv42wB
2021-02-15T22:01:06.644846096Z 110 nqnORoAWw7A61RWNLXA5Nz5m9BzsCn5drHD5oeQGwtOhdeQ1OdRmDYkVXfuI
2021-02-15T22:01:06.655603298Z 111 LabNzo5l1U6uPwYN7h2cM1rRVQF94KzYI8vgj4SaKUjmjXhjvgSw8m4xGH0I
2021-02-15T22:01:06.666845966Z 112 D5lpU1yF4hqy8AHxc1GwqfHgARbJfeyGj0WKOOE1jHxDWKnM18fpbVXIaHCU
2021-02-15T22:01:06.677837679Z 113 GsyM9UK7RrWvqqKdWhkptu40VgvBuyTeDqRd4zmyj44SXprla6iGUwyTMyy9
2021-02-15T22:01:06.688171734Z 114 WkKTAzAQX1K7dAswOD6KaztXfRrpazaKZX1ZP56Vm9DTrQXEd6zrVK95lTs1
2021-02-15T22:01:06.699366938Z 115 I9rzCv1kWCc0NRtgpsKBUwk5zphebE0f0AhPtnHLMOgPdGpcVg0D2niXHoBe
2021-02-15T22:01:06.710368800Z 116 U64wej56v4Lys3nwOY27OGTic1ObDt25I83Xl6WdWWqSTq7n5sCn8rxI8Irt
2021-02-15T22:01:06.721937891Z 117 Mgl7OW5QkesFAObpSKbbwgd7gAlT5bz2mfV6wQTlXNe42ADAAW6ZYjcNJEUQ
2021-02-15T22:01:06.732411815Z 118 RUUyf69pXPuKAqR9MczFj89u3EKjgxWulaOkzkNjUcpZkQcRJmy1i3R7RGIW
2021-02-15T22:01:06.743598609Z 119 NOrk90tMNdLpDiC1sNaEopqvKk3MVC2xoBmPTEquDjb7OgixybOmwHpW0zsW
2021-02-15T22:01:06.754779365Z 120 ct0jj9lxC4gJrSyT90VHQGXuSm7kB28rFlU40uVi2SLz0m347celqAaPZc8n
2021-02-15T22:01:06.766071567Z 121 nU5ee3CsbnmVYuE4El1QnJQB37ZUm0BJmczC4psiQkqSQ0arCqKEj6E5Sdsi
2021-02-15T22:01:06.777678004Z 122 c0qdCjayQvBMeATvbBMVCI8coFSpQ5rXoIs1RFYK5XvnjOQW7hmyx9blXySj
2021-02-15T22:01:06.788450638Z 123 5o8wkunwBurMjiUkR6Ymd1Z8Xcu50gOzsxWbezQAUy7WDVHYJzPuPh1oHGJy
2021-02-15T22:01:06.800185673Z 124 R6DPIfPZpOwoVLXVPXalRiRyJDI9wZDlTDbeOhWi6XFjQzUDPxULxsjdWo5p
2021-02-15T22:01:06.810657016Z 125 bFJPkebaA9UTuPEC12LUlh7Ltgnhjdb7tgMR74cKjxotOwmxjqYGQRuVH0P8
2021-02-15T22:01:06.821268802Z 126 7F2uzMqq4PddPzGOQj3kRV8rsnSs0ixy43VBDL9d3fGImS5WX0NZGtNUTzag
2021-02-15T22:01:06.832730571Z 127 FvdpjAUFESuhTptwVD1U3VcwFprEtUw4TfXTekp6GRzNLdIniXX7pnI68NR4
2021-02-15T22:01:06.843334765Z 128 5nkbeT8x8458EJHbOwUY8f74qDgN7mklBVQkzZWq4Q7is81UmYd8aqUuLps6
2021-02-15T22:01:06.854878143Z 129 NiK9x6g4wNqZUji1JYXvsBYyMxtZ53UDsV70gvVsAbQLp4WCapenNFV96cuh
2021-02-15T22:01:06.865701454Z 130 Eq47UShFGsYEd9SvBva4QtTcEPhuCVqYZuIgx1rNCvh0abkywRhvK2S00UnN
2021-02-15T22:01:06.876459703Z 131 mbDnueVdnzK2smfJ2WxWzOUu4vJHXg8ZbqaHTYSUGUUTw4SYXRKJVK4LFYBc
2021-02-15T22:01:06.887673074Z 132 MRvwzUD6hnPFXqKDmcTvgqZriQd0D4aq5y89MbzNIrNhpaWkc3rZ6vDYKoWw
2021-02-15T22:01:06.898223094Z 133 Xj0RfSu7fwmChh9npf4fNFNBAPmUXtOmwc8J3wOAbaRIzasC54U7hzieAlOV
2021-02-15T22:01:06.909669808Z 134 GezzMartKkGkLd7hn5YsK3WQQE21G9NoyXmTxKFBE51OfQAg3bPAPkGWSYMa
2021-02-15T22:01:06.920819684Z 135 sEDNtEYoO2XjnpvPCX4X1mxCmL5PLcZUJtrhRYLw6YvjpqNiWtiY8o8JF7Eo
2021-02-15T22:01:06.931728365Z 136 kSKDZ7ue0dy0Ns31iNY3QqTLZbFkUd7Uwhymae0G5IfvFhM44PfUCZu25lfX
2021-02-15T22:01:06.942748523Z 137 FUyabJCgO3wZ9a0Anwnu7S2OVcUIHs8wCta0OjaNFH7KRPrOsjQC6P9ZZT88
2021-02-15T22:01:06.953230794Z 138 cNhAuWm1c2m5EFOR1fm0wBBC9F9TC2fdt86O8QapZ7vbwhCNN2XEvWo21VXH
2021-02-15T22:01:06.964348992Z 139 cJe9mWne2lJC9E3JWT2NXd2cHkumBm9vt8ndpBrW5oHxNs4PDW9ZxxDUmwII
2021-02-15T22:01:06.975574086Z 140 KebK5XdtOxyV58uaFSvFxMRS4U5PcFjeRvqnBkw4LQziwx95EXefxU1apG2t
2021-02-15T22:01:06.986962925Z 141 M6GxyGIyNUQaRoQpWuYkeo1VZ3CLcbmv1GuyIKFZRYoKyohmrStCtJXfP6ZH
2021-02-15T22:01:06.997617358Z 142 5wp93OUmoSlRMqHsTlFGTdpcUt9OTzhlqxxMGQW1IND8dCQPJnyMtZsbroKM
2021-02-15T22:01:07.008479394Z 143 JOAXdaZccxproQ4i5DFKMBja9cLa3hJsiZaR1QEUD3zGvgoZuaX7LsFzKqDY
2021-02-15T22:01:07.020084151Z 144 xZreRhaDfMQg2fgw556LcBYTzASpwciWsN2ddLhl1ASBMnY4tTo4eHsmLMmM
2021-02-15T22:01:07.031132621Z 145 REphKo8MkdFpbSdaD858ew49jL2uIeSTB56nlMluocFQAni366fVrAffJEzd
2021-02-15T22:01:07.042187198Z 146 tN70NOjmYkfaGuxsWxyJXKJckhDC6MfPjOWfULwNeB8QIXu59u7RsYHePaDQ
2021-02-15T22:01:07.054100523Z 147 gu2516VdwauJtLsJHCUGlAirLPsaEnaDHaWusah7aZteTdTMDqJGbdF3Luun
2021-02-15T22:01:07.064903634Z 148 iAHt5fWFP1XyR8aNksuGXV6rhX7Vh6iwCV3FXjETzQrNjQ22YlYQEhBs4reu
2021-02-15T22:01:07.077131955Z 149 cnhuLxjXX79WSQU4LBsjFmRCe5TsYgkGQD0md5moSWliaQ8opk11HPGPviig
2021-02-15T22:01:07.088801492Z 150 5rkdSaTZpXlt54NhKFc3kJNKjUBKTvsrGWEnmhPVjUEWwSLIC2sjqzkVlVex
2021-02-15T22:01:07.099664990Z 151 zlajV1PNRYaaIBbK7yIqqbjIcaWUQd37qZ3AHHWlpKXOQDYCTZTJcpVRgjmh
2021-02-15T22:01:07.110723597Z 152 sgbzGPb3SbHha6JwNK6tsJeBSiu9HhfTRmdaz5bxXCZt8SuShHXV9S6PsXXm
2021-02-15T22:01:07.121311897Z 153 rMfcOyFGeQCqtjPVL8iZxf4F682BNHdYeRyarzhiMAfKyaMq0ga2MS394J68
2021-02-15T22:01:07.132336067Z 154 7Az5MtBxqWmxzHctj6W4saH7AdZT9Uq89VhjerqlqpKQqECu8yWeahqVJdsV
2021-02-15T22:01:07.144032505Z 155 w7zLAWl8itLGw7ni3wor95izRL1mGV7v26jAjalIPIQgmVq1Tlf4HhLIX6Le
2021-02-15T22:01:07.154485811Z 156 hC0kiBiCBQeqpfXPHcNgZfcXBpVl3tFvWsAt2Vo7dqwTl8H7WcUZ23NcA5jE
2021-02-15T22:01:07.165753965Z 157 zY6fnjQT63vtcwewdSgFif3GWgckWifsh9XRNGXyJJnpLeAiUxqcbrz18iH4
2021-02-15T22:01:07.177148960Z 158 J7V2MWXn2mibltg6hiVzP9Dme7Rd09ZbA3FlXI1ueGEjnGjdlqT5AkZVFszD
2021-02-15T22:01:07.188818408Z 159 DjbjZjtSuKQWKrhUAfpdd5Sc5cghFZdAPPQm4dqPtSCH3rE0e6DlD4ZCRmGH
2021-02-15T22:01:07.199669827Z 160 8dqgkDrEzfemUMZZ27eleByMkQPjCBRPkVcbPyhtRI1DSDFBR4Z1DlU33ERv
2021-02-15T22:01:07.211291413Z 161 i2EDi15SGpHRNqCbW8Bn7ZZzqCI9SshO1Mga1DH5kMpodppI1zqeCG5WyAWd
2021-02-15T22:01:07.222740998Z 162 u1blAMgVhRj1WZ5JILsPVhPEGBzWl3T1bmuSmWoguC58OuRTSyQ0BIwGnrqA
2021-02-15T22:01:07.233980504Z 163 z9KWiyUddIzsxba43YF70cOV6iGWWTL0gkCYkZVbm5KD21wpLDXQ4JLHiRK1
2021-02-15T22:01:07.245620513Z 164 fPW3jMfxjL6Gcqu2tZD70KtQxmi6Hs2TZzo3Yds7zsPIKLurYDPlALL0N40p
2021-02-15T22:01:07.256290534Z 165 UtbGpJnrxApbjIbRnWKPrzBcKzmZI9drC42ikEORmYGkw9JNhKxRYaGz5uO3
2021-02-15T22:01:07.267766843Z 166 R8bQLoqne4209gNeuVeb3z4NCbMD6wP8pz5XJwupwxK8ZQdjyqQqf2Z0mDlX
2021-02-15T22:01:07.278257347Z 167 kTGPwn7IguTfFP5j61H5chaPJClheGstZ4bVqtIzQZF0AFiZQwqvqVw5njNu
2021-02-15T22:01:07.290004065Z 168 zGJ88TQKElyMlrXtuHpbxPgQi5L9xH0FXMlF5rFbKft7fn4QsS8xQfAbojV0
2021-02-15T22:01:07.301474063Z 169 xKjUz2zNpZUe1LfUZHWokj99ohe2tDA1kNVp2nDta26c2YB6hsrXMpSolvTc
2021-02-15T22:01:07.312739901Z 170 qRQRdZ5k4Js4wh89NLi5BARJzLPz57cOyLcMCFCEVw8Sc1BN4D1yk5KUGRZp
2021-02-15T22:01:07.323314930Z 171 ACng6fK1dHVPoOkdoyq9Fo1F2UftHnUHjLq8WD0hduwn77rm8R522vWYdGbG
2021-02-15T22:01:07.334299901Z 172 62QEsToJvl2lWuTJ3PC6AbNOKCuGuErye39xFF8vq4X1wJFzeXrBjYuOx2w8
2021-02-15T22:01:07.345695611Z 173 rlcuX8tsDZ18qlYS1aiy4zHkB66qviFVPZfOr3unflW38uh6RtpsYx0nqlM0
2021-02-15T22:01:07.356570023Z 174 IUmrmSIDDQPh8Y6Rto5mlkMYNJhDdw6jB5GJoJCmeNaeDO90DTBEEuJl0S8m
2021-02-15T22:01:07.368416777Z 175 FSRvjGrJSnmVbdIIXlCJ26sw1Ba4vQYOBDuWjFCTpKjRnz1N6WBs7hc2Txdg
2021-02-15T22:01:07.380277224Z 176 iDvdm9OvlpdRZCVthZlGuY9FdCDjbc1MUqHWsN6068nP2r3yadhEp6gtjKLo
2021-02-15T22:01:07.391380764Z 177 w6WibltLaJxr1KxwJu4QsWuVzQcZyjxY8tCzDjWHVqgTUOQ7g3ATR86cOB5g
2021-02-15T22:01:07.402839747Z 178 HP6O7ftDz5S7y9wFpMaNtaTXmWjPFL600xmiemLSmzijgc1zmnJzcg1OkrIK
2021-02-15T22:01:07.413797386Z 179 BKbF8yhKuCTXqPmGtxMpnznjHfWthvEt96Ni5eNUwwLk4oTCsEzjA0XI8oKF
2021-02-15T22:01:07.424502801Z 180 8s32gJxoGUv5VjQabpV4Kcjvu4H8M4KHWOAFQoNxS0YxoOrOZMD8bJP8AGqT
2021-02-15T22:01:07.436017266Z 181 WRDh3LdkjZBk7pG7MaL2sAzbY6O9RTGtGRsX5dnmlZfB9Toec3AFRixqCWwq
2021-02-15T22:01:07.447227737Z 182 NNZZXE1lfy4GkHCzpfocR9W0NhFK2AZnfMwBisyOAZ3FxJrMB0VHxyytBwJr
2021-02-15T22:01:07.458672772Z 183 l5lTCu1y14nu9FD0oO9GllUYaBvEU7R7xUGtuXF1codgr4jXsDbiwgoCOkKE
2021-02-15T22:01:07.469320938Z 184 TuDXEpa5Az8gGDIjRH2PkJsCjMx6QTyb8uqmFczXQEsXnljfhm0bS4QbVqfT
2021-02-15T22:01:07.480955681Z 185 rJMzXdlBeAVzIHUb0DzGY7OhkAGhUlaVNmFnFjsRGqN16YZUyfVuuBamvD3Y
2021-02-15T22:01:07.491781444Z 186 reGYGQnnKMrYtYue1kLEhfeOUe473yEycWlM2TuDIGuIKe1IcTUxzfsNJiVX
2021-02-15T22:01:07.502491028Z 187 mCHVEYX89lv06BWMcknGATmf6cWJLibY5Mi4Eqhew4s0LGF8Jnsa8By07svk
2021-02-15T22:01:07.513807615Z 188 2WTMJvmaeafw6c6UVjz7wgFcS5qLv9ZTqwPq2yQOGwD2z1hRTmFlfMMGUXuw
2021-02-15T22:01:07.525066170Z 189 c7H8MBIHBdaO24vURLCItpRrHaZ5DySsNXX40dMv9H0yJQTonzBmd5au2fOd
2021-02-15T22:01:07.536935138Z 190 0LU1xFvjtWx2LNQO1n2xwlWGqZ3QBHdEE9xWC2h0vSMMmtfqsqSr8Zgph225
2021-02-15T22:01:07.547811296Z 191 h0mmhmvFZZJyxf3zKK7oHzeVIAFTbbvUQ6iRihxLtIfBexwyka3II2GEm1dO
2021-02-15T22:01:07.558388281Z 192 KiExluQtXAQN1VPXdBNiKe63ZYlExqWl8M0ZZO64vfvWUhPnkejtbTeVv8Dq
2021-02-15T22:01:07.569543669Z 193 luGa7AUfbLS91R9xIKrtgR7CakMusHlyKvBAf6k6VWVqGmygEDpb1LotUC1U
2021-02-15T22:01:07.580274049Z 194 2AZ4kL5v8awpa5R44E43D5S6z1Aiw3giBxDNHU84rntADeWU6PSdushBG9YX
2021-02-15T22:01:07.591737073Z 195 9vvPRfcvdfKUfHjCZSxGFYvaUtVH13TGDzDecaFYWw0vWI9qY3Bx40E4J2dx
2021-02-15T22:01:07.603237854Z 196 mFaKZpObapRX9qn7WUa2bh614ItdkiMTPpu3SjZol6BeZG3GHPK14BVWBVF6
2021-02-15T22:01:07.614906691Z 197 oSV9Y4Wxk7uAEexaBqBTb7PwZYSjgKWqgkvD5n5eykIiAwJfnjkM6HmvtyY7
2021-02-15T22:01:07.626146640Z 198 YK7WtyqI2mZrUapLRlxXip7w8ZyBAXDW8n4WGRTlt4Dyc2pHjJzL8kjDUOMi
2021-02-15T22:01:07.637781466Z 199 6c7UdaCh7uOfQrPgbg12EMgKXGxOZ1JA8JuoRAFmmND5EGGUe1ewZvyuUq9l
2021-02-15T22:01:07.649140297Z 200 AnGEWXAhqZpHTjJIGYYjUHxt3diJ8F5oBTnmcDdUfEXdiNw1EeFU5xSOoOb2
2021-02-15T22:01:07.660832494Z 201 X4F6ptMq2vJbO8kZW2w9aoBThNfx3qlqjXDqy3hck3qtdPyGLNtwU3DaMceX
2021-02-15T22:01:07.672249824Z 202 YLNTLrJLnMQhi2dcqfOtFCz56HtPxBoWhtCemIfJLT3sktafJElPTCUjgYPL
2021-02-15T22:01:07.683996732Z 203 XHeh7oh9RwmEJWAmaFRXEVavus2o6OkDZ5wrpeu7IfAeX2oQNcFjTqHRlG2v
2021-02-15T22:01:07.695019019Z 204 LvrIBGSLW6AgYnVKmdTqjFON9LDJJzSBCcWpilU5WSj0gmM60jBiXV0no9kl
2021-02-15T22:01:07.717149813Z 205 cAN6U2d8HCZ6xDKT8HmrIgUVRtgvpXblCdXY5uBpprEx5Wdl3DXkY55hZtfk
2021-02-15T22:01:07.728289009Z 206 T430mrM5tZJigwjpdYgb66KnPnE27R9wMnw05AXRTrWnzk7B7EHsfjygj5zJ
2021-02-15T22:01:07.739786099Z 207 2m41juo60BSemF8Sh5Jqi8lTyFzBiKdFfr16Lw9a0oPJ75bzu88BsXtA8sVs
2021-02-15T22:01:07.751231970Z 208 rroGiRBrKU3XRr9z0ilTSn1WG1bESBjceDjfbT9qjlkol8iKDRKjkBuKtMoB
2021-02-15T22:01:07.762894746Z 209 Q0PNr6W3BG69pUfudLinxkfsyPcckop3mPxhCJXB501GL3OJa0nHergYRfPj
2021-02-15T22:01:07.773173129Z 210 ZfeQkljC63jfL3whOPCGd73l7zm8jJ3Mv2HnR9wvOcCFzBIbjzR7i5DbpWIg
2021-02-15T22:01:07.784689565Z 211 U4IhDKRSa30Hn4XKPiozQbSkDUxYiULHo5XRanaADJ7CYzwFvs3TpbUfMRtE
2021-02-15T22:01:07.796026038Z 212 UYA7RerWqCNlhKtrFxFkcuBrMnrgSR3Sz1XF76rwopSrZLfPbdkCJRw79JCo
2021-02-15T22:01:07.806650440Z 213 rBNclF4VLHZvpvIslTrE2zYuiQUsWob0VPKJEwFISTj83A6Hwc35YXYHyZ5e
2021-02-15T22:01:07.817826155Z 214 AqjOmAaUp1QcOwR2GLBg7fhbfeVwaRt2sFg5ZgP9e842vvLOitqXPC204Ha0
2021-02-15T22:01:07.828446159Z 215 8qQWsAxRVSTxxFkIFINHVC5W2PE6iqZ3hgaNGCF232vZAhbluRp1TbxXXZKm
2021-02-15T22:01:07.839244161Z 216 HUyDIRmJNu2j9proEbfVWncoA5RsEBuCdthbhGxI2kR0c2aLEk6nWGx3HKug
2021-02-15T22:01:07.850527709Z 217 QC6uyXlaYmez1RFJGi9ZMar1170tdjk8c0bSQMMxGfSboK2jBQQ5fRbhZkjB
2021-02-15T22:01:07.862154835Z 218 CLQkGeFSG0fsua08uYvJEBt87GcpCpTjErpNO9jA2uoY4Dx5ssrROfqdWqLW
2021-02-15T22:01:07.873310296Z 219 0KmpFQPxumrBa2M20yxwU9CC6KyhBZLm6zfQvwHXSFGhoXbmNrjHZNlZ8I2M
2021-02-15T22:01:07.884910720Z 220 ydePTawdpmlkg0LzamHz7xXEOtG5jDeLCdkZ0sxQRDM30CCCpKbOO7oBGNgG
2021-02-15T22:01:07.896200135Z 221 RrenRr464iQAnQDOy8xsgly30QF6Og2c6j8Od5wbWcbGVlc9dqeWmGxQZY9y
2021-02-15T22:01:07.907212486Z 222 Rq1hIxESikOV0839GPNqLkkM7bidkzH3E3kPxOzBvQ0PSguCygPhBoDUUDyc
2021-02-15T22:01:07.918341792Z 223 OzpdemOg95pNnkHgirU4mpAVAiAAbibECPPpwJDBuZIR0RX0sKXAJELX3IXO
2021-02-15T22:01:07.929787428Z 224 Z27wJCtX482iwYJb2X2O4wbSEuQ1jwfPodIVGlCaStKXr1qjhEnnaiVL2K5i
2021-02-15T22:01:07.940334744Z 225 Y4gjNwJEVEYtngNA03phECg4zanCDEdlu8hLIXuYvVnPp9uFAPSW3TkKioVS
2021-02-15T22:01:07.951787732Z 226 pVx5hdrl35l3xUPsSLxHpjkLy9QWFHbI7l0YdBflWRWst0we5FD8HegUI9Al
2021-02-15T22:01:07.963022592Z 227 U8HztR104bwinF8bVgCrAkAMgRuYIWT0d5TRxWAHGRxMoIiH5zvYv6iJjybx
2021-02-15T22:01:07.973673092Z 228 2Rh2QPchpvYVTteGddMnLwCjGRW2vNmkrl8kChfqtqpo9oIZgWnd2SsPpbg3
2021-02-15T22:01:07.984982986Z 229 eZbZiSCd0G6OZNr1bNbacQ8MMdu0zM11H2QVKDkpNhWSseqrLA8USeFeBhyT
2021-02-15T22:01:07.996649146Z 230 EsnWJ3352kbFXGro2JyAbWl2tEPVz2Q4NqLbSkUl6CW3Kd6bgM1VlFqbLvE0
2021-02-15T22:01:08.008223321Z 231 bpm48sEddUVHNk4w7OGqqt8nrjYZ4zz3WMljmAHybcfJwYfMjApi28YWgqLf
2021-02-15T22:01:08.019816085Z 232 39EcpEqONDSZEftd2DUYOFgkhKqvfeU9PGaDxtCZYwQVRqkg3tUoYKEE1jlB
2021-02-15T22:01:08.030545543Z 233 rQZBAmw8PNJqhQiF0HwdYmhxS1KwTICcp8dM4t2QIrXA6MqV1fSUjZVtAqz8
2021-02-15T22:01:08.041774544Z 234 9nSlQx9nF6V8UG4Ps9izOxOucgVLvTvdnVU5s4hTvYwMmwrSABEOacC29G8h
2021-02-15T22:01:08.053091964Z 235 sx3fi6geRnPMre0eVvWqpaJJoYYGJ4fnjmj4CDxNrMqDxVJYNnelwsn91cQ1
2021-02-15T22:01:08.064793225Z 236 YeDD5P7eBuAH9mIQT7zh7ccBUvVwj9d7vnqcFvqRFkZcqL9v8gPrS1O3xJm5
2021-02-15T22:01:08.076133803Z 237 yu8sI7t5QFaCLwuOCvm6hP5SZqSn0ZJyU9SaNj4E1uZlNNQOJPcj97iiQGdm
2021-02-15T22:01:08.088040808Z 238 bOYx5JoyeJkUuWL1i9GlcAKVQZiG8QrCZInxV0WHndRKUDkcWF0xLuOCxyuq
2021-02-15T22:01:08.100059682Z 239 951liU9jFGNnWRJBNeSCoEuuXKbQtmXUCyZwZjhxJFcAep5EXATMpMzayx86
2021-02-15T22:01:08.112017099Z 240 SR0EkAU2cy4873ynowUsN4MpWK9nmPcAEJ9g8RmPmlN3VRnQBJYfGuaVk5Nx
2021-02-15T22:01:08.123645571Z 241 tqNPiWBHPsO3s1MCcZjVMUPLjcQeBwWePJ5227KKovKr8VmRJW6NiBWRhNiW
2021-02-15T22:01:08.135070162Z 242 Xuklk4gx4rji95EHCgluvIMVKnm73wtfEZnevg3nBGbM1o6nogUbAOlY8au3
2021-02-15T22:01:08.146721186Z 243 OJjuNtbgME6j52BQ6XiNY9Zd1FF65zRI6bnLPInHN4gnmYp41XyXzJ2KP8ro
2021-02-15T22:01:08.158415639Z 244 oCEqKTWe2uh4V0dJ7L2FCH90SMixXb6OtVdgG6713atLikzO4ma2OsnpF3i1
2021-02-15T22:01:08.170108408Z 245 wd5TpI40wIDHeXzoJoxksYHr39AR8EOnX6QLPcuFk8FB1mhONIUbMGXaHEYF
2021-02-15T22:01:08.180465575Z 246 vX6DbdpCf17Untu7EtX083s4T8rDwOQR2OZvTp47RuLzAJ6WeTExWahwih5G
2021-02-15T22:01:08.191724716Z 247 jVsrLWkVHIWuLiFJBtz6uhaEqFmhjQGc5vvNZSqJtOKnKHK0jphgyCIFXQLE
2021-02-15T22:01:08.202187807Z 248 BelPvVWJsivvdPgVEMz8rJvRYPR11Ng8XKDHaoGN1FbuAVDjtYL4VrvazOSo
2021-02-15T22:01:08.213967788Z 249 5ZuanmuksuDk2O0vDn97mc903sQCsbBLloB4InjaoAYshYedXfbGnU0IYRCx
2021-02-15T22:01:08.224696067Z 250 lMVI4TN0YRobMdsaokxFnkX4MjDy125Jnl8AZgJDfRVHUNyhPaXM2YVvfdX4
2021-02-15T22:01:08.236756960Z 251 8a5iQta25Z0yMw04L3OBHXur6yjrz5OaAmY0xZY7q0oRlb5oyD6awrT1SFc8
2021-02-15T22:01:08.247079479Z 252 bn3nUC1iRykgKxXrTuWZ95pLFlz03lO4bO5Tcw2L4leFFDRFY4858bM7Gt64
2021-02-15T22:01:08.258398783Z 253 s5Tj62LjQRJHP47lPjzNo9Gazjg5GHvbPXdXPQ0JPR1zdupsGqzNaIuiaRpL
2021-02-15T22:01:08.269650893Z 254 7XWffR04yTSjqNhLyO0bIZz4GP2Sx0OXpWUzaHKWLLCGnJVixvxDjdTnemXc
2021-02-15T22:01:08.281013941Z 255 PPngyvRhi17AG8XhZPevJgedUWNsCxiIb5Ojfoyvs1MrXN8B4zVDAddzQiAB
2021-02-15T22:01:08.291294540Z 256 SIXd07r429R20tz2fkpQseIvnrTUnNLM0Sr4pYJb0kSvgRSL4ZeWccSxRnLU
2021-02-15T22:01:08.302802410Z 257 edZ0RwJj4vsUGxACOZmftjhEyQKtYGm5gGaAyug75acLsQNHDJ27KMGroBDL
2021-02-15T22:01:08.313356464Z 258 ftJCczPX4xT84aYoz3A9pJ4o4j3SICPKPZn8497aHpk59i0jRfIS94q1TvB1
2021-02-15T22:01:08.324499370Z 259 efsNF5qeWam1hBXTB18PtFkj22MVX24tP2UlrmHtx1pxLNysD2kfem93YlsE
2021-02-15T22:01:08.335533521Z 260 5CepUg9dwy01SBzFAIG7kWYXtKNP94dWpVzmw6lRpTcHjLy1PoO7ny1VHEhA
2021-02-15T22:01:08.346864015Z 261 alw9woNAibgGQhJITRaqtouSgehKbfAltUedqiGaISViVHrZqFAmflADDS4x
2021-02-15T22:01:08.358239493Z 262 tEw6QoCCLuGeLRRCMZQk3DpzKY6QpgG6x9MwblXQtcGvKZz7ECiL11ryLKmu
2021-02-15T22:01:08.369836753Z 263 HIUeF0Wc1NJ7J8AbRMOVbmqQwPXssQnM6xMS6H0TbGpkG5UOygoWNBDb5oLm
2021-02-15T22:01:08.380642934Z 264 HviR3eTjH7YD5oZr06RfC4FBKFfB69UWHy39BG0sTdpru9lrkWocf3Q0Fo0E
2021-02-15T22:01:08.392123620Z 265 EKddY8T6QJg0qmEgqdFfKYgguxU5ps1TktkzPwwlixRyHPjWnDmEAut92lXy
2021-02-15T22:01:08.403596614Z 266 WjjiBK16R33KR1gWNZWqj1Xt1ckzeys3GCmTK3HTmhQUi7SzaRnnQvhXDAwR
2021-02-15T22:01:08.415080832Z 267 1JR6d6SsQ91X11EjE2ef8okVg4hUQAlaRrPPxdICQzN2gvfZCimg67BXvbLK
2021-02-15T22:01:08.425608548Z 268 4YznyXHzU1XUKFRhbF0ANerUNyxvYCAEjySJIzvxqt3PJMUEJQ1PAOFsowlK
2021-02-15T22:01:08.436410719Z 269 MxAFzpXRE5s4ojPuzDRzYsJt9rrHyBhKMRheIiBZFt4c0tLUmednzqhVyVz9
2021-02-15T22:01:08.447977588Z 270 X0cF53bUKtHWMO3MYI9pGjLeWAv1nFvZiBz6x2oTxIOZbkaRTHU8GXS6A3PH
2021-02-15T22:01:08.458769003Z 271 dI7xUul37R8pbmXzho48TiLpevKwa5cRIozbE09LJ5px40sUkG7C2Ss1eixG
2021-02-15T22:01:08.469332728Z 272 MMvDuJTpI9iBWe5NRdwqOaYjOygdL45DPsI29ymRpRnzbeFJw2smQfUujt9m
2021-02-15T22:01:08.480594160Z 273 M2Qrm9DPCvJOi6gxAJsjmXTOdS97zHedFzvKQpjw7yWHGJX7aK96Ttgb0Vvx
2021-02-15T22:01:08.492003128Z 274 opsIut0oL05tOWX9VFWUAyzBeGpG6IWT5Tbl46d8FqB2I5pMVjrlDhFwVILr
2021-02-15T22:01:08.502845797Z 275 GwnCgWMOiQplTZ33YqMIAsswnbwOYTjpHOFTyn0BC6OxdEhdkMgKKqjJhuRL
2021-02-15T22:01:08.515002001Z 276 jpMEzGRkGkvtEW4MD4qzMSKqJftUF1RbQC6Fj0MXU9e1BSVEha5sykBGrnwq
2021-02-15T22:01:08.526385961Z 277 dVMcGDs52A747wdmguEor39EwgwHGjMGWWgdPzQwP8MkD7ehF5t6mA72H97I
2021-02-15T22:01:08.538392065Z 278 3opXZcZCy5jubDgqBXUI0PQg1kZfDlgMTqzYDPQMiWXnUAP2k6CgMYa5F9h6
2021-02-15T22:01:08.549780730Z 279 Pnm4fwRgSML8NAIHDdFj5FdDUDlapFY8z6SCy514XjFsSixaF0JMf1H48W9A
2021-02-15T22:01:08.560186415Z 280 b4zS9ideSeeoygDNbhvvwtt0bkl3lP7s3ir3kJqCdjuqLWk7dKDy7JWZBFhh
2021-02-15T22:01:08.572097777Z 281 F3nD4MHB3h4ymM19mxUXufvsozMGpbUP2pot2OTZqjqVjLxzpYVSuVrftqy3
2021-02-15T22:01:08.583681791Z 282 P9kmC2r6qOf3QyDb2T780ZJt1nPt11OINxBZqRbrcSZzlWBK3NiXUuB2Iysg
2021-02-15T22:01:08.594645858Z 283 OBHzeBB8PgdlTrLyiNXw07j9QexYmVtgn9juOqw9F9xcxKgh2Zn3GWg5OcDs
2021-02-15T22:01:08.606070045Z 284 n2fDv5LNsEtFNEDr39rGiYRy8krbalfOf5sto1xjHllTLTZA4F9HVJFMCk3M
2021-02-15T22:01:08.618014616Z 285 UG6cfT8Ikg5TIV8TNY6rhySPPzPZlFHVjxwzAbTevyKDNGlepOTXUk9nAP0o
2021-02-15T22:01:08.629041344Z 286 r0YMi9PU4FrEjmkj7E5LfEP2JhKCkmfo7K8vePA17aJsbuKDk7yrirr5JZZq
2021-02-15T22:01:08.639731164Z 287 BdRia2Cmh93cI8GZVKE8iAQXA8lkrOAu1mXbGWPZvFvRmrM7VqBsdN5anWuC
2021-02-15T22:01:08.650225100Z 288 dN31VqdhOum7lnypUDi0UMK1B8w1j8DToCL4CeY8Qp3R9pCOcWuWVNrAOKep
2021-02-15T22:01:08.661618539Z 289 MHNWN7DzSr1487vSmuQY3NwSj29g3oGlLwwxWII6q3dJDPPapwFNADFgtemn
2021-02-15T22:01:08.672424461Z 290 xXlCXroaH6fbWMskiC5CxliYiBMJiWI45q0vdWzUbEHC6l5llAZFnUKnd17T
2021-02-15T22:01:08.684011057Z 291 L7tM2bKTpIVCulRduYv8kfW6oDGxebdVhUEVc8WklCzA82k7hdfixOPZ8LYQ
2021-02-15T22:01:08.694855518Z 292 WNSGQnJgRb8T8dIclKSKvH1xwibsGPB83CEBrFC79Hdr0gwkaHtDZUr0hf6X
2021-02-15T22:01:08.706471061Z 293 PZnfCTGCFNE9q7WXotgLQQKSW4npeaEl5Hj6RL1c3xaxziVCcXPseezVcoN5
2021-02-15T22:01:08.717210769Z 294 8iew6RVOuOTQnubmGdCawwCuMIfQnESeoE7eW8rEdVpQQoSirTtRsU58Byt3
2021-02-15T22:01:08.728967226Z 295 QMSRUxz4twljdW6ZrYKdWWmBYX21qza8W9LnaVZbH9P6VluC06zsOy9F303Q
2021-02-15T22:01:08.739405694Z 296 jw5GTNFdHnViSR03LW1vjI2A8cebMI5n1cZa5zddtQemnvc3o8RUo1zpJjZz
2021-02-15T22:01:08.751030460Z 297 eGMgHScKN0RxLabejCsyttVkd1MTzF88TSADGgUxYQE2fZWTmNVOGhmwYgKT
2021-02-15T22:01:08.761435127Z 298 uW5FS8tqha0haVbx4lksT2GKOfBcbNquyUvUm2pjVyyoaBO8CMgvRkF8jUS2
2021-02-15T22:01:08.773196563Z 299 K3TdLy450W0cyXssFh7maU9rgbTQmywsTpUNG63Rjj86eAxGxeaUZXPO9Ecn
2021-02-15T22:01:08.784149533Z 300 JwnMu3Gr0UDyQPUxkJkhaXmyYIxYUQ3culFBMyHHvlbqZpoqePIl9uCD4A2N
2021-02-15T22:01:08.795181838Z 301 yuF5oXRDjsaQNE1WXfbBqp6i5jKpcmzhfItlpev8enqfPLhf5G7lJsKPVz8t
2021-02-15T22:01:08.806846180Z 302 MRo9mDM0NM0N0e1Tnpv6O1totq6bGXQgcCynczKkCnmihYM5ll9ENwLcDA3z
2021-02-15T22:01:08.818011824Z 303 e9sFxZv4mlXnFIZk7m6TbO50fUv8Uw0iM5pzo68QmOmRyW7qVykYQrKX2hMW
2021-02-15T22:01:08.830033007Z 304 wmA4H6GITN9gPvStVAjAsDh2RygPkQybDSKx9QUhquhHGQ42MxQqS2ljttKb
2021-02-15T22:01:08.842052792Z 305 EBHLW0ggZOakaMc92zcV8jSLpGNPwnezBFoRZXg1vxvA9SJ4XcjB2mrQ2SUv
2021-02-15T22:01:08.853738214Z 306 Eq0zgHCRWr7XcH0QAEx5XOjkEtji0l2F2JSHtEswD5Z0OJm1FQJwgUazVKgd
2021-02-15T22:01:08.864203897Z 307 I3DU6qxBDFHPfSNOuHwXetyAmf37jiRdAu4qOrLQauu8W7RYgu5AJT5RNlvA
2021-02-15T22:01:08.875803487Z 308 emkccIAVpA6cCJYNvV9Pfwbdxiyt60ADHugcFSxxqKuazgcAnR11wIcmJlUu
2021-02-15T22:01:08.886808810Z 309 tJ4mNmwc2PoQe5jKzMHuhoAX0MEm4bihDpsVJXdAwGSQM8piJAtRVmb7rRcL
2021-02-15T22:01:08.898083562Z 310 2Ed3rUrQ87rrMQSrMHUM7mNHlCY7RsFaHfbGQ3HN6CveP1P4zzOyxHRS3QP6
2021-02-15T22:01:08.909890047Z 311 bBCsMTSkj3kjwXCnkfUyt5B2MGnEEOmKnIf41vwlEX9AbxSoI4WukuSXWfol
2021-02-15T22:01:08.921930154Z 312 D6caXnZzo8yEFGFo7lkD7enHnKOZxZ3jk3mU9AUNMUeKjtYvyxHVrCnItQYm
2021-02-15T22:01:08.932521384Z 313 CZ1hAB40RqCLb558LbbU0v8KKyKMkC2sbwMqlnwYZnyZxcGf6kok90exz8KQ
2021-02-15T22:01:08.943980836Z 314 Y8sT7UxhqKIKL4CfXUv9h0sqm1SXwjlUyM56BoV7GFOHUKzeJGj6Bq5o3vlr
2021-02-15T22:01:08.955903696Z 315 DWLElYMMjt9D5BjG11KaY9xSxpQFypWR2y91anWOeECEWpgOUwvBKbLYTAin
2021-02-15T22:01:08.967236989Z 316 2Wd5PnGXoxJW9VCOPLYKjUBxfWoFPlP836owpa3OPIvnFlN3HiCbVrU4P9kf
2021-02-15T22:01:08.978609352Z 317 FApSYeVQwpRKPfwrMiubCcZkBJ2PiOk5SGKrUTBhM574ehP6cQf1JvJs5M6w
2021-02-15T22:01:08.989309834Z 318 kpThgIGXFwOBNiUfKhfHvRshai4qtofrtIOHNMITXh7wNrgWFA7fWRqEthsg
2021-02-15T22:01:09.000547617Z 319 XOXvTQNZlNGZH185NouhONHVXuK9mDKIVNIJwllB2nbYEZA7jgUrGiOwXLnq
2021-02-15T22:01:09.011374573Z 320 ytjpm1pZadssZYaxtq9XQieet3EMEoYY28eNMI9JrDdcbmMpMQ7459qOwuaR
2021-02-15T22:01:09.023310869Z 321 XCfoEUj7XlhOnVcVGn2s46TSNvLyECjEr7C6CouvItscn3qdbEY8fo6yatiS
2021-02-15T22:01:09.035023489Z 322 S2WHYO83lMQURlZ5uju11A3T566R9cekeKDn2ZgL76r3Iyc4i91ZJ5zwJW7e
2021-02-15T22:01:09.046746155Z 323 P2EbjAAHGaarjjGAAwVJAghWKOGquAWie9rpyKIMA0u7KQVgXA5pkr0AtPlg
2021-02-15T22:01:09.058208480Z 324 IsuVLjbKMkNTUghxiVbmIJuDRGBCs8VSTkGuuM8Tvf4MrYL9IBwREla2F2zc
2021-02-15T22:01:09.069807483Z 325 FWADSjd27GnMsDBIV6XQNvhwDlnz7bQQgDiEirmr94qfs3I6D4brGJMVJkql
2021-02-15T22:01:09.080515090Z 326 hbIQEIAF9Fwu9FqE93ef78krmb4s1k1oT4ddzb7y4qaTsb6o5Ls85FnEnhCK
2021-02-15T22:01:09.092093399Z 327 nf9MZwdMsToLqOE0rFVkrJeS5mGtoFv8Q1anGqy6lOyCj2wF4t0c7z028fXg
2021-02-15T22:01:09.102612647Z 328 nBWXWoY9CRTVBNGVHH0aYufsjgubF4lDBB7jtinhNN2U2p0OkDzjebKa09PU
2021-02-15T22:01:09.113922271Z 329 iMAlkibiA2tqw0PoIu4SUfIHtiqvgSegtz2UaVun6FkMIxPrIkCTRUgrQaWn
2021-02-15T22:01:09.124335068Z 330 HMAjZ5lw0F42CC06C8RlkiF9VcApxJjpR9A4yHsZGEowWtLHV0BxICb60cvi
2021-02-15T22:01:09.135694902Z 331 etB8Movpa5aMKFmxN8KcTyDA6VEY1MJkAzE1xKaa0aw8iDzb7MObUSo1zYc9
2021-02-15T22:01:09.147075332Z 332 R2ocy4gkKfZU85wctf0DfIzF0jCEkCrKFb5vkCfRjZ77eK9Lh3NJzOk7R3Ya
2021-02-15T22:01:09.158967097Z 333 9wO9O5bouYw3FzodNYtVrjSzqDpeDCUqEODaDTCdwwTeql5q6EU5jratqFrc
2021-02-15T22:01:09.170049146Z 334 6lgwQqIVwYD5AOIhXAgoW6OHyJr7CntTVgNYmLwYnXFMmY29seTZOAMGANRp
2021-02-15T22:01:09.181368575Z 335 Ot7w9bOyzKxgMHwykICHoW97EETdVGZ3gZz4Ke3WopwdL8R1kcxyFwmZhixJ
2021-02-15T22:01:09.192769734Z 336 8FKtgmqxcE18YqKfi0ObopTJ1Wad2XETfjCbFLxJQE4XRyNwLiBwjNvIXxJt
2021-02-15T22:01:09.203955323Z 337 3KZKUBaaEvEEWdrQShIcuRhCVWkhiGiu2lu0rAWiMG7nfkwV0bCOswai11oo
2021-02-15T22:01:09.215221464Z 338 H7bH9ISQnmIDIJaFo6z1GBvf2KcIhSwcGcU6nwXmM9agpQp9hafT3jhoj5F0
2021-02-15T22:01:09.227383397Z 339 MmW3DQUMD6cTblndtNyjm7hN34dsDCjNpV692OK4n45T1T3zNTPVwXWr4IWa
2021-02-15T22:01:09.239276842Z 340 ZSSyd3ZzWhJGORFU6KPK5HUklB86nMjq9vQztgwR2Sf83rTgLMHpBta1xp67
2021-02-15T22:01:09.250456876Z 341 iAptvUuH1INLfCzrnrjt0pnI0QQkNdKRQ4vqXZM3YTtYnEGJi0GOlfTwkRKW
2021-02-15T22:01:09.261212498Z 342 EjHCv3irmnbfQmbziUbk9X1rDgeG7uJZPoSxMZnWNfAPKSGWAc8zrK5lzn5z
2021-02-15T22:01:09.273171353Z 343 Cq2Y8TTs9jq6OmmH1b5D0jOnBFRRKftpkXoqBufqO9pjRvo1k9DCG1Yj1e2I
2021-02-15T22:01:09.284909561Z 344 54nXAEDdwMcfcYFga2pJJuegTXCeUrRMnt2w8iZiyCgF9lV1fr5dAL9TJiwz
2021-02-15T22:01:09.295749600Z 345 0U9HHF4RefoGHIGrMvEIDQKWdX5wdc6vzHt6F9xBM7P75XZb2uo327jiTcMb
2021-02-15T22:01:09.306528041Z 346 ohuKcviqqQF2W5KF9glntuXeJKDjjL5OJm21AledfVW9voT7cq0eA7xWRCpq
2021-02-15T22:01:09.318085896Z 347 l2ATVvqWpgOOR1u4JAxUWyagjqDt8qmwwRubIbM4QEbiJmoX01Tio7dH81cb
2021-02-15T22:01:09.329269390Z 348 3IMzCmQIHTARovVc6X8NntOedDuSI0lEZ7Tt74s9OkvCogZsI6Ywom5mXNhU
2021-02-15T22:01:09.341135446Z 349 vEhdIZn4xU4lG44q3dYnE4huFPsAyQexmGJ99kZ7VVGU3klaNXYQ67H6tDM1
2021-02-15T22:01:09.352349996Z 350 vIsevOBbCvctu99zJkh2zvJoHfHGubKRkso5596gJQSeQgqlYJX2dXqd1JyY
2021-02-15T22:01:09.364211340Z 351 zQlcwqriFb8RojITCAWCcZ5wfU3clfsad6S99ya2SQX5VyyyoQKewncGroea
2021-02-15T22:01:09.374915153Z 352 kAZVoklVzUzQKPP1Qu8EuFZuQjWAOfzdFb2DDoPSXlhjdckBdMiyKOpubV8P
2021-02-15T22:01:09.387045900Z 353 vHtzRHQdx74Nfmg1XJLH7AQAqz12TufiBJHq7bauA2uVyAMk4Ln1uO0CjPHK
2021-02-15T22:01:09.398163803Z 354 pXkfChFbEpOWO1iXd20z42Lf6ahQt8YrBespj6m2z3eqfTu0Rk0PzVdrna2v
2021-02-15T22:01:09.409361800Z 355 NPYkOxncZUmkJbv9UAq4YeAUXlkpp3VJogx9TrNCAl2tcFYspv0sJwuHRf7o
2021-02-15T22:01:09.420624367Z 356 tABoGbjU0PNjCi5CF08WJHXE9iQOyVQegElQ2BeuKJFAkbQZmSEJfefdGAET
2021-02-15T22:01:09.432112528Z 357 Gamo5DZXHrEEYqZz4VxkVfAZMYXRPkgKSY86UJoaOuWjdYRff7iyBAw0dnFf
2021-02-15T22:01:09.443591836Z 358 omznKist1afuSTjUmE99ssP7TC6r2Qa2ippKY1atc40iMc3AJaJaq2QlXbCZ
2021-02-15T22:01:09.454578891Z 359 kLSiRM3S31bSSZ5neeu9RaE7KskhILHLmWkWrv3MmoMA7lRCcOKmR0YLzjvT
2021-02-15T22:01:09.466159480Z 360 RYssVrysDCe8W7MMxG5TwWxc4ZI3imUDdMGFhOeQ6sV1IwjiNoAEdzGuu0vq
2021-02-15T22:01:09.477802935Z 361 p2Y002cyecGCbTFptNcL6ajbnOs96XRrgC75UUbMtzxT33N9iXGjhgym8Y1n
2021-02-15T22:01:09.489354099Z 362 yuuIbIph7xdr0bNZlzxI62MOCZG0RUOwn6ZGnQFuIqnLDv8wod8O6gw7yL07
2021-02-15T22:01:09.501049842Z 363 X649m5n4UekFBTUvUC3d02LXRw6QgyV7FJChAYGLxMaoJnZEqlHoLtYupv5Y
2021-02-15T22:01:09.512218247Z 364 MZHhwrFnrdauwbstLTibKqxZ0lvNWjdwtScuH8bGmDDO98HVNTRaKP1c9SoJ
2021-02-15T22:01:09.523449382Z 365 0ffn56eP7dVPgFwYVb635aAUMQnihqq0oYYuqEYTjVVPpkmZpgTm4YogooEy
2021-02-15T22:01:09.534732733Z 366 atcikDvC8gGth09Sr6YBsY43KH2NZ9k7Q6rg41ZkOcP5cZGnhDBQtZiu4fI4
2021-02-15T22:01:09.546229651Z 367 ZgIyaYhYMjduUzR4CjEhtQkYe1hFLI4OGQbeXu1NrR4jPMrPSZs0r5qcz449
2021-02-15T22:01:09.558037461Z 368 z0fKWu4CqmIgTAbvZqpcQGv2nSOfx4aFWiXXo7XkfPCDXSRkcGt4rO5MB9tk
2021-02-15T22:01:09.568237645Z 369 DXDirzaz5vSyDqyAJvD7iPrwIgjoWMqFdifQHJp8cLFfKbPJRRJ7nkAk9yYY
2021-02-15T22:01:09.579123473Z 370 avjCT6PLeXQ13Ty4JHOl624nkob8hCwmdN2yPYMkmTKcL9AFaXDa1RJjtfWQ
2021-02-15T22:01:09.590442786Z 371 57l7alJhbxkqpsbEgdj5oSpaoMu5CrCuZEVt9TPWFNFT5HBJalhnpw5qfPjz
2021-02-15T22:01:09.601806787Z 372 iGUubJCOjo7ns87WmeXO7vWVz5owCRFIcR9aYokbAYXbiqj532tXJzwAKsKO
2021-02-15T22:01:09.613164672Z 373 wrUFFpbzvfs2Z9Q4AZ8vh4PnuG4CHTy161tv4CxS2uPdmWGf5PRDbFArPDuk
2021-02-15T22:01:09.624809633Z 374 R6HfOUIwYZ1UtUytjl4Ad1Lcql9wG57ZQaNiAIwhPvuLPb2Xc89tpRCSS51Q
2021-02-15T22:01:09.636185016Z 375 2VxhdoNWmPCxn8DdWjsGnvrPTOW6arjgp7FU5OcIHOyZftu4v9S8t0c5azbZ
2021-02-15T22:01:09.647193180Z 376 RMbof5o8PdVgMfyOZUYZxUstpL26nDZwCNfBYRZU9MHEUAp2lX6VwwHGHjaO
2021-02-15T22:01:09.658510852Z 377 OVdUny21nK2dplr9O4M7jCxDcdQyxrJKWXITB5UN8JtH2JFj0BrohGalUzLq
2021-02-15T22:01:09.669844239Z 378 eAJKzD4VSd31uYWdRwdReOTfs6s3l8MAzYyZnE3XaeBvc2sAwVSfqDIFxLHs
2021-02-15T22:01:09.680767862Z 379 xKJJnATW7sdOVU7EtTn5FiY1vfPvl6vLCOSaiOKxTFEZaKMSTs5YhIqJcICc
2021-02-15T22:01:09.691372447Z 380 IELmuzItIi1Br9ZT59wMaakpJrUTGI2QYtGTaQrEzU9MP2VtrHr7u7UZACOe
2021-02-15T22:01:09.703227613Z 381 1MObhEaHEgYB0puCrKEP7M59fwUHOL6i2Fwsnoc080mNztm2yuxHW73NeNOV
2021-02-15T22:01:09.714412807Z 382 pcqCdfHCURZpoAuvK90rcxe0RAh4BvdDXOMP5CWVkBwOuugfOVFIMDohdi4T
2021-02-15T22:01:09.725885475Z 383 3UHCa16UEwijtuMhzVCPwnQNvRds0TH91vIsGckxL5zh8b3hsTxij5D2x45J
2021-02-15T22:01:09.737232608Z 384 Qmv1Ka5eMy03GKzxBCaid4vIrIxDWn1X2JxVJ4E0F14gTUJrJB98xZWOXWst
2021-02-15T22:01:09.748805299Z 385 qNyAjEg65j3cDBj4m29lTXdgoxvONNknvWHUraSsCjohtmdhwX44z5ofpGs9
2021-02-15T22:01:09.759535505Z 386 cPvhzjvRFlDsZpUroLYGRZCew64D59i3dbyZvhoZQ9NBhFnwDg2xA6u5nv0l
2021-02-15T22:01:09.770907622Z 387 4FHZsU4eOT7uGBrTD8drj3W35PE66lB3gKvS6D4XC1mrZHkcr0XvSFplThkB
2021-02-15T22:01:09.781548285Z 388 7p9uuDrovjkuiZBTq0GF03NM98p2AiXw4H5BdsEixFKuVNPdzCAeOvVL2UP1
2021-02-15T22:01:09.792668572Z 389 nh9flP5hpY5XacLzHhoKj27gUYBOJxglgs2D3z2g04bUZyaa0MZieHrIrgBn
2021-02-15T22:01:09.803211771Z 390 13Yg2X9DaEiQOTuj1Ng0GC4Tc9Fs6ojrcacdHIiW6MhkEMCMtL63AoAGSsY7
2021-02-15T22:01:09.814587396Z 391 jaKkD6QbEfs0BYCb63Gfv5fEnHCmtg4M32NsLs9JwqrszuGsh9chFX34tW12
2021-02-15T22:01:09.825731392Z 392 6qjilP8BlvUlaoftW3HJDyIWHtfQyfn8d2AjHCAwT0iWDpe1btCKDYENle7K
2021-02-15T22:01:09.837811334Z 393 SR7rmHgH7pMhsmTww9HngGrOinCm1ZE1bNG7ffEHcJnhXqLoJNkEvO3JI9gH
2021-02-15T22:01:09.848797292Z 394 rYxcMbRlp8Tbsh9bWbOSqua1K2vesvYwxKk4KeR37zp8BKJrMqh9eNeleMtC
2021-02-15T22:01:09.859500564Z 395 f9DfnprVtH0nVD2I2PINHPcNNHd8aIkItzp0p7qJgB0EALSgiwNcHBEaf7uF
2021-02-15T22:01:09.870848937Z 396 NU6OaLuQqeZkkur8o7VLbt9SqBoJqWdEue23k7gB9Ci1HSNHsVffFL3AzmYN
2021-02-15T22:01:09.881267144Z 397 wbfMs2z5OT0tgbBTzQoZLMZM52pQYt44Oltk4ErhnnKBBVerxm4QtC4UgeXo
2021-02-15T22:01:09.892865285Z 398 35wGZBtHkqJ2QxAg82PfeRDdEK7LkzgWQfzHB9qJneRaY91hnjVZ7nJupkfM
2021-02-15T22:01:09.903241720Z 399 Bn2E2EPzBmtSQNcpGOl6eDon7OcsIoq6oeFWeBSbX92HxPMnVVZXzELaEzzP
2021-02-15T22:01:09.914405792Z 400 xjl1kxUIZjBv9QdPeY97mTThBo9vlr8vmqsb8J4qXBeR5cc0uCc0EK1SvaCY
2021-02-15T22:01:09.926127828Z 401 GjTZMkSWEraBFkL9Wnwr2qUDQjNK30zb36eC5YEyeuRWOHTtQQ5xLyzk9sI1
2021-02-15T22:01:09.937528485Z 402 zs6lq07D0GYl9T53nGnXeBsJgahQ4JeV0qmDcEAuyyTFxHjRXlkrdf1uq7fz
2021-02-15T22:01:09.948911868Z 403 2dSPUUX9NHkPBGOqnri0hXOzMvEx4VrnvsKQvkBsGucEo1Ff00mGsCoop42d
2021-02-15T22:01:09.959607608Z 404 Zx5C7CVFmC0tl70bg1xNs1zbPNwfYuHYoCKu6dn20K4dBoReqSOB3xUWwW8L
2021-02-15T22:01:09.970437088Z 405 wS5BRsuMYsvDSG6ZZuAnR620uIE41ZG1NCrmpfBYD7F3j45aH3AJAlp3kcWY
2021-02-15T22:01:09.981596201Z 406 3hhXbT6dIomwaJTq1PqHGvOQLCUREkyeQJMZ7s0ex5rE68o8oNdmfBaHHxbB
2021-02-15T22:01:09.992764432Z 407 eg4eP9C1u1FlIc9fUVAtzvG0wmKSxDplRlJcYmsCcb2Mte5qvj0xrzJEOvbv
2021-02-15T22:01:10.004027456Z 408 JLFnpnGblNcFsYNALGoqGC8I9OT2VOnoU5AcklVGfbN2vNjisIeIeTQRJLhd
2021-02-15T22:01:10.015645544Z 409 oscrb6BE9sjedHgEDhvWHeVnDv3I8crHW7mM41Msq3pq1lBiYeTP3FS2WwcI
2021-02-15T22:01:10.026867567Z 410 A6bsvyHZ5azUEXY3CJflFFihkNerz6x37Dy8B71KWgSQrGxBcmYIeza3nosY
2021-02-15T22:01:10.037307326Z 411 lH4U7WHP4N49cG9PPu7VQg4ZDUY8wlnPIeJxUkdlb3DsDTVS1rLS5SMSHWfO
2021-02-15T22:01:10.048620257Z 412 Ve74pjKgKZMKiqttRYSWOvliJ4zhzZj2KrF8SYCPjhU83AsGo8MZSqAwwLyr
2021-02-15T22:01:10.059810287Z 413 Ixmt9BAnxZ1Fswu1WyrbwOHWHnoTGpSI7RQCz3DJIs2znldAyWyCmsVNJkeG
2021-02-15T22:01:10.070233066Z 414 kxjucyObtC30vvxtZfKyMPtLvakoY1wThsm1WuM5SFjwxDW5ulqPEYmubfWP
2021-02-15T22:01:10.081507412Z 415 xjUhXV0ZEpvcEkd0zh87EpeVNX5wOd02lD2skoGdwfqhyVabikWQVBYtAzaZ
2021-02-15T22:01:10.092950276Z 416 JBDfU6vOVplQA4nuduikxX6gmlzkefA5iDStAeESRA5GSav4ajQMH5W3wiK7
2021-02-15T22:01:10.103468444Z 417 Ws4LjFUtC7I3CaOPAHSJDEBkcnHb2yOL9NatOZZHe2Syw90yt6rlameLv7ga
2021-02-15T22:01:10.115207996Z 418 sC7imwKOSlwLO2ktekaGKlfNUSiKRFmAJnv9lJdwLL68Yyb1uppAdYhc90H5
2021-02-15T22:01:10.126499573Z 419 m1XvHvbECLVeW3G4V17FafnQnDwp6ySstB5PqxfUywrwsFQbqki0smA5Rzm6
2021-02-15T22:01:10.137531267Z 420 feB2SfKU3k09xHl9PEFfdbn5EWQ6l5tSYybV13r9sEb0LMBOcalYHqk5EcbY
2021-02-15T22:01:10.148745792Z 421 nHhzQuSGvQph27oTJPOAEJpJ0gp996Z1K9SYT8pKJhVIETwIcVCHcqAW4pqw
2021-02-15T22:01:10.159857455Z 422 5Q5RNrSTQMzsnBIuGvp1s7XNyxDCOhhOsiiSiAC02wSTkfjjiLew5GBIL1NS
2021-02-15T22:01:10.170877921Z 423 hB32yiV3YvuHvtKRg1J7ouEQa4yeA9TLq7BaSUnFBdQSwAEENLrRYZovwVyb
2021-02-15T22:01:10.181882555Z 424 Ptfz9D19cmluCsdb60dOsFVz8ZQUNJnIiIMMo1mHNmAJgsjk7lWTiSayfaMD
2021-02-15T22:01:10.192648242Z 425 e1IdTfqTuvYJeCHbzdo2buQYqT4XYaezut9BYJ7wdK44zu3E6YrwDl0FoFrb
2021-02-15T22:01:10.203435081Z 426 1SQY5vI07hS7ZPixxIAjSOWk55hkkyjy7Y7N2lVDKNZSLnjqe6NRPbZ5uRKr
2021-02-15T22:01:10.214974249Z 427 M1PtmNpVvNl29qlnxegnfAcsB3cl90Mhm4i7m4Q7zG5QpIBjlsoQ3SxM4CvK
2021-02-15T22:01:10.225746773Z 428 ym1myn8DjWEsBkjIbgcnW900jbKszlTKaT9YlNAfCpVlazwmyWE0YQMbpNI2
2021-02-15T22:01:10.237202945Z 429 EImOcIWvSI8tvjAVGvFIKDsXYhhRSkCnsZ79nbuE1f104yS6oUEtNNBKalHr
2021-02-15T22:01:10.248992758Z 430 CTlLGAiJdLsT4Ou5aAMl3UpXSWBSvQSt36LGnyNJvEwhilFD4ANO6p9Yiq9Z
2021-02-15T22:01:10.260117761Z 431 4hEzo8LAQtdMC1AHPxC1CrdkiE0xdhriVf5oYECf7Sug19nyav7D6wz57PcG
2021-02-15T22:01:10.271654709Z 432 XZFMIgdI31No6d22nxD1URJ1qhWTCMh1SD3973lPQr7iknbVGRicPKnO5gTH
2021-02-15T22:01:10.282322392Z 433 6foQgUroCu96i5jss0XXRgBRx74ZUEnbEgRO6iq9H451TXAVLMjfCB9zbIIN
2021-02-15T22:01:10.294113657Z 434 XH0fc7FMoYGnOdZ41FcXH5geBT45NyncWNrL7jc6AAqOTvNbVScCKZvWSjX3
2021-02-15T22:01:10.305509588Z 435 JV3JIPTZMZb0Nm22FDjqVRri9q2ubsOYB2KYn9kQordqhxjkI9O4ekxFeLWe
2021-02-15T22:01:10.316533648Z 436 9OuAa9P5a0tH2UohL7ZQR54AG3USF8QiZMT20FCXDhs1IEQZUTw54QdRS3GY
2021-02-15T22:01:10.327631858Z 437 2IIwonpzP9XZlt9wtuLpFsBQLyGVH0ieQpuiLUS4uSuMXBSsJ4r5FnTw1Lpw
2021-02-15T22:01:10.338420526Z 438 p9FNwJC9gMUdnDQY1xSGQMMRh4b3UL8IBQKFh5agAFiPfGibtbYIqzhSIAVq
2021-02-15T22:01:10.349941835Z 439 I5ypH0qlVTEhKUfUWtSJnqisqv9licBqLD3hnXbWnKMAgGNhGFAgYkU0SeUj
2021-02-15T22:01:10.360948795Z 440 h9uVaJxFD59Q2COE2wCaPSd7IpmBRwdgsvHD3WIx76aA8XSB4vHJDNiF49ff
2021-02-15T22:01:10.372006381Z 441 BmS3LM0ZL6cpibXnDzuStDp0C22b9LRirxgRWWvpmDLpSGmQX86nYgTjdyxa
2021-02-15T22:01:10.383622626Z 442 OeLFS7FcqAqZg0PWCndG46kkifLLOjZ7LoSEc9WMW73e37hveieirE9BquTU
2021-02-15T22:01:10.394318231Z 443 k0Ngumvoe1F8SuhaGnp5GF9bnLNpRgdugoARhfjTKDzrm7ozc8JcJhnQh46q
2021-02-15T22:01:10.406064871Z 444 ChRh6R1LL4rc7TJc2J96j6Eu4jzIBVdhFvY48SyBo19CSCL3exjxNnJdclrD
2021-02-15T22:01:10.417503843Z 445 GbIatmeoNVooQ25fsRGdZ5Xjl6gxaOTmZz8c3ld34UcT3C2S51sawcw5gbTT
2021-02-15T22:01:10.428461832Z 446 ydp0HfmEXpFkJDtuDtL4wcN97LmzgHJ8bQG1Oa1idcIyW4UCgKwYAaSBxDvA
2021-02-15T22:01:10.439329197Z 447 7BJUVo6ylQi3tk2mGLv6uzZaPrFm0bWUB4JthYmzxvT0foB33cPFyoixKh95
2021-02-15T22:01:10.450490195Z 448 t6Krdk4w3W2uKFPNkK1mhzLorLJTcodZaKiAJjPMV9ojBpGshNQmp1cZUVUK
2021-02-15T22:01:10.461953744Z 449 wIqavdBk7AXScLiY9j030WtEvsoUDdd00SkswaUJMgfKiVYhkfkNzrLkfgrl
2021-02-15T22:01:10.472686606Z 450 0GHP71gJ1xfGlayjJW2Xahx8zGNZ3iezlGGUbr9bzwBCU2qokOQgNj8pXwMK
2021-02-15T22:01:10.484290373Z 451 Y3K5ho55IrUZfn17Xl8zuqVuRLUrjuYiwwrnqTLDYQmiRQTAjfo0LYPEBQPb
2021-02-15T22:01:10.495663417Z 452 r0zWQEefnv1P6OqHYpwAsRMFd9s8t5c9H787XnZ9c4JJPROimpejXUyIDoZY
2021-02-15T22:01:10.506932789Z 453 MdbCdkRFNxJEQXsRYe0LbTk8jKjjI4QAbSJkGQuZK5lJqCtjBdNju5cS1Gpi
2021-02-15T22:01:10.518623488Z 454 jdEdTGbN17HTCCEB7baeKSc2MyW8EmfBGewFJRoFvNhFYYTQ9Xs9RTXyFohS
2021-02-15T22:01:10.529457794Z 455 dRShoovJ2wQVpR0nrCWrBEKVtdHfbf9WYeuQY3cITG4LhcdfntEru4YcI9PH
2021-02-15T22:01:10.540327921Z 456 JnTVqo8tZ2rlAP0I5VV53GIpLydabSErDrbbU2FpD6P3UBFJVnrNQlr3SiMX
2021-02-15T22:01:10.551985645Z 457 uayLAlByzRQ9SUxNFgJaKUMLfAyDoKDovDoP3jhkUNgGf8bbQaSzGJ6XxWim
2021-02-15T22:01:10.563024588Z 458 5OwhirwEFyGURys7Qrtz2FRKE2vqwAqfTZNba2H73enChjDvS4Dg2P1z8X8Q
2021-02-15T22:01:10.574495998Z 459 B4xwHCGAQbuZ18tY9KCpe9I9YqSgjBrZSOQIOUaeTj4B7o4r69L62pd7NS6c
2021-02-15T22:01:10.586137667Z 460 vagWaIb19I9mnrUcXUtngJPFXYmUwykmblLV83TIE2a67SEO0CQaIQySiHBK
2021-02-15T22:01:10.598057004Z 461 NHSgvqEuUen2OgFx4wWGdQCrKnBmVckA3C5Cuzmz7Zsq9VJNqDxgVRcolhyP
2021-02-15T22:01:10.609582800Z 462 staObwiRp6NseSORRqsnOwfhdxrF7H4OJLDSm1PkVbytvH8SCWEfmVkBcNCT
2021-02-15T22:01:10.620663321Z 463 8k6omFnjXHRAUSgf9VMqBGy7hZsmzAZB9uZ2eAzRnTTSkol5NHmzvULQB495
2021-02-15T22:01:10.631901626Z 464 lDZ8XHIhFOxd9MTvPgFnkZMl0eP62Rt45VjZGNCmYP4q6SKHwzulRCdVhk27
2021-02-15T22:01:10.642640099Z 465 FRt1ROySD1TaunzVFetm6VhMkHjVAo5iY7N2slgTV5kKXQpMppLRHDSmgItg
2021-02-15T22:01:10.653877154Z 466 ZEegxrGm8UTetS2nqAILjfIHl6x9eKtZhv6FXNtiSPNLyixlz25S8YrvFDe9
2021-02-15T22:01:10.664259889Z 467 96qycGInUK9B6wwBLsUEx4ZzeifMIRbBo7HXMLdqytBU40NdhD52Ly1BOSEZ
2021-02-15T22:01:10.675690538Z 468 ehF26vlUCAPEO3hkIuegQldxSecbUyA73JSj5zU5Oswe0ZrB12Er5rM0TWpF
2021-02-15T22:01:10.687203186Z 469 tRrfdmw08sBcENZnVbT61Zw1shpWkI8PAfSVfEayzdulrmBFDYwUjYp4s2rz
2021-02-15T22:01:10.698729155Z 470 BER8pLmgIJstwlfd15mBbSR8Bgh2PW7S4TjLisiCIm2njplSYKbjZgHjXSDM
2021-02-15T22:01:10.709068612Z 471 DaLZWLM4IDvXVEyYPQlMMabrKw454wubvvJOjgX9blHU6jK2nomG1uK4J2AQ
2021-02-15T22:01:10.720528190Z 472 zXepBGxIxXT5ZPHCWgkZiGR5CnsOZQYyJr2rZPdhG7wvUTVS8xSArKj8TsGy
2021-02-15T22:01:10.731685135Z 473 qfbpmgvq9wwAwmbZXbhKg6FZrbd794hnvCjRcYyR7hnpSpQGR0BO9nvoitOK
2021-02-15T22:01:10.743224560Z 474 lxzFX9CAPuDGH3965Z2jBQOzGCEHAgR2AqJheujcKenQRTw4WaDPf5df3A3R
2021-02-15T22:01:10.754794562Z 475 TNhTTpKe3xcAajpNb7VADrAzcxmk68zy1uQ0lhVf9oyw4hMVMHOoV4Ov02mN
2021-02-15T22:01:10.766449930Z 476 bY81vrMFeiWxmgjsm91pdAzHvESHZBCLd9dKhmMZKg70RNEKVZbppLJXgrOF
2021-02-15T22:01:10.777750434Z 477 je2OEDBQTICGqaELBGf9RX59UtdPWdYQtz3N1ys2fZS8EgJHhsVs1YaE1ShT
2021-02-15T22:01:10.789078243Z 478 0BFDb0OfOxW8qlcSdFSRs9UZLu2UTKu8XHLaEjVPZPOBEveGiN7def3eCAcw
2021-02-15T22:01:10.800785775Z 479 mf061a5hV8c1Vr9ZIylMjrEHFOmSq9M2iQ5zMJUXFroWDDky8phlEDrUz4iK
2021-02-15T22:01:10.811752091Z 480 BMciM9PZc2eB8WIhwjwJecRFFX7OM9fWFPahdnKV6DAavYOsxiA6yaf7t5B3
2021-02-15T22:01:10.823149702Z 481 m1jRCnOYrZWFLo6V8BuDBCWymJqjTQccU0XWEIXmLnnaqb68DAhyZCde8WOp
2021-02-15T22:01:10.834990552Z 482 fxA10kkVWiMoPhwsOZ7BdwS6UOWQsIXLmDyGDSH2Ej1rVK5gKnbPNmjZ4Lbw
2021-02-15T22:01:10.846539845Z 483 a0TteKprBZboHflTSWTLCjMcuPSd7SbFbYVoBHKj05BodDKDeO5mgRdvHGHE
2021-02-15T22:01:10.857415075Z 484 gWIVOzFv6WnOE9UCJo11jh0bkZQmgpizmydv4bYZhmXBPwwp3k0R2XWG3oWn
2021-02-15T22:01:10.868747843Z 485 umQ8BDWkDgVtJaJaQOJ9CyT0vIPh88TvkXuNYnOQYPSbwwq9Q6ysY5CJ9sMZ
2021-02-15T22:01:10.880460625Z 486 SYQgsH2H1VS2EgSBUvr2Hl9AOEOjiBZ1ciYuD3qNTlpteIOpJDOkRmo2LTtx
2021-02-15T22:01:10.891394520Z 487 pqAGeBktMHnFKljkEfoyLvyV8CrJEFD0jyEiRR4sc6Szk7brdWkdxf8Gax1a
2021-02-15T22:01:10.902748138Z 488 R3CK6kr32qmHZ15IwrDOIZxzdSyyrNT67nxD1t0cAOQwylrXc7SeLuXyvdF6
2021-02-15T22:01:10.913170257Z 489 GJCs5Yg7f6xtf2ZVOatxluTM67tXC7qa9vQyziCY3s4NmPbuJp69koiN2Aht
2021-02-15T22:01:10.924635585Z 490 fFPASMvQjN5aBkvrYKMjiyw3p1HcwaxQCer3hbRavudpNvTuuurQ8j1D5fhP
2021-02-15T22:01:10.936052558Z 491 D0yhMBKgUTyGna4JZv2NsEftBh2nw7bw08caHy39DqHbHo6LH8Sj7U6Zi19T
2021-02-15T22:01:10.946689369Z 492 gf5Tl6yLDBQwU2VYTYqwHhT4zRfdRiXW48QFg0EHd0gcimpFP2aArHzeYomC
2021-02-15T22:01:10.958339832Z 493 9Z2jylf9xIBSzbyS8uYRLhxAh1k1EXXUOdvUyxxGISQRigLLbLsvHIxNyRkU
2021-02-15T22:01:10.969519060Z 494 r68LQhLu4o6SBb32StjDuyC3isBMJjk7LMc2oXcKkUfjEuftpl0yUqEd0Wir
2021-02-15T22:01:10.980939889Z 495 sicDX83LZHxUcCdScVVZnCsbzgYegda19FMI3O358wBrpGaNnNdi8Ew0ag2H
2021-02-15T22:01:10.991538193Z 496 X9nH072Cez0krRWNAf1Ow6G53861fLkCAHNoTGxMt5GvobLDsyUASdA665Gr
2021-02-15T22:01:11.003021008Z 497 FKCeTXt2VRFWXBz3uKpUWuOU1ti0Rr6vkefbegfM3OnStTISFu9nYiDFsHOb
2021-02-15T22:01:11.013914810Z 498 06J5a3KUFGab6kNapAOhj2oIJKalQ4bKVDXHCAgY5LN6xjsVnxlHKy9s6Fcr
2021-02-15T22:01:11.024371202Z 499 yuqSdQxUZ9dUYBfDPSWJwENW9tQO6jj2aZYG2zwB2bzKDUu632cPA9HgwsrJ
2021-02-15T22:01:11.036097121Z 500 hLdYofJaV3gOl0eIHLnPdZkEydwURnuLwhfSmNlO5boc5PsYm6qTeJFXd4MP
2021-02-15T22:01:11.048005312Z 501 rY3hY1o0kDDqE0zCr9Dz7GC55GUmqfEjOcFfEbd5szVqJnzsG38pEIqNmKn4
2021-02-15T22:01:11.059753544Z 502 slCROpqNjIDuJb4XO6hTQcbcBtDlTxvE84uceYPGpxj2mm7lZ4aC5r9yHcHY
2021-02-15T22:01:11.071212521Z 503 bB4UxhkgJOa325RC9oyWbp5ZtEpiV39FGp2nZSwH3jMmntvSpSdvhTvRxRxu
2021-02-15T22:01:11.083007339Z 504 XqZ0ecPWUgqY5zTBakbViAKdPCxhfxyIPgmbxSojek6wxvOj1GXZZoUkjCJD
2021-02-15T22:01:11.094816334Z 505 inWjxkWz9w5Ma5r0MHWW3UrtvSAkAnhnpJX6SBv8y5ijnLyQEIxK0bpuLmQC
2021-02-15T22:01:11.105379418Z 506 vtndUxBErv7hNrqOle0qhaV056ocHfQhAnevcqdy1J3ZLFzjTfr1noAcwsm0
2021-02-15T22:01:11.116673081Z 507 bjxptC2uLjtWXM1HKttdCmC5RqyiJE9AwkpUiltXBG8Qo9l6nn3UIlUlMXTF
2021-02-15T22:01:11.127609457Z 508 n7fDw2rIMePkUL1aASwtgud7OfhWaRJEdheJW1YvsV4Tdw9nMACy2wuohoQQ
2021-02-15T22:01:11.138443870Z 509 nHYVwfr9f3UD3glF8lOzlFOQNqmva63x3EBzeivkKbahAzd2Qdq227FC2ykK
2021-02-15T22:01:11.149223720Z 510 f3Iqeruw5F0WV9JL2a5Tty446s6weAHC5uwUUlHkgyG4Z6PNAOaixbyDUgvV
2021-02-15T22:01:11.160719335Z 511 KKtteqVnmGRCldSCik5ovPcmCBmLNd9mJShX0l1N5Isyke2Vlmo3skxoVoK1
2021-02-15T22:01:11.171784250Z 512 eKV3cBMnQZVGXpnnqs3W2P4et2zFihlURdcVTLbeQG2s4GnpvYPGneueO3m6
2021-02-15T22:01:11.182273827Z 513 bnA1yNyj6q6soL3WQhJtxlAd80Nca0lo2yCtS54hiK0YMVMGWPNGIaaTTF9r
2021-02-15T22:01:11.193697345Z 514 Ma0ii5YawQk2JCg4Ylrv7ibMvzhLJxQw1NF281NM408mpVZu0EI71LPW9j9e
2021-02-15T22:01:11.205144340Z 515 nyBL5dMjmFez20nbQsfqEevSiC8ReTMBXEWqsUwnob76pCMDGdPxMarOyBvY
2021-02-15T22:01:11.217000995Z 516 g3UTQFWpbpsAWUYPSgupvNzPKk4n2OPGzDsWd6qPmfi3L0S41uFsXfJNI5vc
2021-02-15T22:01:11.228394979Z 517 nyXXCCypc4k6N8MJtUJDEEIHALogwTW7m9MsAXclc8u0VpdxK6z2ChUWlkiC
2021-02-15T22:01:11.239559551Z 518 nK2si3gDc03LrxDsSuQudNkE0fh1t4RD1UhEAACE8KhrCYis1AFBIckVLkRV
2021-02-15T22:01:11.250731340Z 519 IPVfSWjXRqf8K4UMNo1ucjnbHEQEE7jeDi333nYTu9Sk47cIMLPw1kutH69h
2021-02-15T22:01:11.262044896Z 520 NZQzZSMt3nXOrLb9fLeR2DYTj9Wo1alVrhATh0YteG02aAWQtPm58bxb1wvP
2021-02-15T22:01:11.274054826Z 521 CAF57i7zPC7dqVuc86jBixu6wvPSeGiHeiFukyOyBEI0AkL2wr3G9X39nHem
2021-02-15T22:01:11.284782982Z 522 xDJCSXyJL0T5yolLNbgBX06ldOaso6WQUq5fIpR0EsM6V2qdKOQLDqZxFHR7
2021-02-15T22:01:11.295641408Z 523 tlXosbyiFeQmaLSYHzYOiWc8mJOOMdd3SKQFUPp71Ietd2mFp9Xn9Wsw4v1J
2021-02-15T22:01:11.306364870Z 524 PpGa7EVRaC1ZK03Rg3Dn57yQ4BARMg0pRtvMaInzyL4ZmeMjhntVmIU0X4KH
2021-02-15T22:01:11.317994085Z 525 dfvlNGVlBIBc1wsojmZNLKbnVUQtyksl0P3Si6KWblV5S2mBrPYwOiZRPrKI
2021-02-15T22:01:11.330077967Z 526 3JktxxucmgwK9nyfFmD2nGoffO5S80nft5p8H0V1mPwykuqmhPMLVj8KCpKb
2021-02-15T22:01:11.342165479Z 527 sz3OYswIWLQgivYC4UqkVt2rV77ScOWV0ELapl33KX1KhjIxPTzwLGYdbWSF
2021-02-15T22:01:11.353627280Z 528 cSnXp6Pw7CWlGd4H8NZELazqhHc3TQCCxFcrmqY7ZL6imNEfgesoNaxhfrgi
2021-02-15T22:01:11.364446608Z 529 6X5XqBr5MHgQzXxbrfhyKuH8H2OmdtQhBjW0EaVzaiLc1Syoh7cSERPGX1nz
2021-02-15T22:01:11.375813861Z 530 FE5iVDJ2QWRanvvryjQPRLwZY0gEaR4htujJq6I9aSUYsg1PVXnAlXhQC3dn
2021-02-15T22:01:11.386422161Z 531 1bCYZzYP6Qman1K71fUrGrnsdBg6ovhy3qrHksmXf1nizelEFVt0W5RaYKQF
2021-02-15T22:01:11.398125095Z 532 IBxW43DE29ped5PhcP6EBo68QuUr3O4jOnb9vjfFAuCoPDh1DsHKs3tNyphn
2021-02-15T22:01:11.409813408Z 533 lUnRzUMRxklhZ8CvzZAJeqUM4C8jRppB9yvfgP70kNLtXarexfZb16OLNceb
2021-02-15T22:01:11.420694768Z 534 36p7gH4Z7yEfkUjqBzk1LKwzut2nczzLsKzGwDLTXXT2drNzenGe8qNWHusX
2021-02-15T22:01:11.432055180Z 535 CkcytBUnCSOt00XI5ZXi0m5PrVeKCGT8JwU1Zla3QisZe3K7VZ8bBn3EWrJt
2021-02-15T22:01:11.443756608Z 536 eztWPwRtTUtM1VxuIObEYYEOESN6blVdAMFqnSaj4Vdn5EfcwmV7HZiEFDvH
2021-02-15T22:01:11.454586450Z 537 BHWrftQ5AHpcGc0fd4M5miBJ0B3SWXvU2Wh7ZfNYjoFT87Usksx2iETFepLZ
2021-02-15T22:01:11.465309212Z 538 eJkEoZPdvUGSR7IuhAro63sfWXcQD6uQiZ3v8LxMvrLMzy3qP9En2EQajH4w
2021-02-15T22:01:11.477375863Z 539 r6mqEs8qpnGuRYfdQDl5DlkXyiSgH0foysEGO1flpit90u7HT29mocJcTBtJ
2021-02-15T22:01:11.488378922Z 540 qbJSMVHuabGEqzvG8MI3XIc3rgqExbIAH1oqElwZ3v1rRsDKWMF9CczD5XQZ
2021-02-15T22:01:11.499732724Z 541 mIhq9CbRuEWmx2bHRgJLngH5j9rIhgkRvukMCI5VmlQpkPluTaHMiXgIQgMY
2021-02-15T22:01:11.510845529Z 542 3wBE9E9arKjzeZEVVUUva3MJm7iUnEKLwXNIk6Cjk7WLDBmhH4Ezh4YMU2TN
2021-02-15T22:01:11.522311768Z 543 GIhTyQTGCKLzxgQcfl5iCJuaUJD3M1nGxk2xCxGZfNojK8Objf84TL3vONcr
2021-02-15T22:01:11.533379421Z 544 tqOBKzSMP42CWw3LR87CkosRCiuPC70o55abdDV4ENc7fwNRNffVVnrlyocx
2021-02-15T22:01:11.544431511Z 545 dy7PvesX8UIaluB9WcAN8T09qBK9HfXAtTlaxYPrltkDVY9HOAugqGUjngal
2021-02-15T22:01:11.556048697Z 546 OwVoHYMu3Z6os6CMyQ0uplJsXOV3VoABKP5clf2iptzMS7iZzxwXdWzsRFVW
2021-02-15T22:01:11.567762304Z 547 FUacs9RhckZA3pTXZlkY0uHHHSuDcW5zyE01vXVuKgOnox21zTAFEaT3H9ZR
2021-02-15T22:01:11.578261940Z 548 FLLEnzrP5bP3Nn39UxeBe5lMg06DkgtwofdlrZvl0hBDTy3uYlm0avLBKfgy
2021-02-15T22:01:11.589848917Z 549 t8HhFAiAmRl32sHCCLJluxRbLCNwtU9NL47W1A0Ke1K1MZ4xwEECmuA5AsTX
2021-02-15T22:01:11.600708853Z 550 MtcqDoMGxVD561oXYxJC40jCDcAGr2eJjn7MNKPMelDvDT3KBKzk1sUCVal2
2021-02-15T22:01:11.611405981Z 551 ETS5srkoG7Y0M4o5wU7LlVKYggIOMvyDSfHpo7cnHuAocEbx7Ni2BkObqL5n
2021-02-15T22:01:11.623063868Z 552 fNxbj8a9M6kWmTz2tS0BUJupLhxhfw2BpHbozScwbS1foydg0i2jNdm8fpmH
2021-02-15T22:01:11.634197716Z 553 RPdDXfc0Ou1DG3Em7xBxkmyOsb5MJSPYVUXCjJFo2RCp3TAoqBLoMw5yu9Ts
2021-02-15T22:01:11.645572369Z 554 JnuiROW8EBdTIUvwEOvjOFC0y1mEbRuuL0WcOFLbi7BDoDVhwWBiDghgLXw3
2021-02-15T22:01:11.656983581Z 555 oEKj2FjsMJDjCn2rvaZm6FI9PAvCodCCXmVHxB9FOoXtcqMbgpPKc8AV4xel
2021-02-15T22:01:11.667743170Z 556 NnZu3tPmziaSD8S2IYlKH0yqdL7OFC5mtoCoMkGNIvxJGA2uNCj3dkZcR7kE
2021-02-15T22:01:11.678634981Z 557 wP5oDRda0qRgrz4NhmWMNv9kXXGb5QdpXvCokc0BcW9a7GycY6uR7XvsT92f
2021-02-15T22:01:11.689677664Z 558 GCWNDVGbtnHdb2pDMPgw5mT4sHj61EwB0fy0K15rdITJC1AwDtNoWlq8Vmaa
2021-02-15T22:01:11.701006495Z 559 Oah57PEhz6xDJKzdmuPX0htOm4hRNEjqy3tgFOKyDSnK6AWhROeCFZeO3ojz
2021-02-15T22:01:11.713132354Z 560 NxGvDdjUvbOoLL6H7eRupNAlN9beg70RpFlRV2X71lHXdZUYNAD9ZjYCOLVt
2021-02-15T22:01:11.724357230Z 561 Ncao1bD7J402Mu59rrjCawatui4V9B5qPgSEX4QsXqUPv093iXkk7M4ffBMV
2021-02-15T22:01:11.736108928Z 562 NzOomVjwny1WlAgZsUzfHELzOTdO5ZdECBnDOZKYpX2SW1aqmvedtD8HsTOZ
2021-02-15T22:01:11.747002713Z 563 6d05Yr8oEwoNqk52jt9DROuUp0rw93meb4pRz8AJ1Iy3QJ7i3cuqNTmUaYvb
2021-02-15T22:01:11.758548388Z 564 dG8gPg3239aZ3LVVXKVgJWZne487xMGLjyC3ew4ZqI289ZhYSVfEbA61HxvL
2021-02-15T22:01:11.769873973Z 565 bPtpxiPMynYJsoE8Fx92H02svZWwsK6hTj25U8Hrn6jjYnAbFY1dnmm5fKVq
2021-02-15T22:01:11.780425598Z 566 YpKctFQvwNkInBFw2iiirO8pryNun4zazss2afbPxWpyhqGYrNdpFqs5ZQPQ
2021-02-15T22:01:11.792297397Z 567 N1O9wGXZjwxjau9Ina30KLqSJHSkqhFMsAjMFJuBH9W4tGdG9iGaRuagpw3X
2021-02-15T22:01:11.804210084Z 568 Rh5ZcWwGRBrRt2odpCBu6V932lxfLPIV7U5hCN0FrPkqXRTEQVp8gvJdlLbF
2021-02-15T22:01:11.816338808Z 569 J0oOcgPePZs7FVNnYkIQaS2VmgA5fduNd6ns7CDmSD8r42SxqHF3SehXTpB1
2021-02-15T22:01:11.827312067Z 570 4BVPnfDG6U5wGW3VToztZgqbuWGySpMAYaAr0T5Ga0uY7WeJPtWqxe4HBPaf
2021-02-15T22:01:11.838444812Z 571 GHT822CdISxaCI15Kob3QFP43gwLauOn7ITlnRHQw3mbXTC23IHV2GXbauVg
2021-02-15T22:01:11.849872304Z 572 lygk5g2BRCOHl5TIjGlWkyQleva1GdQLP5ZIJYmjBQCIoMxPFmSLuea9Z8JF
2021-02-15T22:01:11.860408671Z 573 QAvTKyfXpqtueE1sHvkVW697RR5F1s6VguSxH2CKM49iZwvslPLgUp7KL5VW
2021-02-15T22:01:11.871852873Z 574 gFe0pWCbr3JIFtBOdN2kmKwSFy2auly7mPH50ak5gGaXy0sAwjwf5gjy4Z6h
2021-02-15T22:01:11.882981096Z 575 eVrhbxGaxxHHyK2EjjYYjj3hsWArxavOzkJO6Qwo3NZRr9GdQw2LkmTjpMbr
2021-02-15T22:01:11.893677659Z 576 s5WzNdkvB4ifjMdBj9nOg8VzhyQObU3UGvxHXKdejaOsFLWAgDKjII2CHSAV
2021-02-15T22:01:11.904978083Z 577 pbXWpPZ63SXEWikIZORpqj0nHp8gCOfD1iARIW24Xt0CAW7X9BuV7njuGikT
2021-02-15T22:01:11.916324514Z 578 2DlZ2UjO9at0oUICFPhUrWiRZA9vOeqzZS2CugIm7JWmrnX3O3GK3E0AjV3m
2021-02-15T22:01:11.927660899Z 579 ysySIYfTM0xpNBoql3M7yfoqipgXXgC857XXtAD6qEPg4igpaFA9Ao4KHEsx
2021-02-15T22:01:11.939313285Z 580 7toogPDKV65tLx4N6RcWP3WyM6fbMysKpIjs02II52ad1NoE8vg5Whj9Kw1z
2021-02-15T22:01:11.950628763Z 581 NqyGIrjRJ8haJbBlnK2VmRnO8ddSsj7qTOTUH1LQE2yWAMve79cLEgi68wBp
2021-02-15T22:01:11.961677029Z 582 mKjvQcwwtU5aJAeAJXoWD2m7Hfag1aG78jtpnOGMO0ROpqekghyqXdbITCsS
2021-02-15T22:01:11.972458428Z 583 na2XNqJdm9UqIxBYYChaHw6Rr5rz1tm4psYwr9woI19Fa7t69IeVy7uuMjpm
2021-02-15T22:01:11.983667132Z 584 5PcPTQRECemDrTemgLT1KE0d48Qw8W2eUBdbjxn3uj5ojMBcFRB13TfT3hoB
2021-02-15T22:01:11.994526506Z 585 CpJIoVTeg97NreY8PHJS8had0SBC1cRaEV4ogH6S7OXfGe22GNpjdd4q4rdE
2021-02-15T22:01:12.005373889Z 586 v9qTHpHeUt7hP25JX2ABPT2LVF3zg6loLIPyWJ8Xyj8Rh9PPgSsJBfK7crYG
2021-02-15T22:01:12.016950775Z 587 i1pjQsOo8xd8fJboXRGeqwnCxl0395vqYSTjREMbfMe3bt7n26TH0YTwyJiw
2021-02-15T22:01:12.027352795Z 588 HY0ZRVF5bAFS8O4CHIVHwjLiLorSodagIgDWaWL4Jja4wkGgsCEoDAsHwBxO
2021-02-15T22:01:12.038889235Z 589 nWv6Q65karsFS6NV2nw97pQyi6XEIBfekR1b8KC9g2IMKv4hhu0xvyLMA0Po
2021-02-15T22:01:12.050551890Z 590 AjACvdlZgqLdcTsDzrqcrYw4SrZhEHZsZE94KPj0FJZaIuVMnbd7ccutg6N3
2021-02-15T22:01:12.061570788Z 591 WcOQCMuda2Z7CvFF0OJVkA8mKmVEiIrh12Na28I2K8ALyOMRwsdMZYfkTMWd
2021-02-15T22:01:12.072683912Z 592 nh2rSw8zfmOCiRKD8urd56fn7IshpDq4L6mVsyMdvzJUqwSxbgcRePrMWTPS
2021-02-15T22:01:12.084429416Z 593 kKGYJmzLdPCAZGbDLRyJSNv9vYMPNcd0ejQMHuFbyqJaOUcv2tTvDWbiI1aE
2021-02-15T22:01:12.095910837Z 594 3nasSh5wbfFujWUUWxFoT67XBjMb1mYs4kehb4MKP2yVTWm5uJ7cnRzQUQTo
2021-02-15T22:01:12.108006365Z 595 hQFW4ZhO2yZrD2GSdFXQ5dI6kypcvCdHPnIfs1jI39LydmCjktXTZILtTl2v
2021-02-15T22:01:12.120183965Z 596 xe6E81UoIPwpvPuaoVvx8mc42EHmLWvtMtI3FQWddSgL2jAkFTZQfM0rLL2x
2021-02-15T22:01:12.131783129Z 597 cNdJ2zeFEKCAKNRnzyHezcpHyVbmJV2ZAHNq9rg9sDoDLUmnhG4dxJFrOA5P
2021-02-15T22:01:12.142471197Z 598 lQ0bi7BW2tuZ2HqTSxDzXhnIq0MfIG5iAPbwCTwkgBXdhHQZyvXLDpZG4sU4
2021-02-15T22:01:12.154162700Z 599 s4Z4ychrq4cikNeqgeKrd2AjWvdSZY1GSB0rIyrHFI22VrVD48VVCX1xwKg1
2021-02-15T22:01:12.165737217Z 600 6YXsvp5Q8Iqn8qpvn0wAUhfvbt48v9h97lc6PG7dqNgwLpVIEXtOCvCXkXCb
2021-02-15T22:01:12.176854004Z 601 VDzNOOYcpZ1rrVG9hu0bTQOPYApJIeaYbP1J93Ti5RVCMaY4Cl8T1hfetypm
2021-02-15T22:01:12.187497921Z 602 mf7YJgBCXiIhdsJfbW8W9AvkZZ5rVGpJImu6XcjscEJ4gs5KblAbwCBvtVk4
2021-02-15T22:01:12.199073700Z 603 zfE14bOjXsOh6HrWlbJZDOjKJG2CO6Ab3Op80ofQedM23u4jg2LuwvwtEX5i
2021-02-15T22:01:12.209891514Z 604 6cXukxPvbJn4I4XF2nLRWEaveMveWJeVVbqsgxNSDrb7WdaOsAyLVZOLEpVc
2021-02-15T22:01:12.220644193Z 605 Aju5Lk5tHKHQJtcRhGX7XzQ9NjH6KKsVLCGVyXTB9HQKa5vHVQDfnQFglHaP
2021-02-15T22:01:12.231686835Z 606 MlvlIt56RKyqR6TTgt50YsoT0izSJsd2ZBX4n5aX0KzbhDWQF1sA9YoearFj
2021-02-15T22:01:12.242877857Z 607 PacayXsPKP5oDEK5RwFp1t2MeXhWkOP84BEghToTL776MVb2UVQGxvNMnkGt
2021-02-15T22:01:12.253532754Z 608 3c38jbp50MR9FwNCSFYQYwMBCSrU2MJVqOpquQOLadbiKtFdAeYQKlcWP04R
2021-02-15T22:01:12.265155670Z 609 qn0uqbqvFmzdieIt5mkj84Red39xAFLYpuXZD8VYEBABPj8F4Iz7kzE04MV5
2021-02-15T22:01:12.276938529Z 610 wbUZwxYiS0PvWip3gVllp0HhEqZmI5ecb8s84zNMSnOeKGmQy7bTf05qOoP6
2021-02-15T22:01:12.288013999Z 611 277MVx7nHaHpqKCN7wQccLxn0DDSrQaqiqwhax7hu6xdXHGCBidkSxiDjtwL
2021-02-15T22:01:12.298891129Z 612 MYtk1I9bAbx4DdpqRQLWIAEHKXwiuqET1AnCh8Gz0kbhM0Ni7x3yuLSJYmWO
2021-02-15T22:01:12.309501914Z 613 fFiwCalcdqQr6vAtsDr0PTGRmCBBk2lY9JdIK3wdcJ1iXFqQI7mA9tsy41fn
2021-02-15T22:01:12.321145426Z 614 cAYIFPw3vYvArahX302YD1Pj0m7qARpwJoZVjMiTBhELbPKVujT6oseMTHC8
2021-02-15T22:01:12.332790744Z 615 ygqFqJ9MslhaMP0IbWcwuZWxCCYes1cSZAunoEGtKZ9gM2v2arTC15dOJ4ar
2021-02-15T22:01:12.343546807Z 616 qNcgCDNBT8ogKBbQM57jetKg3rSaiFQWUUBbuqODBwNNKCLN94ti9aBd6c5R
2021-02-15T22:01:12.354626832Z 617 F4EvWDfYPOhMJsC4bX0DCUEzs0M4cCerPwNTF4o2BVVXWdjkzs1Qce2YpBJd
2021-02-15T22:01:12.365226850Z 618 O2jcFKsR9kzuK7zmHaYcQJTMMSdM5619HW7PwUCGeXzYnyupwDZf0zcKGq72
2021-02-15T22:01:12.376715875Z 619 QnSsE9ka8RsXMSoPieiL8qjFIUp2dn7ClFresBklrWeMckzLM75DfcPHTtkG
2021-02-15T22:01:12.388054451Z 620 p6TXa7cAoxiTjxS5jzZTLZZ1gPnpALJ3vvGdekVvIcA5TP1iW3ztfVSFkOQT
2021-02-15T22:01:12.400046106Z 621 1Y3zK2WdSu6xySth4XriCXuicyxWu7UL9B1hUb1EPMPHJNM3s3vqlg8CHacU
2021-02-15T22:01:12.410875397Z 622 mjlTYxKM4QCuGVXTBBCXt6oZLABf4lXk0uQ3ZoiAZyPU4eq3wEPJFe6MH1vV
2021-02-15T22:01:12.421782231Z 623 moE20wzeJP1OoiL4Th9KXCtCGfFhlBOHyeWl8SlHcXwQ5996sNDnWHSV1ss9
2021-02-15T22:01:12.432311545Z 624 UvGe5YuRgI3QDSM1UoBNVYk7OAFkH2kPCCZjJEs4gHxbx0KPL9ULXqvmTXYu
2021-02-15T22:01:12.443647566Z 625 xpEbf55sWyy6DJ8NT0GxtbpV0nKKEQ34KvLL190mdkq5URR4sTvJ7eB1Y89g
2021-02-15T22:01:12.455166676Z 626 Ua92G1RN74hHFismGIaKk3IfnE2RP3CU6RieBBzvKVtlDGcq1JKGlIi8405w
2021-02-15T22:01:12.466050774Z 627 xhmgj8yHlFiDxq0niPdhu2fmZQYjMIFFiKfuQYAo5KpHaD3fAMSybyqrsMfO
2021-02-15T22:01:12.476940672Z 628 lynF51o2RiEX5rVf9pQcnkmD0CSfK65t5J2R5wfOSl0NnOd1SMOPhVvarr8B
2021-02-15T22:01:12.488145913Z 629 aN4lcF1ViaubvtoPEyJu9WHbFLgmQkWl2Q5l0Yvb9essbwleGqZW9lhKJOdq
2021-02-15T22:01:12.499515207Z 630 fyVdtLJwwZ4Xf33Y04elFZZwvN7lLRHviKC75pLnKjKIe9l3pRzDGJqdFx1V
2021-02-15T22:01:12.511101266Z 631 j2OqdRIuDDWw8CJ6BdJS4qQonP6w7v3hOwmJiS9sU9oCjBdcw62LnRMHE7b2
2021-02-15T22:01:12.522446817Z 632 SByk7sh2pvWBpgMdCKUbpxSyVztJI3Ne0hYSWQMacFmkZSbGm4UrWHthxzur
2021-02-15T22:01:12.534028882Z 633 TlwH8jup5qkQiXsRTffO9o4MnCJ7jFlabR4lDkNrBNpRz9GdRZZTu07aQgmC
2021-02-15T22:01:12.544885986Z 634 Z66dtZYCpHWLE06Qdq6lG8SrZnPKYmSMWH0Tq3K3SW7A4IlnFS18dmdGshKT
2021-02-15T22:01:12.555360033Z 635 WMwKddQNCFMUenuEbFKshfTcyuh3p5WpHu7WdkLBXI57T0BzGYfOgMPFeLVQ
2021-02-15T22:01:12.567006148Z 636 2ZKJqfUK3PggvCjSAlEbn3jDslouFCoLPVpFxuIrS86KR5zhuPkNyP1foX6b
2021-02-15T22:01:12.577295240Z 637 lTFyOIBBI4qSP7xEoiVnDp3yR3o2trHZKmd6oalF7hGtzXe8OFCTCqH6b2oH
2021-02-15T22:01:12.589122620Z 638 50Uv5Rphy2vflpKM1BOpRInrsoQjrMn22N2NcvVRCXL3iuOI3BKCTJ0Xkbr6
2021-02-15T22:01:12.600782385Z 639 lvq96vEkUjkM0lpAy1ryeItolOpqyRgOw5KxOCCYAyIGSOY7SWXSJ0aXI3M2
2021-02-15T22:01:12.611547794Z 640 VPCYZ2OkpmS7tLETtAmX9O39PsWPBUhQqXTuCU4eeinGyYy52lEfnrPz3NMF
2021-02-15T22:01:12.623210382Z 641 B9uRFc7DFvKkFBhMA7UIJWZUM6rlfaf1USm9tgeCaT13PAp969VwKTXNawTb
2021-02-15T22:01:12.634874012Z 642 hcYxUr3RhuSOV3LLBFZ6Hd4ZoS7E1Agaj7lFZodSCNcF7ok9rAVoywU2pMOD
2021-02-15T22:01:12.645269722Z 643 fdx9uROZtlJfaT0VytLzFoHTDubXHVeT1tnOYXcBTIUjG7CUOIsQdCD6VVJe
2021-02-15T22:01:12.656834287Z 644 TNQ1gFbpbCy1GTEPk887iE3uD17kzwDdQc6VmlhPK1aTgBeKdnh6F1yiumCd
2021-02-15T22:01:12.668727681Z 645 UEcMchB4UlgaK48gyCGx4UCqvPYOglEpMeiP7qjr6gsvpJuHWRmw2ES1c3Ag
2021-02-15T22:01:12.680300972Z 646 7Gz8qa820AhvH0XqGuSbq9isNlYPbcTVbbbWYUqsaLyLwzKzpnMtfFCnVCqh
2021-02-15T22:01:12.691575478Z 647 8X1rske6UCTWoAspA66HxkQvVeqtpRV93Bkk9atDqmyftRPItAmR15sF7pD8
2021-02-15T22:01:12.702826883Z 648 4MT0uF4qIH92RvNGT9KSK3HJsTUIeFcZlIW9re4ezdGRR18FPT1prVi8Cl7W
2021-02-15T22:01:12.714182645Z 649 TjRPvdibuiqfBLNLJLQ9GbfuxXppSniIPPZaai5rbzAtI2txbH5RNmIJVp9o
2021-02-15T22:01:12.725940596Z 650 JQSiuXxBaJfdji4XdUJxEX8xJY16wzLdgCNbTygYbrkRW9aYSE126hPdB10C
2021-02-15T22:01:12.737845405Z 651 6bqmnZly0nkcO23bQFGQVswmpKfPeOisTFJ1mLGvDtMTUkM7wTMsY06MKa8N
2021-02-15T22:01:12.748646684Z 652 9d2VwKdO96bgYrqUFOBkIzu5m6dHSbCigN1OTIKug3eQNSzJojOZwv3ecGdS
2021-02-15T22:01:12.759102345Z 653 vPEoB2O7XmyvJmACplczIBJi5gOJoLr09fyZ8Hvv9JnQA8xQ1Xp5wOak5skM
2021-02-15T22:01:12.770278968Z 654 83pwcOYMr7n1G7dF2ewNB5swySyQF8nU1FZYThHXCe1GlZ8TMYFjeA4KkkLg
2021-02-15T22:01:12.781872259Z 655 pwpOTm2yAewHJMuJeUgeH630tNewvXKh9hJUzmOyr7ftOUx5UIKRCKz3b9Pz
2021-02-15T22:01:12.792514958Z 656 LrbjGhYjReDuw3aPC4uxIhv6cc5gCrYX3ZDOst8Ug2iP1A3PLJEc9RWGPBBh
2021-02-15T22:01:12.804267635Z 657 WQsLfZGfaSxwtavBxrAupW6YRjpV2zTnZZQAcfGsas1q5HfzdFZe8EfSjaQa
2021-02-15T22:01:12.815897427Z 658 QstPBieohwjunbNxDWrL7GlxbAV6nue43kqEFa4IdU0p39OIfwYrjZZAXcp9
2021-02-15T22:01:12.826596308Z 659 OtXsupG4rIqpR9N9pDGM2Sxxi7QaNWJ1zprhLUSKnGVkSPodBwdaiL38zzKC
2021-02-15T22:01:12.837179566Z 660 Ypw0ltsr7nGiL2TeRqkOdRqkun4YQYU2slf9b3eDf7wSEAImfaawTzXMOBCY
2021-02-15T22:01:12.848510511Z 661 sDkhmK0OP4Bxjo2lHIzP6HNuW1A9sPuKv0gR03fYx22MfuNx4cadDCZly72v
2021-02-15T22:01:12.860342792Z 662 sfwPJKRkEWQ2JSaC0gecRD5eX2A0JwOeZI1VssBOOeAfFz0iKJUcPiCQBdLX
2021-02-15T22:01:12.871894157Z 663 2mLRtU8Rz5rIFhAms150zUxT9J7QGFCFzDsfJWOoODpr5hANwKwhR27lDeB2
2021-02-15T22:01:12.882372605Z 664 FRURzAwaKwyzl8qj1GqJUF11ZkvNWjRERa9FrcnMYextsDuW08bALy8FU9bk
2021-02-15T22:01:12.893588392Z 665 swLqc43LkYwhykbN1H53yYpJzP17UZC73qTzbdqu97XcLsuhijKszfQCEUNi
2021-02-15T22:01:12.904979969Z 666 i9xBLZOtPJKC5WiHVZWDIowxar2rzhJJILn2wv8rJC4wVGil97ZwKUrGO42f
2021-02-15T22:01:12.915492805Z 667 9ST2G578NtdvRr53s9pNdmWFtJrmugfSOtOGYuwxdMUmMR5XNhxQzhlh9Y4p
2021-02-15T22:01:12.926867884Z 668 UEbkta0RYd0HRxMVma83dF0HodvcMISlz3EvhxUJVYfKRd3uZrz9j8IuVlCR
2021-02-15T22:01:12.937568765Z 669 FkeXEF5mDdtgbKXqspYodtjOleIzQMBtfvO5SWBMOUWDqEe5vIxLLhNoQ6XY
2021-02-15T22:01:12.949652165Z 670 9wlR4JDxE2hrwJjZtQGBiONJbDamjWqcbkpU5WPyJAnSD6IUAnG9HGA6p4fm
2021-02-15T22:01:12.960361988Z 671 TQSWmjG4Blqi7SXJLBOLqV7up1k5iBnsBUhuZouDXQH6zKCjQwsTrEVvICb3
2021-02-15T22:01:12.971977910Z 672 P7uJaq7dCd6Ir1etFaTzgmoHO2DMDso3KYjOfe0C7GxRe5aNSY2zYXKOoeXR
2021-02-15T22:01:12.982475048Z 673 qTEhjaXgYgbUgBIXNll0NotxlyuZNH7t6kJZFrsaSJSD03N3SbQjs0T8VNDc
2021-02-15T22:01:12.993992940Z 674 3nO2HAjiVy4LLToHC1xgHIp7jzjVwSLBA6eKJX797C4ScLDEctOvlVsMKWp5
2021-02-15T22:01:13.004687373Z 675 AP6BagVyR7igCXcsHUebvCID8RiOGTzjvPwV0PZt94PF2aTKkb3cBmWq2QD8
2021-02-15T22:01:13.015681985Z 676 YokT3ObdjcFHOdhumPDagl6G0axf33xizYJC3RKu2j3NEuvZSF17QLQAPEx6
2021-02-15T22:01:13.026371762Z 677 Qjp8IhfCeydCz4iVQNEKMvOiSysyeH0qZI6qE2vpGVVVegraiQ2St85zTiw9
2021-02-15T22:01:13.038064501Z 678 yZrQlSsvB41OOd3fKwg00HLmlW4Y5B4SgSuhXoDZFhonRtsWlPv2fUzcnLsO
2021-02-15T22:01:13.049670974Z 679 XmSDzHZQn8wRoTumU5RgwLFVYkAbdhUE0PitnLAWfsO9uszYoQucA7soyLlT
2021-02-15T22:01:13.061678029Z 680 CYBjm8ZNsznCI70MsxqAdh9KPzWDR8NnI5tOaeWY0cWTSg0KFEgjzmMr305m
2021-02-15T22:01:13.072330511Z 681 SUk3dq7RGf0EWwzABbfjdPY3FRhEefmsvjE4IHRdk4QXD8xZbzB8WW2QCMq1
2021-02-15T22:01:13.084285046Z 682 il1vWYCmB76aU4Fp6GpPsfSKXB9FZfnb2YD9cs2WUyd8RiMACx41S0zVufls
2021-02-15T22:01:13.095571186Z 683 sxA3IU6HTAgt3IaZ9viTcZxf4X5pDdUphhyqbuJ7DTLu7gDxhRo4JyfGUkq1
2021-02-15T22:01:13.106537079Z 684 qzk9F41k71eadGemxZxwoeo6z2CHHfDQ1rKe6pCjZlrqtQMOStv86Y3FDtr2
2021-02-15T22:01:13.117839716Z 685 E2xebQnxj0ceGSXTk27aUQfwmGjA0AlgNEdgfown1mWA16CXLtiYH86ZYE1t
2021-02-15T22:01:13.128706030Z 686 ztIGzhaAcStC6RzW0g44rpQktjPVX4B8jRzAgnvx2MlvPS1yS8WKolf0WGDY
2021-02-15T22:01:13.140241432Z 687 V39E2hv1mhkq5UPolyuaxILnuBsPfR6bs9sPUveeQqamdnIlPJCB18CZcHAi
2021-02-15T22:01:13.152077462Z 688 UxSH5eHhkp6dyMRQ4TJ5hU7avd11VqYq54C9GdywaE4QCmqnmU3xyCjQ3qT1
2021-02-15T22:01:13.162466091Z 689 P7WuFyKG3zsFerPVJD6OBp8bxBQ3fgJpBG5z5QFjEBNajt5zt5ocPIjljJgA
2021-02-15T22:01:13.174097257Z 690 svpaQAI0CcLvpD5jkT55rpVsP1E12QpEGTmvaBrlCqB6Xjb3RbLVBsGVZCXu
2021-02-15T22:01:13.185540443Z 691 g5BNRnSao4YCcpO60brkZfLQAvJSst3wtRmKtVnHbfI02MOzVpuq7BirrxFr
2021-02-15T22:01:13.196367493Z 692 OBROrQCyjSFL63aOhbEZaubFWwafTVfOnswPXE0p3YVn1wMu71cSo4SzvEPU
2021-02-15T22:01:13.207390898Z 693 ZTsWAvtYtQak0kCe77iPgHjbbpdKX6Q6rmMNiDifc00mO6KiEuoAUjkIiiqh
2021-02-15T22:01:13.218949704Z 694 7Azdhk3fKVWPCGz9vrGSOlLu2ELPN3f993Howcf8TxQpYNGuqRje8zbNZJ67
2021-02-15T22:01:13.230891764Z 695 TjkfjcoCtqCDOSfTWcPK5ziFoFrFzhnYcvYAi77pLTlcJvBQgBmOrOwc5n3Y
2021-02-15T22:01:13.242095915Z 696 uOM1SFt20Q69W92GcQVbg3ohJMBBlusP8K3D1MIuRfCzfemvhYZZOCc0Gy6e
2021-02-15T22:01:13.253696441Z 697 IDT8cpleuU8qYFHSXPoiKMfxkMiAfVywKoepWVtkPzNFX42RjRhEiUDbWV6h
2021-02-15T22:01:13.266004529Z 698 R6f1K2qv2gSEIgXDAMAXu6hbRtECwKZPwx6qRPVdxY2HLz0o2kclRWPd5dzL
2021-02-15T22:01:13.277707163Z 699 i8TUPrPSkM5u2u98RnqYiGGRbHmoDvJN9z5PGP5Iw26trVi91HyJi2cce0LA
2021-02-15T22:01:13.288674212Z 700 dk3L0gJYnuo8ZbMwjfUGTcfEWxLXH8uBhCrJtfTwEzher8OClOFAu8Iv6mVv
2021-02-15T22:01:13.299609315Z 701 OjjCVWIMLyLqt5I2RXlw5GdAsCqBkSytdELKf9t6YQKv6MaPlgrjcGliaOCj
2021-02-15T22:01:13.310253802Z 702 YpKRx8XE80QcArGoxtSH9SUIyI5pVWa6l8AQbvuLc6k3VFMFzNCXpsaAFsfM
2021-02-15T22:01:13.321952551Z 703 qznHDoaR3KiBWyt2jKkxqgTyg7w6C6ymmxG1a4YEtuwhVfYGuL48nN4pq6VN
2021-02-15T22:01:13.332780140Z 704 GvwrlW0rTMoLJ5deDBZBQqFiPHNx8nKTCpRs5KmlOhwVdR4xjByJpQg6s3UE
2021-02-15T22:01:13.343528086Z 705 vlsxJkR8RsWshnnfL1I6l788ZldodNW89e8OdUVD9nIv82icZWfeSDoGXbK0
2021-02-15T22:01:13.355097020Z 706 ynuYJWHva1sa6irMQ3ISQI1dfDQ4QcT7TqkClYHexFUSJtu8XFHNDmG3O7nK
2021-02-15T22:01:13.367245811Z 707 2CGlXz4G7qBDsGEG0ywXJq6LAAJlePIuPnfgbIjIbrDjd6SAJqRW6yKK2Piq
2021-02-15T22:01:13.378823700Z 708 BRCM1WXdIGeLWjlPrFIL0UipSAaniPyO5rFi1HVkZZqDYqaLiEFH81S5JlwN
2021-02-15T22:01:13.389405250Z 709 x7Y76Jt0xy5dO75AloL5pPBi5WDpKhwpjysa2O9siOWwIjeyLShotEv3SUgQ
2021-02-15T22:01:13.401037172Z 710 pCgUzREMZCMouHltWMAePuwxJNJuJyNdsNgPN5w0E40zsRn3EoVBCekdigB8
2021-02-15T22:01:13.411753150Z 711 tcewBl7S4VKKHVmVordnD4Hx8j5YiTWmsXYdErmlbBc03Jr4jRaDRVAVN1av
2021-02-15T22:01:13.423426861Z 712 QDGpTRwYDKLMQuBLRPABM1MwuEVmN5mQdNt5mXDUVklA0pn9vhaOwCNVw909
2021-02-15T22:01:13.434926004Z 713 MdHcaAQgl4nskCOu7AwSOsJd3pVkjpbBUgJvTkWqaCaJ50o52Pz4FHD1wkit
2021-02-15T22:01:13.447023053Z 714 lTxtKj5FytEILRuT47Dn27eRmJZtQl2V3s0DhFyBGu1DTeWdMq6A4ta6WN5r
2021-02-15T22:01:13.459072695Z 715 QMaV11CB9S17T4AXw5aHJu7I1G3KEJYMXF5UgwGXkCvxwZsBAQmfBckXg07m
2021-02-15T22:01:13.471206696Z 716 hnZhhyRxUwA7stciR1TQLpEqxt3HroA5CJLQW08IPm3lsoqVWscy8u5RuEto
2021-02-15T22:01:13.482930634Z 717 Z4ApmsgQXe1ZKHqH4UybRvhp1nDa8aLBiCM9ObC0EJSezlYi2yX8dYpwEsqz
2021-02-15T22:01:13.496052192Z 718 YxOefxwEYblmP9UfaZTxpS5K5FZ4N6oJHPdfqsLUcRdqaeRh9lIsH85jWurm
2021-02-15T22:01:13.507815447Z 719 dcEFP6H64WopBw9zaVQglfhVVUYYopnNKtzf7lMrnsix7No7zWEa4nYtRH8f
2021-02-15T22:01:13.519205564Z 720 w4UsLKf6u2ak6qfe6J4DYk8Uzgr9fNq2Qt9zjmnvO3sTxFfoZFReRllJbbEE
2021-02-15T22:01:13.530807619Z 721 b552EdRJ0MgTfI5IcobUFIferaTwbmvxKzK9zYwiGm8Mb7hsKKax2NZPqglY
2021-02-15T22:01:13.542009854Z 722 gUU5noZWcGWjpvy4G4tWmeA1HpEACeIPLw8lcm7Y5nYk5uiljIPjBtjKMLQV
2021-02-15T22:01:13.554053456Z 723 fZQDrDhWTYdFuQIm02U4mjuebCRS2eFzSAKX2UlFTUObtRl5C8oDtQSRsmWZ
2021-02-15T22:01:13.565799990Z 724 ODUcaYafuyV2B9BhGFwlTKWYSMwIuPEQHn1croBePzJjDf4tH5ZB2KD619yV
2021-02-15T22:01:13.577043564Z 725 TeT79rWhtYAZMsOF8ApBjmwDUHokYhGV6vITc8bw6uJIz6mQZ4Xss7WKfwAt
2021-02-15T22:01:13.588621332Z 726 GbTIOxQvL9epJDeDXgsIZ2twQEKc7Mxa21S58ESlp4hhl2pNfrjPQ8quGdFu
2021-02-15T22:01:13.600330997Z 727 WHtv7AlRgxHsO6XRtKQJ1vJcRhqqkVWqa9fr9BhQINjfw5IINbHE7UaJGAJP
2021-02-15T22:01:13.611748574Z 728 Vor997K1UPdsrYdaKVAa42C9BeDyDNLom9wVywLn0OfcbRvLO7lKxSz0S95D
2021-02-15T22:01:13.623247417Z 729 88SF6FsN5LTPVW4CXq0JmHBGrQRX8CpCnJ0KIveew4CPJ8hoMhMaXUPViNIg
2021-02-15T22:01:13.634467256Z 730 iSPcWkHp5S50AbZY69HhLvNAMNlTCGZfk5PyZDSRzLntJSm05Vrdjy8cdknG
2021-02-15T22:01:13.645399278Z 731 qXkt39W41641eUQVfatsMUeMVJsKgLmKUSPfuMEpvhxpN470nfzpz3lJYjKg
2021-02-15T22:01:13.656898848Z 732 ouDjMSuwoYt3OzORYqLtOH9C1YzsszLNGA7x1skDEAK6tFuyodS2qCMgpygw
2021-02-15T22:01:13.667436497Z 733 vicIyTYbeAVQ4WS0getLcPr5Pg9zRPyewQdVLsDMiKZZxgIXAPGbmLP6Kdih
2021-02-15T22:01:13.679052368Z 734 52qyt0wXGLZs9dCiyT1mgbT1WeZP9dy4v3ScNPyXSHZC70ca8tzN3vP0Ss8y
2021-02-15T22:01:13.690857929Z 735 rC2IVw5aCughESK4shDtxmCTWWlLdrspc9IQEARPfPZCuU2FTinfpXxTctDF
2021-02-15T22:01:13.701737815Z 736 HLdp8b4IjOrNAm6Qe1oc53BSHhhuH0EtbkBcTlQAoUuM6TCAuQ5YFeauES3P
2021-02-15T22:01:13.713154540Z 737 G752HSgvNkF4gtdhxGU99CgPpaNNBL7HFfPwGcxpyEjxrP9GZv58UOcY9ZxD
2021-02-15T22:01:13.724955387Z 738 LUWvc1uVfyzGNSrk35q2B1WKx6jRSp6t37mQM1TjhbinWGmkmepenmUdyn7I
2021-02-15T22:01:13.736719557Z 739 9IuUeSXCJ7g6iRV9iA30YwgKoDCAAlkgaURxM44igPfetAzXsMM0fpIR8zwr
2021-02-15T22:01:13.747523811Z 740 o3y0yWu7cmk1pK7lgZIVZID7oCoGlIYzUYMRGYCUKEGuqBWUsKz3e7BOGHw3
2021-02-15T22:01:13.758664908Z 741 gl6At23FOtMcWnbBnk4vLS4kMnxhX5XVtbut9FbPUKLQV22V0rRCf4qkNV7R
2021-02-15T22:01:13.769271602Z 742 Kv9mny3Uq19b7oRUgeTABkEv0uPoDILNXFfwt6ohzFdM9MjAXUKoKmssntSV
2021-02-15T22:01:13.780573935Z 743 f6JUmtwNq3aE9UtZNAcfXzPBzjXnWs3iY6fRvvjh8IMyuSZTzdxEsQebJfgq
2021-02-15T22:01:13.791392275Z 744 JWoumsKfaWgvJsEIq5XHQWGoc5VqmmClskRltBrSlX1pdelepy06O05Zg5up
2021-02-15T22:01:13.803083738Z 745 8jn3Y7WjWQ6cRCLo8VylIRpNiSMiMJxOhTdySq7745YSQDkXrCRvzydQVuzU
2021-02-15T22:01:13.815171412Z 746 5tt2QBKdzXP2mayB1h6Nwq9EY2VxxZONGa3YYLAT0xhGLjBMk631ReiioiS2
2021-02-15T22:01:13.826742388Z 747 DCETgJC5uKxCZbHsgYXCmTeYSsznnyeMNXWqz65PM4m01q2IOYBDKLKhzvA4
2021-02-15T22:01:13.837703857Z 748 DWmtI40F48ne1P0t7z3XsmRqC1k09yUr3cSoisDt4WTkDdRjV1299xHhFeFO
2021-02-15T22:01:13.850111344Z 749 1MjhcKSIeQyTHSLJu45OcbZlsaYNJf3JpNbZI5E2etHiYEY6cVgp6B2yFxkm
2021-02-15T22:01:13.861682153Z 750 5dzOv3wRSysO7KJmgEXDSkD8PX0f7SBNvbCbXIYkJfPdb96s8DAcIGzySnsq
2021-02-15T22:01:13.872367891Z 751 dfiOuppUborHtGGgVSPa03kiluOVDPoRPSSkorflC3TRJECe48wgyhiFn3fO
2021-02-15T22:01:13.884363000Z 752 H5A1Tjiy0dxxH0YKo9t0y5bzbOWIcCGgg1in7JwkiJzM4z7nlQKRR1CQ5Pkd
2021-02-15T22:01:13.895885136Z 753 CV9WWD02b0hifNWV13pvvS9vbUM9bEacJWG3dI4XCROAchpsJEU3vdOHpeak
2021-02-15T22:01:13.906239456Z 754 DyzWGK88NeYZDvJhQxwUxM4CVpmhiVWvhkg6bocND54UThjVspSZGI1dqctJ
2021-02-15T22:01:13.917585628Z 755 S4hwygbIGXvCUXNTkMW6oCGXe1OCwhdCZ0EsCzF6b7XzQ5ek0cpuMIuOtpBu
2021-02-15T22:01:13.928289109Z 756 LfuTvikScHQptD91aWK6yJ4UA5k5VniG3pHlhSmW8aspMfQud8wY2uxsTVOq
2021-02-15T22:01:13.939682200Z 757 trDR884w16lOZoPsY9F9t1MvhB325nkbCLavw9ekd6GUGZST6wAdAlOYmqPK
2021-02-15T22:01:13.950515200Z 758 TWRhNe8xa4ylK2HSNc6HbGZApmK5gh0Cp89FDjsoj43iNFihUG5mSyGjctJR
2021-02-15T22:01:13.961265373Z 759 Tp02aFmILqE1H3tWy422S21W4G2KszhUJAGbJstqLNFNAxWdTAvdgIlc2i2T
2021-02-15T22:01:13.972442583Z 760 Qb1XoaFSCbY1c4T1JmY6TVeWovYXOrwf0wzCYOJadsGC6sym2unZT6aVQusp
2021-02-15T22:01:13.983522797Z 761 xBZO1zQRGrEJOZZePk9ws8P4jsTuqH4naFN8oNKfB5r2OYN1wF9c93QSwdVs
2021-02-15T22:01:13.994812397Z 762 vj8d3X57JsGMbJagrdPzy1NVYnvntnX78VZcjOspzfLtJCACBYcVwVW6ydse
2021-02-15T22:01:14.006347449Z 763 IXrbd5zSH8sxqkcTghM1dTNYaAhGMWEHJ79oJQpICSYEonXWIoqGAvnrPWcd
2021-02-15T22:01:14.017882852Z 764 3tR7aPWL6ywQdRm6XOVRdozRiC3hx7wdNWchAEEbfMBKvZq5QAWbwcsXBUsH
2021-02-15T22:01:14.028455859Z 765 4IfA2KUd3ligdABJo4aZvga45UqwfRY6PCQMUEjVHojs09q9j4yx1B0dM5Sq
2021-02-15T22:01:14.039819416Z 766 oMrI7a1ZiJDYozqWFMHxlWEj8lyuc7rgbHz1Yc0R9bzx9Gkn5eHa4bwrDZGT
2021-02-15T22:01:14.051144391Z 767 1Q8jDp687YnG722KFHvkQpEtYNIuBv3S0Ghq3d427RYYv8wT37lhg1W3hjMF
2021-02-15T22:01:14.063043076Z 768 Rta1Q7bezBXK1jfYYWvvWytX9GMlsNuTrGfg1ks60nc8KON9tVIE2Rubg8L6
2021-02-15T22:01:14.073517275Z 769 D5vJoiolN1tNn9mZdIE9ROEGRj1PLwyyGXbE3creN1PVsLmJ0kjSh3H141dq
2021-02-15T22:01:14.085068311Z 770 Zaz3lr4uAiB8YFjzY8JCkAWXif6mvNkwVdTPoTXG85oiqji6C6dAx3FiVwyG
2021-02-15T22:01:14.095834654Z 771 Zq6wAg9SFDRKlQWlJKzJfHYquVzF5wGW2kgN28R2iStSyfhYiZ0wGWomhJ5I
2021-02-15T22:01:14.106510971Z 772 pPHSeiZyZ4KQNrFhDcubCHMH9ONR9oYx32CGKFgni8X1oqh66oWTC8sVZeGj
2021-02-15T22:01:14.118007199Z 773 p81P5N5Pn2Yy1CerVAtUg4jA4QBDtECJU9FT1noWMQVr7d6SxhnqvJtShRYg
2021-02-15T22:01:14.128466792Z 774 gHgfApZZx96p9UkkDrguD2s4sv0EghFUPc3CWfebvWrV0te20AbQkyVsmNiz
2021-02-15T22:01:14.139931031Z 775 iKHxbua8MIkdxnSm0039UjFAiCNI44q3s6KSh4UdH3bUgQ1GOoXwemnJNvW4
2021-02-15T22:01:14.151128450Z 776 10D21TbNpdVwsyaoBkixTCUAU8slydZuVWmkUdKhFYUznymIAlfYN0WQmDIm
2021-02-15T22:01:14.161892931Z 777 P8PwJuOoNbvEjP3CHi3Hdjk8cqVF0qycHVyFQhc6gSK03Ga9SzUDMXexylaC
2021-02-15T22:01:14.172814439Z 778 31owxOnzXj8j1q0VcVTNo9AXJRed3a75nTWOjFutZMmcdh81hgYpgqa8a1nV
2021-02-15T22:01:14.183413095Z 779 YnQEjxnizmSofyJDvu0OU2tMl2M8fpGzQFXl9MrhYapQ9cbD1JXF2a7YbZCv
2021-02-15T22:01:14.194748081Z 780 XDJpBI2NA0p14KXftteLBfuWu46nfAHMACUNewPvTjXLZeYo9y0ycax6Ct5F
2021-02-15T22:01:14.205854874Z 781 2mdNV0T4hdmaspxQU8f1Eh5FymUSJ2hQ1mDJhPSIRCUd9tpCGI8PCYQ2eT8h
2021-02-15T22:01:14.216588514Z 782 l384NxqQF7H1n6secO8ziEeDIbrpCcwRNKHl0RPPRwTz12lat4huuojUWpco
2021-02-15T22:01:14.227712578Z 783 LYe0r7AcVpcwF7FUp1jrsw2HnSpVRXrErowqUu7WfVr5LcPtCcDIZqUiSKNl
2021-02-15T22:01:14.238600871Z 784 XRPylbeU53D3rgCQ7iYDi1llPRk6mnkyKbX3p9IbblJf4noSsyKd1Ha36NRQ
2021-02-15T22:01:14.249898209Z 785 LJx31QNcmxLNDQBmyF4UBI0bk62UxH4L8IJkzcVyjv6UXZtvHGzhcE79bP3q
2021-02-15T22:01:14.260379895Z 786 qRekcZrORGweGsM6gyCP8YETBSM5IOph6WcInipXdlpD6gb08uUZ5tEJt9iA
2021-02-15T22:01:14.272110569Z 787 9GrKbc0Zz9b0YWaJ9BA5ZJcgwOaEVEioGHnk3TSNusqUxFygLQ3hfZCpkjSh
2021-02-15T22:01:14.282894005Z 788 V9fjlT5uX51n4Qed2yjFADJVGBHolEjIb1oznkeWuZ4uvwsRCoOwVHJalXD2
2021-02-15T22:01:14.294120871Z 789 NqQZDhOZhBHjPJatmXU9EZJmz5rlhxl2388nLUYpCzk44ubRGE0tmLSigZ6W
2021-02-15T22:01:14.305541146Z 790 KZMY2jDwtDLdeUSSOmYRzR88l65GTlODnHdlllQPZHOGCrBY04xpPZHEII02
2021-02-15T22:01:14.316743426Z 791 aNYMSGW2Uey254r8gqXHTHhtZaIJA5BD7zcruEzqT6LtPYOF9BiEIy2Cx95t
2021-02-15T22:01:14.328159426Z 792 LQbhbs5hVyQaFnpg6gn0YmzQPwywso1DvC3Ubg2wpJcoqkFhGZr7OVtKXRRW
2021-02-15T22:01:14.339943930Z 793 wCu5uK6jmUzORiPjj5G4oCBaeeIoAcKFK4v9iCmgtUlPByQidCLRoCzbtscL
2021-02-15T22:01:14.351079417Z 794 W9JS13sfVy8doPVgilqpy8Qzjz9i0UbbQ4oWITQZ7EmXM0SvlAKJpkEmuhUW
2021-02-15T22:01:14.362621096Z 795 pSG2retsrbn96dpktTzbe1neaKNyyGZMqmQnUhVTnUL9KEqtyFORswUoCvCY
2021-02-15T22:01:14.373651777Z 796 iRE7YhBsXcrKGhAwXJknmYcW1LmdGST3FLH49qTcVJympqNkyqs7hsmCYPJa
2021-02-15T22:01:14.384861669Z 797 2SwqfcoaQ0q411AwJBhep69oMZTFCDrQVCy8gkC0m9xINVWoLMy51uTRoCrp
2021-02-15T22:01:14.395443764Z 798 UoCwVW1LbFMLo1Jt30Sfq1hG2rsMkwy0ja0m5MrVXg8KbAi2gAgdZjQq9FlS
2021-02-15T22:01:14.406846305Z 799 n1mUEbO446Z9ePcwBc95RtZHgdUY5gKseN2GxJA5jevvsxnH0Ck0mYVQFihP
2021-02-15T22:01:14.417884103Z 800 7CJ4XVN0h6iAZyyozNe9lrphS27yv09mQcUmxlQvPke8KCiSg5tsiMOfR9wY
2021-02-15T22:01:14.428509869Z 801 XGBmHtpPlnIMtiNBuCNWDWIgErMTdXQV49048XcXs21jslxB6vSziIoKgiAw
2021-02-15T22:01:14.439383704Z 802 Xdc92pOd1R2QutGQScbkF91J823xqMQGuUsnRtJeqLpkUbJV16pno5jLrQLA
2021-02-15T22:01:14.450743758Z 803 XZDgWgxWqD7y7Vdhy3t64zDhWzTqdd6iZAhaiMOMJY0B1MTV80Gqm37LGKub
2021-02-15T22:01:14.462143644Z 804 I5S2hRtou5OCouGIoSFgVNJeYBhDUJcP1Ts0OZuR1VaKxCPD3pwCp6NpUeOl
2021-02-15T22:01:14.473741896Z 805 63U9HGqMbsQxyO3XsNtUYMSZYigvsM1FugS8KdGqOhLmowdRiX2Dl6DaJtr1
2021-02-15T22:01:14.486142595Z 806 kwJAZOFbv14r4TNaW4aExrEBf3jfL6n0KQH3Pq2wR9p7Q2kQQExQaYG4XGeJ
2021-02-15T22:01:14.497119993Z 807 O3zryWTkLMPynczCAUbIAi7XchMDpmIIDQCi3K4iSlTm2tOqPNYmvEOyND6o
2021-02-15T22:01:14.508625953Z 808 oPdoevBN52laolVF4pjoPyfdJrJw1vZ90gemzEXeYWFMRjWEYz8PM3XjOFfL
2021-02-15T22:01:14.519987224Z 809 17m09UKgYatN46oavdqDhaqaZOqUNKao814DbHEjUjD8Cf416swLk9I7zEpU
2021-02-15T22:01:14.531945560Z 810 KLAvUCLNiigoNzW9jEqMNhjqmllM181aECXtXH89rGs6YgniWlKvp9pTg4s3
2021-02-15T22:01:14.543859181Z 811 vz2GHoesQsr3bEisPmnRRRgiXKadpXENqdEVwsk8beDTBfK2KXMllkQQpYEI
2021-02-15T22:01:14.556002757Z 812 yucpq2YQvorIAhugru7Y7aadi93qar2oon65hmBGnLtpfMRZDcOHQHQMPpBs
2021-02-15T22:01:14.567559938Z 813 zJamQEgIyM5tgM9Y7S9uPqb3R8lHp1IN3rSmordmQAl8FUd3PQPqUGFpg7dY
2021-02-15T22:01:14.578954026Z 814 AOGYccGdTndf2iKlouFsgx6ONPYtd23lNeTD4ncmQG7ocb1syej7L5inGfdq
2021-02-15T22:01:14.590399665Z 815 6YwTdgPQR2J5IhE7mOehezYinEgO4EabumGNgfETtW1gDgLdWKBN5c9a3F1H
2021-02-15T22:01:14.602197386Z 816 Mt8nqscu0BCPh5BQluAHbMxNYY2wl2EpKqHRIW51eVoaOxyyMs4k2N26qvvR
2021-02-15T22:01:14.613983557Z 817 pUCze6Lzon7UrWMk43zee0IlRVSXazVlldOsvOEon6TWGueJSHlLUy8hOChf
2021-02-15T22:01:14.626836634Z 818 1DnRPIyaTgVKjHMZj7psBb8rExJ11lque44w7zgRHwwJzHCQBlJvDWn2wCrI
2021-02-15T22:01:14.637660964Z 819 49aiWtGPzzJQRmiZXn0F2qUhzdxjSR09UzbAreDO3QbDkjNKXOwmqtui4dt8
2021-02-15T22:01:14.649072947Z 820 vH9z2y5ZCCIkNDQ0vXhV7lpG34plLUIwAjwfkGq0SsSigXAZgi3i7Z1Mpldi
2021-02-15T22:01:14.660676740Z 821 Ib1tc1fdmcZdPVV7A50lFaFZQ7f1Pd58Gx3JZeeWLufnowNcJS1WObreIACA
2021-02-15T22:01:14.672121971Z 822 kXz6daf77ynO8zgVZ9gKDDJZFkpKDRK1FlceyObVpf1rMkiOHBVIv094Aos7
2021-02-15T22:01:14.684107406Z 823 fnSmAGDk04xq4sAPSqiQCH2OrqJPVp5nnceWSEAkVGRw99pl1pUoULTsueq7
2021-02-15T22:01:14.696288847Z 824 TfJ0lXf5nnGCNDzzgJU72yyIKXSwgdWTnqxrxipWn8suP1TGHIjyulJvnf3x
2021-02-15T22:01:14.708095334Z 825 mLiC2YRbzwDVZpB7WEfPYUex8TMDZKuOC62ziPgUewNSRBbjySwV0rV77yry
2021-02-15T22:01:14.719752667Z 826 NMNJzoQR28FdxoJHNLUGryt6lEZyIS1088udY4tYNMXy1NOxoNfLuHJfSKRi
2021-02-15T22:01:14.730962801Z 827 x60SjhClFy6e0IrpLLcutNl0IarjOnODTzsmaUowfkhKLGgdGIinQiDlrgS4
2021-02-15T22:01:14.742816446Z 828 XoqgT7A0OVHvQhrHM1q5xj9EwfeNmq6IQYm9DXnzswZvuS8KBgw73PnKvvzn
2021-02-15T22:01:14.754036971Z 829 pDq9gSy2Jp5Jv5S5CFMmUC4LIAkU5cZdwMLYoQ7TnTwTyJcnnUvhw3Y4mfd1
2021-02-15T22:01:14.764918386Z 830 5CGgnjHqlih8Jux4qyeKpT5u2C0V35YYZthwb1BNzgtnsMjxVGvzlcqEoTRq
2021-02-15T22:01:14.775778415Z 831 sMcTc2EIXDomFrkufWjsuSUvcca4JryNTOG6XIlBMmVhxheojwFOAHzSZmSb
2021-02-15T22:01:14.787201875Z 832 LMQsZ8tqgkagY6fpsiOlxqUdJdavm2kSHuVB0XqJ3uBrTYihoPfEvSx0giMq
2021-02-15T22:01:14.798600742Z 833 JPA72PQz2SmcEFnPOwZRRcDGVJvyraVHHUQE013zybECKRgoemiQmCWVWJNo
2021-02-15T22:01:14.810262495Z 834 GTJAi3wMOvply6cM4LA8vmm5PN5vNyBDANyiVufBue7u1JACqwcQR8xBpjk2
2021-02-15T22:01:14.821844838Z 835 eBi2QFWDSGJA9BIlueBEEWhZPpR6NgQB3KvroGB66MbrUEo8Sofa4Dr0B3zj
2021-02-15T22:01:14.832479021Z 836 UNczd7SQ8WTyETIkNzjKqCzwFZ2ZhxAt1iaXSbmxGaPGBPGQrZXZiwQKx1Br
2021-02-15T22:01:14.844683017Z 837 1s6egXoyFNYYVw420gr6jxQQ4LKFKgu06OxNtdGHNiFKbPMZrE4kmj0L6ffE
2021-02-15T22:01:14.856210588Z 838 5GkpPJWQg8lJcTmZ3buqnQv1CAwK84TglgSOI0eQAPiMJ8OdVsvvEqNS3mYm
2021-02-15T22:01:14.867866174Z 839 NYPI3nsAkOxvk2Ay9TNBsgH2AVot5u8W1OAXE8vr7W3mqh20C5c4onaXHst8
2021-02-15T22:01:14.878930502Z 840 fAN4fQvM2Ps8xKiq7oUQO92llGUdpBJGbbz0xvw9XFMIRuDkGFbxej0WEKYh
2021-02-15T22:01:14.889857689Z 841 BUk7Lnn19D0TUvEdKAxJUUvG4vT0xlY6IKC25zKVF0ETVDIJLFMu3J5GziC1
2021-02-15T22:01:14.900388289Z 842 1NvWQPFeLE3YlHnz6hMPrVKlUD5AFxJ3qOFKBdasKXZvuISJ9JNJOUK2mTwL
2021-02-15T22:01:14.911880776Z 843 dag59G8wdWbKJILld17j1FAvdde6bBXMKT7Fjx9RRBAvUaUx4GBrsjHBlgRx
2021-02-15T22:01:14.923137417Z 844 P8oZjxAtvubbSgQJRKHwX81K0hF2lP00VvBJ02ur5EFCYExgtBfeig4Ognum
2021-02-15T22:01:14.934746403Z 845 GfdIhjSpCml88miylZuMKXxrXacZ0r5QDtbNv7Y2FqccCgHCyGKMdfF7hLAA
2021-02-15T22:01:14.945914729Z 846 0IFSoNyFem7kXJJQdLJGEsEPXF9y0aXIySwxbo0eDjItXg8f4YJM7bxahpFt
2021-02-15T22:01:14.957000608Z 847 oCItoU5cl7a8jw2zrWE39GEKVB4lKvq39wF5L8IjjvtFQCfLq6XlPzIQRBm6
2021-02-15T22:01:14.968331775Z 848 ixW1s100vv4Q0MPsaC9wcPHMUEEVOZW6yF1ws19gmRjJcTvIlGLXNXQzFsVU
2021-02-15T22:01:14.979447219Z 849 dqmElf0Fhv59g6Rzowqz2a5VRvvTg3D7Ge2Z1qTMD4Ba9fPNwRlOKr7uXkDr
2021-02-15T22:01:14.990976662Z 850 gJDzEFVKruWkqSWl82AIBGpQknU85H6TdeNYZHDScNvDC7nNfQKRns0KsQRw
2021-02-15T22:01:15.002075221Z 851 mHIYtlnbzkXVToddtPQXUMliSvErfbRaCEabh8JgaOFfXOXUAcYV2h6u7Atf
2021-02-15T22:01:15.013181425Z 852 1GC0qKwZNpymvL7RUllHZqxnNx6StNKPIyPbJ78PbUjGNkPkuAixw4WuEPn5
2021-02-15T22:01:15.024919461Z 853 Ku5bvcG2ByHXhncTYBdGOW5szYw9dUzkKeDY9SQ9keKbYWVQsztHUnfQGgME
2021-02-15T22:01:15.036126404Z 854 JJJF5EZlEgO8EFMAgtJI8HVyR9iXioXWXFpmJka1euzuUKRWfN0jDqhZtkpR
2021-02-15T22:01:15.047337541Z 855 AhAmdYcbgA0l4u4cvXMnkR6tPDFq1vRaiJhLvvEkVhwVl8CAVOLijZG4Gc2q
2021-02-15T22:01:15.058737004Z 856 PGHp1Z5iuuXGGHaUtA9vkL7DZMn27Q1R87uc3BAtezRmjjejJmjCXkVXwPzf
2021-02-15T22:01:15.069820126Z 857 oYu0glzg0f9TG2k0jGVIPrLhBvOiqKB1KZaq7blO0omFZJXMGlos9hS5wHe5
2021-02-15T22:01:15.080451551Z 858 3zQB9iHyEFuzEvUUn5wbW2LEV7pfx3oJPB8sLjMZ9ZMcmKzEczbcHqIFrRan
2021-02-15T22:01:15.092180934Z 859 YCaNscSZRUMmQFW0Wk2gMhBcEjrMGtMx08sxvbNG9Si6V0PUQJJHsSNxr9Dg
2021-02-15T22:01:15.103216260Z 860 aXmUz5sjJXJZXuYqRqncSiF9dlEG2NOZScfmptNmJfrTza0KiMOCC34PzHkg
2021-02-15T22:01:15.115093306Z 861 xOhUWGgJAKWkOEclrQcWzl6Hi4m5FjgLaOowFREhUMfQpMM0YqcaZpB0pGqY
2021-02-15T22:01:15.126657819Z 862 vTQ2L3fqD9ZYh0GBccuCJBMoHw1x6cX6ChrwakYbfe9Rx2TwEWckk6QcXPNA
2021-02-15T22:01:15.137658870Z 863 8CMqBFJPpHaQZ2ujHqs7Liv67tzQscXNzVmtfgDchZuX2tf0L6SpHyMdJlfE
2021-02-15T22:01:15.148680327Z 864 6pa4FVMrCNRYOHsBbLRlmsJkcR5lDVLKBOlfDhAFAiUE6B5i7hvss0PCOtI4
2021-02-15T22:01:15.159690123Z 865 uNpLhBZrHIfanYDw03vEni2fowL9eJe9NFDpv45TQUYC08oRMYUviFdIvU3Y
2021-02-15T22:01:15.171184992Z 866 0paWiy7y4OvCupco6r7deTx8bamTrZoVwddwKmkOCyIk5uERrERVdHb4yjPJ
2021-02-15T22:01:15.181967987Z 867 UgEwhBgFmhcHM0TCWVs48oNIk9MJEQqs8BIIuf7x5mcuXBoS3Ojsy6t6UT0T
2021-02-15T22:01:15.193528644Z 868 lr88DcRRsua5KKuMaT9RJQPeEBibi88YrWQRUN6d6qfxuHB3QS07VSU8nGjW
2021-02-15T22:01:15.204810607Z 869 vTd1d0pXS6U4h88f7za0CWm1vI3eG6aDNyAniQdcxHraU7B3QBcSczMThBuU
2021-02-15T22:01:15.215946480Z 870 z4oZjzXQI1wAtQbJwZ6kvg0TP7r1nmmnpU7pqfuWZpgxReZFWl7HmM2HjSb9
2021-02-15T22:01:15.226975372Z 871 J7mQ64BmZkD7bOwoP6qsTZ7W4uHDsXQPpgFRKYttELT3mXSuZA0fFkgGqVCw
2021-02-15T22:01:15.238074929Z 872 hvmvMRZ3T3exI8hfTCe5Zn8GpIpBmfKN79EMWUm82Pmh6rpgGgj6oVQNnz4A
2021-02-15T22:01:15.249491702Z 873 op5TEZ7jxCxIuIyDOkZc0H8xJDrOZ49b1rseDX4qMZiuOTE52h1H9GfFPyfK
2021-02-15T22:01:15.260687367Z 874 GqUVj654ouKuMhX5G3Wu6rJAj5wbsXWdrBDBzzO8CI8LGkIg0gRVijlfEjD0
2021-02-15T22:01:15.272067126Z 875 uJBFnQdNohfS0EK43nsXq1sXwCgEj7rn0q3UE0utsfYCv70VCSr10MYzI9Rf
2021-02-15T22:01:15.282826132Z 876 1DfCGmT0m6FSA0xSADLGjKff65mbLhP1J7plVskFoBBxkmcTSwX1ZIi5mjkX
2021-02-15T22:01:15.293504464Z 877 Xj7Y3MG5IKEpq5Pwh1zmMe0CiIjeFFNKj5qFkJ6FS7F5ynS5vfpN0ss0xspX
2021-02-15T22:01:15.305027871Z 878 ZdApyGsvRySYtOJyvnaiLp6bFEFjRD8ktn0HOtAkgDyHvme69A8GApNYDJfS
2021-02-15T22:01:15.316603523Z 879 ivEGdLkfZ6uhJkSTl4SJiPdv5K81X6MXTtRroveljxXA6UNl8KBK4TMTVAEA
2021-02-15T22:01:15.328022266Z 880 ovOy0tppJnzdcp0hXlXJi7HPxyRdwyq6YPdcfglmqEpvwnpxLBg44YGsRBhv
2021-02-15T22:01:15.338732697Z 881 pEYLC59nYXbnu8j7vx91GXNYxypkTZatqnpfLD2VOWFSH0BrK1AIsm9E8pVc
2021-02-15T22:01:15.350288478Z 882 ftKX7HLpp4b8qSB9z7Soh6l61Y7tHeXpFMPbwFyprJnkETDBx1aKequVOwqo
2021-02-15T22:01:15.361713013Z 883 tuX2TflIfdC7sAIstog8BY1Zxt5Lx5EDNR3Ejjao7hMpYN2PqItc9ZooQklG
2021-02-15T22:01:15.372996418Z 884 wYAzYAUkrwZMkvGpR4wVP3Kt9PPGGOaDVVi6etSUEMvhh2N1SFb44oKBv9Kd
2021-02-15T22:01:15.384710221Z 885 m5lk2wA2QdMxQkWDS6myxPP9G85sngqo27yy3dO5CHfpUgtD2KeY6QrxJF1O
2021-02-15T22:01:15.396016460Z 886 eZaq4CUzcS4NrCgI1bHJghyVvmRcNbox2LZluMJfkUuK8KxTLpx0tzncYeBz
2021-02-15T22:01:15.407978324Z 887 0gyeIqb5xCaLk7QrjxqkFIWraAggqV4Urz8SEG3T1y7JRkYa2fOPC8XvKYec
2021-02-15T22:01:15.418666607Z 888 iOLrlBXXNFrTVvOlh460flVJV8zdpi4L9xIyVYCim5nU5PHrVnmeT7joGKpg
2021-02-15T22:01:15.429479936Z 889 MjoiwFQGqL2ASdAC4kqeYJx7Jc8xdaLvOBSjWyb1a5KbN9e9qXAL3v2rZgmv
2021-02-15T22:01:15.440438936Z 890 VbSYJonKdy6KHqsUl5VjlOmEW8XSPWjXir61QxsJzjeRN4IvelFANtwprtAI
2021-02-15T22:01:15.451257400Z 891 hpt2x2UCv4hGIAeAuhALFXLvQY0GsIMXnoZXxOg36N2jHp7wczQBbsAb3Pgf
2021-02-15T22:01:15.462819497Z 892 n9L52WSthsldw4X36p2lJPoncSEbaphKn3MyMZSOGfaLtdjh2q8lwtWGQdDq
2021-02-15T22:01:15.473303277Z 893 rjeCIwqHEchdrcPcLOJq7ugCAVMnWtFBxLMDadwo8liSMdxETDZoy7xCeiiu
2021-02-15T22:01:15.484722741Z 894 on7dQMeTxHX9q6MUmZpYb9ZQw95jlYfDN6KgAnshfmiVDaq6atSlkLAwIgws
2021-02-15T22:01:15.495944342Z 895 m5gzeriCulINGgdP5hObds6O6yc3SyMGQKjnY309jL0mwDZXVmKyqVl6qDXy
2021-02-15T22:01:15.506739845Z 896 o0UD2oH5zUoo7ybObnnEtVE8vJmfUbxr17tp1GAtAirHJZOmCEz8fwYEgUvV
2021-02-15T22:01:15.518220049Z 897 64AQJCtYn8m7oAvL2S4CPuTXu7qXMFVfEB4wNfwX5YvdJ7ABhE5OQlXRmUzD
2021-02-15T22:01:15.529318093Z 898 KfytYDPPKVKvyLEMmvcmf2x1ukDv30qAuCMaCoDqCfJTXfbJIqW7QPUZCpRH
2021-02-15T22:01:15.540627374Z 899 Do88CC2uQzGh6A5nY6RmYODCRRtzl5JaLKJJ5VtVThE6CyMDjdzzigqvc1QF
2021-02-15T22:01:15.552171327Z 900 LXl7AhbNe3YgvvFxcbZdn1p5AFEusFcvjuyTnRjmdeYFwzj6U9D2lQ7oU1Va
2021-02-15T22:01:15.563748929Z 901 1E2KlDtqzmcy1hxv6E57pt5qf33pboefZiI9kowZUCjIOV2KZmu84AoYNfa3
2021-02-15T22:01:15.575045343Z 902 V4q8aSSPjIA2i941EnVTOsstix7IYFXY8Hqh5Y88MJBQBdWMq4DlZBxQ7VbJ
2021-02-15T22:01:15.587025697Z 903 ALAmDtNz4IFUMnViMMvK5EVD2oTmCW3YmnK3OENTO2gVVQZi1p6L8K4dBZa2
2021-02-15T22:01:15.597269451Z 904 h0J6j6F5oa9qUAuE8oDz6hAPi7zV1LLFYsNKSs6Xa8f3CFHDCAkn3VukwuYW
2021-02-15T22:01:15.608734756Z 905 8TAVHsM4EHj5KoGnBsgYUYRF2QrqhGLT4p0uKTcEW2e6z8SWsc0LX3vL2eO3
2021-02-15T22:01:15.620237442Z 906 mEYJly4dJORnTleMAIb8r39hg5Tb6PqCpNfsPY0ujmNhRJKvoGeA8Tbqbv9J
2021-02-15T22:01:15.631972592Z 907 DVSV0ApWwJ66P42mXo5LG5HA1rc0qTRE4SeU0YKgXW7May7yxH8Y7TGqQETB
2021-02-15T22:01:15.643167589Z 908 hoWEkzcdUtjUEx4iP6wWEA4rAII07wLzlii3IoA2s3YP2p9fPzQ23Bf7Pu6I
2021-02-15T22:01:15.654343791Z 909 28a6DylhGms7yNCd1dFMdGlwdZ1tPqddBcc0uYQJqzdiNBV3nVmk3gIgGDrV
2021-02-15T22:01:15.665840874Z 910 aXFHnp6fsnOlzTkkuitnExkkZD24fS6keDhYvkRUPiXUEGQV0QWz1t97mRfu
2021-02-15T22:01:15.676705179Z 911 0Gnc2HI3mfa4ccjKEjxs5gQDoGrSUJoQ3dH1ONT1fZJL9VQnbuWOKHvpjpNr
2021-02-15T22:01:15.687243803Z 912 sS4b6VNuARZiRzoQWWmjI5mhaMCd1F8MVm8paYLIMZzCA9apNxBe9CbRcwCc
2021-02-15T22:01:15.698866637Z 913 lEgj5Qbv6ORrEUiMJBRb3i3AxYPEiZ8Qx3ZHV1y1Vfpn3jDkvc8ClX002v8a
2021-02-15T22:01:15.709883954Z 914 ti7BbT71Dnzj4FLs3KHuSO4SkZIP5PKQ9WPfMfdQrF1JUukWOv8tdh2QYQ5q
2021-02-15T22:01:15.720561617Z 915 DPw586IBItCUqcm201ktgZ7AgfcA1oeAoqFQMNFTyKxbqOGMwLY3KAAel1jQ
2021-02-15T22:01:15.731773950Z 916 gbtrc3aW3cEJFm6zxolHdBr1i7nuAOWGlqt2pPylUtCLoSZws9LwqMflpUgR
2021-02-15T22:01:15.742762552Z 917 tHruNCXtYIKcHMCoQwDGixNpBbzCJL3tBa4szmlywHGqjc1V8kIrbeG1rMgT
2021-02-15T22:01:15.753501310Z 918 n1wA01Lj0YaFpvZ5edIZuR55LfBrENAeXiIoS84lI69KeYDQjZ8jWK69Jp9P
2021-02-15T22:01:15.765324845Z 919 mqxhoBrydsebH2IPZHOHymhia58e672i9c189xMMu8ysv9dFxqAdAWkju6ju
2021-02-15T22:01:15.776841482Z 920 9vUbHxGVSSjPTLZeSf5L8S43gAmnDL564US1iqggE235ERvSeecUdLfwykgW
2021-02-15T22:01:15.787268326Z 921 D6UORJNr4x92clVdbFX33fW0X443VzBaICQk4Rr8WdcKj3VLlTFwDh6q1vPN
2021-02-15T22:01:15.798719019Z 922 ozSmcBRbAYbEqq8BPzh2JX1O87xqRoAoGfEivCs8PUnN91B0imTo0kZhmsNS
2021-02-15T22:01:15.810149191Z 923 QHtSJq1fUpAXcAfGsGYtimWvxLs1OUMUPvfqUfaALMqWfh9sKgZkCXzberqE
2021-02-15T22:01:15.821806064Z 924 RY9C0gYpnasFHyXRblyiu2wVoIgMk01iWpCDeW0c5rFD4b8UmyLz8eOaV96j
2021-02-15T22:01:15.832994656Z 925 8eBI9pz0VRYHVjYmBTmzJCrCqWmnfiQ95eDyqB4KbjU7thMfrbLILlPRu4Ii
2021-02-15T22:01:15.844109681Z 926 5TReFmddKhLUl2NQzPwiyfToItZun56ozyvH0LXZ8iLBBiM0faYEskCA9YIt
2021-02-15T22:01:15.855698009Z 927 OuqowwivJqZPR4qvrjGm0ugWUc5KDs9khKZ90xr6cqoMjPWWjpgG2mIFGibD
2021-02-15T22:01:15.866729305Z 928 22nB4qI8s8T12W1zgH9YTpez7WL1xkk47FZbs67WZvE8kXHc3NXyAPgnPs4J
2021-02-15T22:01:15.877617779Z 929 2ihtmelRIp3iIMepOMG47X1UNmoRJlIVt7bkn7J8k12UaSV1YNfxnNPRrAbm
2021-02-15T22:01:15.888869813Z 930 0Ro3YfyWGZ7FTyp9Qsz5q7LY98d3mun1zQM0W5alckpADzYwKnBRCMLItnse
2021-02-15T22:01:15.900044336Z 931 rX4gV3eXnwvHpeSG9ML6CwmNbsnVtCxoB8Ax8FkoExlEnl9o1zs3p7gpO1Hv
2021-02-15T22:01:15.911649194Z 932 n1KskbLHip6CgB6CYgOboiavZG2ZfjkUNdHA3SxtrRISvP4b2Dvr3rCRAEyH
2021-02-15T22:01:15.922674125Z 933 KybmmCVjzwy70t8oGGNP4Dm4BLZY4kvFdLPjDlHGk8xE12o67YcmWYRgKhoJ
2021-02-15T22:01:15.933782530Z 934 o7SyAknztWTZzohk4trBgzFl95tz8RvQ3bEvZcrwUS5atV8eEKgY2pY0mab0
2021-02-15T22:01:15.945173064Z 935 h8d2DA8NkellwFaa27u4nAt06MFDHPLZebECKmm1E4baf63RAjbxzPjJW0g4
2021-02-15T22:01:15.956931175Z 936 TMKN3aPQJvdtaTYmoigqTx3alKGTJKl8b0RJVHYEr2UUX52JUH3gyr2ZLXHs
2021-02-15T22:01:15.967397844Z 937 M883d5V4OY76pyUyEJocAryQamWhUa1XttBbX16R3TGNsZ5YyjOejlnXUcgO
2021-02-15T22:01:15.978673947Z 938 TFsmCQIPvECrr4qb8MRNL4rWdxpnRZ2mddFoBlgN4gfw1mDNfM67SS2Tion3
2021-02-15T22:01:15.989950782Z 939 4bq0Kb8SLtLDjNlcqdlr7ijmsQBxIGcxs2DCLo4Ms1hJ6H4eQzQOpjAXcPAH
2021-02-15T22:01:16.000568209Z 940 o711Oqr2uhzFbZwUz5xtlDtKI218DAIq3HeYuY59DwCwkyTVmhq14HchNxgY
2021-02-15T22:01:16.012247612Z 941 iVlj8RogE1fiZBcblSJcQF06kgzZbwhUcjopEapfrKfRJAHwUMx3TvD7KOtS
2021-02-15T22:01:16.023862543Z 942 Cziz3IynxFiesREMnITZDkySXwuESP3kkDjPuYOniMsMyROuzuAS3oAZGD5L
2021-02-15T22:01:16.034714165Z 943 gWwAxmo1PlIKJgnJvjQaq0KBtOIWChHVieTcvaJn4Hw1B73doMlI5fmPfu9C
2021-02-15T22:01:16.046019269Z 944 4srjCYAHuz8yfqg5mOHf6IlCoXQVP0Oa7HVaAmZ4aW5t19belLWHbTp2beM1
2021-02-15T22:01:16.057208515Z 945 exGGmLGMCIdCK0d7T7Vg8T0B1VcfMajUdx1UWMafNEMUMleEaw4EAus8Icxc
2021-02-15T22:01:16.068893662Z 946 Y22vVqRVhmYsI92b1mASB9wrXy82Y72LxK8jvoO7TjHGifc3OMy5lFTfXlzc
2021-02-15T22:01:16.079729550Z 947 bDBkQPcCkXgZUpwkHpc0anrddvnrx9p65P4i8dzcadx8jItQ6eTvHuJjZC1D
2021-02-15T22:01:16.090910688Z 948 f7WTdRy8Msg1usAWurRRBugnnsGMdBrSvai6K7Kate7rP8xPFMfBugftdOU8
2021-02-15T22:01:16.102733893Z 949 bDkSrRI06u5pTGGzR6nZe65dBdyQ23Xk1FlXNrs9ZwLoSLg4U831NniMjlKr
2021-02-15T22:01:16.113702538Z 950 5HY9LKRlELYx0WT3VGKY9f8oaVFZNiyQrFQ4fYTLSWZNkVzEftmt6KyUGZmg
2021-02-15T22:01:16.124125143Z 951 w3hWYCIKEvrNR3OGK3WM69Eo4p1fRlkST1iJRXzpLm2CADp5D1hbN2csmPDk
2021-02-15T22:01:16.135307303Z 952 zc2rbJO2OnSEQVtmPbiCwxsEH6D1QK61HuEbx1jtqRinIgGc03slMqb8hBg7
2021-02-15T22:01:16.146560004Z 953 kTw4ew3wR5QXM6dYbfbEzDXeCVvOCnBq4pqFXnutefBNVOADjlcQ9th1rSI1
2021-02-15T22:01:16.157323921Z 954 eOH4md9xQIeH0mOpW8V6jAtsDDJCaf7j0RRDboVPuEMkl9NzgGY2jequEZ6v
2021-02-15T22:01:16.168275335Z 955 siGJM6papZsNeoxiVXNuZPf0ZSsk0nd9PJwLRRA0HrHiUEe5Mm6bFgvMIJ4L
2021-02-15T22:01:16.179597115Z 956 q2T05gzxQdmYnL1359PoczoAyQZlYP6bLDhQAugmuQLBOrSu854YVeJeQPmU
2021-02-15T22:01:16.190833144Z 957 T7YB4OnYA6wxAy4C8IXANQejuwnTdokxQwOUMiGcGPPaUJNHLOjtmzSbaPyb
2021-02-15T22:01:16.201491814Z 958 2cZzk1vXg2CoyTflo2qYT8yp6u5pTkScX4dHIh5Yt3oGIbrQCBVeFDz1la9J
2021-02-15T22:01:16.213539868Z 959 Hex5ynKFkXgsiF2jGxJszMPeYUwv9KPXCcZV6E7sHoQJTeYHuMcUiphXdJpc
2021-02-15T22:01:16.224436443Z 960 3QuhnPY76B8kGZfBBHowBU1LqZwkOnefkIaSO2KTJbedRsa41CUaGFHLoPGt
2021-02-15T22:01:16.236079309Z 961 BOWFTl6gdr67UO906Kk6kIK3SqnuEDltAasdkX4fipGDCzOX8Yi265nL6Rva
2021-02-15T22:01:16.246523882Z 962 bYCuNlDi5v5dcX2LLaJOZvJZBKfV6npG1fbAHmjK8D2q1tVkA6OgDfSSJWCg
2021-02-15T22:01:16.257848270Z 963 Vakpl3JwgaqlWcNVTe5oEKhzTPzbGf4IcNSUWC5Mi2LYk7yILKWJuo5fRRyp
2021-02-15T22:01:16.268374204Z 964 KNWHGLdbt1EyEbBoLEQ5DVoeVDuLAiqNTi5IygKBvB4qJ8ykHD8StjoxqBGL
2021-02-15T22:01:16.280095814Z 965 Hzx6apCTzdoLNR6IVHi4zPzVCHNWVapZh5s06hNxPGV33nJ1NM1lVReQApUZ
2021-02-15T22:01:16.291817930Z 966 tRyJofOCoGbXULq1d1R47Njj58UlpdZFnSFk3GamO3Zo0qiygcoyESeZot96
2021-02-15T22:01:16.302035535Z 967 gZTKpjytAeVksfT1d2XkE9cdjxTW5tEh0XZehflmhlPLgnMlK9aFdWG9cvsH
2021-02-15T22:01:16.313346193Z 968 mWUD0kL6dsrSjqGJwkWNlTUvlDrq8Jw0xOVRwiRe4Fa3KFEcvtDxDOgxildY
2021-02-15T22:01:16.324682463Z 969 B6lYFIWZlqyoMMtbil9T4GrIMfGM4Kz2RDlOtXOQvdHav7QsYZOZ1VRf8BtM
2021-02-15T22:01:16.336280419Z 970 t7L6Kjyb9GeGsNgFbZFEKyqU68hjaXWkDe6aUUghmvGfPPU2FTx881sy0c6y
2021-02-15T22:01:16.348075748Z 971 uM9kQuG2IhmXK5c3qT3iLQ0aGakZ8A1fpvKqu4EEuRhY92pNO0h8nugOxYu9
2021-02-15T22:01:16.359357220Z 972 9J4moXJojsPuTYHZbi52ZgswNSUk61ujZcguEEcuAYi6OFW21hclNmlnGSf0
2021-02-15T22:01:16.370617768Z 973 moVykFSKElbZauYcDBa8zzuB1LCqcszO8IzcUTgi5WGUhL6Sr2wTXHEQkW4u
2021-02-15T22:01:16.381292628Z 974 NUDBGQHzEH3kSKUY43a57PAhvyCDP6KmBmAV7BDd7EBRMpmIqcxQti6nV1BK
2021-02-15T22:01:16.392630014Z 975 6c6HI9YvRxMDjjJdkG5loAqpJBZ8cjWJM1vNMpcgIW7EAsOOYencnQP7aqSi
2021-02-15T22:01:16.404193581Z 976 4hDnnCBE2Kdp3FU5G3uSlRVuGaG3O9fXUG0cMktgfvoknqT4PTBfAPVzR9Y4
2021-02-15T22:01:16.416111802Z 977 IcEDqPzzcBiKUr2ltOrlWXO8TLbW6WNH34uDdegm1ofktFBENyQT82RLq72E
2021-02-15T22:01:16.426746021Z 978 6zxyMypYAar0XtHYVqXuPdpyKjlHc9L2vIwLpFXgsAysSyrFxT4WVtuKxehl
2021-02-15T22:01:16.437910051Z 979 20i4lYaYv6lGMZZhrrEc8dDwoKLWxO6UhLEuxCb9sz5zYABNFXjalLpdyphL
2021-02-15T22:01:16.449210561Z 980 ofAzrRPWWjRwui535yBdPBviVGBz5rejKTzVpSUfyCRXO53ugLXme66NPIhj
2021-02-15T22:01:16.460871822Z 981 LogqPWDU25TJrvdQycfOLX4P7fhUWIp2TPiCLgjaR5c57wlTpppn6mLdzcX4
2021-02-15T22:01:16.471621570Z 982 lXk1VQRC7O1PlMVeWx2XORfad74e4KEKIiE69NZjE8SacGA9lwqbWAY4sY0V
2021-02-15T22:01:16.483133197Z 983 bGg0seWBgVsE2hJ6IrxzHGslxEi3lqmdOHCVcukAALuhHAC9XscmkxWA4wMf
2021-02-15T22:01:16.494125306Z 984 gnTtSn1i4EOfkKSEeAzdEpu8k9hWBPfimawEQ0ELAOul68HL2wb8vbaW6F9R
2021-02-15T22:01:16.505541048Z 985 6BZpgC1f98NIh8dd1k2Qzk0FdHe4jtVpau0l6ykXqQwjoMgozNsSGk7QMAd4
2021-02-15T22:01:16.516809205Z 986 u0LPFndNe5rPVnpjLn38nbqPvN6TmspgaAviigeCbaFeI7aiK6B7XP82W8Ug
2021-02-15T22:01:16.527232967Z 987 VQFihVhHOpG0qkqB6QNdoToepLWYt25wrMEshmhxoNnplKC5H3JMUIwbqd8G
2021-02-15T22:01:16.538797996Z 988 9FTB0f05eSf1iPO1UaVb0tb3GPXDjE8qskrGuBb0kpJtM8l62EDjuVmiQEsH
2021-02-15T22:01:16.549377891Z 989 LOd6vWUK4kGbQixELrUTKDrp7XHTgoefn0Hh8NwvKaK1qw0YBuWtQz1MhLyR
2021-02-15T22:01:16.561116680Z 990 LfyuHY1RoIC2CHfv2VyBCFCKJ1cS8IDZykUsZWcpUjlWdlpuuZhAjTdhLok6
2021-02-15T22:01:16.572719817Z 991 tX3J204AAXzRxwqMUAopR42ALSHJbBcdMqY4N5RSVHWzNaymmtSuM339Keml
2021-02-15T22:01:16.583950160Z 992 0La3MENs8GXSLVRF80HST0FDKfxvxeBtVObbMMBHb1CL0Bz6cjRPjlGX4sGT
2021-02-15T22:01:16.594325976Z 993 uyHNcvlvuIoPa0FlhbFQeFbwAFBwAVbVzrkWiUWzGAKeOWyLTuYeUSEoMU0I
2021-02-15T22:01:16.606263808Z 994 TmgTwSXjGWkL1N44dZYU4YUCtdYBQVQ3tL6NCqKVtxU3jMfONM1Qp0pO5fA6
2021-02-15T22:01:16.618166773Z 995 e1X6RbI0ECuWLx1IY1DaOqk6b2HMSpA9ZPPLtxxU1S9bU1Yysji4HGPozhmv
2021-02-15T22:01:16.629031610Z 996 MnwSgqlA74rd3EKASYLhSz09OVd12gVWKvQZH4Z3fJ8HXVnxHugPUGrZLPQ6
2021-02-15T22:01:16.639747739Z 997 vHBYbXRPhMng3d5I7u51Hewn3dZJtbK64izuGSdrl252V4fIYR5S7XuIBq3L
2021-02-15T22:01:16.651090434Z 998 cST9dvQpBJ5CUQ9T3ZLuSKL3MsGcXdVUGo025wjbqZeJGa3ueIwFdUarEdUo
2021-02-15T22:01:16.662227422Z 999 YNIbf0PR0hxLRP5uStt2XGhEQyRtkWtj9nalsHwh3H3xxhmoLTUickuLmqH0
