2021-02-15T22:01:05.406798580Z,2021-02-15T22:01:05.415367078Z,0 rjR3R3VCOSr5aS8VRxgHUqwYd92QEEn50HAdjAIhYMUfTB5a8nyOBFpvy8l2Te
2021-02-15T22:01:05.418772031Z,2021-02-15T22:01:05.481609252Z,1 lY0NjO9iRBw9p1Jl39C6IKqkDUo7CxYQxtG3bK2K9xYEcBBqMke8RLPNzkh0Ss
2021-02-15T22:01:05.429955359Z,2021-02-15T22:01:05.543560553Z,2 y7YrqIEiFxYYYw79LvYqsb7iYYPGO1oewc1BPO913X4emACohoPjVmhtKQjsbm
2021-02-15T22:01:05.441183227Z,2021-02-15T22:01:05.606976791Z,3 PtLC80QVQkY4LS3TbLvzo7SzbMthKQF0AZJVCyYR2L0nWhtzO4FeaYAnwJ8gPy
2021-02-15T22:01:05.452788487Z,2021-02-15T22:01:05.673353181Z,4 1nBxMj09MJhtNZJ9xe4VCgA50qjWnwt2zC5VOjPXgHAFlsMm19jFnwWAKtnSLT
2021-02-15T22:01:05.463317452Z,2021-02-15T22:01:05.738334647Z,5 JLgF0Ygp9BZpFDmtdvfh9izxu966SM1Z21pd1JIBXXkh8KEOHspkmqQfMEtU2V
2021-02-15T22:01:05.475084856Z,2021-02-15T22:01:05.805679461Z,6 T8tTvydlGvevsIxVviDIRm7jOUfwcRvp3Yo0nNH1uLsf3X8kMXjrDX9q0pkBwo
2021-02-15T22:01:05.487083569Z,2021-02-15T22:01:05.875896005Z,7 6P9LS6jyRRcdizgWIe3XUNuLciE0EVsf5TmNUOxM61avP218N8eChA57xS8Y3A
2021-02-15T22:01:05.498651646Z,2021-02-15T22:01:05.941895241Z,8 pjmROay3tlS6x5pNoYXANzZQ3fKgfMIyIoblIBbuaiPp7WHhkoCEkfvBAJRUEK
2021-02-15T22:01:05.509876736Z,2021-02-15T22:01:06.005950298Z,9 LtMxm1dkCyvUvNSYsjzONPZwRPHTOW50GDD105Fkx63xnqW0x8GCwVg0c2jTUY
2021-02-15T22:01:05.520114148Z,2021-02-15T22:01:06.072523305Z,10 z84w3w12nxql5Fd9jSuSt3kkaCyhkkDdpL0Sp15Ss3xDPxTXRLUEvtvIiIXZj
2021-02-15T22:01:05.531519410Z,2021-02-15T22:01:06.139209558Z,11 D8EKdiZlsMbhdXjOg08prGbfFYqtM32CjVdmfNBD1Rb6BqD1XYazM0406z80n
2021-02-15T22:01:05.542569238Z,2021-02-15T22:01:06.206933196Z,12 b005UfZIUwn6UM3chL10f9ULjutyubb6coeyN5yIyXnvTB0JJr1cp0VzdyecT
2021-02-15T22:01:05.553481895Z,2021-02-15T22:01:06.270719178Z,13 MqKTgVcZ4m80D1Ypvq1VRHvo6rBpnV6BfZ2ZNaLUe9RkWcsrFZZ08GC8pY5cA
2021-02-15T22:01:05.564511112Z,2021-02-15T22:01:06.336030528Z,14 HbRd92ANBc3o3aY4fWYYFawjpXXXkH7ApzLPOTArAmmlhOtqyJ5VTyaM7RKgL
2021-02-15T22:01:05.575413786Z,2021-02-15T22:01:06.403604113Z,15 B4umOQvZ7g0ozOYriKBBy4rQIRy2tW3GmBJpIterxOgag9cJzLdIsRbY5aTPP
2021-02-15T22:01:05.586769133Z,2021-02-15T22:01:06.469805181Z,16 ySCKZD4mwgh8K68gzw9mFycy1RjdjaSt1yLL2EdD46Lv1tocXBHNH6EDWRvzo
2021-02-15T22:01:05.598434264Z,2021-02-15T22:01:06.534617713Z,17 fzz2xPt2KWsE1h8QDXjCflokiVMTTnEJ3HM5wJvCadKALs1a9AubsT8lhEJ06
2021-02-15T22:01:05.609371341Z,2021-02-15T22:01:06.601590019Z,18 sJCrSmrs8tTKisQgSloETPT8iG82tKpwA985fdheZWnEF85AB84T9lFS77Bim
2021-02-15T22:01:05.620496035Z,2021-02-15T22:01:06.669683150Z,19 8C60VyY7GO9d0G69ToHsf32IVac5WaJSmaB75KRhcIvgmp8hafCRMToyl2Ve9
2021-02-15T22:01:05.631514945Z,2021-02-15T22:01:06.736718545Z,20 2s15eRIPsquByBpewcBikvealIbQFRuWQy6uYCClTKuAbQBQjsggqcOQpaRdl
2021-02-15T22:01:05.642874586Z,2021-02-15T22:01:06.803367877Z,21 UM3FB70ijqYusWsVYXC5E4sISveZZlKdCN8Pff4kiSJSeW2buOC8q7SuIdb4I
2021-02-15T22:01:05.655570861Z,2021-02-15T22:01:06.871005299Z,22 HjBx0He0v9lxngnhjflA7iVuWuWRvDbq0r1Of90SriLfQmQW4oE4X75Sx2sWL
2021-02-15T22:01:05.666882440Z,2021-02-15T22:01:06.940585719Z,23 BoXsSuz6cNnJSuZS0L8NssUYDTyk07l9ONoV654EOix6BLXo5zuWOWcgknjn5
2021-02-15T22:01:05.678894268Z,2021-02-15T22:01:07.009022114Z,24 SK33mN37Ir7TGUWZxBTelGIGvivjEO7sWn0RnAl0iOs2SRVP6iEsV2hDUDUoy
2021-02-15T22:01:05.689436789Z,2021-02-15T22:01:07.073190163Z,25 rb397Tif52yNpEvvUVinB8A3I78OPMxIgTpQMp0LiSzEn6TLoo0kdtaykWpgC
2021-02-15T22:01:05.700615756Z,2021-02-15T22:01:07.144641911Z,26 W2CSPSHdOks3Se2LweL6N0646TzcWwtbw7qVjcHUgg7VtJGnpcLl5gy8Fsolo
2021-02-15T22:01:05.711979230Z,2021-02-15T22:01:07.211888693Z,27 76lBK4ZPZoJn2KUprCskW7gzSMpOpPbP4j3GUrFDDWWivToSIwDdntozMpqHh
2021-02-15T22:01:05.722638467Z,2021-02-15T22:01:07.275922684Z,28 Wy1ymon6ou4c3bvYFFFYudIDGb7RpKfACo6M8s7KfDO1of9iEE8lrxhdaiVQn
2021-02-15T22:01:05.733921002Z,2021-02-15T22:01:07.348186292Z,29 6s5yvtf8TrPaUbjv2BOr3GW5UUv5f337zL8JbHsP3mUhAC5RWwY9ymR7FOovu
2021-02-15T22:01:05.744282338Z,2021-02-15T22:01:07.418260664Z,30 QUhGBAx4qxciPO1WjfBXFkevEvThvkvFF3VknBYnPcHF428mDfP7TzQ5FgBmN
2021-02-15T22:01:05.756071511Z,2021-02-15T22:01:07.484848037Z,31 yu3UDyQS9OP3N6T98hnt8GozJ7RUebgXZdhfxuVP6zuLRIj6VcPsrVajdRCtA
2021-02-15T22:01:05.768143356Z,2021-02-15T22:01:07.555122184Z,32 ZD0xRc3Fjxq0ZuJYvM5qrgxgydTcvdo0dUEWXsLQYXzc58xZCCYDMKiEfPyoQ
2021-02-15T22:01:05.779679581Z,2021-02-15T22:01:07.620547094Z,33 st9bdXFw9gjZE7Wbyb3v1G3zcCMutF7AVNxzaOvhLKwaWBdCigf3Da0wZT70g
2021-02-15T22:01:05.791335526Z,2021-02-15T22:01:07.687660555Z,34 oDZDlCCb2735ckpuliJCrmM7GvJgbS08LI1NmOsyqcpZJgEqsJV2ASDkbOhfj
2021-02-15T22:01:05.803061197Z,2021-02-15T22:01:07.758023815Z,35 PvyB3RZFjrY9JoHXRGjy9Ym26kSdfNWsBMoa4o0wN0bhU4uhQESdcxhBz2yAP
2021-02-15T22:01:05.814190165Z,2021-02-15T22:01:07.827371731Z,36 FONUfpwPe1U5RcAsUxEt5Or9kynHb9fzFltSG0Py9V6ZOIwo6oMuMMtF1i8mf
2021-02-15T22:01:05.825958505Z,2021-02-15T22:01:07.896912282Z,37 JHSWpCyZsMAdC1tPWuHmS6uJHfH4AukH6oHoau01CaTwxz7h1vEShIJjdU8ND
2021-02-15T22:01:05.837442005Z,2021-02-15T22:01:07.961204315Z,38 SkQJh5gSvCMBzYpZMccHryU9jgYMDXjzrsa6jizf0HDpgWGQdwggnTRR4qckt
2021-02-15T22:01:05.848785087Z,2021-02-15T22:01:08.028251079Z,39 D6O2dRtPe2Jys0ACMZ15sMsNS6EvJAHEHD8cSiKjMheiNuvBEBsnZuhDDoQ9L
2021-02-15T22:01:05.859647768Z,2021-02-15T22:01:08.096576286Z,40 NqYSPUM618ZZEuzz1E4ZnO6PgUqXfLnNQER65tV5qJc4JaFAzhtxBxvp7Mfyp
2021-02-15T22:01:05.871088078Z,2021-02-15T22:01:08.164944656Z,41 89pEis3831WVkJZd9pA7CmdE6c4zJbQN6cixw9p7eAiAsV93fF9xKhJLzBzEi
2021-02-15T22:01:05.882603829Z,2021-02-15T22:01:08.235199030Z,42 heHMvlTioVS9JwseSSb5kbnD5tx8eWdi0SkyR2NDbLgW0eldLHXcDJ8LCTzIL
2021-02-15T22:01:05.893518927Z,2021-02-15T22:01:08.300617304Z,43 k6cFKKIjgC8xgqZ5HC9H3JBS8RR8fwQbEZYPXj6vlCdTPiJ7g7Tb9CFE1Incf
2021-02-15T22:01:05.904621226Z,2021-02-15T22:01:08.369930160Z,44 d7UJoJiKkVhmkiNyeXNBuhHEZ1oLBKD4qR9CnaIyCUGztr84RcDxTKUIlpTmP
2021-02-15T22:01:05.915934601Z,2021-02-15T22:01:08.439138466Z,45 ZS61OLV6IBtl8xf0vTgDOy0RFTAXZSNJsvpDxWU1MmX1kuZ5wngrKZulAvPY3
2021-02-15T22:01:05.926493534Z,2021-02-15T22:01:08.506332346Z,46 30cD7mHbZ8GDel0ZdqRGaL8i177JC9eqIBZW1TtulPj0TL6zde9cZjQ09ptyX
2021-02-15T22:01:05.938318375Z,2021-02-15T22:01:08.572369120Z,47 fkIGyScLx6CVG9Dqy5iSrWThJKX57y3WLZl3zStA9zg6yd4PRD7oIGPYXAAcX
2021-02-15T22:01:05.949896487Z,2021-02-15T22:01:08.637336515Z,48 yqpN4CnyPQdrCBly7ZrW9KgXbcTwrUxbqRXOS74mhLeFhrAKHSNemWBhFsSBT
2021-02-15T22:01:05.960112560Z,2021-02-15T22:01:08.704214656Z,49 0o5Y15X8iDHMFvorJZixWVTVQmODLyQu2KWUzXgFqD5hIUAiwQIS3DCO9ltN7
2021-02-15T22:01:05.971515831Z,2021-02-15T22:01:08.771880307Z,50 8QrTrUhea6PAq03ytreOJg16EXbZHj81AXrLjqR0jiUjbNPqjDEx6KOduTYW1
2021-02-15T22:01:05.982317028Z,2021-02-15T22:01:08.836778288Z,51 nfHL0DHnwfVM15e6iPqlQmUzPnJILVvdVbxq3trOb7tYID20lCCkIw4VSjvoc
2021-02-15T22:01:05.994103741Z,2021-02-15T22:01:08.903133378Z,52 gUbFiUQ5rRp7QEalaaYZ4hkVpzgDKg0HBNZJkDZWDJe8egBoiagylBXIhc9EO
2021-02-15T22:01:06.006173970Z,2021-02-15T22:01:08.969293795Z,53 LrqDzXVnmcQBGVPTKedJN9MSExnnIGwoSpPwcWgCfDB0FUH5oIE5FvdszU7ys
2021-02-15T22:01:06.017137874Z,2021-02-15T22:01:09.030727675Z,54 CTgpgrVXOag72UUxX05fN3o5RSzqINZCUSjPcpqbLIZqyOGEKjsHBq5qOnvXw
2021-02-15T22:01:06.028440256Z,2021-02-15T22:01:09.097912210Z,55 WoXps9xKilKpwCtQyIlRU6IcORYi7FV20OcLTPVf8Y2T1QBOBvSqDVLlguUHM
2021-02-15T22:01:06.039265739Z,2021-02-15T22:01:09.162589832Z,56 1lT62xz5uEHDO2LB6GzBiIbdrR7MONlzrVzm2EgP5Y5WkpnWoz71pAThZupbA
2021-02-15T22:01:06.050807103Z,2021-02-15T22:01:09.233065848Z,57 D88ZaVdiGBMeKZNg84BOJttw5dzI2M6NXVI4gFGPG7zufQfOU5WrlokHoFshZ
2021-02-15T22:01:06.062208813Z,2021-02-15T22:01:09.299142211Z,58 DzTW2opLC6eDqWmCC33ExJca4Llb7nT5EQWvcDxfTCLSaVQlpnMWtozNtCV2D
2021-02-15T22:01:06.073825890Z,2021-02-15T22:01:09.363019710Z,59 4VJuYpWC2Bbh2zrRBqPMJgysmPS8enQ8N1rctf7M2pPqbNl4ZxiNMpQEDBkxT
2021-02-15T22:01:06.085018152Z,2021-02-15T22:01:09.434486584Z,60 8RtQ6ZlcLMx16EdTMr7fqjBjgj0obWmeU1ENZY4ifPzGMic41ps5CVZ4d2FfN
2021-02-15T22:01:06.097109678Z,2021-02-15T22:01:09.498844736Z,61 ZIJFm6FSdpmguKNBU3nDJ76QksLdgQRHYMqn2yuLqfOMkuJfcokUyT87KAjs6
2021-02-15T22:01:06.108615559Z,2021-02-15T22:01:09.565369109Z,62 W4P9krNkcpsaGa1vBEUt77j51pYojIGjB32rWxTc7zdTNT3rLOgQAB9w7q3Bq
2021-02-15T22:01:06.120115839Z,2021-02-15T22:01:09.634213777Z,63 0S9eyLB7B94fRWjh0Cb2f8ULW0qRvCBZTwXJd6GOAoeFQD5jX5X1FcIzppnRz
2021-02-15T22:01:06.131899132Z,2021-02-15T22:01:09.701807281Z,64 biuphGuDLNgBAGHiXkrQlGV1TdbpI5NHLlICIjhs4vJ5DhgJuq6n6PHZiFtyL
2021-02-15T22:01:06.142542600Z,2021-02-15T22:01:09.768855063Z,65 iiLNLCwuBAr7qja7rV1dtxsaRtDpVIaIrLtt799KzwXt63L5Ek8GlIoQaZiSa
2021-02-15T22:01:06.154063343Z,2021-02-15T22:01:09.836108292Z,66 qGffd390TL5RQvBUqzq1U8LXimxmXQSj9xodHG0zj2Gbbeae0qv7tBSgCADK0
2021-02-15T22:01:06.165629735Z,2021-02-15T22:01:09.902043632Z,67 OyfoOE9szlpcPFbNHXLRWf7LekdCAr5JGgqljufl68LoMFNM5GxYLiQKChXFl
2021-02-15T22:01:06.176330394Z,2021-02-15T22:01:09.965040453Z,68 rsU7EFDTh6zWSrtK2wRtecQGo64CziZh1hwIYV2UeF1HW1LCcEmHGyeZ3aryx
2021-02-15T22:01:06.188124300Z,2021-02-15T22:01:10.030189064Z,69 U6GAQr1Njj0UHhje9iwD4HxaJlYkLFjNZKcMP3IAUHgEl4xn6Qn1NtuvxmSoY
2021-02-15T22:01:06.200349735Z,2021-02-15T22:01:10.095059580Z,70 HPi0vv9Iytni6rA7zRCcGXSC4q5M3FBmBJi8aiLk9O6vwhXLMpK6KvuB4VGaR
2021-02-15T22:01:06.212015239Z,2021-02-15T22:01:10.163270284Z,71 VqB3BHEC55uPt4qz3tgQ0PYDzuEuHIzgEqYp1epqWsOoUP0nT4zLm0zUWFTPf
2021-02-15T22:01:06.222364661Z,2021-02-15T22:01:10.231108519Z,72 bM1ET40TzQSpU2REXEsVofz2KgH8hHiab7e482ggMcR2xzjTYuMeWefrkeJH5
2021-02-15T22:01:06.234073160Z,2021-02-15T22:01:10.296751094Z,73 VcpGbRsQE6KrGoFiCV13XqXdPQAnfJpTR7fvanWFC8rwrEgT1mULwuiow1OLz
2021-02-15T22:01:06.245437193Z,2021-02-15T22:01:10.363181945Z,74 cEmhfkNmy0rOjHuYYejKEBxqXCIUk0R7p6n4j84FA0aWSC7eG1mYwiXAZ9smA
2021-02-15T22:01:06.256622376Z,2021-02-15T22:01:10.428474736Z,75 amXTBv1b3HqXotLHfn9cIOahLVpGG96HwZyn5OY02ZGna44grE1onIvtPSbp2
2021-02-15T22:01:06.267456898Z,2021-02-15T22:01:10.492765212Z,76 4tghuT3ME7zanGvQg9V7uMESJqT7EJ7pVITsbEROVe19LXHDwk8BvFuelo3w7
2021-02-15T22:01:06.278756565Z,2021-02-15T22:01:10.560301631Z,77 eFH2xCJcUTNOQh7vMN8Wi1svkLZkShtOf3dFKArtrszISCGgLaQtf0tf0XeLD
2021-02-15T22:01:06.289093329Z,2021-02-15T22:01:10.632763519Z,78 3t9Hj0fYvCzMZ5xgjeUmpOIKoPprPlNbDr1tYIL6LRv0FkNtR2a9WTIoLYG15
2021-02-15T22:01:06.300750869Z,2021-02-15T22:01:10.692816012Z,79 lJOJfffzBzlkUZeI9LCF9ltCYXlGs5FWkKcRS8BNGpPXmdoXO9v8602fhJmN4
2021-02-15T22:01:06.311662465Z,2021-02-15T22:01:10.759314173Z,80 T5WtetFaHMSVheMqGL1ZXQ98w4BB5R70j5TErsKwHFYHYTFF5TiXNd3wMXIB2
2021-02-15T22:01:06.322653213Z,2021-02-15T22:01:10.824275935Z,81 ZXfgkFQhSyJc7N5ZobjzHI11pkYsvf3ZNQ1oDjCwBiTFlkYkTVY011fOMaFHx
2021-02-15T22:01:06.333490577Z,2021-02-15T22:01:10.889413803Z,82 vJYxPh7yusnsb2J71qsfRPAhDfAnd0I1gWajbx4ngmeodWSQQiEzua6mBic27
2021-02-15T22:01:06.345153341Z,2021-02-15T22:01:10.955352013Z,83 MWJmmKeZS0TvUq1YrmwjSSh0g66ZEwyoEDxLq9KqCacqMaf2H4YS54EhgX3lk
2021-02-15T22:01:06.356613370Z,2021-02-15T22:01:11.019409034Z,84 2d0p69FnunpqbfNrk46tSyjT1o2IFPEEpf5yjnoRM9LnZyLznX6YJTw6VjRJ7
2021-02-15T22:01:06.367889122Z,2021-02-15T22:01:11.086111157Z,85 q4PdQ9UE33JuRjuqkcVpe3StHIMplDoiRZju5pdsIG4JfuSfwC3EPNITnJldb
2021-02-15T22:01:06.378622082Z,2021-02-15T22:01:11.151960740Z,86 e9rYKw910gkpEb33OHyce6Y8IazoS2rmCv9KklB8pwVecYhDZlTMUIc5DH15i
2021-02-15T22:01:06.389232481Z,2021-02-15T22:01:11.216179497Z,87 K5v5avLJhAN1ClgavV6DulDCCufsd80AZ56CpBa9kX1rom3xQ0pg36xInb6Cu
2021-02-15T22:01:06.401106262Z,2021-02-15T22:01:11.284366868Z,88 NW26sFSAw6XOay9tcXrP2FFBFFK0agkdEk1dRe6Ewe4mxXD2usRvQ69Apvj7P
2021-02-15T22:01:06.412666567Z,2021-02-15T22:01:11.351057251Z,89 qCyNzf0j10EmhMe32xjDEONEPxwJxG74Gf9bQXh1jXFk2AEpewjBm1AZsFC4l
2021-02-15T22:01:06.423342894Z,2021-02-15T22:01:11.419120909Z,90 T3jRcCTCey951i4vxb9E6Q2ci59P6l6cryjgmPjA9nQ0G35L9ChAxJAEij5E4
2021-02-15T22:01:06.434374447Z,2021-02-15T22:01:11.482529491Z,91 9veZ2AIz6kEsKWmo4DI3PUMU8eTT7bsFU9tCb15tL08iuYa7IZSVPWz0qq4dV
2021-02-15T22:01:06.445627712Z,2021-02-15T22:01:11.549487778Z,92 owm8IInw6bTSIVm7Ty0e4wBJIqrTY2MOws8I9z42sqp8HfbRsLzyiIhqLdLC6
2021-02-15T22:01:06.456254339Z,2021-02-15T22:01:11.616643466Z,93 BbdSbv62wQTPEm7dkq4AiPA43uebrTcTaaXKuUrYrkbvym0Lh4vnNPKim8iKs
2021-02-15T22:01:06.467715449Z,2021-02-15T22:01:11.682154947Z,94 NCXAFBqkxeemAOu7Jr9Cv9nIp8T10lKZQY11f1yEVwL3DVs7aouZ8ivw4foAw
2021-02-15T22:01:06.478202685Z,2021-02-15T22:01:11.746547651Z,95 NJOqJvOI5w5iGvV9YdBeMpOU8f0QjdOU5X9Tq6UJGH04nqdyozCQ2GLDcF6aQ
2021-02-15T22:01:06.489653515Z,2021-02-15T22:01:11.815542919Z,96 KzxOUDIR4FGdQYS9ri1mTyYqvCnxEIyt8laH8MeZDJM25NPedqv2FoM9nOvAY
2021-02-15T22:01:06.500206982Z,2021-02-15T22:01:11.883400927Z,97 A9wHKiuM1UjYRkisoB4slBDywfTWsA2erylsyeoq7G1GFbbTrBouN3cBNowfb
2021-02-15T22:01:06.511256428Z,2021-02-15T22:01:11.947695837Z,98 h4wjScNGT4SMiNNtXbnljRviwb7g3gfhlL9pQsaCeX0Qq96KlupdDls3RQku4
2021-02-15T22:01:06.522756365Z,2021-02-15T22:01:12.017812579Z,99 yZvHnKUbWoZX5p5SUec2bST6kQTwS354HTpQwfl4WbPTnCn5QeteAz3PZxCOh
2021-02-15T22:01:06.533506124Z,2021-02-15T22:01:12.085273112Z,100 dmJFRtgRKsBlxqq064QjnSmNFIsWgmlYAy6wERn1MiH3w1FIthTp1QfbjmJF
2021-02-15T22:01:06.544672540Z,2021-02-15T22:01:12.149448423Z,101 VuyTpYI8tClCtsN9E8pPJRisnuvzUZI4bJ4mGZMEzh14f6JsSgmCsMmam7cS
2021-02-15T22:01:06.555216844Z,2021-02-15T22:01:12.214823086Z,102 6vrYHEwFF5Wysk0MeHNMiWea6cYclf1kvj3TFWgL9ZpaQ256w1NQ0x5ZMWbE
2021-02-15T22:01:06.566675940Z,2021-02-15T22:01:12.278647978Z,103 TzJpHL1bTsMmgWeGT3687SYipoxampslffcIm2VGNv08f5hk1BwMOSNShMzU
2021-02-15T22:01:06.577860533Z,2021-02-15T22:01:12.346106523Z,104 Iw9zVtYnjncvst523D5GdAA3rcavFmqoKSX1wBvMWUIEfI1vK709844FM4In
2021-02-15T22:01:06.588762401Z,2021-02-15T22:01:12.411481049Z,105 xBZ01hqbCNkEwsaQvYIFm734bGj7aYpsEyW9MWbcSOgGgd9AV0pyytHoXBn2
2021-02-15T22:01:06.599932606Z,2021-02-15T22:01:12.477863421Z,106 ZiHkBJ9XCBYyXnThRTJeZQxBjHh4PZJMPgbR9NwRGra5uFoFwWN4unbVnyvR
2021-02-15T22:01:06.611129057Z,2021-02-15T22:01:12.543028392Z,107 GoNjEpQ2R578mFwCWpi1pj4OeLMteHGxXkCiT5rIZBcqCYkHpympyDS7DAhl
2021-02-15T22:01:06.622552338Z,2021-02-15T22:01:12.612431099Z,108 tM8NZDWvsSJL2u02r8LCz2lcrW0vuLHgchpZHT30t47q7uvZD2xdN9L31aRS
2021-02-15T22:01:06.633904708Z,2021-02-15T22:01:12.682120686Z,109 V9xDEPsHdeuRfQkUp3epX762qeGA5SvJodPsv1BSpeV9jnxevoLW51jv42wB
2021-02-15T22:01:06.644846096Z,2021-02-15T22:01:12.746178744Z,110 nqnORoAWw7A61RWNLXA5Nz5m9BzsCn5drHD5oeQGwtOhdeQ1OdRmDYkVXfuI
2021-02-15T22:01:06.655603298Z,2021-02-15T22:01:12.813535234Z,111 LabNzo5l1U6uPwYN7h2cM1rRVQF94KzYI8vgj4SaKUjmjXhjvgSw8m4xGH0I
2021-02-15T22:01:06.666845966Z,2021-02-15T22:01:12.881091531Z,112 D5lpU1yF4hqy8AHxc1GwqfHgARbJfeyGj0WKOOE1jHxDWKnM18fpbVXIaHCU
2021-02-15T22:01:06.677837679Z,2021-02-15T22:01:12.948928801Z,113 GsyM9UK7RrWvqqKdWhkptu40VgvBuyTeDqRd4zmyj44SXprla6iGUwyTMyy9
2021-02-15T22:01:06.688171734Z,2021-02-15T22:01:13.016239088Z,114 WkKTAzAQX1K7dAswOD6KaztXfRrpazaKZX1ZP56Vm9DTrQXEd6zrVK95lTs1
2021-02-15T22:01:06.699366938Z,2021-02-15T22:01:13.082050575Z,115 I9rzCv1kWCc0NRtgpsKBUwk5zphebE0f0AhPtnHLMOgPdGpcVg0D2niXHoBe
2021-02-15T22:01:06.710368800Z,2021-02-15T22:01:13.147697704Z,116 U64wej56v4Lys3nwOY27OGTic1ObDt25I83Xl6WdWWqSTq7n5sCn8rxI8Irt
2021-02-15T22:01:06.721937891Z,2021-02-15T22:01:13.215975811Z,117 Mgl7OW5QkesFAObpSKbbwgd7gAlT5bz2mfV6wQTlXNe42ADAAW6ZYjcNJEUQ
2021-02-15T22:01:06.732411815Z,2021-02-15T22:01:13.284381670Z,118 RUUyf69pXPuKAqR9MczFj89u3EKjgxWulaOkzkNjUcpZkQcRJmy1i3R7RGIW
2021-02-15T22:01:06.743598609Z,2021-02-15T22:01:13.350045723Z,119 NOrk90tMNdLpDiC1sNaEopqvKk3MVC2xoBmPTEquDjb7OgixybOmwHpW0zsW
2021-02-15T22:01:06.754779365Z,2021-02-15T22:01:13.421394769Z,120 ct0jj9lxC4gJrSyT90VHQGXuSm7kB28rFlU40uVi2SLz0m347celqAaPZc8n
2021-02-15T22:01:06.766071567Z,2021-02-15T22:01:13.491533895Z,121 nU5ee3CsbnmVYuE4El1QnJQB37ZUm0BJmczC4psiQkqSQ0arCqKEj6E5Sdsi
2021-02-15T22:01:06.777678004Z,2021-02-15T22:01:13.555658471Z,122 c0qdCjayQvBMeATvbBMVCI8coFSpQ5rXoIs1RFYK5XvnjOQW7hmyx9blXySj
2021-02-15T22:01:06.788450638Z,2021-02-15T22:01:13.619519485Z,123 5o8wkunwBurMjiUkR6Ymd1Z8Xcu50gOzsxWbezQAUy7WDVHYJzPuPh1oHGJy
2021-02-15T22:01:06.800185673Z,2021-02-15T22:01:13.686493719Z,124 R6DPIfPZpOwoVLXVPXalRiRyJDI9wZDlTDbeOhWi6XFjQzUDPxULxsjdWo5p
2021-02-15T22:01:06.810657016Z,2021-02-15T22:01:13.754252899Z,125 bFJPkebaA9UTuPEC12LUlh7Ltgnhjdb7tgMR74cKjxotOwmxjqYGQRuVH0P8
2021-02-15T22:01:06.821268802Z,2021-02-15T22:01:13.820832378Z,126 7F2uzMqq4PddPzGOQj3kRV8rsnSs0ixy43VBDL9d3fGImS5WX0NZGtNUTzag
2021-02-15T22:01:06.832730571Z,2021-02-15T22:01:13.884253779Z,127 FvdpjAUFESuhTptwVD1U3VcwFprEtUw4TfXTekp6GRzNLdIniXX7pnI68NR4
2021-02-15T22:01:06.843334765Z,2021-02-15T22:01:13.951154394Z,128 5nkbeT8x8458EJHbOwUY8f74qDgN7mklBVQkzZWq4Q7is81UmYd8aqUuLps6
2021-02-15T22:01:06.854878143Z,2021-02-15T22:01:14.020493148Z,129 NiK9x6g4wNqZUji1JYXvsBYyMxtZ53UDsV70gvVsAbQLp4WCapenNFV96cuh
2021-02-15T22:01:06.865701454Z,2021-02-15T22:01:14.084023026Z,130 Eq47UShFGsYEd9SvBva4QtTcEPhuCVqYZuIgx1rNCvh0abkywRhvK2S00UnN
2021-02-15T22:01:06.876459703Z,2021-02-15T22:01:14.154496142Z,131 mbDnueVdnzK2smfJ2WxWzOUu4vJHXg8ZbqaHTYSUGUUTw4SYXRKJVK4LFYBc
2021-02-15T22:01:06.887673074Z,2021-02-15T22:01:14.219832033Z,132 MRvwzUD6hnPFXqKDmcTvgqZriQd0D4aq5y89MbzNIrNhpaWkc3rZ6vDYKoWw
2021-02-15T22:01:06.898223094Z,2021-02-15T22:01:14.283565873Z,133 Xj0RfSu7fwmChh9npf4fNFNBAPmUXtOmwc8J3wOAbaRIzasC54U7hzieAlOV
2021-02-15T22:01:06.909669808Z,2021-02-15T22:01:14.350652241Z,134 GezzMartKkGkLd7hn5YsK3WQQE21G9NoyXmTxKFBE51OfQAg3bPAPkGWSYMa
2021-02-15T22:01:06.920819684Z,2021-02-15T22:01:14.418366752Z,135 sEDNtEYoO2XjnpvPCX4X1mxCmL5PLcZUJtrhRYLw6YvjpqNiWtiY8o8JF7Eo
2021-02-15T22:01:06.931728365Z,2021-02-15T22:01:14.486705281Z,136 kSKDZ7ue0dy0Ns31iNY3QqTLZbFkUd7Uwhymae0G5IfvFhM44PfUCZu25lfX
2021-02-15T22:01:06.942748523Z,2021-02-15T22:01:14.555298578Z,137 FUyabJCgO3wZ9a0Anwnu7S2OVcUIHs8wCta0OjaNFH7KRPrOsjQC6P9ZZT88
2021-02-15T22:01:06.953230794Z,2021-02-15T22:01:14.623519956Z,138 cNhAuWm1c2m5EFOR1fm0wBBC9F9TC2fdt86O8QapZ7vbwhCNN2XEvWo21VXH
2021-02-15T22:01:06.964348992Z,2021-02-15T22:01:14.692510175Z,139 cJe9mWne2lJC9E3JWT2NXd2cHkumBm9vt8ndpBrW5oHxNs4PDW9ZxxDUmwII
2021-02-15T22:01:06.975574086Z,2021-02-15T22:01:14.761549107Z,140 KebK5XdtOxyV58uaFSvFxMRS4U5PcFjeRvqnBkw4LQziwx95EXefxU1apG2t
2021-02-15T22:01:06.986962925Z,2021-02-15T22:01:14.830025852Z,141 M6GxyGIyNUQaRoQpWuYkeo1VZ3CLcbmv1GuyIKFZRYoKyohmrStCtJXfP6ZH
2021-02-15T22:01:06.997617358Z,2021-02-15T22:01:14.895460855Z,142 5wp93OUmoSlRMqHsTlFGTdpcUt9OTzhlqxxMGQW1IND8dCQPJnyMtZsbroKM
2021-02-15T22:01:07.008479394Z,2021-02-15T22:01:14.961424247Z,143 JOAXdaZccxproQ4i5DFKMBja9cLa3hJsiZaR1QEUD3zGvgoZuaX7LsFzKqDY
2021-02-15T22:01:07.020084151Z,2021-02-15T22:01:15.025894073Z,144 xZreRhaDfMQg2fgw556LcBYTzASpwciWsN2ddLhl1ASBMnY4tTo4eHsmLMmM
2021-02-15T22:01:07.031132621Z,2021-02-15T22:01:15.092301066Z,145 REphKo8MkdFpbSdaD858ew49jL2uIeSTB56nlMluocFQAni366fVrAffJEzd
2021-02-15T22:01:07.042187198Z,2021-02-15T22:01:15.159205375Z,146 tN70NOjmYkfaGuxsWxyJXKJckhDC6MfPjOWfULwNeB8QIXu59u7RsYHePaDQ
2021-02-15T22:01:07.054100523Z,2021-02-15T22:01:15.229465141Z,147 gu2516VdwauJtLsJHCUGlAirLPsaEnaDHaWusah7aZteTdTMDqJGbdF3Luun
2021-02-15T22:01:07.064903634Z,2021-02-15T22:01:15.296046741Z,148 iAHt5fWFP1XyR8aNksuGXV6rhX7Vh6iwCV3FXjETzQrNjQ22YlYQEhBs4reu
2021-02-15T22:01:07.077131955Z,2021-02-15T22:01:15.360692581Z,149 cnhuLxjXX79WSQU4LBsjFmRCe5TsYgkGQD0md5moSWliaQ8opk11HPGPviig
2021-02-15T22:01:07.088801492Z,2021-02-15T22:01:15.430319241Z,150 5rkdSaTZpXlt54NhKFc3kJNKjUBKTvsrGWEnmhPVjUEWwSLIC2sjqzkVlVex
2021-02-15T22:01:07.099664990Z,2021-02-15T22:01:15.502042598Z,151 zlajV1PNRYaaIBbK7yIqqbjIcaWUQd37qZ3AHHWlpKXOQDYCTZTJcpVRgjmh
2021-02-15T22:01:07.110723597Z,2021-02-15T22:01:15.568245210Z,152 sgbzGPb3SbHha6JwNK6tsJeBSiu9HhfTRmdaz5bxXCZt8SuShHXV9S6PsXXm
2021-02-15T22:01:07.121311897Z,2021-02-15T22:01:15.634622795Z,153 rMfcOyFGeQCqtjPVL8iZxf4F682BNHdYeRyarzhiMAfKyaMq0ga2MS394J68
2021-02-15T22:01:07.132336067Z,2021-02-15T22:01:15.698732926Z,154 7Az5MtBxqWmxzHctj6W4saH7AdZT9Uq89VhjerqlqpKQqECu8yWeahqVJdsV
2021-02-15T22:01:07.144032505Z,2021-02-15T22:01:15.766390707Z,155 w7zLAWl8itLGw7ni3wor95izRL1mGV7v26jAjalIPIQgmVq1Tlf4HhLIX6Le
2021-02-15T22:01:07.154485811Z,2021-02-15T22:01:15.830839901Z,156 hC0kiBiCBQeqpfXPHcNgZfcXBpVl3tFvWsAt2Vo7dqwTl8H7WcUZ23NcA5jE
2021-02-15T22:01:07.165753965Z,2021-02-15T22:01:15.898235813Z,157 zY6fnjQT63vtcwewdSgFif3GWgckWifsh9XRNGXyJJnpLeAiUxqcbrz18iH4
2021-02-15T22:01:07.177148960Z,2021-02-15T22:01:15.964447301Z,158 J7V2MWXn2mibltg6hiVzP9Dme7Rd09ZbA3FlXI1ueGEjnGjdlqT5AkZVFszD
2021-02-15T22:01:07.188818408Z,2021-02-15T22:01:16.031347207Z,159 DjbjZjtSuKQWKrhUAfpdd5Sc5cghFZdAPPQm4dqPtSCH3rE0e6DlD4ZCRmGH
2021-02-15T22:01:07.199669827Z,2021-02-15T22:01:16.097448184Z,160 8dqgkDrEzfemUMZZ27eleByMkQPjCBRPkVcbPyhtRI1DSDFBR4Z1DlU33ERv
2021-02-15T22:01:07.211291413Z,2021-02-15T22:01:16.162634711Z,161 i2EDi15SGpHRNqCbW8Bn7ZZzqCI9SshO1Mga1DH5kMpodppI1zqeCG5WyAWd
2021-02-15T22:01:07.222740998Z,2021-02-15T22:01:16.227085639Z,162 u1blAMgVhRj1WZ5JILsPVhPEGBzWl3T1bmuSmWoguC58OuRTSyQ0BIwGnrqA
2021-02-15T22:01:07.233980504Z,2021-02-15T22:01:16.293083622Z,163 z9KWiyUddIzsxba43YF70cOV6iGWWTL0gkCYkZVbm5KD21wpLDXQ4JLHiRK1
2021-02-15T22:01:07.245620513Z,2021-02-15T22:01:16.357263025Z,164 fPW3jMfxjL6Gcqu2tZD70KtQxmi6Hs2TZzo3Yds7zsPIKLurYDPlALL0N40p
2021-02-15T22:01:07.256290534Z,2021-02-15T22:01:16.423329606Z,165 UtbGpJnrxApbjIbRnWKPrzBcKzmZI9drC42ikEORmYGkw9JNhKxRYaGz5uO3
2021-02-15T22:01:07.267766843Z,2021-02-15T22:01:16.491623094Z,166 R8bQLoqne4209gNeuVeb3z4NCbMD6wP8pz5XJwupwxK8ZQdjyqQqf2Z0mDlX
2021-02-15T22:01:07.278257347Z,2021-02-15T22:01:16.561573631Z,167 kTGPwn7IguTfFP5j61H5chaPJClheGstZ4bVqtIzQZF0AFiZQwqvqVw5njNu
2021-02-15T22:01:07.290004065Z,2021-02-15T22:01:16.631203807Z,168 zGJ88TQKElyMlrXtuHpbxPgQi5L9xH0FXMlF5rFbKft7fn4QsS8xQfAbojV0
2021-02-15T22:01:07.301474063Z,2021-02-15T22:01:16.695607418Z,169 xKjUz2zNpZUe1LfUZHWokj99ohe2tDA1kNVp2nDta26c2YB6hsrXMpSolvTc
2021-02-15T22:01:07.312739901Z,2021-02-15T22:01:16.759769900Z,170 qRQRdZ5k4Js4wh89NLi5BARJzLPz57cOyLcMCFCEVw8Sc1BN4D1yk5KUGRZp
2021-02-15T22:01:07.323314930Z,2021-02-15T22:01:16.825950077Z,171 ACng6fK1dHVPoOkdoyq9Fo1F2UftHnUHjLq8WD0hduwn77rm8R522vWYdGbG
2021-02-15T22:01:07.334299901Z,2021-02-15T22:01:16.890027228Z,172 62QEsToJvl2lWuTJ3PC6AbNOKCuGuErye39xFF8vq4X1wJFzeXrBjYuOx2w8
2021-02-15T22:01:07.345695611Z,2021-02-15T22:01:16.956674999Z,173 rlcuX8tsDZ18qlYS1aiy4zHkB66qviFVPZfOr3unflW38uh6RtpsYx0nqlM0
2021-02-15T22:01:07.356570023Z,2021-02-15T22:01:17.020799482Z,174 IUmrmSIDDQPh8Y6Rto5mlkMYNJhDdw6jB5GJoJCmeNaeDO90DTBEEuJl0S8m
2021-02-15T22:01:07.368416777Z,2021-02-15T22:01:17.087336982Z,175 FSRvjGrJSnmVbdIIXlCJ26sw1Ba4vQYOBDuWjFCTpKjRnz1N6WBs7hc2Txdg
2021-02-15T22:01:07.380277224Z,2021-02-15T22:01:17.153042110Z,176 iDvdm9OvlpdRZCVthZlGuY9FdCDjbc1MUqHWsN6068nP2r3yadhEp6gtjKLo
2021-02-15T22:01:07.391380764Z,2021-02-15T22:01:17.220038116Z,177 w6WibltLaJxr1KxwJu4QsWuVzQcZyjxY8tCzDjWHVqgTUOQ7g3ATR86cOB5g
2021-02-15T22:01:07.402839747Z,2021-02-15T22:01:17.286483414Z,178 HP6O7ftDz5S7y9wFpMaNtaTXmWjPFL600xmiemLSmzijgc1zmnJzcg1OkrIK
2021-02-15T22:01:07.413797386Z,2021-02-15T22:01:17.354234367Z,179 BKbF8yhKuCTXqPmGtxMpnznjHfWthvEt96Ni5eNUwwLk4oTCsEzjA0XI8oKF
2021-02-15T22:01:07.424502801Z,2021-02-15T22:01:17.419078602Z,180 8s32gJxoGUv5VjQabpV4Kcjvu4H8M4KHWOAFQoNxS0YxoOrOZMD8bJP8AGqT
2021-02-15T22:01:07.436017266Z,2021-02-15T22:01:17.486352129Z,181 WRDh3LdkjZBk7pG7MaL2sAzbY6O9RTGtGRsX5dnmlZfB9Toec3AFRixqCWwq
2021-02-15T22:01:07.447227737Z,2021-02-15T22:01:17.553986039Z,182 NNZZXE1lfy4GkHCzpfocR9W0NhFK2AZnfMwBisyOAZ3FxJrMB0VHxyytBwJr
2021-02-15T22:01:07.458672772Z,2021-02-15T22:01:17.618810995Z,183 l5lTCu1y14nu9FD0oO9GllUYaBvEU7R7xUGtuXF1codgr4jXsDbiwgoCOkKE
2021-02-15T22:01:07.469320938Z,2021-02-15T22:01:17.684154703Z,184 TuDXEpa5Az8gGDIjRH2PkJsCjMx6QTyb8uqmFczXQEsXnljfhm0bS4QbVqfT
2021-02-15T22:01:07.480955681Z,2021-02-15T22:01:17.750330207Z,185 rJMzXdlBeAVzIHUb0DzGY7OhkAGhUlaVNmFnFjsRGqN16YZUyfVuuBamvD3Y
2021-02-15T22:01:07.491781444Z,2021-02-15T22:01:17.817100541Z,186 reGYGQnnKMrYtYue1kLEhfeOUe473yEycWlM2TuDIGuIKe1IcTUxzfsNJiVX
2021-02-15T22:01:07.502491028Z,2021-02-15T22:01:17.883367247Z,187 mCHVEYX89lv06BWMcknGATmf6cWJLibY5Mi4Eqhew4s0LGF8Jnsa8By07svk
2021-02-15T22:01:07.513807615Z,2021-02-15T22:01:17.950213000Z,188 2WTMJvmaeafw6c6UVjz7wgFcS5qLv9ZTqwPq2yQOGwD2z1hRTmFlfMMGUXuw
2021-02-15T22:01:07.525066170Z,2021-02-15T22:01:18.014801195Z,189 c7H8MBIHBdaO24vURLCItpRrHaZ5DySsNXX40dMv9H0yJQTonzBmd5au2fOd
2021-02-15T22:01:07.536935138Z,2021-02-15T22:01:18.075059720Z,190 0LU1xFvjtWx2LNQO1n2xwlWGqZ3QBHdEE9xWC2h0vSMMmtfqsqSr8Zgph225
2021-02-15T22:01:07.547811296Z,2021-02-15T22:01:18.141954732Z,191 h0mmhmvFZZJyxf3zKK7oHzeVIAFTbbvUQ6iRihxLtIfBexwyka3II2GEm1dO
2021-02-15T22:01:07.558388281Z,2021-02-15T22:01:18.210134896Z,192 KiExluQtXAQN1VPXdBNiKe63ZYlExqWl8M0ZZO64vfvWUhPnkejtbTeVv8Dq
2021-02-15T22:01:07.569543669Z,2021-02-15T22:01:18.277792715Z,193 luGa7AUfbLS91R9xIKrtgR7CakMusHlyKvBAf6k6VWVqGmygEDpb1LotUC1U
2021-02-15T22:01:07.580274049Z,2021-02-15T22:01:18.345574139Z,194 2AZ4kL5v8awpa5R44E43D5S6z1Aiw3giBxDNHU84rntADeWU6PSdushBG9YX
2021-02-15T22:01:07.591737073Z,2021-02-15T22:01:18.411831022Z,195 9vvPRfcvdfKUfHjCZSxGFYvaUtVH13TGDzDecaFYWw0vWI9qY3Bx40E4J2dx
2021-02-15T22:01:07.603237854Z,2021-02-15T22:01:18.477839196Z,196 mFaKZpObapRX9qn7WUa2bh614ItdkiMTPpu3SjZol6BeZG3GHPK14BVWBVF6
2021-02-15T22:01:07.614906691Z,2021-02-15T22:01:18.540939079Z,197 oSV9Y4Wxk7uAEexaBqBTb7PwZYSjgKWqgkvD5n5eykIiAwJfnjkM6HmvtyY7
2021-02-15T22:01:07.626146640Z,2021-02-15T22:01:18.606448566Z,198 YK7WtyqI2mZrUapLRlxXip7w8ZyBAXDW8n4WGRTlt4Dyc2pHjJzL8kjDUOMi
2021-02-15T22:01:07.637781466Z,2021-02-15T22:01:18.672668393Z,199 6c7UdaCh7uOfQrPgbg12EMgKXGxOZ1JA8JuoRAFmmND5EGGUe1ewZvyuUq9l
2021-02-15T22:01:07.649140297Z,2021-02-15T22:01:18.737434209Z,200 AnGEWXAhqZpHTjJIGYYjUHxt3diJ8F5oBTnmcDdUfEXdiNw1EeFU5xSOoOb2
2021-02-15T22:01:07.660832494Z,2021-02-15T22:01:18.804727047Z,201 X4F6ptMq2vJbO8kZW2w9aoBThNfx3qlqjXDqy3hck3qtdPyGLNtwU3DaMceX
2021-02-15T22:01:07.672249824Z,2021-02-15T22:01:18.870902263Z,202 YLNTLrJLnMQhi2dcqfOtFCz56HtPxBoWhtCemIfJLT3sktafJElPTCUjgYPL
2021-02-15T22:01:07.683996732Z,2021-02-15T22:01:18.940161352Z,203 XHeh7oh9RwmEJWAmaFRXEVavus2o6OkDZ5wrpeu7IfAeX2oQNcFjTqHRlG2v
2021-02-15T22:01:07.695019019Z,2021-02-15T22:01:19.007482329Z,204 LvrIBGSLW6AgYnVKmdTqjFON9LDJJzSBCcWpilU5WSj0gmM60jBiXV0no9kl
2021-02-15T22:01:07.717149813Z,2021-02-15T22:01:19.072353724Z,205 cAN6U2d8HCZ6xDKT8HmrIgUVRtgvpXblCdXY5uBpprEx5Wdl3DXkY55hZtfk
2021-02-15T22:01:07.728289009Z,2021-02-15T22:01:19.138086961Z,206 T430mrM5tZJigwjpdYgb66KnPnE27R9wMnw05AXRTrWnzk7B7EHsfjygj5zJ
2021-02-15T22:01:07.739786099Z,2021-02-15T22:01:19.204941719Z,207 2m41juo60BSemF8Sh5Jqi8lTyFzBiKdFfr16Lw9a0oPJ75bzu88BsXtA8sVs
2021-02-15T22:01:07.751231970Z,2021-02-15T22:01:19.272843068Z,208 rroGiRBrKU3XRr9z0ilTSn1WG1bESBjceDjfbT9qjlkol8iKDRKjkBuKtMoB
2021-02-15T22:01:07.762894746Z,2021-02-15T22:01:19.339529642Z,209 Q0PNr6W3BG69pUfudLinxkfsyPcckop3mPxhCJXB501GL3OJa0nHergYRfPj
2021-02-15T22:01:07.773173129Z,2021-02-15T22:01:19.405118314Z,210 ZfeQkljC63jfL3whOPCGd73l7zm8jJ3Mv2HnR9wvOcCFzBIbjzR7i5DbpWIg
2021-02-15T22:01:07.784689565Z,2021-02-15T22:01:19.469086685Z,211 U4IhDKRSa30Hn4XKPiozQbSkDUxYiULHo5XRanaADJ7CYzwFvs3TpbUfMRtE
2021-02-15T22:01:07.796026038Z,2021-02-15T22:01:19.536548924Z,212 UYA7RerWqCNlhKtrFxFkcuBrMnrgSR3Sz1XF76rwopSrZLfPbdkCJRw79JCo
2021-02-15T22:01:07.806650440Z,2021-02-15T22:01:19.603530245Z,213 rBNclF4VLHZvpvIslTrE2zYuiQUsWob0VPKJEwFISTj83A6Hwc35YXYHyZ5e
2021-02-15T22:01:07.817826155Z,2021-02-15T22:01:19.669887964Z,214 AqjOmAaUp1QcOwR2GLBg7fhbfeVwaRt2sFg5ZgP9e842vvLOitqXPC204Ha0
2021-02-15T22:01:07.828446159Z,2021-02-15T22:01:19.734812914Z,215 8qQWsAxRVSTxxFkIFINHVC5W2PE6iqZ3hgaNGCF232vZAhbluRp1TbxXXZKm
2021-02-15T22:01:07.839244161Z,2021-02-15T22:01:19.799026900Z,216 HUyDIRmJNu2j9proEbfVWncoA5RsEBuCdthbhGxI2kR0c2aLEk6nWGx3HKug
2021-02-15T22:01:07.850527709Z,2021-02-15T22:01:19.865427263Z,217 QC6uyXlaYmez1RFJGi9ZMar1170tdjk8c0bSQMMxGfSboK2jBQQ5fRbhZkjB
2021-02-15T22:01:07.862154835Z,2021-02-15T22:01:19.929580693Z,218 CLQkGeFSG0fsua08uYvJEBt87GcpCpTjErpNO9jA2uoY4Dx5ssrROfqdWqLW
2021-02-15T22:01:07.873310296Z,2021-02-15T22:01:19.996946217Z,219 0KmpFQPxumrBa2M20yxwU9CC6KyhBZLm6zfQvwHXSFGhoXbmNrjHZNlZ8I2M
2021-02-15T22:01:07.884910720Z,2021-02-15T22:01:20.064531196Z,220 ydePTawdpmlkg0LzamHz7xXEOtG5jDeLCdkZ0sxQRDM30CCCpKbOO7oBGNgG
2021-02-15T22:01:07.896200135Z,2021-02-15T22:01:20.130927042Z,221 RrenRr464iQAnQDOy8xsgly30QF6Og2c6j8Od5wbWcbGVlc9dqeWmGxQZY9y
2021-02-15T22:01:07.907212486Z,2021-02-15T22:01:20.196076049Z,222 Rq1hIxESikOV0839GPNqLkkM7bidkzH3E3kPxOzBvQ0PSguCygPhBoDUUDyc
2021-02-15T22:01:07.918341792Z,2021-02-15T22:01:20.257863177Z,223 OzpdemOg95pNnkHgirU4mpAVAiAAbibECPPpwJDBuZIR0RX0sKXAJELX3IXO
2021-02-15T22:01:07.929787428Z,2021-02-15T22:01:20.325185234Z,224 Z27wJCtX482iwYJb2X2O4wbSEuQ1jwfPodIVGlCaStKXr1qjhEnnaiVL2K5i
2021-02-15T22:01:07.940334744Z,2021-02-15T22:01:20.391893398Z,225 Y4gjNwJEVEYtngNA03phECg4zanCDEdlu8hLIXuYvVnPp9uFAPSW3TkKioVS
2021-02-15T22:01:07.951787732Z,2021-02-15T22:01:20.458198566Z,226 pVx5hdrl35l3xUPsSLxHpjkLy9QWFHbI7l0YdBflWRWst0we5FD8HegUI9Al
2021-02-15T22:01:07.963022592Z,2021-02-15T22:01:20.522748535Z,227 U8HztR104bwinF8bVgCrAkAMgRuYIWT0d5TRxWAHGRxMoIiH5zvYv6iJjybx
2021-02-15T22:01:07.973673092Z,2021-02-15T22:01:20.588120699Z,228 2Rh2QPchpvYVTteGddMnLwCjGRW2vNmkrl8kChfqtqpo9oIZgWnd2SsPpbg3
2021-02-15T22:01:07.984982986Z,2021-02-15T22:01:20.653918581Z,229 eZbZiSCd0G6OZNr1bNbacQ8MMdu0zM11H2QVKDkpNhWSseqrLA8USeFeBhyT
2021-02-15T22:01:07.996649146Z,2021-02-15T22:01:20.719100448Z,230 EsnWJ3352kbFXGro2JyAbWl2tEPVz2Q4NqLbSkUl6CW3Kd6bgM1VlFqbLvE0
2021-02-15T22:01:08.008223321Z,2021-02-15T22:01:20.785614909Z,231 bpm48sEddUVHNk4w7OGqqt8nrjYZ4zz3WMljmAHybcfJwYfMjApi28YWgqLf
2021-02-15T22:01:08.019816085Z,2021-02-15T22:01:20.850942006Z,232 39EcpEqONDSZEftd2DUYOFgkhKqvfeU9PGaDxtCZYwQVRqkg3tUoYKEE1jlB
2021-02-15T22:01:08.030545543Z,2021-02-15T22:01:20.926119684Z,233 rQZBAmw8PNJqhQiF0HwdYmhxS1KwTICcp8dM4t2QIrXA6MqV1fSUjZVtAqz8
2021-02-15T22:01:08.041774544Z,2021-02-15T22:01:20.990377890Z,234 9nSlQx9nF6V8UG4Ps9izOxOucgVLvTvdnVU5s4hTvYwMmwrSABEOacC29G8h
2021-02-15T22:01:08.053091964Z,2021-02-15T22:01:21.056667035Z,235 sx3fi6geRnPMre0eVvWqpaJJoYYGJ4fnjmj4CDxNrMqDxVJYNnelwsn91cQ1
2021-02-15T22:01:08.064793225Z,2021-02-15T22:01:21.122815553Z,236 YeDD5P7eBuAH9mIQT7zh7ccBUvVwj9d7vnqcFvqRFkZcqL9v8gPrS1O3xJm5
2021-02-15T22:01:08.076133803Z,2021-02-15T22:01:21.189248820Z,237 yu8sI7t5QFaCLwuOCvm6hP5SZqSn0ZJyU9SaNj4E1uZlNNQOJPcj97iiQGdm
2021-02-15T22:01:08.088040808Z,2021-02-15T22:01:21.257110410Z,238 bOYx5JoyeJkUuWL1i9GlcAKVQZiG8QrCZInxV0WHndRKUDkcWF0xLuOCxyuq
2021-02-15T22:01:08.100059682Z,2021-02-15T22:01:21.321225719Z,239 951liU9jFGNnWRJBNeSCoEuuXKbQtmXUCyZwZjhxJFcAep5EXATMpMzayx86
2021-02-15T22:01:08.112017099Z,2021-02-15T22:01:21.388170713Z,240 SR0EkAU2cy4873ynowUsN4MpWK9nmPcAEJ9g8RmPmlN3VRnQBJYfGuaVk5Nx
2021-02-15T22:01:08.123645571Z,2021-02-15T22:01:21.455951292Z,241 tqNPiWBHPsO3s1MCcZjVMUPLjcQeBwWePJ5227KKovKr8VmRJW6NiBWRhNiW
2021-02-15T22:01:08.135070162Z,2021-02-15T22:01:21.522398978Z,242 Xuklk4gx4rji95EHCgluvIMVKnm73wtfEZnevg3nBGbM1o6nogUbAOlY8au3
2021-02-15T22:01:08.146721186Z,2021-02-15T22:01:21.587735241Z,243 OJjuNtbgME6j52BQ6XiNY9Zd1FF65zRI6bnLPInHN4gnmYp41XyXzJ2KP8ro
2021-02-15T22:01:08.158415639Z,2021-02-15T22:01:21.654498269Z,244 oCEqKTWe2uh4V0dJ7L2FCH90SMixXb6OtVdgG6713atLikzO4ma2OsnpF3i1
2021-02-15T22:01:08.170108408Z,2021-02-15T22:01:21.719802126Z,245 wd5TpI40wIDHeXzoJoxksYHr39AR8EOnX6QLPcuFk8FB1mhONIUbMGXaHEYF
2021-02-15T22:01:08.180465575Z,2021-02-15T22:01:21.787089312Z,246 vX6DbdpCf17Untu7EtX083s4T8rDwOQR2OZvTp47RuLzAJ6WeTExWahwih5G
2021-02-15T22:01:08.191724716Z,2021-02-15T22:01:21.855440406Z,247 jVsrLWkVHIWuLiFJBtz6uhaEqFmhjQGc5vvNZSqJtOKnKHK0jphgyCIFXQLE
2021-02-15T22:01:08.202187807Z,2021-02-15T22:01:21.925475295Z,248 BelPvVWJsivvdPgVEMz8rJvRYPR11Ng8XKDHaoGN1FbuAVDjtYL4VrvazOSo
2021-02-15T22:01:08.213967788Z,2021-02-15T22:01:21.989114851Z,249 5ZuanmuksuDk2O0vDn97mc903sQCsbBLloB4InjaoAYshYedXfbGnU0IYRCx
2021-02-15T22:01:08.224696067Z,2021-02-15T22:01:22.054320500Z,250 lMVI4TN0YRobMdsaokxFnkX4MjDy125Jnl8AZgJDfRVHUNyhPaXM2YVvfdX4
2021-02-15T22:01:08.236756960Z,2021-02-15T22:01:22.122531467Z,251 8a5iQta25Z0yMw04L3OBHXur6yjrz5OaAmY0xZY7q0oRlb5oyD6awrT1SFc8
2021-02-15T22:01:08.247079479Z,2021-02-15T22:01:22.190663823Z,252 bn3nUC1iRykgKxXrTuWZ95pLFlz03lO4bO5Tcw2L4leFFDRFY4858bM7Gt64
2021-02-15T22:01:08.258398783Z,2021-02-15T22:01:22.259159236Z,253 s5Tj62LjQRJHP47lPjzNo9Gazjg5GHvbPXdXPQ0JPR1zdupsGqzNaIuiaRpL
2021-02-15T22:01:08.269650893Z,2021-02-15T22:01:22.324581797Z,254 7XWffR04yTSjqNhLyO0bIZz4GP2Sx0OXpWUzaHKWLLCGnJVixvxDjdTnemXc
2021-02-15T22:01:08.281013941Z,2021-02-15T22:01:22.389935422Z,255 PPngyvRhi17AG8XhZPevJgedUWNsCxiIb5Ojfoyvs1MrXN8B4zVDAddzQiAB
2021-02-15T22:01:08.291294540Z,2021-02-15T22:01:22.456375313Z,256 SIXd07r429R20tz2fkpQseIvnrTUnNLM0Sr4pYJb0kSvgRSL4ZeWccSxRnLU
2021-02-15T22:01:08.302802410Z,2021-02-15T22:01:22.520619836Z,257 edZ0RwJj4vsUGxACOZmftjhEyQKtYGm5gGaAyug75acLsQNHDJ27KMGroBDL
2021-02-15T22:01:08.313356464Z,2021-02-15T22:01:22.585856047Z,258 ftJCczPX4xT84aYoz3A9pJ4o4j3SICPKPZn8497aHpk59i0jRfIS94q1TvB1
2021-02-15T22:01:08.324499370Z,2021-02-15T22:01:22.649813400Z,259 efsNF5qeWam1hBXTB18PtFkj22MVX24tP2UlrmHtx1pxLNysD2kfem93YlsE
2021-02-15T22:01:08.335533521Z,2021-02-15T22:01:22.716088234Z,260 5CepUg9dwy01SBzFAIG7kWYXtKNP94dWpVzmw6lRpTcHjLy1PoO7ny1VHEhA
2021-02-15T22:01:08.346864015Z,2021-02-15T22:01:22.783472172Z,261 alw9woNAibgGQhJITRaqtouSgehKbfAltUedqiGaISViVHrZqFAmflADDS4x
2021-02-15T22:01:08.358239493Z,2021-02-15T22:01:22.849130019Z,262 tEw6QoCCLuGeLRRCMZQk3DpzKY6QpgG6x9MwblXQtcGvKZz7ECiL11ryLKmu
2021-02-15T22:01:08.369836753Z,2021-02-15T22:01:22.917034436Z,263 HIUeF0Wc1NJ7J8AbRMOVbmqQwPXssQnM6xMS6H0TbGpkG5UOygoWNBDb5oLm
2021-02-15T22:01:08.380642934Z,2021-02-15T22:01:22.983382591Z,264 HviR3eTjH7YD5oZr06RfC4FBKFfB69UWHy39BG0sTdpru9lrkWocf3Q0Fo0E
2021-02-15T22:01:08.392123620Z,2021-02-15T22:01:23.053133365Z,265 EKddY8T6QJg0qmEgqdFfKYgguxU5ps1TktkzPwwlixRyHPjWnDmEAut92lXy
2021-02-15T22:01:08.403596614Z,2021-02-15T22:01:23.122956391Z,266 WjjiBK16R33KR1gWNZWqj1Xt1ckzeys3GCmTK3HTmhQUi7SzaRnnQvhXDAwR
2021-02-15T22:01:08.415080832Z,2021-02-15T22:01:23.190648783Z,267 1JR6d6SsQ91X11EjE2ef8okVg4hUQAlaRrPPxdICQzN2gvfZCimg67BXvbLK
2021-02-15T22:01:08.425608548Z,2021-02-15T22:01:23.252345750Z,268 4YznyXHzU1XUKFRhbF0ANerUNyxvYCAEjySJIzvxqt3PJMUEJQ1PAOFsowlK
2021-02-15T22:01:08.436410719Z,2021-02-15T22:01:23.318589000Z,269 MxAFzpXRE5s4ojPuzDRzYsJt9rrHyBhKMRheIiBZFt4c0tLUmednzqhVyVz9
2021-02-15T22:01:08.447977588Z,2021-02-15T22:01:23.387436050Z,270 X0cF53bUKtHWMO3MYI9pGjLeWAv1nFvZiBz6x2oTxIOZbkaRTHU8GXS6A3PH
2021-02-15T22:01:08.458769003Z,2021-02-15T22:01:23.454304245Z,271 dI7xUul37R8pbmXzho48TiLpevKwa5cRIozbE09LJ5px40sUkG7C2Ss1eixG
2021-02-15T22:01:08.469332728Z,2021-02-15T22:01:23.520831343Z,272 MMvDuJTpI9iBWe5NRdwqOaYjOygdL45DPsI29ymRpRnzbeFJw2smQfUujt9m
2021-02-15T22:01:08.480594160Z,2021-02-15T22:01:23.587326569Z,273 M2Qrm9DPCvJOi6gxAJsjmXTOdS97zHedFzvKQpjw7yWHGJX7aK96Ttgb0Vvx
2021-02-15T22:01:08.492003128Z,2021-02-15T22:01:23.653881585Z,274 opsIut0oL05tOWX9VFWUAyzBeGpG6IWT5Tbl46d8FqB2I5pMVjrlDhFwVILr
2021-02-15T22:01:08.502845797Z,2021-02-15T22:01:23.724032980Z,275 GwnCgWMOiQplTZ33YqMIAsswnbwOYTjpHOFTyn0BC6OxdEhdkMgKKqjJhuRL
2021-02-15T22:01:08.515002001Z,2021-02-15T22:01:23.793496491Z,276 jpMEzGRkGkvtEW4MD4qzMSKqJftUF1RbQC6Fj0MXU9e1BSVEha5sykBGrnwq
2021-02-15T22:01:08.526385961Z,2021-02-15T22:01:23.864370521Z,277 dVMcGDs52A747wdmguEor39EwgwHGjMGWWgdPzQwP8MkD7ehF5t6mA72H97I
2021-02-15T22:01:08.538392065Z,2021-02-15T22:01:23.923666895Z,278 3opXZcZCy5jubDgqBXUI0PQg1kZfDlgMTqzYDPQMiWXnUAP2k6CgMYa5F9h6
2021-02-15T22:01:08.549780730Z,2021-02-15T22:01:23.989321000Z,279 Pnm4fwRgSML8NAIHDdFj5FdDUDlapFY8z6SCy514XjFsSixaF0JMf1H48W9A
2021-02-15T22:01:08.560186415Z,2021-02-15T22:01:24.057586681Z,280 b4zS9ideSeeoygDNbhvvwtt0bkl3lP7s3ir3kJqCdjuqLWk7dKDy7JWZBFhh
2021-02-15T22:01:08.572097777Z,2021-02-15T22:01:24.122769310Z,281 F3nD4MHB3h4ymM19mxUXufvsozMGpbUP2pot2OTZqjqVjLxzpYVSuVrftqy3
2021-02-15T22:01:08.583681791Z,2021-02-15T22:01:24.187769162Z,282 P9kmC2r6qOf3QyDb2T780ZJt1nPt11OINxBZqRbrcSZzlWBK3NiXUuB2Iysg
2021-02-15T22:01:08.594645858Z,2021-02-15T22:01:24.251926452Z,283 OBHzeBB8PgdlTrLyiNXw07j9QexYmVtgn9juOqw9F9xcxKgh2Zn3GWg5OcDs
2021-02-15T22:01:08.606070045Z,2021-02-15T22:01:24.315361578Z,284 n2fDv5LNsEtFNEDr39rGiYRy8krbalfOf5sto1xjHllTLTZA4F9HVJFMCk3M
2021-02-15T22:01:08.618014616Z,2021-02-15T22:01:24.378647903Z,285 UG6cfT8Ikg5TIV8TNY6rhySPPzPZlFHVjxwzAbTevyKDNGlepOTXUk9nAP0o
2021-02-15T22:01:08.629041344Z,2021-02-15T22:01:24.446223041Z,286 r0YMi9PU4FrEjmkj7E5LfEP2JhKCkmfo7K8vePA17aJsbuKDk7yrirr5JZZq
2021-02-15T22:01:08.639731164Z,2021-02-15T22:01:24.510397399Z,287 BdRia2Cmh93cI8GZVKE8iAQXA8lkrOAu1mXbGWPZvFvRmrM7VqBsdN5anWuC
2021-02-15T22:01:08.650225100Z,2021-02-15T22:01:24.576287450Z,288 dN31VqdhOum7lnypUDi0UMK1B8w1j8DToCL4CeY8Qp3R9pCOcWuWVNrAOKep
2021-02-15T22:01:08.661618539Z,2021-02-15T22:01:24.642349042Z,289 MHNWN7DzSr1487vSmuQY3NwSj29g3oGlLwwxWII6q3dJDPPapwFNADFgtemn
2021-02-15T22:01:08.672424461Z,2021-02-15T22:01:24.708076795Z,290 xXlCXroaH6fbWMskiC5CxliYiBMJiWI45q0vdWzUbEHC6l5llAZFnUKnd17T
2021-02-15T22:01:08.684011057Z,2021-02-15T22:01:24.773126733Z,291 L7tM2bKTpIVCulRduYv8kfW6oDGxebdVhUEVc8WklCzA82k7hdfixOPZ8LYQ
2021-02-15T22:01:08.694855518Z,2021-02-15T22:01:24.839937863Z,292 WNSGQnJgRb8T8dIclKSKvH1xwibsGPB83CEBrFC79Hdr0gwkaHtDZUr0hf6X
2021-02-15T22:01:08.706471061Z,2021-02-15T22:01:24.907650842Z,293 PZnfCTGCFNE9q7WXotgLQQKSW4npeaEl5Hj6RL1c3xaxziVCcXPseezVcoN5
2021-02-15T22:01:08.717210769Z,2021-02-15T22:01:24.972688380Z,294 8iew6RVOuOTQnubmGdCawwCuMIfQnESeoE7eW8rEdVpQQoSirTtRsU58Byt3
2021-02-15T22:01:08.728967226Z,2021-02-15T22:01:25.041459483Z,295 QMSRUxz4twljdW6ZrYKdWWmBYX21qza8W9LnaVZbH9P6VluC06zsOy9F303Q
2021-02-15T22:01:08.739405694Z,2021-02-15T22:01:25.104173584Z,296 jw5GTNFdHnViSR03LW1vjI2A8cebMI5n1cZa5zddtQemnvc3o8RUo1zpJjZz
2021-02-15T22:01:08.751030460Z,2021-02-15T22:01:25.167811650Z,297 eGMgHScKN0RxLabejCsyttVkd1MTzF88TSADGgUxYQE2fZWTmNVOGhmwYgKT
2021-02-15T22:01:08.761435127Z,2021-02-15T22:01:25.232581747Z,298 uW5FS8tqha0haVbx4lksT2GKOfBcbNquyUvUm2pjVyyoaBO8CMgvRkF8jUS2
2021-02-15T22:01:08.773196563Z,2021-02-15T22:01:25.298786965Z,299 K3TdLy450W0cyXssFh7maU9rgbTQmywsTpUNG63Rjj86eAxGxeaUZXPO9Ecn
2021-02-15T22:01:08.784149533Z,2021-02-15T22:01:25.362952728Z,300 JwnMu3Gr0UDyQPUxkJkhaXmyYIxYUQ3culFBMyHHvlbqZpoqePIl9uCD4A2N
2021-02-15T22:01:08.795181838Z,2021-02-15T22:01:25.428462523Z,301 yuF5oXRDjsaQNE1WXfbBqp6i5jKpcmzhfItlpev8enqfPLhf5G7lJsKPVz8t
2021-02-15T22:01:08.806846180Z,2021-02-15T22:01:25.494362434Z,302 MRo9mDM0NM0N0e1Tnpv6O1totq6bGXQgcCynczKkCnmihYM5ll9ENwLcDA3z
2021-02-15T22:01:08.818011824Z,2021-02-15T22:01:25.560789310Z,303 e9sFxZv4mlXnFIZk7m6TbO50fUv8Uw0iM5pzo68QmOmRyW7qVykYQrKX2hMW
2021-02-15T22:01:08.830033007Z,2021-02-15T22:01:25.628017359Z,304 wmA4H6GITN9gPvStVAjAsDh2RygPkQybDSKx9QUhquhHGQ42MxQqS2ljttKb
2021-02-15T22:01:08.842052792Z,2021-02-15T22:01:25.697893950Z,305 EBHLW0ggZOakaMc92zcV8jSLpGNPwnezBFoRZXg1vxvA9SJ4XcjB2mrQ2SUv
2021-02-15T22:01:08.853738214Z,2021-02-15T22:01:25.768681394Z,306 Eq0zgHCRWr7XcH0QAEx5XOjkEtji0l2F2JSHtEswD5Z0OJm1FQJwgUazVKgd
2021-02-15T22:01:08.864203897Z,2021-02-15T22:01:25.836479495Z,307 I3DU6qxBDFHPfSNOuHwXetyAmf37jiRdAu4qOrLQauu8W7RYgu5AJT5RNlvA
2021-02-15T22:01:08.875803487Z,2021-02-15T22:01:25.905374049Z,308 emkccIAVpA6cCJYNvV9Pfwbdxiyt60ADHugcFSxxqKuazgcAnR11wIcmJlUu
2021-02-15T22:01:08.886808810Z,2021-02-15T22:01:25.975071483Z,309 tJ4mNmwc2PoQe5jKzMHuhoAX0MEm4bihDpsVJXdAwGSQM8piJAtRVmb7rRcL
2021-02-15T22:01:08.898083562Z,2021-02-15T22:01:26.045297941Z,310 2Ed3rUrQ87rrMQSrMHUM7mNHlCY7RsFaHfbGQ3HN6CveP1P4zzOyxHRS3QP6
2021-02-15T22:01:08.909890047Z,2021-02-15T22:01:26.110338325Z,311 bBCsMTSkj3kjwXCnkfUyt5B2MGnEEOmKnIf41vwlEX9AbxSoI4WukuSXWfol
2021-02-15T22:01:08.921930154Z,2021-02-15T22:01:26.177568072Z,312 D6caXnZzo8yEFGFo7lkD7enHnKOZxZ3jk3mU9AUNMUeKjtYvyxHVrCnItQYm
2021-02-15T22:01:08.932521384Z,2021-02-15T22:01:26.241256039Z,313 CZ1hAB40RqCLb558LbbU0v8KKyKMkC2sbwMqlnwYZnyZxcGf6kok90exz8KQ
2021-02-15T22:01:08.943980836Z,2021-02-15T22:01:26.308593161Z,314 Y8sT7UxhqKIKL4CfXUv9h0sqm1SXwjlUyM56BoV7GFOHUKzeJGj6Bq5o3vlr
2021-02-15T22:01:08.955903696Z,2021-02-15T22:01:26.375520080Z,315 DWLElYMMjt9D5BjG11KaY9xSxpQFypWR2y91anWOeECEWpgOUwvBKbLYTAin
2021-02-15T22:01:08.967236989Z,2021-02-15T22:01:26.440539962Z,316 2Wd5PnGXoxJW9VCOPLYKjUBxfWoFPlP836owpa3OPIvnFlN3HiCbVrU4P9kf
2021-02-15T22:01:08.978609352Z,2021-02-15T22:01:26.506557580Z,317 FApSYeVQwpRKPfwrMiubCcZkBJ2PiOk5SGKrUTBhM574ehP6cQf1JvJs5M6w
2021-02-15T22:01:08.989309834Z,2021-02-15T22:01:26.572495164Z,318 kpThgIGXFwOBNiUfKhfHvRshai4qtofrtIOHNMITXh7wNrgWFA7fWRqEthsg
2021-02-15T22:01:09.000547617Z,2021-02-15T22:01:26.641850860Z,319 XOXvTQNZlNGZH185NouhONHVXuK9mDKIVNIJwllB2nbYEZA7jgUrGiOwXLnq
2021-02-15T22:01:09.011374573Z,2021-02-15T22:01:26.755303271Z,320 ytjpm1pZadssZYaxtq9XQieet3EMEoYY28eNMI9JrDdcbmMpMQ7459qOwuaR
2021-02-15T22:01:09.023310869Z,2021-02-15T22:01:26.822352846Z,321 XCfoEUj7XlhOnVcVGn2s46TSNvLyECjEr7C6CouvItscn3qdbEY8fo6yatiS
2021-02-15T22:01:09.035023489Z,2021-02-15T22:01:26.886714211Z,322 S2WHYO83lMQURlZ5uju11A3T566R9cekeKDn2ZgL76r3Iyc4i91ZJ5zwJW7e
2021-02-15T22:01:09.046746155Z,2021-02-15T22:01:26.953874460Z,323 P2EbjAAHGaarjjGAAwVJAghWKOGquAWie9rpyKIMA0u7KQVgXA5pkr0AtPlg
2021-02-15T22:01:09.058208480Z,2021-02-15T22:01:27.016269977Z,324 IsuVLjbKMkNTUghxiVbmIJuDRGBCs8VSTkGuuM8Tvf4MrYL9IBwREla2F2zc
2021-02-15T22:01:09.069807483Z,2021-02-15T22:01:27.083406546Z,325 FWADSjd27GnMsDBIV6XQNvhwDlnz7bQQgDiEirmr94qfs3I6D4brGJMVJkql
2021-02-15T22:01:09.080515090Z,2021-02-15T22:01:27.148969076Z,326 hbIQEIAF9Fwu9FqE93ef78krmb4s1k1oT4ddzb7y4qaTsb6o5Ls85FnEnhCK
2021-02-15T22:01:09.092093399Z,2021-02-15T22:01:27.213532596Z,327 nf9MZwdMsToLqOE0rFVkrJeS5mGtoFv8Q1anGqy6lOyCj2wF4t0c7z028fXg
2021-02-15T22:01:09.102612647Z,2021-02-15T22:01:27.277002636Z,328 nBWXWoY9CRTVBNGVHH0aYufsjgubF4lDBB7jtinhNN2U2p0OkDzjebKa09PU
2021-02-15T22:01:09.113922271Z,2021-02-15T22:01:27.341891808Z,329 iMAlkibiA2tqw0PoIu4SUfIHtiqvgSegtz2UaVun6FkMIxPrIkCTRUgrQaWn
2021-02-15T22:01:09.124335068Z,2021-02-15T22:01:27.410084250Z,330 HMAjZ5lw0F42CC06C8RlkiF9VcApxJjpR9A4yHsZGEowWtLHV0BxICb60cvi
2021-02-15T22:01:09.135694902Z,2021-02-15T22:01:27.474069294Z,331 etB8Movpa5aMKFmxN8KcTyDA6VEY1MJkAzE1xKaa0aw8iDzb7MObUSo1zYc9
2021-02-15T22:01:09.147075332Z,2021-02-15T22:01:27.539527967Z,332 R2ocy4gkKfZU85wctf0DfIzF0jCEkCrKFb5vkCfRjZ77eK9Lh3NJzOk7R3Ya
2021-02-15T22:01:09.158967097Z,2021-02-15T22:01:27.606325572Z,333 9wO9O5bouYw3FzodNYtVrjSzqDpeDCUqEODaDTCdwwTeql5q6EU5jratqFrc
2021-02-15T22:01:09.170049146Z,2021-02-15T22:01:27.673664008Z,334 6lgwQqIVwYD5AOIhXAgoW6OHyJr7CntTVgNYmLwYnXFMmY29seTZOAMGANRp
2021-02-15T22:01:09.181368575Z,2021-02-15T22:01:27.741263903Z,335 Ot7w9bOyzKxgMHwykICHoW97EETdVGZ3gZz4Ke3WopwdL8R1kcxyFwmZhixJ
2021-02-15T22:01:09.192769734Z,2021-02-15T22:01:27.807039884Z,336 8FKtgmqxcE18YqKfi0ObopTJ1Wad2XETfjCbFLxJQE4XRyNwLiBwjNvIXxJt
2021-02-15T22:01:09.203955323Z,2021-02-15T22:01:27.868924788Z,337 3KZKUBaaEvEEWdrQShIcuRhCVWkhiGiu2lu0rAWiMG7nfkwV0bCOswai11oo
2021-02-15T22:01:09.215221464Z,2021-02-15T22:01:27.935646679Z,338 H7bH9ISQnmIDIJaFo6z1GBvf2KcIhSwcGcU6nwXmM9agpQp9hafT3jhoj5F0
2021-02-15T22:01:09.227383397Z,2021-02-15T22:01:28.003051533Z,339 MmW3DQUMD6cTblndtNyjm7hN34dsDCjNpV692OK4n45T1T3zNTPVwXWr4IWa
2021-02-15T22:01:09.239276842Z,2021-02-15T22:01:28.063842339Z,340 ZSSyd3ZzWhJGORFU6KPK5HUklB86nMjq9vQztgwR2Sf83rTgLMHpBta1xp67
2021-02-15T22:01:09.250456876Z,2021-02-15T22:01:28.127794919Z,341 iAptvUuH1INLfCzrnrjt0pnI0QQkNdKRQ4vqXZM3YTtYnEGJi0GOlfTwkRKW
2021-02-15T22:01:09.261212498Z,2021-02-15T22:01:28.192806047Z,342 EjHCv3irmnbfQmbziUbk9X1rDgeG7uJZPoSxMZnWNfAPKSGWAc8zrK5lzn5z
2021-02-15T22:01:09.273171353Z,2021-02-15T22:01:28.259345878Z,343 Cq2Y8TTs9jq6OmmH1b5D0jOnBFRRKftpkXoqBufqO9pjRvo1k9DCG1Yj1e2I
2021-02-15T22:01:09.284909561Z,2021-02-15T22:01:28.323972628Z,344 54nXAEDdwMcfcYFga2pJJuegTXCeUrRMnt2w8iZiyCgF9lV1fr5dAL9TJiwz
2021-02-15T22:01:09.295749600Z,2021-02-15T22:01:28.392408412Z,345 0U9HHF4RefoGHIGrMvEIDQKWdX5wdc6vzHt6F9xBM7P75XZb2uo327jiTcMb
2021-02-15T22:01:09.306528041Z,2021-02-15T22:01:28.459122179Z,346 ohuKcviqqQF2W5KF9glntuXeJKDjjL5OJm21AledfVW9voT7cq0eA7xWRCpq
2021-02-15T22:01:09.318085896Z,2021-02-15T22:01:28.524771395Z,347 l2ATVvqWpgOOR1u4JAxUWyagjqDt8qmwwRubIbM4QEbiJmoX01Tio7dH81cb
2021-02-15T22:01:09.329269390Z,2021-02-15T22:01:28.592286080Z,348 3IMzCmQIHTARovVc6X8NntOedDuSI0lEZ7Tt74s9OkvCogZsI6Ywom5mXNhU
2021-02-15T22:01:09.341135446Z,2021-02-15T22:01:28.657487910Z,349 vEhdIZn4xU4lG44q3dYnE4huFPsAyQexmGJ99kZ7VVGU3klaNXYQ67H6tDM1
2021-02-15T22:01:09.352349996Z,2021-02-15T22:01:28.723424281Z,350 vIsevOBbCvctu99zJkh2zvJoHfHGubKRkso5596gJQSeQgqlYJX2dXqd1JyY
2021-02-15T22:01:09.364211340Z,2021-02-15T22:01:28.788087903Z,351 zQlcwqriFb8RojITCAWCcZ5wfU3clfsad6S99ya2SQX5VyyyoQKewncGroea
2021-02-15T22:01:09.374915153Z,2021-02-15T22:01:28.853188280Z,352 kAZVoklVzUzQKPP1Qu8EuFZuQjWAOfzdFb2DDoPSXlhjdckBdMiyKOpubV8P
2021-02-15T22:01:09.387045900Z,2021-02-15T22:01:28.930243328Z,353 vHtzRHQdx74Nfmg1XJLH7AQAqz12TufiBJHq7bauA2uVyAMk4Ln1uO0CjPHK
2021-02-15T22:01:09.398163803Z,2021-02-15T22:01:28.999108998Z,354 pXkfChFbEpOWO1iXd20z42Lf6ahQt8YrBespj6m2z3eqfTu0Rk0PzVdrna2v
2021-02-15T22:01:09.409361800Z,2021-02-15T22:01:29.067080961Z,355 NPYkOxncZUmkJbv9UAq4YeAUXlkpp3VJogx9TrNCAl2tcFYspv0sJwuHRf7o
2021-02-15T22:01:09.420624367Z,2021-02-15T22:01:29.135069715Z,356 tABoGbjU0PNjCi5CF08WJHXE9iQOyVQegElQ2BeuKJFAkbQZmSEJfefdGAET
2021-02-15T22:01:09.432112528Z,2021-02-15T22:01:29.200733557Z,357 Gamo5DZXHrEEYqZz4VxkVfAZMYXRPkgKSY86UJoaOuWjdYRff7iyBAw0dnFf
2021-02-15T22:01:09.443591836Z,2021-02-15T22:01:29.266658926Z,358 omznKist1afuSTjUmE99ssP7TC6r2Qa2ippKY1atc40iMc3AJaJaq2QlXbCZ
2021-02-15T22:01:09.454578891Z,2021-02-15T22:01:29.332547060Z,359 kLSiRM3S31bSSZ5neeu9RaE7KskhILHLmWkWrv3MmoMA7lRCcOKmR0YLzjvT
2021-02-15T22:01:09.466159480Z,2021-02-15T22:01:29.399184574Z,360 RYssVrysDCe8W7MMxG5TwWxc4ZI3imUDdMGFhOeQ6sV1IwjiNoAEdzGuu0vq
2021-02-15T22:01:09.477802935Z,2021-02-15T22:01:29.464365925Z,361 p2Y002cyecGCbTFptNcL6ajbnOs96XRrgC75UUbMtzxT33N9iXGjhgym8Y1n
2021-02-15T22:01:09.489354099Z,2021-02-15T22:01:29.533167072Z,362 yuuIbIph7xdr0bNZlzxI62MOCZG0RUOwn6ZGnQFuIqnLDv8wod8O6gw7yL07
2021-02-15T22:01:09.501049842Z,2021-02-15T22:01:29.597903982Z,363 X649m5n4UekFBTUvUC3d02LXRw6QgyV7FJChAYGLxMaoJnZEqlHoLtYupv5Y
2021-02-15T22:01:09.512218247Z,2021-02-15T22:01:29.661717416Z,364 MZHhwrFnrdauwbstLTibKqxZ0lvNWjdwtScuH8bGmDDO98HVNTRaKP1c9SoJ
2021-02-15T22:01:09.523449382Z,2021-02-15T22:01:29.728241913Z,365 0ffn56eP7dVPgFwYVb635aAUMQnihqq0oYYuqEYTjVVPpkmZpgTm4YogooEy
2021-02-15T22:01:09.534732733Z,2021-02-15T22:01:29.791138691Z,366 atcikDvC8gGth09Sr6YBsY43KH2NZ9k7Q6rg41ZkOcP5cZGnhDBQtZiu4fI4
2021-02-15T22:01:09.546229651Z,2021-02-15T22:01:29.858427198Z,367 ZgIyaYhYMjduUzR4CjEhtQkYe1hFLI4OGQbeXu1NrR4jPMrPSZs0r5qcz449
2021-02-15T22:01:09.558037461Z,2021-02-15T22:01:29.925811347Z,368 z0fKWu4CqmIgTAbvZqpcQGv2nSOfx4aFWiXXo7XkfPCDXSRkcGt4rO5MB9tk
2021-02-15T22:01:09.568237645Z,2021-02-15T22:01:29.990798864Z,369 DXDirzaz5vSyDqyAJvD7iPrwIgjoWMqFdifQHJp8cLFfKbPJRRJ7nkAk9yYY
2021-02-15T22:01:09.579123473Z,2021-02-15T22:01:30.057171603Z,370 avjCT6PLeXQ13Ty4JHOl624nkob8hCwmdN2yPYMkmTKcL9AFaXDa1RJjtfWQ
2021-02-15T22:01:09.590442786Z,2021-02-15T22:01:30.123717531Z,371 57l7alJhbxkqpsbEgdj5oSpaoMu5CrCuZEVt9TPWFNFT5HBJalhnpw5qfPjz
2021-02-15T22:01:09.601806787Z,2021-02-15T22:01:30.189908428Z,372 iGUubJCOjo7ns87WmeXO7vWVz5owCRFIcR9aYokbAYXbiqj532tXJzwAKsKO
2021-02-15T22:01:09.613164672Z,2021-02-15T22:01:30.258444791Z,373 wrUFFpbzvfs2Z9Q4AZ8vh4PnuG4CHTy161tv4CxS2uPdmWGf5PRDbFArPDuk
2021-02-15T22:01:09.624809633Z,2021-02-15T22:01:30.324985291Z,374 R6HfOUIwYZ1UtUytjl4Ad1Lcql9wG57ZQaNiAIwhPvuLPb2Xc89tpRCSS51Q
2021-02-15T22:01:09.636185016Z,2021-02-15T22:01:30.391387735Z,375 2VxhdoNWmPCxn8DdWjsGnvrPTOW6arjgp7FU5OcIHOyZftu4v9S8t0c5azbZ
2021-02-15T22:01:09.647193180Z,2021-02-15T22:01:30.458351104Z,376 RMbof5o8PdVgMfyOZUYZxUstpL26nDZwCNfBYRZU9MHEUAp2lX6VwwHGHjaO
2021-02-15T22:01:09.658510852Z,2021-02-15T22:01:30.523955964Z,377 OVdUny21nK2dplr9O4M7jCxDcdQyxrJKWXITB5UN8JtH2JFj0BrohGalUzLq
2021-02-15T22:01:09.669844239Z,2021-02-15T22:01:30.591742330Z,378 eAJKzD4VSd31uYWdRwdReOTfs6s3l8MAzYyZnE3XaeBvc2sAwVSfqDIFxLHs
2021-02-15T22:01:09.680767862Z,2021-02-15T22:01:30.658762648Z,379 xKJJnATW7sdOVU7EtTn5FiY1vfPvl6vLCOSaiOKxTFEZaKMSTs5YhIqJcICc
2021-02-15T22:01:09.691372447Z,2021-02-15T22:01:30.723757127Z,380 IELmuzItIi1Br9ZT59wMaakpJrUTGI2QYtGTaQrEzU9MP2VtrHr7u7UZACOe
2021-02-15T22:01:09.703227613Z,2021-02-15T22:01:30.791304045Z,381 1MObhEaHEgYB0puCrKEP7M59fwUHOL6i2Fwsnoc080mNztm2yuxHW73NeNOV
2021-02-15T22:01:09.714412807Z,2021-02-15T22:01:30.858055480Z,382 pcqCdfHCURZpoAuvK90rcxe0RAh4BvdDXOMP5CWVkBwOuugfOVFIMDohdi4T
2021-02-15T22:01:09.725885475Z,2021-02-15T22:01:30.925597914Z,383 3UHCa16UEwijtuMhzVCPwnQNvRds0TH91vIsGckxL5zh8b3hsTxij5D2x45J
2021-02-15T22:01:09.737232608Z,2021-02-15T22:01:30.990262335Z,384 Qmv1Ka5eMy03GKzxBCaid4vIrIxDWn1X2JxVJ4E0F14gTUJrJB98xZWOXWst
2021-02-15T22:01:09.748805299Z,2021-02-15T22:01:31.056596478Z,385 qNyAjEg65j3cDBj4m29lTXdgoxvONNknvWHUraSsCjohtmdhwX44z5ofpGs9
2021-02-15T22:01:09.759535505Z,2021-02-15T22:01:31.122291259Z,386 cPvhzjvRFlDsZpUroLYGRZCew64D59i3dbyZvhoZQ9NBhFnwDg2xA6u5nv0l
2021-02-15T22:01:09.770907622Z,2021-02-15T22:01:31.187578348Z,387 4FHZsU4eOT7uGBrTD8drj3W35PE66lB3gKvS6D4XC1mrZHkcr0XvSFplThkB
2021-02-15T22:01:09.781548285Z,2021-02-15T22:01:31.252727607Z,388 7p9uuDrovjkuiZBTq0GF03NM98p2AiXw4H5BdsEixFKuVNPdzCAeOvVL2UP1
2021-02-15T22:01:09.792668572Z,2021-02-15T22:01:31.319243899Z,389 nh9flP5hpY5XacLzHhoKj27gUYBOJxglgs2D3z2g04bUZyaa0MZieHrIrgBn
2021-02-15T22:01:09.803211771Z,2021-02-15T22:01:31.384683471Z,390 13Yg2X9DaEiQOTuj1Ng0GC4Tc9Fs6ojrcacdHIiW6MhkEMCMtL63AoAGSsY7
2021-02-15T22:01:09.814587396Z,2021-02-15T22:01:31.451457687Z,391 jaKkD6QbEfs0BYCb63Gfv5fEnHCmtg4M32NsLs9JwqrszuGsh9chFX34tW12
2021-02-15T22:01:09.825731392Z,2021-02-15T22:01:31.516507338Z,392 6qjilP8BlvUlaoftW3HJDyIWHtfQyfn8d2AjHCAwT0iWDpe1btCKDYENle7K
2021-02-15T22:01:09.837811334Z,2021-02-15T22:01:31.582091843Z,393 SR7rmHgH7pMhsmTww9HngGrOinCm1ZE1bNG7ffEHcJnhXqLoJNkEvO3JI9gH
2021-02-15T22:01:09.848797292Z,2021-02-15T22:01:31.648999667Z,394 rYxcMbRlp8Tbsh9bWbOSqua1K2vesvYwxKk4KeR37zp8BKJrMqh9eNeleMtC
2021-02-15T22:01:09.859500564Z,2021-02-15T22:01:31.715040422Z,395 f9DfnprVtH0nVD2I2PINHPcNNHd8aIkItzp0p7qJgB0EALSgiwNcHBEaf7uF
2021-02-15T22:01:09.870848937Z,2021-02-15T22:01:31.782525915Z,396 NU6OaLuQqeZkkur8o7VLbt9SqBoJqWdEue23k7gB9Ci1HSNHsVffFL3AzmYN
2021-02-15T22:01:09.881267144Z,2021-02-15T22:01:31.849478300Z,397 wbfMs2z5OT0tgbBTzQoZLMZM52pQYt44Oltk4ErhnnKBBVerxm4QtC4UgeXo
2021-02-15T22:01:09.892865285Z,2021-02-15T22:01:31.917481152Z,398 35wGZBtHkqJ2QxAg82PfeRDdEK7LkzgWQfzHB9qJneRaY91hnjVZ7nJupkfM
2021-02-15T22:01:09.903241720Z,2021-02-15T22:01:31.985042431Z,399 Bn2E2EPzBmtSQNcpGOl6eDon7OcsIoq6oeFWeBSbX92HxPMnVVZXzELaEzzP
2021-02-15T22:01:09.914405792Z,2021-02-15T22:01:32.051537117Z,400 xjl1kxUIZjBv9QdPeY97mTThBo9vlr8vmqsb8J4qXBeR5cc0uCc0EK1SvaCY
2021-02-15T22:01:09.926127828Z,2021-02-15T22:01:32.115990521Z,401 GjTZMkSWEraBFkL9Wnwr2qUDQjNK30zb36eC5YEyeuRWOHTtQQ5xLyzk9sI1
2021-02-15T22:01:09.937528485Z,2021-02-15T22:01:32.181977887Z,402 zs6lq07D0GYl9T53nGnXeBsJgahQ4JeV0qmDcEAuyyTFxHjRXlkrdf1uq7fz
2021-02-15T22:01:09.948911868Z,2021-02-15T22:01:32.247686065Z,403 2dSPUUX9NHkPBGOqnri0hXOzMvEx4VrnvsKQvkBsGucEo1Ff00mGsCoop42d
2021-02-15T22:01:09.959607608Z,2021-02-15T22:01:32.310644790Z,404 Zx5C7CVFmC0tl70bg1xNs1zbPNwfYuHYoCKu6dn20K4dBoReqSOB3xUWwW8L
2021-02-15T22:01:09.970437088Z,2021-02-15T22:01:32.378977987Z,405 wS5BRsuMYsvDSG6ZZuAnR620uIE41ZG1NCrmpfBYD7F3j45aH3AJAlp3kcWY
2021-02-15T22:01:09.981596201Z,2021-02-15T22:01:32.446063918Z,406 3hhXbT6dIomwaJTq1PqHGvOQLCUREkyeQJMZ7s0ex5rE68o8oNdmfBaHHxbB
2021-02-15T22:01:09.992764432Z,2021-02-15T22:01:32.511267127Z,407 eg4eP9C1u1FlIc9fUVAtzvG0wmKSxDplRlJcYmsCcb2Mte5qvj0xrzJEOvbv
2021-02-15T22:01:10.004027456Z,2021-02-15T22:01:32.580060682Z,408 JLFnpnGblNcFsYNALGoqGC8I9OT2VOnoU5AcklVGfbN2vNjisIeIeTQRJLhd
2021-02-15T22:01:10.015645544Z,2021-02-15T22:01:32.646449196Z,409 oscrb6BE9sjedHgEDhvWHeVnDv3I8crHW7mM41Msq3pq1lBiYeTP3FS2WwcI
2021-02-15T22:01:10.026867567Z,2021-02-15T22:01:32.714667204Z,410 A6bsvyHZ5azUEXY3CJflFFihkNerz6x37Dy8B71KWgSQrGxBcmYIeza3nosY
2021-02-15T22:01:10.037307326Z,2021-02-15T22:01:32.782771651Z,411 lH4U7WHP4N49cG9PPu7VQg4ZDUY8wlnPIeJxUkdlb3DsDTVS1rLS5SMSHWfO
2021-02-15T22:01:10.048620257Z,2021-02-15T22:01:32.850708984Z,412 Ve74pjKgKZMKiqttRYSWOvliJ4zhzZj2KrF8SYCPjhU83AsGo8MZSqAwwLyr
2021-02-15T22:01:10.059810287Z,2021-02-15T22:01:32.918652244Z,413 Ixmt9BAnxZ1Fswu1WyrbwOHWHnoTGpSI7RQCz3DJIs2znldAyWyCmsVNJkeG
2021-02-15T22:01:10.070233066Z,2021-02-15T22:01:32.987649825Z,414 kxjucyObtC30vvxtZfKyMPtLvakoY1wThsm1WuM5SFjwxDW5ulqPEYmubfWP
2021-02-15T22:01:10.081507412Z,2021-02-15T22:01:33.057173644Z,415 xjUhXV0ZEpvcEkd0zh87EpeVNX5wOd02lD2skoGdwfqhyVabikWQVBYtAzaZ
2021-02-15T22:01:10.092950276Z,2021-02-15T22:01:33.125067611Z,416 JBDfU6vOVplQA4nuduikxX6gmlzkefA5iDStAeESRA5GSav4ajQMH5W3wiK7
2021-02-15T22:01:10.103468444Z,2021-02-15T22:01:33.194214410Z,417 Ws4LjFUtC7I3CaOPAHSJDEBkcnHb2yOL9NatOZZHe2Syw90yt6rlameLv7ga
2021-02-15T22:01:10.115207996Z,2021-02-15T22:01:33.259769554Z,418 sC7imwKOSlwLO2ktekaGKlfNUSiKRFmAJnv9lJdwLL68Yyb1uppAdYhc90H5
2021-02-15T22:01:10.126499573Z,2021-02-15T22:01:33.326727829Z,419 m1XvHvbECLVeW3G4V17FafnQnDwp6ySstB5PqxfUywrwsFQbqki0smA5Rzm6
2021-02-15T22:01:10.137531267Z,2021-02-15T22:01:33.393814710Z,420 feB2SfKU3k09xHl9PEFfdbn5EWQ6l5tSYybV13r9sEb0LMBOcalYHqk5EcbY
2021-02-15T22:01:10.148745792Z,2021-02-15T22:01:33.460975422Z,421 nHhzQuSGvQph27oTJPOAEJpJ0gp996Z1K9SYT8pKJhVIETwIcVCHcqAW4pqw
2021-02-15T22:01:10.159857455Z,2021-02-15T22:01:33.525659825Z,422 5Q5RNrSTQMzsnBIuGvp1s7XNyxDCOhhOsiiSiAC02wSTkfjjiLew5GBIL1NS
2021-02-15T22:01:10.170877921Z,2021-02-15T22:01:33.590804774Z,423 hB32yiV3YvuHvtKRg1J7ouEQa4yeA9TLq7BaSUnFBdQSwAEENLrRYZovwVyb
2021-02-15T22:01:10.181882555Z,2021-02-15T22:01:33.659976707Z,424 Ptfz9D19cmluCsdb60dOsFVz8ZQUNJnIiIMMo1mHNmAJgsjk7lWTiSayfaMD
2021-02-15T22:01:10.192648242Z,2021-02-15T22:01:33.728013805Z,425 e1IdTfqTuvYJeCHbzdo2buQYqT4XYaezut9BYJ7wdK44zu3E6YrwDl0FoFrb
2021-02-15T22:01:10.203435081Z,2021-02-15T22:01:33.795890741Z,426 1SQY5vI07hS7ZPixxIAjSOWk55hkkyjy7Y7N2lVDKNZSLnjqe6NRPbZ5uRKr
2021-02-15T22:01:10.214974249Z,2021-02-15T22:01:33.861637232Z,427 M1PtmNpVvNl29qlnxegnfAcsB3cl90Mhm4i7m4Q7zG5QpIBjlsoQ3SxM4CvK
2021-02-15T22:01:10.225746773Z,2021-02-15T22:01:33.927657471Z,428 ym1myn8DjWEsBkjIbgcnW900jbKszlTKaT9YlNAfCpVlazwmyWE0YQMbpNI2
2021-02-15T22:01:10.237202945Z,2021-02-15T22:01:33.993215901Z,429 EImOcIWvSI8tvjAVGvFIKDsXYhhRSkCnsZ79nbuE1f104yS6oUEtNNBKalHr
2021-02-15T22:01:10.248992758Z,2021-02-15T22:01:34.059801069Z,430 CTlLGAiJdLsT4Ou5aAMl3UpXSWBSvQSt36LGnyNJvEwhilFD4ANO6p9Yiq9Z
2021-02-15T22:01:10.260117761Z,2021-02-15T22:01:34.127525903Z,431 4hEzo8LAQtdMC1AHPxC1CrdkiE0xdhriVf5oYECf7Sug19nyav7D6wz57PcG
2021-02-15T22:01:10.271654709Z,2021-02-15T22:01:34.198576335Z,432 XZFMIgdI31No6d22nxD1URJ1qhWTCMh1SD3973lPQr7iknbVGRicPKnO5gTH
2021-02-15T22:01:10.282322392Z,2021-02-15T22:01:34.263170044Z,433 6foQgUroCu96i5jss0XXRgBRx74ZUEnbEgRO6iq9H451TXAVLMjfCB9zbIIN
2021-02-15T22:01:10.294113657Z,2021-02-15T22:01:34.327863896Z,434 XH0fc7FMoYGnOdZ41FcXH5geBT45NyncWNrL7jc6AAqOTvNbVScCKZvWSjX3
2021-02-15T22:01:10.305509588Z,2021-02-15T22:01:34.397797292Z,435 JV3JIPTZMZb0Nm22FDjqVRri9q2ubsOYB2KYn9kQordqhxjkI9O4ekxFeLWe
2021-02-15T22:01:10.316533648Z,2021-02-15T22:01:34.464217439Z,436 9OuAa9P5a0tH2UohL7ZQR54AG3USF8QiZMT20FCXDhs1IEQZUTw54QdRS3GY
2021-02-15T22:01:10.327631858Z,2021-02-15T22:01:34.529454205Z,437 2IIwonpzP9XZlt9wtuLpFsBQLyGVH0ieQpuiLUS4uSuMXBSsJ4r5FnTw1Lpw
2021-02-15T22:01:10.338420526Z,2021-02-15T22:01:34.595682170Z,438 p9FNwJC9gMUdnDQY1xSGQMMRh4b3UL8IBQKFh5agAFiPfGibtbYIqzhSIAVq
2021-02-15T22:01:10.349941835Z,2021-02-15T22:01:34.661160205Z,439 I5ypH0qlVTEhKUfUWtSJnqisqv9licBqLD3hnXbWnKMAgGNhGFAgYkU0SeUj
2021-02-15T22:01:10.360948795Z,2021-02-15T22:01:34.727972486Z,440 h9uVaJxFD59Q2COE2wCaPSd7IpmBRwdgsvHD3WIx76aA8XSB4vHJDNiF49ff
2021-02-15T22:01:10.372006381Z,2021-02-15T22:01:34.791439871Z,441 BmS3LM0ZL6cpibXnDzuStDp0C22b9LRirxgRWWvpmDLpSGmQX86nYgTjdyxa
2021-02-15T22:01:10.383622626Z,2021-02-15T22:01:34.856916575Z,442 OeLFS7FcqAqZg0PWCndG46kkifLLOjZ7LoSEc9WMW73e37hveieirE9BquTU
2021-02-15T22:01:10.394318231Z,2021-02-15T22:01:34.922815147Z,443 k0Ngumvoe1F8SuhaGnp5GF9bnLNpRgdugoARhfjTKDzrm7ozc8JcJhnQh46q
2021-02-15T22:01:10.406064871Z,2021-02-15T22:01:34.983495741Z,444 ChRh6R1LL4rc7TJc2J96j6Eu4jzIBVdhFvY48SyBo19CSCL3exjxNnJdclrD
2021-02-15T22:01:10.417503843Z,2021-02-15T22:01:35.050230561Z,445 GbIatmeoNVooQ25fsRGdZ5Xjl6gxaOTmZz8c3ld34UcT3C2S51sawcw5gbTT
2021-02-15T22:01:10.428461832Z,2021-02-15T22:01:35.117580237Z,446 ydp0HfmEXpFkJDtuDtL4wcN97LmzgHJ8bQG1Oa1idcIyW4UCgKwYAaSBxDvA
2021-02-15T22:01:10.439329197Z,2021-02-15T22:01:35.182717335Z,447 7BJUVo6ylQi3tk2mGLv6uzZaPrFm0bWUB4JthYmzxvT0foB33cPFyoixKh95
2021-02-15T22:01:10.450490195Z,2021-02-15T22:01:35.250529350Z,448 t6Krdk4w3W2uKFPNkK1mhzLorLJTcodZaKiAJjPMV9ojBpGshNQmp1cZUVUK
2021-02-15T22:01:10.461953744Z,2021-02-15T22:01:35.317914814Z,449 wIqavdBk7AXScLiY9j030WtEvsoUDdd00SkswaUJMgfKiVYhkfkNzrLkfgrl
2021-02-15T22:01:10.472686606Z,2021-02-15T22:01:35.386386439Z,450 0GHP71gJ1xfGlayjJW2Xahx8zGNZ3iezlGGUbr9bzwBCU2qokOQgNj8pXwMK
2021-02-15T22:01:10.484290373Z,2021-02-15T22:01:35.456024155Z,451 Y3K5ho55IrUZfn17Xl8zuqVuRLUrjuYiwwrnqTLDYQmiRQTAjfo0LYPEBQPb
2021-02-15T22:01:10.495663417Z,2021-02-15T22:01:35.521032006Z,452 r0zWQEefnv1P6OqHYpwAsRMFd9s8t5c9H787XnZ9c4JJPROimpejXUyIDoZY
2021-02-15T22:01:10.506932789Z,2021-02-15T22:01:35.584730592Z,453 MdbCdkRFNxJEQXsRYe0LbTk8jKjjI4QAbSJkGQuZK5lJqCtjBdNju5cS1Gpi
2021-02-15T22:01:10.518623488Z,2021-02-15T22:01:35.653670743Z,454 jdEdTGbN17HTCCEB7baeKSc2MyW8EmfBGewFJRoFvNhFYYTQ9Xs9RTXyFohS
2021-02-15T22:01:10.529457794Z,2021-02-15T22:01:35.718876650Z,455 dRShoovJ2wQVpR0nrCWrBEKVtdHfbf9WYeuQY3cITG4LhcdfntEru4YcI9PH
2021-02-15T22:01:10.540327921Z,2021-02-15T22:01:35.784873377Z,456 JnTVqo8tZ2rlAP0I5VV53GIpLydabSErDrbbU2FpD6P3UBFJVnrNQlr3SiMX
2021-02-15T22:01:10.551985645Z,2021-02-15T22:01:35.853131593Z,457 uayLAlByzRQ9SUxNFgJaKUMLfAyDoKDovDoP3jhkUNgGf8bbQaSzGJ6XxWim
2021-02-15T22:01:10.563024588Z,2021-02-15T22:01:35.920328324Z,458 5OwhirwEFyGURys7Qrtz2FRKE2vqwAqfTZNba2H73enChjDvS4Dg2P1z8X8Q
2021-02-15T22:01:10.574495998Z,2021-02-15T22:01:35.986864075Z,459 B4xwHCGAQbuZ18tY9KCpe9I9YqSgjBrZSOQIOUaeTj4B7o4r69L62pd7NS6c
2021-02-15T22:01:10.586137667Z,2021-02-15T22:01:36.050576468Z,460 vagWaIb19I9mnrUcXUtngJPFXYmUwykmblLV83TIE2a67SEO0CQaIQySiHBK
2021-02-15T22:01:10.598057004Z,2021-02-15T22:01:36.115900482Z,461 NHSgvqEuUen2OgFx4wWGdQCrKnBmVckA3C5Cuzmz7Zsq9VJNqDxgVRcolhyP
2021-02-15T22:01:10.609582800Z,2021-02-15T22:01:36.182458003Z,462 staObwiRp6NseSORRqsnOwfhdxrF7H4OJLDSm1PkVbytvH8SCWEfmVkBcNCT
2021-02-15T22:01:10.620663321Z,2021-02-15T22:01:36.250229407Z,463 8k6omFnjXHRAUSgf9VMqBGy7hZsmzAZB9uZ2eAzRnTTSkol5NHmzvULQB495
2021-02-15T22:01:10.631901626Z,2021-02-15T22:01:36.316133383Z,464 lDZ8XHIhFOxd9MTvPgFnkZMl0eP62Rt45VjZGNCmYP4q6SKHwzulRCdVhk27
2021-02-15T22:01:10.642640099Z,2021-02-15T22:01:36.382444010Z,465 FRt1ROySD1TaunzVFetm6VhMkHjVAo5iY7N2slgTV5kKXQpMppLRHDSmgItg
2021-02-15T22:01:10.653877154Z,2021-02-15T22:01:36.450072970Z,466 ZEegxrGm8UTetS2nqAILjfIHl6x9eKtZhv6FXNtiSPNLyixlz25S8YrvFDe9
2021-02-15T22:01:10.664259889Z,2021-02-15T22:01:36.517101622Z,467 96qycGInUK9B6wwBLsUEx4ZzeifMIRbBo7HXMLdqytBU40NdhD52Ly1BOSEZ
2021-02-15T22:01:10.675690538Z,2021-02-15T22:01:36.583760145Z,468 ehF26vlUCAPEO3hkIuegQldxSecbUyA73JSj5zU5Oswe0ZrB12Er5rM0TWpF
2021-02-15T22:01:10.687203186Z,2021-02-15T22:01:36.650264872Z,469 tRrfdmw08sBcENZnVbT61Zw1shpWkI8PAfSVfEayzdulrmBFDYwUjYp4s2rz
2021-02-15T22:01:10.698729155Z,2021-02-15T22:01:36.715405839Z,470 BER8pLmgIJstwlfd15mBbSR8Bgh2PW7S4TjLisiCIm2njplSYKbjZgHjXSDM
2021-02-15T22:01:10.709068612Z,2021-02-15T22:01:36.781549156Z,471 DaLZWLM4IDvXVEyYPQlMMabrKw454wubvvJOjgX9blHU6jK2nomG1uK4J2AQ
2021-02-15T22:01:10.720528190Z,2021-02-15T22:01:36.848335426Z,472 zXepBGxIxXT5ZPHCWgkZiGR5CnsOZQYyJr2rZPdhG7wvUTVS8xSArKj8TsGy
2021-02-15T22:01:10.731685135Z,2021-02-15T22:01:36.916402924Z,473 qfbpmgvq9wwAwmbZXbhKg6FZrbd794hnvCjRcYyR7hnpSpQGR0BO9nvoitOK
2021-02-15T22:01:10.743224560Z,2021-02-15T22:01:36.981380971Z,474 lxzFX9CAPuDGH3965Z2jBQOzGCEHAgR2AqJheujcKenQRTw4WaDPf5df3A3R
2021-02-15T22:01:10.754794562Z,2021-02-15T22:01:37.046669361Z,475 TNhTTpKe3xcAajpNb7VADrAzcxmk68zy1uQ0lhVf9oyw4hMVMHOoV4Ov02mN
2021-02-15T22:01:10.766449930Z,2021-02-15T22:01:37.113556720Z,476 bY81vrMFeiWxmgjsm91pdAzHvESHZBCLd9dKhmMZKg70RNEKVZbppLJXgrOF
2021-02-15T22:01:10.777750434Z,2021-02-15T22:01:37.180003855Z,477 je2OEDBQTICGqaELBGf9RX59UtdPWdYQtz3N1ys2fZS8EgJHhsVs1YaE1ShT
2021-02-15T22:01:10.789078243Z,2021-02-15T22:01:37.245843689Z,478 0BFDb0OfOxW8qlcSdFSRs9UZLu2UTKu8XHLaEjVPZPOBEveGiN7def3eCAcw
2021-02-15T22:01:10.800785775Z,2021-02-15T22:01:37.312424423Z,479 mf061a5hV8c1Vr9ZIylMjrEHFOmSq9M2iQ5zMJUXFroWDDky8phlEDrUz4iK
2021-02-15T22:01:10.811752091Z,2021-02-15T22:01:37.379937745Z,480 BMciM9PZc2eB8WIhwjwJecRFFX7OM9fWFPahdnKV6DAavYOsxiA6yaf7t5B3
2021-02-15T22:01:10.823149702Z,2021-02-15T22:01:37.445678209Z,481 m1jRCnOYrZWFLo6V8BuDBCWymJqjTQccU0XWEIXmLnnaqb68DAhyZCde8WOp
2021-02-15T22:01:10.834990552Z,2021-02-15T22:01:37.514026644Z,482 fxA10kkVWiMoPhwsOZ7BdwS6UOWQsIXLmDyGDSH2Ej1rVK5gKnbPNmjZ4Lbw
2021-02-15T22:01:10.846539845Z,2021-02-15T22:01:37.584496451Z,483 a0TteKprBZboHflTSWTLCjMcuPSd7SbFbYVoBHKj05BodDKDeO5mgRdvHGHE
2021-02-15T22:01:10.857415075Z,2021-02-15T22:01:37.651737671Z,484 gWIVOzFv6WnOE9UCJo11jh0bkZQmgpizmydv4bYZhmXBPwwp3k0R2XWG3oWn
2021-02-15T22:01:10.868747843Z,2021-02-15T22:01:37.717540868Z,485 umQ8BDWkDgVtJaJaQOJ9CyT0vIPh88TvkXuNYnOQYPSbwwq9Q6ysY5CJ9sMZ
2021-02-15T22:01:10.880460625Z,2021-02-15T22:01:37.781877602Z,486 SYQgsH2H1VS2EgSBUvr2Hl9AOEOjiBZ1ciYuD3qNTlpteIOpJDOkRmo2LTtx
2021-02-15T22:01:10.891394520Z,2021-02-15T22:01:37.848970229Z,487 pqAGeBktMHnFKljkEfoyLvyV8CrJEFD0jyEiRR4sc6Szk7brdWkdxf8Gax1a
2021-02-15T22:01:10.902748138Z,2021-02-15T22:01:37.914417582Z,488 R3CK6kr32qmHZ15IwrDOIZxzdSyyrNT67nxD1t0cAOQwylrXc7SeLuXyvdF6
2021-02-15T22:01:10.913170257Z,2021-02-15T22:01:37.979968171Z,489 GJCs5Yg7f6xtf2ZVOatxluTM67tXC7qa9vQyziCY3s4NmPbuJp69koiN2Aht
2021-02-15T22:01:10.924635585Z,2021-02-15T22:01:38.043966051Z,490 fFPASMvQjN5aBkvrYKMjiyw3p1HcwaxQCer3hbRavudpNvTuuurQ8j1D5fhP
2021-02-15T22:01:10.936052558Z,2021-02-15T22:01:38.105883139Z,491 D0yhMBKgUTyGna4JZv2NsEftBh2nw7bw08caHy39DqHbHo6LH8Sj7U6Zi19T
2021-02-15T22:01:10.946689369Z,2021-02-15T22:01:38.170793392Z,492 gf5Tl6yLDBQwU2VYTYqwHhT4zRfdRiXW48QFg0EHd0gcimpFP2aArHzeYomC
2021-02-15T22:01:10.958339832Z,2021-02-15T22:01:38.236309111Z,493 9Z2jylf9xIBSzbyS8uYRLhxAh1k1EXXUOdvUyxxGISQRigLLbLsvHIxNyRkU
2021-02-15T22:01:10.969519060Z,2021-02-15T22:01:38.299900513Z,494 r68LQhLu4o6SBb32StjDuyC3isBMJjk7LMc2oXcKkUfjEuftpl0yUqEd0Wir
2021-02-15T22:01:10.980939889Z,2021-02-15T22:01:38.373079868Z,495 sicDX83LZHxUcCdScVVZnCsbzgYegda19FMI3O358wBrpGaNnNdi8Ew0ag2H
2021-02-15T22:01:10.991538193Z,2021-02-15T22:01:38.438136198Z,496 X9nH072Cez0krRWNAf1Ow6G53861fLkCAHNoTGxMt5GvobLDsyUASdA665Gr
2021-02-15T22:01:11.003021008Z,2021-02-15T22:01:38.508199578Z,497 FKCeTXt2VRFWXBz3uKpUWuOU1ti0Rr6vkefbegfM3OnStTISFu9nYiDFsHOb
2021-02-15T22:01:11.013914810Z,2021-02-15T22:01:38.579017217Z,498 06J5a3KUFGab6kNapAOhj2oIJKalQ4bKVDXHCAgY5LN6xjsVnxlHKy9s6Fcr
2021-02-15T22:01:11.024371202Z,2021-02-15T22:01:38.645593298Z,499 yuqSdQxUZ9dUYBfDPSWJwENW9tQO6jj2aZYG2zwB2bzKDUu632cPA9HgwsrJ
2021-02-15T22:01:11.036097121Z,2021-02-15T22:01:38.712983391Z,500 hLdYofJaV3gOl0eIHLnPdZkEydwURnuLwhfSmNlO5boc5PsYm6qTeJFXd4MP
2021-02-15T22:01:11.048005312Z,2021-02-15T22:01:38.782197088Z,501 rY3hY1o0kDDqE0zCr9Dz7GC55GUmqfEjOcFfEbd5szVqJnzsG38pEIqNmKn4
2021-02-15T22:01:11.059753544Z,2021-02-15T22:01:38.847665787Z,502 slCROpqNjIDuJb4XO6hTQcbcBtDlTxvE84uceYPGpxj2mm7lZ4aC5r9yHcHY
2021-02-15T22:01:11.071212521Z,2021-02-15T22:01:38.914438264Z,503 bB4UxhkgJOa325RC9oyWbp5ZtEpiV39FGp2nZSwH3jMmntvSpSdvhTvRxRxu
2021-02-15T22:01:11.083007339Z,2021-02-15T22:01:38.981585404Z,504 XqZ0ecPWUgqY5zTBakbViAKdPCxhfxyIPgmbxSojek6wxvOj1GXZZoUkjCJD
2021-02-15T22:01:11.094816334Z,2021-02-15T22:01:39.048407907Z,505 inWjxkWz9w5Ma5r0MHWW3UrtvSAkAnhnpJX6SBv8y5ijnLyQEIxK0bpuLmQC
2021-02-15T22:01:11.105379418Z,2021-02-15T22:01:39.112738764Z,506 vtndUxBErv7hNrqOle0qhaV056ocHfQhAnevcqdy1J3ZLFzjTfr1noAcwsm0
2021-02-15T22:01:11.116673081Z,2021-02-15T22:01:39.178221457Z,507 bjxptC2uLjtWXM1HKttdCmC5RqyiJE9AwkpUiltXBG8Qo9l6nn3UIlUlMXTF
2021-02-15T22:01:11.127609457Z,2021-02-15T22:01:39.245412538Z,508 n7fDw2rIMePkUL1aASwtgud7OfhWaRJEdheJW1YvsV4Tdw9nMACy2wuohoQQ
2021-02-15T22:01:11.138443870Z,2021-02-15T22:01:39.310997818Z,509 nHYVwfr9f3UD3glF8lOzlFOQNqmva63x3EBzeivkKbahAzd2Qdq227FC2ykK
2021-02-15T22:01:11.149223720Z,2021-02-15T22:01:39.374813505Z,510 f3Iqeruw5F0WV9JL2a5Tty446s6weAHC5uwUUlHkgyG4Z6PNAOaixbyDUgvV
2021-02-15T22:01:11.160719335Z,2021-02-15T22:01:39.443463566Z,511 KKtteqVnmGRCldSCik5ovPcmCBmLNd9mJShX0l1N5Isyke2Vlmo3skxoVoK1
2021-02-15T22:01:11.171784250Z,2021-02-15T22:01:39.510626391Z,512 eKV3cBMnQZVGXpnnqs3W2P4et2zFihlURdcVTLbeQG2s4GnpvYPGneueO3m6
2021-02-15T22:01:11.182273827Z,2021-02-15T22:01:39.573393743Z,513 bnA1yNyj6q6soL3WQhJtxlAd80Nca0lo2yCtS54hiK0YMVMGWPNGIaaTTF9r
2021-02-15T22:01:11.193697345Z,2021-02-15T22:01:39.640675311Z,514 Ma0ii5YawQk2JCg4Ylrv7ibMvzhLJxQw1NF281NM408mpVZu0EI71LPW9j9e
2021-02-15T22:01:11.205144340Z,2021-02-15T22:01:39.708343407Z,515 nyBL5dMjmFez20nbQsfqEevSiC8ReTMBXEWqsUwnob76pCMDGdPxMarOyBvY
2021-02-15T22:01:11.217000995Z,2021-02-15T22:01:39.774136900Z,516 g3UTQFWpbpsAWUYPSgupvNzPKk4n2OPGzDsWd6qPmfi3L0S41uFsXfJNI5vc
2021-02-15T22:01:11.228394979Z,2021-02-15T22:01:39.842742240Z,517 nyXXCCypc4k6N8MJtUJDEEIHALogwTW7m9MsAXclc8u0VpdxK6z2ChUWlkiC
2021-02-15T22:01:11.239559551Z,2021-02-15T22:01:39.910447000Z,518 nK2si3gDc03LrxDsSuQudNkE0fh1t4RD1UhEAACE8KhrCYis1AFBIckVLkRV
2021-02-15T22:01:11.250731340Z,2021-02-15T22:01:39.979996588Z,519 IPVfSWjXRqf8K4UMNo1ucjnbHEQEE7jeDi333nYTu9Sk47cIMLPw1kutH69h
2021-02-15T22:01:11.262044896Z,2021-02-15T22:01:40.050325678Z,520 NZQzZSMt3nXOrLb9fLeR2DYTj9Wo1alVrhATh0YteG02aAWQtPm58bxb1wvP
2021-02-15T22:01:11.274054826Z,2021-02-15T22:01:40.116669759Z,521 CAF57i7zPC7dqVuc86jBixu6wvPSeGiHeiFukyOyBEI0AkL2wr3G9X39nHem
2021-02-15T22:01:11.284782982Z,2021-02-15T22:01:40.184112330Z,522 xDJCSXyJL0T5yolLNbgBX06ldOaso6WQUq5fIpR0EsM6V2qdKOQLDqZxFHR7
2021-02-15T22:01:11.295641408Z,2021-02-15T22:01:40.251893091Z,523 tlXosbyiFeQmaLSYHzYOiWc8mJOOMdd3SKQFUPp71Ietd2mFp9Xn9Wsw4v1J
2021-02-15T22:01:11.306364870Z,2021-02-15T22:01:40.320476167Z,524 PpGa7EVRaC1ZK03Rg3Dn57yQ4BARMg0pRtvMaInzyL4ZmeMjhntVmIU0X4KH
2021-02-15T22:01:11.317994085Z,2021-02-15T22:01:40.388053647Z,525 dfvlNGVlBIBc1wsojmZNLKbnVUQtyksl0P3Si6KWblV5S2mBrPYwOiZRPrKI
2021-02-15T22:01:11.330077967Z,2021-02-15T22:01:40.452481291Z,526 3JktxxucmgwK9nyfFmD2nGoffO5S80nft5p8H0V1mPwykuqmhPMLVj8KCpKb
2021-02-15T22:01:11.342165479Z,2021-02-15T22:01:40.518055067Z,527 sz3OYswIWLQgivYC4UqkVt2rV77ScOWV0ELapl33KX1KhjIxPTzwLGYdbWSF
2021-02-15T22:01:11.353627280Z,2021-02-15T22:01:40.584480239Z,528 cSnXp6Pw7CWlGd4H8NZELazqhHc3TQCCxFcrmqY7ZL6imNEfgesoNaxhfrgi
2021-02-15T22:01:11.364446608Z,2021-02-15T22:01:40.650948279Z,529 6X5XqBr5MHgQzXxbrfhyKuH8H2OmdtQhBjW0EaVzaiLc1Syoh7cSERPGX1nz
2021-02-15T22:01:11.375813861Z,2021-02-15T22:01:40.714844495Z,530 FE5iVDJ2QWRanvvryjQPRLwZY0gEaR4htujJq6I9aSUYsg1PVXnAlXhQC3dn
2021-02-15T22:01:11.386422161Z,2021-02-15T22:01:40.782367682Z,531 1bCYZzYP6Qman1K71fUrGrnsdBg6ovhy3qrHksmXf1nizelEFVt0W5RaYKQF
2021-02-15T22:01:11.398125095Z,2021-02-15T22:01:40.848726350Z,532 IBxW43DE29ped5PhcP6EBo68QuUr3O4jOnb9vjfFAuCoPDh1DsHKs3tNyphn
2021-02-15T22:01:11.409813408Z,2021-02-15T22:01:40.915948219Z,533 lUnRzUMRxklhZ8CvzZAJeqUM4C8jRppB9yvfgP70kNLtXarexfZb16OLNceb
2021-02-15T22:01:11.420694768Z,2021-02-15T22:01:40.983413124Z,534 36p7gH4Z7yEfkUjqBzk1LKwzut2nczzLsKzGwDLTXXT2drNzenGe8qNWHusX
2021-02-15T22:01:11.432055180Z,2021-02-15T22:01:41.051558356Z,535 CkcytBUnCSOt00XI5ZXi0m5PrVeKCGT8JwU1Zla3QisZe3K7VZ8bBn3EWrJt
2021-02-15T22:01:11.443756608Z,2021-02-15T22:01:41.116327536Z,536 eztWPwRtTUtM1VxuIObEYYEOESN6blVdAMFqnSaj4Vdn5EfcwmV7HZiEFDvH
2021-02-15T22:01:11.454586450Z,2021-02-15T22:01:41.180737706Z,537 BHWrftQ5AHpcGc0fd4M5miBJ0B3SWXvU2Wh7ZfNYjoFT87Usksx2iETFepLZ
2021-02-15T22:01:11.465309212Z,2021-02-15T22:01:41.246417944Z,538 eJkEoZPdvUGSR7IuhAro63sfWXcQD6uQiZ3v8LxMvrLMzy3qP9En2EQajH4w
2021-02-15T22:01:11.477375863Z,2021-02-15T22:01:41.314635575Z,539 r6mqEs8qpnGuRYfdQDl5DlkXyiSgH0foysEGO1flpit90u7HT29mocJcTBtJ
2021-02-15T22:01:11.488378922Z,2021-02-15T22:01:41.380530010Z,540 qbJSMVHuabGEqzvG8MI3XIc3rgqExbIAH1oqElwZ3v1rRsDKWMF9CczD5XQZ
2021-02-15T22:01:11.499732724Z,2021-02-15T22:01:41.444602449Z,541 mIhq9CbRuEWmx2bHRgJLngH5j9rIhgkRvukMCI5VmlQpkPluTaHMiXgIQgMY
2021-02-15T22:01:11.510845529Z,2021-02-15T22:01:41.514303075Z,542 3wBE9E9arKjzeZEVVUUva3MJm7iUnEKLwXNIk6Cjk7WLDBmhH4Ezh4YMU2TN
2021-02-15T22:01:11.522311768Z,2021-02-15T22:01:41.579447511Z,543 GIhTyQTGCKLzxgQcfl5iCJuaUJD3M1nGxk2xCxGZfNojK8Objf84TL3vONcr
2021-02-15T22:01:11.533379421Z,2021-02-15T22:01:41.645303000Z,544 tqOBKzSMP42CWw3LR87CkosRCiuPC70o55abdDV4ENc7fwNRNffVVnrlyocx
2021-02-15T22:01:11.544431511Z,2021-02-15T22:01:41.710696805Z,545 dy7PvesX8UIaluB9WcAN8T09qBK9HfXAtTlaxYPrltkDVY9HOAugqGUjngal
2021-02-15T22:01:11.556048697Z,2021-02-15T22:01:41.775962668Z,546 OwVoHYMu3Z6os6CMyQ0uplJsXOV3VoABKP5clf2iptzMS7iZzxwXdWzsRFVW
2021-02-15T22:01:11.567762304Z,2021-02-15T22:01:41.842697931Z,547 FUacs9RhckZA3pTXZlkY0uHHHSuDcW5zyE01vXVuKgOnox21zTAFEaT3H9ZR
2021-02-15T22:01:11.578261940Z,2021-02-15T22:01:41.907335555Z,548 FLLEnzrP5bP3Nn39UxeBe5lMg06DkgtwofdlrZvl0hBDTy3uYlm0avLBKfgy
2021-02-15T22:01:11.589848917Z,2021-02-15T22:01:41.973636357Z,549 t8HhFAiAmRl32sHCCLJluxRbLCNwtU9NL47W1A0Ke1K1MZ4xwEECmuA5AsTX
2021-02-15T22:01:11.600708853Z,2021-02-15T22:01:42.039699763Z,550 MtcqDoMGxVD561oXYxJC40jCDcAGr2eJjn7MNKPMelDvDT3KBKzk1sUCVal2
2021-02-15T22:01:11.611405981Z,2021-02-15T22:01:42.104536966Z,551 ETS5srkoG7Y0M4o5wU7LlVKYggIOMvyDSfHpo7cnHuAocEbx7Ni2BkObqL5n
2021-02-15T22:01:11.623063868Z,2021-02-15T22:01:42.171777210Z,552 fNxbj8a9M6kWmTz2tS0BUJupLhxhfw2BpHbozScwbS1foydg0i2jNdm8fpmH
2021-02-15T22:01:11.634197716Z,2021-02-15T22:01:42.238328928Z,553 RPdDXfc0Ou1DG3Em7xBxkmyOsb5MJSPYVUXCjJFo2RCp3TAoqBLoMw5yu9Ts
2021-02-15T22:01:11.645572369Z,2021-02-15T22:01:42.299318730Z,554 JnuiROW8EBdTIUvwEOvjOFC0y1mEbRuuL0WcOFLbi7BDoDVhwWBiDghgLXw3
2021-02-15T22:01:11.656983581Z,2021-02-15T22:01:42.361635336Z,555 oEKj2FjsMJDjCn2rvaZm6FI9PAvCodCCXmVHxB9FOoXtcqMbgpPKc8AV4xel
2021-02-15T22:01:11.667743170Z,2021-02-15T22:01:42.425887255Z,556 NnZu3tPmziaSD8S2IYlKH0yqdL7OFC5mtoCoMkGNIvxJGA2uNCj3dkZcR7kE
2021-02-15T22:01:11.678634981Z,2021-02-15T22:01:42.491775837Z,557 wP5oDRda0qRgrz4NhmWMNv9kXXGb5QdpXvCokc0BcW9a7GycY6uR7XvsT92f
2021-02-15T22:01:11.689677664Z,2021-02-15T22:01:42.562594742Z,558 GCWNDVGbtnHdb2pDMPgw5mT4sHj61EwB0fy0K15rdITJC1AwDtNoWlq8Vmaa
2021-02-15T22:01:11.701006495Z,2021-02-15T22:01:42.627470158Z,559 Oah57PEhz6xDJKzdmuPX0htOm4hRNEjqy3tgFOKyDSnK6AWhROeCFZeO3ojz
2021-02-15T22:01:11.713132354Z,2021-02-15T22:01:42.692598167Z,560 NxGvDdjUvbOoLL6H7eRupNAlN9beg70RpFlRV2X71lHXdZUYNAD9ZjYCOLVt
2021-02-15T22:01:11.724357230Z,2021-02-15T22:01:42.755334774Z,561 Ncao1bD7J402Mu59rrjCawatui4V9B5qPgSEX4QsXqUPv093iXkk7M4ffBMV
2021-02-15T22:01:11.736108928Z,2021-02-15T22:01:42.820693965Z,562 NzOomVjwny1WlAgZsUzfHELzOTdO5ZdECBnDOZKYpX2SW1aqmvedtD8HsTOZ
2021-02-15T22:01:11.747002713Z,2021-02-15T22:01:42.885336633Z,563 6d05Yr8oEwoNqk52jt9DROuUp0rw93meb4pRz8AJ1Iy3QJ7i3cuqNTmUaYvb
2021-02-15T22:01:11.758548388Z,2021-02-15T22:01:42.949333956Z,564 dG8gPg3239aZ3LVVXKVgJWZne487xMGLjyC3ew4ZqI289ZhYSVfEbA61HxvL
2021-02-15T22:01:11.769873973Z,2021-02-15T22:01:43.011516328Z,565 bPtpxiPMynYJsoE8Fx92H02svZWwsK6hTj25U8Hrn6jjYnAbFY1dnmm5fKVq
2021-02-15T22:01:11.780425598Z,2021-02-15T22:01:43.075806403Z,566 YpKctFQvwNkInBFw2iiirO8pryNun4zazss2afbPxWpyhqGYrNdpFqs5ZQPQ
2021-02-15T22:01:11.792297397Z,2021-02-15T22:01:43.140482276Z,567 N1O9wGXZjwxjau9Ina30KLqSJHSkqhFMsAjMFJuBH9W4tGdG9iGaRuagpw3X
2021-02-15T22:01:11.804210084Z,2021-02-15T22:01:43.204440226Z,568 Rh5ZcWwGRBrRt2odpCBu6V932lxfLPIV7U5hCN0FrPkqXRTEQVp8gvJdlLbF
2021-02-15T22:01:11.816338808Z,2021-02-15T22:01:43.269641059Z,569 J0oOcgPePZs7FVNnYkIQaS2VmgA5fduNd6ns7CDmSD8r42SxqHF3SehXTpB1
2021-02-15T22:01:11.827312067Z,2021-02-15T22:01:43.335637083Z,570 4BVPnfDG6U5wGW3VToztZgqbuWGySpMAYaAr0T5Ga0uY7WeJPtWqxe4HBPaf
2021-02-15T22:01:11.838444812Z,2021-02-15T22:01:43.402661469Z,571 GHT822CdISxaCI15Kob3QFP43gwLauOn7ITlnRHQw3mbXTC23IHV2GXbauVg
2021-02-15T22:01:11.849872304Z,2021-02-15T22:01:43.492678024Z,572 lygk5g2BRCOHl5TIjGlWkyQleva1GdQLP5ZIJYmjBQCIoMxPFmSLuea9Z8JF
2021-02-15T22:01:11.860408671Z,2021-02-15T22:01:43.557566512Z,573 QAvTKyfXpqtueE1sHvkVW697RR5F1s6VguSxH2CKM49iZwvslPLgUp7KL5VW
2021-02-15T22:01:11.871852873Z,2021-02-15T22:01:43.620964538Z,574 gFe0pWCbr3JIFtBOdN2kmKwSFy2auly7mPH50ak5gGaXy0sAwjwf5gjy4Z6h
2021-02-15T22:01:11.882981096Z,2021-02-15T22:01:43.687612282Z,575 eVrhbxGaxxHHyK2EjjYYjj3hsWArxavOzkJO6Qwo3NZRr9GdQw2LkmTjpMbr
2021-02-15T22:01:11.893677659Z,2021-02-15T22:01:43.750662761Z,576 s5WzNdkvB4ifjMdBj9nOg8VzhyQObU3UGvxHXKdejaOsFLWAgDKjII2CHSAV
2021-02-15T22:01:11.904978083Z,2021-02-15T22:01:43.816365145Z,577 pbXWpPZ63SXEWikIZORpqj0nHp8gCOfD1iARIW24Xt0CAW7X9BuV7njuGikT
2021-02-15T22:01:11.916324514Z,2021-02-15T22:01:43.878819904Z,578 2DlZ2UjO9at0oUICFPhUrWiRZA9vOeqzZS2CugIm7JWmrnX3O3GK3E0AjV3m
2021-02-15T22:01:11.927660899Z,2021-02-15T22:01:43.947172421Z,579 ysySIYfTM0xpNBoql3M7yfoqipgXXgC857XXtAD6qEPg4igpaFA9Ao4KHEsx
2021-02-15T22:01:11.939313285Z,2021-02-15T22:01:44.016818123Z,580 7toogPDKV65tLx4N6RcWP3WyM6fbMysKpIjs02II52ad1NoE8vg5Whj9Kw1z
2021-02-15T22:01:11.950628763Z,2021-02-15T22:01:44.081645006Z,581 NqyGIrjRJ8haJbBlnK2VmRnO8ddSsj7qTOTUH1LQE2yWAMve79cLEgi68wBp
2021-02-15T22:01:11.961677029Z,2021-02-15T22:01:44.149807503Z,582 mKjvQcwwtU5aJAeAJXoWD2m7Hfag1aG78jtpnOGMO0ROpqekghyqXdbITCsS
2021-02-15T22:01:11.972458428Z,2021-02-15T22:01:44.212811495Z,583 na2XNqJdm9UqIxBYYChaHw6Rr5rz1tm4psYwr9woI19Fa7t69IeVy7uuMjpm
2021-02-15T22:01:11.983667132Z,2021-02-15T22:01:44.278758798Z,584 5PcPTQRECemDrTemgLT1KE0d48Qw8W2eUBdbjxn3uj5ojMBcFRB13TfT3hoB
2021-02-15T22:01:11.994526506Z,2021-02-15T22:01:44.343646448Z,585 CpJIoVTeg97NreY8PHJS8had0SBC1cRaEV4ogH6S7OXfGe22GNpjdd4q4rdE
2021-02-15T22:01:12.005373889Z,2021-02-15T22:01:44.410593911Z,586 v9qTHpHeUt7hP25JX2ABPT2LVF3zg6loLIPyWJ8Xyj8Rh9PPgSsJBfK7crYG
2021-02-15T22:01:12.016950775Z,2021-02-15T22:01:44.478826344Z,587 i1pjQsOo8xd8fJboXRGeqwnCxl0395vqYSTjREMbfMe3bt7n26TH0YTwyJiw
2021-02-15T22:01:12.027352795Z,2021-02-15T22:01:44.544618801Z,588 HY0ZRVF5bAFS8O4CHIVHwjLiLorSodagIgDWaWL4Jja4wkGgsCEoDAsHwBxO
2021-02-15T22:01:12.038889235Z,2021-02-15T22:01:44.607593828Z,589 nWv6Q65karsFS6NV2nw97pQyi6XEIBfekR1b8KC9g2IMKv4hhu0xvyLMA0Po
2021-02-15T22:01:12.050551890Z,2021-02-15T22:01:44.670713188Z,590 AjACvdlZgqLdcTsDzrqcrYw4SrZhEHZsZE94KPj0FJZaIuVMnbd7ccutg6N3
2021-02-15T22:01:12.061570788Z,2021-02-15T22:01:44.731655614Z,591 WcOQCMuda2Z7CvFF0OJVkA8mKmVEiIrh12Na28I2K8ALyOMRwsdMZYfkTMWd
2021-02-15T22:01:12.072683912Z,2021-02-15T22:01:44.793447870Z,592 nh2rSw8zfmOCiRKD8urd56fn7IshpDq4L6mVsyMdvzJUqwSxbgcRePrMWTPS
2021-02-15T22:01:12.084429416Z,2021-02-15T22:01:44.855199969Z,593 kKGYJmzLdPCAZGbDLRyJSNv9vYMPNcd0ejQMHuFbyqJaOUcv2tTvDWbiI1aE
2021-02-15T22:01:12.095910837Z,2021-02-15T22:01:44.917604450Z,594 3nasSh5wbfFujWUUWxFoT67XBjMb1mYs4kehb4MKP2yVTWm5uJ7cnRzQUQTo
2021-02-15T22:01:12.108006365Z,2021-02-15T22:01:44.982662837Z,595 hQFW4ZhO2yZrD2GSdFXQ5dI6kypcvCdHPnIfs1jI39LydmCjktXTZILtTl2v
2021-02-15T22:01:12.120183965Z,2021-02-15T22:01:45.048735833Z,596 xe6E81UoIPwpvPuaoVvx8mc42EHmLWvtMtI3FQWddSgL2jAkFTZQfM0rLL2x
2021-02-15T22:01:12.131783129Z,2021-02-15T22:01:45.115873124Z,597 cNdJ2zeFEKCAKNRnzyHezcpHyVbmJV2ZAHNq9rg9sDoDLUmnhG4dxJFrOA5P
2021-02-15T22:01:12.142471197Z,2021-02-15T22:01:45.181934152Z,598 lQ0bi7BW2tuZ2HqTSxDzXhnIq0MfIG5iAPbwCTwkgBXdhHQZyvXLDpZG4sU4
2021-02-15T22:01:12.154162700Z,2021-02-15T22:01:45.251305527Z,599 s4Z4ychrq4cikNeqgeKrd2AjWvdSZY1GSB0rIyrHFI22VrVD48VVCX1xwKg1
2021-02-15T22:01:12.165737217Z,2021-02-15T22:01:45.318641356Z,600 6YXsvp5Q8Iqn8qpvn0wAUhfvbt48v9h97lc6PG7dqNgwLpVIEXtOCvCXkXCb
2021-02-15T22:01:12.176854004Z,2021-02-15T22:01:45.384819836Z,601 VDzNOOYcpZ1rrVG9hu0bTQOPYApJIeaYbP1J93Ti5RVCMaY4Cl8T1hfetypm
2021-02-15T22:01:12.187497921Z,2021-02-15T22:01:45.450783646Z,602 mf7YJgBCXiIhdsJfbW8W9AvkZZ5rVGpJImu6XcjscEJ4gs5KblAbwCBvtVk4
2021-02-15T22:01:12.199073700Z,2021-02-15T22:01:45.516609366Z,603 zfE14bOjXsOh6HrWlbJZDOjKJG2CO6Ab3Op80ofQedM23u4jg2LuwvwtEX5i
2021-02-15T22:01:12.209891514Z,2021-02-15T22:01:45.581553870Z,604 6cXukxPvbJn4I4XF2nLRWEaveMveWJeVVbqsgxNSDrb7WdaOsAyLVZOLEpVc
2021-02-15T22:01:12.220644193Z,2021-02-15T22:01:45.650666457Z,605 Aju5Lk5tHKHQJtcRhGX7XzQ9NjH6KKsVLCGVyXTB9HQKa5vHVQDfnQFglHaP
2021-02-15T22:01:12.231686835Z,2021-02-15T22:01:45.716806806Z,606 MlvlIt56RKyqR6TTgt50YsoT0izSJsd2ZBX4n5aX0KzbhDWQF1sA9YoearFj
2021-02-15T22:01:12.242877857Z,2021-02-15T22:01:45.783586933Z,607 PacayXsPKP5oDEK5RwFp1t2MeXhWkOP84BEghToTL776MVb2UVQGxvNMnkGt
2021-02-15T22:01:12.253532754Z,2021-02-15T22:01:45.851839863Z,608 3c38jbp50MR9FwNCSFYQYwMBCSrU2MJVqOpquQOLadbiKtFdAeYQKlcWP04R
2021-02-15T22:01:12.265155670Z,2021-02-15T22:01:45.919712548Z,609 qn0uqbqvFmzdieIt5mkj84Red39xAFLYpuXZD8VYEBABPj8F4Iz7kzE04MV5
2021-02-15T22:01:12.276938529Z,2021-02-15T22:01:45.985854776Z,610 wbUZwxYiS0PvWip3gVllp0HhEqZmI5ecb8s84zNMSnOeKGmQy7bTf05qOoP6
2021-02-15T22:01:12.288013999Z,2021-02-15T22:01:46.052730024Z,611 277MVx7nHaHpqKCN7wQccLxn0DDSrQaqiqwhax7hu6xdXHGCBidkSxiDjtwL
2021-02-15T22:01:12.298891129Z,2021-02-15T22:01:46.119636848Z,612 MYtk1I9bAbx4DdpqRQLWIAEHKXwiuqET1AnCh8Gz0kbhM0Ni7x3yuLSJYmWO
2021-02-15T22:01:12.309501914Z,2021-02-15T22:01:46.186706127Z,613 fFiwCalcdqQr6vAtsDr0PTGRmCBBk2lY9JdIK3wdcJ1iXFqQI7mA9tsy41fn
2021-02-15T22:01:12.321145426Z,2021-02-15T22:01:46.253015016Z,614 cAYIFPw3vYvArahX302YD1Pj0m7qARpwJoZVjMiTBhELbPKVujT6oseMTHC8
2021-02-15T22:01:12.332790744Z,2021-02-15T22:01:46.319579620Z,615 ygqFqJ9MslhaMP0IbWcwuZWxCCYes1cSZAunoEGtKZ9gM2v2arTC15dOJ4ar
2021-02-15T22:01:12.343546807Z,2021-02-15T22:01:46.387266481Z,616 qNcgCDNBT8ogKBbQM57jetKg3rSaiFQWUUBbuqODBwNNKCLN94ti9aBd6c5R
2021-02-15T22:01:12.354626832Z,2021-02-15T22:01:46.451779672Z,617 F4EvWDfYPOhMJsC4bX0DCUEzs0M4cCerPwNTF4o2BVVXWdjkzs1Qce2YpBJd
2021-02-15T22:01:12.365226850Z,2021-02-15T22:01:46.516834245Z,618 O2jcFKsR9kzuK7zmHaYcQJTMMSdM5619HW7PwUCGeXzYnyupwDZf0zcKGq72
2021-02-15T22:01:12.376715875Z,2021-02-15T22:01:46.581811345Z,619 QnSsE9ka8RsXMSoPieiL8qjFIUp2dn7ClFresBklrWeMckzLM75DfcPHTtkG
2021-02-15T22:01:12.388054451Z,2021-02-15T22:01:46.646736433Z,620 p6TXa7cAoxiTjxS5jzZTLZZ1gPnpALJ3vvGdekVvIcA5TP1iW3ztfVSFkOQT
2021-02-15T22:01:12.400046106Z,2021-02-15T22:01:46.714551232Z,621 1Y3zK2WdSu6xySth4XriCXuicyxWu7UL9B1hUb1EPMPHJNM3s3vqlg8CHacU
2021-02-15T22:01:12.410875397Z,2021-02-15T22:01:46.780484035Z,622 mjlTYxKM4QCuGVXTBBCXt6oZLABf4lXk0uQ3ZoiAZyPU4eq3wEPJFe6MH1vV
2021-02-15T22:01:12.421782231Z,2021-02-15T22:01:46.847135867Z,623 moE20wzeJP1OoiL4Th9KXCtCGfFhlBOHyeWl8SlHcXwQ5996sNDnWHSV1ss9
2021-02-15T22:01:12.432311545Z,2021-02-15T22:01:46.912758630Z,624 UvGe5YuRgI3QDSM1UoBNVYk7OAFkH2kPCCZjJEs4gHxbx0KPL9ULXqvmTXYu
2021-02-15T22:01:12.443647566Z,2021-02-15T22:01:46.978715357Z,625 xpEbf55sWyy6DJ8NT0GxtbpV0nKKEQ34KvLL190mdkq5URR4sTvJ7eB1Y89g
2021-02-15T22:01:12.455166676Z,2021-02-15T22:01:47.042225804Z,626 Ua92G1RN74hHFismGIaKk3IfnE2RP3CU6RieBBzvKVtlDGcq1JKGlIi8405w
2021-02-15T22:01:12.466050774Z,2021-02-15T22:01:47.109458850Z,627 xhmgj8yHlFiDxq0niPdhu2fmZQYjMIFFiKfuQYAo5KpHaD3fAMSybyqrsMfO
2021-02-15T22:01:12.476940672Z,2021-02-15T22:01:47.182579405Z,628 lynF51o2RiEX5rVf9pQcnkmD0CSfK65t5J2R5wfOSl0NnOd1SMOPhVvarr8B
2021-02-15T22:01:12.488145913Z,2021-02-15T22:01:47.250245823Z,629 aN4lcF1ViaubvtoPEyJu9WHbFLgmQkWl2Q5l0Yvb9essbwleGqZW9lhKJOdq
2021-02-15T22:01:12.499515207Z,2021-02-15T22:01:47.316033489Z,630 fyVdtLJwwZ4Xf33Y04elFZZwvN7lLRHviKC75pLnKjKIe9l3pRzDGJqdFx1V
2021-02-15T22:01:12.511101266Z,2021-02-15T22:01:47.384342404Z,631 j2OqdRIuDDWw8CJ6BdJS4qQonP6w7v3hOwmJiS9sU9oCjBdcw62LnRMHE7b2
2021-02-15T22:01:12.522446817Z,2021-02-15T22:01:47.452258550Z,632 SByk7sh2pvWBpgMdCKUbpxSyVztJI3Ne0hYSWQMacFmkZSbGm4UrWHthxzur
2021-02-15T22:01:12.534028882Z,2021-02-15T22:01:47.518900664Z,633 TlwH8jup5qkQiXsRTffO9o4MnCJ7jFlabR4lDkNrBNpRz9GdRZZTu07aQgmC
2021-02-15T22:01:12.544885986Z,2021-02-15T22:01:47.585332599Z,634 Z66dtZYCpHWLE06Qdq6lG8SrZnPKYmSMWH0Tq3K3SW7A4IlnFS18dmdGshKT
2021-02-15T22:01:12.555360033Z,2021-02-15T22:01:47.653055738Z,635 WMwKddQNCFMUenuEbFKshfTcyuh3p5WpHu7WdkLBXI57T0BzGYfOgMPFeLVQ
2021-02-15T22:01:12.567006148Z,2021-02-15T22:01:47.719603878Z,636 2ZKJqfUK3PggvCjSAlEbn3jDslouFCoLPVpFxuIrS86KR5zhuPkNyP1foX6b
2021-02-15T22:01:12.577295240Z,2021-02-15T22:01:47.785147323Z,637 lTFyOIBBI4qSP7xEoiVnDp3yR3o2trHZKmd6oalF7hGtzXe8OFCTCqH6b2oH
2021-02-15T22:01:12.589122620Z,2021-02-15T22:01:47.854910776Z,638 50Uv5Rphy2vflpKM1BOpRInrsoQjrMn22N2NcvVRCXL3iuOI3BKCTJ0Xkbr6
2021-02-15T22:01:12.600782385Z,2021-02-15T22:01:47.920901484Z,639 lvq96vEkUjkM0lpAy1ryeItolOpqyRgOw5KxOCCYAyIGSOY7SWXSJ0aXI3M2
2021-02-15T22:01:12.611547794Z,2021-02-15T22:01:47.986988732Z,640 VPCYZ2OkpmS7tLETtAmX9O39PsWPBUhQqXTuCU4eeinGyYy52lEfnrPz3NMF
2021-02-15T22:01:12.623210382Z,2021-02-15T22:01:48.054892622Z,641 B9uRFc7DFvKkFBhMA7UIJWZUM6rlfaf1USm9tgeCaT13PAp969VwKTXNawTb
2021-02-15T22:01:12.634874012Z,2021-02-15T22:01:48.122833180Z,642 hcYxUr3RhuSOV3LLBFZ6Hd4ZoS7E1Agaj7lFZodSCNcF7ok9rAVoywU2pMOD
2021-02-15T22:01:12.645269722Z,2021-02-15T22:01:48.191210655Z,643 fdx9uROZtlJfaT0VytLzFoHTDubXHVeT1tnOYXcBTIUjG7CUOIsQdCD6VVJe
2021-02-15T22:01:12.656834287Z,2021-02-15T22:01:48.257299872Z,644 TNQ1gFbpbCy1GTEPk887iE3uD17kzwDdQc6VmlhPK1aTgBeKdnh6F1yiumCd
2021-02-15T22:01:12.668727681Z,2021-02-15T22:01:48.325173685Z,645 UEcMchB4UlgaK48gyCGx4UCqvPYOglEpMeiP7qjr6gsvpJuHWRmw2ES1c3Ag
2021-02-15T22:01:12.680300972Z,2021-02-15T22:01:48.393210845Z,646 7Gz8qa820AhvH0XqGuSbq9isNlYPbcTVbbbWYUqsaLyLwzKzpnMtfFCnVCqh
2021-02-15T22:01:12.691575478Z,2021-02-15T22:01:48.459583404Z,647 8X1rske6UCTWoAspA66HxkQvVeqtpRV93Bkk9atDqmyftRPItAmR15sF7pD8
2021-02-15T22:01:12.702826883Z,2021-02-15T22:01:48.527059433Z,648 4MT0uF4qIH92RvNGT9KSK3HJsTUIeFcZlIW9re4ezdGRR18FPT1prVi8Cl7W
2021-02-15T22:01:12.714182645Z,2021-02-15T22:01:48.595485537Z,649 TjRPvdibuiqfBLNLJLQ9GbfuxXppSniIPPZaai5rbzAtI2txbH5RNmIJVp9o
2021-02-15T22:01:12.725940596Z,2021-02-15T22:01:48.660957563Z,650 JQSiuXxBaJfdji4XdUJxEX8xJY16wzLdgCNbTygYbrkRW9aYSE126hPdB10C
2021-02-15T22:01:12.737845405Z,2021-02-15T22:01:48.726087402Z,651 6bqmnZly0nkcO23bQFGQVswmpKfPeOisTFJ1mLGvDtMTUkM7wTMsY06MKa8N
2021-02-15T22:01:12.748646684Z,2021-02-15T22:01:48.790896876Z,652 9d2VwKdO96bgYrqUFOBkIzu5m6dHSbCigN1OTIKug3eQNSzJojOZwv3ecGdS
2021-02-15T22:01:12.759102345Z,2021-02-15T22:01:48.857525858Z,653 vPEoB2O7XmyvJmACplczIBJi5gOJoLr09fyZ8Hvv9JnQA8xQ1Xp5wOak5skM
2021-02-15T22:01:12.770278968Z,2021-02-15T22:01:48.924045030Z,654 83pwcOYMr7n1G7dF2ewNB5swySyQF8nU1FZYThHXCe1GlZ8TMYFjeA4KkkLg
2021-02-15T22:01:12.781872259Z,2021-02-15T22:01:48.985498971Z,655 pwpOTm2yAewHJMuJeUgeH630tNewvXKh9hJUzmOyr7ftOUx5UIKRCKz3b9Pz
2021-02-15T22:01:12.792514958Z,2021-02-15T22:01:49.052607101Z,656 LrbjGhYjReDuw3aPC4uxIhv6cc5gCrYX3ZDOst8Ug2iP1A3PLJEc9RWGPBBh
2021-02-15T22:01:12.804267635Z,2021-02-15T22:01:49.119187391Z,657 WQsLfZGfaSxwtavBxrAupW6YRjpV2zTnZZQAcfGsas1q5HfzdFZe8EfSjaQa
2021-02-15T22:01:12.815897427Z,2021-02-15T22:01:49.183606305Z,658 QstPBieohwjunbNxDWrL7GlxbAV6nue43kqEFa4IdU0p39OIfwYrjZZAXcp9
2021-02-15T22:01:12.826596308Z,2021-02-15T22:01:49.248738163Z,659 OtXsupG4rIqpR9N9pDGM2Sxxi7QaNWJ1zprhLUSKnGVkSPodBwdaiL38zzKC
2021-02-15T22:01:12.837179566Z,2021-02-15T22:01:49.315900867Z,660 Ypw0ltsr7nGiL2TeRqkOdRqkun4YQYU2slf9b3eDf7wSEAImfaawTzXMOBCY
2021-02-15T22:01:12.848510511Z,2021-02-15T22:01:49.383332307Z,661 sDkhmK0OP4Bxjo2lHIzP6HNuW1A9sPuKv0gR03fYx22MfuNx4cadDCZly72v
2021-02-15T22:01:12.860342792Z,2021-02-15T22:01:49.448913526Z,662 sfwPJKRkEWQ2JSaC0gecRD5eX2A0JwOeZI1VssBOOeAfFz0iKJUcPiCQBdLX
2021-02-15T22:01:12.871894157Z,2021-02-15T22:01:49.514163648Z,663 2mLRtU8Rz5rIFhAms150zUxT9J7QGFCFzDsfJWOoODpr5hANwKwhR27lDeB2
2021-02-15T22:01:12.882372605Z,2021-02-15T22:01:49.579748984Z,664 FRURzAwaKwyzl8qj1GqJUF11ZkvNWjRERa9FrcnMYextsDuW08bALy8FU9bk
2021-02-15T22:01:12.893588392Z,2021-02-15T22:01:49.645334341Z,665 swLqc43LkYwhykbN1H53yYpJzP17UZC73qTzbdqu97XcLsuhijKszfQCEUNi
2021-02-15T22:01:12.904979969Z,2021-02-15T22:01:49.711093003Z,666 i9xBLZOtPJKC5WiHVZWDIowxar2rzhJJILn2wv8rJC4wVGil97ZwKUrGO42f
2021-02-15T22:01:12.915492805Z,2021-02-15T22:01:49.775776996Z,667 9ST2G578NtdvRr53s9pNdmWFtJrmugfSOtOGYuwxdMUmMR5XNhxQzhlh9Y4p
2021-02-15T22:01:12.926867884Z,2021-02-15T22:01:49.842281892Z,668 UEbkta0RYd0HRxMVma83dF0HodvcMISlz3EvhxUJVYfKRd3uZrz9j8IuVlCR
2021-02-15T22:01:12.937568765Z,2021-02-15T22:01:49.908687521Z,669 FkeXEF5mDdtgbKXqspYodtjOleIzQMBtfvO5SWBMOUWDqEe5vIxLLhNoQ6XY
2021-02-15T22:01:12.949652165Z,2021-02-15T22:01:49.975149073Z,670 9wlR4JDxE2hrwJjZtQGBiONJbDamjWqcbkpU5WPyJAnSD6IUAnG9HGA6p4fm
2021-02-15T22:01:12.960361988Z,2021-02-15T22:01:50.042275754Z,671 TQSWmjG4Blqi7SXJLBOLqV7up1k5iBnsBUhuZouDXQH6zKCjQwsTrEVvICb3
2021-02-15T22:01:12.971977910Z,2021-02-15T22:01:50.106809402Z,672 P7uJaq7dCd6Ir1etFaTzgmoHO2DMDso3KYjOfe0C7GxRe5aNSY2zYXKOoeXR
2021-02-15T22:01:12.982475048Z,2021-02-15T22:01:50.172675509Z,673 qTEhjaXgYgbUgBIXNll0NotxlyuZNH7t6kJZFrsaSJSD03N3SbQjs0T8VNDc
2021-02-15T22:01:12.993992940Z,2021-02-15T22:01:50.239032835Z,674 3nO2HAjiVy4LLToHC1xgHIp7jzjVwSLBA6eKJX797C4ScLDEctOvlVsMKWp5
2021-02-15T22:01:13.004687373Z,2021-02-15T22:01:50.301507549Z,675 AP6BagVyR7igCXcsHUebvCID8RiOGTzjvPwV0PZt94PF2aTKkb3cBmWq2QD8
2021-02-15T22:01:13.015681985Z,2021-02-15T22:01:50.367775008Z,676 YokT3ObdjcFHOdhumPDagl6G0axf33xizYJC3RKu2j3NEuvZSF17QLQAPEx6
2021-02-15T22:01:13.026371762Z,2021-02-15T22:01:50.433408121Z,677 Qjp8IhfCeydCz4iVQNEKMvOiSysyeH0qZI6qE2vpGVVVegraiQ2St85zTiw9
2021-02-15T22:01:13.038064501Z,2021-02-15T22:01:50.497338703Z,678 yZrQlSsvB41OOd3fKwg00HLmlW4Y5B4SgSuhXoDZFhonRtsWlPv2fUzcnLsO
2021-02-15T22:01:13.049670974Z,2021-02-15T22:01:50.569991249Z,679 XmSDzHZQn8wRoTumU5RgwLFVYkAbdhUE0PitnLAWfsO9uszYoQucA7soyLlT
2021-02-15T22:01:13.061678029Z,2021-02-15T22:01:50.635529310Z,680 CYBjm8ZNsznCI70MsxqAdh9KPzWDR8NnI5tOaeWY0cWTSg0KFEgjzmMr305m
2021-02-15T22:01:13.072330511Z,2021-02-15T22:01:50.703030454Z,681 SUk3dq7RGf0EWwzABbfjdPY3FRhEefmsvjE4IHRdk4QXD8xZbzB8WW2QCMq1
2021-02-15T22:01:13.084285046Z,2021-02-15T22:01:50.771184652Z,682 il1vWYCmB76aU4Fp6GpPsfSKXB9FZfnb2YD9cs2WUyd8RiMACx41S0zVufls
2021-02-15T22:01:13.095571186Z,2021-02-15T22:01:50.835868457Z,683 sxA3IU6HTAgt3IaZ9viTcZxf4X5pDdUphhyqbuJ7DTLu7gDxhRo4JyfGUkq1
2021-02-15T22:01:13.106537079Z,2021-02-15T22:01:50.904351631Z,684 qzk9F41k71eadGemxZxwoeo6z2CHHfDQ1rKe6pCjZlrqtQMOStv86Y3FDtr2
2021-02-15T22:01:13.117839716Z,2021-02-15T22:01:50.970082216Z,685 E2xebQnxj0ceGSXTk27aUQfwmGjA0AlgNEdgfown1mWA16CXLtiYH86ZYE1t
2021-02-15T22:01:13.128706030Z,2021-02-15T22:01:51.038224817Z,686 ztIGzhaAcStC6RzW0g44rpQktjPVX4B8jRzAgnvx2MlvPS1yS8WKolf0WGDY
2021-02-15T22:01:13.140241432Z,2021-02-15T22:01:51.106679105Z,687 V39E2hv1mhkq5UPolyuaxILnuBsPfR6bs9sPUveeQqamdnIlPJCB18CZcHAi
2021-02-15T22:01:13.152077462Z,2021-02-15T22:01:51.173841186Z,688 UxSH5eHhkp6dyMRQ4TJ5hU7avd11VqYq54C9GdywaE4QCmqnmU3xyCjQ3qT1
2021-02-15T22:01:13.162466091Z,2021-02-15T22:01:51.238792899Z,689 P7WuFyKG3zsFerPVJD6OBp8bxBQ3fgJpBG5z5QFjEBNajt5zt5ocPIjljJgA
2021-02-15T22:01:13.174097257Z,2021-02-15T22:01:51.304836989Z,690 svpaQAI0CcLvpD5jkT55rpVsP1E12QpEGTmvaBrlCqB6Xjb3RbLVBsGVZCXu
2021-02-15T22:01:13.185540443Z,2021-02-15T22:01:51.372069406Z,691 g5BNRnSao4YCcpO60brkZfLQAvJSst3wtRmKtVnHbfI02MOzVpuq7BirrxFr
2021-02-15T22:01:13.196367493Z,2021-02-15T22:01:51.440984211Z,692 OBROrQCyjSFL63aOhbEZaubFWwafTVfOnswPXE0p3YVn1wMu71cSo4SzvEPU
2021-02-15T22:01:13.207390898Z,2021-02-15T22:01:51.502753893Z,693 ZTsWAvtYtQak0kCe77iPgHjbbpdKX6Q6rmMNiDifc00mO6KiEuoAUjkIiiqh
2021-02-15T22:01:13.218949704Z,2021-02-15T22:01:51.568664014Z,694 7Azdhk3fKVWPCGz9vrGSOlLu2ELPN3f993Howcf8TxQpYNGuqRje8zbNZJ67
2021-02-15T22:01:13.230891764Z,2021-02-15T22:01:51.634190002Z,695 TjkfjcoCtqCDOSfTWcPK5ziFoFrFzhnYcvYAi77pLTlcJvBQgBmOrOwc5n3Y
2021-02-15T22:01:13.242095915Z,2021-02-15T22:01:51.699678092Z,696 uOM1SFt20Q69W92GcQVbg3ohJMBBlusP8K3D1MIuRfCzfemvhYZZOCc0Gy6e
2021-02-15T22:01:13.253696441Z,2021-02-15T22:01:51.766261455Z,697 IDT8cpleuU8qYFHSXPoiKMfxkMiAfVywKoepWVtkPzNFX42RjRhEiUDbWV6h
2021-02-15T22:01:13.266004529Z,2021-02-15T22:01:51.832263435Z,698 R6f1K2qv2gSEIgXDAMAXu6hbRtECwKZPwx6qRPVdxY2HLz0o2kclRWPd5dzL
2021-02-15T22:01:13.277707163Z,2021-02-15T22:01:51.901276169Z,699 i8TUPrPSkM5u2u98RnqYiGGRbHmoDvJN9z5PGP5Iw26trVi91HyJi2cce0LA
2021-02-15T22:01:13.288674212Z,2021-02-15T22:01:51.964932383Z,700 dk3L0gJYnuo8ZbMwjfUGTcfEWxLXH8uBhCrJtfTwEzher8OClOFAu8Iv6mVv
2021-02-15T22:01:13.299609315Z,2021-02-15T22:01:52.030912788Z,701 OjjCVWIMLyLqt5I2RXlw5GdAsCqBkSytdELKf9t6YQKv6MaPlgrjcGliaOCj
2021-02-15T22:01:13.310253802Z,2021-02-15T22:01:52.096455622Z,702 YpKRx8XE80QcArGoxtSH9SUIyI5pVWa6l8AQbvuLc6k3VFMFzNCXpsaAFsfM
2021-02-15T22:01:13.321952551Z,2021-02-15T22:01:52.161574745Z,703 qznHDoaR3KiBWyt2jKkxqgTyg7w6C6ymmxG1a4YEtuwhVfYGuL48nN4pq6VN
2021-02-15T22:01:13.332780140Z,2021-02-15T22:01:52.228124075Z,704 GvwrlW0rTMoLJ5deDBZBQqFiPHNx8nKTCpRs5KmlOhwVdR4xjByJpQg6s3UE
2021-02-15T22:01:13.343528086Z,2021-02-15T22:01:52.291702642Z,705 vlsxJkR8RsWshnnfL1I6l788ZldodNW89e8OdUVD9nIv82icZWfeSDoGXbK0
2021-02-15T22:01:13.355097020Z,2021-02-15T22:01:52.359512876Z,706 ynuYJWHva1sa6irMQ3ISQI1dfDQ4QcT7TqkClYHexFUSJtu8XFHNDmG3O7nK
2021-02-15T22:01:13.367245811Z,2021-02-15T22:01:52.425711166Z,707 2CGlXz4G7qBDsGEG0ywXJq6LAAJlePIuPnfgbIjIbrDjd6SAJqRW6yKK2Piq
2021-02-15T22:01:13.378823700Z,2021-02-15T22:01:52.492327393Z,708 BRCM1WXdIGeLWjlPrFIL0UipSAaniPyO5rFi1HVkZZqDYqaLiEFH81S5JlwN
2021-02-15T22:01:13.389405250Z,2021-02-15T22:01:52.561844314Z,709 x7Y76Jt0xy5dO75AloL5pPBi5WDpKhwpjysa2O9siOWwIjeyLShotEv3SUgQ
2021-02-15T22:01:13.401037172Z,2021-02-15T22:01:52.626957332Z,710 pCgUzREMZCMouHltWMAePuwxJNJuJyNdsNgPN5w0E40zsRn3EoVBCekdigB8
2021-02-15T22:01:13.411753150Z,2021-02-15T22:01:52.693417257Z,711 tcewBl7S4VKKHVmVordnD4Hx8j5YiTWmsXYdErmlbBc03Jr4jRaDRVAVN1av
2021-02-15T22:01:13.423426861Z,2021-02-15T22:01:52.762571830Z,712 QDGpTRwYDKLMQuBLRPABM1MwuEVmN5mQdNt5mXDUVklA0pn9vhaOwCNVw909
2021-02-15T22:01:13.434926004Z,2021-02-15T22:01:52.831240458Z,713 MdHcaAQgl4nskCOu7AwSOsJd3pVkjpbBUgJvTkWqaCaJ50o52Pz4FHD1wkit
2021-02-15T22:01:13.447023053Z,2021-02-15T22:01:52.898486805Z,714 lTxtKj5FytEILRuT47Dn27eRmJZtQl2V3s0DhFyBGu1DTeWdMq6A4ta6WN5r
2021-02-15T22:01:13.459072695Z,2021-02-15T22:01:52.963489177Z,715 QMaV11CB9S17T4AXw5aHJu7I1G3KEJYMXF5UgwGXkCvxwZsBAQmfBckXg07m
2021-02-15T22:01:13.471206696Z,2021-02-15T22:01:53.031714007Z,716 hnZhhyRxUwA7stciR1TQLpEqxt3HroA5CJLQW08IPm3lsoqVWscy8u5RuEto
2021-02-15T22:01:13.482930634Z,2021-02-15T22:01:53.098424074Z,717 Z4ApmsgQXe1ZKHqH4UybRvhp1nDa8aLBiCM9ObC0EJSezlYi2yX8dYpwEsqz
2021-02-15T22:01:13.496052192Z,2021-02-15T22:01:53.163651621Z,718 YxOefxwEYblmP9UfaZTxpS5K5FZ4N6oJHPdfqsLUcRdqaeRh9lIsH85jWurm
2021-02-15T22:01:13.507815447Z,2021-02-15T22:01:53.231103171Z,719 dcEFP6H64WopBw9zaVQglfhVVUYYopnNKtzf7lMrnsix7No7zWEa4nYtRH8f
2021-02-15T22:01:13.519205564Z,2021-02-15T22:01:53.297856023Z,720 w4UsLKf6u2ak6qfe6J4DYk8Uzgr9fNq2Qt9zjmnvO3sTxFfoZFReRllJbbEE
2021-02-15T22:01:13.530807619Z,2021-02-15T22:01:53.364447840Z,721 b552EdRJ0MgTfI5IcobUFIferaTwbmvxKzK9zYwiGm8Mb7hsKKax2NZPqglY
2021-02-15T22:01:13.542009854Z,2021-02-15T22:01:53.431274968Z,722 gUU5noZWcGWjpvy4G4tWmeA1HpEACeIPLw8lcm7Y5nYk5uiljIPjBtjKMLQV
2021-02-15T22:01:13.554053456Z,2021-02-15T22:01:53.497112943Z,723 fZQDrDhWTYdFuQIm02U4mjuebCRS2eFzSAKX2UlFTUObtRl5C8oDtQSRsmWZ
2021-02-15T22:01:13.565799990Z,2021-02-15T22:01:53.565467324Z,724 ODUcaYafuyV2B9BhGFwlTKWYSMwIuPEQHn1croBePzJjDf4tH5ZB2KD619yV
2021-02-15T22:01:13.577043564Z,2021-02-15T22:01:53.630729292Z,725 TeT79rWhtYAZMsOF8ApBjmwDUHokYhGV6vITc8bw6uJIz6mQZ4Xss7WKfwAt
2021-02-15T22:01:13.588621332Z,2021-02-15T22:01:53.698599443Z,726 GbTIOxQvL9epJDeDXgsIZ2twQEKc7Mxa21S58ESlp4hhl2pNfrjPQ8quGdFu
2021-02-15T22:01:13.600330997Z,2021-02-15T22:01:53.766150713Z,727 WHtv7AlRgxHsO6XRtKQJ1vJcRhqqkVWqa9fr9BhQINjfw5IINbHE7UaJGAJP
2021-02-15T22:01:13.611748574Z,2021-02-15T22:01:53.830803000Z,728 Vor997K1UPdsrYdaKVAa42C9BeDyDNLom9wVywLn0OfcbRvLO7lKxSz0S95D
2021-02-15T22:01:13.623247417Z,2021-02-15T22:01:53.897148369Z,729 88SF6FsN5LTPVW4CXq0JmHBGrQRX8CpCnJ0KIveew4CPJ8hoMhMaXUPViNIg
2021-02-15T22:01:13.634467256Z,2021-02-15T22:01:53.964594853Z,730 iSPcWkHp5S50AbZY69HhLvNAMNlTCGZfk5PyZDSRzLntJSm05Vrdjy8cdknG
2021-02-15T22:01:13.645399278Z,2021-02-15T22:01:54.031377176Z,731 qXkt39W41641eUQVfatsMUeMVJsKgLmKUSPfuMEpvhxpN470nfzpz3lJYjKg
2021-02-15T22:01:13.656898848Z,2021-02-15T22:01:54.103150967Z,732 ouDjMSuwoYt3OzORYqLtOH9C1YzsszLNGA7x1skDEAK6tFuyodS2qCMgpygw
2021-02-15T22:01:13.667436497Z,2021-02-15T22:01:54.169406650Z,733 vicIyTYbeAVQ4WS0getLcPr5Pg9zRPyewQdVLsDMiKZZxgIXAPGbmLP6Kdih
2021-02-15T22:01:13.679052368Z,2021-02-15T22:01:54.236902041Z,734 52qyt0wXGLZs9dCiyT1mgbT1WeZP9dy4v3ScNPyXSHZC70ca8tzN3vP0Ss8y
2021-02-15T22:01:13.690857929Z,2021-02-15T22:01:54.303703660Z,735 rC2IVw5aCughESK4shDtxmCTWWlLdrspc9IQEARPfPZCuU2FTinfpXxTctDF
2021-02-15T22:01:13.701737815Z,2021-02-15T22:01:54.368405405Z,736 HLdp8b4IjOrNAm6Qe1oc53BSHhhuH0EtbkBcTlQAoUuM6TCAuQ5YFeauES3P
2021-02-15T22:01:13.713154540Z,2021-02-15T22:01:54.435296192Z,737 G752HSgvNkF4gtdhxGU99CgPpaNNBL7HFfPwGcxpyEjxrP9GZv58UOcY9ZxD
2021-02-15T22:01:13.724955387Z,2021-02-15T22:01:54.500717511Z,738 LUWvc1uVfyzGNSrk35q2B1WKx6jRSp6t37mQM1TjhbinWGmkmepenmUdyn7I
2021-02-15T22:01:13.736719557Z,2021-02-15T22:01:54.570310068Z,739 9IuUeSXCJ7g6iRV9iA30YwgKoDCAAlkgaURxM44igPfetAzXsMM0fpIR8zwr
2021-02-15T22:01:13.747523811Z,2021-02-15T22:01:54.637106448Z,740 o3y0yWu7cmk1pK7lgZIVZID7oCoGlIYzUYMRGYCUKEGuqBWUsKz3e7BOGHw3
2021-02-15T22:01:13.758664908Z,2021-02-15T22:01:54.704050227Z,741 gl6At23FOtMcWnbBnk4vLS4kMnxhX5XVtbut9FbPUKLQV22V0rRCf4qkNV7R
2021-02-15T22:01:13.769271602Z,2021-02-15T22:01:54.768337035Z,742 Kv9mny3Uq19b7oRUgeTABkEv0uPoDILNXFfwt6ohzFdM9MjAXUKoKmssntSV
2021-02-15T22:01:13.780573935Z,2021-02-15T22:01:54.835063375Z,743 f6JUmtwNq3aE9UtZNAcfXzPBzjXnWs3iY6fRvvjh8IMyuSZTzdxEsQebJfgq
2021-02-15T22:01:13.791392275Z,2021-02-15T22:01:54.901126801Z,744 JWoumsKfaWgvJsEIq5XHQWGoc5VqmmClskRltBrSlX1pdelepy06O05Zg5up
2021-02-15T22:01:13.803083738Z,2021-02-15T22:01:54.967016652Z,745 8jn3Y7WjWQ6cRCLo8VylIRpNiSMiMJxOhTdySq7745YSQDkXrCRvzydQVuzU
2021-02-15T22:01:13.815171412Z,2021-02-15T22:01:55.033016585Z,746 5tt2QBKdzXP2mayB1h6Nwq9EY2VxxZONGa3YYLAT0xhGLjBMk631ReiioiS2
2021-02-15T22:01:13.826742388Z,2021-02-15T22:01:55.096631673Z,747 DCETgJC5uKxCZbHsgYXCmTeYSsznnyeMNXWqz65PM4m01q2IOYBDKLKhzvA4
2021-02-15T22:01:13.837703857Z,2021-02-15T22:01:55.164680488Z,748 DWmtI40F48ne1P0t7z3XsmRqC1k09yUr3cSoisDt4WTkDdRjV1299xHhFeFO
2021-02-15T22:01:13.850111344Z,2021-02-15T22:01:55.234071444Z,749 1MjhcKSIeQyTHSLJu45OcbZlsaYNJf3JpNbZI5E2etHiYEY6cVgp6B2yFxkm
2021-02-15T22:01:13.861682153Z,2021-02-15T22:01:55.300339863Z,750 5dzOv3wRSysO7KJmgEXDSkD8PX0f7SBNvbCbXIYkJfPdb96s8DAcIGzySnsq
2021-02-15T22:01:13.872367891Z,2021-02-15T22:01:55.365877458Z,751 dfiOuppUborHtGGgVSPa03kiluOVDPoRPSSkorflC3TRJECe48wgyhiFn3fO
2021-02-15T22:01:13.884363000Z,2021-02-15T22:01:55.430649327Z,752 H5A1Tjiy0dxxH0YKo9t0y5bzbOWIcCGgg1in7JwkiJzM4z7nlQKRR1CQ5Pkd
2021-02-15T22:01:13.895885136Z,2021-02-15T22:01:55.496866730Z,753 CV9WWD02b0hifNWV13pvvS9vbUM9bEacJWG3dI4XCROAchpsJEU3vdOHpeak
2021-02-15T22:01:13.906239456Z,2021-02-15T22:01:55.562428626Z,754 DyzWGK88NeYZDvJhQxwUxM4CVpmhiVWvhkg6bocND54UThjVspSZGI1dqctJ
2021-02-15T22:01:13.917585628Z,2021-02-15T22:01:55.627458232Z,755 S4hwygbIGXvCUXNTkMW6oCGXe1OCwhdCZ0EsCzF6b7XzQ5ek0cpuMIuOtpBu
2021-02-15T22:01:13.928289109Z,2021-02-15T22:01:55.697623539Z,756 LfuTvikScHQptD91aWK6yJ4UA5k5VniG3pHlhSmW8aspMfQud8wY2uxsTVOq
2021-02-15T22:01:13.939682200Z,2021-02-15T22:01:55.765426289Z,757 trDR884w16lOZoPsY9F9t1MvhB325nkbCLavw9ekd6GUGZST6wAdAlOYmqPK
2021-02-15T22:01:13.950515200Z,2021-02-15T22:01:55.831380358Z,758 TWRhNe8xa4ylK2HSNc6HbGZApmK5gh0Cp89FDjsoj43iNFihUG5mSyGjctJR
2021-02-15T22:01:13.961265373Z,2021-02-15T22:01:55.898037174Z,759 Tp02aFmILqE1H3tWy422S21W4G2KszhUJAGbJstqLNFNAxWdTAvdgIlc2i2T
2021-02-15T22:01:13.972442583Z,2021-02-15T22:01:55.963573207Z,760 Qb1XoaFSCbY1c4T1JmY6TVeWovYXOrwf0wzCYOJadsGC6sym2unZT6aVQusp
2021-02-15T22:01:13.983522797Z,2021-02-15T22:01:56.028746992Z,761 xBZO1zQRGrEJOZZePk9ws8P4jsTuqH4naFN8oNKfB5r2OYN1wF9c93QSwdVs
2021-02-15T22:01:13.994812397Z,2021-02-15T22:01:56.093851819Z,762 vj8d3X57JsGMbJagrdPzy1NVYnvntnX78VZcjOspzfLtJCACBYcVwVW6ydse
2021-02-15T22:01:14.006347449Z,2021-02-15T22:01:56.160610065Z,763 IXrbd5zSH8sxqkcTghM1dTNYaAhGMWEHJ79oJQpICSYEonXWIoqGAvnrPWcd
2021-02-15T22:01:14.017882852Z,2021-02-15T22:01:56.226145304Z,764 3tR7aPWL6ywQdRm6XOVRdozRiC3hx7wdNWchAEEbfMBKvZq5QAWbwcsXBUsH
2021-02-15T22:01:14.028455859Z,2021-02-15T22:01:56.293534276Z,765 4IfA2KUd3ligdABJo4aZvga45UqwfRY6PCQMUEjVHojs09q9j4yx1B0dM5Sq
2021-02-15T22:01:14.039819416Z,2021-02-15T22:01:56.359583538Z,766 oMrI7a1ZiJDYozqWFMHxlWEj8lyuc7rgbHz1Yc0R9bzx9Gkn5eHa4bwrDZGT
2021-02-15T22:01:14.051144391Z,2021-02-15T22:01:56.426498275Z,767 1Q8jDp687YnG722KFHvkQpEtYNIuBv3S0Ghq3d427RYYv8wT37lhg1W3hjMF
2021-02-15T22:01:14.063043076Z,2021-02-15T22:01:56.493664619Z,768 Rta1Q7bezBXK1jfYYWvvWytX9GMlsNuTrGfg1ks60nc8KON9tVIE2Rubg8L6
2021-02-15T22:01:14.073517275Z,2021-02-15T22:01:56.560023758Z,769 D5vJoiolN1tNn9mZdIE9ROEGRj1PLwyyGXbE3creN1PVsLmJ0kjSh3H141dq
2021-02-15T22:01:14.085068311Z,2021-02-15T22:01:56.625047786Z,770 Zaz3lr4uAiB8YFjzY8JCkAWXif6mvNkwVdTPoTXG85oiqji6C6dAx3FiVwyG
2021-02-15T22:01:14.095834654Z,2021-02-15T22:01:56.690404489Z,771 Zq6wAg9SFDRKlQWlJKzJfHYquVzF5wGW2kgN28R2iStSyfhYiZ0wGWomhJ5I
2021-02-15T22:01:14.106510971Z,2021-02-15T22:01:56.758219755Z,772 pPHSeiZyZ4KQNrFhDcubCHMH9ONR9oYx32CGKFgni8X1oqh66oWTC8sVZeGj
2021-02-15T22:01:14.118007199Z,2021-02-15T22:01:56.825003263Z,773 p81P5N5Pn2Yy1CerVAtUg4jA4QBDtECJU9FT1noWMQVr7d6SxhnqvJtShRYg
2021-02-15T22:01:14.128466792Z,2021-02-15T22:01:56.892368079Z,774 gHgfApZZx96p9UkkDrguD2s4sv0EghFUPc3CWfebvWrV0te20AbQkyVsmNiz
2021-02-15T22:01:14.139931031Z,2021-02-15T22:01:56.957879988Z,775 iKHxbua8MIkdxnSm0039UjFAiCNI44q3s6KSh4UdH3bUgQ1GOoXwemnJNvW4
2021-02-15T22:01:14.151128450Z,2021-02-15T22:01:57.024549448Z,776 10D21TbNpdVwsyaoBkixTCUAU8slydZuVWmkUdKhFYUznymIAlfYN0WQmDIm
2021-02-15T22:01:14.161892931Z,2021-02-15T22:01:57.089597329Z,777 P8PwJuOoNbvEjP3CHi3Hdjk8cqVF0qycHVyFQhc6gSK03Ga9SzUDMXexylaC
