2021-02-15T21:25:04.357996327Z 0 oeR75QAQQdGp1FOp6hNwUwy99rPaWEttXWf7UDBPF6TEgn0cWIRLOkn8pn5eAx
2021-02-15T21:25:04.426861298Z 1 Ch7v6BOtp3VosFEUy2Ai7uWCja104f5OJOXvywBWnTwv1TZtx5B1eiQToBdPOP
2021-02-15T21:25:04.494925595Z 2 WAKo4QwljDJJelLGDxHTVvc5wjTgs4WEy6na1xVkpYtC4eRi9u7tnsNhwvqGia
2021-02-15T21:25:04.563593354Z 3 iiHyQHXFASmkPtW8KZQSYxuQjsXsjFL4cRfBB5i85Wnf0fO67eSxvf95U8xGHG
2021-02-15T21:25:04.631582148Z 4 eNSJaT7hslClDq4hvXX3TybauosCHbnP3iTsKbkaJVVqTVgu9hBQO4zmHM4ENr
2021-02-15T21:25:04.699184669Z 5 YSW4H9qZoepkA4t17Kgi7xvVff1SOmiq6CO3cSwaDzHu2uAvZov6GpASoCqyNR
2021-02-15T21:25:04.767852781Z 6 TW8jTPPdVc6V3xRocD5YBCdSM6b9Nlk62dyFqy4TJ00lxYj3owZLbEldRqstJH
2021-02-15T21:25:04.836698102Z 7 VFz6uBrd3tpfchzb58Vbr20ttBMiXCVNTWb1mJiE0o7TYdMfYhu75iC2KVu5lV
2021-02-15T21:25:04.904321135Z 8 hM576httWbqOeR3gkp4frCaerzZM26fX4mavBw0pSnjgJ6aDduyTKkYwrsaMLv
2021-02-15T21:25:04.972785656Z 9 EYkG9Ac8rB4QmJTjxR9VXT8s4eggVENQ2ypqzEyerr5A540B7yiLWFJOZVkqv6
2021-02-15T21:25:05.041495680Z 10 edjypDz6bNA2jmN6YZzx3OxhWCXWb7413DBLgcL4exogcXTjif4ZRkXpduSAG
2021-02-15T21:25:05.109988261Z 11 UYJ1DczuAmsx9DSV4bvq63Le4e9edgy7Ju8tsaAvwXztQH2NZ5W1b8EZXDD7n
2021-02-15T21:25:05.178216559Z 12 6eIe40EayMuYUSm9GVsOUCQ6z3PKvhWRz6ihYOYLVbMtjLcXdujgJ2AyB26E3
2021-02-15T21:25:05.246918919Z 13 Z4oeZHpkWr4WT6xx9TuhGGfwsaiVYrEcKfzm0y0c6DhsSZFBV7gZRtgnUHOZR
2021-02-15T21:25:05.315920590Z 14 buD3nsKqtslpyHgtdzuZzMS9JTPuzm7NYMuIyOUYXF6Ih2O69j8ekExdFdmmb
2021-02-15T21:25:05.384533688Z 15 LJaGgp9X9J8NZyyP4TWmtcj5HjCioYgltaCyLNt9x8ZVfYzhgmtdPUkWbnGqp
2021-02-15T21:25:05.452671151Z 16 vqCYLO8RIrkZ6uHCzwIGZMPqZnf4TsrWlRRNQoXVtVdiH3QuBOaEs8l5PIUdh
2021-02-15T21:25:05.520521887Z 17 kvqrLTVSJnLDDcNyN3OyWeitmU0OwNNZfe4bz0erCkz4LWKlIkkZwKco5o4Zi
2021-02-15T21:25:05.588686686Z 18 m3NptOImopn16LDX1Aw0x4xmSbGdQNG6sc6WhNyEG7Dil81p181fas5I08O4j
2021-02-15T21:25:05.656696882Z 19 VFEtkOGvfFXi1e4sr9EXyPNfSy2Ud9yWb05lC5Zv3ZnOymqJPjnF00pgRoiLn
2021-02-15T21:25:05.724803441Z 20 MoJXR60nG2CypIh2SkOp0BTWhANddUrDj3TRFN9GiQJeKs1KyrupJcZGkCP5r
2021-02-15T21:25:05.792248692Z 21 OQbuO1T5g2DBt5JRwJf6LesAF9hDeeIIISI0NGOelQkVzFXi4tZ6pBxT76Csf
2021-02-15T21:25:05.860323848Z 22 6p9yuHAfP8bOGdGGoKbWfXmmmVNhywDs8SZTiflo6gqCWRnwKnJsuH3nkuVl5
2021-02-15T21:25:05.928584581Z 23 d0dHDrFpAiCYcfpxaRHQwdXitt0J7Eh1RfUFgqiLveGMOsVjbBnDY7IskRXaP
2021-02-15T21:25:05.996143959Z 24 aqLvlQ2ekzfz9HMtaS0VLMJ7Qkl2j1cz1VT6103ClfHd1V9fMFJaJ4QFYookn
2021-02-15T21:25:06.064209030Z 25 pFRYBlOimr50nSwd3qOPeEcxZ8AHtBmheWMOpJ6b9qdecV48lpawuInKqMnt9
2021-02-15T21:25:06.132205715Z 26 jTvamGuF0Euv7rw9sZ76v4bqBmXyQukGPEViWJwnPPy60BzSBYdYFYO9uuhOh
2021-02-15T21:25:06.200272805Z 27 OwANegSem6MaecuPngRdgHoZqS7y2GZHEDcLsaUDfYxjaNWUa3If6rlLqrgok
2021-02-15T21:25:06.268194109Z 28 J4oyzHKM4hbJ94WKkU3jnmMqG7d32U94SLeqjLkjSxgfyYY1RWlc9kEjJncdk
2021-02-15T21:25:06.336435612Z 29 uuPBSZIG173Q7FibcoZafOuLvo6NmN3z1Z683Sgw5QibCyIs35X7dt4hth5Q7
2021-02-15T21:25:06.404718409Z 30 DW9zqiqUvIn6b0ANSIDIUD9s5OBnQMaTAP3yzpzahXAktzRtpTYBvdZIsYzQP
2021-02-15T21:25:06.472848926Z 31 BwWTKKILXmJyKKmCCasNdjRNYe1hcozaZnTDbvMAmH3NJPp9JQBUORLAnJw4V
2021-02-15T21:25:06.542032313Z 32 MgkRKM1CjRo6tVUzlzgYD2rzGprN1Q8QboiHYLw4qH95ag1IrVDDY748rKr40
2021-02-15T21:25:06.610176123Z 33 VpsEHlWQftDUMttVGEyoG8OM5TXJYN8NmR5EXwa9yoch5i6PmSMyEi4ykFbkE
2021-02-15T21:25:06.678225723Z 34 lICPM6FmaItufj2qKQa47W8qGT28Tk49Dcexifd5tMACGM7VV38IKh5DauDJU
2021-02-15T21:25:06.746672519Z 35 zTHK17EOekJ2NnHQmpAXopOeGxZd57bisUSUlbCOgScsyaYGviyUm9eBQ7R9e
2021-02-15T21:25:06.814903797Z 36 cfoIWaXlgqMcVBcdUdinORE0wF37QBLJXeLv07QKB21xkOhJHVcRCVyMm66n3
2021-02-15T21:25:06.883718297Z 37 P4TaJqFeD5qZrdKrBI7AUrkToI73vXE5gr2vDQI4mZRWC8KPB4ab68Dgxp2Az
2021-02-15T21:25:06.952378401Z 38 Kv1ULqqFNx57rBxWRBjawyDhjEzSaO5LPs4AbtnHdVldmnyvTAEDOzga2LP0L
2021-02-15T21:25:07.020697066Z 39 YvRshsWVGLp20OoawuLE6JEev4XM2wjVBl8IjGWfqXaE5mo62tTvetstGeYIK
2021-02-15T21:25:07.088747516Z 40 Fj3nRP6P5z6qQYHaHWvnN5D45MoBw2TDt2VB4tf4ezuKaXIo0AM6ALt0uyxiW
2021-02-15T21:25:07.156439385Z 41 CSbH7A5ceqdmJoBGT1N9leJxYTAWhqcOEH23Ec3IpDFhriAxsqTU6x4k1tsM5
2021-02-15T21:25:07.224291244Z 42 8KFfpxdQlJg0hbUIthQ4JMwQDW7UOJGXGhJJmHiqPV419ZTmxjf1nMKN7Fj3P
2021-02-15T21:25:07.292193089Z 43 mzxFZr7R4bAt9sb6PcE0Sh7dkJIFkyvznFYfiNhbomVRJ2N8VrI9X8TKkIu2y
2021-02-15T21:25:07.360286047Z 44 tgM9zsrOkNPyjodwLTEWsiDrvH6cxN84ALCyDdUDniP0EeNMVSkSDlO2QxCq6
2021-02-15T21:25:07.429173218Z 45 zA5ucSt8xQ8s3wIUORN5XOdoMIiCzzOOzBUTMLEbsYyCRUsx8HOHXSm1ReA8U
2021-02-15T21:25:07.496566220Z 46 ciIybvOof3REliKW8GNWVK1aENCWfK9aNqVYHyooTRZ4bJdVsMqcOHvhJZZZt
2021-02-15T21:25:07.564323010Z 47 kk5Hr5mCX3x4GqYznfjk3vgYMva6OOwvtNAx1q3IFaPvgIGaiwPs1aKfdzTn1
2021-02-15T21:25:07.632501851Z 48 zBC2CS4yXOemoPR2yUErz11s0MoyRlgqZk4cCyq1Ud04QYTvJIA0tIWwOfCf5
2021-02-15T21:25:07.700774369Z 49 merj1JWhUHvqjP7e2rGfGiVJ0ybyb1wY1pSEuweTqVOIIskUMtfAxv6OB0GR7
2021-02-15T21:25:07.769719255Z 50 rEJ2HheeOiI5v4eIR8siZ8fqvkjT1burqVUIkGftUI0zdJBSYOKKhdw6GtBSf
2021-02-15T21:25:07.838002538Z 51 QANRGWdzhxd64lqmrIEOHlsxaRcPeDoE21zXG5aemFfpgm2OhZewqjqEt46GU
2021-02-15T21:25:07.906220604Z 52 mlOnPnq26UOKHRuWHV7cyGeqR74gvIub63IrluKvnHT9bklwnRrdRvtJNMKzy
2021-02-15T21:25:07.974295705Z 53 BkPVizEPjmA77ptncZ4fK9MWs1Oa2OqXJDrQkSxgpH8tsoqZaTvzETfRLpIiC
2021-02-15T21:25:08.043303090Z 54 epeRnrbdH0eVQ3fPNRkGrtTesme7rsM9raEr6cis8AxZ63JVFwU6lQA7U3DI1
2021-02-15T21:25:08.111189335Z 55 HnvPksAKm3fgq9cpgpSi3ef4kG0Xf8kNSY3DlA0jJO4OvNQW2JTJqkk115iTu
2021-02-15T21:25:08.179014019Z 56 xHDrVZmg3prEMJWOp2Ppdz1SoBbhQ5HD6eB1srnH7IS0Tqn1XhlGylQogRbmR
2021-02-15T21:25:08.247654779Z 57 NIaJ4M7prXdPLu5o0MV4EWePSH805xWFUAkIsfFwuHwoC1Lr3muWA38w4rH5H
2021-02-15T21:25:08.316548466Z 58 huhn1z45pSpaOEfa8FYNBHQzFVPy9hNHDsDquFsIeTxvLWXLiheY48insKmT6
2021-02-15T21:25:08.384343857Z 59 v96mWUbblecu2zDUpdYhwdtMvsJRllcqgEViTGM8TlxsM2yVRLfGOoMDbAXSE
2021-02-15T21:25:08.451969725Z 60 XcEb9MFh249Fg9f8WMV3BWZrUkJLnH9pOfHmnxwrVzgAAqrCs8JWkmia3Q3fI
2021-02-15T21:25:08.520322617Z 61 L3BgXEjESMuXcdQp1E0kEsLkFHTeoavpH0lFEz0ieSaVSAVI4rYfEZWIKSu1C
2021-02-15T21:25:08.588115232Z 62 SNhf0MvtI4E10K1dgqXpmCz4QqvsYL6HKzlA1HYPH25uPUkfRZVFd0gLrH1hm
2021-02-15T21:25:08.656730337Z 63 fcFV7T1njf5q2YNxvABMuIO4TaZ8Zd689xVeLsOUhIjRybdrfcqcEoXhNp2YO
2021-02-15T21:25:08.726023378Z 64 JLM5hdyhGe3w5JCJTCyDhm8dMQJOWHtOTxXVWjVgwlCOtBOwGzkNDQj8kJc4L
2021-02-15T21:25:08.794855770Z 65 oqkdbDzTn0WJ3maw9s8QMqPAh573FS2NKik26oyZbyU5KnmmPUJPWiG5IfYhr
2021-02-15T21:25:08.863218713Z 66 KQRY8CRp8UaoGePRLTXPqwujqRlajHH6iYXnW2L9dmWZDXrOhx0jvNbsGT0VM
2021-02-15T21:25:08.932104710Z 67 UQzXGfYKyZ9FH1Rfj5dMoRRtMQAHf48x0UXuaEtZhFxvLf4vtc1XPOLnhkPwW
2021-02-15T21:25:09.000266472Z 68 mmh8LACunTVBedlRHCCAjkXBuKnsr4lbJhgsgzWiKXdnPh2MsALuMpHCWyGGc
2021-02-15T21:25:09.068297570Z 69 7arN8OjPxlVFJGD7WV09oL4G3YgAspQOq6U348KjymS89mLbZ37PuQ5r5WF9z
2021-02-15T21:25:09.136685308Z 70 mmeuNSup2kTXMbpJ8xSfxQr3nkO7Hx9kKs3jdEguHNQx5EcQyChfeghhFXk0p
2021-02-15T21:25:09.204067721Z 71 eoJX20zZpeOFx6GY4qTcU5lBl5t1VRKpVdsK86c0cyPwENKC75GWsl1ga0ml3
2021-02-15T21:25:09.273146585Z 72 m3YuVRnBhgjQGukEkdtoLwg99Zg9S5oxYYqZrQGCVEQlsfYZdxov5LL4SY8ug
2021-02-15T21:25:09.341261704Z 73 oww0YpIRShzUoOYE46P5SwQ8SL5YK3qxj29Nfri6v9ZEKioBnMa6pIqvnvRwI
2021-02-15T21:25:09.410066545Z 74 BNipYEx4lm7TEg8vB2xGvhMyb66ozc6Lp7VvPHI30xHdexGGOdFkuyfECdwdH
2021-02-15T21:25:09.478301360Z 75 3szdjpDujsI4efahonLVvNrVChADsP97fMGTQ6TiLIeq1EJkrxHaeSygJ734K
2021-02-15T21:25:09.546240190Z 76 lDFDtOyqFLj6z3FpFFBRfMiSXCSYE82nXj2Ruxt2ns3Xa0hkLq906s59EGMGG
2021-02-15T21:25:09.614196936Z 77 PGU2Achio9OVpPFksvzDNbm5q23Pfq1XQdUinaXZrExzR2YQg8nMVW76lVqBv
2021-02-15T21:25:09.682669318Z 78 G3bgWJnwBFzfMcy41JF0b0Io1ex6ANjDav3WszpamnaMozU49Z3MERS775iq3
2021-02-15T21:25:09.751496896Z 79 TBJ5N9qr6ZTC8JlqqwNIMuGulico3b8KeQsM0EsyoCn82W3mtvQPcVGCAS63t
2021-02-15T21:25:09.819294888Z 80 MzJ5fEQFJJ3voFYAojOfoIW9TYysZUY4A1JXrWhjbvmPFchakUsyZu6Vk7XNh
2021-02-15T21:25:09.887998185Z 81 OqO2Ajm9RgZDQ8ZjDmWzaNp8G7ZZtvAdlhkoFFljByf5W4cTUvYFMMJN1Shcq
2021-02-15T21:25:09.957141582Z 82 xyimo7VoYFfFQ0vxZHvXUlH7nV2zfwnDNBj1eLFAjrXoXeZwT6ri7RmqYtoL2
2021-02-15T21:25:10.025733135Z 83 KsYwjmlA0kJoyGVk2qw4dtKVDMOQXwxZ5q4ArEG0Dgff9WUKmLPiLmdEitcQ6
2021-02-15T21:25:10.094332380Z 84 yoYdWbMuUDn1b0Vj4mMfB4iDyTlSlErmtsuvdAOcn8q5vfAIVDij29c9MEx4K
2021-02-15T21:25:10.162698241Z 85 dQrpQwqk1hU4z6OsmbQ8WJ7g2QdgQ7pwRNYcGjd0ctrnMhNMw0oroNzq5VLXv
2021-02-15T21:25:10.230908125Z 86 oX2qxt2Ovon736JtNNu0rWjbzpBhSw27fPKNqHeAyJESpJ5UfXf5Srb5cdIdq
2021-02-15T21:25:10.299919950Z 87 YPfQKJ3lNwQckjxYYheLRGQGt6XmfKEnweJOXLuseCsd1wIb9LMf6x7QpyjeI
2021-02-15T21:25:10.368614939Z 88 8oYsGVeS4o0oA7S5jgIma1OJL5YczHKQfbzFPupB8Q9XusSHo3rfXmGh8lHNr
2021-02-15T21:25:10.436589135Z 89 oHVlK8G7q9mOP3rNSoZrKM4VPwj68Qb2zDxKTevzyGeG61FJtLUoBV3yuhdEs
2021-02-15T21:25:10.504504105Z 90 elhG3rMf95NyrZFMXeOTvDbelfds2btxZqTo9KbZkw8qoY7FCFW4wOiL1F64H
2021-02-15T21:25:10.572300638Z 91 xbhysXbp0u9LiLRgvmFU9xfHuUyQvnEuC6aW6wLfBN3diovM6jYcub49FuSgE
2021-02-15T21:25:10.640186773Z 92 vSVlhUBuDmJ8zG056MG2NBx45Z9n0NBaHvK0Bvy9PUbSRYun7h8gB6ZATr1in
2021-02-15T21:25:10.708535734Z 93 PP0mkOEZgOlrpOMN5uIbhdM8IPgmp0MaGa7IgOFfOL5zxjSLCPWybsB49ls4V
2021-02-15T21:25:10.776253412Z 94 1iuPtMhkZvtxh5BzW50uECh8nUSbCLXWXhMMEbg5L7kyjqrDW2wnmCxm7GCSO
2021-02-15T21:25:10.844435503Z 95 fgZqZbdGiwLwnsIIXMNffSDsgr8EVd96Ws6lNzevKVK3vdyA83rEbf77NoRuX
2021-02-15T21:25:10.911888941Z 96 YHicx5KW5bjIyrpN2ItYpFGvy5oYJ5Uj7UuSgnUJSqrJySjYkdiAkvnGw00Xd
2021-02-15T21:25:10.980297275Z 97 36TAwOTaU937VSo8UoKWppukzmuyFMNQk3zGFq0rJ0iZdLUaRlvJmmuVO4Y6E
2021-02-15T21:25:11.048367377Z 98 aVgJY5vh1iqPU7v8baD7fy42YymFsUIjF8FBbtD5spjCZXqONly0nYkHxCP78
2021-02-15T21:25:11.116620340Z 99 sOmBX7CWqR5fBqZ9VgPfH8f06hehl1xZkucKZ8dhsefLGlqpTGHfx8NIgx5wR
2021-02-15T21:25:11.185125731Z 100 rWkEP9PC9epVWd1siyfEtbT1CXyAvsnqlp7jOr5p9XtJPP74cJvFhFoK03Qx
2021-02-15T21:25:11.253318910Z 101 MbCYYL4KY1EIzpJURoH4wrzAmvx8srl9YqCZQtocIe0uy7YEHfHJOiyWKCp8
2021-02-15T21:25:11.321405080Z 102 h3VzmbFhOTd4OmNHlzSxnBYjV48TtqL3SaeCrsKQyMbKaUN8ivzmNNiRr8Dy
2021-02-15T21:25:11.389395864Z 103 R2OGly5mEkedHFHYcKf3NoCLxHeO0bmgrc8synZyY5m3TailrGjxuHSMX3w0
2021-02-15T21:25:11.457369550Z 104 IhauboexBCm77CpYmrwp2XQEiSXKaQPHTOihdNe4L334TYLYyXxx1t0drceE
2021-02-15T21:25:11.525652933Z 105 kTpH3sRYzsNPnjdmaF89pgbz2IwuiyS3vcx6v9lT06rXUowY8bpGc0xzAmCv
2021-02-15T21:25:11.594052478Z 106 92iCWRrbz2DyD3LBZsLZQA9gtltOCR7AJz6jr20H2cr2Bcpnytmk7HvNnmeS
2021-02-15T21:25:11.662568713Z 107 Mx9vZAaHnEh8bRgXtOYPNgbxdvB1YbvZxjkVI4Of40e5SY7vAdW9JIe5t1f5
2021-02-15T21:25:11.730800906Z 108 GRPpzRinsMGNh4LlHn1kd1lbndfbMpcjNQcthyyaBruU50FMbh0Ixed9YhRN
2021-02-15T21:25:11.799984392Z 109 xa1LAtmNQmiMHvLjeNmwb7vm89VDvYHTB0Pl4o887G6dcjS4xYBC3aNOdEUO
2021-02-15T21:25:11.868925232Z 110 EF4RqX6anViTfIaYB3VkcaqjGz5OCyBgYGqMthgS3q9Cr6R4nswbStJxYit0
2021-02-15T21:25:11.937549538Z 111 84ynYTfyrt5MCsjkDr8H08oUz3h53ABmbITOGWHwVMcMA3E6HQyTRinSEEim
2021-02-15T21:25:12.005870570Z 112 K7HoxGL3sxvR8H6uiEynpgJMewahElr2PfYux3M6lCYOEWwtZBp0DOSPGIbU
2021-02-15T21:25:12.075003898Z 113 cxbcaKasqUqWSRvuwATLzz0SRUpTk57z8G6iycbmyyS4oOxeMGr64Y34yWyJ
2021-02-15T21:25:12.143441745Z 114 KNSzjv1JgPNZN2dZs80XnmqpcneHij1a3XKHkHjo4dGdeHT9iSPmKiIETV1R
2021-02-15T21:25:12.211245755Z 115 GUOXvVIIKo8TWCAdwSEUfL8SXVcZWlfiCGdS8sDjNnY8Hoece3G6PiFjJdwz
2021-02-15T21:25:12.279988691Z 116 ytv8EhHscoKOtUQlIh6lOxoUTFNxVxR3UujD2YoLrV1WNJuKtemluP6V9hQJ
2021-02-15T21:25:12.348846307Z 117 Z8SDcu2vITo2aGTgNiAtEZiAGAPfp1iTkuFqY7752WpqCJ1rgq9WSkS26BML
2021-02-15T21:25:12.417877749Z 118 tFESjoalqVAu8Q8aOI6Twcfzr7TbfmRTZER5cKYn5mnOVklK8aqKKJJDOiZo
2021-02-15T21:25:12.486234715Z 119 hlvxbgmLReqMycMPoALTtr6khqGEGpLTQ5N8wWCKQPaz1aq0Iuyp49lEMT44
2021-02-15T21:25:12.555068224Z 120 2Lqizhp8Y00myTYzMHiXBNZpUy6bAaL5lfh5cDyjzc0b6kkk5AyhCyslbAry
2021-02-15T21:25:12.623838359Z 121 oiu4gK3EQyHy2ZKFC9jmdtnnEo0l9NGF456TiUB9zggkwiHldB33jnJ68vcJ
2021-02-15T21:25:12.691651110Z 122 jwh7sVuwkq2lDohItVfvTvfOFxa373xXgcPT2GUzeXd7LVDpj1XMWGPE6ThO
2021-02-15T21:25:12.759908669Z 123 icZ7fj6f5AAnr32l5SVA6YCt0PX91K0zfG8FG7d5YTEPVstgkvRHZhGBVA0x
2021-02-15T21:25:12.827319386Z 124 N4NzrQnIiX7JjoaDGjqQlPRRIa4bjdrcpCWBmeLTdNCGExJ3DO2vVBYInCVZ
2021-02-15T21:25:12.895139992Z 125 hrpZPp86wZ6DRdFFTcLhAhPNyhw7r7gDSxPwUDKxPKVlrgqkGkYDWuM0Ev1Y
2021-02-15T21:25:12.963300843Z 126 l1VV9azVy2bBJQMBKrHygQFDE9TFk6H7QYR1K4i09BwGkNMu90v3LXieD3oX
2021-02-15T21:25:13.032176320Z 127 S1SIUpFmVzfNw447jigwLRtScvWs2rSYXRsKcgi2k6jdVzvyBaPLzmeUun4n
2021-02-15T21:25:13.100719433Z 128 mfyOlsTf0SB28E16Y1Z30nFILLiTPTtCcM5iZWFYddu7mspbqP1ib0DRS3PI
2021-02-15T21:25:13.168072642Z 129 RZHShzQxbO4o8siGWt2pZMoUOW41tbIfRXcNtPlSiwf9ICZjZoFvd6imlpuS
2021-02-15T21:25:13.236068230Z 130 dCWQDoSayp0FsNimfZpOXYarYO5VUZDonp4ANW58NaIHaHqhCg7ldMlF4LOg
2021-02-15T21:25:13.304953707Z 131 2ymWNJacCLozHgDgUwtzFl30OxQjOWdfRqgQM9TafMCLd8j4IlvciXT2BAmF
2021-02-15T21:25:13.373506376Z 132 CWFxkz8JvwHLfHqq0chobIAxIgfj4G9DRELicgZdnV94Hz4HeIucZGxS3AE0
2021-02-15T21:25:13.442110696Z 133 MGyUuSETjoBrpIIKranvSOYtco7Infyin6vBnUB0ySFSaMQTBZLehKIER7MT
2021-02-15T21:25:13.510348166Z 134 OQzVEHb8VxxU7PkT7DeNOPv4DQXs8HVgpdROtIHLeDssiuw2xhTTyOyfZVvF
2021-02-15T21:25:13.578104237Z 135 XxIHUG4gb0fQLy5VzTa5hIHI0c7rmRZRltXwWTBraPuavnMzoifrf1ZR7ItC
2021-02-15T21:25:13.646188588Z 136 kzSjuJn2y4D6lzNyHMIwlCdoEm7cegrwVJOZRsLidx6zC24HpPBjVT8J8zLd
2021-02-15T21:25:13.714220148Z 137 zIPmQtZCdCvtYvTwckRCqxXX5pux0LJviAV7H2ibT4Q1mmE6kylpQZDH3o9L
2021-02-15T21:25:13.782159920Z 138 N4OAefTCm2eT9muexHDvcHnwHxUXcay4nfntWwhzCCboOF4AmxrjHG0mQs9b
2021-02-15T21:25:13.850106496Z 139 adHZbwa0m3u02DEK2SwJqWH2f6f3eZUU6PG9BAivso2NggsPEhVGkb1OZys6
2021-02-15T21:25:13.918098641Z 140 gp683fU2ieF2ES3NjYh0OfIVxQi9ygZwztNJ82ebZXKxpovLXO1fqI5oJZGS
2021-02-15T21:25:13.986117674Z 141 zsPoqhUBLMGsMTx5FeCIY8GE0qEAIvzk3kxPE7FSD95wmvrFt0c7xIEv7E6U
2021-02-15T21:25:14.054230484Z 142 5NNDArBfezZP4X7S4IfqtfENDxfpFHhpHPoTbMdrpasVAJpeJei87YrMTncT
2021-02-15T21:25:14.122694864Z 143 1VfLXrDQWAciqHbdCKQHIBQpj3ZXeD56JJ3tWCOFkLbYwMonbx85FpSoZ0uX
2021-02-15T21:25:14.190568201Z 144 TNX7LHJzAguclVtt0C6oMghoprVLUAnayKPPzuHQQHHAh0Ki0aeUvf5Wrpxq
2021-02-15T21:25:14.259690011Z 145 2Hc7BHeDpyNwm2DTc68lOmSmtpT90EJPcQSDpOY5NyeO1IBUI44Ut59yWMyH
2021-02-15T21:25:14.327776723Z 146 1AQWQmb4YmgQkrpiTr8pj1v4vc72EnTJSqh5ZAsXW9tHA27PT5APcj6CXLmH
2021-02-15T21:25:14.396123527Z 147 kXCdo9GH4HChYBdxRgYfx79bT6YznZGNyqZzchky70F0LZQagY2vOkq0hFz0
2021-02-15T21:25:14.464292797Z 148 YdODLvVQ019AHomvpoZkhapHvvG6Nf6rYHA0exU3Wix8qKnt9sbm4Ct2DDGT
2021-02-15T21:25:14.533026043Z 149 Ar8QcX8M7oyVypyd2CDQOCDwiBskMwKqpCjmeXzcQZKAMUU9RrMfFI4oGA2M
2021-02-15T21:25:14.602126291Z 150 6sRClzvF6J0fQvVxZRDwSI2NKVi6c9PkWoamhTVIU07pmMdi3HwO3KCstVTU
2021-02-15T21:25:14.670136589Z 151 GqonUC0EGw6oCj255NINy5Euu1SSP3iRJUrDxSTxzStqSyPlbJvLyyoLXaHB
2021-02-15T21:25:14.738427854Z 152 IgWGcCBpq0lzTD5nUfXEK0OXnlKJJ8HK0sFuaPMd6M7gHmNPBfL9flDf4uEJ
2021-02-15T21:25:14.806393543Z 153 zR31KwCVkQi8b8OYb8lwBmATajR3YIc0zEBKGMiIptfpM1vPTpcI0tkCD21b
2021-02-15T21:25:14.874192653Z 154 SpMrGvt2QFFUhIAF57eU6fddG179SK5n3pmEmb8Z1PeT4OIf1E887XkaAqhQ
2021-02-15T21:25:14.942667292Z 155 JmznecgswqO1Aa9aO00iyPz5iYBV4uIUQhDQk5GLS58FJBCaO9sHllPI0ibk
2021-02-15T21:25:15.010931095Z 156 QXWPcdzl3WVQAT7gAfoHOaCTl88D71r3Qdr0TDJjCal6YtZfHCq9FgvNpXoU
2021-02-15T21:25:15.078990505Z 157 qq7B7nmMn7f9lH1FqMvYMw3E9tkpHVNAoxk3FuuRBmSsGFVtoDnvH0f9FB35
2021-02-15T21:25:15.147865538Z 158 Dx9ewvOiW0dtnqTGxBQVC8aMtxL32vq6nA2cyZ31IFDqXVJMNvR13xLbkdgb
2021-02-15T21:25:15.216424164Z 159 oOC6vSnWnowPMKH07GQbsPYOFeX8dB24oExZ4MNsNVUPafQ9IXSpqILdcSpz
2021-02-15T21:25:15.285040828Z 160 cR97w4i4Nu2Ce2zfSTLpceQh7TVakKkFRnn4Lr9hY1Yahb4QFdGVkiR1Om7O
2021-02-15T21:25:15.353877862Z 161 3DeJ0OusuPXNobLqmz4BTYtyHsiaRsBjXbP69gRRdatti6HaLn7NgVyOJzaT
2021-02-15T21:25:15.422859151Z 162 AB7YiiRIsrAHcY0hWKGTRcBfKKQd5ENHZbthEchTPkfUIixCXmOyU9kRFD8i
2021-02-15T21:25:15.491229624Z 163 aPoSLY5XJl5h3WlQKks2oybGtMJUyTtIIulh2TNIyevets310AWFKOyVL8en
2021-02-15T21:25:15.559684368Z 164 4aM4YtjjDrUYkJOAC6969alBpSM1kPUc1aB8Sd3p2JKIfIyOgSpTx35akD5A
2021-02-15T21:25:15.628299376Z 165 FEfc0UcmYji4xuKTBnAwSn3kfT7zAk9YTLTm7tJXwYPwYoTs5DHZVWYCGTTn
2021-02-15T21:25:15.696811950Z 166 OdPEzEhQCkxYzFz13qCQ8jMp8zL8LtG9tPkxkhhrHoOqOjwNnG0I7EgxLogK
2021-02-15T21:25:15.765537194Z 167 pW5VKKER4ivyH9nO0N91Z5HwTTcQfbsQrLBJSh28JONFwdo7KwI40l4F9uvf
2021-02-15T21:25:15.833714603Z 168 kULKpYKCWcjrLOrrRhgMe0N4lr1LLnOKLkKz88WQ3tmoLovQt1FLBliiOLEX
2021-02-15T21:25:15.902306524Z 169 zLslU0ZdC7cPlZLwX09jPtW2VOTkqsiAwsQYo2QKh6KNU0TI1MpCnlO28Pmi
2021-02-15T21:25:15.970195696Z 170 2JVOWi2Kq6iU5Ut7XFg2tY5GjCGisGujawBQpL1rZYO2bkPLoLrx42yGmXzU
2021-02-15T21:25:16.037993350Z 171 zxHU1UV7DCHb1azuDB9ZRz3yOvEd0fwFJkrEBYSf2WqigBV72da53uE83j0Y
2021-02-15T21:25:16.106545596Z 172 ycHFBx8HK4qXc1HqBSEfcKzki9LTHnQKvukDghrkVUQUvJ6DDjGAboGfJtfQ
2021-02-15T21:25:16.174260521Z 173 LJ2urHRPJsC7b3D5cLv6FdC2GpslLjcSYRT9l4LPLiWQZCUvFGbmyTdFXVNA
2021-02-15T21:25:16.242469989Z 174 vJAKsKBwfPwoi5uddSs8imiDrLLvPejFrQ5WBY89bsddCOyahswJUf6bQPCS
2021-02-15T21:25:16.310126307Z 175 KosYwlCPjKXwE4u836S557chj7dZ7MIFNggWT2np51cHKJqIvp5xoXHagSp3
2021-02-15T21:25:16.378092600Z 176 6sqDbhbehrs5NVnHutZboPursEPp03sqHtD7K3ndLREKv6jmSkjd7xuok1CS
2021-02-15T21:25:16.446665019Z 177 phqclyUJWskIlcnHgh8kiify0goyXSzlGykGr4wKumVqa2RhqN6ufc05PRhL
2021-02-15T21:25:16.514461067Z 178 A2sH8h9YcfPQ81X6mVkYqlLIwpalphRNbMg7OFgIAmDRa03es7dQMuw4bSYx
2021-02-15T21:25:16.582069268Z 179 xsmG9UkrlF5R8685htzoZfNwxHHRQIiDIxRWsw2ZN6g6GL6ZFDQwEVp8pGXT
2021-02-15T21:25:16.650795372Z 180 BGbhnPxzUov7388M3lRyo0t3RWlxVAV7zWGhiZxlX2YgtNfYfy9G5n6LaQvM
2021-02-15T21:25:16.719003593Z 181 R6ZKl0slziXhXgQT4Ob2AF8e3NUvzl49xWcn0XLCML5KnkLxtqDpXdI6sU9e
2021-02-15T21:25:16.787335355Z 182 L3BZ2NS2KxzWEZxs6rYwCy7JGhKrI4XpPUaDaAaTlYkKyWtjG88kfJQIqESy
2021-02-15T21:25:16.855301153Z 183 tGIteWyCjdhH1K7SyMURucQcRcpwAFIow6QQT8L1QoFBut0Yq9ZLvgUfRcfc
2021-02-15T21:25:16.923076683Z 184 ceJI2Vml1ywy8l3PdpXuZ2YcFzGRgltUsqDl7N0wh9NsXuv5SqTTJY4QcUTF
2021-02-15T21:25:16.991399357Z 185 lIeviS3hcFNWTrXO5yNvsEv1vTGJHK0946XJvJkpZxevoCesS8BGQegCZsbF
2021-02-15T21:25:17.059784431Z 186 0Xkf0CEb4wYLWvyQDmIdPeaMY2lZEmmFEL8IRWPq4rmz1qjFf4HVkzup6dym
2021-02-15T21:25:17.129281503Z 187 Gwevb8IzC61NwLmWrBuAonlEL20il9ZmM613gpT1OyGD40eWhtxthPbSO01w
2021-02-15T21:25:17.198099474Z 188 T5vN0mgELhyatcXfkAIM2th9c3ySQvb1f4FcwdJQHuBWJLmJu0HXIJZfWWqb
2021-02-15T21:25:17.267019612Z 189 0IVE28ugdZTLlIpC70FOVMXreZIg7NoyKiCbFhuhMUzsr9zhbvNVanBDhA8a
2021-02-15T21:25:17.335125809Z 190 yx1TuMnplOhmVAOPIHssg5sq1UuH4FakrfLEKBfHsZcifK8XXZKqgXLZaTka
2021-02-15T21:25:17.403491553Z 191 2ky5mU2VUxyEYVRgmvHijpeAi1fgTY9NGQUBI8r3T4N01a5x4dCKcy03kcRn
2021-02-15T21:25:17.471484589Z 192 KwRRgqYehvADGDuWHHxWbMNRBlAK4FFOT6wCrdp63ezhoCkI6hRUbd0mED6W
2021-02-15T21:25:17.539393841Z 193 RVJfjah9RhOXjD6qwns09zoejSeDLXFutPBvHGwnh6POCiUdv1B7In1seDIf
2021-02-15T21:25:17.607453656Z 194 I9L9XrpuK0QWxuvlLTtQMhGK4hmEjpTK2qo483jMnzA4WpvQlTgBUyVkmgvj
2021-02-15T21:25:17.675549316Z 195 yfjW4Bm0gw5d9tS4L6mHC9wHRqPV9Hchx03ArVYgbmvWzME5ZNP4PHGn6kr8
2021-02-15T21:25:17.743290494Z 196 FR5D2PvBrZHnBTGt0jIQoEBw4m2pHuZOS14NtlcabEDFxAr5CgzMJ0TeW0Bx
2021-02-15T21:25:17.811091131Z 197 04ujEjOppjucwESENFJihZ4hD6k3La2CkCVPtGkYbyPGzeDkkFAekioRptaT
2021-02-15T21:25:17.879712744Z 198 VQgPSf3SIrJcLh6BEpCrdqPf2nqOo1YUv3XarCvngt9unNGZJntn77sIjoSf
2021-02-15T21:25:17.947997002Z 199 NzRj4wnBh6jqlKAZcrtZL3BBPiic2Nq5mRR388L5Mx1V7xcafKHREMLtNbwx
2021-02-15T21:25:18.017053072Z 200 nwF1XnejI5nbLcs7c3DdWSAFG98y5M5plFYx2p2Z7LXogzRe6LSp6kYqTLq4
2021-02-15T21:25:18.085153340Z 201 P2M0u3TmcOhdowHj82CKh7zc0a92mvpQLuMRiple6ZY9D3LCH8DiGly3eMAV
2021-02-15T21:25:18.153211690Z 202 L7W2JAHl97oG2oRwWCI94QnucWZEQDlorQrXMXBrpOp75GwOACgQeTnMPin2
2021-02-15T21:25:18.221973665Z 203 C3jLYk43JQkJ6U8PmVxIZLTx7tevT5YBkmE3y2q109V3Oy6ad5ijpT1KeWnq
2021-02-15T21:25:18.290596693Z 204 k4NvE7XXynl5go8jRjPlY5Am9jhKQaOxyZrWGjm9VERfQrhcGzqHOow3ThJZ
2021-02-15T21:25:18.358387163Z 205 WAUvQ7OcgwEXi0oEPMHkpC0d3XJzhYOsea30aa8WmZ59jRUgVlSglVwj7rqS
2021-02-15T21:25:18.426065119Z 206 0ZqvLEBBJpsYwlC4HuByfeQV7zo96k1KRvkIWQMdgKI7OiNmayRxgaqEpLjP
2021-02-15T21:25:18.494335559Z 207 gcZGj3MijhOjdaOevoOrFgwmVsiwOqoU0b1Cm082TgXW98Ms5dShEGHth9bJ
2021-02-15T21:25:18.562506774Z 208 rgpUzIrLX3NtCEVfjbgVbvHXhcjzP5VvCuk8t7vV8GWvDshjjSLGOSW66ZKw
2021-02-15T21:25:18.630166942Z 209 mLliPbgV9jz9kv9VGYL8m9BlMT3XZrvuAqV3RAJDwREeaHDft1HsRUlYV0xa
2021-02-15T21:25:18.698632156Z 210 6EFOgOVOXRlpfr09MxJSRGsHOMbG7xZQvEpM1DKf9nQ3ekn811l5H6BMjZQ8
2021-02-15T21:25:18.766670660Z 211 figBYbBo9cutr34sFtBZiQPar5kp2LGPpi6yiT7YXA8UX4BTlrkyG1hgeULL
2021-02-15T21:25:18.834222913Z 212 vYBeYWuqcmIKkINoPfxDyfU4a8NmWxZdZZmut2KXKOqrE5aKPNDB2r5voxx2
2021-02-15T21:25:18.902113881Z 213 ewUHtOsCzJXfSIHErnH7hkrzBWmkZ3VGiGBfo5qP1rwJj7fQiVgbVOsytZpH
2021-02-15T21:25:18.970644740Z 214 F310k1qcC7YpLgsd0fnuZQ1d3k6ItsKzDRn1GvoGxJsdKthoK11XjaY4u4AK
2021-02-15T21:25:19.038553394Z 215 KtpO5DUIObRLvOkZI3s6HBbpX9KfINVZirUw1WeMhp9n7RTzQq74CA1PUXm4
2021-02-15T21:25:19.107023237Z 216 XVAkEG2PeApsBv2ObsCZtMgRoKtKsch1HykHPO8g1ytv5JNPpS059fE0k3Gp
2021-02-15T21:25:19.175997648Z 217 y7gDXBxbTX3vuU9mwtqg0J5VyJxm0PBwYTem82ofDvQhUoiyt9sRIyrHJxd5
2021-02-15T21:25:19.244901856Z 218 CDjisvYRpab5cUtXGqVjjgjyCjR7zPqxC4sqAAifD5XqPIIFLyqgmRjXiovb
2021-02-15T21:25:19.313073805Z 219 q7HR7u5NTSnvaPygw6R6K8bSkiaAt0Wl8eao2MngVPyEwe5GCWnbWLUYZsjK
2021-02-15T21:25:19.381160610Z 220 5SVjAkRV6fgGGQaIydrzfbinaP4jamEGLOP3wqMFMdbkDQm4c2xN9xVzRhqL
2021-02-15T21:25:19.449318859Z 221 WHEgeDYEivGbVxllgI0OT3bMj1X4Mbq72zTZQYrhj5byJVZc7IUxJxAoZdeg
2021-02-15T21:25:19.517369369Z 222 1Y3rnx445GV2go7nxubWZErQwSY43v2KrFztREPR83N2bLHw7m3V1g2AMdoL
2021-02-15T21:25:19.585368489Z 223 lfvwRg2eBW3Fu8ZZLpVmGfwoBfkzY6Oy1BEXLexznEwKIcrG7C2fkRl4BPYI
2021-02-15T21:25:19.653239399Z 224 eUnRaYDrbsQpli95cv1qa4vvWFLXuCDkEFeulb7MBW9QgVwLy7fqXsHJUIqn
2021-02-15T21:25:19.722304558Z 225 nCka76xB33cTvel818kXjMUm6XbAAcETZXosM99zwMTgvUTu5U2VtmgRpV7h
2021-02-15T21:25:19.790874188Z 226 beDrjJVvboEuWZ3Qwx6MdRCVUh2XQCHy3Y1GTmsHOf42PpuyeN85fUJgpWuk
2021-02-15T21:25:19.859874629Z 227 1cCK6zcxQe4GZxufLZvQQuTMjj8bEPK6pGK2xfOJTzo6p7tOKO2ZkvShhK6B
2021-02-15T21:25:19.928791842Z 228 PmjaXa1MnK7Y5ngPRubEXf2eP0jd62M7yk6Bsy4J7FIXULXHBxs3h5HbeYGz
2021-02-15T21:25:19.996684632Z 229 Q4N7cquKSW4y4scmmGgnvKdAbUSNVnK8NsK1PcLSURP1ngy8zxcRa2wRxZEt
2021-02-15T21:25:20.064589626Z 230 e9qofnYoxd0eXFpRSDcejzyEsDQXRzDfoKQYY3QmaofoCZgT1wHWRFugLP7Z
2021-02-15T21:25:20.132800789Z 231 4qM7KZB6BlpfI2f3hdKg8q34mrjaXnyz1b19PAtgQUfzxxK5kG6jJSO92oY2
2021-02-15T21:25:20.200808057Z 232 2uYy2wSaB6HzCLjB6c1kZZCcqk9TSZWVl9V5ppNGUwTNVADZzUjxSLDV91rX
2021-02-15T21:25:20.268941830Z 233 KlHRaNPoTjPsAR1y7ICKr9JjZZzRVlWLY1gPJoAPv80ZeLQpoX7lEQc23hn5
2021-02-15T21:25:20.336905550Z 234 eXguljxYpHHnLRoMKHKQ81QRFf3PcVV9OfWo4JNAcCVlk349CLJrIDPLfEpE
2021-02-15T21:25:20.405315727Z 235 IpKRqHp6ZIUuVWi29FP5Q7kRysBaybmCLcFmRT0u1BidWOK35ko5Y1IeQVzp
2021-02-15T21:25:20.473728921Z 236 AmDGetbNunaafgtSHfC1uI4aJGD17PDJrCycBXok1hZNeCQd6QEcOIYAGdvt
2021-02-15T21:25:20.541818166Z 237 jKTKFaKeSoh2OYgy5rGv4yXgF6jnglFJqFn587oxWeBhBjM2tnqfxgDKSUgp
2021-02-15T21:25:20.609698638Z 238 5qYKVZPQtaebjoO67qMmUBoe8HFa7bS8H1RZqUgzzgCqKgvgtvjyYsu4t6i4
2021-02-15T21:25:20.677890534Z 239 hNAYuraI6FjT8E5Chs2MPTSIX26pkxZFsGUU1yWOAfmQ6icVw29rKDoo9NTc
2021-02-15T21:25:20.745161262Z 240 DHWdYU02fXdIIap5RVFMGNtk3o8yFWJuEKd7e7IFLusmC21IHixnoyXUNfoi
2021-02-15T21:25:20.813254807Z 241 PA1kuAX8UG0Lrc7EiBRLjdPY1P69rqLcwnbbz6xH0gwvJzFtI33eleQw1WSl
2021-02-15T21:25:20.881549406Z 242 0rQbpaaRu8A3sUkJxRUgAKdPnRRbXEYL4jf46IMRdT3rB077YySIylmKk6Tt
2021-02-15T21:25:20.949543186Z 243 pyHw0OjntW30Ay1WEuSOKCIdnb5mPCGQZgMvBhLLER0LzlhikCGpIOz7ZkG4
2021-02-15T21:25:21.017324585Z 244 VVnpqqapQBdjHZhT2UzvzLvC2JFxhMWY9GbG1IxBDt2ihMOxEcqWCZ3ZR05E
2021-02-15T21:25:21.085529890Z 245 ceBuY5OjHlhj8QaXNxo8veuHSBnonLV4x1pCwFXtoBUhRC5ggPvWRlCWxHUM
2021-02-15T21:25:21.153900893Z 246 9ZvXwuPpNbLUMJNk4ib4ZqrlCvO6CYj26wHpcNukh3kvOCDhuCqrVZd8AsCw
2021-02-15T21:25:21.221932730Z 247 qJJ4xkOYZ7uWkVik78VGatFgOPBTgfK7cjwAGLBrQEqV8XYbtKnhIsD3If63
2021-02-15T21:25:21.290912677Z 248 9PfpH1aq1NX2pc9IbJhoXQYo1n1hviEtipTnNG6rjPCoJvUlBGbW55wxVdVb
2021-02-15T21:25:21.360055160Z 249 fN0Dypsu30R4CXxBtsN9En1oGrVSr643djOtSv2Vv2NZXBvOTbNA5ICJ1bAF
2021-02-15T21:25:21.428303132Z 250 notSB96UY0T07bj0KPeccKCU7wC5VKgeYE3reJtFfPNWuR02IkDzQSd1PtyE
2021-02-15T21:25:21.496417593Z 251 6E2GzNgVGSg2R7hOqg4BY2ibrsxl5898uAWj11evoVulnpMoGT8muhNeDJDD
2021-02-15T21:25:21.564921749Z 252 j8UAomVKNFq0IDr1OIN1vhxuvWbztkCRt8c1VHBTPb2wtl6d8jZtqilwFxCI
2021-02-15T21:25:21.633824059Z 253 z5a0qgmgOWCW3DP9Im6YLsZTtzqCedvdZ5PUtIzsg5MOmF0d1gGAjBMgzFGi
2021-02-15T21:25:21.701483982Z 254 qkrG1MWnxTgVRpfVtFnpQ1XaNPXYPQVFJQvGT7AYMXPSvsIp1NS8ab1NJnkN
2021-02-15T21:25:21.769731091Z 255 DgFY0ksIlDuXCIcEJMEM0IDRrRx3ltupfFkJWFQVheMH0OUMJuxyaknXkgx7
2021-02-15T21:25:21.837108406Z 256 FAGGBf7PMosX2jjqGzym3WmN0bAWogEc7iq87iOk5OxjXEhTTGqCHqSdZMC3
2021-02-15T21:25:21.905288622Z 257 W75BFVaR42ITNqTgMmSzYGH3iVbiS1z45KimMtA57YyThj45mnDpg3EaVUpO
2021-02-15T21:25:21.973590753Z 258 Ut9H2W8s0nk6kdV5aXXv2pQukLeOYSryhANYO2towkrEMBMsjGfVFCu4rIvK
2021-02-15T21:25:22.041905810Z 259 EhgXbsgpVUIBvxWw4XvBKmUkxHuw4xvmMKLjiJ6jn7bhTnUi5qOmAFFJ17jE
2021-02-15T21:25:22.109373030Z 260 ghvpjShW86jbthnTyp91hFqynqvGpUvUZGUd8nb3l7EvhBkr0TmdKuBICChn
2021-02-15T21:25:22.177449138Z 261 BnfZcew2tMR03hDsp2c8262IeAiIPgDdqkoH2Ul4k1PiKwVrkQ8t8ZpEJKQZ
2021-02-15T21:25:22.245212525Z 262 reiLu5oWT8PW6asEbg3yBcMT5O3eqcWPFMI89H28SqrMc57zZBj6Wn3eC06R
2021-02-15T21:25:22.313463878Z 263 6EAqCT3KZqXLQe6eRQLGsdab0EthWJYwNE2S6Qg9wAKQAv2aMN19H4TUMpQU
2021-02-15T21:25:22.381690927Z 264 DUNf7Q117GfwL5YQen9vPo09hlIVcQRWxvErRQYFiheSBis2CT0xt2xV8sOt
2021-02-15T21:25:22.449710327Z 265 MoSpNFbTF9kPaT7ykA9heHMkHUKdSmjR1fgUKIiiKU6d9CSjHppf0vbo3sGf
2021-02-15T21:25:22.517329220Z 266 24GQwakULBWQOUlFCzKRBpoMfn1vbg5h38AwXB4Qtn6N9phvMGh7Uk00MPcM
2021-02-15T21:25:22.585528041Z 267 3mGCAVS1hf8zNhJpli4BkNTgvk3rHoBeizJtEjn9oYqhXIxH2OMR9FpEia80
2021-02-15T21:25:22.653254979Z 268 GATageftzfAav3zXJ4H0XN57dtUViFLXCniJyWaXKWsxb1V3YoDnSM8Sd6BK
2021-02-15T21:25:22.721353121Z 269 qVlVw5ZPB6A4iL2pMin4PUlOvNPdIo8XllJBQdyTrUPQwbh2OHLgJEbUoIwb
2021-02-15T21:25:22.790123940Z 270 eV94GlgsDX0BRyPGHUDxymaXaU9i3UJg3ieisnCHak6zyQreVYwGe7BUXUUg
2021-02-15T21:25:22.858378354Z 271 dVqTHFjO5ZCJhii54zrDEwlfmcRwaaHdgoz6E2pL8ASq9cVEeDLKkkVsl98X
2021-02-15T21:25:22.926209332Z 272 zePRJJR69E8esrTEQdqt6a6tCo8kSMgUXBcli4ePG27CbpWvfMNAVloxAG5R
2021-02-15T21:25:22.994193582Z 273 QsSixOmivbxGEZFk1BqXvffepWAMEdds3nChMd6xjZwV5JEz8QtWwaYjsUnK
2021-02-15T21:25:23.062532102Z 274 X6MMrwUyd9Jk3qYT2n2WeaycAtARruh6tdeRcNqluVvJH6Wqwc1hXipFrNsf
2021-02-15T21:25:23.130684526Z 275 tWKVZILX5WI3ufcrF3h7FWpYvsE7bEODPfUhusqIDh63HokQCZrOIIigThjN
2021-02-15T21:25:23.198325447Z 276 V3PuYLEj3GKtzovEKUgYDnwoXzSVi7U9nqHn5UGorOSFRAlBuRrRYS8xqWyg
2021-02-15T21:25:23.266322857Z 277 S3ADTOJUDoBmfFFMijZARSz8jdzNgdxzW9sDK5WTpDFpLIiexDzbTiX83S7N
2021-02-15T21:25:23.334034754Z 278 RJjhp2I6Q5i1vwNFOwMPETr2x4j8DS6WVVr56zhbwW73g4dWuv2GK528fzGT
2021-02-15T21:25:23.402768175Z 279 EB07myn75D34Vo4NlepW3uCW9qXIaTJFkf9w5a5bUcABadYNaOmpzR43RMCt
2021-02-15T21:25:23.470268206Z 280 TwqeiiMs2m7Bv2NXN7yx4SNlzqHVSiahSiYxoXEK6lEk1pKZuWgTXrXaeXdi
2021-02-15T21:25:23.538363647Z 281 8aanIAU192NegaVdunzhp1GqX40QvGL0q0IRVFkRCP34FrfhJkTj9zbiDva3
2021-02-15T21:25:23.606474200Z 282 4rpmvOxG01rrPdvDlCi9O7uq4DtJZqkcDockEwisFvn1i3ojZsX5WS74wZnB
2021-02-15T21:25:23.675667543Z 283 5E4QGgy4YkPd1wjvZQivx0aEjI0plrROugq8JnpMrTDbjccJjy4e6IvkLdlA
2021-02-15T21:25:23.744499963Z 284 o1i2YX18hxhztW2te8rVDof1D5pv3oUJcO0h1b2hto1Z7pgS048gJG1tJWrl
2021-02-15T21:25:23.811984458Z 285 NYyblHDxMfCv64VSARCNbzwQJN5raonxtKHmvYEL3pCTNuhoIBNXRI4jtY38
2021-02-15T21:25:23.881927663Z 286 p7E9aqCx5HlHSCjNT2NaSNxXmYxeECj3NOqZTAPQNHasc5DgU2CR9CB3enU2
2021-02-15T21:25:23.949880708Z 287 VD3KRfOeTmylSdoYBvbDHSAedezfxQVRTBEfADuJyEJDycSUzJ85Pfb3nyRh
2021-02-15T21:25:24.018397630Z 288 12bSs3vFch8AhgBa5Dd1agXpWcsB4foudB0jhpsDL8PlGSXrYJo1wx2fohtF
2021-02-15T21:25:24.086690543Z 289 delhtkNK8dHzfweskWubrmAfauBOihrKQMomhmvQIlRLqdyEwgV5iydZ6fM2
2021-02-15T21:25:24.154909152Z 290 ZrOgA73h2WSjUrLf5KbHoIt95AI6r4mKyP0cY8cYiCmXT24hmiBxAxfJGrGh
2021-02-15T21:25:24.223880506Z 291 k9XkIknx7HM58EaFYHWytAnnjKwIMyglBmNj1oQfJpdmP2WXipI0lz6Ljq5m
2021-02-15T21:25:24.292450550Z 292 AJgiwm36Ymj8H11wzEW2Ef89aVjU8wjUQsmpbnwjuexSkskPCRR5OviGexlf
2021-02-15T21:25:24.361946273Z 293 30i1DGt96SMYTtCBeMgrcK2EhSxtTA8GF6tgt64BRzZL6RIFfZVlwRVsO63Q
2021-02-15T21:25:24.428384521Z 294 2UvxAq0Vt5telfL4tsvyfPpvLijRMmnqDUBpH7svTKMPfQPGkHvanrtZ790H
2021-02-15T21:25:24.497074792Z 295 2ZxpcUFKC9HAf7fTiAQoxNmSeDCTLkS6RojYFxMVn120mv3kYUkR4nGbvrZe
2021-02-15T21:25:24.565317538Z 296 87RWbuCEJ4YNU7SRRkTPY1SCFrkFWaTfJsaQNCoVEsO46sRGVdZYydZ4I1Aq
2021-02-15T21:25:24.633852053Z 297 00BUMVo5vTaonUk3shBAujaNKQlTQquaAy6HAtJ9qVXA95o9He6EaVGl6IVs
2021-02-15T21:25:24.701247094Z 298 T7aJPiLcI7on6I1dYZwPTKxoJCEWBPvDmrrefDpFeS6KPHiZb4nSEAZp6hB8
2021-02-15T21:25:24.769237023Z 299 EdbVINM1155WgBHM67PJMFIOeWAqBKLzQclJPuug3jTlLtwBnTRmHf4LJijT
2021-02-15T21:25:24.837357215Z 300 HHmkDY7OBeM1vB95yc46vqdtjYRoXr6quYZ0krafG7QTJZ7pJXUemcLqOTpO
2021-02-15T21:25:24.905363150Z 301 LnrU5TCLFmc74L7PDtpyZaaSXtfE7JDqIKAP7LRVRWOX27sQpD0azO0Dc94A
2021-02-15T21:25:24.973332178Z 302 tYJB0CAG90LRM7ZR3Op5FczlYlU6F2tuMGFNWELHWKj9oHAaWrGhuv4U9ON4
2021-02-15T21:25:25.041724036Z 303 lmNY5Gn5GS5cfF3pzHhHB5jxXEgcPu1y2Ntiv1RT2sKy8InW3CtGmSDXhkoc
2021-02-15T21:25:25.109618131Z 304 4CrwZmT9dBJzajp4oIADrHu8nVOnWoB0KbM7Mbo8rOVOjaMk5w7PYIhZSKa4
2021-02-15T21:25:25.177675403Z 305 mcbHgkJvgyTz5lN5AuEMwqnbS7UnzBCKwQV7NkflrBEzRP4c1LjMbjOgmM70
2021-02-15T21:25:25.245284297Z 306 35IqEQf6sK0S042VL6KoY9O0uCLxCcYeSJlrhEmiEiSOWR5SqPQ4354B1RLZ
2021-02-15T21:25:25.313654883Z 307 QCikA36H17ErTm3N5w5sDu6bGrlV3sKqQ2MOxfwQiwYvQp5iXrBgGEXHkJEe
2021-02-15T21:25:25.381443303Z 308 AT6PFcTYlAiyxWOww5qWzifKPPJoqvTaUsTbSyngAlp2SqJr7BSJe0WaYrUQ
2021-02-15T21:25:25.450099057Z 309 xBxNZTlCuenDGqDzstsR94dHGJkoRfTlNfdh1jD6RrQ02ytQA2dnqjyfQDKM
2021-02-15T21:25:25.518790443Z 310 kpZtQy2e14rUKm1kiIqfyzaA2ApohTQMgF9DFyEOja1zq0kIV0Xvw3vbyYoo
2021-02-15T21:25:25.587203994Z 311 0mMAchqsgEqvjpV9VnSozS5KKHITVh6sV4a415YAQXKsBqIuzRsupGp4UkRf
2021-02-15T21:25:25.655848199Z 312 vaJTtSYswMCLiOZcSb45ZuW5lkWO6uKeaMJRVfxkNaDjyNEi2dxa6kevP3wg
2021-02-15T21:25:25.724869451Z 313 8WwdpeUzQzUzO5bVOLLgRQa9u990AOS7B70Lzthxl0wKXabRVBlk6sPgocaR
2021-02-15T21:25:25.793451838Z 314 BVTEzk1pbRBzAZAu9AfdsLMDf7hMvwhWCHj5qZ3aQr3nJsScwmImP2UtznxY
2021-02-15T21:25:25.861164092Z 315 lgmGi97ON2LkyYanbgX1RqXhpLp1QeZl1u1XacUm10qFGnvOlbvE0yS4s7rQ
2021-02-15T21:25:25.929882493Z 316 C591xwu3v4LNtXuq3Qip9lhb1Zp5Set0UXg594M9GvtbSEmYTXrWuUejhNeN
2021-02-15T21:25:25.998504750Z 317 3YfzOE6XGR8fZVEPSQ219tMaXcParpHHL5j65UB4lqOzyPdY57XZzCpZNY9W
2021-02-15T21:25:26.066932967Z 318 qR387K4PeoGR9nbPuoCrC7vikj5bTCCd9RrZ1AOWLykWBL9MIO1Azk9Oq2WS
2021-02-15T21:25:26.135979938Z 319 rVHaciDS6Lgte7FRAMP6HA0PxlyHw2vRZoFPC0LqRZH1knqaGpvXmuTDsnnd
2021-02-15T21:25:26.205184029Z 320 nFU15WsGkqqRStLsdMyRK9ZfJ6LrrKC5wkeAnyf9L9YZ5Py6RRNjm4BjLqpb
2021-02-15T21:25:26.273706937Z 321 pafIF34XNuhIRA9LEqnDDZUc1qvVFx3x8FZlGzxL2OqG3CbaczO0KRL2IDRN
2021-02-15T21:25:26.341830502Z 322 X1P6ZGDdTT3s7EoGMjOQwvUiQhu8NZmhWZlzgvNGMfmk3ulaqqpsHzctha4v
2021-02-15T21:25:26.409460397Z 323 1bvfBoVbJ05WAplKWtBm2mH8pKektFxpuCBOdB1BpQP6DTtROQ7kBv3BHtop
2021-02-15T21:25:26.477637876Z 324 CAcJ2MYYUqlIQ9nTG9eTuNgdOnWz3MF5sqdy0hEDqUxYTdHR8d3QvXRIMrQ7
2021-02-15T21:25:26.545154704Z 325 X9hzVdaKzCUkEDA7lmEAfPRhw6YHO3r5dso9dt068D3GW0XePkTWzgsRsdOe
2021-02-15T21:25:26.613340446Z 326 uuHFEqGXaKLLotBOYJVzwZEip9QTm2abXw4vFx0w8QrxNkymkkCSy87DRZEK
2021-02-15T21:25:26.681033299Z 327 zacbqUjEmk44shYwAtqzW7VCOilC0Ahd4HR96ONQMxUGDrGbrcFd3cWcKUzp
2021-02-15T21:25:26.749635629Z 328 tMq6BR2Pl9tdGphfGhNf6VtGe9HYq5YPibPhAqguR7AsefmydVGOUqMjUQoo
2021-02-15T21:25:26.817897320Z 329 8CVHw5T9jEBSCSCS2MxyT2LDww5QmjrhtIgbkgcbooWymLGTJPpkfGwhgtDF
2021-02-15T21:25:26.887192269Z 330 YFa1PwH3IyAlN3bmfryiyC5u3irhZLXQF6OyWL5cuJTxoOajTfdIrmuzRxSF
2021-02-15T21:25:26.955733579Z 331 3WQ8cgYzXJeblJubKuwkhVNtNc2BIjpC6PqgiY15gDkNXN9ufM8Y0TdHoozR
2021-02-15T21:25:27.023725089Z 332 LHWYJ8t0lSYGO2u2ogyawO8CaLUk3wAoBu69rP75kKROxkGwC8FjOlxvpKBa
2021-02-15T21:25:27.091819324Z 333 8yHpxTakNuUpld0goDsWoUi2WsfL7ntuVY7xLJ1p8fkvpxyNfkUOG6BHV4ow
2021-02-15T21:25:27.159607191Z 334 Sf9KSOEcRMvvznDUw0Fz0F2cPG0KG25LdMaH0VxVxzL83MknWRt4eog56wcQ
2021-02-15T21:25:27.227840084Z 335 bZVNUMshNUQUU8jnXutzNJOgUFhC65PiVPALcgcdv8CJayJ7De34HK8mGppz
2021-02-15T21:25:27.296873298Z 336 Em8fmGgXzn9fF797aam99AruMQrt3IJ4mxPDbIuUArffDWaA2zFlqek5Mr5K
2021-02-15T21:25:27.365908158Z 337 DydXB2g7J9a9PPtIhlITYgKAfMC9DrEU380LhOkntKyLznZ8IbKPZtl2IuZq
2021-02-15T21:25:27.434507311Z 338 VBllpYEA1zROYiu2vac9NXbctwrfNOJ1lcY8voSG5l6f0SEgzY4Rkno4MOW1
2021-02-15T21:25:27.502769160Z 339 4ArePdVoKKQXgvZeOQ89SjU5JHPKjEMaSUCWqod345kqIuXiIJBBGPI0tuqb
2021-02-15T21:25:27.571396416Z 340 NiFG3qZaujeSyAEgMUn0olIrpC7pITj9Rr3cwwfJjadjbLkk30m4POYaMZCm
2021-02-15T21:25:27.640014491Z 341 K5G0PNmrVfNLpB9uRRNI4Ar9WCV9NUNowUpHPvzVd23OBleeaL3pGknygIFb
2021-02-15T21:25:27.708536179Z 342 7Pc6gTt3faHNVpSpjfQJMVtRgql9DMFxa4AjcffAqq7bGq3xjZuip1IwOhRP
2021-02-15T21:25:27.776010894Z 343 PtSlLVQZWusHh95DFKNpXCyn6vBxrpMxzcyTViFVjqW39Nb6OlgIS7D9v5q5
2021-02-15T21:25:27.844328514Z 344 ln4LQU3S3GYQnewuoNLBrlviQmVdS91Rhg2sX5sJX7AS7Ic7TKuSbdUafGKB
2021-02-15T21:25:27.912939738Z 345 At8hoAnzsH3q7BW1nD7qMKWB7qzL3tanKX8mvsIxPsHdPqSz0KVS475TARMP
2021-02-15T21:25:27.981393265Z 346 DY14OQwn4ygBGzRk7SYG2kB1Uhx8WykPXo3bNaz3NhkiOYMRRr27MOuE4TMn
2021-02-15T21:25:28.050669899Z 347 p1C4UyyEAVAkdlmYB8LlDf5iQBYxZC177iKXutJl2UBcbb5ae6mCR2GKfIYb
2021-02-15T21:25:28.118772538Z 348 LTUKmLNro9vhYf6QCObrisIq7iIl86zdF3h9z20woxHAJZcwSP7DUawsToeg
2021-02-15T21:25:28.187979459Z 349 AOa16Zlt1jOr3Rl42JwzsLlcuriLU7fFmV2dfPbruHYPBwQCuBbDzYdGx2aJ
2021-02-15T21:25:28.256144481Z 350 GpGblJQmuUO6SnQvbrssGSqu0IiE7i5SiMWdK66yrF1qbiBIgLWK3AQ3J6Kx
2021-02-15T21:25:28.368666494Z 351 vN32RiiyT4Bgb50NyJbYZCp4qm7iw9nv5WqRHehISvkdUeqSqrcp4gcMdSnJ
2021-02-15T21:25:28.393709533Z 352 8Sew5kZyMx1K6DT0iNRVoH6PqOVv6dgf6at6a9RY0oOTZrBUTtZwlvwb5anG
2021-02-15T21:25:28.461727564Z 353 LsE966GIUggODXtD9rODkUTJHC8RqyHN7aqVpaUJDE26G7S2MoYMz2UtKZjR
2021-02-15T21:25:28.529684450Z 354 1Soyc2EqYvBDAz8TkmPlRC7Sq3OsB52SsDMW4LFzgGVIkbVmk2m8kfQheZKn
2021-02-15T21:25:28.597958769Z 355 fCMdOcSsEPoNG1qqqaQyWZOPFukHPAtXHRJG0Yx9HOgmz9Q2KkaFCvY2a2Vq
2021-02-15T21:25:28.666873279Z 356 EsoSDV17h1MB3ppJrQcPwmvbvTJbeewDcm4Ju5A8ShswZHqV2Bb0z3Jzljuh
2021-02-15T21:25:28.735793982Z 357 4x7fcH1Vysawryuz97aCJHBwzS89hLKNpTcA1aZNMPrxaMo6iKL4NXhqUZRM
2021-02-15T21:25:28.803441266Z 358 KLUQq4AhtuUiOYUdyiZz2pciYEXUA1XvwKTWNscawhRFrHxAFabGQtq3fkNA
2021-02-15T21:25:28.871811699Z 359 o4LfUIZYIb21ngz80fb8LmclGf5cNBwjYPYFyRATId8g2k14fcM5mfafAWTi
2021-02-15T21:25:28.940869504Z 360 7CfbLYTsrLU2JMwxRHMuZPXsoG0YFasSxsCCeUXd752vxuFG2Jr8xW42BT5v
2021-02-15T21:25:29.010006466Z 361 8xqb1pv5sGnwgxPStx5lhuveUyToMLflWUsSGSduwYPtztaClSuHrp5iLCvP
2021-02-15T21:25:29.078837342Z 362 VPaimmKByDmL67YkIScZCCH03DF8T0sweHoy7mUaVj6fnXPHFx3vNg3tw5nJ
2021-02-15T21:25:29.147354308Z 363 MPqWa6FVOYqFfrhHGoeP7LAswkAnA9KsMgrdvToyQLq4cPp4iOTsLd4TfmbZ
2021-02-15T21:25:29.215216876Z 364 T1x3wm24Ae7HTTTHnJJKs5TLLvgM7SiYo6Upox13PjQwvHuIUyk9a7RLx75l
2021-02-15T21:25:29.283185194Z 365 rfv9XFMmBT2t6gQG1Omkk8hnUmOyERLn1lXSrUondFcRHBGqpY2cc7ogaN6v
2021-02-15T21:25:29.351347056Z 366 qVF2iLc6Lkn9spafk9Jb8FHq7CddAGu3LdSJoxX3iml1ysxjFYGtaA7eJDfY
2021-02-15T21:25:29.419609355Z 367 uUhnUqSviRZwLh1HDD299DQRwkg2x1almn0eYxE7rwTkGBklMCra2CJgiriG
2021-02-15T21:25:29.487684653Z 368 pCr1lhLHiv3pc0QF1OWNMCb0YUDTCXNB8RWRIiOzvdxTBHeehnJWc49GYZC9
2021-02-15T21:25:29.556056768Z 369 7rpgQKjcB327XDglrUvqgT5mqoSnQcso8wZWt7yFdx3R7SHlgJYD2HNA1Pg4
2021-02-15T21:25:29.624113999Z 370 XCwi6eNfmieyMb3Hd2iFiCZGYg4r14VWJuHhQk7IPbddJaNPE8eFZHxo5ZLi
2021-02-15T21:25:29.692840829Z 371 nkNcnklVYqFwxcQDD8HXQNvQLwOPdPjwKAiPmLi5FmzcfnxBJ5UvKXkgOfrf
2021-02-15T21:25:29.762113297Z 372 WTja5Z2U3OdoNWQNa5UCm1E41OshWlB5AUCjz3yHzz9XbzJW7Gsc4eFQrt3g
2021-02-15T21:25:29.830222878Z 373 163bORgojsGUsjFpskRKdM6j5qPUJdYUNx2JD5M9haPB3ihYwxbuML3pSJ3U
2021-02-15T21:25:29.898358223Z 374 VQBn9x5RZOeQW6l6iMS3vJvFR5Dv9NHYJoBXEx5g6aFy7QgzvAkovhUaqN0j
2021-02-15T21:25:29.966542476Z 375 fr2gv6erHlXXs20mAlQtKJgNiZiV2Noyo7Q2m4rL9Mswku8sBBcG1VxXpxBW
2021-02-15T21:25:30.034081546Z 376 HAqd0jd2wulx5cuUZfGrA0lb6KdPBlwxff87beuG6H3ptdYRwTfa00DxJ8jc
2021-02-15T21:25:30.102458837Z 377 3We1mVvez1LbbrqDBOf26M34rP6uJhJT8ZX9Hr0sK6OXkSEGrpjJjjG5vdZK
2021-02-15T21:25:30.170230332Z 378 noSBXtFulp3ewiT8w4A1wPFjtCC9G0uwyoLwSKCJSynrlewzGNjFddmBUjde
2021-02-15T21:25:30.239157065Z 379 TZA62lwoTuU6rxCIK9gvVGjpSaTxJGDY5fIDlSlTldukYTcQQEJlTWvDOxZp
2021-02-15T21:25:30.307308449Z 380 E5fs7OoPmj23NEcB8iDALQETgUrjEWTzzba3nxCLKBZqx896FY97QFogLzLW
2021-02-15T21:25:30.375758671Z 381 SCfdjtYi2y3tMvN88v92IWeiAR9UEB5k4IOPlLb8KQ4wGaYe4ckOOwDD0yen
2021-02-15T21:25:30.443467825Z 382 w7kvaTX0BWlh58AaHYE221VN0F1fGgkeU7bYzNc1We11T5WX4lxHFqkUhMUj
2021-02-15T21:25:30.511033863Z 383 cvNfJfv32PINf8rrq6Laov5flbgjYeoQuxKF0BB1CKM0FgvmCGaD54KBi4OX
2021-02-15T21:25:30.579244639Z 384 Z1w1lwkDy37LQg16pZN97Q1PtFikOmMLUutEG42Mo3NkQynlE3WbNbuNKJMa
2021-02-15T21:25:30.647087520Z 385 QfIx0P7AQCReSoSzO1md0EFqAc5y3k0YF1ZkBncWEuzkBZCRm0p2mKOQdIEb
2021-02-15T21:25:30.715430217Z 386 aEhtuwSKPUrpP5ZZ932g7Ctfe9eUsitAe8dRT3OB8rpWGqiCazWwbaFK7vuG
2021-02-15T21:25:30.783802251Z 387 2PMObsbd5hA230MXkUbXZMV7EvjZIyBwTfsTmZQ2tSUL3fTO8JRNUdOqeB06
2021-02-15T21:25:30.852145505Z 388 Vf8wf56lctgSLY8yVKSmROAkYSg99juc5D07AAHr6OECT6sLjOQpaiu9GmP9
2021-02-15T21:25:30.920586003Z 389 ol1twVZy94jPD4cu6mVT38qtOYELEsj8L3h3LiZkYF0xxOGW7CIho7NuqMVJ
2021-02-15T21:25:30.988324087Z 390 6q3BG1usp3Csd1mmN4WOcRx16hz9MkY3Td4ciDCUxyloyCSKnFUk8bBFl896
2021-02-15T21:25:31.056193539Z 391 RUPcJq0okFjiloKjerY1TiZ4wEb0vdwiLvVnWVgdjrNYT9FEnFSgvDpoRPlt
2021-02-15T21:25:31.124659553Z 392 EYIA6YspfFSNUgNVPLcfY1BEGbyypqCEGDUPziDPpDf7Lg4WG1THUU5AZrYk
2021-02-15T21:25:31.192683603Z 393 4wOa7s6E3kEUUWfbZTqYR3wtK6ISF8siXjhs12U4iX7tUytRUqe5vUaizaFe
2021-02-15T21:25:31.261150385Z 394 lnzlCVGtxWoNY7GNVeaXGlDNuFQxVDWbfEnIJNS8r3M7d3nVXOljVsO3j6lX
2021-02-15T21:25:31.329293783Z 395 dvneswE0vCOA9CnkhfURITwWzuNmuyYASLUwE8qkEAjhSzvZkXfr7K6Ro9zX
2021-02-15T21:25:31.397237033Z 396 i86yDCTdkN325IPzsp7px3KlxSShESGF5pPtBRPjo4GI9Gzb95uyrf3QrNbx
2021-02-15T21:25:31.465333400Z 397 w0IKQfeKb9PW3lrWRVIaiyzj6dTRRdqIigTCbzb4mJTZVILwE7iq3Ll31PQJ
2021-02-15T21:25:31.533625817Z 398 p8TZDKwtHqUQCwK7uWdBVlJfskpPg9EfjREZ1HhMPgwBNVv5k8kKap1tIfeG
2021-02-15T21:25:31.601608493Z 399 8kdQdqMjTnbIq5VSMQOg5kAVbEp21IUfo2X1slD89JBjiS7SbKXNnXzvq27P
2021-02-15T21:25:31.669407378Z 400 BJVWgLbfs96xLFd1tan5MmG3OpB4Gg16ouIYTRq6E5L1fyZGkj9NrxfsUDJk
2021-02-15T21:25:31.737889742Z 401 k4lVOHg7z928xQTEy1Qqsi1zeI2XyRPOJCBOH4hokJeoqGpvioLwKzDi35yf
2021-02-15T21:25:31.806892380Z 402 mOrtMUiAREGLeAOKJadEsP7FwqDrtl2UINifrZ7G4tEGcXEYJxlnbTB1auQz
2021-02-15T21:25:31.875296121Z 403 VGTYixIJrt5NWi2XmVgNAjG5HZPXuLZG2hXQK4tVuVakrfsvcS71Xd84WFWE
2021-02-15T21:25:31.943120759Z 404 4kuvAUVPGFFDzZwciXzjEy60VlpdLgglmNrCcGEbmbXUMVndEnNUqH7AkyCw
2021-02-15T21:25:32.011303695Z 405 7lWvO2qNIS7OYFjNq7l2ej78RxkRDZi8qC1K3vCC7F4BXN1ue7yh4Mq0Bmgo
2021-02-15T21:25:32.079441908Z 406 XdD3jATYgpREW3s2TdExLitOnPTZvnWhlMLemIPsryMJdTSF3uv7ekcYc1os
2021-02-15T21:25:32.147289474Z 407 2VyAN2QINus8DpIKGRDCW7SbhVFnj3sXx5wp1tLKcBOxdqaqid6QddtgQLuQ
2021-02-15T21:25:32.215271421Z 408 tMXr3Dlml59bRGD4Ydy21WsPq09pI1nU7uJ6pfxSmoEqMZj5FemaARzNqCRq
2021-02-15T21:25:32.283816670Z 409 RY6w5yv98wsD59kgTnd7ykTiCXgmPMn8Q22JtcX8gg4zM2QCEVXKWkfDvFSX
2021-02-15T21:25:32.351328179Z 410 6A2BpL3FPRsBbzaD3cibd3VZAWnor8SPlNfPdZRQF4iNl6vXm4kV67PxpYHn
2021-02-15T21:25:32.419719242Z 411 7G8gLhJDyqANAiotA8w6qdC5k04DKpcFstKXYqfL4dsC9gYKpXTGZSQgnw6R
2021-02-15T21:25:32.487384781Z 412 ESi1IzKUH05c8IuBrfOXIgkeUOfUZCoUZGm8nIEa52vTZDAtkm1aCaGJ3GPy
2021-02-15T21:25:32.555985129Z 413 WrieXjx6yyleNy4pDioXNMTlBnRKyRfehPzO3rP5u6M6UpaJZ4lx45E6ho7h
2021-02-15T21:25:32.624994510Z 414 P7UCbcmnsatSk0GC1jOTVkRwcdz8vwlD9CxMDgA7cVlGbzyXWMEp8pZerBd5
2021-02-15T21:25:32.693734327Z 415 dqThIgd0BFQRqvsKDrBwyxe53DRsZ2lElH7SbhF35AiFyDXHq7lrXbbZdIQb
2021-02-15T21:25:32.761742724Z 416 1JzyIGbs72POTJRSWzBFUtiS4QF9DE9tNJRL9hm0CLMO4GBBSaVZ2H3H8MZA
2021-02-15T21:25:32.829966123Z 417 U0tebTO4NNm4r9nh9WZsXywPuYQ11F4QXN9eNsIyjdQbGSzVlj7ZORqagkEI
2021-02-15T21:25:32.898088494Z 418 BFsX8AvY8evge2lsKtYmGKKvqmtAaxHh979WeIOvAZMFZhUm2RrIj3b7Ym0z
2021-02-15T21:25:32.966317899Z 419 BFltCmBpu3pH3iiTewqJv2kNurke1zVpK0fOyrEc7ikZwnCR80AhT7Dn6BfF
2021-02-15T21:25:33.033999343Z 420 MtrCcv0VJib8LYS3QMuPruhk1CozqvCdmpyivIPYB6wB369FZfEtuFUWZyqI
2021-02-15T21:25:33.102268101Z 421 fDSaVcHNqx6fhk0F1V9ntf4Hex9QcXm8LtZdkfQl9G9Smg8msdyeCIgeIZJr
2021-02-15T21:25:33.170423798Z 422 NdOidOSBY4nszg3rw1jmfeMbrPvxqmwzMNEkG7hMw39SQsnup7kRvWWov1Xi
2021-02-15T21:25:33.238099672Z 423 7BWZemaAO1Sr5LTy82tNUT0DJIHajXuXFGThLn2HUenbBfcJ0HNSUlBmT1XI
2021-02-15T21:25:33.306729191Z 424 hP0i966SNKiX4C3KKtL3WjTcZmQ2orp48B574stNuhxlWBjlinivcTYTwojz
2021-02-15T21:25:33.374670503Z 425 8PIS1PcHkXMkc5ch5d3CM3rSvhFOKdJPPTQQfsGLO8OXp8k7gg257KBqItrE
2021-02-15T21:25:33.442814520Z 426 RkQ6KHXsfieugClkUftzHWqDgtnf4rpRiaMfcsjRBCxJhXnytq7xv5KuAiO4
2021-02-15T21:25:33.511502962Z 427 hDHIqtyt9tBaHaSfYesvlNfOHXLYV1gzAkk6YzGJKNRG1zD0ZzUlrT5t6RZi
2021-02-15T21:25:33.579054030Z 428 wk6JYBh7hsKr3Qk1KH3GwPJm3PcQR7i1TRaEKJwS8NzOWFJx9BABVQx8eDjy
2021-02-15T21:25:33.647763352Z 429 ueeJasQBbLRuoiciu3P3ko1JIVIpAakuQzJDXjdCeaOWlJKpagadxbjJUfYB
2021-02-15T21:25:33.716067727Z 430 s0ITPYYLrSCe2oaeOOQisgwmvSRkJQmyGxecpAnmWl1drrxMzzwxXLlXHAGs
2021-02-15T21:25:33.784257893Z 431 kdV3hrmvNq256Tcnxir7fumRPItpmyCF8Qa7eVHJVmXKCAaLdvESD2WqnLoF
2021-02-15T21:25:33.853075569Z 432 1dcMKu8vh1nfl9M2EjPx9NZ3tgVa5jJ2lj0q7TffX16IwAQdpXH9i9aTTYhg
2021-02-15T21:25:33.921658761Z 433 YSV6jCjvnNyPilJq854fSfqijh2yS1pETrpH2EW44PxBDggLo1vLcxkNwJQC
2021-02-15T21:25:33.990803400Z 434 wflaMvTIChqbp3YbA0KtkzePhmznYqXpkrP0OofckU2dNUaxOl4vj8l7j7VS
2021-02-15T21:25:34.059093760Z 435 Eqa4zuMgCRZkVHTKvyGKGOJSvuEkSdFG1LgW1PtpgOxH23J7cQfQ4BVaOpP0
2021-02-15T21:25:34.127723617Z 436 hWYnIByFkndZese47hwoEenlEVkzWDXjhwZrHlPtI7IO0qX3zJMX93VYg7pt
2021-02-15T21:25:34.196116047Z 437 90skvZi62K82HEYrffwqhcuTExtKyVnP4vl3zAZK8UNIc1cpUwy2eJXjvzTh
2021-02-15T21:25:34.264949789Z 438 lglQsUVu1MTPvkxV2UwGVS3knY5JSbqg3z2Y5teMM4rVIWWAKdkhKbnVZ6iV
2021-02-15T21:25:34.333291917Z 439 CshgzOjKll1JrWOhHqN8pzXlLRq5GenLbtwgks4vMiaS0ik9qkgAQpq33CLU
2021-02-15T21:25:34.401305583Z 440 ITdsN1ZzgOPgTOGw3nDEsHODnRwQk2LpN2SkwcKJ01kK10Ao4m0N7qlRMsZh
2021-02-15T21:25:34.469240726Z 441 um8QOrld4DQ2PvAQDWYlHKk9QikNV0WfIcU0nMKqyWNdcBN4hcc6e32yuTFR
2021-02-15T21:25:34.537800267Z 442 xbevknXXFIO4Ev71TGqdtVnLiNueeYJtdMNAb4AvXRNFgvVAjxerIS9qrkwm
2021-02-15T21:25:34.605865665Z 443 Pxv1oDm12tX87FYtFi4DkvIoPago6pZBMxTVLBGJMMrD6OfJa97lgYGnPwnr
2021-02-15T21:25:34.673360457Z 444 p0dVTtPUWHszp06zJUeyraM61URP6GRmYYLECM9137JCgYMlgBuwZ02oKw9j
2021-02-15T21:25:34.741279277Z 445 qXWSmPIaaLvH5VpqRHsNHnWCxNZlJvUKoQRuK8FVM6cbbJRwhQfcUXNS4qqz
2021-02-15T21:25:34.809694310Z 446 wYvEFYtJFdQBeYBPSINc3A8l6bYsJI6NH7Lhd8Kin03oFjY6aiFSbzL6qEJO
2021-02-15T21:25:34.877634557Z 447 jj4OrEbBLRm4983eZEjSc1O6rzfnOql1KNjCl37rAJ9Ua3at0b3jDj53fetl
2021-02-15T21:25:34.945322259Z 448 nRA9MwQiajCkRe9ED1vhFqoIPYGNj8pkWbF61bn8pJFYB4XSfjZIbRSWr8l4
2021-02-15T21:25:35.013078560Z 449 Bj4diBc3Qsjmlt9sbykpbDw8eCFyJOy5y1oeYEGNqufaZwubuTs4yUHo7GQI
2021-02-15T21:25:35.081861214Z 450 5yo1cnejltOurG9jNPMDaXidUuFmCM6ngZN944hcLSdc9JSOpIk7Pi2lv3tu
2021-02-15T21:25:35.149607340Z 451 CxoqPZ6tjGUwZJXz1QStlg36IzKSzaWoaufRjsorFqu2CK70zM59Hlf3fZf8
2021-02-15T21:25:35.217484108Z 452 f4cBZHIxYMPFgJDVv2WTgZYrpysX6Xncsu20ElCcbTDv48q8ybj0AiCznWqO
2021-02-15T21:25:35.285883783Z 453 Ut8qXVEmO5gYx5RXXydnRVxHJIWoQHFc7I3EV8YhPQsWRWDUReRRSTHciXkx
2021-02-15T21:25:35.354392734Z 454 Qy89Hflx4hI4E7CXVy1KJvfWgglevhgrsBDKdD9XSf6qYsIEfYNQwTEDLAGF
2021-02-15T21:25:35.423205736Z 455 u13JaUGqOaiZb9kmw5fTIVIqU5o6eS2oG9qwwxGi6pysXLxgx7otf31q3p2A
2021-02-15T21:25:35.491203517Z 456 iqY5LJBVSC6BG6Cj1WHiiiXDaI9wxggcEm1eIDAuyExeKCTUk3ODb8LehSIl
2021-02-15T21:25:35.559996861Z 457 kxCurtks3k6gSLt6L2QJX76R0ltA4tbfUfFPGr0OD5KJW0KyDJ1udVUpu3om
2021-02-15T21:25:35.628229840Z 458 tfDjzd4VBqTva1NhzpfL1KRpTdEhIdqlwDaGQrcvRCwptjVcVZvt8BmvR6Fs
2021-02-15T21:25:35.696493906Z 459 f9DRIwOnZVfQMpxpSpKqdtjI6IfQsILaH3M5yUIHmqe44lW7li11buOObkmS
2021-02-15T21:25:35.764110611Z 460 Yeyhr1iiSee4pxv49O4g9TaVTQXQs4ePCR0QtiFuDDIFXLuH2weTKJ8meWmT
2021-02-15T21:25:35.832306362Z 461 GeeVpdcPj1fedMBBKExKZOyaPjCADBSdzahvxy5LTa3kD1HHttzBWb0bfpCX
2021-02-15T21:25:35.900178029Z 462 on4eKwc3dpPOxErN0K2C7hfugFk0WIFxgnL4AQ6Vq8thM7AIpJ57lpY8f9XD
2021-02-15T21:25:35.968855040Z 463 nZDmh76sexJN5nWRw3IEMm8eNgjd6iysrOuXAUiWG4gPZjcQITg1JvXuq3NV
2021-02-15T21:25:36.035881932Z 464 CvUZ2i4SSblmeurZzvJM6Ph9eUvDxQKOFLKmguaVYA1Tw5VI3sy75cTkeNRZ
2021-02-15T21:25:36.104270721Z 465 soXjSrQDwcZ1XqPH6bbOiOtDZ8kFeLug4T4UJ0JAoCzWG9ErpV4v4JzD6Zha
2021-02-15T21:25:36.172164489Z 466 aV9EspUDwZrPlHiZMNG4XoyK5Tbv2oiuQPezGGC4nebVEOuJsdwjndS3EH82
2021-02-15T21:25:36.240108107Z 467 d6OQGEJg3QK28GEpupK7ljGUmVKTnV9T7musJ0AZ8i5Ii1sjUPu2C2ENGD6v
2021-02-15T21:25:36.308769352Z 468 Eb8xIpEdcXVjuDd9m72FqrysKal16LuhzYpGaU7za0SzvvMj9ZMqGhAhcgpb
2021-02-15T21:25:36.376148759Z 469 Qqj0KkuqdicBQrV8xpbwnOivybrlQJ8DBejna4hztLRknymjvPPAEhfz2Pkg
2021-02-15T21:25:36.444569061Z 470 EkUagbFJf6ejJGL1PFwm6ie1mMCMCS1jl1fe61vrVFzGrwMz3wfaKKWzhSED
2021-02-15T21:25:36.512690872Z 471 fY4VeEnj3UszhQTQPRKN7rwTGXgQ4i8S1K2sccgWzMJePtyqWxU9FSef43zb
2021-02-15T21:25:36.580630207Z 472 3VxooFt46hb4WiOjCwpsFmLKjouev5Bto1zbLllHz5hbwBwx9xzrXXChbvu7
2021-02-15T21:25:36.648464806Z 473 PJ8yyaT7VdM6VlAwAqKmSuVkqJbAM5dbnVwgA7kCjjFa1AEuagqCRdTGzjv7
2021-02-15T21:25:36.716748379Z 474 KiaBOHNG7EJmrbwYTeeJ646YAbrzle1US4cZhJni0SAk4owE84W4eKUVqn4d
2021-02-15T21:25:36.785884387Z 475 VaT8wnFtT34x7al2DBpS7eP8Crp3QRvOvJXVZK13o2VIqnXcqXRODxVZsJOa
2021-02-15T21:25:36.854784760Z 476 TjRQVmWuYI5hT5EIdxtOlAjLIw0vpIvWkji41VcNdUgifwFv0VH6VHJOlAA7
2021-02-15T21:25:36.923764960Z 477 nqHltdtpGdBxmLZwece4McHrqrnwg4ZySr2tzWRB9x4i33nrP80vKC9NGnkU
2021-02-15T21:25:36.991883008Z 478 yiAxbjHJMSXfIaGEiIfKPsAIbY0I7Db2VCc0Do8WaSBhVkVldMx8XCcxFsLc
2021-02-15T21:25:37.060274842Z 479 RVWOwCpc1gHevqgh4AM4ujLUx9H7nHHpJK5ralVmIbha1GxWdhpYrYA2mPjX
2021-02-15T21:25:37.128323320Z 480 zsiVn9glBtboqRpxGG0qJo6CyG6CHNP309zZyDOlCAoWZOeWUu9PspWmCqNu
2021-02-15T21:25:37.196283608Z 481 F1OaOl5qU1U2qH3grf6iuG7y4glv3SzwhOZpLJ7W1jDQTEgSUDdIiKSHn4fV
2021-02-15T21:25:37.264419957Z 482 kN2cH5dgHvXvaagnwRxXuRwAnKDSMYWqqB3gxTGjZaYogowBc8xqcvr73Qb0
2021-02-15T21:25:37.332204831Z 483 GSjFsxhdmIY1i5xrHiIYaaEWsJ7aqLdd2oVC7KG5SwjvMHRCm4cx0rRPOVfA
2021-02-15T21:25:37.400353013Z 484 kSDHiHLioL6llG0zeeOIjyILUClE80fggqihuaHKxEaPfFkew1sJLGpldoM4
2021-02-15T21:25:37.468339453Z 485 g3eM8KvyQMwdf09PRdsLw5XLsdlffXdjKTnA0j4EhtirvK2MnbUn0HHJdQ62
2021-02-15T21:25:37.537112935Z 486 4OB9JC0aLPgN9IhfJS0lNAyOib747iVivj2jo16GBjzuVUiYZjSJtsCV6hBo
2021-02-15T21:25:37.606143552Z 487 cy0FtyYgtP9JlHnqk6VubFayPhpu6q5fY5og1H4Lf0GHFLGoFmj2upho5jYM
2021-02-15T21:25:37.674868329Z 488 Xhlghujg4wUhiHfomdqFvgToL2gu1fpEnKn9dCP5ph6lo0hZIwCiFFgjBwqi
2021-02-15T21:25:37.743173976Z 489 lJxIGNc8a0Qo830o77MUC9dMXHvaAKlWU8lx1OTdcYWgMEZjfpAC3fTz4xRg
2021-02-15T21:25:37.811318325Z 490 owFgWOQ8GCk1ZFtQiU4tZ24n1voxNo6fim8TeStkeTbhN9RlGVzJxhFmtinS
2021-02-15T21:25:37.879453604Z 491 8LddRw0Nt3W4GXoMCMukzDo0QtEJQ3IkiXPNZSuKAwWnQ5y4iNlYAFGEK64Y
2021-02-15T21:25:37.947222894Z 492 GN7in1wsXnypvs8zKFcoCDQZtsYzAUoeShWte4EtmEzz3HRE3t4n2cUj86Ei
2021-02-15T21:25:38.015166373Z 493 MBZf8xX2SMlfARxoq2PAgbLro6b0OggG6rszOVqCzIrH3jXU6UgHLrVPKQd4
2021-02-15T21:25:38.083370471Z 494 s0ohF3mh20CmHafagSfWP7VlhHbwz8R3z3WmjxpYFDrg3VSsJeyq61mrXLCm
2021-02-15T21:25:38.152047331Z 495 84WyAw8lSl8tUKMlwxqyB2z0A6srYrTAd7ltECgO8Uue446yYbbQ0iVMtIrj
2021-02-15T21:25:38.220036638Z 496 8bBq1Wlymce51ro33g9rEYOgUJwaPV5xBdVLKZtpAvrvEsmNoy4GQCgGJVIh
2021-02-15T21:25:38.288106878Z 497 Q5OIrUsbw8pJ1xImuZ6FiXFd4Wx7BDrTjNUXatasRymhP0BEGGDtDsBpqHRu
2021-02-15T21:25:38.356342228Z 498 PuCi3ygOH4IZMZ6KTWl6dTaHHF17etsJO9bGhCzL0N2zTuGUZ66oeYQ0WPuv
2021-02-15T21:25:38.424105067Z 499 V4aSjbpD98DCBW6POQYkUJifZ3I7676a566fAyAYoVioqM1JayDooeyFYBHr
2021-02-15T21:25:38.492349535Z 500 iYdobzodXZOZE6oh5pR9R54lX7QYenEWePuV0LknNvYQsvAp1yS4mUskS4DM
2021-02-15T21:25:38.560305789Z 501 u3RC9dMDFBvaHZmQ16TnXAT2v8tB9YPkJg6BIepHEqywYHTkQNOMhLNn7WDd
2021-02-15T21:25:38.628151722Z 502 vtlGwTQMALNEULv67lgRUmyTQFEuQn09lv74Kty1Oy99EKkYKKTAbuQHw6Sa
2021-02-15T21:25:38.696308478Z 503 mjiNPPpgi8SJEK9tujmPoiEmxhC8iBJgT1rYwBIk3CkoDCWMKa60ZKmbmFYB
2021-02-15T21:25:38.764993352Z 504 t8msYMdOJpjhSdxvPaUnakotbdUY4BhL0D83WHO2qBwrjc8oqpkko9lvnRqY
2021-02-15T21:25:38.833196011Z 505 kCLqG3utP9tCLF8mb6EudOTygyWvyiksK2JXMvqEsnEU7siLsQMwzdvnKqoB
2021-02-15T21:25:38.901090862Z 506 FB4YOTcNOkhWHsUnsns05wNCSv7EHeB9kdNTltzcMx1JfMIDQvltQIs100qa
2021-02-15T21:25:38.969662869Z 507 U1VJGCSraH1cAjJU3NtE5SX5UqKDnXATZpQ4u0XLLgqMdoH7zGBdKetLs3N0
2021-02-15T21:25:39.037645885Z 508 QmSzmIlkmrqJOVdzqOjXItsBIIpzlzNwni9RGObhIQoJMJmv8Ntg8vqD54Yp
2021-02-15T21:25:39.105146646Z 509 1ZPgL4Hi563axV8zMJPYjnUfWhSClco8G6FsbNEixIT04wFr9sfvJZKl4RJx
2021-02-15T21:25:39.173587965Z 510 B1xop5OYIwM37MCjthX3FgtpyoeouHX036KPdeaCKt2Qbl6JmWYz83Za7eYn
2021-02-15T21:25:39.241424807Z 511 fWr8IN0Nrg9m38zr6hB39CbpOjlwEmZsc7RNyvl8JU5N45SFTCtwfzZmKtuu
2021-02-15T21:25:39.309980672Z 512 I9NUiRJ17Bcxqqijh8h0qVGO3PWYy8XKaFd6Z836Rt4jBRJDIyccliO1j8xN
2021-02-15T21:25:39.378781437Z 513 i06YqXInQUo8FApzoDnfXSd1Mp8pMNUTgaG1DuMLbjyWLehPJdGJkIAGirqX
2021-02-15T21:25:39.448839745Z 514 lP74VNaZxXkXrFXAarw6tAelMqfxHl9ydeW3DTFB5xTazaN1gVJp2YfzEuQQ
2021-02-15T21:25:39.517944717Z 515 U8nNN6AGhIocOsMmKbCVdRu2VscJAsA9otPEyZRNw8AhLGx0A8OV5PwsXYDK
2021-02-15T21:25:39.587063169Z 516 xTizv88VN8cUMxX6QgUlamCjGR4h8y9Z4516Yy82pWj9pNVe9bULjItEvdln
2021-02-15T21:25:39.655520877Z 517 qkgSHQ0cLlWwBSFmBHWkUmuR2yFiZu5a7EY8eCbGR2mHKbNyfQlkGpXkzPhP
2021-02-15T21:25:39.724092417Z 518 DWLDZLWBOMXk4A8PxfJE3qQ4RWDVYOGXvGwrnmiA7p2a8SazbfK1i4HrpfrJ
2021-02-15T21:25:39.792710647Z 519 lJOiuuPAZ9UyCuBv6ydn2TlHe6DNlChvdWwO9CS6HbAZDrHxv1LUvUnxHPYr
2021-02-15T21:25:39.860184598Z 520 4dC6mm9No7l0jqcS8gVZRnp56GGytX5uZLozZAqMzkI8KbSSdYmvNieKHmTt
2021-02-15T21:25:39.928266589Z 521 5nx6seZ7PrgYpdxJRJp9cgBxc1nXJI46PzO3STiPEpzqE1sFy4hnMJZulWoR
2021-02-15T21:25:39.996689190Z 522 Jb3TH0NlgrGf2xVtRzJytaVaUnNTC3OCqAHTnUdGJRC4pOMuMT8QopjklTiB
2021-02-15T21:25:40.065750002Z 523 tJb1hRDssQiv9DOGLatUezW3HUyyrODmojSV9atjN2Ps1praCmT7sQrVpKoy
2021-02-15T21:25:40.134783849Z 524 KHpb0evQDIDOqEVsOFxqei90JGyEQyp7Qtm72zrsqIpB5JzMcmZBFks2tNmL
2021-02-15T21:25:40.202757942Z 525 bAfj79BsXH4Yfax0doFnkEJgyvg9H2hbOwe4F4ryXe1Tzww7z6SHfvj91IfH
2021-02-15T21:25:40.270226756Z 526 aZSxvMM2vr3SXd8Z8TyTqOG5dgrNrtSks9xGWbEtw6YHqePcYgwYTKf8ayJD
2021-02-15T21:25:40.338150231Z 527 iR4zUg7Iz8nhiocgY9X9UpoJ6w2r2p5ogj6vkdrm0iU8NVbic5WMgWxyKnl5
2021-02-15T21:25:40.406405681Z 528 3EH7wnZxadxeiOMlUHw4sYWAOHXTAhJBbE2AnGsJU6wMmbfz8J8wGXcEmBrJ
2021-02-15T21:25:40.474221332Z 529 JiZcZ7o8svBajwjovGVk6BBHBEEd8AwEJb4QrAXaqxY6GRCocbYlIGly4iKe
2021-02-15T21:25:40.542197586Z 530 3Yqz5yrvdvky7i4YyXLZk1ihqTXBTrYc1U3x1rKo9AR0o0lX4qF22h8jWAJB
2021-02-15T21:25:40.611119761Z 531 b1N0JW8zdVoBG075HroaSVPyoyR6GlNia0MSLgYueHA1JPinkea93Iev6mII
2021-02-15T21:25:40.679986902Z 532 eoWiGqJBxoQmJLDLWVvZcRPrfwUazQ2hno2XGUojTZ42huEyIxlO76JfVOn3
2021-02-15T21:25:40.748890698Z 533 ndYloARh3pNIOb12qGD1vpRwskruGiB6HWbeXscWNUc52VpHMYuQzbtDdVAU
2021-02-15T21:25:40.817281608Z 534 KF6KDqphpSGY0VorpkR8qtV9elFEyktQgkC5znkbqalHRerqAHZZ72QyncYV
2021-02-15T21:25:40.885522328Z 535 4GhGceqfTrJ0K4J7oKdqBWK0Cxqo6LywXiEfUpg6QPB5KXWeqD0Y03c4tn9v
2021-02-15T21:25:40.953860004Z 536 eceC7knLrSZI08GEAnmQSSJc0lshmLshuDEtWRBDFxU2PkCEbvKNSpwwvPOa
2021-02-15T21:25:41.022112429Z 537 R1Xg1KjpJ6T1bzUjlmsct7RjqV1SYLg6OrzqfCex5o4OFZ1Mg8M86HbsqCUL
2021-02-15T21:25:41.090395631Z 538 Q9R2BEdfnut1sCaxSzVlD9SDYZDJthtODl0hJ8SdupgGMB14f1d3vfD9gu1w
2021-02-15T21:25:41.158555797Z 539 8N5nEQEPJfkjwFzFgHBNV05aHH1L9kc5aai2Ovzsoah6EHgeGk3Q8EH9QWNd
2021-02-15T21:25:41.226775901Z 540 jAKJAtZ1wV0FkaCxaakjMkToMCC8SPxZMDHB2iXx22DSDBqO9McwQ17ortnB
2021-02-15T21:25:41.295327193Z 541 mvHKzQtvtvgMdDFrRH2m2nA7a56pihz2J6p75HXxvAp1aIDyQd5DTm7nimNa
2021-02-15T21:25:41.363509158Z 542 Zgn5zyhRiJjjWGc6VOVK2jjBFQsEeavyKB42glL9WUDdihCTTGYVHd6L1lY9
2021-02-15T21:25:41.432015573Z 543 VEzkS1wl8mCSJiVW3PKHFnUV2yxjKzlVqhFfMNXOivaoe0nEBSaihIleyHlT
2021-02-15T21:25:41.500704128Z 544 ZG6QgbFfxbTVZ2yQ5fFYcihy5j3fTQwXwkppDmQnDsRvIrVkY92N2qLtXxDT
2021-02-15T21:25:41.568961163Z 545 EutLW8X784eKMg3tm7x1CVBXp25HPOvkK9rAYW26U8MT5hh3gqKHfCsXpKNY
2021-02-15T21:25:41.637134371Z 546 EU6zUlCWOORQBm7h8F71e71mYUEA9x7yOhbuHzTLhQchtAVgid9hpftEWpyP
2021-02-15T21:25:41.705108898Z 547 Wg3rzgBHG0rbVAerw6JUCYYhoI6VSBXjGYW1EzgK6TlmSPNmrbwn7bBbXahI
2021-02-15T21:25:41.773451729Z 548 09PtDeHmk7t1GMKw2Kz890MaYee0jUZuozzfib9H0awhHxLNL86qB5bVB10R
2021-02-15T21:25:41.842167505Z 549 LsP9PDOhIqx4nDoU8acd9OjGfQrjcNEsDhwF6bKVFb8uhR9yv0O6oeFe4hYY
2021-02-15T21:25:41.910136759Z 550 C1AsHaESN7yHE7N3KlF8iCgrUsfK33tzniV2vfUza5y2WzzlLrv1m9IBTLkg
2021-02-15T21:25:41.978900106Z 551 pICbHUpGD2rwdvBclVNij1dRoM8B9AxnmSLqJAu9nJbLSFFCi3pMYe95FvY0
2021-02-15T21:25:42.047396428Z 552 VgsbAcy5nwetxQoAiVQehVLOd3v4oBfH4sfGTSSo0woE89TPl5aiV02jyGPE
2021-02-15T21:25:42.115952558Z 553 AzFOofVDhT1Ek8z1V9aVIv2wqx6wvEM4UJnfUgpiOVZYxHrfnA3Oz90j3pi9
2021-02-15T21:25:42.184081183Z 554 uOYbGH9VlPMkpaNZ3aesJuaVcE70GnH9ZvY2QlyKcGklqehYI3cNXS9wakKZ
2021-02-15T21:25:42.252398181Z 555 Mq5ygWaL0c1Itd4ysWypmxyNuHlJjoIcRpKz5p1f6REDPIFiUclkZveG3BJn
2021-02-15T21:25:42.320217148Z 556 oGUK505Nez0WczLsB9sf2BkUyF09Qtw2p6WzA7XXIZIgoNFw0cA6Zs8Qnoge
2021-02-15T21:25:42.388159020Z 557 a7s3O9z8PSSjotabUdtwsRjNkVLbxljx4mtHEKGoDC0M51gKOYkrcohlv8Wq
2021-02-15T21:25:42.456278927Z 558 aOmQsmf5g9zvfXfyKaNJGVugRBOqGELa66uoavIriZ0ICi9KeSBso4tLbhXG
2021-02-15T21:25:42.524352147Z 559 WCHGhaSnbjWewf2vwpg1YjsEgkXpYYu1xNhLYihvApKJIeq21Wb5h7JPj8FC
2021-02-15T21:25:42.593126633Z 560 EGTsRoIz2poXoZTy5djmk56dz3uGecKS1q0kFoASbyBnysGEGKeelh2CreMC
2021-02-15T21:25:42.661969123Z 561 sCquoxqW6ngY0RjSkCcUIiBYQUNiPJoiEMjpCcDtfaacRvQ96K4lqgmpk0ro
2021-02-15T21:25:42.730823728Z 562 fifuEq4mx7gpRlzuwQ23sG7qBlSnEoSnNZYzF0kv64dN1Tv1Jl3dVsiZQQEM
2021-02-15T21:25:42.799598216Z 563 Rk53usUlLpnhgUFWEb8lY9RevqG9PGcyKgOSAiiHU5MNsFCPbXjtc4Apl7Np
2021-02-15T21:25:42.870984758Z 564 jCVUdf5JvDMUK72E8ene6whN6nrVLmj3pBxbZENA46m08tifCyJ5fNWtx5Uy
2021-02-15T21:25:42.936082594Z 565 MBnbHEDNYIH3EX2q1WXU92i1KjFURvwxTAlhi8mNjjaYp9yTDnHDz2Dex9rK
2021-02-15T21:25:43.004676518Z 566 Y4YHqIr7RTeBQya2XaDKzZPk90nBpWRaNymohvcsAHamtEu0HBTar1wv6953
2021-02-15T21:25:43.072120319Z 567 c2mXmBJs4CiRIjKijuBYO7F0K6Dn7LngRdkPJwTg9so6aCTsdFaGbkI0oJ8P
2021-02-15T21:25:43.140327939Z 568 HOwyTa8Gmm5bLszuNai9V4S1mZEvs9dJJlsNDACDxOmOdKJREolr9vyQvYSm
2021-02-15T21:25:43.208275873Z 569 HYgsdRgXyLzzwFJTXwTm08O2A4bOQxmBR5lxv6YDPMJcRAhcxywEs7fHzqNA
2021-02-15T21:25:43.276330072Z 570 Bb303hJApQCodVDTjrE5PS0Gv6EDGt2pg72wnrpTlr2sVCiNAvoalaZ4jUzo
2021-02-15T21:25:43.344553599Z 571 aMziU61L2Px9N877lddEBV4pXbUAXxx10rVEcB2BRfRK18B8Nb1LeOrm1OYe
2021-02-15T21:25:43.412138086Z 572 KydIPKCB0mcKHB0aashNWq8amjDPxnGVrGhvYtV7C9DqTWY3BNs9nL32P9G2
2021-02-15T21:25:43.480816129Z 573 LEzkBQ9nZ7vIgBf6gYOGCiy9Op0TTL2W0ocaXNaM5Ibc0914B6NtOvbSFoWE
2021-02-15T21:25:43.549018271Z 574 bXK1CaPHWB385Qwbl6fkp2BSaluQSFZCs1WdmLUm0rhfbxy7rqpOw624DSD1
2021-02-15T21:25:43.617192647Z 575 KzPjCMTUxLyovwuingvEIlNowoLWXy3AFXv4LLr2YQMkhZUAYQVoBUAkZL59
2021-02-15T21:25:43.685055154Z 576 rUBdYxbtZjet4eFZKzRIHY6g9U50f2ad0FSpFDyVjjhpIL57mbWY2fXkWUwj
2021-02-15T21:25:43.753374081Z 577 pOTyOM3Fqg4XWDfpyXkq8GjnJx0V9TQfR2inzr51JXQgvzS97WlA8NJtCzm3
2021-02-15T21:25:43.821892516Z 578 8WMC05JiXCCoavsMtoThRaiFoAIHm6oLmO47KJCm9WMWrUFz5dJ53j6KJ3bb
2021-02-15T21:25:43.890293697Z 579 fyXsfJzewemYjzeAD60RhIF8Ot4eh6xKrXF0heFEHoI0C3mzpSoXVMK10vMM
2021-02-15T21:25:43.958159863Z 580 thUgHY0uQf2vVhUzNvjkeSqQQytTKcBmoJtUNUHzDpEuamjuGPxlBAx6g0U8
2021-02-15T21:25:44.026505206Z 581 wSDZRwWvdauKCkRuAQ59aWbHmezrS44Hwf9gvSk5dwMFwZB7TBvAz8OO8ikT
2021-02-15T21:25:44.094561323Z 582 q1jy7BOn4yNav08OCLVvIKVWDbfezK9O7EijleHGPY8DHyMDbWkZ9SAe2bZF
2021-02-15T21:25:44.162846677Z 583 A19k20Qx6ILokY54Ebz2L0VtRcLyFSERhLNHL2BrKd5JsOzJxGSgEFjzzsl6
2021-02-15T21:25:44.231794539Z 584 rqcQMyqhLvFoupjEYLEyxNV8r41yZGozbAz02UMxXrf3WIhPj53wCSzaZOLK
2021-02-15T21:25:44.299590751Z 585 SRwGyLmi0zq1KVrM88wGhq3nEOFgcJN6JQjpQ0840Rvql413dBnwPQruPFGj
2021-02-15T21:25:44.367384448Z 586 fMTkqdEaldMSQ6HYSUXe6hWl5fnNQEu6rhysbYZxbJmtSTPFsPUuPIX9rtnk
2021-02-15T21:25:44.435876968Z 587 vumBlHpmLidONoY3g2OF7BUEXv0nl6XWqFIFgdlFSGll5xbjuYebA320EEQD
2021-02-15T21:25:44.504827261Z 588 IQ5AqjQp4IBFWkBXJYt3CnTHa8sQxYklBkThTVKh6qgzPrYEsSb5Z66eJeiM
2021-02-15T21:25:44.573913629Z 589 KHp7pdOzK6Z7UMwK9jbliXOusyiRNPDx20NBHxOC9fm4Lw1CCuEov3foMiHn
2021-02-15T21:25:44.642164065Z 590 JiTWv5LUARNrQ6hLaV6HnJpR57t6RqKYSscmfk13UQafToC47kZlg8zTr9qK
2021-02-15T21:25:44.710224783Z 591 uoxghIJh2BvSXucJfoVSFjTYhy1dnQwygDz5sOrgJ2WuNRsJrPGX9MboPSvU
2021-02-15T21:25:44.778282081Z 592 Q4COPXP5KEtXAXqCXKm0EecSFt8m3ylkdNEIJscqjEU4j8P3liGpkdXOyjL2
2021-02-15T21:25:44.846716698Z 593 rIayDMOOzifTZbLETQupLo7RvjHIHEPcoLu23Mmn3dgmYp5Kpxxp8xbzw2MC
2021-02-15T21:25:44.914703417Z 594 xmxI3SH7ScHYXCCg2KzLxPKVSO81VTTeafAGPwddRXHmZWhEeeaOLGFc2veH
2021-02-15T21:25:44.982949705Z 595 kctoTLnQ8cij9fu7sfV4wLakagcN5DDCL9O86ZdyRY0SxphiY5bUH2b0uMG9
2021-02-15T21:25:45.051784425Z 596 Nw0NChx7d7eOsZvrO9z4yD615QzPMWtfk3XCRiWHnH9nhYl4PuSC22K4Z9hV
2021-02-15T21:25:45.119814922Z 597 2mLxbkri1kysLjjYmSIILjz7qlgy0uw9hoJ5f17KlFYn1PcNEGszlZJZcmgs
2021-02-15T21:25:45.188925943Z 598 RCirUjykQparl1iDQUbK9Eh8EaAdF76DqYgHXjPJfFixRkxXGyCMV20lMtmB
2021-02-15T21:25:45.257943092Z 599 xcV2mt3Wb1tpIfgEMMQzAc04Kxr5doaGzFzaxdHRWtRyB23yg8e98f7D0J8G
2021-02-15T21:25:45.326801425Z 600 qw2emM78rjbSFvTsqhAddLMSJS65IfqifJdvyGo10uIeHnZvJ4tBlvEsf8Tt
2021-02-15T21:25:45.394814930Z 601 l3DuWx0XPf0vUklxMWRUbicrGmVk89eKOWP8Gt9dRV2aHcgIk0YC6EwKsgCf
2021-02-15T21:25:45.463066473Z 602 9MxVZ7PWjTbaDsEWTSPolqbVA7I8jZ9aLv3YPOdobD65a39Pjd0Tliu7ozX9
2021-02-15T21:25:45.532240046Z 603 Ot627IcIzhSCeWClzZFemDGvHlPa3U6dfeM4ff26ZMigoU1soq9z7y1irNaU
2021-02-15T21:25:45.600415414Z 604 VrgfnURQ0aoGCXB87qJKrH53uh6UuB8mF9weyyaMS5G7RhuXJT5iddtCQ9ma
2021-02-15T21:25:45.668843265Z 605 AAFMvdK0B3Lf8uEZSl6LkcFIE46woHQYCpUHetjpM5wCLHndamABXKkCsAnk
2021-02-15T21:25:45.737434947Z 606 fKkCmd7lAUuwWKLhzjgpTpYcipYx9lRFXDjyrBaRpp6GkR5V4HQDL7TzQIy0
2021-02-15T21:25:45.805658847Z 607 O2fjEYgG1oBCmhXCk96e7EFjaYrl3l533OuMZuEvpdaPpVRz0UTXbNFGHuah
2021-02-15T21:25:45.873637124Z 608 JUYuanLoLabvsT2NXg350O5IEKTnaJj5w4FV9aMiYBtoRZeRopSG1AQG0Hjf
2021-02-15T21:25:45.940903246Z 609 elwYFSaJdEaPUoeRmsUZkkIjKMTOROr4yh5qUmuZyKlIRBe8aJwDnuT5s15A
2021-02-15T21:25:46.009030388Z 610 QKzVbkKmWXFhA8tVg8Z9qBcFtBLfyW1ytdlJM4F0q0Qik84S7jvixvyZaNcu
2021-02-15T21:25:46.076863948Z 611 0nsU9392Rqg0Eds08Br9REoxU5z9F3egiNRbvUNlPawZ0bo2JjkuOu56C7DE
2021-02-15T21:25:46.144992343Z 612 HzJUYGzwrzRG5pkgH6NvZ7azpI019chN9d4PvCOROF79CTjfVie3weZ6tfok
2021-02-15T21:25:46.213163125Z 613 T7BlvOLdNMvVE2Cskrc8RpByc1j5hctfvwOXhRxWBaMHQOFtpcH1bJBGhqVj
2021-02-15T21:25:46.280978154Z 614 QjQai77y45XCWzCY9gbROpIPnCBMsJd4oXP8Exs7cs2Q8fDndgn9COOXOsto
2021-02-15T21:25:46.349092831Z 615 fTZ6y8lst8poFfBC9kF1j18PbYO3jhE54LBMKCkftwdhEHmQfAUvjdXWrXms
2021-02-15T21:25:46.417503918Z 616 zeqV08RaNoc3ylwF5Qoj98a8zqF89MwIpcro138ZwKOYJzvbcmJpiVyMWojN
2021-02-15T21:25:46.485524934Z 617 INCCthvdQ4UChD4y5pY70vZXo5iKHUMi17ktud3GPcwym5pnl2yQORY78W11
2021-02-15T21:25:46.554421391Z 618 GDKKBa6HNiAv5DaOrGtpbA1LGP1s03nX6M9WQ9NhOW4HLUdY9RXd54PwV3ei
2021-02-15T21:25:46.622839297Z 619 pUWv4qS1YgfoBCw1Hnyr6l7ECQSZb6ZzGsV0rGAdUmgStvTMvzXvYthProVc
2021-02-15T21:25:46.691717030Z 620 px7PtFDLPocXAKVgA1jmZ9f2gowf5DEkbrcMjVbaCzlxetb2qv0xxuhuheeN
2021-02-15T21:25:46.761085042Z 621 gydhTsLFe82sAmbc91rbNs59FIFUVyVSjH84ULmRMRi3ItU3BuWkPxQvDcsk
2021-02-15T21:25:46.829989112Z 622 nrrBKW3pN746BbIGxtUtTlqRE0xrXT37CGKQYGcrSQeXSFsOIF1VXVRcBS1c
2021-02-15T21:25:46.898814365Z 623 AuYVe7YdXbeFRrfuDJqEaDAd03ALsoOrZkWNsbkDqVIlSTMylRtDiyOYaHen
2021-02-15T21:25:46.966140067Z 624 akMwaY2uYdOCgVt7bO6VqivRvuoaB3IZHl6ePOcd5XMgUGAyHRDx1XNbCaK2
2021-02-15T21:25:47.033947608Z 625 Oci8alAnzI5JExjei5emPK4Ruqlp4Dg15RvcOa9VaLjlhNaSH8gqa2KwbHWq
2021-02-15T21:25:47.102823914Z 626 W8FzhLiJFg8jV8tytF9rnGevwdxhWzay5aX6AVG6M2ARIYfNmANY9XlPrG85
2021-02-15T21:25:47.170984496Z 627 8FzKOVjsOK3DnZvYwjcrZIQh29SPGQfwqlWMZUOs61RD3pWGJ4vdfian20QR
2021-02-15T21:25:47.239509495Z 628 xkCSqane76fR3zWt4M3qwgpwX9J1hbDcTbJynxjOcwZAN1Y3HGbZ6Ml33tET
2021-02-15T21:25:47.307244508Z 629 8pdPqQqT3hoccgI9J3qUeD8yzVY2Nw15hqs0MUmH7DoTXCASPJS3qkRUtA8O
2021-02-15T21:25:47.375675933Z 630 lpOAtqUvI97QYIQf18aBrytndZHnGuMAFAAoEnkPyBQvUCq95K1fYFQe0miJ
2021-02-15T21:25:47.444459066Z 631 BNPmQrottOHcUgOhlQF5Oy9WuG4dO5c6R0bhkYGaMekW5tDtl2loHVNfTruv
2021-02-15T21:25:47.512332930Z 632 Cd8HbU9JBY1B1fy02ubWZKETB1tvsxQRgcm1yufqXGpsPQ8VmPhnbcbobKp1
2021-02-15T21:25:47.579942912Z 633 0X0FvHS8Ul1zfaMY82RSBWIoRUtJc2jx9FJFrnoJ2ZLkZu7yshgQy1lG8COp
2021-02-15T21:25:47.648714309Z 634 ABpnLpMow8THxDklGwlfoqrPzBmdXQs50NKrnK65qmQWfvoSerRXmyw8ndBF
2021-02-15T21:25:47.716412774Z 635 l9XiZD6BGSUAjjdNapi9GgxlUqdBz1wxXQguQzovN7SpteJ2FUguec053vbb
2021-02-15T21:25:47.784824095Z 636 YWcLQlt4fOf6HMpEP91ywIleEHHhnjXc9YCXgX9EEi7uv7HgVqOrbViwUlR5
2021-02-15T21:25:47.853475106Z 637 haUEUKK5L4l5KBFuZdsnFiiE5iSRDUOuGhhQlJHj49DZmBBVuR2V1NjlJ2s9
2021-02-15T21:25:47.921467684Z 638 AXbYOajJzlZVtRhzcNX1J3M83y9OibS22tOQYYDISPPtpb13soFLXMecCp4x
2021-02-15T21:25:47.989903081Z 639 HwpmMoG6LzH0EpHFjhfpRfQm69QtONtd9vfDivF97cALlzD0krZK8wHVO17d
2021-02-15T21:25:48.058690211Z 640 Gw71rhTP4KWmMecL2CrVc17ON3yIHEOzi0OFfdtfmL69spQN6NuA27BhmDxa
2021-02-15T21:25:48.127546222Z 641 6UnuQy2HtTMutsZJl2UNQO4hlBzpuT74wvsinZGOS6WKYVFAXudUIXcoD44W
2021-02-15T21:25:48.195492106Z 642 1AvQfTAEM4mvvc2Q7kcmmYSUSNgJ2afdaLC46LuNJb2hEOi6oAahXZl7aYqm
2021-02-15T21:25:48.263944075Z 643 nvRgmUvBecjRaoyXsgjUY1JGJ1sap3d3Fu5iCwof1pPJ2YUmm4SD2qvbhfQ9
2021-02-15T21:25:48.332766414Z 644 WIZNC8FsTGU3OJuwy2ZELOFNgl7T0DfDfB4u9M0xffO39XsSYrDI1a8yQHfi
2021-02-15T21:25:48.400522960Z 645 ZVnq6MF3rQpuKmHL7J7luyfB0V53sW8iUb9Szm6lkZW5D5LCevaJf2vzCtVs
2021-02-15T21:25:48.468960923Z 646 tvkSZ2gzwJFJ0Fn8wsyhXOXS9qhZBLufeu8sd8GVUfKFtP2QiQOy2Yq2poXd
2021-02-15T21:25:48.538061460Z 647 GHeD4Jyp58WJBytrLWXuG8I2JTEa9E2RfdIjofxE1zt6QPPqt6PtHRkgV26M
2021-02-15T21:25:48.605952147Z 648 meIVEOrLV1WdLWwHTKPw5z7HjgY4wYJYivA7OwFPivuFESWE1DxBiV412bCh
2021-02-15T21:25:48.674900589Z 649 BTTtzgt6mEh2UVFL98bIO0182KcOiynWPOnGzTRGHNkVC1vfUDq0SmfGNTZd
2021-02-15T21:25:48.743999117Z 650 013d75TRhcOO7f8JbmI3Rwpb0Hr6SljvJUVRXiAt7GZBwKmYe7kIqaU7Grfo
2021-02-15T21:25:48.812376288Z 651 Rh10HKEGrhqYGvrPfdfdIYdLriHuK4aX93hktoJrsf7NG28QCIz6dB9ahalU
2021-02-15T21:25:48.880156065Z 652 dyecmXIP3b1PJmkZdWocq6LENsuP3WGRWUFl74s3hixaXDF782X2hcwQesMi
2021-02-15T21:25:48.948280493Z 653 WHWjiIVkwW367oqVKe8mYAo20N6rVKyOpX49oOULABDgeGGOCpGRLWogQ83I
2021-02-15T21:25:49.016324252Z 654 ccVGIJP50E6g4LEfPKNcm588NucTwrHGiTUrcwfXPWefWArQeHw9F4QUd20q
2021-02-15T21:25:49.084453541Z 655 6bCrFFVu9AbHZRAYqc3ZV6KkW8cbDYMTYlPEvIjjyaHg6HItpLBkQacdHwOw
2021-02-15T21:25:49.152913316Z 656 X4BdsMF8NAoFJNyPhuOf5qAwXE9qmcZMEXcWXoiB2VZfH1AW8qMrGk9UaXTp
2021-02-15T21:25:49.222061635Z 657 mqeYShmwKEMA0eZnFU1L433dODsFh4lWsqcnCYtPPHzD2we5ywm9Ld4ZmIoa
2021-02-15T21:25:49.290471546Z 658 kU4rCJwsKbU4GFmTf55i7yFLQuLwr2DJInFxFC98a7Mgnn3Yu1jgDQSsigzL
2021-02-15T21:25:49.358383145Z 659 ROVaMCz5LI2JsVgwbjDLEayA7Z7yJWPpzv7XW7N0d9L5tLnOpg170Xv8mKWu
2021-02-15T21:25:49.426524406Z 660 ouLNPiBfUinTNJD0P3OG3RlyAwV5Gvmz08xcEKauAMgZ2EKQ8W5WOAKQ41CS
2021-02-15T21:25:49.494746235Z 661 c2oRatJHcjJqpEomuDoTGizThCXef9XkcrkxRo6UICEqaoc3Hw2dat7gouKX
2021-02-15T21:25:49.562238084Z 662 TS1Ve1Jw3xI03WtGh1Hgf1w8U3BVWv0CvGcQQ7Gk03Yx4IgnKCKE7ElsJHM2
2021-02-15T21:25:49.631098961Z 663 Wz33MNfToeoQiYGJPOdGXBPkTBcJn3mlig5YNgagUwXWnHd9R977CDXytVtn
2021-02-15T21:25:49.699358002Z 664 27fk30UnDWZTw4l1rwsZDsRMWK9l7R1doBvkK5cAunoywxsD2NUE2bgTyZfE
2021-02-15T21:25:49.767010139Z 665 JwDamvNYm9RmZccudmI3C0AkOOz6tTb6dLhftLZHLFLN1fjeUt926RFilvFp
2021-02-15T21:25:49.835230163Z 666 9kj4cEIVyJitetrbfrOaoZu87WEb7dhcq9Gh3GkJ4ofcHWUvfypwrNpeEpRv
2021-02-15T21:25:49.903301400Z 667 VWZKkOjckbsVvauAJJoEbKdE1gVH1KMjxhT1nMoaGR6qkN8ohCgk99aeSeIA
2021-02-15T21:25:49.971689769Z 668 EX2GK7Br6VQuoxcusPzKX1vWQKhhTWwfCMZIPE4LfXF24h09buPDcrsHWkew
2021-02-15T21:25:50.040524606Z 669 MraFIOew80dC4IyCMhsg4Ughfc7MpjQxPcvNx4ZKIGWtLqfqdkkOM9sCnYML
2021-02-15T21:25:50.108996102Z 670 ImktfVAAxUDOpGjwVJj0kzRJ2x1INxUIdHp9XmIOyzuk9fDrjj8MwhJqzcRR
2021-02-15T21:25:50.177166551Z 671 jaiNB7fFdhXw0xJI1ZYkD0mtVV2J6Wd44n7hgUQgce69HXszfOIlpVab4bBI
2021-02-15T21:25:50.245106572Z 672 x7Py4G7XRN1fpNKn2Q5kPp6kgkHlvfuWPR14TIqPUxUMOOlSO6GnQXZ3eMxc
2021-02-15T21:25:50.314095654Z 673 vZtifcF5dPyBCMYFAUvJnd5RKkSQ66nNEQXYF5Rmvhiu0jmY591n2geO7u6f
2021-02-15T21:25:50.382125275Z 674 2GBQU48wwfDtQZwQJOHzy4iWy2DqmWeohtTn3orcVbBIgERJpoFgxgkkb70X
2021-02-15T21:25:50.450180241Z 675 geAbamz6gDA4U7eU48rT6agExirXvNF2dGuLTNfJgCZ7BB33UORYoNa1ZTrU
2021-02-15T21:25:50.519086311Z 676 hLwwmIZxfycGCEkVkEb1vZmjpfyuQkm8K8l3rfsP00vCsifd0xVdMCOQBKln
2021-02-15T21:25:50.587722853Z 677 GncdNZq8lcuishXeAu90ZiYNlRA4IfDjVyWPLN0uVxdiwTKZT0MNNUrZfXFT
2021-02-15T21:25:50.655234839Z 678 jdXcrVTz2nklSH0OoervbwZuvmjXudZO62w3oTUPm5JHodm9uzbxQZ95UxEa
2021-02-15T21:25:50.723140625Z 679 8sUEpAxs8iXAoSVWTwKeQtmZI1mhRXUoLjsvNbnVMbg0MGhmnb25qOkfRG7N
2021-02-15T21:25:50.791750348Z 680 ZKneQ8dI1YpGACXsJy4HVloQA315RbEtWOt2zBVHWZpfZSYfgpkRjj4TZvwK
2021-02-15T21:25:50.860884586Z 681 YRLSQrA6HWtZq0volg2unCuXkwMPQlqRcaBu5tq2vv8XJU2m8Jf1Je3ecRKw
2021-02-15T21:25:50.929625464Z 682 Bo78XjwV85UXT2mePH9j4Fzu1EQDVHKLAjdc6VGsOUj616cOThgtIMAT9Zqf
2021-02-15T21:25:50.997221576Z 683 Tb7YRVKnhak7306vmEWLKYQ20uJ9LGxwwoMdl0CDDdHPpT9VIAXmaHvlHfwi
2021-02-15T21:25:51.065474374Z 684 5uVi2oSJ6yTF9i7PXLahKQVMWcLW1fObVHCYXhQG0CIXbwx2sR7JMxfd5K5l
2021-02-15T21:25:51.133226570Z 685 1zAHSalw1Cls3QrH09oRMJ32IYqQFrKdfMTLgiAjBJwYWi2Xht8hxjOO7G9k
2021-02-15T21:25:51.201258974Z 686 bmYu4iivCtuwnZXkaXMsRAdv7sA4FpfMaWkAeo6I1XohdZ4kgrXVoHMypam4
2021-02-15T21:25:51.269532196Z 687 WpaO9HnApY77yBSu65APDzMN2A1ZhTGbBzCr1W0Dyt7XSt88FVeCMZpEUCeq
2021-02-15T21:25:51.337660964Z 688 oVOgxw9eeFPyZdM1zN55U9mpicEma8eqhgPxtmANP8M8ByIj1RW3ebcxcbBZ
2021-02-15T21:25:51.405352008Z 689 MLpIaq7oSKsJ8QwqpyYUBXbiflfGsOgxQtSpDzy1XOllWwxon7mnJna2FWzw
2021-02-15T21:25:51.473621413Z 690 MtskFmarFZLO7r3pQoacpwJCksx9bpH3Npj9PfQFZ5BNBiD7UsYSQk1VoLSS
2021-02-15T21:25:51.541420354Z 691 B3YkZOGPRZg4CmqTxjhms0j2nvgDFCdcdeCL8ok0g7nISDIYSRv9akoJ2fsi
2021-02-15T21:25:51.610641674Z 692 gyw4yy1c4OdrZx4xwluUqCynV23yyd7TZ2eRNWhu5w7WDSfSi6Gp8VOJMWy8
2021-02-15T21:25:51.678701345Z 693 gtkFeapLqXZobpKkXqTjkEoG5znVyhRFH2c0dwnRLL6KFM5QNO6qfNW1MIc6
2021-02-15T21:25:51.747372945Z 694 JSlHWFIDCnWyWtrEVvG4gstk7MIr9BJ74X53jOZhbjxwjrvqXm1IfNzC1V0M
2021-02-15T21:25:51.815950048Z 695 ZmX6nYohrGqtHxe0x3TiotddwezXDOz5QUtZsBwUUrHUgApF6f5RqjxoFC2I
2021-02-15T21:25:51.884138040Z 696 FCLoOiIc6j5OJ8ZLrUbQoIcjOm6PrlzbLkXCVLbEiByBZCixJDkPTdbvJ40e
2021-02-15T21:25:51.952789587Z 697 y8PfvBmZDRdenBveag6HmTyqMLmKiTBglWP2gEbBgqlF3wilpEMfDIAxLTfB
2021-02-15T21:25:52.021087054Z 698 5dTgXx2O25vmZeIeGPW7D6zqFGiNwHQ06NWz9YNuOVXz3MTkYASdOUIXUOFX
2021-02-15T21:25:52.089226331Z 699 QXRqaes5cjXkrnamCrMIWwQ4dLXnidlpQZ6pxahbggd68zuiKeeSSUIKUC24
2021-02-15T21:25:52.157291332Z 700 79yRvUyaGY0U4nIj6w5J18v8Jc0Bl3POY97hxort7ds5ff4yoqz7ayw7faJC
2021-02-15T21:25:52.225491103Z 701 4ZDi5QTyQJQwDV2yx6Yel7Z8RSdOIPsoNMr3qGfXG9rqPNuSCfGLThAor3bw
2021-02-15T21:25:52.293860391Z 702 vziwiT8Vh4eGq5io8Ni0AnAvFiMPP1UZ6nlCmmI5eD1qvE5JAuZ6JGYJf7uS
2021-02-15T21:25:52.362294775Z 703 QqBQ6jq0mdvDrYmta3HsdaHjA2O6Zjg2XIdU2fAyqI1heWaGdnK45lcrXUcK
2021-02-15T21:25:52.430129458Z 704 66Vt37vt5rfLnfsHSju4qS53xT5x42y18fiKN63gdawdVbJMzos9gbg4SDo0
2021-02-15T21:25:52.497870564Z 705 q0WDmQcFPqbUeFUGMzYt8MlJ1a8jdLMybum6BShwrjFJGqwco6ByBGsvH70T
2021-02-15T21:25:52.566603131Z 706 nspvgbqekgmXuiR96CJM4u9pN4NtYlR1PBZ8vMQcopJiCTF4h3Omov42c5j5
2021-02-15T21:25:52.634823315Z 707 KJ33k0Da3G5foXIqTiD6PC4ZhNKbYAzMDrrExwVqINanL3bk8ffKo51lC4CT
2021-02-15T21:25:52.703934592Z 708 SuEj7bvkBKJJO2Xz8xt9VeOCifVnHIeXxakAJs4mJ3i963keLjkIi9QZgx0j
2021-02-15T21:25:52.773221046Z 709 8IzUZjUFhs8UAPwbwTvSe6XMSM6fDTRYKPQfdWFGD407bljT3ttj2Rl1Bx44
2021-02-15T21:25:52.841331404Z 710 avLqsy53NeOy3BQ5Sl4MAQz78MuUZBgP6AAj1zZMP5US7i1ozpr2OBHz6bjw
2021-02-15T21:25:52.909194776Z 711 SYLz8NieYEqqW3o5stF5oZgLdbjoR2hDpcT7i9BIo4iTHoWeDc73a7tSm6AE
2021-02-15T21:25:52.977654760Z 712 xhBPfet5F7LjfR549VnwD6ZjC2C43h4UJ9iOzlTmsRkKlYsU99Lb6IBOtC8o
2021-02-15T21:25:53.045400294Z 713 5YprAxEZVZYaUyfqmMlqT7zbiYqXz834wGvbp2sA2NnYvpZ2vfKfcGULBdLj
2021-02-15T21:25:53.117884707Z 714 Vn6xpRseRtXClcrgSXTVDYGIY9oONzIWdMIlG4WNsEVLsaalmFywSbXDXcbL
2021-02-15T21:25:53.181856577Z 715 AXuWz7uVMaDq9yT24Zx4h3ajkvNSsSsFQjsl5cuUaLoJdXiX3xjqgvFc0TfG
2021-02-15T21:25:53.250301411Z 716 HS8uuAeqqiOdHynN3PD9VEWkpZKnA0CHqJdZtKV4YpLF78CtFQTKA0kmPMke
2021-02-15T21:25:53.319234169Z 717 AUu3RqClOs5tkhFHlVOdXEHoL3OKykud79C3ug0DdQOVO9bju4dhf0tjSOZ6
2021-02-15T21:25:53.387895827Z 718 LMnxCTZ6DJEYmO67mIB60W4RRTeXY9eID04Pqi3G9ikladMWdLRuAQSy4Rbf
2021-02-15T21:25:53.457073657Z 719 6fXkCmaPg3ZIg27lZyLeMAeqF01m5SJKX0aC2PRdhm7O5D4fKzTYoAyApBfA
2021-02-15T21:25:53.525369543Z 720 xLStlgf1bsJ1TI4YNB4QTvhF0tAHQrXVJYxeYfVbjt4lGOMYfW2AQnZ0dBHp
2021-02-15T21:25:53.593257026Z 721 OVDJXSItFYWETMqTcw33j08p8aazpoXi0jkkZBxHAl6qhWpiPnIxVD69Rd73
2021-02-15T21:25:53.661918301Z 722 1eUDUkIFKvH4KMKta9pHvA7qk4WYLzKLAdTEvCVt3Im7ZZUjAPEvua3DMOER
2021-02-15T21:25:53.730536507Z 723 kDFf2JFdJPYeiwQproUoptDr1huqVGwckN3oZwQmBdA6Mm7maJc7xBG4bYXf
2021-02-15T21:25:53.798531902Z 724 uG8e7TB7COJjR7MdCJ6bqC4SMkVFgwyFiPJR7zJad5oeivPrjHuKHKwmKUss
2021-02-15T21:25:53.866589476Z 725 025HYbdYWjqWaH3FpDPPZoQkK92JnGgloLPKIIMKrQViBuozrGwRJ6kiCHsk
2021-02-15T21:25:53.934437838Z 726 g0kJzjG98xyCBhjhOWStmM94Qc1vzSO0QZWnNzqg7RJR6MDLhSd3RUUYaaIb
2021-02-15T21:25:54.002640812Z 727 ExoAi8byK91n7F7XyUxDzcvWOKGG7sc1Fyw1KA0Cx7QZgcVvIBaLP7OVN6S3
2021-02-15T21:25:54.070658984Z 728 I62GYqEVSfum3f3G5qMFSEnoOxgg0VbmNxXMIWesW9TqfVlwzu5wbJuaTVGR
2021-02-15T21:25:54.138707231Z 729 SetE9tBPWVF9FI0bt89lX5kCOKtxbsUpKY2W2FKigKmchXwPISjX251FvH7I
2021-02-15T21:25:54.207179219Z 730 zkkGgMdaRroJ83qWRaIjjLX8ieTnSpJlaF7GI4NeiHUgEYGWePWJik4wUxLR
2021-02-15T21:25:54.276060964Z 731 bPoxkqxLV7Ivb6rL5YC8C8UH8E7QsCZegYTK1HzePATBDAi2zp7fRXmVjIFe
2021-02-15T21:25:54.344710190Z 732 Swof6w2XHH54kkMSBIZffJ0GEGBHONa2MKdFZbOdDETQk6zdFstw4mZvRQzd
2021-02-15T21:25:54.413084454Z 733 VywNhjRanyVyq8OgvfAGXTYtPgWseQ6sLpmrSEvLzIatlZb0rTJrhih9MBrW
2021-02-15T21:25:54.481667403Z 734 z4g7rnYclWVqfxhBCFOv7KUM7rsbEvkAEV2QQsVAUnDotAW3v0UKJ8JfrqNh
2021-02-15T21:25:54.550102974Z 735 Q17AE9w0CCa9fppwt2zJBPWdjKjBC2Y2xPjflLX80Q4L5lNxgG2cMGZ44b4i
2021-02-15T21:25:54.618154603Z 736 ZrES2dDmX65QVfZi0x42tonJqp7tFUmCxsiFoRpyQfeXJM5z92Xn3UfNGXJp
2021-02-15T21:25:54.686356482Z 737 ItBGKmnVeEj3RXIpg38gyddeZ4TZyTar4ntDaeRCgV8xe8iZMvrHAKfsTbLs
2021-02-15T21:25:54.754301727Z 738 X5yycBgw9hYEMIYD2nSStgQJYRLI7g1q8luohz7J73HZHMjMCZLAr1winENT
2021-02-15T21:25:54.821937419Z 739 lj9Vj5JpJubXjNshK3csnChiTGjy5uJHqHQc4aB5usmlTXnGpE0mDtj9YbOL
2021-02-15T21:25:54.890617842Z 740 lUWGvnKmweGOhems6G0jvi8GPeqJXcOXMPD4sjIetqT4VFzmzfdAt6Q0t41Q
2021-02-15T21:25:54.958540843Z 741 VO4RfnsBEtobSZoRi6UzdUHGTW9DdncHqS0bAj1dQY7OpxHeiCdVfzkkNomu
2021-02-15T21:25:55.026590987Z 742 xpwUBNTxBZtimwW3GEXOvqP7igVI2Ishb1WYQP2YXrNQZaj8n1juWNkBps7i
2021-02-15T21:25:55.095019444Z 743 dXrj8eipw5DjOE0rpMJrnehcZYnzHT1khlwe7khxRGwGDZHAyov0XCOvES4j
2021-02-15T21:25:55.163409104Z 744 1ZgRChBKwjIX0fMBdRJZxtBxuBCe0tDCJxhSrj6CWwNw1nGDiDK8kYrq1zug
2021-02-15T21:25:55.231785215Z 745 eG0eKYWpDj6HkveOA84Z0GloG9ntBeConK3HQyQjJuKvWgph1XVXoJe3b9tn
2021-02-15T21:25:55.300024652Z 746 jmQi8F5CV2BxEHFpzs9g8TNWjxuETP02oLL5ddTkW6I5zOvnmw1KafooCbMk
2021-02-15T21:25:55.368861924Z 747 rI9oPJQOoceTfDzcrHbPKKYyitGoda8lZAyRvXhHvZVAdWV2eDgt2yJGAsic
2021-02-15T21:25:55.437609829Z 748 xACiIDorWnI1JK4OqmqyPinBHIfqZTCPkQJinZGGkAj0oBjWfL5CVXznVAvI
2021-02-15T21:25:55.505496903Z 749 8zsRqAAqBuIBLsWw0DTZUFLCejJHL48KlaksGJVcMoJI26PrMOejbRvuZEUW
2021-02-15T21:25:55.573224901Z 750 ub2wLEeMs9gwj0yvqALzWI7aXMcjCAdknHeamp7MsD2wh0kycicIQ42RWs3c
2021-02-15T21:25:55.641532174Z 751 3JDeJqJwlJeyygzy5JJbpxJ3SNk6uyk9ECYB60ostteDiYgHzVGQxK5dA10V
2021-02-15T21:25:55.709958718Z 752 vQZqhMZ0Tte4dtWztg03CKJp1CcpBwQcY4LG3W2iUFOANX9HgULCwgKBzYA2
2021-02-15T21:25:55.778003161Z 753 dDAWRafzWIwnZ5K3iIVI1z3pQHhWjwfrxqwLlJZRy6WQNt1LE7NFIAuvjikD
2021-02-15T21:25:55.846161320Z 754 cSKcpf8XZCiNW8YwTvB7PcVG5VSj2CG0np4LTNjKj85gPKbdM3EO8vCyxs0k
2021-02-15T21:25:55.914420949Z 755 hpzcNqQuuLB6BKn0wj6QPKfqv9uBD1YxeI4jiocjBldF5Cg6WIZGbFFIDQrE
2021-02-15T21:25:55.982925366Z 756 mkoNNEFRB5H9kkzxYIp74fq55sk2TObm1YBdUU01zmpWwjgOV6r8TXTpSyo1
2021-02-15T21:25:56.051202761Z 757 BGPFRmR5MCNOp1x8bWRADqIfnaid1TZ5YEVYyEvhGo1uxGNoaO2aH7YQffxA
2021-02-15T21:25:56.119175276Z 758 vp7TjznTBOZrcz3Dl35DQROCjme0Pk5qtpDefay6Uy3Pm9aynwRS60hY0tRb
2021-02-15T21:25:56.187320489Z 759 rTozmXFqoO8h7suH3mXyppy7zWmTS0ExmtWpA9AfYII9gDPSLjCbzAJbIGoT
2021-02-15T21:25:56.255241665Z 760 18nqrRFd3WtP7jbZ9Zt4UelgOZ5n99eQyAM2L4Cp0tfLBUCPoQF98Gb6uZwk
2021-02-15T21:25:56.323309622Z 761 wdKInLztkxERq2W7UHjIPgEA09ETZmrTQvncEtHblpXjI8DRHANYx7Uz0nz5
2021-02-15T21:25:56.391295412Z 762 ffQGMVbaMImUVMRqU5wywEvI1C5f5Wnkr2xSRWudR4bpepbFQa9ZpvidTkWR
2021-02-15T21:25:56.459499658Z 763 AENLhtr83BebG48spaRdkmr6dzdPmFHGHKa1oiVUpvLyRDq0LNf2BhNCGvFk
2021-02-15T21:25:56.527779396Z 764 WB4bYG0xXg23t8vqq9VNtOy7CzA2nEFXFZMvZeyFRs5bAUsa3dCpPrmfJQvh
2021-02-15T21:25:56.595422953Z 765 WvkJIwdeZs7mRY21mnrriXci6wydSOKE2hngShfveWp7yaNaxXjGXY6RF7Zz
2021-02-15T21:25:56.665156620Z 766 x5qEX2erEWHbScBwGXSAbopxl5xBXfDaqkqY8TPYxSVi87L1saUVkhx1XQMu
2021-02-15T21:25:56.731562701Z 767 6bbdjDyM37t4g6Re6U76wy4zUI0vQlmRgH5z1R5HDYZTY8jwzAJycoSvSzhS
2021-02-15T21:25:56.799138259Z 768 elZStB2f0fkJvb7WXadW07KTbT7YWcMhhCRbtHRoHUnCpPQfD6nuu4eyUqrx
2021-02-15T21:25:56.867263230Z 769 0imzjFOJJcaibkJ4dTfMzetFUq8j3tJCXfotSN3Kw1JAn2SDZeq4Nlo4wmzc
2021-02-15T21:25:56.935298318Z 770 VKNBPmh1Db0dFLqPBId2rqcsCQmzHfsGzMTapp18zzDH5aldz9vDaewxr5xD
2021-02-15T21:25:57.003160400Z 771 RhgbAxHOVqG6wSqWY0Nt7EQbGhrvkKiLxzeJsXFmcW9DRSEt4VH2NxIKMzSc
2021-02-15T21:25:57.071355757Z 772 Rg6DzgtVhLCIBil2zfx3XXUtEagfc7YsXfFX5483xSstI3P5NTnv8lq4vOcn
2021-02-15T21:25:57.139660277Z 773 FPpD14Nvzp3ZdP0gH6PRMfGmDeehPKH4PapOyC4cfzBGwHhveSWxn8dO3yxJ
2021-02-15T21:25:57.207720635Z 774 vi5A0Ua4ByCMgqh1WaRn863gOplzVJFG1D8w3hAIe3e3RG6HSeMr9DdlNJ3c
2021-02-15T21:25:57.275769649Z 775 6Vv0CQvNM3dkRSQRzlHpigx9Tv0Qs4IIUTyurhyu3iW8WET08HO7ftrbY3WQ
2021-02-15T21:25:57.344454559Z 776 IE4bmJI3LeXu0s9Vzwf5JDHUkPpiiL6MOxcn53h7J0OjXtKEQxTeKBIuCewe
2021-02-15T21:25:57.412074816Z 777 LIFIX9UyEEPOc5eKVBYWgBD61TjhsDKOgNsnqFoaznuUNZjXcQPiIWYNA6Qi
2021-02-15T21:25:57.480100653Z 778 pI1UXk7XsBjK9wT8eqjjeiuDmFoy07WcLvAW3wE4UraqVtBkWi31cT6HliKB
2021-02-15T21:25:57.549004893Z 779 xlItK31DSaNCA04YXs1kFbXcuMnIM2VHMl04duTAQl3VIZkUpubzOD9w3YaJ
2021-02-15T21:25:57.617411163Z 780 YsNwjDF3SCGrX7kpxXrvrALRPQ1ZkalX40CC4hiiKZ8s9sWVHqu5hqpUWUWB
2021-02-15T21:25:57.685733286Z 781 QUi2owfyNFRpe6W6PIKuMaVbyuZtdN39I02etubLWaw67dx7AbJOtUDBzN9q
2021-02-15T21:25:57.754007902Z 782 xQJdywxNCRuFm5O5V92jyeBhBm2VjA7zJOLH0KlT5bYUyHybv4TPRABVOLzD
2021-02-15T21:25:57.822804640Z 783 05mMdQ7dF2gTzSgON3IPSQHvMQirqaxQ69JnFzuXqruM5LDzBmAvcTPYgNPy
2021-02-15T21:25:57.890968209Z 784 5jfmn1rTNG7G4Y6dGbFV8eTQvl7r8swBb0HpZz3y7HhKhApIW4R0EDhnupYj
2021-02-15T21:25:57.959596155Z 785 93BoWkfrWOF0J5pdBIg8pnjefQjOnVRwa2LhdDN45DQFPiSBiSlHANVPeYU4
2021-02-15T21:25:58.027909605Z 786 jmbMDJ98ERlns8JB40Js3UfHZqfgcNHLbNRhJw61LEkBHZKRJyqPHvRxFpXD
2021-02-15T21:25:58.096724951Z 787 tE1I8KEjufy9pOD2hPdElGZuaXR2atWviSjC78K5n9Y2m9ab0W0xek3x8srJ
2021-02-15T21:25:58.164325397Z 788 lUlO0qfUvAwrkTLaezHffAz5JF7pGnKuHjPg1lqTOXlcWJfPVTV07J5MLl1H
2021-02-15T21:25:58.232956173Z 789 qLSXhn2UPOI48YsAyA7WZwooCVAv3WHQrgZ4yV0rUH902oQBPGojJboiy5lf
2021-02-15T21:25:58.301604181Z 790 PynuEkVnUhBOQzMOV6376Iz8MyQJUGfOTGinTmdtUlzW5nnO6rGt8Jqaz2KN
2021-02-15T21:25:58.370148849Z 791 bN7MyLGkyNQWmWaSiYMqHKkGRiH0HieoBux2pFFI9uemYca4h3SafGhPzw5R
2021-02-15T21:25:58.438065508Z 792 B0pxjuQMOsCXb5Y0ZQ8GzHrTf3r33tuAXeHl0VQWw8MRg4FvBA4c9IJtVqqX
2021-02-15T21:25:58.513885032Z 793 V17as6TNojfY5mAuvGMrEg4Y4pRh9J7JjWmTB92qUcOJ8Mx9vsjEaydl4Nmg
2021-02-15T21:25:58.582255082Z 794 AR8iGj0vK0If1LlCGJJK2OoKd81cGUWuxDfcjHNbZXiAn0b2ubGV281TVZyX
2021-02-15T21:25:58.650329746Z 795 C83oFJx9tMGYqr4opW0daubzDZmok37y4HnBI0PghXOUAW1BmG3IgaUS0Dph
2021-02-15T21:25:58.718207705Z 796 vf7Jc7mbwkqEsRfZG2A6DFOwW1GF3MSXvM0ZgQ36b5E6AhnCGob6gOGVNrf3
2021-02-15T21:25:58.786289071Z 797 U0UYeJhSlP8LNBcMH0jLaaX7M4LzmmBs3JDHNdRLmeGuE0H2NSASIetblJy1
2021-02-15T21:25:58.854312868Z 798 nzGY8QlANZaDdGrUZDXvPMz1wd1iMWuzlILKzK5NwMs9V0wIdb8VppUnQiSv
2021-02-15T21:25:58.922328276Z 799 28Nf3U9WaIx8RmOBTwiLCsa1x2KWHNWoSXOnhpOkX9WURvIul1gHJhCGPH6k
2021-02-15T21:25:58.991005869Z 800 Md4gLRKDSvNJXuLrkgEivWxKLLwviS5fOYsy3MnTk5YcAro83XJjX5d7hpVO
2021-02-15T21:25:59.060088944Z 801 pY8fcsPpbe0NGM9CtE9BPS4ifhXWKli8EBWTgaRl80mvcsVuR6UPvG405N3x
2021-02-15T21:25:59.128977318Z 802 FlFrXZXdsZNnIrA2IvKi4ipjEFYfjHrNw7NFxvZr5HDn3FIsnAzmISTyhGyj
2021-02-15T21:25:59.197220003Z 803 r1smFXkf9G8SAxkQnBun9BxUsOmBOJS6ZjvUmLuJmvoBtoShS25jzzDn9XLS
2021-02-15T21:25:59.265367303Z 804 6sRHI1a21KfKSX8rro9Cii4p3SH68BXUqx9ixFXpfOpjf6nsBwEc00GdkPX1
2021-02-15T21:25:59.333480932Z 805 arBc8k0SZBeABtElMKiODP87k5Fbb4JBFTkYTPoGUD4n2TRZY0nLDvOsBLF6
2021-02-15T21:25:59.402049649Z 806 DLxCcSpuQs5LtUSMy1vMz9LHRKUG6EHAP85K46meygaeIXb6e1sqdsYx2A8v
2021-02-15T21:25:59.470762295Z 807 oFefPHqimYrFJ6o66C2KNOl2mbbicEd7YblosLhQ9EdWOgXx3gSmRUf9w4zz
2021-02-15T21:25:59.538336055Z 808 TUSXPNlypmjrSo2MtoszuI1NBnOMo8usEYo7N4Uv21DtyRmhPPGXjf7esF8X
2021-02-15T21:25:59.606520828Z 809 Xa931NsSVUUjMhhKGnrcz6l89lXsSBpIvlROfTUV94QrQQbaSHSCcMadTOBO
2021-02-15T21:25:59.674509739Z 810 kxCbZEQR3OHFLqcLdW2m1t96vUIIdI7v5KzUsbMXdetUlngWSyEbmzIsUIsx
2021-02-15T21:25:59.742477635Z 811 TO3oNMGNl9eZXeNCEhzuCpsTu8gmgP55wFP9v9CsUjMky4Lu8Tc7k1HkJ89u
2021-02-15T21:25:59.810429535Z 812 VbqVLOT9iWb2Qz2yAzR7SX5Bng9tiE5imNbAdQaoCehlCDclhXOeXIJoAzyl
2021-02-15T21:25:59.878933204Z 813 iKVXwTasqPqXVzOVe7PIyr6I6yKeys5EzuzH4o0oB67KTx8HE6mO5CU5vyw7
2021-02-15T21:25:59.947753412Z 814 KAHdUL8TM4fW1ybbP4kv7OYGC4ZRQ96HCEHvV5UaiudluyRFR5vP5DI9K5jp
2021-02-15T21:26:00.015732408Z 815 heuAoAjgpqArLvZzBBtytJpxD1yOB7d6xAUUx9qTbQMoFytwlMqx5LEvEJPk
2021-02-15T21:26:00.084458780Z 816 3GEkr7y340sV7OxNdkM4s47dktdujyfHdTk6XFbsWca99VCI2pj2JhrDYgNS
2021-02-15T21:26:00.153265314Z 817 LsfuvykaFdtkSESFwdBZJbXoGFXcPgX0lEQLR5grJe8MDvjm59DagSno47mF
2021-02-15T21:26:00.221142100Z 818 c8sOGEJH8AoBOZb0ZsqcHA0sZAalM3LM9W7lG7W1vJ4uc2OF0kAduyBQnzes
2021-02-15T21:26:00.289337822Z 819 HiKvzd4w9FiXFdzXK59rUXPeNE6knvMD8kOKqbnk28nc4BWVVhqOEgbmynyY
2021-02-15T21:26:00.357225644Z 820 nfP3rS2NxHwYB7NufbWh1byNxagtUVnX2TxUqkUVPHoWggeW4FtCLow1JLS8
2021-02-15T21:26:00.425095695Z 821 9f5WvpSg42gmeSbJgwR5qMYkXTlUcgr3DtuZEe4BA1o4ZgVSOIRqZUsmtmoA
2021-02-15T21:26:00.494211487Z 822 opnGOgcnD5TCfMzrQfkIfBaHD70s4d3hlop3EbHskSw2ZMrpCzKEn1tQpWfd
2021-02-15T21:26:00.562589058Z 823 HMjEpVKES0umyEzlnO5JJpqO1ZtTkyGk43FyNU1pAFck4me3x2j9nnrCOs9z
2021-02-15T21:26:00.630116566Z 824 GHrGkeg5jBJ6deq9CknEeIU0faCd8fwnrg3zBWPFkCcdZe9JrV9DwS7d7qFo
2021-02-15T21:26:00.698271541Z 825 BkxNOTq7jwEE65glCAmakJMkeB92Z2LDRcz77RsqAN2lG1iEPxtBZq1e54Q4
2021-02-15T21:26:00.766193168Z 826 YGJn9smYCUzRg6TgK0QY2AxXLyj8DvmRCxIEa1pW5O5xTFDwTv96P556gADo
2021-02-15T21:26:00.834289931Z 827 qOzdw0TmTxixwIyVIUTv7J1XtKzUTAS4ThXCPBof0qHpOhjj1IWd2yz7sSGD
2021-02-15T21:26:00.902874214Z 828 evgNsRk8IKJqyPmIcaSXUeKP3ntr7Cq9P6ha5The30LnyqGPdIKB2Ol3OlRt
2021-02-15T21:26:00.970551713Z 829 elTwqpEbhi6sPxkabK3TkqYxyEIh45ER6cJkvCzE57UpuSLORsJBHt9Esatr
2021-02-15T21:26:01.038882200Z 830 9BXPwrX16gEevl12xKQnDyh3kcUPOxFntL0OnkgByxfQufB8T04B6q5Dvv1u
2021-02-15T21:26:01.107203635Z 831 FaJ12xAds6L7hyI6xMBIqCkwIVBaOgNuGZPqvgkfnAkTDB8z4MWJL8AxIhBz
2021-02-15T21:26:01.175321168Z 832 55EQLs6IQ3z20dXHkFt1zuHXugmuvOVZPNDdra0DNVs1kyIUTNsWa4cAXN6X
2021-02-15T21:26:01.243354641Z 833 uLx2DixbpNF4F8Yl52xMpXcZ1OtsVGQHru9qL0wLcpWg0pd9UYIL91a6rKPi
2021-02-15T21:26:01.311500381Z 834 ZznAXEyS37Fl3jg8t41O2kA3KXzHXp3FPHePugcsTmK6N4NWWOE5HQipBjrM
2021-02-15T21:26:01.379851650Z 835 HVGGV608i1YopVFYGfQJ4qZA5WFmfZ6GGwLDHk1alQsxfVeAjzyMofZVZIcj
2021-02-15T21:26:01.448185366Z 836 JOFRuPDwEKZrBvpIyTcL1OX13yGaxlGeLzgeZGCxjhywB6GS5d2jXzHe8yCs
2021-02-15T21:26:01.516338135Z 837 3Ttyc6uwZ2wcpseLXKh9JhITmZI3LvFcZSE6d9NHlCupqMeris34MPbLs4AR
2021-02-15T21:26:01.584233327Z 838 l3tmVmhAKwjjrZzhllguWVLmeSLIRvLDbWYTVTPgly01URQuUvEPA408aQm5
2021-02-15T21:26:01.652302696Z 839 1lAJ2j5FTI22oDxQ5Ox85EXeGlEejrZx86DPiD66CS7N2z6h58E7P5S5qnJ9
2021-02-15T21:26:01.720615045Z 840 wOTeMjMMC91QyLzZJ9OlYHSTRZwfhi8ZJr3zVytALTs68wia5A0hOZ6QCGVo
2021-02-15T21:26:01.789486016Z 841 kfUfUmc1LAgYGno9jzRP8OF7w1DS741ShjeddXVYbGgLpvQxXLP5DVq6HWpd
2021-02-15T21:26:01.857431497Z 842 sQf9osTbXRkfvP9aq7XJfGmdCGL9Q2EYraAxsYAXCvxl5MHJywhtcwblKER7
2021-02-15T21:26:01.925903032Z 843 sIrtiqa0Sqs9ncBl4iVD0vfjI1277R1WnD5BK6nfrgBkVkyUw3TwNi8ZnENc
2021-02-15T21:26:01.994715768Z 844 zldzTIaLUDFsK7xMkHvs7cOEbjYyOCo4EVjcLTkBqVKI9GeehXSlo1C2PIPJ
2021-02-15T21:26:02.063542829Z 845 kVKLMMysKftFQ1idgjaPt9ZQcUcLXXWhDCQL6kLpbW2PGhGHKrQySgizfSZo
2021-02-15T21:26:02.131471184Z 846 Zd3XYENPvE372kGAgyW8QgX9LhzkX4Pksk2PgVNy0M9ioT8ZNv2E3s3EkTiv
2021-02-15T21:26:02.199473825Z 847 6ZTiBNYyHAqrGCuubyVoL5WyIXeaecx439Qw8T1wwbnmOalSO4as7bvyztLq
2021-02-15T21:26:02.267574548Z 848 fix45mJKjevJUGiOSCQ7VEqtw9Bg2MePdYQbmo3oGPns3Fvkse2b2jyX8YGa
2021-02-15T21:26:02.334965442Z 849 f7I92ZxRfYPd5y2mo3FveVC63NzQUBRT3w7EaU65EoXAErNUF8uWy9t7L2Bd
2021-02-15T21:26:02.403244821Z 850 21nJGNkb9qbWcSH1IbPT0C7ONVhA0rEcDJ2YNaAbTARgPJ1mjp1I3bCa7uSB
2021-02-15T21:26:02.471542163Z 851 MAfmtWrdOIseqlyxhJuySNfxbsYFExgwyGhaswOC6FlMgkgb0GflnprBVjLa
2021-02-15T21:26:02.538976860Z 852 Byhd14fLySA0b8j61KDPlKsjovcyEb2MBkXy2gxHFpvbYAvDTV6S2cukpJxI
2021-02-15T21:26:02.607153820Z 853 VIxHK8AZn0YkkfTyR1BHdFcaSmkPx2atLm2S095nItcrW5nmhoXqqiBvSzSk
2021-02-15T21:26:02.675547108Z 854 NOfPaiNjXYsLJ5lKL2FLyMAVQz8mMTtZCA2y0QscBRRGO76h9lH8s8xcaeuv
2021-02-15T21:26:02.744613025Z 855 AST88Zwbo3zEM2KOCOv8Ag9xK8ukZysLV8xKZqJM6pbcHnBd8GAEL8zx2bEq
2021-02-15T21:26:02.813928140Z 856 WcZmxMG0hyZWI4lBieBqAgcmGMBdTmgNUA9ls3RVBPPFXOlANWczvnhIwO2w
2021-02-15T21:26:02.882418522Z 857 HCppSXGMkxSIqWOBl4lTZGhCpFuYbhaUtw26q29PYXTa9rB438qFSrWLBcve
2021-02-15T21:26:02.950339083Z 858 2q1y4LLaPyekjDNDpL6N7DoHhEzHKzHuuuN8EOKnWYRERTySxXAdN2rmdUva
2021-02-15T21:26:03.019079988Z 859 RWZI0cPpUi77OQHWMrLaF9GtPvz8hi857bOtFzFI55bhtPPfO9LXm0M5686V
2021-02-15T21:26:03.088023736Z 860 4zlNwzA68rKEa1KQoQe2pLFGZMKGAMCYuz2vZdnHf9bvUEVSuecJyVfEKb9x
2021-02-15T21:26:03.156267367Z 861 Bcr2bAryk4V5h6yOqsPW52iCrDOPsDs77y9rmdkLfoSaUJvAsGhBeEQS9FZj
2021-02-15T21:26:03.224205069Z 862 ahsu0DlTyuCfeVm2sfwFUrqKVECWxKIOwy4MX2gSWqxTIYY8xxegt2aqZoe6
2021-02-15T21:26:03.293022255Z 863 tVxiLGRhjeArGzBbD5ZCPdLH4Me0MfCBrbCidIGXOLe6YbNL4H0cyN0CprZL
2021-02-15T21:26:03.361719757Z 864 4I7k1Ke8YWBPJ46fws22pZFyN740HTWVBMQ6g0hKayojyep1DjpcrfUgspQ5
2021-02-15T21:26:03.429994936Z 865 b04RiGy5QtX12eOPmfOv9OZTUcJ00JY9yn0NjFBjD5fANO1iXh42EAYXvd24
2021-02-15T21:26:03.498365986Z 866 2EqV8UkjHxV5KIKF2Xrb6PC3DrxGTi1z1S3JyFbnbhMxf3AfciuostFUfxd9
2021-02-15T21:26:03.566049789Z 867 Aa7HB3a1AXWbNW4HNfYX2AtHj0406ShRsJH12hUB1uMnKiQEfIDYGvWTgyvs
2021-02-15T21:26:03.635033673Z 868 s3pJqQ5oVri5MrwcVYx6h6Qif7sm1oOGZTbBpR8McAjsWxYxip0ZNI0MtO0T
2021-02-15T21:26:03.703892879Z 869 ULIBXP1wnILxSYga5GOqCRdh1jZdYhmFeu5zsn47JTCnUMyvLvpIbFzSjxcE
2021-02-15T21:26:03.772363393Z 870 BjnK5UuU634oBHDi39XQpZiqaO1E3NNaEKdeFpivoUbeKZStkDk0To26pcJv
2021-02-15T21:26:03.840886426Z 871 qwqG526pgWHByye5wXlCTno3f4AMuPy7KlJPk9Zd4phxiVzQM8Dy4IR4fqkQ
2021-02-15T21:26:03.910724359Z 872 AZALgbtaP4I32iR73uAvl58Cm3yGpFObGboFY3N5JyDcum4d0EH1gRfD85QC
2021-02-15T21:26:03.979073248Z 873 SZtTcbMlqZ5HhAy06ioRrSJPTDhE1baEuhxclEoaFH65BBenzQWq83liVr5Q
2021-02-15T21:26:04.047186780Z 874 7iDZiFPdhzeGJWcIv2nIpFNVvPyBC5nAbgOeRT2X0V7dV9l8TEWdzjgoUYuL
2021-02-15T21:26:04.115668238Z 875 zs4KqZlHV7izfNItx7AnTK1kBhOcfD6vQDWN5wmZxRCfe7XVMX3d1Shh7xLo
2021-02-15T21:26:04.183170880Z 876 njPvlOozMLysciRWK8XM5eakrcL95dx0l3DENpFp2i9PWM7AlnOd7jbeDSHo
2021-02-15T21:26:04.251247463Z 877 vD0hQu2gjWSpFEjlvHdFh1tB0GntmgjS1XGEJpS3FPjtuJJEhfWX5T6wHf9f
2021-02-15T21:26:04.319780976Z 878 DjjF1ElrOroASjmJq3AhmkiNELoNWx6DAZ3S0Jenaccz5IXlHoOpnAZL42Lj
2021-02-15T21:26:04.387886996Z 879 IyBF07Z8osOraKYX4WGREK8nl1DwGIvSrJSj84Zphv6PNVvuhgMgPC0wPKYP
2021-02-15T21:26:04.456765716Z 880 dRBxABOT8eNo5iNXsf5a2z59ry9UFH16D9GXF3s2krLeEPM7La60pBAvJYGd
2021-02-15T21:26:04.524055958Z 881 0lxD3yFfiD1Kjufyc7C1zq3LQMjNG0MzawTb3q7zvcIqb3OPZZ80maF8lXHh
2021-02-15T21:26:04.592588908Z 882 HeRkefEUvW2NtsvTfQxFT4AgrjHw1iRAPrCg0CSWmgtGEDhrVBrhKXz6RIBa
2021-02-15T21:26:04.660953918Z 883 J8Tu0uaSAtQIkdAldhnJmLF5rNy4W3Y2q4uxRgCYo3Ub2cAyHqx5LLwdRRTx
2021-02-15T21:26:04.729292072Z 884 2YBFxwviughZtwPn7AFoqKOzyHCjlIzQzfxMPJcqH22dfOpFOE57u6cDGvwR
2021-02-15T21:26:04.797397879Z 885 tDRLOBAWmQKx84o7xbcGjyjGseK5eU5jDizK5QB2mXb3MxddFFV7orKDoOVY
2021-02-15T21:26:04.865073949Z 886 ezM05NxA2b5eAPIIsehno6MTrj23rIdypYmmn4aebAPXPDNzS2I7btMgr1vS
2021-02-15T21:26:04.933654081Z 887 U9L1kcdQ6CviN95buZXTSXD7h09sRCkw4aT35mklLMQnSXNAhUNZRfArqemw
2021-02-15T21:26:05.001380059Z 888 vBW0ZO8XXeda508z4qruiyXkBZOn6ZmlhCsHlNa5CS0gbi60Hi15zrJKpq10
2021-02-15T21:26:05.069480496Z 889 Xj3Z0t8fnIerkVr5s7Hk2zyERomBREmJh2uc1eLzjD2V5KEjUnNt1xCdZEce
2021-02-15T21:26:05.137734165Z 890 whxk6zLxmsSa0Uf1clAWyBkCLzV5VuZZ0KBguXocHSvPODwfJERqHQauTDRw
2021-02-15T21:26:05.206318935Z 891 cFFZDzSMKxbT1xN7VH7cIM4LJqKT4nGJbVFHUJazNiz5m7rQKAOQ9z0xzxnU
2021-02-15T21:26:05.274564272Z 892 8RnQYwuTPqIji6cAAg0A0WxarHnikPbk4IJr1YRs2z6BLI1FvZ807UziKa47
2021-02-15T21:26:05.342961011Z 893 8Jgk5tQUWUzSlUWHNlHTtl2EHPWLEmjF5eIw0bKFUzL2uzGAE6hg4gjcIHLn
2021-02-15T21:26:05.411854781Z 894 x0i7tYoLziIFe8d3yWFgGUKf1gvWaDP1HGHBw19Gbvmw9ji0zBlX95G5K7hl
2021-02-15T21:26:05.480950789Z 895 yzKXZiGC7uPoKHAIA4EYWNFFf7HUx0QcgdogQeLxOElPfS6act40ocelziNc
2021-02-15T21:26:05.549913172Z 896 zPnVoReXFtMq3MEmTOq60MzOuVX4EM9ZVV70BxdmeJm2hl3FHrIUc0iDlsna
2021-02-15T21:26:05.618750194Z 897 8ZzKWkT5cWPPHsp92OzKSCJD5MYF5pzuqSuc9iCIVyCkBVoc3b1rq4pqfGhl
2021-02-15T21:26:05.688010422Z 898 lwsLURl7XywDMOGFqrGMRe7iXQCkMpzqNAxV6wIjsTOL6HIdHCAJK0bhimZF
2021-02-15T21:26:05.756158600Z 899 FBO4RBYj7sR3ZsaJ3GdOUWSn7OxrTkDVd9NNFBuFXPxXzLH2mTzqK7he2mxp
2021-02-15T21:26:05.825057166Z 900 6liz1ZGAv33FePuD2J1ssg1MnpeckFh5wkQEs8QYIF9chx3ciy9WzT3TScSx
2021-02-15T21:26:05.894182354Z 901 QVzOOv7dAKmiz7an7FsdCQDLe1yPJDFqQx0Q1mjHuwrb5TDI2I9HwfbOafTi
2021-02-15T21:26:05.962508431Z 902 VzBtYcmiciV1CDVuxpVZPMbEzmKjhqsOhUzWgM5wvkBKqilfZoHXLecCADYO
2021-02-15T21:26:06.031130394Z 903 R44XlDHZK7TZ8PkY3ZiRqMdpNfL3TxnKsBZTxsgpdDykJzHRiZu6EUWQ0Pw6
2021-02-15T21:26:06.100000114Z 904 WIlVMXM339r8TJ8rXAN4fOZJEx6pWA1IKndKVtnakcwZUXpo5ujpnqUyppJT
2021-02-15T21:26:06.168170102Z 905 DKEbVwqKJQeC283U41U9kfpQb8ruSRWjswM2skAsC8OrjsnsiViweSpKkd5W
2021-02-15T21:26:06.236229682Z 906 q8U6zkC4X2tdTmHP5KauhC0MKDuJxrmw8csUu7I1vBsEsnbl1XzcOQPffHCE
2021-02-15T21:26:06.304330800Z 907 yB62kZomDTjkX3nKM3pkcP9izKIP3lDER06nEdCew3wKc93nYPo9QLaoAceM
2021-02-15T21:26:06.371898462Z 908 yQ63PrBFRXKxl67D4zvfEZoZW9x1xszCCRBsaB8OUyXq9wrmBhi4Ulq3iiAc
2021-02-15T21:26:06.440459091Z 909 YcScnmBSx7XJmuTqYOZT52l98jb6LsOcKwzEZKSAocTy7tT8aj8jDrKp5zDq
2021-02-15T21:26:06.508269705Z 910 Rl3untwEoYHO7Q9Qq2jdB1EHXBDiqDj8RvMhMCzaoUraLC9Fd2GGKS2wSUCx
2021-02-15T21:26:06.576335709Z 911 qLEBFoeAkJYXFGiFMm5IG20J7kYQ16VgZOHayeZDfJ7iz1yl9VUImtayEacy
2021-02-15T21:26:06.644405680Z 912 f6nK6AK22HrY0GpFtB92Ot4fLxRQwwdgWD33yuz0AgdBUv1IMFYnx50QpV2H
2021-02-15T21:26:06.712933795Z 913 6rxD5jeN7k5p9GlWOdFY2eweOPe7ZKKeuOWyEDKw96nqCZAu12Gr8X5ifss6
2021-02-15T21:26:06.782115242Z 914 8lP1J01jKhvQ3r3iK95Qo7dDNMbdR36f8N1LzrZgzwQ3bBqiPVUwBUQvh9NA
2021-02-15T21:26:06.850738428Z 915 T0NB9G1AbCpTvxRVdYdMimt5u5IudYWExyus1J7XRKTiVAlMrrbgRp4wkpO4
2021-02-15T21:26:06.919445725Z 916 UrjBcgduV4mh9GiljMjd4gWKr4wupVyqb7tTBy5tGGwU89VyEkxuoZWqddut
2021-02-15T21:26:06.987438405Z 917 OMwPrQx9Dersqbgo13uBs2cgEvW6hU31Omboq2jiMlW7x1AbMqrOticmVjwn
2021-02-15T21:26:07.055331007Z 918 fotyrQK1ESPtmFOb7zWHQjdgSpAUM6uw5IyeoRUJzGdnlKEhAX5L1h6WtDqt
2021-02-15T21:26:07.123864766Z 919 06w4boYEhGkNZ3yYuAnXhap1KpE57Bu3Z0C5qnRR969gmOvsAn5AZtukrTOa
2021-02-15T21:26:07.192527633Z 920 7Il4ACFLWgF3aUShAYsxMgyTi6pon44CYAnNihExknX9FyC3R30PIixzhKe5
2021-02-15T21:26:07.260743676Z 921 rggoQQ3XpuigjaGqg0Pnvq8xms04GnjJTm7YQakz6b6kHtySpNlB6bsAytGP
2021-02-15T21:26:07.328945065Z 922 wlpnh4ZaiZ2sHE8Ni7swUKZ4ADjyuUIwx8qLWpoVBIuKh5uLXXul4VxrWn42
2021-02-15T21:26:07.397309088Z 923 RAs4fdv4c5mePYFCRY5eFgSJ0S6PWvHAzySyq8GLMTweSTGv79P9Fr7TchsV
2021-02-15T21:26:07.465303354Z 924 0a6VpvSXvJkCjuv2UxfyhdX0u4Tvb83glOdrXJUpknfVMLZF4sMW3egrGkEt
2021-02-15T21:26:07.533632838Z 925 WAI0sgf4RQQe0NqRIaRkDivdQk0l4L8yHfKtDuoAYqppoWBKrOFTHqk2OEtb
2021-02-15T21:26:07.601959233Z 926 jPg3Y4wuAtKtXZEZx9V5mfS5TmUGBLZxXTe4W6zS4MijhxOkyhXVmx94Gw9Y
2021-02-15T21:26:07.670151583Z 927 Bzj5y5GfVAKIuZ5gxcjHLT4gmrBMq8CZV3rVdbkpZa6V4JMT7QyZksZLc18p
2021-02-15T21:26:07.738568021Z 928 SFexIjmm09dCWJJsJgLFjAZ9YdjGncObMlD6vZyjmu0fSxz3AZq2DHQ2hexk
2021-02-15T21:26:07.806672931Z 929 Hn7XgMpALMlj1SFWDazXsC9JnzwsNAYcD83rZVmyyt4KV9NeoymRtAetoQOm
2021-02-15T21:26:07.874511404Z 930 23yFW4xEweOruDQLv0YlQAV5HEHPahJPe25AupeWnMnH0mgF30tljGsH05on
2021-02-15T21:26:07.942204336Z 931 EinmGkNdIYrZsPZpTHmVz1BAV75DynxZGENsekHkcmyJp6HHLoPQFLBBBwaz
2021-02-15T21:26:08.010262550Z 932 EADXzFa8UoyEJc1LKlJv6ka9wBmgptqGMGDFeVp5v3SnlX6L7d3kXOOrtK02
2021-02-15T21:26:08.078228520Z 933 zRsCTSL7iORiXbyyb0L7CPCH131nG2rdbNoRDjg0c8mWHW39uMHwpogpf6n1
2021-02-15T21:26:08.146715518Z 934 HzW2yRWTwyxnxg63ShIPQGW7tvMrwwnXVfJM7kjVZEOAirG90RfiNGhdoeXu
2021-02-15T21:26:08.214933871Z 935 rlAU4zPWp7TkRNIiYcrKG5iNKU2yzV6GWPaCEPJAMUJGJGTtiOAVGffVauN4
2021-02-15T21:26:08.283094465Z 936 VCjDrlmYBlENcFbDGD8KwWhl51pCBd7w3vdSmjhAjvwrowWVNXAIp5R199Xx
2021-02-15T21:26:08.351030958Z 937 m38BSzUVkGvKr3ofxeklLS00dd2Hm4fY9fXup78HKe1LJzPlueNg0GcF26qX
2021-02-15T21:26:08.419909424Z 938 KnnRL8WKmn69YOgVXFDb6NMYpzyvMl01nz9hnyuZZsCX056RBKtIL7FUZ1vH
2021-02-15T21:26:08.488452023Z 939 UWieUqcdPIBWMr7Avm0XxUMR3gemyILjZ6YyDxTr9LROecTxLWqWopkzBlFF
2021-02-15T21:26:08.556473386Z 940 4D7SUmmKzdfWjiDnOywDpMz6gP0qLXuUPobpEObDAfzTEpZOX9ez5EWEpTRb
2021-02-15T21:26:08.624535220Z 941 hhmi78a4JSDdBCvVJRwCfj8y7dgdFv9pKLGwQ6v7EGqHHM7ZHlwR6QaCrmZG
2021-02-15T21:26:08.692451348Z 942 5wB7QAEL5bH9eY0JmwDEKe229CPtWKvjW07Qzhdho3Fe51ou883r4HXZRD0i
2021-02-15T21:26:08.760839596Z 943 aDPI1s31YKogNubHWQFjGbLCsPjpTamOSAtn5YQc5D7kQv3FzCrglwin0SX3
2021-02-15T21:26:08.829053703Z 944 LK1uEq89MZ5XqDTQIBqXaBWnVe04Ok4QWQPx1g94gpj96cusU5KTJ08XB6G7
2021-02-15T21:26:08.897482266Z 945 8ccyuwjh5LIqFbRoLwT8UFHtD7cUk3VdRyst0FLz6Ycw1OD70UVkgMP7Fv9j
2021-02-15T21:26:08.965369565Z 946 MsUojaK8Gj9708dHRdRy0igHiqYBpdXidTsXgvSfetj9wUXa7i1hJLcBbBbN
2021-02-15T21:26:09.033330858Z 947 59wh271ZFOhJqVB5bplVbtm8i4Q4aTZVkCPfzw3XdDjqbslYdYI6Dt8mc6wS
2021-02-15T21:26:09.101385068Z 948 6siqEEnoXXx1OLWuFosaeUK8SwpFscUpkXgU93Xxti94YznfkBDKfzKb0rTe
2021-02-15T21:26:09.169170499Z 949 dKI6KJBzigMsL88BlPYRQRMsCNzirmOIs0lgKRc90470pTMYHaLK2PR4Adxe
2021-02-15T21:26:09.237881580Z 950 QXhBLLWez0wJfXkuXxfABSUn5ajKwnp5LOW5pBPqdlSaWVJ6OQB2OBbfHPDg
2021-02-15T21:26:09.306806628Z 951 YpbIInLf5LTJdOB7vva6x1jlCjhnfeMWFGuIe86bpU52rcnd7iesu0ANTP5D
2021-02-15T21:26:09.375796593Z 952 xPuKzpKxITRCcVjFbD2MSy5298GK28cIlBeu5o8Bj6QS4hWidHZfT8m99Kyx
2021-02-15T21:26:09.443723853Z 953 z84Z1KlAVb9mzTXyg2MmRA8rIdCXvZB6u9SbKzQG0LEKbUfpa43b0pfsYPYx
2021-02-15T21:26:09.511855153Z 954 F9xcASTAtcmaCTtUzhkVsWj1ostWfZAXGzDy3DymTu8MDblKYlvLF8aURjhq
2021-02-15T21:26:09.579806434Z 955 E6fzt1Vs3BLHNc7HlWl0GTFqqa5GUJIKA1zzl78tvNowttOrPaCtiEXsVTl5
2021-02-15T21:26:09.649084547Z 956 QgGoURRaJ1rMPLraBbtph3eQzRlLqkWIgV5nZgGkHacWu8XrX7nhYZEvWWH7
2021-02-15T21:26:09.717514635Z 957 2y98YYBgBjX0xvm0O506so5YSiVMqNMpV4DKcqmv4l4V8bcYUqO5JDwDSFsq
2021-02-15T21:26:09.785162013Z 958 ZBxjPFZI60gDNh5LZMDsZuqRImbPptAYuMLhjhuVZO2JfPRSwVg7baj1xPFH
2021-02-15T21:26:09.853051598Z 959 dItdj382n1nUqk9UImHht8SJEU0XtJ5A9m2CrJC7PvlI3Myw7U90K27fgZ9o
2021-02-15T21:26:09.921317733Z 960 g6n2BifsbP3qmLA7r2itslb4idaIDLWXMeZaah2YkA7b4tbt3j5sTWP24E2P
2021-02-15T21:26:09.989878882Z 961 c6lAMkbkqIwcCArnfbVFslY8va44sMPfgoKQAUIpiywZWjuZScO1I0FZF2Qy
2021-02-15T21:26:10.058144214Z 962 hj1RyxMb6z5NJYaAQaTpXhBF9pzdaqvlFMvXLgPYOjj6Z9QpVV9583cMn1QV
2021-02-15T21:26:10.126177344Z 963 bq73uxTzymBmbzezPVz6zbMVTksg1wadgmB3JqGSPUOpjYlNy0uEfRkQZKMu
2021-02-15T21:26:10.194563868Z 964 3OKBjVtA0p7q0L6xEmcmTmYexhSvE41ZYjyPWMUpoVTpWNRwaIjsmzCgU8l7
2021-02-15T21:26:10.263568299Z 965 Km82inylkg2Lx7Gv0taxLj9dSy0UTxQEJrrCpgx0hWDWA1tcIVGlfwgXS8fd
2021-02-15T21:26:10.331577046Z 966 17xBtCsnegc5wPd2z4fMu92hacILrXmEhKkOMhfKQgrVc01s6oCp3XisHNXj
2021-02-15T21:26:10.399181452Z 967 BvNXIrMdEWuoXqKNG0ncZJZltfKrLyt71IDsbuzHYAzOlKZCVF67V43n28Kc
2021-02-15T21:26:10.467227312Z 968 EpNd4d63cIx6pN2CX0jVzZPcNmEx0IfUlv96Z5hAjOBkXDjrtXE4x7mipdH4
2021-02-15T21:26:10.535119894Z 969 TVRLxU06KdYEHVnvboPHgFXQwXNhWGJQE4D38WevyguRbZ6ynPs97PhliTOc
2021-02-15T21:26:10.603701259Z 970 XKa8a5VbcPIHxVMh1NytlfAMSdn0BBaVJgDwbUcgl4GkDku7pLPHz4SaiRg8
2021-02-15T21:26:10.672002379Z 971 rwjFde2Rz6GrU2sxGD8NUk41Nh8Kwj9rwFlx5Xwtb0gQrNA8hCBRS7TMwq65
2021-02-15T21:26:10.740496174Z 972 AL6zeqjw1LZamZrzeciHIfZdemRmUPHa7NRVAfecg36WiDz8x97OxNcNR4fm
2021-02-15T21:26:10.808558928Z 973 klJDYyRo4ALxL6FfpPu7MJ9op5XchjGnCeYFIgKSHwBSTBVMdlU24cA111LS
2021-02-15T21:26:10.876351073Z 974 tlTDaJ03OQsS05EIh0n0n71cyHQczTRRw5E4ON5DJ8dcmsMIc68bn6OU5yDP
2021-02-15T21:26:10.944958533Z 975 QMu5DHG7wjXrVnF3ZNqzfs7qgZ0LecfK1f7fWl8zQcuiZVL2lghUNLwDKsO8
2021-02-15T21:26:11.014101218Z 976 Z5v9Ul5RSpnwRJ5nTxQV889epGbkwrQ3aE4zpac2XZ98gNXT6ZdxEQZomDHM
2021-02-15T21:26:11.082832133Z 977 nDN6dDPcMZ224VMBZVN9h82yCVlqMnKkGVdVugosGk70v7QbnlvvqVd5Hkj4
2021-02-15T21:26:11.150931636Z 978 4QPF2LL4jF0aGZEfpIg60J5XQAPGO1XvIa0MUGH4TlQLUYN8PWdNWgVFrTrk
2021-02-15T21:26:11.219797802Z 979 WvDnSPUDNOhhr7eXzgxbrux8IbEyHjxiQSTIClT2f81gVmOHjqLJ0LRV9frb
2021-02-15T21:26:11.288194810Z 980 8X2Aq7oWa9I1QgVi3kvsl1yQ58nTP1tsLu6jnoWoVEdOm61IIgsauH9sigwK
2021-02-15T21:26:11.356282007Z 981 t10GGTxa5XHwE4k5FqhLpAxLkCAvXReLOIyus4MthCG1mEgcGfTQa85g0F4d
2021-02-15T21:26:11.424217633Z 982 Qmsj5BXdWZMQVkGI9rqZKzmYaWtnTUjstBlbf3WJWo27auUNdi1B5S48eutS
2021-02-15T21:26:11.492572544Z 983 OcteRYaQwwDtxrV7pOlgBWG1saf150dNqeBFAjPPvWK2SARZFtOf8YOz7YDI
2021-02-15T21:26:11.560127488Z 984 1oGtvT2wCMaqxbuluwzGtaCapNvXxKTxeUybp9XzuWjjJX2oDfVTiqzQp9w0
2021-02-15T21:26:11.628371827Z 985 hHGkRok9NbDFWrNz3JrsVxxf4qIVZL2WhZKgbmke4SlNGHDnn3cps0gFuHTg
2021-02-15T21:26:11.696953820Z 986 LfSxkg9HhFWrbMc2wLj2LnKdBfq2scdlKVlWWd3pTRDTJLiR5Dt8h9ncnPTZ
2021-02-15T21:26:11.765969278Z 987 JLGyjyfz50NX7qmQpYoavLun9ZPbGBzabMcsX9hnuRMeieuxy1kuttnvknpb
2021-02-15T21:26:11.834997509Z 988 GRr6reTrubv4OMUMPc4xdwjJxyY4xGHGQgbNZjsC9Ssy0JSQh4oO2IhXeW8q
2021-02-15T21:26:11.903652916Z 989 tOJlOkeJTR6XvHZIyJMJ8YYan9FNXZcy7FvpFEUlf1jbFGO6Ts2PGDAJpfQt
2021-02-15T21:26:11.971549849Z 990 FwVx0ZGgQnth379cKEGhrJfeOXV2AJiD1m4tNoPm5sPwqB5Y2fFfEci0jQb9
2021-02-15T21:26:12.039769361Z 991 kQ5dmTH3fUTBIwHSGFNhOg4RJbFJ8tretYLzz6Yq9wZoLRE2mpfFxUiKky6M
2021-02-15T21:26:12.107145713Z 992 Ot4ySyrGUXjBrCwoAKYnf4qCmHguhZvsesT8xXCIAJojTS7EgOL2wxm29Jbb
2021-02-15T21:26:12.175201830Z 993 tWQOINqQZbqt801OveS8gPYYNvtnPL81EsdosW0IvOKvjimEa5ueM4XfxMZd
2021-02-15T21:26:12.242950050Z 994 JByC72Ygv0FtUw6VAr7o1THopSteYPx02VdZET9kSpIinEwpiwLb12NIEeMi
2021-02-15T21:26:12.311562701Z 995 qz508rEyN1yrzkkk7Wg9YcZg8jiQ8cZACLV5MRHhYa9QD4QuDQm6UZ1IiJb0
2021-02-15T21:26:12.379997284Z 996 idhmeCw0tl3zkT6JfdXJAMaDj392KbOUBsnE5ZzQ6pULNmh6LmZVZ5H6PFrG
2021-02-15T21:26:12.448041292Z 997 ykjrG2ErOqE5DjAvjOID8Oq6g4sEfGaiX1zZePSEeiq7YvypTyXBcdJuGAeg
2021-02-15T21:26:12.516107893Z 998 5hMQdzuqu8geWVLD5kfHmoRXmLxJzioqI1IfpQyasULv1jmsiOuv36aNSEMO
2021-02-15T21:26:12.584579968Z 999 dWk4nSomCM8Nm9IR0fz7GEuiCu58HCanAP3A9jhBNKdPkrd2Z1Uhg1Vn98ry
