2021-02-04T05:36:07.352829050Z  running: (['/opt/scylladb/scripts/scylla_dev_mode_setup', '--developer-mode', '1'],)
2021-02-04T05:36:07.852610407Z  running: (['/opt/scylladb/scripts/scylla_io_setup'],)
2021-02-04T05:36:08.232334465Z  2021-02-04 05:36:08,231 CRIT Supervisor is running as root.  Privileges were not dropped because no user is specified in the config file.  If you intend to run as root, you can set user=root in the config file to avoid this message.
2021-02-04T05:36:08.232382346Z  2021-02-04 05:36:08,232 INFO Included extra file "/etc/supervisord.conf.d/node-exporter.conf" during parsing
2021-02-04T05:36:08.232396143Z  2021-02-04 05:36:08,232 INFO Included extra file "/etc/supervisord.conf.d/rsyslog.conf" during parsing
2021-02-04T05:36:08.232553341Z  2021-02-04 05:36:08,232 INFO Included extra file "/etc/supervisord.conf.d/scylla-housekeeping.conf" during parsing
2021-02-04T05:36:08.232733240Z  2021-02-04 05:36:08,232 INFO Included extra file "/etc/supervisord.conf.d/scylla-jmx.conf" during parsing
2021-02-04T05:36:08.232869181Z  2021-02-04 05:36:08,232 INFO Included extra file "/etc/supervisord.conf.d/scylla-server.conf" during parsing
2021-02-04T05:36:08.233204546Z  2021-02-04 05:36:08,232 INFO Included extra file "/etc/supervisord.conf.d/sshd-server.conf" during parsing
2021-02-04T05:36:08.268828948Z  2021-02-04 05:36:08,268 INFO RPC interface 'supervisor' initialized
2021-02-04T05:36:08.269157920Z  2021-02-04 05:36:08,268 CRIT Server 'inet_http_server' running without any HTTP authentication checking
2021-02-04T05:36:08.269517609Z  2021-02-04 05:36:08,269 INFO supervisord started with pid 26
2021-02-04T05:36:09.283494771Z  2021-02-04 05:36:09,273 INFO spawned: 'scylla' with pid 29
2021-02-04T05:36:09.283545615Z  2021-02-04 05:36:09,278 INFO spawned: 'scylla-housekeeping' with pid 30
2021-02-04T05:36:09.283558627Z  2021-02-04 05:36:09,281 INFO spawned: 'sshd' with pid 31
2021-02-04T05:36:09.287619083Z  2021-02-04 05:36:09,284 INFO spawned: 'scylla-jmx' with pid 32
2021-02-04T05:36:09.287647785Z  2021-02-04 05:36:09,287 INFO spawned: 'rsyslog' with pid 33
2021-02-04T05:36:09.290381220Z  2021-02-04 05:36:09,289 INFO spawned: 'node-exporter' with pid 34
2021-02-04T05:36:09.315194138Z  time="2021-02-04T05:36:09Z" level=info msg="Starting node_exporter (version=0.17.0, branch=HEAD, revision=f6f6194a436b9a63d0439abc585c76b19a206b21)" source="node_exporter.go:82"
2021-02-04T05:36:09.315232873Z  time="2021-02-04T05:36:09Z" level=info msg="Build context (go=go1.11.2, user=root@322511e06ced, date=20181130-15:51:33)" source="node_exporter.go:83"
2021-02-04T05:36:09.315904206Z  time="2021-02-04T05:36:09Z" level=info msg="Enabled collectors:" source="node_exporter.go:90"
2021-02-04T05:36:09.315931659Z  time="2021-02-04T05:36:09Z" level=info msg=" - arp" source="node_exporter.go:97"
2021-02-04T05:36:09.316240116Z  time="2021-02-04T05:36:09Z" level=info msg=" - bcache" source="node_exporter.go:97"
2021-02-04T05:36:09.316259571Z  time="2021-02-04T05:36:09Z" level=info msg=" - bonding" source="node_exporter.go:97"
2021-02-04T05:36:09.316270713Z  time="2021-02-04T05:36:09Z" level=info msg=" - conntrack" source="node_exporter.go:97"
2021-02-04T05:36:09.316298195Z  time="2021-02-04T05:36:09Z" level=info msg=" - cpu" source="node_exporter.go:97"
2021-02-04T05:36:09.316309427Z  time="2021-02-04T05:36:09Z" level=info msg=" - diskstats" source="node_exporter.go:97"
2021-02-04T05:36:09.316319512Z  time="2021-02-04T05:36:09Z" level=info msg=" - edac" source="node_exporter.go:97"
2021-02-04T05:36:09.316329446Z  time="2021-02-04T05:36:09Z" level=info msg=" - entropy" source="node_exporter.go:97"
2021-02-04T05:36:09.316339314Z  time="2021-02-04T05:36:09Z" level=info msg=" - filefd" source="node_exporter.go:97"
2021-02-04T05:36:09.316349297Z  time="2021-02-04T05:36:09Z" level=info msg=" - filesystem" source="node_exporter.go:97"
2021-02-04T05:36:09.316632440Z  time="2021-02-04T05:36:09Z" level=info msg=" - hwmon" source="node_exporter.go:97"
2021-02-04T05:36:09.316651855Z  time="2021-02-04T05:36:09Z" level=info msg=" - infiniband" source="node_exporter.go:97"
2021-02-04T05:36:09.316662682Z  time="2021-02-04T05:36:09Z" level=info msg=" - interrupts" source="node_exporter.go:97"
2021-02-04T05:36:09.316672907Z  time="2021-02-04T05:36:09Z" level=info msg=" - ipvs" source="node_exporter.go:97"
2021-02-04T05:36:09.316682976Z  time="2021-02-04T05:36:09Z" level=info msg=" - loadavg" source="node_exporter.go:97"
2021-02-04T05:36:09.316692819Z  time="2021-02-04T05:36:09Z" level=info msg=" - mdadm" source="node_exporter.go:97"
2021-02-04T05:36:09.316702843Z  time="2021-02-04T05:36:09Z" level=info msg=" - meminfo" source="node_exporter.go:97"
2021-02-04T05:36:09.316712910Z  time="2021-02-04T05:36:09Z" level=info msg=" - netclass" source="node_exporter.go:97"
2021-02-04T05:36:09.316722827Z  time="2021-02-04T05:36:09Z" level=info msg=" - netdev" source="node_exporter.go:97"
2021-02-04T05:36:09.316732792Z  time="2021-02-04T05:36:09Z" level=info msg=" - netstat" source="node_exporter.go:97"
2021-02-04T05:36:09.316746986Z  time="2021-02-04T05:36:09Z" level=info msg=" - nfs" source="node_exporter.go:97"
2021-02-04T05:36:09.316756918Z  time="2021-02-04T05:36:09Z" level=info msg=" - nfsd" source="node_exporter.go:97"
2021-02-04T05:36:09.316766635Z  time="2021-02-04T05:36:09Z" level=info msg=" - sockstat" source="node_exporter.go:97"
2021-02-04T05:36:09.316776316Z  time="2021-02-04T05:36:09Z" level=info msg=" - stat" source="node_exporter.go:97"
2021-02-04T05:36:09.316998556Z  time="2021-02-04T05:36:09Z" level=info msg=" - textfile" source="node_exporter.go:97"
2021-02-04T05:36:09.317017555Z  time="2021-02-04T05:36:09Z" level=info msg=" - time" source="node_exporter.go:97"
2021-02-04T05:36:09.317028010Z  time="2021-02-04T05:36:09Z" level=info msg=" - timex" source="node_exporter.go:97"
2021-02-04T05:36:09.317038106Z  time="2021-02-04T05:36:09Z" level=info msg=" - uname" source="node_exporter.go:97"
2021-02-04T05:36:09.317048225Z  time="2021-02-04T05:36:09Z" level=info msg=" - vmstat" source="node_exporter.go:97"
2021-02-04T05:36:09.317069568Z  time="2021-02-04T05:36:09Z" level=info msg=" - xfs" source="node_exporter.go:97"
2021-02-04T05:36:09.317378329Z  time="2021-02-04T05:36:09Z" level=info msg=" - zfs" source="node_exporter.go:97"
2021-02-04T05:36:09.317397638Z  time="2021-02-04T05:36:09Z" level=info msg="Listening on :9100" source="node_exporter.go:111"
2021-02-04T05:36:09.317803640Z  Generating public/private ed25519 key pair.
2021-02-04T05:36:09.317822160Z  Your identification has been saved in /etc/ssh/ssh_host_ed25519_key.
2021-02-04T05:36:09.317832525Z  Your public key has been saved in /etc/ssh/ssh_host_ed25519_key.pub.
2021-02-04T05:36:09.317842603Z  The key fingerprint is:
2021-02-04T05:36:09.317852251Z  SHA256:KWqYypCtBZ7sI7pV2QwWfyYUMoIapDb6J8NGYFio/8c root@30322f6ce4c3
2021-02-04T05:36:09.317861937Z  The key's randomart image is:
2021-02-04T05:36:09.317871617Z  +--[ED25519 256]--+
2021-02-04T05:36:09.317881291Z  |.+o + o.         |
2021-02-04T05:36:09.317890670Z  |*. . *           |
2021-02-04T05:36:09.317900147Z  |*=  o o o        |
2021-02-04T05:36:09.317909783Z  |*... = + .       |
2021-02-04T05:36:09.317919294Z  |o.. o + S        |
2021-02-04T05:36:09.317928650Z  |oBo+ . .         |
2021-02-04T05:36:09.317938035Z  |o+%.+.           |
2021-02-04T05:36:09.317947612Z  |=B =. E          |
2021-02-04T05:36:09.317957162Z  |B+.  .           |
2021-02-04T05:36:09.317966550Z  +----[SHA256]-----+
2021-02-04T05:36:09.670774133Z  Scylla version 4.3.0-0.20210110.000585522 with build-id 7fab6c35a5d403f3416292b37c9a9aa94fe4db1f starting ...
2021-02-04T05:36:09.670831475Z  command used: "/usr/bin/scylla --log-to-syslog 0 --log-to-stdout 1 --default-log-level info --network-stack posix --developer-mode=1 --overprovisioned --listen-address 10.0.37.6 --rpc-address 10.0.37.6 --seed-provider-parameters seeds=10.0.37.6 --blocked-reactor-notify-ms 999999999"
2021-02-04T05:36:09.670845107Z  parsed command line options: [log-to-syslog: 0, log-to-stdout: 1, default-log-level: info, network-stack: posix, developer-mode: 1, overprovisioned, listen-address: 10.0.37.6, rpc-address: 10.0.37.6, seed-provider-parameters: seeds=10.0.37.6, blocked-reactor-notify-ms: 999999999]
2021-02-04T05:36:09.717267176Z  WARN  2021-02-04 05:36:09,713 [shard 0] seastar - Unable to set SCHED_FIFO scheduling policy for timer thread; latency impact possible. Try adding CAP_SYS_NICE
2021-02-04T05:36:09.734414525Z  INFO  2021-02-04 05:36:09,733 [shard 0] init - installing SIGHUP handler
2021-02-04T05:36:09.740754131Z  INFO  2021-02-04 05:36:09,740 [shard 0] init - Scylla version 4.3.0-0.20210110.000585522 with build-id 7fab6c35a5d403f3416292b37c9a9aa94fe4db1f starting ...
2021-02-04T05:36:09.740788508Z  
2021-02-04T05:36:09.741881425Z  INFO  2021-02-04 05:36:09,741 [shard 0] init - starting prometheus API server
2021-02-04T05:36:09.743974840Z  INFO  2021-02-04 05:36:09,743 [shard 0] init - starting tokens manager
2021-02-04T05:36:09.744330150Z  INFO  2021-02-04 05:36:09,743 [shard 0] init - starting migration manager notifier
2021-02-04T05:36:09.744703693Z  INFO  2021-02-04 05:36:09,744 [shard 0] init - creating tracing
2021-02-04T05:36:09.745130858Z  INFO  2021-02-04 05:36:09,744 [shard 0] init - creating snitch
2021-02-04T05:36:09.745837543Z  INFO  2021-02-04 05:36:09,745 [shard 0] init - determining DNS name
2021-02-04T05:36:09.745855571Z  INFO  2021-02-04 05:36:09,745 [shard 0] init - starting API server
2021-02-04T05:36:09.746991945Z  INFO  2021-02-04 05:36:09,746 [shard 0] init - Scylla API server listening on 127.0.0.1:10000 ...
2021-02-04T05:36:09.750132342Z  INFO  2021-02-04 05:36:09,749 [shard 0] init - initializing storage service
2021-02-04T05:36:09.750590243Z  INFO  2021-02-04 05:36:09,750 [shard 0] init - starting per-shard database core
2021-02-04T05:36:09.754276001Z  WARN  2021-02-04 05:36:09,754 [shard 0] init - I/O Scheduler is not properly configured! This is a non-supported setup, and performance is expected to be unpredictably bad.
2021-02-04T05:36:09.754297044Z   Reason found: none of --max-io-requests, --io-properties and --io-properties-file are set.
2021-02-04T05:36:09.754307779Z  To properly configure the I/O Scheduler, run the scylla_io_setup utility shipped with Scylla.
2021-02-04T05:36:09.754339390Z  
2021-02-04T05:36:09.754657958Z  INFO  2021-02-04 05:36:09,754 [shard 0] init - creating and verifying directories
2021-02-04T05:36:09.846611162Z  Generating public/private rsa key pair.
2021-02-04T05:36:09.846642545Z  Your identification has been saved in /etc/ssh/ssh_host_rsa_key.
2021-02-04T05:36:09.846654189Z  Your public key has been saved in /etc/ssh/ssh_host_rsa_key.pub.
2021-02-04T05:36:09.846664661Z  The key fingerprint is:
2021-02-04T05:36:09.846674839Z  SHA256:6FJSVD77piqyGYaVxNEusz+JmAjN4whEi38mwbbyRms root@30322f6ce4c3
2021-02-04T05:36:09.846685023Z  The key's randomart image is:
2021-02-04T05:36:09.846695091Z  +---[RSA 4096]----+
2021-02-04T05:36:09.846704843Z  |  ..  ...        |
2021-02-04T05:36:09.846714563Z  | o ... .         |
2021-02-04T05:36:09.846724293Z  |o.+.  . o        |
2021-02-04T05:36:09.846734122Z  |.+*... . o       |
2021-02-04T05:36:09.846743783Z  |.=o*. o S        |
2021-02-04T05:36:09.846753510Z  |+oX o+   .       |
2021-02-04T05:36:09.846763160Z  |=OoO...   o      |
2021-02-04T05:36:09.846772966Z  |=.Eo=.   o       |
2021-02-04T05:36:09.846782763Z  | ooo o...        |
2021-02-04T05:36:09.846792464Z  +----[SHA256]-----+
2021-02-04T05:36:09.861067898Z  Could not load host key: /etc/ssh/ssh_host_ecdsa_key
2021-02-04T05:36:10.007672167Z  Connecting to http://localhost:10000
2021-02-04T05:36:10.007719252Z  Starting the JMX server
2021-02-04T05:36:10.028410061Z  INFO  2021-02-04 05:36:10,027 [shard 0] database - Populating Keyspace system_schema
2021-02-04T05:36:10.028448853Z  INFO  2021-02-04 05:36:10,027 [shard 0] database - Keyspace system_schema: Reading CF view_virtual_columns id=08843b63-45dc-3be2-9798-a0418295cfaa version=c777531c-15f7-326f-8ebe-39fd0265c8c9
2021-02-04T05:36:10.028478640Z  INFO  2021-02-04 05:36:10,027 [shard 0] database - Keyspace system_schema: Reading CF computed_columns id=cc7c7069-3740-33c1-92a4-c3de78dbd2c4 version=2b8c4439-de76-31e0-807f-3b7290a975d7
2021-02-04T05:36:10.028492559Z  INFO  2021-02-04 05:36:10,027 [shard 0] database - Keyspace system_schema: Reading CF aggregates id=924c5587-2e3a-345b-b10c-12f37c1ba895 version=4b53e92c-0368-3d5c-b959-2ec1bfd1a59f
2021-02-04T05:36:10.028504941Z  INFO  2021-02-04 05:36:10,027 [shard 0] database - Keyspace system_schema: Reading CF functions id=96489b79-80be-3e14-a701-66a0b9159450 version=329ed804-55b3-3eee-ad61-d85317b96097
2021-02-04T05:36:10.028517242Z  INFO  2021-02-04 05:36:10,027 [shard 0] database - Keyspace system_schema: Reading CF views id=9786ac1c-dd58-3201-a7cd-ad556410c985 version=5b58bb47-96e7-3f57-accf-0bfca4dbbc6e
2021-02-04T05:36:10.028529316Z  INFO  2021-02-04 05:36:10,027 [shard 0] database - Keyspace system_schema: Reading CF indexes id=0feb57ac-311f-382f-ba6d-9024d305702f version=99c40462-8687-304e-abe3-2bdbef1f25aa
2021-02-04T05:36:10.028541202Z  INFO  2021-02-04 05:36:10,027 [shard 0] database - Keyspace system_schema: Reading CF types id=5a8b1ca8-6602-3f77-a045-9273d308917a version=de51b2ce-5e4d-3b7d-a75f-2204332ce8d1
2021-02-04T05:36:10.028553158Z  INFO  2021-02-04 05:36:10,027 [shard 0] database - Keyspace system_schema: Reading CF triggers id=4df70b66-6b05-3251-95a1-32b54005fd48 version=582d7071-1ef0-37c8-adc6-471a13636139
2021-02-04T05:36:10.028565124Z  INFO  2021-02-04 05:36:10,027 [shard 0] database - Keyspace system_schema: Reading CF dropped_columns id=5e7583b5-f3f4-3af1-9a39-b7e1d6f5f11f version=7426bc6c-4c2f-3200-8ad8-4329610ed59a
2021-02-04T05:36:10.028577153Z  INFO  2021-02-04 05:36:10,027 [shard 0] database - Keyspace system_schema: Reading CF columns id=24101c25-a2ae-3af7-87c1-b40ee1aca33f version=d33236d4-9bdd-3c09-abf0-a0bc5edc2526
2021-02-04T05:36:10.028590932Z  INFO  2021-02-04 05:36:10,027 [shard 0] database - Keyspace system_schema: Reading CF scylla_tables id=5d912ff1-f759-3665-b2c8-8042ab5103dd version=38e5e56b-155d-39b5-a0d2-8e5dcad42a26
2021-02-04T05:36:10.028603185Z  INFO  2021-02-04 05:36:10,027 [shard 0] database - Keyspace system_schema: Reading CF tables id=afddfb9d-bc1e-3068-8056-eed6c302ba09 version=b6240810-eeb7-36d5-9411-43b2d68dddab
2021-02-04T05:36:10.028615123Z  INFO  2021-02-04 05:36:10,027 [shard 0] database - Keyspace system_schema: Reading CF keyspaces id=abac5682-dea6-31c5-b535-b3d6cffd0fb6 version=e79ca8ba-6556-3f7d-925a-7f20cf57938c
2021-02-04T05:36:10.572803602Z  JMX is enabled to receive remote connections on port: 7199
2021-02-04T05:36:10.572836442Z  2021-02-04 05:36:10,571 INFO success: scylla entered RUNNING state, process has stayed up for > than 1 seconds (startsecs)
2021-02-04T05:36:10.572848454Z  2021-02-04 05:36:10,572 INFO success: scylla-housekeeping entered RUNNING state, process has stayed up for > than 1 seconds (startsecs)
2021-02-04T05:36:10.572858978Z  2021-02-04 05:36:10,572 INFO success: sshd entered RUNNING state, process has stayed up for > than 1 seconds (startsecs)
2021-02-04T05:36:10.572869174Z  2021-02-04 05:36:10,572 INFO success: scylla-jmx entered RUNNING state, process has stayed up for > than 1 seconds (startsecs)
2021-02-04T05:36:10.572892814Z  2021-02-04 05:36:10,572 INFO success: rsyslog entered RUNNING state, process has stayed up for > than 1 seconds (startsecs)
2021-02-04T05:36:10.572904291Z  2021-02-04 05:36:10,572 INFO success: node-exporter entered RUNNING state, process has stayed up for > than 1 seconds (startsecs)
2021-02-04T05:36:14.867061689Z  Traceback (most recent call last):
2021-02-04T05:36:14.867098846Z    File "/opt/scylladb/scripts/libexec/scylla-housekeeping", line 208, in <module>
2021-02-04T05:36:14.867112386Z      args.func(args)
2021-02-04T05:36:14.867134474Z    File "/opt/scylladb/scripts/libexec/scylla-housekeeping", line 134, in check_version
2021-02-04T05:36:14.867145079Z      current_version = sanitize_version(get_api('/storage_service/scylla_release_version'))
2021-02-04T05:36:14.867155502Z    File "/opt/scylladb/scripts/libexec/scylla-housekeeping", line 93, in get_api
2021-02-04T05:36:14.867165891Z      return get_json_from_url("http://" + api_address + path)
2021-02-04T05:36:14.867176211Z    File "/opt/scylladb/scripts/libexec/scylla-housekeeping", line 88, in get_json_from_url
2021-02-04T05:36:14.867186622Z      raise RuntimeError(f'Failed to get "{path}" due to the following error: {retval}')
2021-02-04T05:36:14.867197501Z  RuntimeError: Failed to get "http://localhost:10000/storage_service/scylla_release_version" due to the following error: HTTP Error 404: Not Found
2021-02-04T05:36:16.141753523Z  INFO  2021-02-04 05:36:16,141 [shard 0] database - Populating Keyspace system
2021-02-04T05:36:16.141816241Z  INFO  2021-02-04 05:36:16,141 [shard 0] database - Keyspace system: Reading CF compaction_history id=b4dbb7b4-dc49-3fb5-b3bf-ce6e434832ca version=25cae56a-8d75-39f3-a146-3756ab4981c7
2021-02-04T05:36:16.141831434Z  INFO  2021-02-04 05:36:16,141 [shard 0] database - Keyspace system: Reading CF batchlog id=0290003c-977e-397c-ac3e-fdfdc01d626b version=e2a2e804-49e4-3597-9f16-39fd9475835c
2021-02-04T05:36:16.141843222Z  INFO  2021-02-04 05:36:16,141 [shard 0] database - Keyspace system: Reading CF size_estimates id=618f817b-005f-3678-b8a4-53f3930b8e86 version=6d4dbcff-f05b-3dc3-95ad-f79f7b10504d
2021-02-04T05:36:16.142174585Z  INFO  2021-02-04 05:36:16,141 [shard 0] database - Keyspace system: Reading CF range_xfers id=55d76438-4e55-3f8b-9f6e-676d4af3976d version=dd15a078-409b-350d-9bef-c5f3520832d8
2021-02-04T05:36:16.142195510Z  INFO  2021-02-04 05:36:16,141 [shard 0] database - Keyspace system: Reading CF peer_events id=59dfeaea-8db2-3341-91ef-109974d81484 version=7f874a05-72b8-3c21-9acb-baa164fc351a
2021-02-04T05:36:16.142207383Z  INFO  2021-02-04 05:36:16,141 [shard 0] database - Keyspace system: Reading CF peers id=37f71aca-7dc2-383b-a706-72528af04d4f version=f6f6871f-8c86-3eca-ac0b-2a2e848e395d
2021-02-04T05:36:16.142218742Z  INFO  2021-02-04 05:36:16,141 [shard 0] database - Keyspace system: Reading CF scylla_local id=2972ec7f-fb20-38dd-aac1-d876f2e3fcbd version=5f0b407d-eedf-3845-a48e-dbb9673d10e1
2021-02-04T05:36:16.142229735Z  INFO  2021-02-04 05:36:16,141 [shard 0] database - Keyspace system: Reading CF schema_aggregates id=a5fc57fc-9d6c-3bfd-a3fc-01ad54686fea version=d06c934f-9a69-374c-86f1-523ab26fb05c
2021-02-04T05:36:16.142253062Z  INFO  2021-02-04 05:36:16,141 [shard 0] database - Keyspace system: Reading CF paxos id=b7b7f0c2-fd0a-3410-8c05-3ef614bb7c2d version=6dd372de-72fb-3e1b-9b8c-f97738a67fe9
2021-02-04T05:36:16.142265031Z  INFO  2021-02-04 05:36:16,141 [shard 0] database - Keyspace system: Reading CF compactions_in_progress id=55080ab0-5d9c-3886-90a4-acb25fe1f77b version=540263f1-40db-3869-8a38-3baadedc222d
2021-02-04T05:36:16.142275686Z  INFO  2021-02-04 05:36:16,141 [shard 0] database - Keyspace system: Reading CF local id=7ad54392-bcdd-35a6-8417-4e047860b377 version=7fa82c2e-5b67-37dd-8e5e-2079e18f1536
2021-02-04T05:36:16.142286106Z  INFO  2021-02-04 05:36:16,141 [shard 0] database - Keyspace system: Reading CF schema_columnfamilies id=45f5b360-24bc-3f83-a363-1034ea4fa697 version=7f7a5fea-07b7-304d-a6f8-f7aec72cabdb
2021-02-04T05:36:16.142296823Z  INFO  2021-02-04 05:36:16,141 [shard 0] database - Keyspace system: Reading CF hints id=2666e205-73ef-38b3-90fe-fecf96e8f0c7 version=0b74fdd1-e96d-309e-a14e-a5bcd7ac885d
2021-02-04T05:36:16.142307312Z  INFO  2021-02-04 05:36:16,141 [shard 0] database - Keyspace system: Reading CF sstable_activity id=5a1ff267-ace0-3f12-8563-cfae6103c65e version=bdec57a3-b234-334b-be9c-7b1f33113995
2021-02-04T05:36:16.142319383Z  INFO  2021-02-04 05:36:16,141 [shard 0] database - Keyspace system: Reading CF IndexInfo id=9f5c6374-d485-3229-9a0a-5094af9ad1e3 version=bbb3743b-351f-3023-b4fc-09a9be37d529
2021-02-04T05:36:16.142330417Z  INFO  2021-02-04 05:36:16,141 [shard 0] database - Keyspace system: Reading CF large_partitions id=8a7fe624-96b0-34b1-b90e-f71bddcdd2d3 version=04fa9920-9369-3a96-be39-6dd9fdc816b6
2021-02-04T05:36:16.142341011Z  INFO  2021-02-04 05:36:16,141 [shard 0] database - Keyspace system: Reading CF scylla_table_schema_history id=0191a53e-40f0-31d4-9171-b0d19ffb17b4 version=2cc890b8-9ade-3afc-ab63-043c8017608e
2021-02-04T05:36:16.142351468Z  INFO  2021-02-04 05:36:16,141 [shard 0] database - Keyspace system: Reading CF large_cells id=ead8bbc5-f146-3ae1-9f71-0b11f9a1d296 version=0d4a6937-a781-3f87-a192-b4e4a4a40acf
2021-02-04T05:36:16.142361959Z  INFO  2021-02-04 05:36:16,141 [shard 0] database - Keyspace system: Reading CF views_builds_in_progress id=b7f2c108-78cd-3c80-9cd5-d609b2bd149c version=b905cce5-1474-3085-819a-7592453e2fb9
2021-02-04T05:36:16.142488854Z  INFO  2021-02-04 05:36:16,141 [shard 0] database - Keyspace system: Reading CF built_views id=4b3c50a9-ea87-3d76-9101-6dbc9c38494a version=a28aa0b3-6def-30a7-9fbe-ce78b3f3c9b9
2021-02-04T05:36:16.142532563Z  INFO  2021-02-04 05:36:16,142 [shard 0] database - Keyspace system: Reading CF scylla_views_builds_in_progress id=a04c7bfd-1e13-36c9-a44d-f22da352281d version=e3fb736c-6956-3990-a31d-9a482279e3fc
2021-02-04T05:36:16.142547551Z  INFO  2021-02-04 05:36:16,142 [shard 0] database - Keyspace system: Reading CF truncated id=38c19fd0-fb86-3310-a4b7-0d0cc66628aa version=6da9a85c-7ae0-3917-aead-54a2f65a57a8
2021-02-04T05:36:16.142558346Z  INFO  2021-02-04 05:36:16,142 [shard 0] database - Keyspace system: Reading CF cdc_local id=0bcaffd4-0c83-3ead-ad13-dc1d5015b77c version=0aa4d3a2-ed95-3ecd-aba0-cd75622ad290
2021-02-04T05:36:16.142569006Z  INFO  2021-02-04 05:36:16,142 [shard 0] database - Keyspace system: Reading CF clients id=ca0f635d-8630-3609-8d93-a1fc06f2a5e5 version=51273ebf-e6f9-3cd5-b455-ea09ad29796f
2021-02-04T05:36:16.142579586Z  INFO  2021-02-04 05:36:16,142 [shard 0] database - Keyspace system: Reading CF schema_keyspaces id=b0f22357-4458-3cdb-9631-c43e59ce3676 version=84d28cef-59f9-34a9-9be5-31c684997f03
2021-02-04T05:36:16.142599712Z  INFO  2021-02-04 05:36:16,142 [shard 0] database - Keyspace system: Reading CF schema_columns id=296e9c04-9bec-3085-827d-c17d3df2122a version=53cfbb66-ee0d-37be-97bb-b2afb3746f85
2021-02-04T05:36:16.142611524Z  INFO  2021-02-04 05:36:16,142 [shard 0] database - Keyspace system: Reading CF schema_triggers id=0359bc71-7123-3ee1-9a4a-b9dfb11fc125 version=75e4ec4c-76da-3f59-984e-66810ba0c62b
2021-02-04T05:36:16.142622260Z  INFO  2021-02-04 05:36:16,142 [shard 0] database - Keyspace system: Reading CF large_rows id=40550f66-0858-39a0-9430-f27fc08034e9 version=aee3acb0-7926-317b-848e-db7bc3721695
2021-02-04T05:36:16.142632844Z  INFO  2021-02-04 05:36:16,142 [shard 0] database - Keyspace system: Reading CF schema_usertypes id=3aa75225-4f82-350b-8d5c-430fa221fa0a version=3c53e6bb-56d5-3618-a0b2-4ff5f18127d7
2021-02-04T05:36:16.142643428Z  INFO  2021-02-04 05:36:16,142 [shard 0] database - Keyspace system: Reading CF schema_functions id=d1b675fe-2b50-3ca4-8e49-c0f81989dcad version=a50959dd-2be0-3e4e-8bb5-cf40796e256a
2021-02-04T05:36:29.320513300Z  INFO  2021-02-04 05:36:29,319 [shard 3] sstable_directory - Removing file /var/lib/scylla/data/system/compaction_history-b4dbb7b4dc493fb5b3bfce6e434832ca/md-395-big-Scylla.db
2021-02-04T05:36:29.321009189Z  INFO  2021-02-04 05:36:29,320 [shard 3] sstable_directory - Removing file /var/lib/scylla/data/system/compaction_history-b4dbb7b4dc493fb5b3bfce6e434832ca/md-395-big-CompressionInfo.db
2021-02-04T05:36:29.321035234Z  INFO  2021-02-04 05:36:29,320 [shard 3] sstable_directory - Removing file /var/lib/scylla/data/system/compaction_history-b4dbb7b4dc493fb5b3bfce6e434832ca/md-395-big-TOC.txt.tmp
2021-02-04T05:36:29.321064814Z  INFO  2021-02-04 05:36:29,320 [shard 3] sstable_directory - Removing file /var/lib/scylla/data/system/compaction_history-b4dbb7b4dc493fb5b3bfce6e434832ca/md-395-big-Filter.db
2021-02-04T05:36:29.321076147Z  INFO  2021-02-04 05:36:29,320 [shard 3] sstable_directory - Removing file /var/lib/scylla/data/system/compaction_history-b4dbb7b4dc493fb5b3bfce6e434832ca/md-395-big-Index.db
2021-02-04T05:36:29.321087062Z  INFO  2021-02-04 05:36:29,320 [shard 3] sstable_directory - Removing file /var/lib/scylla/data/system/compaction_history-b4dbb7b4dc493fb5b3bfce6e434832ca/md-395-big-Summary.db
2021-02-04T05:36:29.321097481Z  INFO  2021-02-04 05:36:29,320 [shard 3] sstable_directory - Removing file /var/lib/scylla/data/system/compaction_history-b4dbb7b4dc493fb5b3bfce6e434832ca/md-395-big-Data.db
2021-02-04T05:36:29.321108059Z  INFO  2021-02-04 05:36:29,320 [shard 3] sstable_directory - Removing file /var/lib/scylla/data/system/compaction_history-b4dbb7b4dc493fb5b3bfce6e434832ca/md-395-big-Digest.crc32
2021-02-04T05:36:29.321118595Z  INFO  2021-02-04 05:36:29,320 [shard 3] sstable_directory - Removing file /var/lib/scylla/data/system/compaction_history-b4dbb7b4dc493fb5b3bfce6e434832ca/md-395-big-Statistics.db
2021-02-04T05:36:29.323110526Z  INFO  2021-02-04 05:36:29,322 [shard 0] init - starting gossip
2021-02-04T05:36:29.323135771Z  WARN  2021-02-04 05:36:29,322 [shard 0] init - Using default cluster name is not recommended. Using a unique cluster name will reduce the chance of adding nodes to the wrong cluster by mistake
2021-02-04T05:36:29.323607112Z  INFO  2021-02-04 05:36:29,322 [shard 0] init - seeds={10.0.37.6}, listen_address=10.0.37.6, broadcast_address=10.0.37.6
2021-02-04T05:36:29.323659685Z  INFO  2021-02-04 05:36:29,323 [shard 0] init - starting storage proxy
2021-02-04T05:36:29.330774735Z  INFO  2021-02-04 05:36:29,330 [shard 0] init - creating hints manager
2021-02-04T05:36:29.331344320Z  INFO  2021-02-04 05:36:29,331 [shard 3] init - creating hints manager
2021-02-04T05:36:29.331393724Z  INFO  2021-02-04 05:36:29,331 [shard 2] init - creating hints manager
2021-02-04T05:36:29.332143453Z  INFO  2021-02-04 05:36:29,331 [shard 1] init - creating hints manager
2021-02-04T05:36:29.332908056Z  INFO  2021-02-04 05:36:29,332 [shard 0] init - starting migration manager
2021-02-04T05:36:29.333538376Z  INFO  2021-02-04 05:36:29,333 [shard 0] init - starting query processor
2021-02-04T05:36:29.334847093Z  INFO  2021-02-04 05:36:29,334 [shard 0] init - initializing batchlog manager
2021-02-04T05:36:29.338223820Z  INFO  2021-02-04 05:36:29,337 [shard 0] format_selector - Selected md sstables format
2021-02-04T05:36:29.340173911Z  INFO  2021-02-04 05:36:29,339 [shard 0] legacy_schema_migrator - Moving 0 keyspaces from legacy schema tables to the new schema keyspace (system_schema)
2021-02-04T05:36:29.340854052Z  INFO  2021-02-04 05:36:29,340 [shard 0] legacy_schema_migrator - Dropping legacy schema tables
2021-02-04T05:36:37.696626238Z  INFO  2021-02-04 05:36:37,695 [shard 0] legacy_schema_migrator - Completed migration of legacy schema tables
2021-02-04T05:36:37.696684941Z  INFO  2021-02-04 05:36:37,695 [shard 0] init - loading system sstables
2021-02-04T05:36:52.029396270Z  INFO  2021-02-04 05:36:52,028 [shard 0] init - loading non-system sstables
2021-02-04T05:37:00.193235321Z  INFO  2021-02-04 05:37:00,192 [shard 0] database - Populating Keyspace system_auth
2021-02-04T05:37:00.193265858Z  INFO  2021-02-04 05:37:00,192 [shard 0] database - Keyspace system_auth: Reading CF roles id=5bc52802-de25-35ed-aeab-188eecebb090 version=d8f599da-7544-3f57-aa58-b229deea93e0
2021-02-04T05:37:00.193278436Z  INFO  2021-02-04 05:37:00,192 [shard 0] database - Keyspace system_auth: Reading CF role_members id=0ecdaa87-f8fb-3e60-88d1-74fb36fe5c0d version=2923b5bb-f2f8-36e8-9e73-19019900010c
2021-02-04T05:37:00.193965155Z  INFO  2021-02-04 05:37:00,192 [shard 0] database - Populating Keyspace system_traces
2021-02-04T05:37:00.193984528Z  INFO  2021-02-04 05:37:00,193 [shard 0] database - Keyspace system_traces: Reading CF sessions_time_idx id=0ebf001c-c1d1-3693-9a63-c3d96ac53318 version=cd5d1e5f-1f42-3b9d-a8ba-3af39d59a7d5
2021-02-04T05:37:00.193995833Z  INFO  2021-02-04 05:37:00,193 [shard 0] database - Keyspace system_traces: Reading CF sessions id=c5e99f16-8677-3914-b17e-960613512345 version=e0fc4b06-6cba-3b7b-bfb6-b42a77c370a9
2021-02-04T05:37:00.194006827Z  INFO  2021-02-04 05:37:00,193 [shard 0] database - Keyspace system_traces: Reading CF node_slow_log_time_idx id=f9706768-aa1e-3d87-9e5c-51a3927c2870 version=eaffc0bb-7b2c-3b64-8924-d8ba685120bc
2021-02-04T05:37:00.194017614Z  INFO  2021-02-04 05:37:00,193 [shard 0] database - Keyspace system_traces: Reading CF node_slow_log id=bfcc4e62-5b63-3aa1-a1c3-6f5e47f3325c version=23e7a411-8414-340f-854d-20a3a637e438
2021-02-04T05:37:00.194040270Z  INFO  2021-02-04 05:37:00,193 [shard 0] database - Keyspace system_traces: Reading CF events id=8826e8e9-e16a-3728-8753-3bc1fc713c25 version=41a6b26e-a03b-3ae1-8a4a-b9446e7f9304
2021-02-04T05:37:00.194052108Z  INFO  2021-02-04 05:37:00,193 [shard 0] database - Populating Keyspace dt
2021-02-04T05:37:00.194062065Z  INFO  2021-02-04 05:37:00,193 [shard 0] database - Keyspace dt: Reading CF user id=5c294820-d77b-11ea-9877-000000000001 version=02cce273-02f1-3e6a-8674-f1016e3f22d7
2021-02-04T05:37:00.194072396Z  INFO  2021-02-04 05:37:00,193 [shard 0] database - Keyspace dt: Reading CF twin id=5e00c740-d77b-11ea-9877-000000000001 version=6240633e-c8cc-3fea-a1e3-452eff1b9659
2021-02-04T05:37:00.194082750Z  INFO  2021-02-04 05:37:00,193 [shard 0] database - Keyspace dt: Reading CF element_twin_idx_index id=630ae8b0-d77b-11ea-9877-000000000001 version=bc3026fd-bc4e-318d-b6f4-ca0b566cb74b
2021-02-04T05:37:00.194092998Z  INFO  2021-02-04 05:37:00,193 [shard 0] database - Keyspace dt: Reading CF source_element_idx_index id=68593f10-d77b-11ea-9877-000000000001 version=33e3f927-f730-3081-88e1-6bed2962e42a
2021-02-04T05:37:00.194103289Z  INFO  2021-02-04 05:37:00,193 [shard 0] database - Keyspace dt: Reading CF source_data id=6af6cd50-d77b-11ea-9877-000000000001 version=b52400e3-b307-3141-b3fc-e5d63573f135
2021-02-04T05:37:00.194115267Z  INFO  2021-02-04 05:37:00,193 [shard 0] database - Keyspace dt: Reading CF source id=65ff2270-d77b-11ea-9877-000000000001 version=5f8471b7-7d19-31d4-9be5-0f153affb0bb
2021-02-04T05:37:00.194126190Z  INFO  2021-02-04 05:37:00,193 [shard 0] database - Keyspace dt: Reading CF element id=607549b0-d77b-11ea-9877-000000000001 version=f44a6c4b-69d8-37f2-b116-7260740acc6c
2021-02-04T05:37:00.194136390Z  INFO  2021-02-04 05:37:00,193 [shard 0] database - Populating Keyspace system_distributed
2021-02-04T05:37:00.194146271Z  INFO  2021-02-04 05:37:00,193 [shard 0] database - Keyspace system_distributed: Reading CF view_build_status id=5582b59f-8e4e-35e1-b913-3acada51eb04 version=e0b6e628-60e0-39a2-ada0-9b6c13bdd9bc
2021-02-04T05:37:00.194156537Z  INFO  2021-02-04 05:37:00,193 [shard 0] database - Keyspace system_distributed: Reading CF cdc_streams_descriptions id=249f0ac2-8856-36d4-9802-f55223eb01c2 version=f727f60d-bfaa-32de-a0d6-898e1cbaf2c9
2021-02-04T05:37:00.194166874Z  INFO  2021-02-04 05:37:00,193 [shard 0] database - Keyspace system_distributed: Reading CF cdc_streams id=07405732-4620-34d6-a85e-947248dad9a4 version=b606cfa4-a37b-32bd-a624-e05cab2bed3c
2021-02-04T05:37:00.194177159Z  INFO  2021-02-04 05:37:00,193 [shard 0] database - Keyspace system_distributed: Reading CF cdc_generations id=6a4df139-00b6-3d21-9efc-dade266dc3b7 version=2511b46b-df1d-39fa-9a77-f5cacf88af47
2021-02-04T05:37:00.194187403Z  INFO  2021-02-04 05:37:00,193 [shard 0] database - Keyspace system_distributed: Reading CF cdc_generation_descriptions id=ae653406-7b3e-34aa-af70-d5b90f837c67 version=95e9e159-839f-39b3-990f-8e8a04817ff8
2021-02-04T05:37:06.547269655Z  INFO  2021-02-04 05:37:06,546 [shard 0] init - starting view update generator
2021-02-04T05:37:06.548105683Z  INFO  2021-02-04 05:37:06,547 [shard 0] init - discovering staging sstables
2021-02-04T05:37:06.548876980Z  INFO  2021-02-04 05:37:06,548 [shard 0] init - setting up system keyspace
2021-02-04T05:37:06.566786834Z  INFO  2021-02-04 05:37:06,566 [shard 0] init - starting commit log
2021-02-04T05:37:06.567164362Z  INFO  2021-02-04 05:37:06,566 [shard 0] init - replaying commit log
2021-02-04T05:37:06.569530197Z  INFO  2021-02-04 05:37:06,569 [shard 0] commitlog_replayer - Replaying /var/lib/scylla/commitlog/Recycled-CommitLog-1-18014400217436118.log, /var/lib/scylla/commitlog/CommitLog-1-54043197236400083.log, /var/lib/scylla/commitlog/CommitLog-1-36028798726918099.log, /var/lib/scylla/commitlog/CommitLog-1-36028798726918097.log, /var/lib/scylla/commitlog/Recycled-CommitLog-1-18014400217436119.log, /var/lib/scylla/commitlog/CommitLog-1-1707954129.log, /var/lib/scylla/commitlog/Recycled-CommitLog-1-18014400217436120.log, /var/lib/scylla/commitlog/CommitLog-1-54043197236400081.log, /var/lib/scylla/commitlog/CommitLog-1-18014400217436116.log, /var/lib/scylla/commitlog/CommitLog-1-1707954128.log, /var/lib/scylla/commitlog/CommitLog-1-36028798726918098.log, /var/lib/scylla/commitlog/CommitLog-1-54043197236400082.log, /var/lib/scylla/commitlog/CommitLog-1-1707954130.log, /var/lib/scylla/commitlog/CommitLog-1-18014400217436117.log
2021-02-04T05:37:16.099558336Z  INFO  2021-02-04 05:37:16,098 [shard 0] commitlog_replayer - Log replay complete, 51971 replayed mutations (0 invalid, 0 skipped)
2021-02-04T05:37:16.100802458Z  INFO  2021-02-04 05:37:16,100 [shard 0] init - replaying commit log - flushing memtables
2021-02-04T05:37:35.353793745Z  INFO  2021-02-04 05:37:35,351 [shard 0] init - replaying commit log - removing old commitlog segments
2021-02-04T05:37:35.353837957Z  INFO  2021-02-04 05:37:35,352 [shard 0] compaction - [Compact system.cdc_local 15a52f80-66ab-11eb-ac56-000000000000] Compacting [/var/lib/scylla/data/system/cdc_local-0bcaffd40c833eadad13dc1d5015b77c/md-468-big-Data.db:level=0, /var/lib/scylla/data/system/cdc_local-0bcaffd40c833eadad13dc1d5015b77c/md-464-big-Data.db:level=0, ]
2021-02-04T05:37:35.353852411Z  INFO  2021-02-04 05:37:35,352 [shard 0] compaction - [Compact system.truncated 15a52f81-66ab-11eb-ac56-000000000000] Compacting [/var/lib/scylla/data/system/truncated-38c19fd0fb863310a4b70d0cc66628aa/md-3224-big-Data.db:level=0, /var/lib/scylla/data/system/truncated-38c19fd0fb863310a4b70d0cc66628aa/md-3228-big-Data.db:level=0, /var/lib/scylla/data/system/truncated-38c19fd0fb863310a4b70d0cc66628aa/md-3220-big-Data.db:level=0, ]
2021-02-04T05:37:35.353865803Z  INFO  2021-02-04 05:37:35,353 [shard 0] compaction - [Compact system.compaction_history 15a55690-66ab-11eb-ac56-000000000000] Compacting [/var/lib/scylla/data/system/compaction_history-b4dbb7b4dc493fb5b3bfce6e434832ca/md-396-big-Data.db:level=0, /var/lib/scylla/data/system/compaction_history-b4dbb7b4dc493fb5b3bfce6e434832ca/md-392-big-Data.db:level=0, /var/lib/scylla/data/system/compaction_history-b4dbb7b4dc493fb5b3bfce6e434832ca/md-388-big-Data.db:level=0, ]
2021-02-04T05:37:35.355230598Z  INFO  2021-02-04 05:37:35,353 [shard 3] compaction - [Compact dt.source_data 15a55690-66ab-11eb-93ef-000000000001] Compacting [/var/lib/scylla/data/dt/source_data-6af6cd50d77b11ea9877000000000001/md-1123-big-Data.db:level=0, /var/lib/scylla/data/dt/source_data-6af6cd50d77b11ea9877000000000001/md-1119-big-Data.db:level=0, /var/lib/scylla/data/dt/source_data-6af6cd50d77b11ea9877000000000001/md-1115-big-Data.db:level=0, ]
2021-02-04T05:37:35.355257725Z  INFO  2021-02-04 05:37:35,353 [shard 1] compaction - [Compact system.local 15a55690-66ab-11eb-b3d1-000000000002] Compacting [/var/lib/scylla/data/system/local-7ad54392bcdd35a684174e047860b377/md-6125-big-Data.db:level=0, /var/lib/scylla/data/system/local-7ad54392bcdd35a684174e047860b377/md-6121-big-Data.db:level=0, ]
2021-02-04T05:37:35.355271600Z  INFO  2021-02-04 05:37:35,354 [shard 3] compaction - [Compact system.truncated 15a57da0-66ab-11eb-93ef-000000000001] Compacting [/var/lib/scylla/data/system/truncated-38c19fd0fb863310a4b70d0cc66628aa/md-3231-big-Data.db:level=0, /var/lib/scylla/data/system/truncated-38c19fd0fb863310a4b70d0cc66628aa/md-3227-big-Data.db:level=0, /var/lib/scylla/data/system/truncated-38c19fd0fb863310a4b70d0cc66628aa/md-3215-big-Data.db:level=0, ]
2021-02-04T05:37:35.355302094Z  INFO  2021-02-04 05:37:35,354 [shard 1] compaction - [Compact system.compaction_history 15a57da0-66ab-11eb-b3d1-000000000002] Compacting [/var/lib/scylla/data/system/compaction_history-b4dbb7b4dc493fb5b3bfce6e434832ca/md-397-big-Data.db:level=0, /var/lib/scylla/data/system/compaction_history-b4dbb7b4dc493fb5b3bfce6e434832ca/md-393-big-Data.db:level=0, /var/lib/scylla/data/system/compaction_history-b4dbb7b4dc493fb5b3bfce6e434832ca/md-389-big-Data.db:level=0, ]
2021-02-04T05:37:35.355317969Z  INFO  2021-02-04 05:37:35,354 [shard 3] compaction - [Compact system_schema.computed_columns 15a57da1-66ab-11eb-93ef-000000000001] Compacting [/var/lib/scylla/data/system_schema/computed_columns-cc7c7069374033c192a4c3de78dbd2c4/md-1027-big-Data.db:level=0, /var/lib/scylla/data/system_schema/computed_columns-cc7c7069374033c192a4c3de78dbd2c4/md-1023-big-Data.db:level=0, /var/lib/scylla/data/system_schema/computed_columns-cc7c7069374033c192a4c3de78dbd2c4/md-1019-big-Data.db:level=0, ]
2021-02-04T05:37:35.355330805Z  INFO  2021-02-04 05:37:35,354 [shard 3] compaction - [Compact system_schema.functions 15a57da2-66ab-11eb-93ef-000000000001] Compacting [/var/lib/scylla/data/system_schema/functions-96489b7980be3e14a70166a0b9159450/md-283-big-Data.db:level=0, /var/lib/scylla/data/system_schema/functions-96489b7980be3e14a70166a0b9159450/md-279-big-Data.db:level=0, /var/lib/scylla/data/system_schema/functions-96489b7980be3e14a70166a0b9159450/md-275-big-Data.db:level=0, ]
2021-02-04T05:37:35.355352447Z  INFO  2021-02-04 05:37:35,354 [shard 1] compaction - [Compact system.clients 15a57da1-66ab-11eb-b3d1-000000000002] Compacting [/var/lib/scylla/data/system/clients-ca0f635d863036098d93a1fc06f2a5e5/md-2481-big-Data.db:level=0, /var/lib/scylla/data/system/clients-ca0f635d863036098d93a1fc06f2a5e5/md-2513-big-Data.db:level=0, /var/lib/scylla/data/system/clients-ca0f635d863036098d93a1fc06f2a5e5/md-2509-big-Data.db:level=0, /var/lib/scylla/data/system/clients-ca0f635d863036098d93a1fc06f2a5e5/md-2505-big-Data.db:level=0, /var/lib/scylla/data/system/clients-ca0f635d863036098d93a1fc06f2a5e5/md-2533-big-Data.db:level=0, /var/lib/scylla/data/system/clients-ca0f635d863036098d93a1fc06f2a5e5/md-2537-big-Data.db:level=0, /var/lib/scylla/data/system/clients-ca0f635d863036098d93a1fc06f2a5e5/md-2541-big-Data.db:level=0, /var/lib/scylla/data/system/clients-ca0f635d863036098d93a1fc06f2a5e5/md-2501-big-Data.db:level=0, /var/lib/scylla/data/system/clients-ca0f635d863036098d93a1fc06f2a5e5/md-2497-big-Data.db:level=0, /var/lib/scylla/data/system/clients-ca0f635d863036098d93a1fc06f2a5e5/md-2525-big-Data.db:level=0, /var/lib/scylla/data/system/clients-ca0f635d863036098d93a1fc06f2a5e5/md-2529-big-Data.db:level=0, /var/lib/scylla/data/system/clients-ca0f635d863036098d93a1fc06f2a5e5/md-2517-big-Data.db:level=0, /var/lib/scylla/data/system/clients-ca0f635d863036098d93a1fc06f2a5e5/md-2485-big-Data.db:level=0, /var/lib/scylla/data/system/clients-ca0f635d863036098d93a1fc06f2a5e5/md-2521-big-Data.db:level=0, /var/lib/scylla/data/system/clients-ca0f635d863036098d93a1fc06f2a5e5/md-2489-big-Data.db:level=0, /var/lib/scylla/data/system/clients-ca0f635d863036098d93a1fc06f2a5e5/md-2493-big-Data.db:level=0, ]
2021-02-04T05:37:35.355403435Z  INFO  2021-02-04 05:37:35,354 [shard 3] compaction - [Compact system_schema.columns 15a57da3-66ab-11eb-93ef-000000000001] Compacting [/var/lib/scylla/data/system_schema/columns-24101c25a2ae3af787c1b40ee1aca33f/md-1175-big-Data.db:level=0, /var/lib/scylla/data/system_schema/columns-24101c25a2ae3af787c1b40ee1aca33f/md-1179-big-Data.db:level=0, /var/lib/scylla/data/system_schema/columns-24101c25a2ae3af787c1b40ee1aca33f/md-1171-big-Data.db:level=0, ]
2021-02-04T05:37:35.355425421Z  INFO  2021-02-04 05:37:35,354 [shard 3] compaction - [Compact system_schema.scylla_tables 15a57da4-66ab-11eb-93ef-000000000001] Compacting [/var/lib/scylla/data/system_schema/scylla_tables-5d912ff1f7593665b2c88042ab5103dd/md-955-big-Data.db:level=0, /var/lib/scylla/data/system_schema/scylla_tables-5d912ff1f7593665b2c88042ab5103dd/md-959-big-Data.db:level=0, /var/lib/scylla/data/system_schema/scylla_tables-5d912ff1f7593665b2c88042ab5103dd/md-951-big-Data.db:level=0, ]
2021-02-04T05:37:35.357128170Z  INFO  2021-02-04 05:37:35,356 [shard 2] compaction - [Compact system.truncated 15a5cbc0-66ab-11eb-a45a-000000000003] Compacting [/var/lib/scylla/data/system/truncated-38c19fd0fb863310a4b70d0cc66628aa/md-3230-big-Data.db:level=0, /var/lib/scylla/data/system/truncated-38c19fd0fb863310a4b70d0cc66628aa/md-3226-big-Data.db:level=0, /var/lib/scylla/data/system/truncated-38c19fd0fb863310a4b70d0cc66628aa/md-3214-big-Data.db:level=0, ]
2021-02-04T05:37:35.357602253Z  INFO  2021-02-04 05:37:35,356 [shard 2] compaction - [Compact system_schema.computed_columns 15a5cbc1-66ab-11eb-a45a-000000000003] Compacting [/var/lib/scylla/data/system_schema/computed_columns-cc7c7069374033c192a4c3de78dbd2c4/md-1026-big-Data.db:level=0, /var/lib/scylla/data/system_schema/computed_columns-cc7c7069374033c192a4c3de78dbd2c4/md-1022-big-Data.db:level=0, /var/lib/scylla/data/system_schema/computed_columns-cc7c7069374033c192a4c3de78dbd2c4/md-1018-big-Data.db:level=0, ]
2021-02-04T05:37:35.358473816Z  INFO  2021-02-04 05:37:35,357 [shard 2] compaction - [Compact system.peers 15a5f2d0-66ab-11eb-a45a-000000000003] Compacting [/var/lib/scylla/data/system/peers-37f71aca7dc2383ba70672528af04d4f/md-354-big-Data.db:level=0, /var/lib/scylla/data/system/peers-37f71aca7dc2383ba70672528af04d4f/md-350-big-Data.db:level=0, /var/lib/scylla/data/system/peers-37f71aca7dc2383ba70672528af04d4f/md-346-big-Data.db:level=0, ]
2021-02-04T05:37:35.358899831Z  INFO  2021-02-04 05:37:35,358 [shard 2] compaction - [Compact system_schema.columns 15a619e0-66ab-11eb-a45a-000000000003] Compacting [/var/lib/scylla/data/system_schema/columns-24101c25a2ae3af787c1b40ee1aca33f/md-1174-big-Data.db:level=0, /var/lib/scylla/data/system_schema/columns-24101c25a2ae3af787c1b40ee1aca33f/md-1178-big-Data.db:level=0, /var/lib/scylla/data/system_schema/columns-24101c25a2ae3af787c1b40ee1aca33f/md-1170-big-Data.db:level=0, ]
2021-02-04T05:37:35.359270993Z  INFO  2021-02-04 05:37:35,358 [shard 2] compaction - [Compact system_schema.scylla_tables 15a619e1-66ab-11eb-a45a-000000000003] Compacting [/var/lib/scylla/data/system_schema/scylla_tables-5d912ff1f7593665b2c88042ab5103dd/md-954-big-Data.db:level=0, /var/lib/scylla/data/system_schema/scylla_tables-5d912ff1f7593665b2c88042ab5103dd/md-958-big-Data.db:level=0, /var/lib/scylla/data/system_schema/scylla_tables-5d912ff1f7593665b2c88042ab5103dd/md-950-big-Data.db:level=0, ]
2021-02-04T05:37:35.363462297Z  INFO  2021-02-04 05:37:35,363 [shard 0] init - initializing migration manager RPC verbs
2021-02-04T05:37:35.364508999Z  INFO  2021-02-04 05:37:35,364 [shard 0] init - initializing storage proxy RPC verbs
2021-02-04T05:37:35.365528377Z  INFO  2021-02-04 05:37:35,365 [shard 0] init - starting streaming service
2021-02-04T05:37:35.368525889Z  INFO  2021-02-04 05:37:35,368 [shard 0] init - starting hinted handoff manager
2021-02-04T05:37:36.534404507Z  WARN  2021-02-04 05:37:36,533 [shard 3] large_data - Writing a partition with too many rows [dt/source_data:d0a71d84-b80f-4558-beac-8887750652e3] (277133 rows)
2021-02-04T05:37:37.705845942Z  INFO  2021-02-04 05:37:37,704 [shard 2] compaction - [Compact system.peers 15a5f2d0-66ab-11eb-a45a-000000000003] Compacted 3 sstables to []. 16kB to 0 bytes (~0% of original) in 1ms = 0 bytes/s. ~384 total partitions merged to 0.
2021-02-04T05:37:38.414180311Z  INFO  2021-02-04 05:37:38,413 [shard 0] init - starting messaging service
2021-02-04T05:37:38.414212759Z  INFO  2021-02-04 05:37:38,413 [shard 0] repair - Setting max_repair_memory=168820736, max_repair_memory_per_range=33554432, max_repair_ranges_in_parallel=5
2021-02-04T05:37:38.415628367Z  INFO  2021-02-04 05:37:38,414 [shard 1] compaction - [Compact system.clients 15a57da1-66ab-11eb-b3d1-000000000002] Compacted 16 sstables to []. 377kB to 0 bytes (~0% of original) in 42ms = 0 bytes/s. ~2048 total partitions merged to 0.
2021-02-04T05:37:38.421022361Z  INFO  2021-02-04 05:37:38,416 [shard 0] init - starting storage service
2021-02-04T05:37:38.422161196Z  INFO  2021-02-04 05:37:38,421 [shard 0] storage_service - Loading persisted ring state
2021-02-04T05:37:38.424469013Z  INFO  2021-02-04 05:37:38,424 [shard 0] storage_service - initial_contact_nodes={10.0.37.6}, loaded_endpoints={}, loaded_peer_features=0
2021-02-04T05:37:38.424803307Z  INFO  2021-02-04 05:37:38,424 [shard 0] storage_service - Checking remote features with gossip, initial_contact_nodes={10.0.37.6}
2021-02-04T05:37:38.424868638Z  INFO  2021-02-04 05:37:38,424 [shard 0] messaging_service - Starting Messaging Service on port 7000
2021-02-04T05:37:38.425350713Z  INFO  2021-02-04 05:37:38,425 [shard 0] gossip - Gossip shadow round started with nodes={}
2021-02-04T05:37:38.425375485Z  WARN  2021-02-04 05:37:38,425 [shard 0] gossip - All nodes={} are down for get_endpoint_states verb. Skip ShadowRound.
2021-02-04T05:37:38.425387194Z  INFO  2021-02-04 05:37:38,425 [shard 0] gossip - Gossip shadow round finisehd with nodes_talked={}
2021-02-04T05:37:38.425727196Z  INFO  2021-02-04 05:37:38,425 [shard 0] gossip - Feature check passed. Local node 10.0.37.6 features = {CDC, COMPUTED_COLUMNS, CORRECT_COUNTER_ORDER, CORRECT_NON_COMPOUND_RANGE_TOMBSTONES, CORRECT_STATIC_COMPACT_IN_MC, COUNTERS, DIGEST_FOR_NULL_VALUES, DIGEST_INSENSITIVE_TO_EXPIRY, DIGEST_MULTIPARTITION_READ, HINTED_HANDOFF_SEPARATE_CONNECTION, INDEXES, LARGE_PARTITIONS, LA_SSTABLE_FORMAT, LWT, MATERIALIZED_VIEWS, MC_SSTABLE_FORMAT, MD_SSTABLE_FORMAT, NONFROZEN_UDTS, PER_TABLE_CACHING, PER_TABLE_PARTITIONERS, RANGE_TOMBSTONES, ROLES, ROW_LEVEL_REPAIR, SCHEMA_TABLES_V3, STREAM_WITH_RPC_STREAM, TRUNCATION_TABLE, UNBOUNDED_RANGE_TOMBSTONES, VIEW_VIRTUAL_COLUMNS, WRITE_FAILURE_REPLY, XXHASH}, Remote common_features = {}
2021-02-04T05:37:38.427428360Z  INFO  2021-02-04 05:37:38,427 [shard 0] storage_service - Restarting a node in NORMAL status
2021-02-04T05:37:38.462704343Z  INFO  2021-02-04 05:37:38,462 [shard 0] schema_tables - Schema version changed to d9780978-f87c-366c-a0f5-6b1d524f8488
2021-02-04T05:37:38.463062519Z  INFO  2021-02-04 05:37:38,462 [shard 0] storage_service - Starting up server gossip
2021-02-04T05:37:39.155093438Z  INFO  2021-02-04 05:37:39,154 [shard 3] compaction - [Compact system_schema.indexes 17e95320-66ab-11eb-93ef-000000000001] Compacting [/var/lib/scylla/data/system_schema/indexes-0feb57ac311f382fba6d9024d305702f/md-1131-big-Data.db:level=0, /var/lib/scylla/data/system_schema/indexes-0feb57ac311f382fba6d9024d305702f/md-1127-big-Data.db:level=0, /var/lib/scylla/data/system_schema/indexes-0feb57ac311f382fba6d9024d305702f/md-1123-big-Data.db:level=0, ]
2021-02-04T05:37:39.156116630Z  INFO  2021-02-04 05:37:39,155 [shard 3] compaction - [Compact system_schema.types 17e97a30-66ab-11eb-93ef-000000000001] Compacting [/var/lib/scylla/data/system_schema/types-5a8b1ca866023f77a0459273d308917a/md-275-big-Data.db:level=0, /var/lib/scylla/data/system_schema/types-5a8b1ca866023f77a0459273d308917a/md-271-big-Data.db:level=0, /var/lib/scylla/data/system_schema/types-5a8b1ca866023f77a0459273d308917a/md-267-big-Data.db:level=0, ]
2021-02-04T05:37:39.157413497Z  INFO  2021-02-04 05:37:39,156 [shard 3] compaction - [Compact system_schema.dropped_columns 17e9a140-66ab-11eb-93ef-000000000001] Compacting [/var/lib/scylla/data/system_schema/dropped_columns-5e7583b5f3f43af19a39b7e1d6f5f11f/md-1195-big-Data.db:level=0, /var/lib/scylla/data/system_schema/dropped_columns-5e7583b5f3f43af19a39b7e1d6f5f11f/md-1199-big-Data.db:level=0, /var/lib/scylla/data/system_schema/dropped_columns-5e7583b5f3f43af19a39b7e1d6f5f11f/md-1191-big-Data.db:level=0, ]
2021-02-04T05:37:39.158039043Z  INFO  2021-02-04 05:37:39,157 [shard 3] compaction - [Compact system_schema.tables 17e9c850-66ab-11eb-93ef-000000000001] Compacting [/var/lib/scylla/data/system_schema/tables-afddfb9dbc1e30688056eed6c302ba09/md-983-big-Data.db:level=0, /var/lib/scylla/data/system_schema/tables-afddfb9dbc1e30688056eed6c302ba09/md-987-big-Data.db:level=0, /var/lib/scylla/data/system_schema/tables-afddfb9dbc1e30688056eed6c302ba09/md-979-big-Data.db:level=0, ]
2021-02-04T05:37:39.244430317Z  INFO  2021-02-04 05:37:39,243 [shard 2] compaction - [Compact system_schema.indexes 17f6e7b0-66ab-11eb-a45a-000000000003] Compacting [/var/lib/scylla/data/system_schema/indexes-0feb57ac311f382fba6d9024d305702f/md-1130-big-Data.db:level=0, /var/lib/scylla/data/system_schema/indexes-0feb57ac311f382fba6d9024d305702f/md-1122-big-Data.db:level=0, /var/lib/scylla/data/system_schema/indexes-0feb57ac311f382fba6d9024d305702f/md-1126-big-Data.db:level=0, ]
2021-02-04T05:37:39.244907873Z  INFO  2021-02-04 05:37:39,244 [shard 2] compaction - [Compact system_schema.keyspaces 17f70ec0-66ab-11eb-a45a-000000000003] Compacting [/var/lib/scylla/data/system_schema/keyspaces-abac5682dea631c5b535b3d6cffd0fb6/md-1086-big-Data.db:level=0, /var/lib/scylla/data/system_schema/keyspaces-abac5682dea631c5b535b3d6cffd0fb6/md-1090-big-Data.db:level=0, /var/lib/scylla/data/system_schema/keyspaces-abac5682dea631c5b535b3d6cffd0fb6/md-1082-big-Data.db:level=0, ]
2021-02-04T05:37:39.245318881Z  INFO  2021-02-04 05:37:39,244 [shard 2] compaction - [Compact system_schema.tables 17f70ec1-66ab-11eb-a45a-000000000003] Compacting [/var/lib/scylla/data/system_schema/tables-afddfb9dbc1e30688056eed6c302ba09/md-982-big-Data.db:level=0, /var/lib/scylla/data/system_schema/tables-afddfb9dbc1e30688056eed6c302ba09/md-986-big-Data.db:level=0, /var/lib/scylla/data/system_schema/tables-afddfb9dbc1e30688056eed6c302ba09/md-978-big-Data.db:level=0, ]
2021-02-04T05:37:39.991082269Z  INFO  2021-02-04 05:37:39,990 [shard 0] compaction - [Compact system.cdc_local 15a52f80-66ab-11eb-ac56-000000000000] Compacted 2 sstables to [/var/lib/scylla/data/system/cdc_local-0bcaffd40c833eadad13dc1d5015b77c/md-472-big-Data.db:level=0, ]. 10kB to 5kB (~51% of original) in 3673ms = 1kB/s. ~256 total partitions merged to 1.
2021-02-04T05:37:39.992922143Z  INFO  2021-02-04 05:37:39,992 [shard 0] compaction - [Compact system.compaction_history 15a55690-66ab-11eb-ac56-000000000000] Compacted 3 sstables to [/var/lib/scylla/data/system/compaction_history-b4dbb7b4dc493fb5b3bfce6e434832ca/md-400-big-Data.db:level=0, ]. 292kB to 115kB (~39% of original) in 3672ms = 31kB/s. ~512 total partitions merged to 231.
2021-02-04T05:37:39.994194929Z  INFO  2021-02-04 05:37:39,993 [shard 0] compaction - [Compact system.truncated 15a52f81-66ab-11eb-ac56-000000000000] Compacted 3 sstables to [/var/lib/scylla/data/system/truncated-38c19fd0fb863310a4b70d0cc66628aa/md-3232-big-Data.db:level=0, ]. 158kB to 76kB (~48% of original) in 3673ms = 20kB/s. ~384 total partitions merged to 2.
2021-02-04T05:37:40.597073410Z  INFO  2021-02-04 05:37:40,595 [shard 1] compaction - [Compact system.local 15a55690-66ab-11eb-b3d1-000000000002] Compacted 2 sstables to [/var/lib/scylla/data/system/local-7ad54392bcdd35a684174e047860b377/md-6129-big-Data.db:level=0, ]. 18kB to 12kB (~64% of original) in 4253ms = 2kB/s. ~256 total partitions merged to 1.
2021-02-04T05:37:40.597107087Z  INFO  2021-02-04 05:37:40,596 [shard 1] compaction - [Compact system.compaction_history 15a57da0-66ab-11eb-b3d1-000000000002] Compacted 3 sstables to [/var/lib/scylla/data/system/compaction_history-b4dbb7b4dc493fb5b3bfce6e434832ca/md-401-big-Data.db:level=0, ]. 226kB to 117kB (~51% of original) in 4254ms = 27kB/s. ~512 total partitions merged to 260.
2021-02-04T05:37:40.598281985Z  INFO  2021-02-04 05:37:40,597 [shard 1] compaction - [Compact system.local 18c58250-66ab-11eb-b3d1-000000000002] Compacting [/var/lib/scylla/data/system/local-7ad54392bcdd35a684174e047860b377/md-6133-big-Data.db:level=0, /var/lib/scylla/data/system/local-7ad54392bcdd35a684174e047860b377/md-6129-big-Data.db:level=0, ]
2021-02-04T05:37:40.959543165Z  INFO  2021-02-04 05:37:40,958 [shard 2] compaction - [Compact system.truncated 15a5cbc0-66ab-11eb-a45a-000000000003] Compacted 3 sstables to [/var/lib/scylla/data/system/truncated-38c19fd0fb863310a4b70d0cc66628aa/md-3234-big-Data.db:level=0, ]. 167kB to 56kB (~33% of original) in 3887ms = 14kB/s. ~384 total partitions merged to 4.
2021-02-04T05:37:40.960150610Z  INFO  2021-02-04 05:37:40,959 [shard 2] compaction - [Compact system_schema.computed_columns 15a5cbc1-66ab-11eb-a45a-000000000003] Compacted 3 sstables to [/var/lib/scylla/data/system_schema/computed_columns-cc7c7069374033c192a4c3de78dbd2c4/md-1030-big-Data.db:level=0, ]. 15kB to 5kB (~35% of original) in 3887ms = 1kB/s. ~384 total partitions merged to 1.
2021-02-04T05:37:40.961271194Z  INFO  2021-02-04 05:37:40,960 [shard 2] compaction - [Compact system_schema.scylla_tables 15a619e1-66ab-11eb-a45a-000000000003] Compacted 3 sstables to [/var/lib/scylla/data/system_schema/scylla_tables-5d912ff1f7593665b2c88042ab5103dd/md-962-big-Data.db:level=0, ]. 17kB to 6kB (~35% of original) in 3886ms = 1kB/s. ~384 total partitions merged to 1.
2021-02-04T05:37:40.961816653Z  INFO  2021-02-04 05:37:40,961 [shard 2] compaction - [Compact system_schema.columns 15a619e0-66ab-11eb-a45a-000000000003] Compacted 3 sstables to [/var/lib/scylla/data/system_schema/columns-24101c25a2ae3af787c1b40ee1aca33f/md-1182-big-Data.db:level=0, ]. 78kB to 61kB (~78% of original) in 3886ms = 15kB/s. ~384 total partitions merged to 2.
2021-02-04T05:37:41.430809773Z  INFO  2021-02-04 05:37:41,430 [shard 3] compaction - [Compact system_schema.computed_columns 15a57da1-66ab-11eb-93ef-000000000001] Compacted 3 sstables to [/var/lib/scylla/data/system_schema/computed_columns-cc7c7069374033c192a4c3de78dbd2c4/md-1031-big-Data.db:level=0, ]. 22kB to 12kB (~55% of original) in 3800ms = 3kB/s. ~384 total partitions merged to 2.
2021-02-04T05:37:41.500110405Z  INFO  2021-02-04 05:37:41,499 [shard 3] compaction - [Compact dt.source_data 15a55690-66ab-11eb-93ef-000000000001] Compacted 3 sstables to [/var/lib/scylla/data/dt/source_data-6af6cd50d77b11ea9877000000000001/md-1127-big-Data.db:level=0, ]. 50MB to 48MB (~96% of original) in 3802ms = 12MB/s. ~384 total partitions merged to 1.
2021-02-04T05:37:41.503659437Z  INFO  2021-02-04 05:37:41,500 [shard 3] compaction - [Compact system_schema.scylla_tables 15a57da4-66ab-11eb-93ef-000000000001] Compacted 3 sstables to [/var/lib/scylla/data/system_schema/scylla_tables-5d912ff1f7593665b2c88042ab5103dd/md-963-big-Data.db:level=0, ]. 18kB to 6kB (~35% of original) in 3800ms = 1kB/s. ~384 total partitions merged to 1.
2021-02-04T05:37:41.503687408Z  INFO  2021-02-04 05:37:41,500 [shard 3] compaction - [Compact system_schema.functions 15a57da2-66ab-11eb-93ef-000000000001] Compacted 3 sstables to [/var/lib/scylla/data/system_schema/functions-96489b7980be3e14a70166a0b9159450/md-287-big-Data.db:level=0, ]. 16kB to 5kB (~35% of original) in 3800ms = 1kB/s. ~384 total partitions merged to 1.
2021-02-04T05:37:41.503699728Z  INFO  2021-02-04 05:37:41,500 [shard 3] compaction - [Compact system.truncated 15a57da0-66ab-11eb-93ef-000000000001] Compacted 3 sstables to [/var/lib/scylla/data/system/truncated-38c19fd0fb863310a4b70d0cc66628aa/md-3235-big-Data.db:level=0, ]. 188kB to 63kB (~33% of original) in 3802ms = 16kB/s. ~384 total partitions merged to 2.
2021-02-04T05:37:41.503711149Z  INFO  2021-02-04 05:37:41,500 [shard 3] compaction - [Compact system_schema.columns 15a57da3-66ab-11eb-93ef-000000000001] Compacted 3 sstables to [/var/lib/scylla/data/system_schema/columns-24101c25a2ae3af787c1b40ee1aca33f/md-1183-big-Data.db:level=0, ]. 77kB to 58kB (~75% of original) in 3802ms = 15kB/s. ~384 total partitions merged to 4.
2021-02-04T05:37:41.783819095Z  INFO  2021-02-04 05:37:41,783 [shard 1] compaction - [Compact system.local 18c58250-66ab-11eb-b3d1-000000000002] Compacted 2 sstables to [/var/lib/scylla/data/system/local-7ad54392bcdd35a684174e047860b377/md-6137-big-Data.db:level=0, ]. 18kB to 12kB (~66% of original) in 853ms = 14kB/s. ~256 total partitions merged to 1.
2021-02-04T05:37:41.908098353Z  INFO  2021-02-04 05:37:41,907 [shard 2] compaction - [Compact system_schema.functions 198d6630-66ab-11eb-a45a-000000000003] Compacting [/var/lib/scylla/data/system_schema/functions-96489b7980be3e14a70166a0b9159450/md-282-big-Data.db:level=0, /var/lib/scylla/data/system_schema/functions-96489b7980be3e14a70166a0b9159450/md-278-big-Data.db:level=0, /var/lib/scylla/data/system_schema/functions-96489b7980be3e14a70166a0b9159450/md-274-big-Data.db:level=0, ]
2021-02-04T05:37:41.909361695Z  INFO  2021-02-04 05:37:41,908 [shard 2] compaction - [Compact system.compaction_history 198d8d40-66ab-11eb-a45a-000000000003] Compacting [/var/lib/scylla/data/system/compaction_history-b4dbb7b4dc493fb5b3bfce6e434832ca/md-398-big-Data.db:level=0, /var/lib/scylla/data/system/compaction_history-b4dbb7b4dc493fb5b3bfce6e434832ca/md-394-big-Data.db:level=0, /var/lib/scylla/data/system/compaction_history-b4dbb7b4dc493fb5b3bfce6e434832ca/md-390-big-Data.db:level=0, ]
2021-02-04T05:37:42.227608352Z  INFO  2021-02-04 05:37:42,226 [shard 3] compaction - [Compact system_schema.triggers 19be1320-66ab-11eb-93ef-000000000001] Compacting [/var/lib/scylla/data/system_schema/triggers-4df70b666b05325195a132b54005fd48/md-271-big-Data.db:level=0, /var/lib/scylla/data/system_schema/triggers-4df70b666b05325195a132b54005fd48/md-267-big-Data.db:level=0, /var/lib/scylla/data/system_schema/triggers-4df70b666b05325195a132b54005fd48/md-263-big-Data.db:level=0, ]
2021-02-04T05:37:42.227949151Z  INFO  2021-02-04 05:37:42,227 [shard 3] compaction - [Compact system_schema.view_virtual_columns 19be3a30-66ab-11eb-93ef-000000000001] Compacting [/var/lib/scylla/data/system_schema/view_virtual_columns-08843b6345dc3be29798a0418295cfaa/md-1131-big-Data.db:level=0, /var/lib/scylla/data/system_schema/view_virtual_columns-08843b6345dc3be29798a0418295cfaa/md-1127-big-Data.db:level=0, /var/lib/scylla/data/system_schema/view_virtual_columns-08843b6345dc3be29798a0418295cfaa/md-1123-big-Data.db:level=0, ]
2021-02-04T05:37:42.228341127Z  INFO  2021-02-04 05:37:42,228 [shard 3] compaction - [Compact system.compaction_history 19be6140-66ab-11eb-93ef-000000000001] Compacting [/var/lib/scylla/data/system/compaction_history-b4dbb7b4dc493fb5b3bfce6e434832ca/md-399-big-Data.db:level=0, /var/lib/scylla/data/system/compaction_history-b4dbb7b4dc493fb5b3bfce6e434832ca/md-391-big-Data.db:level=0, ]
2021-02-04T05:37:42.293361658Z  INFO  2021-02-04 05:37:42,292 [shard 2] compaction - [Compact system_schema.indexes 17f6e7b0-66ab-11eb-a45a-000000000003] Compacted 3 sstables to [/var/lib/scylla/data/system_schema/indexes-0feb57ac311f382fba6d9024d305702f/md-1134-big-Data.db:level=0, ]. 16kB to 5kB (~35% of original) in 2663ms = 2kB/s. ~384 total partitions merged to 1.
2021-02-04T05:37:42.293980512Z  INFO  2021-02-04 05:37:42,292 [shard 2] compaction - [Compact system_schema.keyspaces 17f70ec0-66ab-11eb-a45a-000000000003] Compacted 3 sstables to [/var/lib/scylla/data/system_schema/keyspaces-abac5682dea631c5b535b3d6cffd0fb6/md-1094-big-Data.db:level=0, ]. 67kB to 56kB (~84% of original) in 2664ms = 21kB/s. ~384 total partitions merged to 2.
2021-02-04T05:37:42.295975824Z  INFO  2021-02-04 05:37:42,295 [shard 2] compaction - [Compact system_schema.tables 17f70ec1-66ab-11eb-a45a-000000000003] Compacted 3 sstables to [/var/lib/scylla/data/system_schema/tables-afddfb9dbc1e30688056eed6c302ba09/md-990-big-Data.db:level=0, ]. 75kB to 59kB (~79% of original) in 2664ms = 22kB/s. ~384 total partitions merged to 2.
2021-02-04T05:37:43.057922569Z  INFO  2021-02-04 05:37:43,057 [shard 2] compaction - [Compact system_schema.types 1a3cb900-66ab-11eb-a45a-000000000003] Compacting [/var/lib/scylla/data/system_schema/types-5a8b1ca866023f77a0459273d308917a/md-274-big-Data.db:level=0, /var/lib/scylla/data/system_schema/types-5a8b1ca866023f77a0459273d308917a/md-266-big-Data.db:level=0, /var/lib/scylla/data/system_schema/types-5a8b1ca866023f77a0459273d308917a/md-270-big-Data.db:level=0, ]
2021-02-04T05:37:43.413274001Z  INFO  2021-02-04 05:37:43,412 [shard 3] compaction - [Compact system_schema.indexes 17e95320-66ab-11eb-93ef-000000000001] Compacted 3 sstables to [/var/lib/scylla/data/system_schema/indexes-0feb57ac311f382fba6d9024d305702f/md-1135-big-Data.db:level=0, ]. 23kB to 12kB (~54% of original) in 3070ms = 4kB/s. ~384 total partitions merged to 2.
2021-02-04T05:37:43.555771528Z  INFO  2021-02-04 05:37:43,555 [shard 3] compaction - [Compact system_schema.types 17e97a30-66ab-11eb-93ef-000000000001] Compacted 3 sstables to [/var/lib/scylla/data/system_schema/types-5a8b1ca866023f77a0459273d308917a/md-279-big-Data.db:level=0, ]. 16kB to 5kB (~35% of original) in 3071ms = 1kB/s. ~384 total partitions merged to 1.
2021-02-04T05:37:43.570866709Z  INFO  2021-02-04 05:37:43,570 [shard 3] compaction - [Compact system_schema.tables 17e9c850-66ab-11eb-93ef-000000000001] Compacted 3 sstables to [/var/lib/scylla/data/system_schema/tables-afddfb9dbc1e30688056eed6c302ba09/md-991-big-Data.db:level=0, ]. 74kB to 56kB (~75% of original) in 3070ms = 18kB/s. ~384 total partitions merged to 4.
2021-02-04T05:37:43.707818548Z  INFO  2021-02-04 05:37:43,707 [shard 3] compaction - [Compact system_schema.dropped_columns 17e9a140-66ab-11eb-93ef-000000000001] Compacted 3 sstables to [/var/lib/scylla/data/system_schema/dropped_columns-5e7583b5f3f43af19a39b7e1d6f5f11f/md-1203-big-Data.db:level=0, ]. 16kB to 5kB (~35% of original) in 3070ms = 1kB/s. ~384 total partitions merged to 1.
2021-02-04T05:37:43.962313402Z  INFO  2021-02-04 05:37:43,961 [shard 2] compaction - [Compact system.compaction_history 198d8d40-66ab-11eb-a45a-000000000003] Compacted 3 sstables to [/var/lib/scylla/data/system/compaction_history-b4dbb7b4dc493fb5b3bfce6e434832ca/md-402-big-Data.db:level=0, ]. 299kB to 114kB (~38% of original) in 1147ms = 100kB/s. ~512 total partitions merged to 235.
2021-02-04T05:37:43.963333752Z  INFO  2021-02-04 05:37:43,962 [shard 2] compaction - [Compact system_schema.functions 198d6630-66ab-11eb-a45a-000000000003] Compacted 3 sstables to [/var/lib/scylla/data/system_schema/functions-96489b7980be3e14a70166a0b9159450/md-286-big-Data.db:level=0, ]. 16kB to 5kB (~35% of original) in 1149ms = 5kB/s. ~384 total partitions merged to 1.
2021-02-04T05:37:44.395673904Z  INFO  2021-02-04 05:37:44,395 [shard 3] compaction - [Compact system_schema.aggregates 1b08e2a0-66ab-11eb-93ef-000000000001] Compacting [/var/lib/scylla/data/system_schema/aggregates-924c55872e3a345bb10c12f37c1ba895/md-263-big-Data.db:level=0, /var/lib/scylla/data/system_schema/aggregates-924c55872e3a345bb10c12f37c1ba895/md-259-big-Data.db:level=0, /var/lib/scylla/data/system_schema/aggregates-924c55872e3a345bb10c12f37c1ba895/md-255-big-Data.db:level=0, ]
2021-02-04T05:37:44.396064845Z  INFO  2021-02-04 05:37:44,395 [shard 3] compaction - [Compact system_schema.views 1b0909b0-66ab-11eb-93ef-000000000001] Compacting [/var/lib/scylla/data/system_schema/views-9786ac1cdd583201a7cdad556410c985/md-879-big-Data.db:level=0, /var/lib/scylla/data/system_schema/views-9786ac1cdd583201a7cdad556410c985/md-875-big-Data.db:level=0, /var/lib/scylla/data/system_schema/views-9786ac1cdd583201a7cdad556410c985/md-871-big-Data.db:level=0, ]
2021-02-04T05:37:44.496156135Z  INFO  2021-02-04 05:37:44,495 [shard 2] compaction - [Compact system_schema.triggers 1b184bf0-66ab-11eb-a45a-000000000003] Compacting [/var/lib/scylla/data/system_schema/triggers-4df70b666b05325195a132b54005fd48/md-262-big-Data.db:level=0, /var/lib/scylla/data/system_schema/triggers-4df70b666b05325195a132b54005fd48/md-270-big-Data.db:level=0, /var/lib/scylla/data/system_schema/triggers-4df70b666b05325195a132b54005fd48/md-266-big-Data.db:level=0, ]
2021-02-04T05:37:44.960979326Z  INFO  2021-02-04 05:37:44,960 [shard 2] compaction - [Compact system_schema.types 1a3cb900-66ab-11eb-a45a-000000000003] Compacted 3 sstables to [/var/lib/scylla/data/system_schema/types-5a8b1ca866023f77a0459273d308917a/md-278-big-Data.db:level=0, ]. 16kB to 5kB (~35% of original) in 1438ms = 4kB/s. ~384 total partitions merged to 1.
2021-02-04T05:37:45.529445250Z  INFO  2021-02-04 05:37:45,528 [shard 3] compaction - [Compact system_schema.view_virtual_columns 19be3a30-66ab-11eb-93ef-000000000001] Compacted 3 sstables to [/var/lib/scylla/data/system_schema/view_virtual_columns-08843b6345dc3be29798a0418295cfaa/md-1135-big-Data.db:level=0, ]. 23kB to 12kB (~54% of original) in 2168ms = 5kB/s. ~384 total partitions merged to 2.
2021-02-04T05:37:45.531519988Z  INFO  2021-02-04 05:37:45,531 [shard 3] compaction - [Compact system_schema.triggers 19be1320-66ab-11eb-93ef-000000000001] Compacted 3 sstables to [/var/lib/scylla/data/system_schema/triggers-4df70b666b05325195a132b54005fd48/md-275-big-Data.db:level=0, ]. 16kB to 5kB (~35% of original) in 2167ms = 2kB/s. ~384 total partitions merged to 1.
2021-02-04T05:37:45.532402314Z  INFO  2021-02-04 05:37:45,531 [shard 3] compaction - [Compact system.compaction_history 19be6140-66ab-11eb-93ef-000000000001] Compacted 2 sstables to [/var/lib/scylla/data/system/compaction_history-b4dbb7b4dc493fb5b3bfce6e434832ca/md-403-big-Data.db:level=0, ]. 195kB to 117kB (~59% of original) in 2167ms = 54kB/s. ~384 total partitions merged to 259.
2021-02-04T05:37:45.735421832Z  INFO  2021-02-04 05:37:45,734 [shard 2] compaction - [Compact system_schema.dropped_columns 1bd55a60-66ab-11eb-a45a-000000000003] Compacting [/var/lib/scylla/data/system_schema/dropped_columns-5e7583b5f3f43af19a39b7e1d6f5f11f/md-1198-big-Data.db:level=0, /var/lib/scylla/data/system_schema/dropped_columns-5e7583b5f3f43af19a39b7e1d6f5f11f/md-1190-big-Data.db:level=0, /var/lib/scylla/data/system_schema/dropped_columns-5e7583b5f3f43af19a39b7e1d6f5f11f/md-1194-big-Data.db:level=0, ]
2021-02-04T05:37:46.197441146Z  INFO  2021-02-04 05:37:46,196 [shard 2] compaction - [Compact system_schema.triggers 1b184bf0-66ab-11eb-a45a-000000000003] Compacted 3 sstables to [/var/lib/scylla/data/system_schema/triggers-4df70b666b05325195a132b54005fd48/md-274-big-Data.db:level=0, ]. 16kB to 5kB (~35% of original) in 1239ms = 4kB/s. ~384 total partitions merged to 1.
2021-02-04T05:37:46.200092057Z  INFO  2021-02-04 05:37:46,199 [shard 3] compaction - [Compact system_schema.keyspaces 1c1c4e70-66ab-11eb-93ef-000000000001] Compacting [/var/lib/scylla/data/system_schema/keyspaces-abac5682dea631c5b535b3d6cffd0fb6/md-1087-big-Data.db:level=0, /var/lib/scylla/data/system_schema/keyspaces-abac5682dea631c5b535b3d6cffd0fb6/md-1091-big-Data.db:level=0, /var/lib/scylla/data/system_schema/keyspaces-abac5682dea631c5b535b3d6cffd0fb6/md-1083-big-Data.db:level=0, ]
2021-02-04T05:37:46.783794943Z  INFO  2021-02-04 05:37:46,782 [shard 2] compaction - [Compact system_schema.view_virtual_columns 1c7543e0-66ab-11eb-a45a-000000000003] Compacting [/var/lib/scylla/data/system_schema/view_virtual_columns-08843b6345dc3be29798a0418295cfaa/md-1130-big-Data.db:level=0, /var/lib/scylla/data/system_schema/view_virtual_columns-08843b6345dc3be29798a0418295cfaa/md-1122-big-Data.db:level=0, /var/lib/scylla/data/system_schema/view_virtual_columns-08843b6345dc3be29798a0418295cfaa/md-1126-big-Data.db:level=0, ]
2021-02-04T05:37:46.783868931Z  INFO  2021-02-04 05:37:46,783 [shard 3] compaction - [Compact system_schema.views 1b0909b0-66ab-11eb-93ef-000000000001] Compacted 3 sstables to [/var/lib/scylla/data/system_schema/views-9786ac1cdd583201a7cdad556410c985/md-883-big-Data.db:level=0, ]. 27kB to 14kB (~52% of original) in 1804ms = 8kB/s. ~384 total partitions merged to 2.
2021-02-04T05:37:46.784779799Z  INFO  2021-02-04 05:37:46,784 [shard 3] compaction - [Compact system_schema.aggregates 1b08e2a0-66ab-11eb-93ef-000000000001] Compacted 3 sstables to [/var/lib/scylla/data/system_schema/aggregates-924c55872e3a345bb10c12f37c1ba895/md-267-big-Data.db:level=0, ]. 16kB to 5kB (~35% of original) in 1805ms = 3kB/s. ~384 total partitions merged to 1.
2021-02-04T05:37:47.005564138Z  INFO  2021-02-04 05:37:47,004 [shard 2] compaction - [Compact system_schema.dropped_columns 1bd55a60-66ab-11eb-a45a-000000000003] Compacted 3 sstables to [/var/lib/scylla/data/system_schema/dropped_columns-5e7583b5f3f43af19a39b7e1d6f5f11f/md-1202-big-Data.db:level=0, ]. 15kB to 5kB (~35% of original) in 1048ms = 5kB/s. ~384 total partitions merged to 1.
2021-02-04T05:37:47.600999757Z  INFO  2021-02-04 05:37:47,600 [shard 2] compaction - [Compact system_schema.aggregates 1cf21500-66ab-11eb-a45a-000000000003] Compacting [/var/lib/scylla/data/system_schema/aggregates-924c55872e3a345bb10c12f37c1ba895/md-262-big-Data.db:level=0, /var/lib/scylla/data/system_schema/aggregates-924c55872e3a345bb10c12f37c1ba895/md-258-big-Data.db:level=0, /var/lib/scylla/data/system_schema/aggregates-924c55872e3a345bb10c12f37c1ba895/md-254-big-Data.db:level=0, ]
2021-02-04T05:37:47.777375285Z  INFO  2021-02-04 05:37:47,776 [shard 3] compaction - [Compact system_schema.keyspaces 1c1c4e70-66ab-11eb-93ef-000000000001] Compacted 3 sstables to [/var/lib/scylla/data/system_schema/keyspaces-abac5682dea631c5b535b3d6cffd0fb6/md-1095-big-Data.db:level=0, ]. 61kB to 51kB (~83% of original) in 1036ms = 49kB/s. ~384 total partitions merged to 4.
2021-02-04T05:37:48.862739855Z  INFO  2021-02-04 05:37:48,862 [shard 2] compaction - [Compact system_schema.view_virtual_columns 1c7543e0-66ab-11eb-a45a-000000000003] Compacted 3 sstables to [/var/lib/scylla/data/system_schema/view_virtual_columns-08843b6345dc3be29798a0418295cfaa/md-1134-big-Data.db:level=0, ]. 16kB to 5kB (~35% of original) in 817ms = 7kB/s. ~384 total partitions merged to 1.
2021-02-04T05:37:49.316784523Z  INFO  2021-02-04 05:37:49,315 [shard 2] compaction - [Compact system_schema.views 1df7c530-66ab-11eb-a45a-000000000003] Compacting [/var/lib/scylla/data/system_schema/views-9786ac1cdd583201a7cdad556410c985/md-878-big-Data.db:level=0, /var/lib/scylla/data/system_schema/views-9786ac1cdd583201a7cdad556410c985/md-874-big-Data.db:level=0, /var/lib/scylla/data/system_schema/views-9786ac1cdd583201a7cdad556410c985/md-870-big-Data.db:level=0, ]
2021-02-04T05:37:49.535897596Z  INFO  2021-02-04 05:37:49,535 [shard 2] compaction - [Compact system_schema.aggregates 1cf21500-66ab-11eb-a45a-000000000003] Compacted 3 sstables to [/var/lib/scylla/data/system_schema/aggregates-924c55872e3a345bb10c12f37c1ba895/md-266-big-Data.db:level=0, ]. 16kB to 5kB (~35% of original) in 1714ms = 3kB/s. ~384 total partitions merged to 1.
2021-02-04T05:37:49.982710511Z  INFO  2021-02-04 05:37:49,981 [shard 2] compaction - [Compact system_schema.views 1df7c530-66ab-11eb-a45a-000000000003] Compacted 3 sstables to [/var/lib/scylla/data/system_schema/views-9786ac1cdd583201a7cdad556410c985/md-882-big-Data.db:level=0, ]. 20kB to 7kB (~35% of original) in 548ms = 13kB/s. ~384 total partitions merged to 1.
2021-02-04T05:37:52.603775108Z  INFO  2021-02-04 05:37:52,602 [shard 0] gossip - No gossip backlog; proceeding
2021-02-04T05:37:52.606041757Z  INFO  2021-02-04 05:37:52,605 [shard 0] features - Feature CDC is enabled
2021-02-04T05:37:52.606118158Z  INFO  2021-02-04 05:37:52,605 [shard 0] features - Feature COMPUTED_COLUMNS is enabled
2021-02-04T05:37:52.606140941Z  INFO  2021-02-04 05:37:52,605 [shard 0] features - Feature CORRECT_STATIC_COMPACT_IN_MC is enabled
2021-02-04T05:37:52.606161374Z  INFO  2021-02-04 05:37:52,605 [shard 0] features - Feature DIGEST_FOR_NULL_VALUES is enabled
2021-02-04T05:37:52.606336597Z  INFO  2021-02-04 05:37:52,605 [shard 0] features - Feature DIGEST_INSENSITIVE_TO_EXPIRY is enabled
2021-02-04T05:37:52.606377490Z  INFO  2021-02-04 05:37:52,605 [shard 0] features - Feature HINTED_HANDOFF_SEPARATE_CONNECTION is enabled
2021-02-04T05:37:52.606400294Z  INFO  2021-02-04 05:37:52,605 [shard 0] features - Feature LWT is enabled
2021-02-04T05:37:52.606421128Z  INFO  2021-02-04 05:37:52,605 [shard 0] features - Feature MC_SSTABLE_FORMAT is enabled
2021-02-04T05:37:52.606441481Z  INFO  2021-02-04 05:37:52,605 [shard 0] features - Feature MD_SSTABLE_FORMAT is enabled
2021-02-04T05:37:52.606461654Z  INFO  2021-02-04 05:37:52,605 [shard 0] features - Feature NONFROZEN_UDTS is enabled
2021-02-04T05:37:52.606481859Z  INFO  2021-02-04 05:37:52,605 [shard 0] features - Feature PER_TABLE_CACHING is enabled
2021-02-04T05:37:52.606502245Z  INFO  2021-02-04 05:37:52,605 [shard 0] features - Feature PER_TABLE_PARTITIONERS is enabled
2021-02-04T05:37:52.606522345Z  INFO  2021-02-04 05:37:52,605 [shard 0] features - Feature ROW_LEVEL_REPAIR is enabled
2021-02-04T05:37:52.606542512Z  INFO  2021-02-04 05:37:52,605 [shard 0] features - Feature TRUNCATION_TABLE is enabled
2021-02-04T05:37:52.606592126Z  INFO  2021-02-04 05:37:52,605 [shard 0] features - Feature UNBOUNDED_RANGE_TOMBSTONES is enabled
2021-02-04T05:37:52.606613973Z  INFO  2021-02-04 05:37:52,605 [shard 0] features - Feature VIEW_VIRTUAL_COLUMNS is enabled
2021-02-04T05:37:52.608372563Z  INFO  2021-02-04 05:37:52,607 [shard 0] init - starting system distributed keyspace
2021-02-04T05:37:52.612158476Z  INFO  2021-02-04 05:37:52,611 [shard 0] storage_service - Using saved tokens {9122882257136270100, 9066588519930559993, 9061580907506437136, 8775859223532977932, 943448605036726745, 8325613099551670589, 800062458669145892, 7880345233810794046, 784130423392421222, 782580883702972777, 778239093056833917, 7732629563319678675, 7564694057214588647, 747840302865059114, 7469085752185829039, 7255484784972643852, 7222389702734437292, 7172238068082229918, 7103497347382660592, 6818717460470417221, 6496091893897576732, 6420907855788431922, 6381418245203458391, 6358173612251239308, 6115776390551923703, 5935809959838255935, 588034934972968299, 5848278814186320030, 5834675951458569055, 5704999654143823990, 5661405961885371428, 5569071124009844993, 7804258889026263620, 5441044328235651423, 5396954320704971060, 5311755414232655734, 5256736089695841171, 525652295242460822, 6302443190184390149, 5150907166433009570, 5102381975608989830, 4540975434217357056, 4497639963855891379, 4461207940793579131, 4453520694484038438, 4445989245037378795, 4262233236239091105, 408961909545308462, 873311388414975666, 5104799485589097680, 4037379789709069307, 3979649323160207298, 3941245744356891698, 3909145942678699742, 6478032244021912394, 3907413558358164712, 3840184102447470012, 5103660925946342563, 3822141065635310082, 667581605220131528, 3606629961194077343, 352278596429886466, 3361838207769500988, 3145063885579200582, 3100842289958262644, 2870638580126821409, 2609254198811139442, 2531294222158762011, 2431756818088451524, 5341717901052361821, 2050968450175517454, 1911454556365012923, 8413544620893079714, 214428871588027420, 1470306277250886071, 5796254206948921528, 4378909036113166689, 1172299952227812636, 105268539462240253, -1614584707908969492, 3058186759042775792, -2685359252619347507, -7341700934491837716, -4368295386640868227, -4280461110562472301, -4203952547861361192, -4177024142024341044, 4083460330442256183, -4113405879925637368, 8707696313600310498, -3880555618453256762, -4106310081010891923, -3428624778218969630, -4007868363884276055, 3373616921334842984, -3942245253345029362, 285540986842976874, -3729138346528579520, 855031166620283245, -3256341547923989103, 284028081363756156, 194223785007163967, -2800260328053956713, -2700796200994103492, -4623422606623793434, -6767019288334108993, -2365586676906010085, -431455211546220291, -3014142033706378490, 5153854518462400651, -7767361191227918078, 5890706123786165213, -8855822008500182327, -2732234699235264563, -4475005699924690030, -1171738939209168407, -1084614158625469139, -1295419475388780424, -4193553788022177878, -1474028219808469861, -1593748153114868683, -7190282066974323895, 8777890816944145805, -105211415949921556, 8280511155447462154, 3014475854062098037, -6104126434670973331, 7743526815996532326, -2879534723161185431, 6933997554702494562, -7913213531410876291, -2605645373691895986, -1004253484774030395, -2187125227394891465, 3287699046743316011, -184157634332906914, 1251119865371637993, -2699231837109027988, -6586482614645135705, 700944770677405149, -2135119982021577211, -1207620414022812792, -2319706609635128471, -2076430708060394350, 6788034976878782500, 3022913469242457337, 2879924223908633556, -5656441245782528349, -9132047842757487932, 7772390126184307669, -8529251962487546573, -1032698423218536378, -2648919406212884980, 3556932048290112968, -2391018463907211455, -467985751191813914, 7354219953741161264, -6338043935148530859, -471701403720839764, -4415280594152455372, -6127879535600466936, -4735496583611878200, 156312151312654313, -1761718599052329021, -4770694758141334815, -4895652206680369668, -2166731983266837511, -5095673126210616552, 6974970471767945112, 3924960423780627192, -4134923634748466107, -1363472444035739717, -511676141100664160, 2542018259596577135, -7111183380354176443, -8372022353883945178, 790424663468033093, -3280527161887251879, -3164480873853500968, -5136236598692180863, -5140544052953576706, 6448269612184381105, -4601858807243735115, -5285270377043925775, 4738411181964629022, -4231054370802445643, -6853270293933441203, 1912522665107890116, -8612347190400988175, -5228242602708342126, -5246840897237646542, 8957018461898327244, 8476533345381470087, 3533570692245755170, -5360532551957069796, 7009081579420542256, -1970747149103226319, -2640475812391264528, -5411685484465544274, -5508289632699420366, 5906838239532612246, -5526097868254533829, 5122450296475986719, 2104079815049743807, -4872163430844150374, -3101294897153501639, -4925670906471950289, -8001902308657073600, 1033733984444816800, -5595342098352848506, 4660022660859336370, -1709100826419756065, -8485257529464526975, -7405825010257289618, -572473923349256348, 533209426647054698, -6810383749951706976, -6017078328443447975, 2233495137371904435, 1688077838521597411, -6093280019772326743, 8813999419995718088, -6238625478980828395, -3409621329811667263, -6249520955674807415, -7148146405116016542, -6263078841153087564, 8675978575875245837, 1574734081023094222, -8953406550820932827, -1208769590907790735, -6303682351633097607, 1535311813904826318, -8024675672634848221, -8495384334141326469, -9173155356561330710, -6648258355715071793, -6779834804380741154, 5017042126534426855, -6985294397658573838, -6199824488038647909, -6441145814158460549, -7232953798633244985, -8352632933072691056, -4829128129506020031, -9210810031089136649, -7512330892235471280, -1522914538603683793, -769344519844763244, -4541237399207364623, -8694753427154041557, 8382283044476755854, -889434854029329118, 5401470720317959250, -8549013321787275289, 1018091569669202328}
2021-02-04T05:37:52.630084512Z  INFO  2021-02-04 05:37:52,629 [shard 0] schema_tables - Schema version changed to d9780978-f87c-366c-a0f5-6b1d524f8488
2021-02-04T05:37:52.652385381Z  INFO  2021-02-04 05:37:52,652 [shard 0] schema_tables - Schema version changed to b18bbcde-6606-3379-a1a5-68b0b0524d81
2021-02-04T05:37:52.671241647Z  INFO  2021-02-04 05:37:52,670 [shard 0] schema_tables - Schema version changed to b18bbcde-6606-3379-a1a5-68b0b0524d81
2021-02-04T05:37:52.689816859Z  INFO  2021-02-04 05:37:52,689 [shard 0] schema_tables - Schema version changed to b18bbcde-6606-3379-a1a5-68b0b0524d81
2021-02-04T05:37:52.956489895Z  INFO  2021-02-04 05:37:52,955 [shard 0] compaction - [Compact system.cdc_local 202330b0-66ab-11eb-ac56-000000000000] Compacting [/var/lib/scylla/data/system/cdc_local-0bcaffd40c833eadad13dc1d5015b77c/md-476-big-Data.db:level=0, /var/lib/scylla/data/system/cdc_local-0bcaffd40c833eadad13dc1d5015b77c/md-472-big-Data.db:level=0, ]
2021-02-04T05:37:53.574343666Z  INFO  2021-02-04 05:37:53,573 [shard 1] compaction - [Compact system.local 20817d50-66ab-11eb-b3d1-000000000002] Compacting [/var/lib/scylla/data/system/local-7ad54392bcdd35a684174e047860b377/md-6141-big-Data.db:level=0, /var/lib/scylla/data/system/local-7ad54392bcdd35a684174e047860b377/md-6137-big-Data.db:level=0, ]
2021-02-04T05:37:53.577030239Z  INFO  2021-02-04 05:37:53,576 [shard 0] storage_service - Node 10.0.37.6 state jump to normal
2021-02-04T05:37:54.281342893Z  INFO  2021-02-04 05:37:54,280 [shard 0] compaction - [Compact system.cdc_local 202330b0-66ab-11eb-ac56-000000000000] Compacted 2 sstables to [/var/lib/scylla/data/system/cdc_local-0bcaffd40c833eadad13dc1d5015b77c/md-480-big-Data.db:level=0, ]. 10kB to 5kB (~51% of original) in 742ms = 7kB/s. ~256 total partitions merged to 1.
2021-02-04T05:37:54.619606355Z  INFO  2021-02-04 05:37:54,618 [shard 0] storage_service - NORMAL: node is now in normal status
2021-02-04T05:37:54.619644226Z  INFO  2021-02-04 05:37:54,618 [shard 0] cdc - Latest generation seen during startup: 2021/01/13 14:33:24
2021-02-04T05:37:54.620278059Z  INFO  2021-02-04 05:37:54,619 [shard 0] init - starting tracing
2021-02-04T05:37:54.621209364Z  INFO  2021-02-04 05:37:54,620 [shard 0] init - SSTable data integrity checker is disabled.
2021-02-04T05:37:54.621260966Z  INFO  2021-02-04 05:37:54,620 [shard 0] init - starting auth service
2021-02-04T05:37:54.623073547Z  INFO  2021-02-04 05:37:54,621 [shard 0] init - starting batchlog manager
2021-02-04T05:37:54.623108601Z  INFO  2021-02-04 05:37:54,622 [shard 0] init - starting load meter
2021-02-04T05:37:54.623125599Z  INFO  2021-02-04 05:37:54,622 [shard 0] init - starting cf cache hit rate calculator
2021-02-04T05:37:54.623141071Z  INFO  2021-02-04 05:37:54,622 [shard 0] init - starting view update backlog broker
2021-02-04T05:37:54.623563332Z  INFO  2021-02-04 05:37:54,622 [shard 0] init - Waiting for gossip to settle before accepting client requests...
2021-02-04T05:37:54.692142194Z  INFO  2021-02-04 05:37:54,691 [shard 1] compaction - [Compact system.local 20817d50-66ab-11eb-b3d1-000000000002] Compacted 2 sstables to [/var/lib/scylla/data/system/local-7ad54392bcdd35a684174e047860b377/md-6145-big-Data.db:level=0, ]. 18kB to 12kB (~66% of original) in 743ms = 16kB/s. ~256 total partitions merged to 1.
2021-02-04T05:38:06.624384992Z  INFO  2021-02-04 05:38:06,623 [shard 0] gossip - No gossip backlog; proceeding
2021-02-04T05:38:06.625854629Z  INFO  2021-02-04 05:38:06,624 [shard 0] init - allow replaying hints
2021-02-04T05:38:06.625927743Z  INFO  2021-02-04 05:38:06,625 [shard 0] init - Launching generate_mv_updates for non system tables
2021-02-04T05:38:06.626451628Z  INFO  2021-02-04 05:38:06,625 [shard 0] init - starting the view builder
2021-02-04T05:38:06.966493333Z  INFO  2021-02-04 05:38:06,965 [shard 0] compaction - [Compact system.truncated 287cf250-66ab-11eb-ac56-000000000000] Compacting [/var/lib/scylla/data/system/truncated-38c19fd0fb863310a4b70d0cc66628aa/md-3236-big-Data.db:level=0, /var/lib/scylla/data/system/truncated-38c19fd0fb863310a4b70d0cc66628aa/md-3232-big-Data.db:level=0, ]
2021-02-04T05:38:06.966921329Z  INFO  2021-02-04 05:38:06,966 [shard 0] init - starting native transport
2021-02-04T05:38:06.968785553Z  INFO  2021-02-04 05:38:06,968 [shard 0] cql_server_controller - Starting listening for CQL clients on 10.0.37.6:9042 (unencrypted, non-shard-aware)
2021-02-04T05:38:06.969231803Z  INFO  2021-02-04 05:38:06,968 [shard 0] cql_server_controller - Starting listening for CQL clients on 10.0.37.6:19042 (unencrypted, shard-aware)
2021-02-04T05:38:06.970899062Z  INFO  2021-02-04 05:38:06,970 [shard 0] thrift_controller - Thrift server listening on 10.0.37.6:9160 ...
2021-02-04T05:38:06.972295675Z  INFO  2021-02-04 05:38:06,971 [shard 0] init - serving
2021-02-04T05:38:06.972333928Z  INFO  2021-02-04 05:38:06,971 [shard 0] init - Scylla version 4.3.0-0.20210110.000585522 initialization completed.
2021-02-04T05:38:07.420194305Z  INFO  2021-02-04 05:38:07,419 [shard 0] compaction - [Compact system.truncated 287cf250-66ab-11eb-ac56-000000000000] Compacted 2 sstables to [/var/lib/scylla/data/system/truncated-38c19fd0fb863310a4b70d0cc66628aa/md-3240-big-Data.db:level=0, ]. 82kB to 76kB (~93% of original) in 327ms = 234kB/s. ~256 total partitions merged to 2.
2021-02-04T05:41:15.247534245Z  INFO  2021-02-04 05:41:15,247 [shard 3] compaction - [Compact system.clients 98b658e0-66ab-11eb-93ef-000000000001] Compacting [/var/lib/scylla/data/system/clients-ca0f635d863036098d93a1fc06f2a5e5/md-2491-big-Data.db:level=0, /var/lib/scylla/data/system/clients-ca0f635d863036098d93a1fc06f2a5e5/md-2495-big-Data.db:level=0, ]
2021-02-04T05:41:15.732381797Z  INFO  2021-02-04 05:41:15,731 [shard 3] compaction - [Compact system.clients 98b658e0-66ab-11eb-93ef-000000000001] Compacted 2 sstables to [/var/lib/scylla/data/system/clients-ca0f635d863036098d93a1fc06f2a5e5/md-2499-big-Data.db:level=0, ]. 103kB to 5kB (~5% of original) in 359ms = 16kB/s. ~256 total partitions merged to 1.
2021-02-04T05:41:35.154959687Z  INFO  2021-02-04 05:41:35,154 [shard 3] compaction - [Compact system.clients a4941120-66ab-11eb-93ef-000000000001] Compacting [/var/lib/scylla/data/system/clients-ca0f635d863036098d93a1fc06f2a5e5/md-2499-big-Data.db:level=0, /var/lib/scylla/data/system/clients-ca0f635d863036098d93a1fc06f2a5e5/md-2503-big-Data.db:level=0, ]
2021-02-04T05:41:35.652319608Z  INFO  2021-02-04 05:41:35,651 [shard 3] compaction - [Compact system.clients a4941120-66ab-11eb-93ef-000000000001] Compacted 2 sstables to [/var/lib/scylla/data/system/clients-ca0f635d863036098d93a1fc06f2a5e5/md-2507-big-Data.db:level=0, ]. 57kB to 5kB (~10% of original) in 388ms = 15kB/s. ~256 total partitions merged to 1.
2021-02-04T05:41:52.588172317Z  INFO  2021-02-04 05:41:52,587 [shard 3] compaction - [Compact system.clients aef821b0-66ab-11eb-93ef-000000000001] Compacting [/var/lib/scylla/data/system/clients-ca0f635d863036098d93a1fc06f2a5e5/md-2507-big-Data.db:level=0, /var/lib/scylla/data/system/clients-ca0f635d863036098d93a1fc06f2a5e5/md-2511-big-Data.db:level=0, ]
2021-02-04T05:41:53.036957897Z  INFO  2021-02-04 05:41:53,036 [shard 3] compaction - [Compact system.clients aef821b0-66ab-11eb-93ef-000000000001] Compacted 2 sstables to [/var/lib/scylla/data/system/clients-ca0f635d863036098d93a1fc06f2a5e5/md-2515-big-Data.db:level=0, ]. 57kB to 6kB (~11% of original) in 341ms = 18kB/s. ~256 total partitions merged to 1.
2021-02-04T05:42:11.269477044Z  INFO  2021-02-04 05:42:11,269 [shard 3] compaction - [Compact system.clients ba1aa040-66ab-11eb-93ef-000000000001] Compacting [/var/lib/scylla/data/system/clients-ca0f635d863036098d93a1fc06f2a5e5/md-2515-big-Data.db:level=0, /var/lib/scylla/data/system/clients-ca0f635d863036098d93a1fc06f2a5e5/md-2519-big-Data.db:level=0, ]
2021-02-04T05:42:11.754164498Z  INFO  2021-02-04 05:42:11,753 [shard 3] compaction - [Compact system.clients ba1aa040-66ab-11eb-93ef-000000000001] Compacted 2 sstables to [/var/lib/scylla/data/system/clients-ca0f635d863036098d93a1fc06f2a5e5/md-2523-big-Data.db:level=0, ]. 57kB to 6kB (~10% of original) in 347ms = 17kB/s. ~256 total partitions merged to 1.
2021-02-04T05:42:30.065004591Z  INFO  2021-02-04 05:42:30,064 [shard 3] compaction - [Compact system.clients c54eab00-66ab-11eb-93ef-000000000001] Compacting [/var/lib/scylla/data/system/clients-ca0f635d863036098d93a1fc06f2a5e5/md-2523-big-Data.db:level=0, /var/lib/scylla/data/system/clients-ca0f635d863036098d93a1fc06f2a5e5/md-2527-big-Data.db:level=0, ]
2021-02-04T05:42:30.540265910Z  INFO  2021-02-04 05:42:30,539 [shard 3] compaction - [Compact system.clients c54eab00-66ab-11eb-93ef-000000000001] Compacted 2 sstables to [/var/lib/scylla/data/system/clients-ca0f635d863036098d93a1fc06f2a5e5/md-2531-big-Data.db:level=0, ]. 57kB to 5kB (~10% of original) in 381ms = 15kB/s. ~256 total partitions merged to 1.
2021-02-04T05:42:48.705229934Z  INFO  2021-02-04 05:42:48,704 [shard 3] compaction - [Compact system.clients d06ae800-66ab-11eb-93ef-000000000001] Compacting [/var/lib/scylla/data/system/clients-ca0f635d863036098d93a1fc06f2a5e5/md-2531-big-Data.db:level=0, /var/lib/scylla/data/system/clients-ca0f635d863036098d93a1fc06f2a5e5/md-2535-big-Data.db:level=0, ]
2021-02-04T05:42:49.202546481Z  INFO  2021-02-04 05:42:49,201 [shard 3] compaction - [Compact system.clients d06ae800-66ab-11eb-93ef-000000000001] Compacted 2 sstables to [/var/lib/scylla/data/system/clients-ca0f635d863036098d93a1fc06f2a5e5/md-2539-big-Data.db:level=0, ]. 57kB to 6kB (~11% of original) in 367ms = 17kB/s. ~256 total partitions merged to 1.
2021-02-04T05:43:07.453136429Z  INFO  2021-02-04 05:43:07,452 [shard 3] compaction - [Compact system.clients db979fc0-66ab-11eb-93ef-000000000001] Compacting [/var/lib/scylla/data/system/clients-ca0f635d863036098d93a1fc06f2a5e5/md-2539-big-Data.db:level=0, /var/lib/scylla/data/system/clients-ca0f635d863036098d93a1fc06f2a5e5/md-2543-big-Data.db:level=0, ]
2021-02-04T05:43:07.880780823Z  INFO  2021-02-04 05:43:07,879 [shard 3] compaction - [Compact system.clients db979fc0-66ab-11eb-93ef-000000000001] Compacted 2 sstables to [/var/lib/scylla/data/system/clients-ca0f635d863036098d93a1fc06f2a5e5/md-2547-big-Data.db:level=0, ]. 57kB to 5kB (~10% of original) in 342ms = 17kB/s. ~256 total partitions merged to 1.
2021-02-04T05:43:26.255786966Z  INFO  2021-02-04 05:43:26,255 [shard 3] compaction - [Compact system.clients e6ccbbf0-66ab-11eb-93ef-000000000001] Compacting [/var/lib/scylla/data/system/clients-ca0f635d863036098d93a1fc06f2a5e5/md-2547-big-Data.db:level=0, /var/lib/scylla/data/system/clients-ca0f635d863036098d93a1fc06f2a5e5/md-2551-big-Data.db:level=0, ]
2021-02-04T05:43:26.703247977Z  INFO  2021-02-04 05:43:26,702 [shard 3] compaction - [Compact system.clients e6ccbbf0-66ab-11eb-93ef-000000000001] Compacted 2 sstables to [/var/lib/scylla/data/system/clients-ca0f635d863036098d93a1fc06f2a5e5/md-2555-big-Data.db:level=0, ]. 57kB to 5kB (~10% of original) in 352ms = 17kB/s. ~256 total partitions merged to 1.
2021-02-04T05:43:44.911855572Z  INFO  2021-02-04 05:43:44,911 [shard 3] compaction - [Compact system.clients f1eb69f0-66ab-11eb-93ef-000000000001] Compacting [/var/lib/scylla/data/system/clients-ca0f635d863036098d93a1fc06f2a5e5/md-2555-big-Data.db:level=0, /var/lib/scylla/data/system/clients-ca0f635d863036098d93a1fc06f2a5e5/md-2559-big-Data.db:level=0, ]
2021-02-04T05:43:45.401388839Z  INFO  2021-02-04 05:43:45,400 [shard 3] compaction - [Compact system.clients f1eb69f0-66ab-11eb-93ef-000000000001] Compacted 2 sstables to [/var/lib/scylla/data/system/clients-ca0f635d863036098d93a1fc06f2a5e5/md-2563-big-Data.db:level=0, ]. 57kB to 6kB (~11% of original) in 389ms = 17kB/s. ~256 total partitions merged to 1.
2021-02-04T05:44:03.510115671Z  INFO  2021-02-04 05:44:03,509 [shard 3] compaction - [Compact system.clients fd013e50-66ab-11eb-93ef-000000000001] Compacting [/var/lib/scylla/data/system/clients-ca0f635d863036098d93a1fc06f2a5e5/md-2563-big-Data.db:level=0, /var/lib/scylla/data/system/clients-ca0f635d863036098d93a1fc06f2a5e5/md-2567-big-Data.db:level=0, ]
2021-02-04T05:44:03.951271877Z  INFO  2021-02-04 05:44:03,950 [shard 3] compaction - [Compact system.clients fd013e50-66ab-11eb-93ef-000000000001] Compacted 2 sstables to [/var/lib/scylla/data/system/clients-ca0f635d863036098d93a1fc06f2a5e5/md-2571-big-Data.db:level=0, ]. 58kB to 6kB (~10% of original) in 354ms = 17kB/s. ~256 total partitions merged to 1.
2021-02-04T05:44:22.208092664Z  INFO  2021-02-04 05:44:22,207 [shard 3] compaction - [Compact system.clients 082654f0-66ac-11eb-93ef-000000000001] Compacting [/var/lib/scylla/data/system/clients-ca0f635d863036098d93a1fc06f2a5e5/md-2571-big-Data.db:level=0, /var/lib/scylla/data/system/clients-ca0f635d863036098d93a1fc06f2a5e5/md-2575-big-Data.db:level=0, ]
2021-02-04T05:44:22.672057235Z  INFO  2021-02-04 05:44:22,671 [shard 3] compaction - [Compact system.clients 082654f0-66ac-11eb-93ef-000000000001] Compacted 2 sstables to [/var/lib/scylla/data/system/clients-ca0f635d863036098d93a1fc06f2a5e5/md-2579-big-Data.db:level=0, ]. 57kB to 5kB (~10% of original) in 363ms = 16kB/s. ~256 total partitions merged to 1.
2021-02-04T05:44:40.880376581Z  INFO  2021-02-04 05:44:40,879 [shard 3] compaction - [Compact system.clients 134773f0-66ac-11eb-93ef-000000000001] Compacting [/var/lib/scylla/data/system/clients-ca0f635d863036098d93a1fc06f2a5e5/md-2579-big-Data.db:level=0, /var/lib/scylla/data/system/clients-ca0f635d863036098d93a1fc06f2a5e5/md-2583-big-Data.db:level=0, ]
2021-02-04T05:44:41.352973298Z  INFO  2021-02-04 05:44:41,352 [shard 3] compaction - [Compact system.clients 134773f0-66ac-11eb-93ef-000000000001] Compacted 2 sstables to [/var/lib/scylla/data/system/clients-ca0f635d863036098d93a1fc06f2a5e5/md-2587-big-Data.db:level=0, ]. 57kB to 6kB (~11% of original) in 365ms = 18kB/s. ~256 total partitions merged to 1.
2021-02-04T05:44:59.653928636Z  INFO  2021-02-04 05:44:59,653 [shard 3] compaction - [Compact system.clients 1e782350-66ac-11eb-93ef-000000000001] Compacting [/var/lib/scylla/data/system/clients-ca0f635d863036098d93a1fc06f2a5e5/md-2587-big-Data.db:level=0, /var/lib/scylla/data/system/clients-ca0f635d863036098d93a1fc06f2a5e5/md-2591-big-Data.db:level=0, ]
2021-02-04T05:45:00.089728321Z  INFO  2021-02-04 05:45:00,089 [shard 3] compaction - [Compact system.clients 1e782350-66ac-11eb-93ef-000000000001] Compacted 2 sstables to [/var/lib/scylla/data/system/clients-ca0f635d863036098d93a1fc06f2a5e5/md-2595-big-Data.db:level=0, ]. 58kB to 6kB (~10% of original) in 351ms = 18kB/s. ~256 total partitions merged to 1.
2021-02-04T05:45:18.702620453Z  INFO  2021-02-04 05:45:18,702 [shard 3] compaction - [Compact system.clients 29d2c8e0-66ac-11eb-93ef-000000000001] Compacting [/var/lib/scylla/data/system/clients-ca0f635d863036098d93a1fc06f2a5e5/md-2595-big-Data.db:level=0, /var/lib/scylla/data/system/clients-ca0f635d863036098d93a1fc06f2a5e5/md-2599-big-Data.db:level=0, ]
2021-02-04T05:45:19.175681614Z  INFO  2021-02-04 05:45:19,174 [shard 3] compaction - [Compact system.clients 29d2c8e0-66ac-11eb-93ef-000000000001] Compacted 2 sstables to [/var/lib/scylla/data/system/clients-ca0f635d863036098d93a1fc06f2a5e5/md-2603-big-Data.db:level=0, ]. 57kB to 5kB (~10% of original) in 380ms = 15kB/s. ~256 total partitions merged to 1.
2021-02-04T05:45:37.309630332Z  INFO  2021-02-04 05:45:37,309 [shard 3] compaction - [Compact system.clients 34e9d5c0-66ac-11eb-93ef-000000000001] Compacting [/var/lib/scylla/data/system/clients-ca0f635d863036098d93a1fc06f2a5e5/md-2603-big-Data.db:level=0, /var/lib/scylla/data/system/clients-ca0f635d863036098d93a1fc06f2a5e5/md-2607-big-Data.db:level=0, ]
2021-02-04T05:45:38.199643888Z  INFO  2021-02-04 05:45:38,199 [shard 3] compaction - [Compact system.clients 34e9d5c0-66ac-11eb-93ef-000000000001] Compacted 2 sstables to [/var/lib/scylla/data/system/clients-ca0f635d863036098d93a1fc06f2a5e5/md-2611-big-Data.db:level=0, ]. 57kB to 5kB (~10% of original) in 647ms = 9kB/s. ~256 total partitions merged to 1.
2021-02-04T05:45:55.877687473Z  INFO  2021-02-04 05:45:55,877 [shard 3] compaction - [Compact system.clients 3ffb3d50-66ac-11eb-93ef-000000000001] Compacting [/var/lib/scylla/data/system/clients-ca0f635d863036098d93a1fc06f2a5e5/md-2611-big-Data.db:level=0, /var/lib/scylla/data/system/clients-ca0f635d863036098d93a1fc06f2a5e5/md-2615-big-Data.db:level=0, ]
2021-02-04T05:45:56.371120992Z  INFO  2021-02-04 05:45:56,370 [shard 3] compaction - [Compact system.clients 3ffb3d50-66ac-11eb-93ef-000000000001] Compacted 2 sstables to [/var/lib/scylla/data/system/clients-ca0f635d863036098d93a1fc06f2a5e5/md-2619-big-Data.db:level=0, ]. 57kB to 6kB (~11% of original) in 383ms = 17kB/s. ~256 total partitions merged to 1.
