2021-02-17T18:44:25.883189825Z  running: (['/opt/scylladb/scripts/scylla_dev_mode_setup', '--developer-mode', '1'],)
2021-02-17T18:44:26.411123636Z  running: (['/opt/scylladb/scripts/scylla_io_setup'],)
2021-02-17T18:44:26.898498129Z  2021-02-17 18:44:26,898 CRIT Supervisor is running as root.  Privileges were not dropped because no user is specified in the config file.  If you intend to run as root, you can set user=root in the config file to avoid this message.
2021-02-17T18:44:26.898531408Z  2021-02-17 18:44:26,898 INFO Included extra file "/etc/supervisord.conf.d/node-exporter.conf" during parsing
2021-02-17T18:44:26.898826105Z  2021-02-17 18:44:26,898 INFO Included extra file "/etc/supervisord.conf.d/rsyslog.conf" during parsing
2021-02-17T18:44:26.898849535Z  2021-02-17 18:44:26,898 INFO Included extra file "/etc/supervisord.conf.d/scylla-housekeeping.conf" during parsing
2021-02-17T18:44:26.899115945Z  2021-02-17 18:44:26,898 INFO Included extra file "/etc/supervisord.conf.d/scylla-jmx.conf" during parsing
2021-02-17T18:44:26.899135682Z  2021-02-17 18:44:26,898 INFO Included extra file "/etc/supervisord.conf.d/scylla-server.conf" during parsing
2021-02-17T18:44:26.899372939Z  2021-02-17 18:44:26,899 INFO Included extra file "/etc/supervisord.conf.d/sshd-server.conf" during parsing
2021-02-17T18:44:26.944332119Z  2021-02-17 18:44:26,944 INFO RPC interface 'supervisor' initialized
2021-02-17T18:44:26.944682077Z  2021-02-17 18:44:26,944 CRIT Server 'inet_http_server' running without any HTTP authentication checking
2021-02-17T18:44:26.945165433Z  2021-02-17 18:44:26,944 INFO supervisord started with pid 25
2021-02-17T18:44:27.949897082Z  2021-02-17 18:44:27,949 INFO spawned: 'scylla' with pid 28
2021-02-17T18:44:27.954789766Z  2021-02-17 18:44:27,953 INFO spawned: 'scylla-housekeeping' with pid 29
2021-02-17T18:44:27.960059755Z  2021-02-17 18:44:27,959 INFO spawned: 'sshd' with pid 30
2021-02-17T18:44:27.967057805Z  2021-02-17 18:44:27,966 INFO spawned: 'scylla-jmx' with pid 31
2021-02-17T18:44:27.976461166Z  2021-02-17 18:44:27,975 INFO spawned: 'rsyslog' with pid 33
2021-02-17T18:44:27.981702864Z  2021-02-17 18:44:27,980 INFO spawned: 'node-exporter' with pid 34
2021-02-17T18:44:28.021121769Z  Generating public/private ed25519 key pair.
2021-02-17T18:44:28.021145539Z  Your identification has been saved in /etc/ssh/ssh_host_ed25519_key.
2021-02-17T18:44:28.021156858Z  Your public key has been saved in /etc/ssh/ssh_host_ed25519_key.pub.
2021-02-17T18:44:28.021167278Z  The key fingerprint is:
2021-02-17T18:44:28.021177429Z  SHA256:fdZLPeOgD24Je5MbmrC2JT1ny/ZrTw2fu31a/wCDXv4 root@81a91d92dcfb
2021-02-17T18:44:28.021187708Z  The key's randomart image is:
2021-02-17T18:44:28.021197722Z  +--[ED25519 256]--+
2021-02-17T18:44:28.021207719Z  |                 |
2021-02-17T18:44:28.021217527Z  |                 |
2021-02-17T18:44:28.021227296Z  |                 |
2021-02-17T18:44:28.021237163Z  |         . . . . |
2021-02-17T18:44:28.021247018Z  |        S o *.+o.|
2021-02-17T18:44:28.021269959Z  |        .o =.+o+=|
2021-02-17T18:44:28.021280822Z  |       o ++*+ o++|
2021-02-17T18:44:28.021290729Z  |       .=.OB=o.o=|
2021-02-17T18:44:28.021300526Z  |      .o.o+==+E=B|
2021-02-17T18:44:28.021310325Z  +----[SHA256]-----+
2021-02-17T18:44:28.034883520Z  time="2021-02-17T18:44:28Z" level=info msg="Starting node_exporter (version=0.17.0, branch=HEAD, revision=f6f6194a436b9a63d0439abc585c76b19a206b21)" source="node_exporter.go:82"
2021-02-17T18:44:28.034910009Z  time="2021-02-17T18:44:28Z" level=info msg="Build context (go=go1.11.2, user=root@322511e06ced, date=20181130-15:51:33)" source="node_exporter.go:83"
2021-02-17T18:44:28.036187031Z  time="2021-02-17T18:44:28Z" level=info msg="Enabled collectors:" source="node_exporter.go:90"
2021-02-17T18:44:28.036205386Z  time="2021-02-17T18:44:28Z" level=info msg=" - arp" source="node_exporter.go:97"
2021-02-17T18:44:28.036613964Z  time="2021-02-17T18:44:28Z" level=info msg=" - bcache" source="node_exporter.go:97"
2021-02-17T18:44:28.036631755Z  time="2021-02-17T18:44:28Z" level=info msg=" - bonding" source="node_exporter.go:97"
2021-02-17T18:44:28.036642244Z  time="2021-02-17T18:44:28Z" level=info msg=" - conntrack" source="node_exporter.go:97"
2021-02-17T18:44:28.036651963Z  time="2021-02-17T18:44:28Z" level=info msg=" - cpu" source="node_exporter.go:97"
2021-02-17T18:44:28.036661628Z  time="2021-02-17T18:44:28Z" level=info msg=" - diskstats" source="node_exporter.go:97"
2021-02-17T18:44:28.036673110Z  time="2021-02-17T18:44:28Z" level=info msg=" - edac" source="node_exporter.go:97"
2021-02-17T18:44:28.036682703Z  time="2021-02-17T18:44:28Z" level=info msg=" - entropy" source="node_exporter.go:97"
2021-02-17T18:44:28.036702151Z  time="2021-02-17T18:44:28Z" level=info msg=" - filefd" source="node_exporter.go:97"
2021-02-17T18:44:28.036713303Z  time="2021-02-17T18:44:28Z" level=info msg=" - filesystem" source="node_exporter.go:97"
2021-02-17T18:44:28.036722752Z  time="2021-02-17T18:44:28Z" level=info msg=" - hwmon" source="node_exporter.go:97"
2021-02-17T18:44:28.036732063Z  time="2021-02-17T18:44:28Z" level=info msg=" - infiniband" source="node_exporter.go:97"
2021-02-17T18:44:28.036741341Z  time="2021-02-17T18:44:28Z" level=info msg=" - interrupts" source="node_exporter.go:97"
2021-02-17T18:44:28.037055785Z  time="2021-02-17T18:44:28Z" level=info msg=" - ipvs" source="node_exporter.go:97"
2021-02-17T18:44:28.037073714Z  time="2021-02-17T18:44:28Z" level=info msg=" - loadavg" source="node_exporter.go:97"
2021-02-17T18:44:28.037083888Z  time="2021-02-17T18:44:28Z" level=info msg=" - mdadm" source="node_exporter.go:97"
2021-02-17T18:44:28.037093602Z  time="2021-02-17T18:44:28Z" level=info msg=" - meminfo" source="node_exporter.go:97"
2021-02-17T18:44:28.037103231Z  time="2021-02-17T18:44:28Z" level=info msg=" - netclass" source="node_exporter.go:97"
2021-02-17T18:44:28.037113105Z  time="2021-02-17T18:44:28Z" level=info msg=" - netdev" source="node_exporter.go:97"
2021-02-17T18:44:28.037141180Z  time="2021-02-17T18:44:28Z" level=info msg=" - netstat" source="node_exporter.go:97"
2021-02-17T18:44:28.037152125Z  time="2021-02-17T18:44:28Z" level=info msg=" - nfs" source="node_exporter.go:97"
2021-02-17T18:44:28.037161749Z  time="2021-02-17T18:44:28Z" level=info msg=" - nfsd" source="node_exporter.go:97"
2021-02-17T18:44:28.037171511Z  time="2021-02-17T18:44:28Z" level=info msg=" - sockstat" source="node_exporter.go:97"
2021-02-17T18:44:28.037181028Z  time="2021-02-17T18:44:28Z" level=info msg=" - stat" source="node_exporter.go:97"
2021-02-17T18:44:28.037191363Z  time="2021-02-17T18:44:28Z" level=info msg=" - textfile" source="node_exporter.go:97"
2021-02-17T18:44:28.037201094Z  time="2021-02-17T18:44:28Z" level=info msg=" - time" source="node_exporter.go:97"
2021-02-17T18:44:28.037218454Z  time="2021-02-17T18:44:28Z" level=info msg=" - timex" source="node_exporter.go:97"
2021-02-17T18:44:28.037229127Z  time="2021-02-17T18:44:28Z" level=info msg=" - uname" source="node_exporter.go:97"
2021-02-17T18:44:28.037238563Z  time="2021-02-17T18:44:28Z" level=info msg=" - vmstat" source="node_exporter.go:97"
2021-02-17T18:44:28.037886711Z  time="2021-02-17T18:44:28Z" level=info msg=" - xfs" source="node_exporter.go:97"
2021-02-17T18:44:28.038025776Z  time="2021-02-17T18:44:28Z" level=info msg=" - zfs" source="node_exporter.go:97"
2021-02-17T18:44:28.038037967Z  time="2021-02-17T18:44:28Z" level=info msg="Listening on :9100" source="node_exporter.go:111"
2021-02-17T18:44:28.508078538Z  Scylla version 4.3.0-0.20210110.000585522 with build-id 7fab6c35a5d403f3416292b37c9a9aa94fe4db1f starting ...
2021-02-17T18:44:28.508707995Z  command used: "/usr/bin/scylla --log-to-syslog 0 --log-to-stdout 1 --default-log-level info --network-stack posix --developer-mode=1 --overprovisioned --listen-address 10.0.11.10 --rpc-address 10.0.11.10 --seed-provider-parameters seeds=10.0.11.10 --blocked-reactor-notify-ms 999999999"
2021-02-17T18:44:28.509088055Z  parsed command line options: [log-to-syslog: 0, log-to-stdout: 1, default-log-level: info, network-stack: posix, developer-mode: 1, overprovisioned, listen-address: 10.0.11.10, rpc-address: 10.0.11.10, seed-provider-parameters: seeds=10.0.11.10, blocked-reactor-notify-ms: 999999999]
2021-02-17T18:44:28.648820001Z  WARN  2021-02-17 18:44:28,648 [shard 0] seastar - Unable to set SCHED_FIFO scheduling policy for timer thread; latency impact possible. Try adding CAP_SYS_NICE
2021-02-17T18:44:28.815704368Z  INFO  2021-02-17 18:44:28,815 [shard 0] init - installing SIGHUP handler
2021-02-17T18:44:28.839380921Z  INFO  2021-02-17 18:44:28,838 [shard 0] init - Scylla version 4.3.0-0.20210110.000585522 with build-id 7fab6c35a5d403f3416292b37c9a9aa94fe4db1f starting ...
2021-02-17T18:44:28.839406716Z  
2021-02-17T18:44:28.848914676Z  INFO  2021-02-17 18:44:28,848 [shard 0] init - starting prometheus API server
2021-02-17T18:44:28.855330186Z  INFO  2021-02-17 18:44:28,855 [shard 0] init - starting tokens manager
2021-02-17T18:44:28.856624503Z  INFO  2021-02-17 18:44:28,856 [shard 0] init - starting migration manager notifier
2021-02-17T18:44:28.858629157Z  INFO  2021-02-17 18:44:28,858 [shard 0] init - creating tracing
2021-02-17T18:44:28.860647127Z  INFO  2021-02-17 18:44:28,860 [shard 0] init - creating snitch
2021-02-17T18:44:28.863479668Z  INFO  2021-02-17 18:44:28,863 [shard 0] init - determining DNS name
2021-02-17T18:44:28.864520094Z  INFO  2021-02-17 18:44:28,863 [shard 0] init - starting API server
2021-02-17T18:44:28.866466183Z  INFO  2021-02-17 18:44:28,866 [shard 0] init - Scylla API server listening on 127.0.0.1:10000 ...
2021-02-17T18:44:28.875031312Z  INFO  2021-02-17 18:44:28,874 [shard 0] init - initializing storage service
2021-02-17T18:44:28.875496498Z  INFO  2021-02-17 18:44:28,874 [shard 0] init - starting per-shard database core
2021-02-17T18:44:28.882815154Z  WARN  2021-02-17 18:44:28,880 [shard 0] init - I/O Scheduler is not properly configured! This is a non-supported setup, and performance is expected to be unpredictably bad.
2021-02-17T18:44:28.882839710Z   Reason found: none of --max-io-requests, --io-properties and --io-properties-file are set.
2021-02-17T18:44:28.882850978Z  To properly configure the I/O Scheduler, run the scylla_io_setup utility shipped with Scylla.
2021-02-17T18:44:28.882860863Z  
2021-02-17T18:44:28.882869900Z  INFO  2021-02-17 18:44:28,881 [shard 0] init - creating and verifying directories
2021-02-17T18:44:29.311819666Z  Connecting to http://localhost:100002021-02-17 18:44:29,311 INFO success: scylla entered RUNNING state, process has stayed up for > than 1 seconds (startsecs)
2021-02-17T18:44:29.312338736Z  2021-02-17 18:44:29,311 INFO success: scylla-housekeeping entered RUNNING state, process has stayed up for > than 1 seconds (startsecs)
2021-02-17T18:44:29.312627534Z  2021-02-17 18:44:29,312 INFO success: sshd entered RUNNING state, process has stayed up for > than 1 seconds (startsecs)
2021-02-17T18:44:29.312940488Z  2021-02-17 18:44:29,312 INFO success: scylla-jmx entered RUNNING state, process has stayed up for > than 1 seconds (startsecs)
2021-02-17T18:44:29.313234390Z  2021-02-17 18:44:29,313 INFO success: rsyslog entered RUNNING state, process has stayed up for > than 1 seconds (startsecs)
2021-02-17T18:44:29.314106893Z  2021-02-17 18:44:29,313 INFO success: node-exporter entered RUNNING state, process has stayed up for > than 1 seconds (startsecs)
2021-02-17T18:44:29.314863894Z  
2021-02-17T18:44:29.315881802Z  Starting the JMX server
2021-02-17T18:44:29.316617709Z  Generating public/private rsa key pair.
2021-02-17T18:44:29.316665975Z  Your identification has been saved in /etc/ssh/ssh_host_rsa_key.
2021-02-17T18:44:29.316678198Z  Your public key has been saved in /etc/ssh/ssh_host_rsa_key.pub.
2021-02-17T18:44:29.316688678Z  The key fingerprint is:
2021-02-17T18:44:29.316698530Z  SHA256:bkIvxq6bjXqFRathcVNQtmofFLJyrKdFJMWXs8RLLT4 root@81a91d92dcfb
2021-02-17T18:44:29.316708692Z  The key's randomart image is:
2021-02-17T18:44:29.316718506Z  +---[RSA 4096]----+
2021-02-17T18:44:29.316739319Z  |    .o===o       |
2021-02-17T18:44:29.316749933Z  |    .+=+Oo.      |
2021-02-17T18:44:29.316759576Z  |    .+=Bo=       |
2021-02-17T18:44:29.316769296Z  |    o=ooE        |
2021-02-17T18:44:29.316778785Z  |   ..=* S.       |
2021-02-17T18:44:29.316788187Z  |    oB.+ .       |
2021-02-17T18:44:29.316797759Z  |    ..= =        |
2021-02-17T18:44:29.316807254Z  |    .* +         |
2021-02-17T18:44:29.316817105Z  |  .o=oo          |
2021-02-17T18:44:29.316826544Z  +----[SHA256]-----+
2021-02-17T18:44:29.339434259Z  Could not load host key: /etc/ssh/ssh_host_ecdsa_key
2021-02-17T18:44:30.016909132Z  JMX is enabled to receive remote connections on port: 7199
2021-02-17T18:44:30.088542781Z  INFO  2021-02-17 18:44:30,088 [shard 0] database - Populating Keyspace system_schema
2021-02-17T18:44:30.088571750Z  INFO  2021-02-17 18:44:30,088 [shard 0] database - Keyspace system_schema: Reading CF view_virtual_columns id=08843b63-45dc-3be2-9798-a0418295cfaa version=c777531c-15f7-326f-8ebe-39fd0265c8c9
2021-02-17T18:44:30.088583371Z  INFO  2021-02-17 18:44:30,088 [shard 0] database - Keyspace system_schema: Reading CF computed_columns id=cc7c7069-3740-33c1-92a4-c3de78dbd2c4 version=2b8c4439-de76-31e0-807f-3b7290a975d7
2021-02-17T18:44:30.088593864Z  INFO  2021-02-17 18:44:30,088 [shard 0] database - Keyspace system_schema: Reading CF aggregates id=924c5587-2e3a-345b-b10c-12f37c1ba895 version=4b53e92c-0368-3d5c-b959-2ec1bfd1a59f
2021-02-17T18:44:30.088603904Z  INFO  2021-02-17 18:44:30,088 [shard 0] database - Keyspace system_schema: Reading CF functions id=96489b79-80be-3e14-a701-66a0b9159450 version=329ed804-55b3-3eee-ad61-d85317b96097
2021-02-17T18:44:30.088614009Z  INFO  2021-02-17 18:44:30,088 [shard 0] database - Keyspace system_schema: Reading CF views id=9786ac1c-dd58-3201-a7cd-ad556410c985 version=5b58bb47-96e7-3f57-accf-0bfca4dbbc6e
2021-02-17T18:44:30.089092614Z  INFO  2021-02-17 18:44:30,088 [shard 0] database - Keyspace system_schema: Reading CF indexes id=0feb57ac-311f-382f-ba6d-9024d305702f version=99c40462-8687-304e-abe3-2bdbef1f25aa
2021-02-17T18:44:30.089142284Z  INFO  2021-02-17 18:44:30,088 [shard 0] database - Keyspace system_schema: Reading CF types id=5a8b1ca8-6602-3f77-a045-9273d308917a version=de51b2ce-5e4d-3b7d-a75f-2204332ce8d1
2021-02-17T18:44:30.089154791Z  INFO  2021-02-17 18:44:30,088 [shard 0] database - Keyspace system_schema: Reading CF triggers id=4df70b66-6b05-3251-95a1-32b54005fd48 version=582d7071-1ef0-37c8-adc6-471a13636139
2021-02-17T18:44:30.089165615Z  INFO  2021-02-17 18:44:30,088 [shard 0] database - Keyspace system_schema: Reading CF dropped_columns id=5e7583b5-f3f4-3af1-9a39-b7e1d6f5f11f version=7426bc6c-4c2f-3200-8ad8-4329610ed59a
2021-02-17T18:44:30.089176300Z  INFO  2021-02-17 18:44:30,088 [shard 0] database - Keyspace system_schema: Reading CF columns id=24101c25-a2ae-3af7-87c1-b40ee1aca33f version=d33236d4-9bdd-3c09-abf0-a0bc5edc2526
2021-02-17T18:44:30.089187145Z  INFO  2021-02-17 18:44:30,088 [shard 0] database - Keyspace system_schema: Reading CF scylla_tables id=5d912ff1-f759-3665-b2c8-8042ab5103dd version=38e5e56b-155d-39b5-a0d2-8e5dcad42a26
2021-02-17T18:44:30.089213920Z  INFO  2021-02-17 18:44:30,088 [shard 0] database - Keyspace system_schema: Reading CF tables id=afddfb9d-bc1e-3068-8056-eed6c302ba09 version=b6240810-eeb7-36d5-9411-43b2d68dddab
2021-02-17T18:44:30.089225718Z  INFO  2021-02-17 18:44:30,088 [shard 0] database - Keyspace system_schema: Reading CF keyspaces id=abac5682-dea6-31c5-b535-b3d6cffd0fb6 version=e79ca8ba-6556-3f7d-925a-7f20cf57938c
2021-02-17T18:44:33.712394265Z  Traceback (most recent call last):
2021-02-17T18:44:33.712419209Z    File "/opt/scylladb/scripts/libexec/scylla-housekeeping", line 208, in <module>
2021-02-17T18:44:33.712430195Z      args.func(args)
2021-02-17T18:44:33.712439908Z    File "/opt/scylladb/scripts/libexec/scylla-housekeeping", line 134, in check_version
2021-02-17T18:44:33.712449647Z      current_version = sanitize_version(get_api('/storage_service/scylla_release_version'))
2021-02-17T18:44:33.712459180Z    File "/opt/scylladb/scripts/libexec/scylla-housekeeping", line 93, in get_api
2021-02-17T18:44:33.712468808Z      return get_json_from_url("http://" + api_address + path)
2021-02-17T18:44:33.712478180Z    File "/opt/scylladb/scripts/libexec/scylla-housekeeping", line 88, in get_json_from_url
2021-02-17T18:44:33.712487594Z      raise RuntimeError(f'Failed to get "{path}" due to the following error: {retval}')
2021-02-17T18:44:33.712497322Z  RuntimeError: Failed to get "http://localhost:10000/storage_service/scylla_release_version" due to the following error: HTTP Error 404: Not Found
2021-02-17T18:44:34.214657276Z  INFO  2021-02-17 18:44:34,214 [shard 0] database - Found temporary sstable directory: "/var/lib/scylla/data/system_schema/views-9786ac1cdd583201a7cdad556410c985/0000000000000939.sstable", removing
2021-02-17T18:44:34.215642333Z  INFO  2021-02-17 18:44:34,215 [shard 0] database - Found temporary sstable directory: "/var/lib/scylla/data/system_schema/scylla_tables-5d912ff1f7593665b2c88042ab5103dd/0000000000001019.sstable", removing
2021-02-17T18:44:34.216498365Z  INFO  2021-02-17 18:44:34,216 [shard 0] database - Found temporary sstable directory: "/var/lib/scylla/data/system_schema/keyspaces-abac5682dea631c5b535b3d6cffd0fb6/0000000000001151.sstable", removing
2021-02-17T18:44:34.369117660Z  INFO  2021-02-17 18:44:34,368 [shard 3] sstable_directory - Removing file /var/lib/scylla/data/system_schema/views-9786ac1cdd583201a7cdad556410c985/md-939-big-Summary.db
2021-02-17T18:44:34.369141298Z  INFO  2021-02-17 18:44:34,368 [shard 3] sstable_directory - Removing file /var/lib/scylla/data/system_schema/views-9786ac1cdd583201a7cdad556410c985/md-939-big-Data.db
2021-02-17T18:44:34.369152303Z  INFO  2021-02-17 18:44:34,368 [shard 3] sstable_directory - Removing file /var/lib/scylla/data/system_schema/views-9786ac1cdd583201a7cdad556410c985/md-939-big-Digest.crc32
2021-02-17T18:44:34.369162596Z  INFO  2021-02-17 18:44:34,368 [shard 3] sstable_directory - Removing file /var/lib/scylla/data/system_schema/views-9786ac1cdd583201a7cdad556410c985/md-939-big-Index.db
2021-02-17T18:44:34.369172733Z  INFO  2021-02-17 18:44:34,368 [shard 3] sstable_directory - Removing file /var/lib/scylla/data/system_schema/views-9786ac1cdd583201a7cdad556410c985/md-939-big-TOC.txt.tmp
2021-02-17T18:44:34.545276100Z  INFO  2021-02-17 18:44:34,544 [shard 3] sstable_directory - Removing file /var/lib/scylla/data/system_schema/scylla_tables-5d912ff1f7593665b2c88042ab5103dd/md-1019-big-Filter.db
2021-02-17T18:44:34.545745244Z  INFO  2021-02-17 18:44:34,545 [shard 3] sstable_directory - Removing file /var/lib/scylla/data/system_schema/scylla_tables-5d912ff1f7593665b2c88042ab5103dd/md-1019-big-Data.db
2021-02-17T18:44:34.545783350Z  INFO  2021-02-17 18:44:34,545 [shard 3] sstable_directory - Removing file /var/lib/scylla/data/system_schema/scylla_tables-5d912ff1f7593665b2c88042ab5103dd/md-1019-big-Digest.crc32
2021-02-17T18:44:34.545795399Z  INFO  2021-02-17 18:44:34,545 [shard 3] sstable_directory - Removing file /var/lib/scylla/data/system_schema/scylla_tables-5d912ff1f7593665b2c88042ab5103dd/md-1019-big-CompressionInfo.db
2021-02-17T18:44:34.545806022Z  INFO  2021-02-17 18:44:34,545 [shard 3] sstable_directory - Removing file /var/lib/scylla/data/system_schema/scylla_tables-5d912ff1f7593665b2c88042ab5103dd/md-1019-big-Summary.db
2021-02-17T18:44:34.545816547Z  INFO  2021-02-17 18:44:34,545 [shard 3] sstable_directory - Removing file /var/lib/scylla/data/system_schema/scylla_tables-5d912ff1f7593665b2c88042ab5103dd/md-1019-big-TOC.txt.tmp
2021-02-17T18:44:34.545826857Z  INFO  2021-02-17 18:44:34,545 [shard 3] sstable_directory - Removing file /var/lib/scylla/data/system_schema/scylla_tables-5d912ff1f7593665b2c88042ab5103dd/md-1019-big-Index.db
2021-02-17T18:44:34.545837232Z  INFO  2021-02-17 18:44:34,545 [shard 3] sstable_directory - Removing file /var/lib/scylla/data/system_schema/scylla_tables-5d912ff1f7593665b2c88042ab5103dd/md-1019-big-Statistics.db
2021-02-17T18:44:34.558770162Z  INFO  2021-02-17 18:44:34,558 [shard 3] sstable_directory - Removing file /var/lib/scylla/data/system_schema/keyspaces-abac5682dea631c5b535b3d6cffd0fb6/md-1151-big-Data.db
2021-02-17T18:44:34.559242790Z  INFO  2021-02-17 18:44:34,558 [shard 3] sstable_directory - Removing file /var/lib/scylla/data/system_schema/keyspaces-abac5682dea631c5b535b3d6cffd0fb6/md-1151-big-Index.db
2021-02-17T18:44:34.559263290Z  INFO  2021-02-17 18:44:34,558 [shard 3] sstable_directory - Removing file /var/lib/scylla/data/system_schema/keyspaces-abac5682dea631c5b535b3d6cffd0fb6/md-1151-big-TOC.txt.tmp
2021-02-17T18:44:34.563951501Z  INFO  2021-02-17 18:44:34,563 [shard 0] database - Populating Keyspace system
2021-02-17T18:44:34.563975404Z  INFO  2021-02-17 18:44:34,563 [shard 0] database - Keyspace system: Reading CF compaction_history id=b4dbb7b4-dc49-3fb5-b3bf-ce6e434832ca version=25cae56a-8d75-39f3-a146-3756ab4981c7
2021-02-17T18:44:34.563987389Z  INFO  2021-02-17 18:44:34,563 [shard 0] database - Keyspace system: Reading CF batchlog id=0290003c-977e-397c-ac3e-fdfdc01d626b version=e2a2e804-49e4-3597-9f16-39fd9475835c
2021-02-17T18:44:34.563998249Z  INFO  2021-02-17 18:44:34,563 [shard 0] database - Keyspace system: Reading CF size_estimates id=618f817b-005f-3678-b8a4-53f3930b8e86 version=6d4dbcff-f05b-3dc3-95ad-f79f7b10504d
2021-02-17T18:44:34.564008733Z  INFO  2021-02-17 18:44:34,563 [shard 0] database - Keyspace system: Reading CF range_xfers id=55d76438-4e55-3f8b-9f6e-676d4af3976d version=dd15a078-409b-350d-9bef-c5f3520832d8
2021-02-17T18:44:34.564019228Z  INFO  2021-02-17 18:44:34,563 [shard 0] database - Keyspace system: Reading CF peer_events id=59dfeaea-8db2-3341-91ef-109974d81484 version=7f874a05-72b8-3c21-9acb-baa164fc351a
2021-02-17T18:44:34.564029627Z  INFO  2021-02-17 18:44:34,563 [shard 0] database - Keyspace system: Reading CF peers id=37f71aca-7dc2-383b-a706-72528af04d4f version=f6f6871f-8c86-3eca-ac0b-2a2e848e395d
2021-02-17T18:44:34.564051060Z  INFO  2021-02-17 18:44:34,563 [shard 0] database - Keyspace system: Reading CF scylla_local id=2972ec7f-fb20-38dd-aac1-d876f2e3fcbd version=5f0b407d-eedf-3845-a48e-dbb9673d10e1
2021-02-17T18:44:34.564518594Z  INFO  2021-02-17 18:44:34,563 [shard 0] database - Keyspace system: Reading CF schema_aggregates id=a5fc57fc-9d6c-3bfd-a3fc-01ad54686fea version=d06c934f-9a69-374c-86f1-523ab26fb05c
2021-02-17T18:44:34.564573109Z  INFO  2021-02-17 18:44:34,563 [shard 0] database - Keyspace system: Reading CF paxos id=b7b7f0c2-fd0a-3410-8c05-3ef614bb7c2d version=6dd372de-72fb-3e1b-9b8c-f97738a67fe9
2021-02-17T18:44:34.564587418Z  INFO  2021-02-17 18:44:34,564 [shard 0] database - Keyspace system: Reading CF compactions_in_progress id=55080ab0-5d9c-3886-90a4-acb25fe1f77b version=540263f1-40db-3869-8a38-3baadedc222d
2021-02-17T18:44:34.564598644Z  INFO  2021-02-17 18:44:34,564 [shard 0] database - Keyspace system: Reading CF local id=7ad54392-bcdd-35a6-8417-4e047860b377 version=7fa82c2e-5b67-37dd-8e5e-2079e18f1536
2021-02-17T18:44:34.564609305Z  INFO  2021-02-17 18:44:34,564 [shard 0] database - Keyspace system: Reading CF schema_columnfamilies id=45f5b360-24bc-3f83-a363-1034ea4fa697 version=7f7a5fea-07b7-304d-a6f8-f7aec72cabdb
2021-02-17T18:44:34.565009565Z  INFO  2021-02-17 18:44:34,564 [shard 0] database - Keyspace system: Reading CF hints id=2666e205-73ef-38b3-90fe-fecf96e8f0c7 version=0b74fdd1-e96d-309e-a14e-a5bcd7ac885d
2021-02-17T18:44:34.565029193Z  INFO  2021-02-17 18:44:34,564 [shard 0] database - Keyspace system: Reading CF sstable_activity id=5a1ff267-ace0-3f12-8563-cfae6103c65e version=bdec57a3-b234-334b-be9c-7b1f33113995
2021-02-17T18:44:34.565040364Z  INFO  2021-02-17 18:44:34,564 [shard 0] database - Keyspace system: Reading CF IndexInfo id=9f5c6374-d485-3229-9a0a-5094af9ad1e3 version=bbb3743b-351f-3023-b4fc-09a9be37d529
2021-02-17T18:44:34.565051033Z  INFO  2021-02-17 18:44:34,564 [shard 0] database - Keyspace system: Reading CF large_partitions id=8a7fe624-96b0-34b1-b90e-f71bddcdd2d3 version=04fa9920-9369-3a96-be39-6dd9fdc816b6
2021-02-17T18:44:34.565061221Z  INFO  2021-02-17 18:44:34,564 [shard 0] database - Keyspace system: Reading CF scylla_table_schema_history id=0191a53e-40f0-31d4-9171-b0d19ffb17b4 version=2cc890b8-9ade-3afc-ab63-043c8017608e
2021-02-17T18:44:34.565071937Z  INFO  2021-02-17 18:44:34,564 [shard 0] database - Keyspace system: Reading CF large_cells id=ead8bbc5-f146-3ae1-9f71-0b11f9a1d296 version=0d4a6937-a781-3f87-a192-b4e4a4a40acf
2021-02-17T18:44:34.565082542Z  INFO  2021-02-17 18:44:34,564 [shard 0] database - Keyspace system: Reading CF views_builds_in_progress id=b7f2c108-78cd-3c80-9cd5-d609b2bd149c version=b905cce5-1474-3085-819a-7592453e2fb9
2021-02-17T18:44:34.565093158Z  INFO  2021-02-17 18:44:34,564 [shard 0] database - Keyspace system: Reading CF built_views id=4b3c50a9-ea87-3d76-9101-6dbc9c38494a version=a28aa0b3-6def-30a7-9fbe-ce78b3f3c9b9
2021-02-17T18:44:34.565103643Z  INFO  2021-02-17 18:44:34,564 [shard 0] database - Keyspace system: Reading CF scylla_views_builds_in_progress id=a04c7bfd-1e13-36c9-a44d-f22da352281d version=e3fb736c-6956-3990-a31d-9a482279e3fc
2021-02-17T18:44:34.565114203Z  INFO  2021-02-17 18:44:34,564 [shard 0] database - Keyspace system: Reading CF truncated id=38c19fd0-fb86-3310-a4b7-0d0cc66628aa version=6da9a85c-7ae0-3917-aead-54a2f65a57a8
2021-02-17T18:44:34.565134338Z  INFO  2021-02-17 18:44:34,564 [shard 0] database - Keyspace system: Reading CF cdc_local id=0bcaffd4-0c83-3ead-ad13-dc1d5015b77c version=0aa4d3a2-ed95-3ecd-aba0-cd75622ad290
2021-02-17T18:44:34.565147121Z  INFO  2021-02-17 18:44:34,564 [shard 0] database - Keyspace system: Reading CF clients id=ca0f635d-8630-3609-8d93-a1fc06f2a5e5 version=51273ebf-e6f9-3cd5-b455-ea09ad29796f
2021-02-17T18:44:34.565157904Z  INFO  2021-02-17 18:44:34,564 [shard 0] database - Keyspace system: Reading CF schema_keyspaces id=b0f22357-4458-3cdb-9631-c43e59ce3676 version=84d28cef-59f9-34a9-9be5-31c684997f03
2021-02-17T18:44:34.565168313Z  INFO  2021-02-17 18:44:34,564 [shard 0] database - Keyspace system: Reading CF schema_columns id=296e9c04-9bec-3085-827d-c17d3df2122a version=53cfbb66-ee0d-37be-97bb-b2afb3746f85
2021-02-17T18:44:34.565178524Z  INFO  2021-02-17 18:44:34,564 [shard 0] database - Keyspace system: Reading CF schema_triggers id=0359bc71-7123-3ee1-9a4a-b9dfb11fc125 version=75e4ec4c-76da-3f59-984e-66810ba0c62b
2021-02-17T18:44:34.565188998Z  INFO  2021-02-17 18:44:34,564 [shard 0] database - Keyspace system: Reading CF large_rows id=40550f66-0858-39a0-9430-f27fc08034e9 version=aee3acb0-7926-317b-848e-db7bc3721695
2021-02-17T18:44:34.565199118Z  INFO  2021-02-17 18:44:34,564 [shard 0] database - Keyspace system: Reading CF schema_usertypes id=3aa75225-4f82-350b-8d5c-430fa221fa0a version=3c53e6bb-56d5-3618-a0b2-4ff5f18127d7
2021-02-17T18:44:34.565209353Z  INFO  2021-02-17 18:44:34,564 [shard 0] database - Keyspace system: Reading CF schema_functions id=d1b675fe-2b50-3ca4-8e49-c0f81989dcad version=a50959dd-2be0-3e4e-8bb5-cf40796e256a
2021-02-17T18:44:45.852686584Z  INFO  2021-02-17 18:44:45,852 [shard 0] database - Found temporary sstable directory: "/var/lib/scylla/data/system/compaction_history-b4dbb7b4dc493fb5b3bfce6e434832ca/0000000000000515.sstable", removing
2021-02-17T18:44:45.961225602Z  INFO  2021-02-17 18:44:45,959 [shard 3] sstable_directory - Removing file /var/lib/scylla/data/system/compaction_history-b4dbb7b4dc493fb5b3bfce6e434832ca/md-515-big-TOC.txt.tmp
2021-02-17T18:44:45.974032859Z  INFO  2021-02-17 18:44:45,973 [shard 0] init - starting gossip
2021-02-17T18:44:45.974059133Z  WARN  2021-02-17 18:44:45,973 [shard 0] init - Using default cluster name is not recommended. Using a unique cluster name will reduce the chance of adding nodes to the wrong cluster by mistake
2021-02-17T18:44:45.974070956Z  INFO  2021-02-17 18:44:45,973 [shard 0] init - seeds={10.0.11.10}, listen_address=10.0.11.10, broadcast_address=10.0.11.10
2021-02-17T18:44:45.974081154Z  INFO  2021-02-17 18:44:45,973 [shard 0] init - starting storage proxy
2021-02-17T18:44:45.998344383Z  INFO  2021-02-17 18:44:45,994 [shard 0] init - creating hints manager
2021-02-17T18:44:45.998546748Z  INFO  2021-02-17 18:44:45,994 [shard 1] init - creating hints manager
2021-02-17T18:44:45.998563403Z  INFO  2021-02-17 18:44:45,995 [shard 2] init - creating hints manager
2021-02-17T18:44:45.998574039Z  INFO  2021-02-17 18:44:45,995 [shard 3] init - creating hints manager
2021-02-17T18:44:45.998584076Z  INFO  2021-02-17 18:44:45,995 [shard 0] init - starting migration manager
2021-02-17T18:44:45.998593943Z  INFO  2021-02-17 18:44:45,995 [shard 0] init - starting query processor
2021-02-17T18:44:45.998629214Z  INFO  2021-02-17 18:44:45,997 [shard 0] init - initializing batchlog manager
2021-02-17T18:44:46.002014941Z  INFO  2021-02-17 18:44:46,001 [shard 0] format_selector - Selected md sstables format
2021-02-17T18:44:46.006100000Z  INFO  2021-02-17 18:44:46,002 [shard 0] legacy_schema_migrator - Moving 0 keyspaces from legacy schema tables to the new schema keyspace (system_schema)
2021-02-17T18:44:46.006126614Z  INFO  2021-02-17 18:44:46,002 [shard 0] legacy_schema_migrator - Dropping legacy schema tables
2021-02-17T18:44:58.004388486Z  INFO  2021-02-17 18:44:58,003 [shard 0] legacy_schema_migrator - Completed migration of legacy schema tables
2021-02-17T18:44:58.004431138Z  INFO  2021-02-17 18:44:58,003 [shard 0] init - loading system sstables
2021-02-17T18:45:11.100136582Z  INFO  2021-02-17 18:45:11,098 [shard 0] init - loading non-system sstables
2021-02-17T18:45:18.574800479Z  INFO  2021-02-17 18:45:18,573 [shard 0] database - Populating Keyspace system_auth
2021-02-17T18:45:18.574865603Z  INFO  2021-02-17 18:45:18,573 [shard 0] database - Keyspace system_auth: Reading CF roles id=5bc52802-de25-35ed-aeab-188eecebb090 version=d8f599da-7544-3f57-aa58-b229deea93e0
2021-02-17T18:45:18.574880173Z  INFO  2021-02-17 18:45:18,573 [shard 0] database - Keyspace system_auth: Reading CF role_members id=0ecdaa87-f8fb-3e60-88d1-74fb36fe5c0d version=2923b5bb-f2f8-36e8-9e73-19019900010c
2021-02-17T18:45:18.574891675Z  INFO  2021-02-17 18:45:18,573 [shard 0] database - Populating Keyspace system_traces
2021-02-17T18:45:18.574902048Z  INFO  2021-02-17 18:45:18,573 [shard 0] database - Keyspace system_traces: Reading CF sessions_time_idx id=0ebf001c-c1d1-3693-9a63-c3d96ac53318 version=cd5d1e5f-1f42-3b9d-a8ba-3af39d59a7d5
2021-02-17T18:45:18.574912787Z  INFO  2021-02-17 18:45:18,573 [shard 0] database - Keyspace system_traces: Reading CF sessions id=c5e99f16-8677-3914-b17e-960613512345 version=e0fc4b06-6cba-3b7b-bfb6-b42a77c370a9
2021-02-17T18:45:18.574948025Z  INFO  2021-02-17 18:45:18,573 [shard 0] database - Keyspace system_traces: Reading CF node_slow_log_time_idx id=f9706768-aa1e-3d87-9e5c-51a3927c2870 version=eaffc0bb-7b2c-3b64-8924-d8ba685120bc
2021-02-17T18:45:18.574959705Z  INFO  2021-02-17 18:45:18,573 [shard 0] database - Keyspace system_traces: Reading CF node_slow_log id=bfcc4e62-5b63-3aa1-a1c3-6f5e47f3325c version=23e7a411-8414-340f-854d-20a3a637e438
2021-02-17T18:45:18.574970312Z  INFO  2021-02-17 18:45:18,573 [shard 0] database - Keyspace system_traces: Reading CF events id=8826e8e9-e16a-3728-8753-3bc1fc713c25 version=41a6b26e-a03b-3ae1-8a4a-b9446e7f9304
2021-02-17T18:45:18.574980916Z  INFO  2021-02-17 18:45:18,573 [shard 0] database - Populating Keyspace dt
2021-02-17T18:45:18.574991044Z  INFO  2021-02-17 18:45:18,573 [shard 0] database - Keyspace dt: Reading CF user id=5c294820-d77b-11ea-9877-000000000001 version=02cce273-02f1-3e6a-8674-f1016e3f22d7
2021-02-17T18:45:18.575001512Z  INFO  2021-02-17 18:45:18,573 [shard 0] database - Keyspace dt: Reading CF twin id=5e00c740-d77b-11ea-9877-000000000001 version=6240633e-c8cc-3fea-a1e3-452eff1b9659
2021-02-17T18:45:18.575036072Z  INFO  2021-02-17 18:45:18,573 [shard 0] database - Keyspace dt: Reading CF source_element_idx_index id=68593f10-d77b-11ea-9877-000000000001 version=33e3f927-f730-3081-88e1-6bed2962e42a
2021-02-17T18:45:18.575065311Z  INFO  2021-02-17 18:45:18,573 [shard 0] database - Keyspace dt: Reading CF element_twin_idx_index id=630ae8b0-d77b-11ea-9877-000000000001 version=bc3026fd-bc4e-318d-b6f4-ca0b566cb74b
2021-02-17T18:45:18.575077151Z  INFO  2021-02-17 18:45:18,573 [shard 0] database - Keyspace dt: Reading CF source_data id=6af6cd50-d77b-11ea-9877-000000000001 version=b52400e3-b307-3141-b3fc-e5d63573f135
2021-02-17T18:45:18.575109178Z  INFO  2021-02-17 18:45:18,573 [shard 0] database - Keyspace dt: Reading CF source id=65ff2270-d77b-11ea-9877-000000000001 version=5f8471b7-7d19-31d4-9be5-0f153affb0bb
2021-02-17T18:45:18.575122524Z  INFO  2021-02-17 18:45:18,573 [shard 0] database - Keyspace dt: Reading CF element id=607549b0-d77b-11ea-9877-000000000001 version=f44a6c4b-69d8-37f2-b116-7260740acc6c
2021-02-17T18:45:18.575132904Z  INFO  2021-02-17 18:45:18,573 [shard 0] database - Populating Keyspace system_distributed
2021-02-17T18:45:18.575142483Z  INFO  2021-02-17 18:45:18,573 [shard 0] database - Keyspace system_distributed: Reading CF view_build_status id=5582b59f-8e4e-35e1-b913-3acada51eb04 version=e0b6e628-60e0-39a2-ada0-9b6c13bdd9bc
2021-02-17T18:45:18.575152588Z  INFO  2021-02-17 18:45:18,574 [shard 0] database - Keyspace system_distributed: Reading CF cdc_streams_descriptions id=249f0ac2-8856-36d4-9802-f55223eb01c2 version=f727f60d-bfaa-32de-a0d6-898e1cbaf2c9
2021-02-17T18:45:18.575162588Z  INFO  2021-02-17 18:45:18,574 [shard 0] database - Keyspace system_distributed: Reading CF cdc_streams id=07405732-4620-34d6-a85e-947248dad9a4 version=b606cfa4-a37b-32bd-a624-e05cab2bed3c
2021-02-17T18:45:18.575192613Z  INFO  2021-02-17 18:45:18,574 [shard 0] database - Keyspace system_distributed: Reading CF cdc_generations id=6a4df139-00b6-3d21-9efc-dade266dc3b7 version=2511b46b-df1d-39fa-9a77-f5cacf88af47
2021-02-17T18:45:18.575206627Z  INFO  2021-02-17 18:45:18,574 [shard 0] database - Keyspace system_distributed: Reading CF cdc_generation_descriptions id=ae653406-7b3e-34aa-af70-d5b90f837c67 version=95e9e159-839f-39b3-990f-8e8a04817ff8
2021-02-17T18:45:26.224640135Z  INFO  2021-02-17 18:45:26,224 [shard 0] init - starting view update generator
2021-02-17T18:45:26.225286972Z  INFO  2021-02-17 18:45:26,225 [shard 0] init - discovering staging sstables
2021-02-17T18:45:26.226013159Z  INFO  2021-02-17 18:45:26,225 [shard 0] init - setting up system keyspace
2021-02-17T18:45:26.245992663Z  INFO  2021-02-17 18:45:26,245 [shard 0] init - starting commit log
2021-02-17T18:45:26.246026682Z  INFO  2021-02-17 18:45:26,245 [shard 0] init - replaying commit log
2021-02-17T18:45:26.250139070Z  INFO  2021-02-17 18:45:26,249 [shard 0] commitlog_replayer - Replaying /var/lib/scylla/commitlog/CommitLog-1-54043196049880616.log, /var/lib/scylla/commitlog/CommitLog-1-54043196049880615.log, /var/lib/scylla/commitlog/CommitLog-1-36028797540398633.log, /var/lib/scylla/commitlog/CommitLog-1-36028797540398631.log, /var/lib/scylla/commitlog/CommitLog-1-521434662.log, /var/lib/scylla/commitlog/CommitLog-1-54043196049880614.log, /var/lib/scylla/commitlog/CommitLog-1-18014399030916647.log, /var/lib/scylla/commitlog/CommitLog-1-18014399030916648.log, /var/lib/scylla/commitlog/CommitLog-1-521434664.log, /var/lib/scylla/commitlog/CommitLog-1-36028797540398632.log, /var/lib/scylla/commitlog/CommitLog-1-521434663.log
2021-02-17T18:45:29.490898114Z  INFO  2021-02-17 18:45:29,490 [shard 0] commitlog_replayer - Log replay complete, 18084 replayed mutations (0 invalid, 0 skipped)
2021-02-17T18:45:29.491516045Z  INFO  2021-02-17 18:45:29,491 [shard 0] init - replaying commit log - flushing memtables
2021-02-17T18:45:44.715028274Z  INFO  2021-02-17 18:45:44,714 [shard 0] init - replaying commit log - removing old commitlog segments
2021-02-17T18:45:44.716036643Z  INFO  2021-02-17 18:45:44,715 [shard 0] compaction - [Compact system.cdc_local 57ac15b0-7150-11eb-b379-000000000000] Compacting [/var/lib/scylla/data/system/cdc_local-0bcaffd40c833eadad13dc1d5015b77c/md-620-big-Data.db:level=0, /var/lib/scylla/data/system/cdc_local-0bcaffd40c833eadad13dc1d5015b77c/md-616-big-Data.db:level=0, ]
2021-02-17T18:45:44.716401464Z  INFO  2021-02-17 18:45:44,716 [shard 1] compaction - [Compact system.local 57ac3cc0-7150-11eb-8be1-000000000002] Compacting [/var/lib/scylla/data/system/local-7ad54392bcdd35a684174e047860b377/md-6389-big-Data.db:level=0, /var/lib/scylla/data/system/local-7ad54392bcdd35a684174e047860b377/md-6385-big-Data.db:level=0, ]
2021-02-17T18:45:44.716429514Z  INFO  2021-02-17 18:45:44,716 [shard 3] compaction - [Compact dt.source_data 57ac15b0-7150-11eb-92c1-000000000001] Compacting [/var/lib/scylla/data/dt/source_data-6af6cd50d77b11ea9877000000000001/md-1199-big-Data.db:level=0, /var/lib/scylla/data/dt/source_data-6af6cd50d77b11ea9877000000000001/md-1195-big-Data.db:level=0, /var/lib/scylla/data/dt/source_data-6af6cd50d77b11ea9877000000000001/md-1191-big-Data.db:level=0, ]
2021-02-17T18:45:44.716737855Z  INFO  2021-02-17 18:45:44,716 [shard 1] compaction - [Compact system.clients 57ac3cc1-7150-11eb-8be1-000000000002] Compacting [/var/lib/scylla/data/system/clients-ca0f635d863036098d93a1fc06f2a5e5/md-93-big-Data.db:level=0, /var/lib/scylla/data/system/clients-ca0f635d863036098d93a1fc06f2a5e5/md-97-big-Data.db:level=0, /var/lib/scylla/data/system/clients-ca0f635d863036098d93a1fc06f2a5e5/md-121-big-Data.db:level=0, /var/lib/scylla/data/system/clients-ca0f635d863036098d93a1fc06f2a5e5/md-125-big-Data.db:level=0, /var/lib/scylla/data/system/clients-ca0f635d863036098d93a1fc06f2a5e5/md-117-big-Data.db:level=0, /var/lib/scylla/data/system/clients-ca0f635d863036098d93a1fc06f2a5e5/md-129-big-Data.db:level=0, /var/lib/scylla/data/system/clients-ca0f635d863036098d93a1fc06f2a5e5/md-113-big-Data.db:level=0, /var/lib/scylla/data/system/clients-ca0f635d863036098d93a1fc06f2a5e5/md-109-big-Data.db:level=0, /var/lib/scylla/data/system/clients-ca0f635d863036098d93a1fc06f2a5e5/md-105-big-Data.db:level=0, /var/lib/scylla/data/system/clients-ca0f635d863036098d93a1fc06f2a5e5/md-101-big-Data.db:level=0, ]
2021-02-17T18:45:44.716764859Z  INFO  2021-02-17 18:45:44,716 [shard 3] compaction - [Compact system.truncated 57ac3cc0-7150-11eb-92c1-000000000001] Compacting [/var/lib/scylla/data/system/truncated-38c19fd0fb863310a4b70d0cc66628aa/md-3471-big-Data.db:level=0, /var/lib/scylla/data/system/truncated-38c19fd0fb863310a4b70d0cc66628aa/md-3467-big-Data.db:level=0, /var/lib/scylla/data/system/truncated-38c19fd0fb863310a4b70d0cc66628aa/md-3455-big-Data.db:level=0, ]
2021-02-17T18:45:44.716778161Z  INFO  2021-02-17 18:45:44,716 [shard 0] compaction - [Compact system.truncated 57ac3cc0-7150-11eb-b379-000000000000] Compacting [/var/lib/scylla/data/system/truncated-38c19fd0fb863310a4b70d0cc66628aa/md-3464-big-Data.db:level=0, /var/lib/scylla/data/system/truncated-38c19fd0fb863310a4b70d0cc66628aa/md-3468-big-Data.db:level=0, /var/lib/scylla/data/system/truncated-38c19fd0fb863310a4b70d0cc66628aa/md-3460-big-Data.db:level=0, ]
2021-02-17T18:45:44.717066782Z  INFO  2021-02-17 18:45:44,716 [shard 3] compaction - [Compact system_schema.computed_columns 57ac3cc1-7150-11eb-92c1-000000000001] Compacting [/var/lib/scylla/data/system_schema/computed_columns-cc7c7069374033c192a4c3de78dbd2c4/md-1107-big-Data.db:level=0, /var/lib/scylla/data/system_schema/computed_columns-cc7c7069374033c192a4c3de78dbd2c4/md-1103-big-Data.db:level=0, /var/lib/scylla/data/system_schema/computed_columns-cc7c7069374033c192a4c3de78dbd2c4/md-1099-big-Data.db:level=0, ]
2021-02-17T18:45:44.717104612Z  INFO  2021-02-17 18:45:44,716 [shard 3] compaction - [Compact system_schema.functions 57ac3cc2-7150-11eb-92c1-000000000001] Compacting [/var/lib/scylla/data/system_schema/functions-96489b7980be3e14a70166a0b9159450/md-363-big-Data.db:level=0, /var/lib/scylla/data/system_schema/functions-96489b7980be3e14a70166a0b9159450/md-359-big-Data.db:level=0, /var/lib/scylla/data/system_schema/functions-96489b7980be3e14a70166a0b9159450/md-355-big-Data.db:level=0, ]
2021-02-17T18:45:44.717620980Z  INFO  2021-02-17 18:45:44,717 [shard 0] compaction - [Compact system.compaction_history 57ac63d0-7150-11eb-b379-000000000000] Compacting [/var/lib/scylla/data/system/compaction_history-b4dbb7b4dc493fb5b3bfce6e434832ca/md-516-big-Data.db:level=0, /var/lib/scylla/data/system/compaction_history-b4dbb7b4dc493fb5b3bfce6e434832ca/md-512-big-Data.db:level=0, /var/lib/scylla/data/system/compaction_history-b4dbb7b4dc493fb5b3bfce6e434832ca/md-508-big-Data.db:level=0, ]
2021-02-17T18:45:44.718101377Z  INFO  2021-02-17 18:45:44,717 [shard 3] compaction - [Compact system_schema.columns 57ac63d0-7150-11eb-92c1-000000000001] Compacting [/var/lib/scylla/data/system_schema/columns-24101c25a2ae3af787c1b40ee1aca33f/md-1243-big-Data.db:level=0, /var/lib/scylla/data/system_schema/columns-24101c25a2ae3af787c1b40ee1aca33f/md-1247-big-Data.db:level=0, /var/lib/scylla/data/system_schema/columns-24101c25a2ae3af787c1b40ee1aca33f/md-1239-big-Data.db:level=0, ]
2021-02-17T18:45:44.718124615Z  INFO  2021-02-17 18:45:44,717 [shard 3] compaction - [Compact system_schema.scylla_tables 57ac63d1-7150-11eb-92c1-000000000001] Compacting [/var/lib/scylla/data/system_schema/scylla_tables-5d912ff1f7593665b2c88042ab5103dd/md-1023-big-Data.db:level=0, /var/lib/scylla/data/system_schema/scylla_tables-5d912ff1f7593665b2c88042ab5103dd/md-1015-big-Data.db:level=0, ]
2021-02-17T18:45:44.718136736Z  INFO  2021-02-17 18:45:44,717 [shard 3] compaction - [Compact system.compaction_history 57ac63d2-7150-11eb-92c1-000000000001] Compacting [/var/lib/scylla/data/system/compaction_history-b4dbb7b4dc493fb5b3bfce6e434832ca/md-519-big-Data.db:level=0, /var/lib/scylla/data/system/compaction_history-b4dbb7b4dc493fb5b3bfce6e434832ca/md-511-big-Data.db:level=0, ]
2021-02-17T18:45:44.726386401Z  INFO  2021-02-17 18:45:44,725 [shard 2] compaction - [Compact system.truncated 57ad9c50-7150-11eb-81d1-000000000003] Compacting [/var/lib/scylla/data/system/truncated-38c19fd0fb863310a4b70d0cc66628aa/md-3470-big-Data.db:level=0, /var/lib/scylla/data/system/truncated-38c19fd0fb863310a4b70d0cc66628aa/md-3466-big-Data.db:level=0, /var/lib/scylla/data/system/truncated-38c19fd0fb863310a4b70d0cc66628aa/md-3454-big-Data.db:level=0, ]
2021-02-17T18:45:44.726651980Z  INFO  2021-02-17 18:45:44,726 [shard 2] compaction - [Compact system_schema.computed_columns 57adc360-7150-11eb-81d1-000000000003] Compacting [/var/lib/scylla/data/system_schema/computed_columns-cc7c7069374033c192a4c3de78dbd2c4/md-1106-big-Data.db:level=0, /var/lib/scylla/data/system_schema/computed_columns-cc7c7069374033c192a4c3de78dbd2c4/md-1102-big-Data.db:level=0, /var/lib/scylla/data/system_schema/computed_columns-cc7c7069374033c192a4c3de78dbd2c4/md-1098-big-Data.db:level=0, ]
2021-02-17T18:45:44.726675701Z  INFO  2021-02-17 18:45:44,726 [shard 2] compaction - [Compact system.peers 57adc361-7150-11eb-81d1-000000000003] Compacting [/var/lib/scylla/data/system/peers-37f71aca7dc2383ba70672528af04d4f/md-462-big-Data.db:level=0, /var/lib/scylla/data/system/peers-37f71aca7dc2383ba70672528af04d4f/md-454-big-Data.db:level=0, /var/lib/scylla/data/system/peers-37f71aca7dc2383ba70672528af04d4f/md-458-big-Data.db:level=0, ]
2021-02-17T18:45:44.726700596Z  INFO  2021-02-17 18:45:44,726 [shard 2] compaction - [Compact system_schema.columns 57adc362-7150-11eb-81d1-000000000003] Compacting [/var/lib/scylla/data/system_schema/columns-24101c25a2ae3af787c1b40ee1aca33f/md-1242-big-Data.db:level=0, /var/lib/scylla/data/system_schema/columns-24101c25a2ae3af787c1b40ee1aca33f/md-1246-big-Data.db:level=0, /var/lib/scylla/data/system_schema/columns-24101c25a2ae3af787c1b40ee1aca33f/md-1238-big-Data.db:level=0, ]
2021-02-17T18:45:44.727018038Z  INFO  2021-02-17 18:45:44,726 [shard 2] compaction - [Compact system_schema.scylla_tables 57adc363-7150-11eb-81d1-000000000003] Compacting [/var/lib/scylla/data/system_schema/scylla_tables-5d912ff1f7593665b2c88042ab5103dd/md-1018-big-Data.db:level=0, /var/lib/scylla/data/system_schema/scylla_tables-5d912ff1f7593665b2c88042ab5103dd/md-1022-big-Data.db:level=0, /var/lib/scylla/data/system_schema/scylla_tables-5d912ff1f7593665b2c88042ab5103dd/md-1014-big-Data.db:level=0, ]
2021-02-17T18:45:44.727371611Z  INFO  2021-02-17 18:45:44,727 [shard 2] compaction - [Compact system.compaction_history 57adea70-7150-11eb-81d1-000000000003] Compacting [/var/lib/scylla/data/system/compaction_history-b4dbb7b4dc493fb5b3bfce6e434832ca/md-518-big-Data.db:level=0, /var/lib/scylla/data/system/compaction_history-b4dbb7b4dc493fb5b3bfce6e434832ca/md-514-big-Data.db:level=0, /var/lib/scylla/data/system/compaction_history-b4dbb7b4dc493fb5b3bfce6e434832ca/md-510-big-Data.db:level=0, ]
2021-02-17T18:45:44.731524984Z  INFO  2021-02-17 18:45:44,731 [shard 0] init - initializing migration manager RPC verbs
2021-02-17T18:45:44.732480909Z  INFO  2021-02-17 18:45:44,732 [shard 0] init - initializing storage proxy RPC verbs
2021-02-17T18:45:44.733531743Z  INFO  2021-02-17 18:45:44,733 [shard 0] init - starting streaming service
2021-02-17T18:45:44.736649432Z  INFO  2021-02-17 18:45:44,736 [shard 0] init - starting hinted handoff manager
2021-02-17T18:45:46.785460819Z  INFO  2021-02-17 18:45:46,784 [shard 2] compaction - [Compact system.peers 57adc361-7150-11eb-81d1-000000000003] Compacted 3 sstables to []. 16kB to 0 bytes (~0% of original) in 0ms = 0 bytes/s. ~384 total partitions merged to 0.
2021-02-17T18:45:47.408525040Z  INFO  2021-02-17 18:45:47,407 [shard 1] compaction - [Compact system.clients 57ac3cc1-7150-11eb-8be1-000000000002] Compacted 10 sstables to []. 196kB to 0 bytes (~0% of original) in 21ms = 0 bytes/s. ~1280 total partitions merged to 0.
2021-02-17T18:45:47.409088153Z  INFO  2021-02-17 18:45:47,408 [shard 0] init - starting messaging service
2021-02-17T18:45:47.409619119Z  INFO  2021-02-17 18:45:47,409 [shard 0] repair - Setting max_repair_memory=168820736, max_repair_memory_per_range=33554432, max_repair_ranges_in_parallel=5
2021-02-17T18:45:47.410381902Z  INFO  2021-02-17 18:45:47,410 [shard 0] init - starting storage service
2021-02-17T18:45:47.412146229Z  INFO  2021-02-17 18:45:47,411 [shard 0] storage_service - Loading persisted ring state
2021-02-17T18:45:47.416354868Z  INFO  2021-02-17 18:45:47,415 [shard 0] storage_service - initial_contact_nodes={10.0.11.10}, loaded_endpoints={}, loaded_peer_features=0
2021-02-17T18:45:47.417170790Z  INFO  2021-02-17 18:45:47,416 [shard 0] storage_service - Checking remote features with gossip, initial_contact_nodes={10.0.11.10}
2021-02-17T18:45:47.417667804Z  INFO  2021-02-17 18:45:47,417 [shard 0] messaging_service - Starting Messaging Service on port 7000
2021-02-17T18:45:47.418430790Z  INFO  2021-02-17 18:45:47,418 [shard 0] gossip - Gossip shadow round started with nodes={}
2021-02-17T18:45:47.418984640Z  WARN  2021-02-17 18:45:47,418 [shard 0] gossip - All nodes={} are down for get_endpoint_states verb. Skip ShadowRound.
2021-02-17T18:45:47.419009995Z  INFO  2021-02-17 18:45:47,418 [shard 0] gossip - Gossip shadow round finisehd with nodes_talked={}
2021-02-17T18:45:47.419374821Z  INFO  2021-02-17 18:45:47,418 [shard 0] gossip - Feature check passed. Local node 10.0.11.10 features = {CDC, COMPUTED_COLUMNS, CORRECT_COUNTER_ORDER, CORRECT_NON_COMPOUND_RANGE_TOMBSTONES, CORRECT_STATIC_COMPACT_IN_MC, COUNTERS, DIGEST_FOR_NULL_VALUES, DIGEST_INSENSITIVE_TO_EXPIRY, DIGEST_MULTIPARTITION_READ, HINTED_HANDOFF_SEPARATE_CONNECTION, INDEXES, LARGE_PARTITIONS, LA_SSTABLE_FORMAT, LWT, MATERIALIZED_VIEWS, MC_SSTABLE_FORMAT, MD_SSTABLE_FORMAT, NONFROZEN_UDTS, PER_TABLE_CACHING, PER_TABLE_PARTITIONERS, RANGE_TOMBSTONES, ROLES, ROW_LEVEL_REPAIR, SCHEMA_TABLES_V3, STREAM_WITH_RPC_STREAM, TRUNCATION_TABLE, UNBOUNDED_RANGE_TOMBSTONES, VIEW_VIRTUAL_COLUMNS, WRITE_FAILURE_REPLY, XXHASH}, Remote common_features = {}
2021-02-17T18:45:47.420897443Z  INFO  2021-02-17 18:45:47,420 [shard 0] storage_service - Restarting a node in NORMAL status
2021-02-17T18:45:47.460573912Z  INFO  2021-02-17 18:45:47,460 [shard 0] schema_tables - Schema version changed to d9780978-f87c-366c-a0f5-6b1d524f8488
2021-02-17T18:45:47.461158033Z  INFO  2021-02-17 18:45:47,460 [shard 0] storage_service - Starting up server gossip
2021-02-17T18:45:48.816569103Z  INFO  2021-02-17 18:45:48,815 [shard 1] compaction - [Compact system.compaction_history 5a1db1f0-7150-11eb-8be1-000000000002] Compacting [/var/lib/scylla/data/system/compaction_history-b4dbb7b4dc493fb5b3bfce6e434832ca/md-517-big-Data.db:level=0, /var/lib/scylla/data/system/compaction_history-b4dbb7b4dc493fb5b3bfce6e434832ca/md-513-big-Data.db:level=0, /var/lib/scylla/data/system/compaction_history-b4dbb7b4dc493fb5b3bfce6e434832ca/md-509-big-Data.db:level=0, ]
2021-02-17T18:45:49.145984602Z  INFO  2021-02-17 18:45:49,145 [shard 2] compaction - [Compact system_schema.views 5a500c90-7150-11eb-81d1-000000000003] Compacting [/var/lib/scylla/data/system_schema/views-9786ac1cdd583201a7cdad556410c985/md-942-big-Data.db:level=0, /var/lib/scylla/data/system_schema/views-9786ac1cdd583201a7cdad556410c985/md-938-big-Data.db:level=0, /var/lib/scylla/data/system_schema/views-9786ac1cdd583201a7cdad556410c985/md-934-big-Data.db:level=0, ]
2021-02-17T18:45:49.146590724Z  INFO  2021-02-17 18:45:49,145 [shard 2] compaction - [Compact system_schema.keyspaces 5a500c91-7150-11eb-81d1-000000000003] Compacting [/var/lib/scylla/data/system_schema/keyspaces-abac5682dea631c5b535b3d6cffd0fb6/md-1150-big-Data.db:level=0, /var/lib/scylla/data/system_schema/keyspaces-abac5682dea631c5b535b3d6cffd0fb6/md-1154-big-Data.db:level=0, /var/lib/scylla/data/system_schema/keyspaces-abac5682dea631c5b535b3d6cffd0fb6/md-1146-big-Data.db:level=0, ]
2021-02-17T18:45:49.146643924Z  INFO  2021-02-17 18:45:49,146 [shard 2] compaction - [Compact system_schema.tables 5a5033a0-7150-11eb-81d1-000000000003] Compacting [/var/lib/scylla/data/system_schema/tables-afddfb9dbc1e30688056eed6c302ba09/md-1046-big-Data.db:level=0, /var/lib/scylla/data/system_schema/tables-afddfb9dbc1e30688056eed6c302ba09/md-1050-big-Data.db:level=0, /var/lib/scylla/data/system_schema/tables-afddfb9dbc1e30688056eed6c302ba09/md-1042-big-Data.db:level=0, ]
2021-02-17T18:45:49.256556702Z  INFO  2021-02-17 18:45:49,255 [shard 3] compaction - [Compact system_schema.indexes 5a60d570-7150-11eb-92c1-000000000001] Compacting [/var/lib/scylla/data/system_schema/indexes-0feb57ac311f382fba6d9024d305702f/md-1211-big-Data.db:level=0, /var/lib/scylla/data/system_schema/indexes-0feb57ac311f382fba6d9024d305702f/md-1207-big-Data.db:level=0, /var/lib/scylla/data/system_schema/indexes-0feb57ac311f382fba6d9024d305702f/md-1203-big-Data.db:level=0, ]
2021-02-17T18:45:49.257581275Z  INFO  2021-02-17 18:45:49,257 [shard 3] compaction - [Compact system_schema.types 5a60fc80-7150-11eb-92c1-000000000001] Compacting [/var/lib/scylla/data/system_schema/types-5a8b1ca866023f77a0459273d308917a/md-355-big-Data.db:level=0, /var/lib/scylla/data/system_schema/types-5a8b1ca866023f77a0459273d308917a/md-351-big-Data.db:level=0, /var/lib/scylla/data/system_schema/types-5a8b1ca866023f77a0459273d308917a/md-347-big-Data.db:level=0, ]
2021-02-17T18:45:49.259261417Z  INFO  2021-02-17 18:45:49,258 [shard 3] compaction - [Compact system_schema.dropped_columns 5a614aa0-7150-11eb-92c1-000000000001] Compacting [/var/lib/scylla/data/system_schema/dropped_columns-5e7583b5f3f43af19a39b7e1d6f5f11f/md-1271-big-Data.db:level=0, /var/lib/scylla/data/system_schema/dropped_columns-5e7583b5f3f43af19a39b7e1d6f5f11f/md-1275-big-Data.db:level=0, /var/lib/scylla/data/system_schema/dropped_columns-5e7583b5f3f43af19a39b7e1d6f5f11f/md-1267-big-Data.db:level=0, ]
2021-02-17T18:45:49.260516391Z  INFO  2021-02-17 18:45:49,259 [shard 3] compaction - [Compact system_schema.tables 5a6171b0-7150-11eb-92c1-000000000001] Compacting [/var/lib/scylla/data/system_schema/tables-afddfb9dbc1e30688056eed6c302ba09/md-1047-big-Data.db:level=0, /var/lib/scylla/data/system_schema/tables-afddfb9dbc1e30688056eed6c302ba09/md-1051-big-Data.db:level=0, /var/lib/scylla/data/system_schema/tables-afddfb9dbc1e30688056eed6c302ba09/md-1043-big-Data.db:level=0, ]
2021-02-17T18:45:50.004038265Z  INFO  2021-02-17 18:45:50,003 [shard 0] compaction - [Compact system.cdc_local 57ac15b0-7150-11eb-b379-000000000000] Compacted 2 sstables to [/var/lib/scylla/data/system/cdc_local-0bcaffd40c833eadad13dc1d5015b77c/md-624-big-Data.db:level=0, ]. 10kB to 5kB (~51% of original) in 3654ms = 1kB/s. ~256 total partitions merged to 1.
2021-02-17T18:45:50.005073658Z  INFO  2021-02-17 18:45:50,004 [shard 0] compaction - [Compact system.truncated 57ac3cc0-7150-11eb-b379-000000000000] Compacted 3 sstables to [/var/lib/scylla/data/system/truncated-38c19fd0fb863310a4b70d0cc66628aa/md-3472-big-Data.db:level=0, ]. 158kB to 76kB (~48% of original) in 3653ms = 21kB/s. ~384 total partitions merged to 2.
2021-02-17T18:45:50.005946611Z  INFO  2021-02-17 18:45:50,004 [shard 0] compaction - [Compact system.compaction_history 57ac63d0-7150-11eb-b379-000000000000] Compacted 3 sstables to [/var/lib/scylla/data/system/compaction_history-b4dbb7b4dc493fb5b3bfce6e434832ca/md-520-big-Data.db:level=0, ]. 110kB to 99kB (~90% of original) in 3652ms = 27kB/s. ~384 total partitions merged to 59.
2021-02-17T18:45:50.055418709Z  INFO  2021-02-17 18:45:50,054 [shard 1] compaction - [Compact system.local 57ac3cc0-7150-11eb-8be1-000000000002] Compacted 2 sstables to [/var/lib/scylla/data/system/local-7ad54392bcdd35a684174e047860b377/md-6393-big-Data.db:level=0, ]. 18kB to 12kB (~64% of original) in 4099ms = 2kB/s. ~256 total partitions merged to 1.
2021-02-17T18:45:50.989102861Z  INFO  2021-02-17 18:45:50,988 [shard 1] compaction - [Compact system.local 5b6944c0-7150-11eb-8be1-000000000002] Compacting [/var/lib/scylla/data/system/local-7ad54392bcdd35a684174e047860b377/md-6397-big-Data.db:level=0, /var/lib/scylla/data/system/local-7ad54392bcdd35a684174e047860b377/md-6393-big-Data.db:level=0, ]
2021-02-17T18:45:51.760946794Z  INFO  2021-02-17 18:45:51,760 [shard 1] compaction - [Compact system.compaction_history 5a1db1f0-7150-11eb-8be1-000000000002] Compacted 3 sstables to [/var/lib/scylla/data/system/compaction_history-b4dbb7b4dc493fb5b3bfce6e434832ca/md-521-big-Data.db:level=0, ]. 282kB to 102kB (~36% of original) in 2173ms = 47kB/s. ~384 total partitions merged to 73.
2021-02-17T18:45:52.018200960Z  INFO  2021-02-17 18:45:52,017 [shard 2] compaction - [Compact system.truncated 57ad9c50-7150-11eb-81d1-000000000003] Compacted 3 sstables to [/var/lib/scylla/data/system/truncated-38c19fd0fb863310a4b70d0cc66628aa/md-3474-big-Data.db:level=0, ]. 167kB to 56kB (~33% of original) in 4419ms = 12kB/s. ~384 total partitions merged to 4.
2021-02-17T18:45:52.130677148Z  INFO  2021-02-17 18:45:52,130 [shard 2] compaction - [Compact system_schema.computed_columns 57adc360-7150-11eb-81d1-000000000003] Compacted 3 sstables to [/var/lib/scylla/data/system_schema/computed_columns-cc7c7069374033c192a4c3de78dbd2c4/md-1110-big-Data.db:level=0, ]. 15kB to 5kB (~35% of original) in 4419ms = 1kB/s. ~384 total partitions merged to 1.
2021-02-17T18:45:52.131159545Z  INFO  2021-02-17 18:45:52,130 [shard 2] compaction - [Compact system_schema.scylla_tables 57adc363-7150-11eb-81d1-000000000003] Compacted 3 sstables to [/var/lib/scylla/data/system_schema/scylla_tables-5d912ff1f7593665b2c88042ab5103dd/md-1026-big-Data.db:level=0, ]. 17kB to 6kB (~35% of original) in 4419ms = 1kB/s. ~384 total partitions merged to 1.
2021-02-17T18:45:52.131186821Z  INFO  2021-02-17 18:45:52,130 [shard 2] compaction - [Compact system.compaction_history 57adea70-7150-11eb-81d1-000000000003] Compacted 3 sstables to [/var/lib/scylla/data/system/compaction_history-b4dbb7b4dc493fb5b3bfce6e434832ca/md-522-big-Data.db:level=0, ]. 108kB to 98kB (~90% of original) in 4419ms = 22kB/s. ~384 total partitions merged to 55.
2021-02-17T18:45:52.131373829Z  INFO  2021-02-17 18:45:52,130 [shard 2] compaction - [Compact system_schema.columns 57adc362-7150-11eb-81d1-000000000003] Compacted 3 sstables to [/var/lib/scylla/data/system_schema/columns-24101c25a2ae3af787c1b40ee1aca33f/md-1250-big-Data.db:level=0, ]. 78kB to 61kB (~78% of original) in 4419ms = 13kB/s. ~384 total partitions merged to 2.
2021-02-17T18:45:53.034443308Z  INFO  2021-02-17 18:45:53,033 [shard 3] compaction - [Compact system_schema.computed_columns 57ac3cc1-7150-11eb-92c1-000000000001] Compacted 3 sstables to [/var/lib/scylla/data/system_schema/computed_columns-cc7c7069374033c192a4c3de78dbd2c4/md-1111-big-Data.db:level=0, ]. 22kB to 12kB (~55% of original) in 4539ms = 2kB/s. ~384 total partitions merged to 2.
2021-02-17T18:45:53.035681386Z  INFO  2021-02-17 18:45:53,035 [shard 3] compaction - [Compact system_schema.scylla_tables 57ac63d1-7150-11eb-92c1-000000000001] Compacted 2 sstables to [/var/lib/scylla/data/system_schema/scylla_tables-5d912ff1f7593665b2c88042ab5103dd/md-1027-big-Data.db:level=0, ]. 12kB to 6kB (~51% of original) in 4539ms = 1kB/s. ~256 total partitions merged to 1.
2021-02-17T18:45:53.035709795Z  INFO  2021-02-17 18:45:53,035 [shard 3] compaction - [Compact system_schema.functions 57ac3cc2-7150-11eb-92c1-000000000001] Compacted 3 sstables to [/var/lib/scylla/data/system_schema/functions-96489b7980be3e14a70166a0b9159450/md-367-big-Data.db:level=0, ]. 16kB to 5kB (~35% of original) in 4540ms = 1kB/s. ~384 total partitions merged to 1.
2021-02-17T18:45:53.036975193Z  INFO  2021-02-17 18:45:53,036 [shard 3] compaction - [Compact system.truncated 57ac3cc0-7150-11eb-92c1-000000000001] Compacted 3 sstables to [/var/lib/scylla/data/system/truncated-38c19fd0fb863310a4b70d0cc66628aa/md-3475-big-Data.db:level=0, ]. 188kB to 63kB (~33% of original) in 4542ms = 13kB/s. ~384 total partitions merged to 2.
2021-02-17T18:45:53.037267544Z  INFO  2021-02-17 18:45:53,036 [shard 3] compaction - [Compact dt.source_data 57ac15b0-7150-11eb-92c1-000000000001] Compacted 3 sstables to [/var/lib/scylla/data/dt/source_data-6af6cd50d77b11ea9877000000000001/md-1203-big-Data.db:level=0, ]. 429kB to 350kB (~81% of original) in 4540ms = 77kB/s. ~384 total partitions merged to 1.
2021-02-17T18:45:53.037539059Z  INFO  2021-02-17 18:45:53,037 [shard 3] compaction - [Compact system.compaction_history 57ac63d2-7150-11eb-92c1-000000000001] Compacted 2 sstables to [/var/lib/scylla/data/system/compaction_history-b4dbb7b4dc493fb5b3bfce6e434832ca/md-523-big-Data.db:level=0, ]. 163kB to 97kB (~59% of original) in 4541ms = 21kB/s. ~256 total partitions merged to 50.
2021-02-17T18:45:53.037559941Z  INFO  2021-02-17 18:45:53,037 [shard 3] compaction - [Compact system_schema.columns 57ac63d0-7150-11eb-92c1-000000000001] Compacted 3 sstables to [/var/lib/scylla/data/system_schema/columns-24101c25a2ae3af787c1b40ee1aca33f/md-1251-big-Data.db:level=0, ]. 77kB to 58kB (~75% of original) in 4542ms = 12kB/s. ~384 total partitions merged to 4.
2021-02-17T18:45:53.093958914Z  INFO  2021-02-17 18:45:53,093 [shard 1] compaction - [Compact system.local 5b6944c0-7150-11eb-8be1-000000000002] Compacted 2 sstables to [/var/lib/scylla/data/system/local-7ad54392bcdd35a684174e047860b377/md-6401-big-Data.db:level=0, ]. 18kB to 12kB (~66% of original) in 1658ms = 7kB/s. ~256 total partitions merged to 1.
2021-02-17T18:45:53.307073224Z  INFO  2021-02-17 18:45:53,306 [shard 2] compaction - [Compact system_schema.indexes 5ccaf7a0-7150-11eb-81d1-000000000003] Compacting [/var/lib/scylla/data/system_schema/indexes-0feb57ac311f382fba6d9024d305702f/md-1210-big-Data.db:level=0, /var/lib/scylla/data/system_schema/indexes-0feb57ac311f382fba6d9024d305702f/md-1202-big-Data.db:level=0, /var/lib/scylla/data/system_schema/indexes-0feb57ac311f382fba6d9024d305702f/md-1206-big-Data.db:level=0, ]
2021-02-17T18:45:55.162859282Z  INFO  2021-02-17 18:45:55,161 [shard 2] compaction - [Compact system_schema.keyspaces 5a500c91-7150-11eb-81d1-000000000003] Compacted 3 sstables to [/var/lib/scylla/data/system_schema/keyspaces-abac5682dea631c5b535b3d6cffd0fb6/md-1158-big-Data.db:level=0, ]. 67kB to 56kB (~84% of original) in 4161ms = 13kB/s. ~384 total partitions merged to 2.
2021-02-17T18:45:55.162943988Z  INFO  2021-02-17 18:45:55,161 [shard 2] compaction - [Compact system_schema.views 5a500c90-7150-11eb-81d1-000000000003] Compacted 3 sstables to [/var/lib/scylla/data/system_schema/views-9786ac1cdd583201a7cdad556410c985/md-946-big-Data.db:level=0, ]. 20kB to 7kB (~35% of original) in 4161ms = 1kB/s. ~384 total partitions merged to 1.
2021-02-17T18:45:55.164870277Z  INFO  2021-02-17 18:45:55,164 [shard 2] compaction - [Compact system_schema.tables 5a5033a0-7150-11eb-81d1-000000000003] Compacted 3 sstables to [/var/lib/scylla/data/system_schema/tables-afddfb9dbc1e30688056eed6c302ba09/md-1054-big-Data.db:level=0, ]. 75kB to 59kB (~79% of original) in 4161ms = 14kB/s. ~384 total partitions merged to 2.
2021-02-17T18:45:55.290265494Z  INFO  2021-02-17 18:45:55,289 [shard 3] compaction - [Compact system_schema.triggers 5df98c90-7150-11eb-92c1-000000000001] Compacting [/var/lib/scylla/data/system_schema/triggers-4df70b666b05325195a132b54005fd48/md-347-big-Data.db:level=0, /var/lib/scylla/data/system_schema/triggers-4df70b666b05325195a132b54005fd48/md-339-big-Data.db:level=0, /var/lib/scylla/data/system_schema/triggers-4df70b666b05325195a132b54005fd48/md-343-big-Data.db:level=0, ]
2021-02-17T18:45:55.291186997Z  INFO  2021-02-17 18:45:55,290 [shard 3] compaction - [Compact system_schema.view_virtual_columns 5df9b3a0-7150-11eb-92c1-000000000001] Compacting [/var/lib/scylla/data/system_schema/view_virtual_columns-08843b6345dc3be29798a0418295cfaa/md-1203-big-Data.db:level=0, /var/lib/scylla/data/system_schema/view_virtual_columns-08843b6345dc3be29798a0418295cfaa/md-1207-big-Data.db:level=0, /var/lib/scylla/data/system_schema/view_virtual_columns-08843b6345dc3be29798a0418295cfaa/md-1199-big-Data.db:level=0, ]
2021-02-17T18:45:55.793941943Z  INFO  2021-02-17 18:45:55,793 [shard 2] compaction - [Compact system_schema.functions 5e467410-7150-11eb-81d1-000000000003] Compacting [/var/lib/scylla/data/system_schema/functions-96489b7980be3e14a70166a0b9159450/md-362-big-Data.db:level=0, /var/lib/scylla/data/system_schema/functions-96489b7980be3e14a70166a0b9159450/md-358-big-Data.db:level=0, /var/lib/scylla/data/system_schema/functions-96489b7980be3e14a70166a0b9159450/md-354-big-Data.db:level=0, ]
2021-02-17T18:45:56.253288190Z  INFO  2021-02-17 18:45:56,252 [shard 2] compaction - [Compact system_schema.indexes 5ccaf7a0-7150-11eb-81d1-000000000003] Compacted 3 sstables to [/var/lib/scylla/data/system_schema/indexes-0feb57ac311f382fba6d9024d305702f/md-1214-big-Data.db:level=0, ]. 16kB to 5kB (~35% of original) in 2487ms = 2kB/s. ~384 total partitions merged to 1.
2021-02-17T18:45:56.320479434Z  INFO  2021-02-17 18:45:56,320 [shard 3] compaction - [Compact system_schema.indexes 5a60d570-7150-11eb-92c1-000000000001] Compacted 3 sstables to [/var/lib/scylla/data/system_schema/indexes-0feb57ac311f382fba6d9024d305702f/md-1215-big-Data.db:level=0, ]. 23kB to 12kB (~54% of original) in 6033ms = 2kB/s. ~384 total partitions merged to 2.
2021-02-17T18:45:56.322524815Z  INFO  2021-02-17 18:45:56,321 [shard 3] compaction - [Compact system_schema.types 5a60fc80-7150-11eb-92c1-000000000001] Compacted 3 sstables to [/var/lib/scylla/data/system_schema/types-5a8b1ca866023f77a0459273d308917a/md-359-big-Data.db:level=0, ]. 16kB to 5kB (~35% of original) in 6032ms = 951 bytes/s. ~384 total partitions merged to 1.
2021-02-17T18:45:56.322552262Z  INFO  2021-02-17 18:45:56,322 [shard 3] compaction - [Compact system_schema.tables 5a6171b0-7150-11eb-92c1-000000000001] Compacted 3 sstables to [/var/lib/scylla/data/system_schema/tables-afddfb9dbc1e30688056eed6c302ba09/md-1055-big-Data.db:level=0, ]. 74kB to 56kB (~75% of original) in 6030ms = 9kB/s. ~384 total partitions merged to 4.
2021-02-17T18:45:56.322564036Z  INFO  2021-02-17 18:45:56,322 [shard 3] compaction - [Compact system_schema.dropped_columns 5a614aa0-7150-11eb-92c1-000000000001] Compacted 3 sstables to [/var/lib/scylla/data/system_schema/dropped_columns-5e7583b5f3f43af19a39b7e1d6f5f11f/md-1279-big-Data.db:level=0, ]. 16kB to 5kB (~35% of original) in 6032ms = 950 bytes/s. ~384 total partitions merged to 1.
2021-02-17T18:45:56.821923881Z  INFO  2021-02-17 18:45:56,821 [shard 2] compaction - [Compact system_schema.types 5ee35050-7150-11eb-81d1-000000000003] Compacting [/var/lib/scylla/data/system_schema/types-5a8b1ca866023f77a0459273d308917a/md-354-big-Data.db:level=0, /var/lib/scylla/data/system_schema/types-5a8b1ca866023f77a0459273d308917a/md-350-big-Data.db:level=0, /var/lib/scylla/data/system_schema/types-5a8b1ca866023f77a0459273d308917a/md-346-big-Data.db:level=0, ]
2021-02-17T18:45:57.357614560Z  INFO  2021-02-17 18:45:57,357 [shard 3] compaction - [Compact system_schema.aggregates 5f3519d0-7150-11eb-92c1-000000000001] Compacting [/var/lib/scylla/data/system_schema/aggregates-924c55872e3a345bb10c12f37c1ba895/md-335-big-Data.db:level=0, /var/lib/scylla/data/system_schema/aggregates-924c55872e3a345bb10c12f37c1ba895/md-331-big-Data.db:level=0, /var/lib/scylla/data/system_schema/aggregates-924c55872e3a345bb10c12f37c1ba895/md-327-big-Data.db:level=0, ]
2021-02-17T18:45:57.358311158Z  INFO  2021-02-17 18:45:57,357 [shard 3] compaction - [Compact system_schema.views 5f3519d1-7150-11eb-92c1-000000000001] Compacting [/var/lib/scylla/data/system_schema/views-9786ac1cdd583201a7cdad556410c985/md-943-big-Data.db:level=0, /var/lib/scylla/data/system_schema/views-9786ac1cdd583201a7cdad556410c985/md-935-big-Data.db:level=0, ]
2021-02-17T18:45:57.493752832Z  INFO  2021-02-17 18:45:57,493 [shard 2] compaction - [Compact system_schema.functions 5e467410-7150-11eb-81d1-000000000003] Compacted 3 sstables to [/var/lib/scylla/data/system_schema/functions-96489b7980be3e14a70166a0b9159450/md-366-big-Data.db:level=0, ]. 16kB to 5kB (~35% of original) in 1028ms = 5kB/s. ~384 total partitions merged to 1.
2021-02-17T18:45:58.001938104Z  INFO  2021-02-17 18:45:58,001 [shard 3] compaction - [Compact system_schema.triggers 5df98c90-7150-11eb-92c1-000000000001] Compacted 3 sstables to [/var/lib/scylla/data/system_schema/triggers-4df70b666b05325195a132b54005fd48/md-351-big-Data.db:level=0, ]. 16kB to 5kB (~35% of original) in 2067ms = 2kB/s. ~384 total partitions merged to 1.
2021-02-17T18:45:58.003464731Z  INFO  2021-02-17 18:45:58,002 [shard 3] compaction - [Compact system_schema.view_virtual_columns 5df9b3a0-7150-11eb-92c1-000000000001] Compacted 3 sstables to [/var/lib/scylla/data/system_schema/view_virtual_columns-08843b6345dc3be29798a0418295cfaa/md-1211-big-Data.db:level=0, ]. 23kB to 12kB (~54% of original) in 2067ms = 6kB/s. ~384 total partitions merged to 2.
2021-02-17T18:45:58.029249050Z  INFO  2021-02-17 18:45:58,028 [shard 2] compaction - [Compact system_schema.triggers 5f9b7cc0-7150-11eb-81d1-000000000003] Compacting [/var/lib/scylla/data/system_schema/triggers-4df70b666b05325195a132b54005fd48/md-346-big-Data.db:level=0, /var/lib/scylla/data/system_schema/triggers-4df70b666b05325195a132b54005fd48/md-342-big-Data.db:level=0, /var/lib/scylla/data/system_schema/triggers-4df70b666b05325195a132b54005fd48/md-338-big-Data.db:level=0, ]
2021-02-17T18:45:58.459384478Z  INFO  2021-02-17 18:45:58,458 [shard 2] compaction - [Compact system_schema.types 5ee35050-7150-11eb-81d1-000000000003] Compacted 3 sstables to [/var/lib/scylla/data/system_schema/types-5a8b1ca866023f77a0459273d308917a/md-358-big-Data.db:level=0, ]. 16kB to 5kB (~35% of original) in 1206ms = 4kB/s. ~384 total partitions merged to 1.
2021-02-17T18:45:58.591146218Z  INFO  2021-02-17 18:45:58,590 [shard 3] compaction - [Compact system_schema.keyspaces 5ff13de0-7150-11eb-92c1-000000000001] Compacting [/var/lib/scylla/data/system_schema/keyspaces-abac5682dea631c5b535b3d6cffd0fb6/md-1155-big-Data.db:level=0, /var/lib/scylla/data/system_schema/keyspaces-abac5682dea631c5b535b3d6cffd0fb6/md-1147-big-Data.db:level=0, ]
2021-02-17T18:45:58.861819534Z  INFO  2021-02-17 18:45:58,859 [shard 2] compaction - [Compact system_schema.dropped_columns 601a49b0-7150-11eb-81d1-000000000003] Compacting [/var/lib/scylla/data/system_schema/dropped_columns-5e7583b5f3f43af19a39b7e1d6f5f11f/md-1274-big-Data.db:level=0, /var/lib/scylla/data/system_schema/dropped_columns-5e7583b5f3f43af19a39b7e1d6f5f11f/md-1266-big-Data.db:level=0, /var/lib/scylla/data/system_schema/dropped_columns-5e7583b5f3f43af19a39b7e1d6f5f11f/md-1270-big-Data.db:level=0, ]
2021-02-17T18:45:59.140215519Z  INFO  2021-02-17 18:45:59,139 [shard 3] compaction - [Compact system_schema.aggregates 5f3519d0-7150-11eb-92c1-000000000001] Compacted 3 sstables to [/var/lib/scylla/data/system_schema/aggregates-924c55872e3a345bb10c12f37c1ba895/md-339-big-Data.db:level=0, ]. 16kB to 5kB (~35% of original) in 1233ms = 4kB/s. ~384 total partitions merged to 1.
2021-02-17T18:45:59.140271137Z  INFO  2021-02-17 18:45:59,139 [shard 3] compaction - [Compact system_schema.views 5f3519d1-7150-11eb-92c1-000000000001] Compacted 2 sstables to [/var/lib/scylla/data/system_schema/views-9786ac1cdd583201a7cdad556410c985/md-947-big-Data.db:level=0, ]. 20kB to 14kB (~68% of original) in 1232ms = 11kB/s. ~256 total partitions merged to 2.
2021-02-17T18:45:59.286000421Z  INFO  2021-02-17 18:45:59,285 [shard 2] compaction - [Compact system_schema.triggers 5f9b7cc0-7150-11eb-81d1-000000000003] Compacted 3 sstables to [/var/lib/scylla/data/system_schema/triggers-4df70b666b05325195a132b54005fd48/md-350-big-Data.db:level=0, ]. 16kB to 5kB (~35% of original) in 831ms = 6kB/s. ~384 total partitions merged to 1.
2021-02-17T18:45:59.764281011Z  INFO  2021-02-17 18:45:59,763 [shard 2] compaction - [Compact system_schema.view_virtual_columns 60a43a30-7150-11eb-81d1-000000000003] Compacting [/var/lib/scylla/data/system_schema/view_virtual_columns-08843b6345dc3be29798a0418295cfaa/md-1206-big-Data.db:level=0, /var/lib/scylla/data/system_schema/view_virtual_columns-08843b6345dc3be29798a0418295cfaa/md-1202-big-Data.db:level=0, /var/lib/scylla/data/system_schema/view_virtual_columns-08843b6345dc3be29798a0418295cfaa/md-1198-big-Data.db:level=0, ]
2021-02-17T18:45:59.882864356Z  INFO  2021-02-17 18:45:59,882 [shard 3] compaction - [Compact system_schema.keyspaces 5ff13de0-7150-11eb-92c1-000000000001] Compacted 2 sstables to [/var/lib/scylla/data/system_schema/keyspaces-abac5682dea631c5b535b3d6cffd0fb6/md-1159-big-Data.db:level=0, ]. 56kB to 51kB (~90% of original) in 1044ms = 49kB/s. ~256 total partitions merged to 4.
2021-02-17T18:46:00.085181859Z  INFO  2021-02-17 18:46:00,084 [shard 2] compaction - [Compact system_schema.dropped_columns 601a49b0-7150-11eb-81d1-000000000003] Compacted 3 sstables to [/var/lib/scylla/data/system_schema/dropped_columns-5e7583b5f3f43af19a39b7e1d6f5f11f/md-1278-big-Data.db:level=0, ]. 15kB to 5kB (~35% of original) in 904ms = 6kB/s. ~384 total partitions merged to 1.
2021-02-17T18:46:00.384972069Z  INFO  2021-02-17 18:46:00,384 [shard 2] compaction - [Compact system_schema.aggregates 6102fc00-7150-11eb-81d1-000000000003] Compacting [/var/lib/scylla/data/system_schema/aggregates-924c55872e3a345bb10c12f37c1ba895/md-334-big-Data.db:level=0, /var/lib/scylla/data/system_schema/aggregates-924c55872e3a345bb10c12f37c1ba895/md-326-big-Data.db:level=0, /var/lib/scylla/data/system_schema/aggregates-924c55872e3a345bb10c12f37c1ba895/md-330-big-Data.db:level=0, ]
2021-02-17T18:46:00.669734008Z  INFO  2021-02-17 18:46:00,669 [shard 2] compaction - [Compact system_schema.view_virtual_columns 60a43a30-7150-11eb-81d1-000000000003] Compacted 3 sstables to [/var/lib/scylla/data/system_schema/view_virtual_columns-08843b6345dc3be29798a0418295cfaa/md-1210-big-Data.db:level=0, ]. 16kB to 5kB (~35% of original) in 621ms = 9kB/s. ~384 total partitions merged to 1.
2021-02-17T18:46:01.090553035Z  INFO  2021-02-17 18:46:01,090 [shard 2] compaction - [Compact system_schema.aggregates 6102fc00-7150-11eb-81d1-000000000003] Compacted 3 sstables to [/var/lib/scylla/data/system_schema/aggregates-924c55872e3a345bb10c12f37c1ba895/md-338-big-Data.db:level=0, ]. 16kB to 5kB (~35% of original) in 581ms = 10kB/s. ~384 total partitions merged to 1.
2021-02-17T18:46:02.062300268Z  INFO  2021-02-17 18:46:02,061 [shard 0] gossip - No gossip backlog; proceeding
2021-02-17T18:46:02.064926803Z  INFO  2021-02-17 18:46:02,064 [shard 0] features - Feature CDC is enabled
2021-02-17T18:46:02.064971173Z  INFO  2021-02-17 18:46:02,064 [shard 0] features - Feature COMPUTED_COLUMNS is enabled
2021-02-17T18:46:02.064991446Z  INFO  2021-02-17 18:46:02,064 [shard 0] features - Feature CORRECT_STATIC_COMPACT_IN_MC is enabled
2021-02-17T18:46:02.065039870Z  INFO  2021-02-17 18:46:02,064 [shard 0] features - Feature DIGEST_FOR_NULL_VALUES is enabled
2021-02-17T18:46:02.065060138Z  INFO  2021-02-17 18:46:02,064 [shard 0] features - Feature DIGEST_INSENSITIVE_TO_EXPIRY is enabled
2021-02-17T18:46:02.065293815Z  INFO  2021-02-17 18:46:02,064 [shard 0] features - Feature HINTED_HANDOFF_SEPARATE_CONNECTION is enabled
2021-02-17T18:46:02.065327402Z  INFO  2021-02-17 18:46:02,064 [shard 0] features - Feature LWT is enabled
2021-02-17T18:46:02.065346199Z  INFO  2021-02-17 18:46:02,064 [shard 0] features - Feature MC_SSTABLE_FORMAT is enabled
2021-02-17T18:46:02.065364336Z  INFO  2021-02-17 18:46:02,064 [shard 0] features - Feature MD_SSTABLE_FORMAT is enabled
2021-02-17T18:46:02.065382119Z  INFO  2021-02-17 18:46:02,064 [shard 0] features - Feature NONFROZEN_UDTS is enabled
2021-02-17T18:46:02.065399933Z  INFO  2021-02-17 18:46:02,064 [shard 0] features - Feature PER_TABLE_CACHING is enabled
2021-02-17T18:46:02.065418067Z  INFO  2021-02-17 18:46:02,064 [shard 0] features - Feature PER_TABLE_PARTITIONERS is enabled
2021-02-17T18:46:02.065435787Z  INFO  2021-02-17 18:46:02,064 [shard 0] features - Feature ROW_LEVEL_REPAIR is enabled
2021-02-17T18:46:02.065453853Z  INFO  2021-02-17 18:46:02,064 [shard 0] features - Feature TRUNCATION_TABLE is enabled
2021-02-17T18:46:02.065471804Z  INFO  2021-02-17 18:46:02,064 [shard 0] features - Feature UNBOUNDED_RANGE_TOMBSTONES is enabled
2021-02-17T18:46:02.065489704Z  INFO  2021-02-17 18:46:02,064 [shard 0] features - Feature VIEW_VIRTUAL_COLUMNS is enabled
2021-02-17T18:46:02.066983665Z  INFO  2021-02-17 18:46:02,066 [shard 0] init - starting system distributed keyspace
2021-02-17T18:46:02.071716493Z  INFO  2021-02-17 18:46:02,070 [shard 0] storage_service - Using saved tokens {9122882257136270100, 9066588519930559993, 9061580907506437136, 8775859223532977932, 943448605036726745, 8325613099551670589, 800062458669145892, 7880345233810794046, 784130423392421222, 782580883702972777, 778239093056833917, 7732629563319678675, 7564694057214588647, 747840302865059114, 7469085752185829039, 7255484784972643852, 7222389702734437292, 7172238068082229918, 7103497347382660592, 6818717460470417221, 6496091893897576732, 6420907855788431922, 6381418245203458391, 6358173612251239308, 6115776390551923703, 5935809959838255935, 588034934972968299, 5848278814186320030, 5834675951458569055, 5704999654143823990, 5661405961885371428, 5569071124009844993, 7804258889026263620, 5441044328235651423, 5396954320704971060, 5311755414232655734, 5256736089695841171, 525652295242460822, 6302443190184390149, 5150907166433009570, 5102381975608989830, 4540975434217357056, 4497639963855891379, 4461207940793579131, 4453520694484038438, 4445989245037378795, 4262233236239091105, 408961909545308462, 873311388414975666, 5104799485589097680, 4037379789709069307, 3979649323160207298, 3941245744356891698, 3909145942678699742, 6478032244021912394, 3907413558358164712, 3840184102447470012, 5103660925946342563, 3822141065635310082, 667581605220131528, 3606629961194077343, 352278596429886466, 3361838207769500988, 3145063885579200582, 3100842289958262644, 2870638580126821409, 2609254198811139442, 2531294222158762011, 2431756818088451524, 5341717901052361821, 2050968450175517454, 1911454556365012923, 8413544620893079714, 214428871588027420, 1470306277250886071, 5796254206948921528, 4378909036113166689, 1172299952227812636, 105268539462240253, -1614584707908969492, 3058186759042775792, -2685359252619347507, -7341700934491837716, -4368295386640868227, -4280461110562472301, -4203952547861361192, -4177024142024341044, 4083460330442256183, -4113405879925637368, 8707696313600310498, -3880555618453256762, -4106310081010891923, -3428624778218969630, -4007868363884276055, 3373616921334842984, -3942245253345029362, 285540986842976874, -3729138346528579520, 855031166620283245, -3256341547923989103, 284028081363756156, 194223785007163967, -2800260328053956713, -2700796200994103492, -4623422606623793434, -6767019288334108993, -2365586676906010085, -431455211546220291, -3014142033706378490, 5153854518462400651, -7767361191227918078, 5890706123786165213, -8855822008500182327, -2732234699235264563, -4475005699924690030, -1171738939209168407, -1084614158625469139, -1295419475388780424, -4193553788022177878, -1474028219808469861, -1593748153114868683, -7190282066974323895, 8777890816944145805, -105211415949921556, 8280511155447462154, 3014475854062098037, -6104126434670973331, 7743526815996532326, -2879534723161185431, 6933997554702494562, -7913213531410876291, -2605645373691895986, -1004253484774030395, -2187125227394891465, 3287699046743316011, -184157634332906914, 1251119865371637993, -2699231837109027988, -6586482614645135705, 700944770677405149, -2135119982021577211, -1207620414022812792, -2319706609635128471, -2076430708060394350, 6788034976878782500, 3022913469242457337, 2879924223908633556, -5656441245782528349, -9132047842757487932, 7772390126184307669, -8529251962487546573, -1032698423218536378, -2648919406212884980, 3556932048290112968, -2391018463907211455, -467985751191813914, 7354219953741161264, -6338043935148530859, -471701403720839764, -4415280594152455372, -6127879535600466936, -4735496583611878200, 156312151312654313, -1761718599052329021, -4770694758141334815, -4895652206680369668, -2166731983266837511, -5095673126210616552, 6974970471767945112, 3924960423780627192, -4134923634748466107, -1363472444035739717, -511676141100664160, 2542018259596577135, -7111183380354176443, -8372022353883945178, 790424663468033093, -3280527161887251879, -3164480873853500968, -5136236598692180863, -5140544052953576706, 6448269612184381105, -4601858807243735115, -5285270377043925775, 4738411181964629022, -4231054370802445643, -6853270293933441203, 1912522665107890116, -8612347190400988175, -5228242602708342126, -5246840897237646542, 8957018461898327244, 8476533345381470087, 3533570692245755170, -5360532551957069796, 7009081579420542256, -1970747149103226319, -2640475812391264528, -5411685484465544274, -5508289632699420366, 5906838239532612246, -5526097868254533829, 5122450296475986719, 2104079815049743807, -4872163430844150374, -3101294897153501639, -4925670906471950289, -8001902308657073600, 1033733984444816800, -5595342098352848506, 4660022660859336370, -1709100826419756065, -8485257529464526975, -7405825010257289618, -572473923349256348, 533209426647054698, -6810383749951706976, -6017078328443447975, 2233495137371904435, 1688077838521597411, -6093280019772326743, 8813999419995718088, -6238625478980828395, -3409621329811667263, -6249520955674807415, -7148146405116016542, -6263078841153087564, 8675978575875245837, 1574734081023094222, -8953406550820932827, -1208769590907790735, -6303682351633097607, 1535311813904826318, -8024675672634848221, -8495384334141326469, -9173155356561330710, -6648258355715071793, -6779834804380741154, 5017042126534426855, -6985294397658573838, -6199824488038647909, -6441145814158460549, -7232953798633244985, -8352632933072691056, -4829128129506020031, -9210810031089136649, -7512330892235471280, -1522914538603683793, -769344519844763244, -4541237399207364623, -8694753427154041557, 8382283044476755854, -889434854029329118, 5401470720317959250, -8549013321787275289, 1018091569669202328}
2021-02-17T18:46:02.085292407Z  INFO  2021-02-17 18:46:02,084 [shard 0] schema_tables - Schema version changed to d9780978-f87c-366c-a0f5-6b1d524f8488
2021-02-17T18:46:02.104542817Z  INFO  2021-02-17 18:46:02,104 [shard 0] schema_tables - Schema version changed to b18bbcde-6606-3379-a1a5-68b0b0524d81
2021-02-17T18:46:02.119636008Z  INFO  2021-02-17 18:46:02,119 [shard 0] schema_tables - Schema version changed to b18bbcde-6606-3379-a1a5-68b0b0524d81
2021-02-17T18:46:02.134044826Z  INFO  2021-02-17 18:46:02,133 [shard 0] schema_tables - Schema version changed to b18bbcde-6606-3379-a1a5-68b0b0524d81
2021-02-17T18:46:02.444705622Z  INFO  2021-02-17 18:46:02,443 [shard 0] compaction - [Compact system.cdc_local 623d29b0-7150-11eb-b379-000000000000] Compacting [/var/lib/scylla/data/system/cdc_local-0bcaffd40c833eadad13dc1d5015b77c/md-628-big-Data.db:level=0, /var/lib/scylla/data/system/cdc_local-0bcaffd40c833eadad13dc1d5015b77c/md-624-big-Data.db:level=0, ]
2021-02-17T18:46:02.930060124Z  INFO  2021-02-17 18:46:02,929 [shard 1] compaction - [Compact system.local 62875210-7150-11eb-8be1-000000000002] Compacting [/var/lib/scylla/data/system/local-7ad54392bcdd35a684174e047860b377/md-6405-big-Data.db:level=0, /var/lib/scylla/data/system/local-7ad54392bcdd35a684174e047860b377/md-6401-big-Data.db:level=0, ]
2021-02-17T18:46:02.932562907Z  INFO  2021-02-17 18:46:02,932 [shard 0] storage_service - Node 10.0.11.10 state jump to normal
2021-02-17T18:46:03.215367018Z  INFO  2021-02-17 18:46:03,214 [shard 0] compaction - [Compact system.cdc_local 623d29b0-7150-11eb-b379-000000000000] Compacted 2 sstables to [/var/lib/scylla/data/system/cdc_local-0bcaffd40c833eadad13dc1d5015b77c/md-632-big-Data.db:level=0, ]. 10kB to 5kB (~51% of original) in 514ms = 10kB/s. ~256 total partitions merged to 1.
2021-02-17T18:46:03.644152164Z  INFO  2021-02-17 18:46:03,643 [shard 0] storage_service - NORMAL: node is now in normal status
2021-02-17T18:46:03.644191389Z  INFO  2021-02-17 18:46:03,643 [shard 0] cdc - Latest generation seen during startup: 2021/01/13 14:33:24
2021-02-17T18:46:03.644756095Z  INFO  2021-02-17 18:46:03,644 [shard 0] init - starting tracing
2021-02-17T18:46:03.645319223Z  INFO  2021-02-17 18:46:03,645 [shard 0] init - SSTable data integrity checker is disabled.
2021-02-17T18:46:03.645340383Z  INFO  2021-02-17 18:46:03,645 [shard 0] init - starting auth service
2021-02-17T18:46:03.648318130Z  INFO  2021-02-17 18:46:03,647 [shard 0] init - starting batchlog manager
2021-02-17T18:46:03.648917463Z  INFO  2021-02-17 18:46:03,648 [shard 0] init - starting load meter
2021-02-17T18:46:03.648950548Z  INFO  2021-02-17 18:46:03,648 [shard 0] init - starting cf cache hit rate calculator
2021-02-17T18:46:03.649556773Z  INFO  2021-02-17 18:46:03,648 [shard 0] init - starting view update backlog broker
2021-02-17T18:46:03.650626830Z  INFO  2021-02-17 18:46:03,650 [shard 0] init - Waiting for gossip to settle before accepting client requests...
2021-02-17T18:46:03.759203175Z  INFO  2021-02-17 18:46:03,758 [shard 1] compaction - [Compact system.local 62875210-7150-11eb-8be1-000000000002] Compacted 2 sstables to [/var/lib/scylla/data/system/local-7ad54392bcdd35a684174e047860b377/md-6409-big-Data.db:level=0, ]. 18kB to 12kB (~66% of original) in 712ms = 17kB/s. ~256 total partitions merged to 1.
2021-02-17T18:46:15.651482814Z  INFO  2021-02-17 18:46:15,650 [shard 0] gossip - No gossip backlog; proceeding
2021-02-17T18:46:15.652844184Z  INFO  2021-02-17 18:46:15,652 [shard 0] init - allow replaying hints
2021-02-17T18:46:15.655860742Z  INFO  2021-02-17 18:46:15,652 [shard 0] init - Launching generate_mv_updates for non system tables
2021-02-17T18:46:15.655934483Z  INFO  2021-02-17 18:46:15,653 [shard 0] init - starting the view builder
2021-02-17T18:46:16.019518799Z  INFO  2021-02-17 18:46:16,018 [shard 0] compaction - [Compact system.truncated 6a548b20-7150-11eb-b379-000000000000] Compacting [/var/lib/scylla/data/system/truncated-38c19fd0fb863310a4b70d0cc66628aa/md-3476-big-Data.db:level=0, /var/lib/scylla/data/system/truncated-38c19fd0fb863310a4b70d0cc66628aa/md-3472-big-Data.db:level=0, ]
2021-02-17T18:46:16.019585729Z  INFO  2021-02-17 18:46:16,018 [shard 0] init - starting native transport
2021-02-17T18:46:16.021121681Z  INFO  2021-02-17 18:46:16,020 [shard 0] cql_server_controller - Starting listening for CQL clients on 10.0.11.10:9042 (unencrypted, non-shard-aware)
2021-02-17T18:46:16.021145233Z  INFO  2021-02-17 18:46:16,020 [shard 0] cql_server_controller - Starting listening for CQL clients on 10.0.11.10:19042 (unencrypted, shard-aware)
2021-02-17T18:46:16.023070194Z  INFO  2021-02-17 18:46:16,022 [shard 0] thrift_controller - Thrift server listening on 10.0.11.10:9160 ...
2021-02-17T18:46:16.024256554Z  INFO  2021-02-17 18:46:16,023 [shard 0] init - serving
2021-02-17T18:46:16.024297261Z  INFO  2021-02-17 18:46:16,023 [shard 0] init - Scylla version 4.3.0-0.20210110.000585522 initialization completed.
2021-02-17T18:46:16.500196614Z  INFO  2021-02-17 18:46:16,499 [shard 0] compaction - [Compact system.truncated 6a548b20-7150-11eb-b379-000000000000] Compacted 2 sstables to [/var/lib/scylla/data/system/truncated-38c19fd0fb863310a4b70d0cc66628aa/md-3480-big-Data.db:level=0, ]. 82kB to 76kB (~93% of original) in 382ms = 200kB/s. ~256 total partitions merged to 2.
2021-02-17T18:49:51.203178944Z  INFO  2021-02-17 18:49:51,202 [shard 1] compaction - [Compact system.clients ea970420-7150-11eb-8be1-000000000002] Compacting [/var/lib/scylla/data/system/clients-ca0f635d863036098d93a1fc06f2a5e5/md-133-big-Data.db:level=0, /var/lib/scylla/data/system/clients-ca0f635d863036098d93a1fc06f2a5e5/md-137-big-Data.db:level=0, ]
2021-02-17T18:49:51.717855457Z  INFO  2021-02-17 18:49:51,717 [shard 1] compaction - [Compact system.clients ea970420-7150-11eb-8be1-000000000002] Compacted 2 sstables to [/var/lib/scylla/data/system/clients-ca0f635d863036098d93a1fc06f2a5e5/md-141-big-Data.db:level=0, ]. 102kB to 5kB (~5% of original) in 406ms = 14kB/s. ~256 total partitions merged to 1.
2021-02-17T18:50:10.284585676Z  INFO  2021-02-17 18:50:10,283 [shard 1] compaction - [Compact system.clients f5f68bb0-7150-11eb-8be1-000000000002] Compacting [/var/lib/scylla/data/system/clients-ca0f635d863036098d93a1fc06f2a5e5/md-141-big-Data.db:level=0, /var/lib/scylla/data/system/clients-ca0f635d863036098d93a1fc06f2a5e5/md-145-big-Data.db:level=0, ]
2021-02-17T18:50:10.790423826Z  INFO  2021-02-17 18:50:10,789 [shard 1] compaction - [Compact system.clients f5f68bb0-7150-11eb-8be1-000000000002] Compacted 2 sstables to [/var/lib/scylla/data/system/clients-ca0f635d863036098d93a1fc06f2a5e5/md-149-big-Data.db:level=0, ]. 57kB to 5kB (~10% of original) in 404ms = 14kB/s. ~256 total partitions merged to 1.
