2020-12-02T21:28:27.154198532Z 0 X1if4tvDeunsgJ1WV3lZP3Ey70FuP4QqggfE6bxWD39zhNKLL2Ei2Xw5Ah90pW
2020-12-02T21:28:27.166494436Z 1 DMVZiC4iPpEiFcDDhTqOG9NPzKy8J5UbGtJv9hlGkGW0zdx4W9C98w8TZ7YRtI
2020-12-02T21:28:27.177659565Z 2 GJE3kwTEEoWiZIhM6FsZhlDRj5IhV5KRUbY0p77W2Xi0GXuFC4YAD7IxGG2z86
2020-12-02T21:28:27.189568636Z 3 pNyfz4imjsu4UcdHRR5kqr7iT83T6BrPTbRMMxnpSlLUVbSLXeY7164Z5Cqz8S
2020-12-02T21:28:27.201080088Z 4 QH9MCtSUI8xH7WMApN8Xe8dzG0L4BxewRILG01BpBj14N8pIqdEbfiHLOJb8Vs
2020-12-02T21:28:27.212378848Z 5 2jdk7GWKgUqN4ZQHObQvI83CX78eoQpv4lUS9J1KMYpIy1BslyF7IyieYa9MMR
2020-12-02T21:28:27.226910259Z 6 vvnuv1gE3JePlnTr2wMk52PidtVBQNJ02ECxBtcFyHnQO0VG8jDpTNyKtIbW5n
2020-12-02T21:28:27.238380436Z 7 ymR5tgoCY7D1xxwQbCfPCPdiNNwAkfnwFyRw8u9O6VnMKaD4E9tGHW65jUHsLR
2020-12-02T21:28:27.251741796Z 8 Twa9YR9CNICgsyu51nhz4hqH6QIHwPYp8VQQZrIs82qkK6VtOqFRZXRCDSqou3
2020-12-02T21:28:27.262259526Z 9 GNQCixeMhZDMsMWwIf3zikiibSb3knmwwKzj7UdX66C5NjCzxaLDgSr8gJ9bvp
2020-12-02T21:28:27.273319886Z 10 2vDMkyhjx1YPqWkvuOa0MrjojswBxhFdXINONfIn563PHzlyqgkapWmkb2Scq
2020-12-02T21:28:27.283843946Z 11 2AXRUfUExJqoXmG0i1NO12rUXyyQWb0tXh8Y0I45tcjR2DBbLsnmtmsOxLUvj
2020-12-02T21:28:27.295037931Z 12 P4AIpUBb62Pnl6nPUS2gAu0Z4kuWas6u458HCgvImZYdI34ONEKON4HEaBrc8
2020-12-02T21:28:27.306224899Z 13 XQSzWPQQDzomZjvrxJsSh56HffYuwtCInbHwts4QE74ZHMs3eGpeRyFRP459X
2020-12-02T21:28:27.317652430Z 14 B7AT5M0mVqJmvbKL1iNqI1u6oO17BuLfx0fAW7p7Wp4D3jEgLsOHIcVAa91rZ
2020-12-02T21:28:27.327792764Z 15 Owe8GdHAYE0yMnMl7COmXoW1XxDxHIgNK2igoPGoqNXSNRx1bZMojjQTzkYtd
2020-12-02T21:28:27.339216246Z 16 3rQ1vHQpSgHMdpRnokACkvQjDbaP4yNzY1DzZe7PR6YTMPQxmav1u9RUuT7Qz
2020-12-02T21:28:27.350112259Z 17 TDCPCUZXuwIWJVo1JQfKZ9hXfPevGf8niHa7sozdfPUAJLLcR9RPVAvAIVg7c
2020-12-02T21:28:27.362071594Z 18 b9HxRHV5QcmOr5CthAnXiowVW8yhOLJB3toSoixiViKuagADpLUClq3dVCm5k
2020-12-02T21:28:27.372991216Z 19 oDAOy3g2NgSGXkWWQZvU7fHQhmvBfFhsB3Wo7LC6GzMMTO8LVA0zFpLqOAAw2
2020-12-02T21:28:27.387733969Z 20 DHWAiu2oMtymwdb54cdvRJFdk5U9usn6B6q9Gq9lATHMmRxIFiOEjh3BOXOyL
2020-12-02T21:28:27.395513639Z 21 rdarAIutzSC4eUBVromMzNHyFgC95ae3FN08NVLFY4qyzC8gyQC7CJ8kwOhG3
2020-12-02T21:28:27.405969680Z 22 Uv5RZqBJu9F9Ao7jEWO6wi3BtONq09nPC97vdUnQLV9HaGN9hzu1CjU9XV4wC
2020-12-02T21:28:27.416945317Z 23 Rbrx6R3EYGoitVF9PkH2pTMJ7e7CFtSWoXJCQbBvnPdLSKCRaydRpJdZY29D5
2020-12-02T21:28:27.427924146Z 24 YTXJo7ffuQJNEM0yOxMO9SmsDPfegBRAJop8V78Xx7S7n0BYnEJzoJsd0kOXj
2020-12-02T21:28:27.439261114Z 25 SRLnRi7cFP6m8P7Y2HQWYgs1sCVCjrYeD8gQtXpBZfUfRf0Xllw6LrgeNnz8J
2020-12-02T21:28:27.450355808Z 26 8V338oOzDmhfAdnbWezq3KR0h6gxy5rO731D8MgAqoBP9eFW4somU7UdxL3jd
2020-12-02T21:28:27.461531104Z 27 SLEa1xH6dO5hFtq9v578wLXXv6lw0Xi4x7wheIZp2FjsFQMEVGhL7DG50tAom
2020-12-02T21:28:27.472953159Z 28 lXAKWFifvfak4kS7WPm5c6h8zojp85gqU0yRODU1yYDsQflteN4hxQskgpeXl
2020-12-02T21:28:27.486571020Z 29 EYLhzHmdzWUNtRMkzvJzFvm8wqcwxnBFTxckTmVnB33ZuxpqhuRghgBqS6NbX
2020-12-02T21:28:27.495218126Z 30 PaI9T4qZxBUqATn4FFABLaExW5TJ8QRGDVX14SnO3n3iWTvjskbky8EaP1lZG
2020-12-02T21:28:27.506080017Z 31 bnzmiN28M8FB6rcswqZMjq1l5QmO6M4Lf35RkTkxERgdq1k6t6U6eeK8uxS8J
2020-12-02T21:28:27.517409514Z 32 4EAg40UkbpgXTAOoWtqDRVXHS6WmIYxfQFe0UJTVwDgvhRjB9xliUIlUmdVeq
2020-12-02T21:28:27.529013384Z 33 nmBZ52PaKoajMPH1wnw4DsMAN7fltsE2JGwo9vk3mo7jbU3Urkr7J2JU4kE2d
2020-12-02T21:28:27.540357114Z 34 JN4krbCg9ZsRtxmUL9LsKNhX7DFU7gI9PVmgfJjCZAQpDezgySkTCm67vpwXH
2020-12-02T21:28:27.552320547Z 35 0tkqav7Oj7O3PhVUaGaWNv5q1ySsacofCP2V75kRzAaGuidFbxjiZAwUDUnr0
2020-12-02T21:28:27.563206498Z 36 X6zE9Ja963U6kNVXb3KLAj1j4SPGQzEjGsqR12zJngBiJAUhr8hYopHvHKvB9
2020-12-02T21:28:27.574952927Z 37 8YCXFuNeY9e38m0MP2Hj8AAC0MnjgZS0uDxB3QnPjEOtJPuxhGHSDyzlWiI1R
2020-12-02T21:28:27.586228972Z 38 FutB8XwWfDrcWsPxwNx7BLp8dB8ZmpkS5jVbb9p0JktpE6zDSLIBdvoZ2EY6c
2020-12-02T21:28:27.596821638Z 39 vDdmGbO7oZx8NglenU6Jd9niu6tzQcyzhJUjqHivnNglPA0RPu9sJP0IQ5vv8
2020-12-02T21:28:27.608400934Z 40 D0FPz3jCud9Tu1xZUknlgbiAD1u21IPfbP2NqQQcrwchU3uc8hBJlYWLfBGrI
2020-12-02T21:28:27.619402682Z 41 Y7DisN0iRgeVHmJPVSMmOjYpsycwsnkaJj42lUTVw7rZyHV1V4QvwUDdrPU74
2020-12-02T21:28:27.629788059Z 42 zkuwTYy5CVIaXXpdCJMDWfplTsomvznPBMLirtpd0Axy6MwGTFGZacARJS1A9
2020-12-02T21:28:27.641005999Z 43 3TNVDboEQgt5KHzSr0i67GzbB6ERS056XjbpkoKdJcKzl4VdyQmv7EScRf8UD
2020-12-02T21:28:27.652387956Z 44 WXUlIdmur5txQqWJRQgAODW2J2lHi5TDXPaluyWrEwDuG1Bm90ZNdQFfu2MZy
2020-12-02T21:28:27.663876915Z 45 r9PsiUoiVolXku4OMgvndhx66KMkgRjKcOKIDvxRCF2yJ79ic1b2GloUuuTrA
2020-12-02T21:28:27.675768784Z 46 N7oU11P0Xdco8sPYaW4bhKw57KsFSKD1WVn6XQtucg2jJHl7ao6FaQ6IJ3NjQ
2020-12-02T21:28:27.687227660Z 47 6Oo0eIJfYg0Z7QCRIUU2lZ213nEfxWRLVTCzURMDeSR2HVkOG2Wal1bxFRQQ5
2020-12-02T21:28:27.698537710Z 48 2sBmi2Kw7AdHaQisl4I1BmfJjU1oTT2wFlTzNlUvLkS4JEUe4J5jhvHLz1AlO
2020-12-02T21:28:27.709250301Z 49 nYyUR7EcadgRy0uJJF9w2rpBChEu8EiwrHJFGilnjS2D5FiX58ZKh5qqoF0Ts
2020-12-02T21:28:27.720654621Z 50 zPA44YZpxLkmyY4Fb6NILFyJvRRYvuoPub9z95HCpQVLwIFFe1eFq6BKyYEcW
2020-12-02T21:28:27.731401581Z 51 jjW2h5FMCDNucVw1PN1FzxNUxshysNVTd9MKHc4UCatk2z0W3GyaR2F625HZX
2020-12-02T21:28:27.741901782Z 52 9WoyNFAZT8y4UGvW1jyav8LEoKGjRwsEQyiPbfgF0HXLHA2wICi7vbpAljQHC
2020-12-02T21:28:27.753637339Z 53 trEhJV0GM0LkkChaMqNqyjh720uYiN2eqGuEIKU2SsFl1FZcSeh9F2wAvgb12
2020-12-02T21:28:27.765231388Z 54 eaXA2ENn2Pb4BN2CVsAxo5CorSBc2eM6jUtDp2bvgrlBpXIw1aNyNcuEgwJ3u
2020-12-02T21:28:27.776444532Z 55 pBgUIIfke7aSYWA2G4v5W6MbJVCtmHQR0Vr0BkYpsVQEfLy4LBwNjG1MzdCLx
2020-12-02T21:28:27.787428440Z 56 gIlwhJDrQBqVmxH2J31Ic0cIBJSKBpEiEr8zmf7ZCcftRV9pp1pB5reFM9oTx
2020-12-02T21:28:27.798358122Z 57 vn9ws0qAB63uHvLEAQwqb6T7GQX8I9hPfdzQJ3TBon4pZhGGyVOcvOO4h6UQQ
2020-12-02T21:28:27.808828834Z 58 wmLgqF1MEsBR5oLy2qzX1hPpkYR7DPRsYk9BMFMEzOwNN10TczJSmkunDKcyk
2020-12-02T21:28:27.820125031Z 59 epBMKW3NHsFTSd3ceiNIPcoTPhXlWpWyXalClmu7eELd1cuMugsoFRMztMBzb
2020-12-02T21:28:27.831522539Z 60 LRGKctlxtxo36UYOimod2m7XXcBPe8iwi4YME7LJzcdP2FsrY0OedgQbUoiki
2020-12-02T21:28:27.842307543Z 61 kirfn5V2Z2W6Gogk9MSleqQd3YpaNuG8JKqY4qrqtp2bEOU0qPltnNG4T61Du
2020-12-02T21:28:27.853222525Z 62 LmuoeFMnHR1WV8VpokhxAsP4eavSeBqbpWBfL0PjsWA4Alzao50I1zP3G7xfZ
2020-12-02T21:28:27.864068027Z 63 qEy7MiYwSt7OiMjZuXRXUz1uUz7ZFSkxvxPfdnogBqWxtb33eByLeQQVw6BAu
2020-12-02T21:28:27.875683425Z 64 DLyqj4ZbhFY6HIeHPrNBEHKV9H923wqH2TdR1Ak6BGWIqkfok3XTc8a1pgQTl
2020-12-02T21:28:27.888442062Z 65 BcGegJW9bPa0WJ9w3yYcOcwdnfL1nSPdEOMf7c9GSxVntqPcKKpNxxjHdK20D
2020-12-02T21:28:27.898932147Z 66 td3dBQ18eYIcJUgjZEe9TjdKdJVCuOev0Qxy5bFbro5H0uSNLX3w4r9yZFbrr
2020-12-02T21:28:27.910364939Z 67 gXsHfPIbfuarfH1s6gyMvOF287auXhuV6TqSI7jFlx8arjdC7PxCi6da6mQFT
2020-12-02T21:28:27.920860173Z 68 meRciPAClv3wVGXVUHLM3gjO69CaZNQuk9l865GvOGpFqUeQoKzEuWh7WhiMI
2020-12-02T21:28:27.932455995Z 69 5XUtpDADtAo6KblerVVsVwsebmuFhRj8YzZGXyg0YbHVqKkEYYS3oVcRHlFLV
2020-12-02T21:28:27.943506422Z 70 4RK6pNkRgNGA66uq4SZ87IsEvDjUQkmV6epiyoYlE685MrvGqfol1kLAw72dG
2020-12-02T21:28:27.954294799Z 71 FiAUCNxt2Xn3jDUMUx7gXK09lCv8MjqxypylMmeaieYixF1x7YOtF8slgMDlh
2020-12-02T21:28:27.965553813Z 72 kLfEUodMJzbxmBJoKCAdc3y2pmIcminYx9g2GFoxoIGwUbdqOYtpohn0oTL9I
2020-12-02T21:28:27.976198429Z 73 X1qUNVOD6wvVwviPYfdI1xzGVF3IU3NFnLSp6jxmp4BeCRtFZrDAF8crTCJVB
2020-12-02T21:28:27.987914361Z 74 Xu3hz2GH6Hv2hJpzLFrW1pJIIepPkmxfJ6MLlIoYqeRK4HTuY7OnaWKoNoLXf
2020-12-02T21:28:27.999771879Z 75 DIvF5o9aoS32SG9wJV8cYAiPG5wfJSsDyC7wu0GuIQPAeaGxC3VMoSWpW69Vt
2020-12-02T21:28:28.011389387Z 76 AO0p7IomuL1D7OgbOiYT4jEUHbjhDANZ9YytSzghyBHPpCss67aM1cGIdPhBI
2020-12-02T21:28:28.022718575Z 77 Mvhfs75fD3MW2PAQR5jxwG3h35de4oL9pp9hW38Ho1Fw9AvemUZAcixSWpkI9
2020-12-02T21:28:28.034265750Z 78 iwud83cq3rIKhyPQ9DltwxTNN8vvIqq3zQ8wnsMCSybOcIU2lTj6OhKTJk0Xg
2020-12-02T21:28:28.044951722Z 79 eeyeN6HMBdgH6JUY0DPR3Rban7DtOsgEi3JraL85ZC85yDtlIbZAfWYwnzqQ7
2020-12-02T21:28:28.056033159Z 80 Eamjef07fLaZ2wCAai3ezhY5NH5FPYlPHNkhNAM72axkB9m2t0kPzchCs6JAG
2020-12-02T21:28:28.067698843Z 81 7yfeovZQpsoRmGzPiIdD4OxDnX0FnOkig2kOIiPIeqjjm5gAorpDEaosLjaJ5
2020-12-02T21:28:28.079394331Z 82 b3WfQpEK59w1dEfabWKYDOOyMjvmN0Dz4n1389mDLbuGYytsegg7N6ohdsk5H
2020-12-02T21:28:28.090836804Z 83 V4CJjiyhKdvajRk3jWYWvogOJTqac6Vsnsq0mr1EuT63Y6TjwqOZ7NQlAH3CM
2020-12-02T21:28:28.102809061Z 84 jqf4GlmEAAw8OINbt9OKny2pcs4Isf68AS4u7ubFtar3lSGTXm4vAORMVQWFV
2020-12-02T21:28:28.114601491Z 85 wzRrMsR9J5pqfe7Oea5K2ng5ZTgAxK5SHcUOf0nFnHsMe6AivByI9HLc4EzU0
2020-12-02T21:28:28.125370955Z 86 noVJUML9D6RazSrNanBbN596DDCxxId4JzUWuf8USEFRzK999nSU6EWqxyIch
2020-12-02T21:28:28.136002417Z 87 i3IrrNDQvGBsOPh6u0WHPQPLRq5Ojun79A9ekgVnBuaOt3nc6T13nX0ffgmxs
2020-12-02T21:28:28.147734586Z 88 WcJjhTtWWm9JB3wFKHwOfrWtEpQwCevIrwKzqE5WA2p6zQL3sYRDXKehkggKq
2020-12-02T21:28:28.159263254Z 89 BOP9QSluVZnBAytyfEKEsuSa6PddnIqL1E1yLlVGGDz2AcC2tKCtkfnlg6x3j
2020-12-02T21:28:28.170761654Z 90 3iK4DcLvtOCS3IEmC5r8oDzfAmM9VwkE2hmipC5gmh3ygXOyX4mypyP4oYQAz
2020-12-02T21:28:28.182265482Z 91 1Ed4XphKmeqcmv4E2KY8KHfXRrBRX5fbMZO67DA5SfO85jzxF40uBdwVoDP0d
2020-12-02T21:28:28.193564961Z 92 lYQC5l0BiC8YzujzP5TTjNYzOUReXnkE5HC6OuuQ23KRAwiSTeHsR2n3wt8xl
2020-12-02T21:28:28.204369841Z 93 X89G7gyDqclPGtOtsHVFvDUOHtgcEOeJ5uIULjcEuy3ctmoXuuMS3x0KWsrf8
2020-12-02T21:28:28.215135090Z 94 OKkg0oCpjmjbDkkbcusczEaZp2ZAJjiK0t8BP9ct1JTu15Br7DxPXBFHHuuqK
2020-12-02T21:28:28.225855554Z 95 iJIrYwRLXmVxmIxgu2quZhhnS11sk4qshWHJsdE4SothCpCZUZ4tD2hu6YcQS
2020-12-02T21:28:28.237291303Z 96 ti4KhdcARIoNTjWjB3J8dzLrtMH0puK9eQGBnJsagIkfLoTiJbx9hgRowuEIg
2020-12-02T21:28:28.249000290Z 97 5lqvRl9Se5la4Z6nlDO3Y1Iau0V2JYqP4MOG2UbDgwsG3WXQRpKGEA5KzCoFP
2020-12-02T21:28:28.260431074Z 98 NndCnnlodcuGpEyjcwsYuRna7rDZj4BGqZJcEkmhRJ2MtWFSyxzs4pByrhMNr
2020-12-02T21:28:28.270893802Z 99 gFkIAJtqpk1oV4geIBAJtoDBq2zXEc6o1zSwuS4h5d3zBXN1xJdeb4xhjnvP0
2020-12-02T21:28:28.282546440Z 100 2LcmJkrIlmouuEvbbmOh93e7b1slz1hxAcNkftQxQ24bulx5mMfzluCcMbnj
2020-12-02T21:28:28.293040012Z 101 ULg3LdyLYwPuZCpiKpg5OlTTNMKWcrF2SlrQWnjFAETDDQUxU4X4fmGVHGDC
2020-12-02T21:28:28.304643270Z 102 cy50XuGQUn8Tpz0tbU8uHi3Kw8cXtTPHIHc9xe2JY51PVUkBrCA13ylBwMqD
2020-12-02T21:28:28.316220904Z 103 0BSG2NrzSnNbXo9GQ2e13SrnFgE7eHQiAGhnbmlslep55XSnpoKNkjdYt0F1
2020-12-02T21:28:28.326945263Z 104 ajvdkwY2WUly4psVxQNww7SLzxsRn5pnpbZkUSXSfpQwmPwtNaN0un030kbE
2020-12-02T21:28:28.338529340Z 105 61AJqRDmfQ7liu065T7BtKU5DHdlvuZu3ZpyZahNGqLtLDfMyvkOTR9LvApj
2020-12-02T21:28:28.349943698Z 106 KukfNGgxDrHpg54qXHiU2SHrwe5Mtx1aSAeR7fNXn9zSX4MSmwzn7hKzkg7u
2020-12-02T21:28:28.360974486Z 107 Bpzw7yqVhhHxpRnbgI5neFj5WbQZDFsGjN4w0Lxr7DVnTKSMmrf8jLh7JTlz
2020-12-02T21:28:28.371894379Z 108 WN9ujcgtepQVcrm0kYiUSeuNOC6ZHvtLGMZsorWIEdCsn978L8I4mvEMslmO
2020-12-02T21:28:28.383630006Z 109 fczBr0qSDJvvnJWLcRf4iJ1E2pKrRbphLlzE6ea4JpYaxAVrJMfnkAc1Hu9b
2020-12-02T21:28:28.395040990Z 110 j5SUgpQJc1mY4pEvBGk2YpAhefSceFAHD36zMZIACNhwgAnJzJsh2Yu9oSIO
2020-12-02T21:28:28.406577437Z 111 htj5xP27gomcAlF4ee1B2WaB0FTp24dTz3YY8fPo2Rr6TMpHA9hb41XhJIK1
2020-12-02T21:28:28.417680253Z 112 knfqyX6e7cLvIZdGw9Cx6PtPSAP8Zj6uFcWhGVHIi0WsvwCckUsvoGrjZDzx
2020-12-02T21:28:28.429282519Z 113 dadVLp3SD0xC6EiOHndBwWkmZfI8EHw5zQsAA8vOIWjYD61Pa5Wc8VO9R8CA
2020-12-02T21:28:28.440147828Z 114 2ZgLB5OXQGSkWHy7yjvkM5TKlw78UA0xu0Fi2G9qQAG0b5iPhhHxvk7YlAOd
2020-12-02T21:28:28.451355845Z 115 xot8PGFnCXX3Hx58GjESeL9zGOUFRMYBynRXSR7Hwuuo18yCWXB0PJwHcszW
2020-12-02T21:28:28.462437834Z 116 v72FNN4xyL9EzoqMohisQh3mwSuJ9E6FJLABocu1FGmPdtA9nFw8Xw2FSp9F
2020-12-02T21:28:28.474484379Z 117 x0nbf7UXonU5ozydXROS8ESaCubGyZWJxXvvTAiXQMHAOuV1033gddi0uh1n
2020-12-02T21:28:28.485603985Z 118 tzNM94nheQAtTEgAQ9SGMe4GzuKhJksD0vfpO64Qdu9QhUW2GRniBtlT0H1I
2020-12-02T21:28:28.496580932Z 119 XuzzYQpu1wXFtMZ3zZfVsUh8fU2IVpeulNDhJYPmp9yJoEi1RA5ojGWSi519
2020-12-02T21:28:28.507583019Z 120 CDeVrzl3X1m70T85o6U9rwmC2hQ8Ty7EAc1YDIvxzCIcpKIAXcyA0HvhGWJc
2020-12-02T21:28:28.519897359Z 121 Q8aJ1mYQQ5ydXC9TJOqbf1dOQp9PeDPRRRwAZsumtwcpQWp9HsyzkZJ62t3Q
2020-12-02T21:28:28.531365142Z 122 7RXvmlcoyHm8qvUbvqq9gvlWxT33Puj6BRFXkZC64znDtr1YDD8AlolnSpBf
2020-12-02T21:28:28.542655788Z 123 5lRZxarEaJQvYqDrPYhfxqAoIU37fhdyyc5Yf0dnnOWZEBafdUSHP0jyecMO
2020-12-02T21:28:28.554324876Z 124 4RlZfqpDB9NWVWC78KBwnLxV6ybKV6AM7CBUjO9RGFpqHat9Kevn1t7u4LeE
2020-12-02T21:28:28.565148093Z 125 ppOQl5CpdFPkCX4Jxz9kqPDGq33Q9Ag1qecgc6q2Ce7Ifi2GiFBbEuBjQNXJ
2020-12-02T21:28:28.577036455Z 126 igqg0W1gD6gpVCFs8vvgtHDpeHxgPlVikDg6QYqQ9v1ug15m8asIdtOQ7KlD
2020-12-02T21:28:28.588994592Z 127 5RrBLecThYQW11MJ90rQstuAkVsLQhlnAU44mZgWtwb19SKyNjb4dMW8V19u
2020-12-02T21:28:28.600311980Z 128 EaVj9JXBsePoPrTEmaJBELbs5Y9sg8DojNNTzsrH3xcswZoCVBVtOSj8dkvE
2020-12-02T21:28:28.611621465Z 129 gMGuQP63DzHK4jxKSfuvil0IZvtmmTcSNw5jT9MziIRASz7gM1I343Anh1nV
2020-12-02T21:28:28.622299731Z 130 K6AgxaTSETttoRwMGzQYGv1eHdxqHppxrrgzI9sCKagaEJtralvJWoUMTBPz
2020-12-02T21:28:28.633121862Z 131 g4qGEer71qr0yrZxSJJGshWOtAYGu0agFzD6FBwOKKWkBqQfv8hOszM7HSfs
2020-12-02T21:28:28.645045892Z 132 FKyKWGiNMloJHM2eEXG6BdAzGibPzrTnH6kKzyxV7T1xnnkS9hIVzmJBtTcl
2020-12-02T21:28:28.656461920Z 133 umOGoKvAyDTcyPEL0zsnus2F6wPzOtF1sQvCEGwLDmEeeVDAx9KOgTBsmQOZ
2020-12-02T21:28:28.667231252Z 134 mFzp674R7fDQJ1btzGt8BShO3I8HCLvCiNMwLJY4FLVPwHzxlCTAbogTP68v
2020-12-02T21:28:28.678559148Z 135 Fz9U3WG1Mn5FGTnqjUAAlGgnVcOlBeblVMRq6K22x2fjFwiVwBQPOgOvKiPM
2020-12-02T21:28:28.689719407Z 136 lMXQNno2TP8tgnJBxRJqrMB4cSWuyg5U7UcCKhWBT4sFjqoYG8vXaTkenDSI
2020-12-02T21:28:28.700590601Z 137 cunW36UWr6qjE83PYnJjqit4acqWCwwYAmsk0flgtlXByK8AI67HmK7o6yig
2020-12-02T21:28:28.711795244Z 138 lPVa8PS7MKfigFT6EJttShl5cPcS0RvTZ4iVaXesm7mnorVSa6UPyEbGaNuL
2020-12-02T21:28:28.723152772Z 139 XsPVpwg4BxaVBKQyzzS7biAXbpuAUc6cT74HsDj5nAQXGxoF2z38bRN3QkIN
2020-12-02T21:28:28.734279823Z 140 VzzwJ89JlyQ2LdvH7SpmxWzDWQ7RYWedwFIwjkt2FPUsy0V3PIanp4T2OR4b
2020-12-02T21:28:28.745526992Z 141 ctYAqJPrWQsy0yB2v7gspVBqm3BNUpBzAVcuDWDz9bAH8cb6cH2sEtDRYGnU
2020-12-02T21:28:28.756546627Z 142 5T6vcgsK5RnRqBeaPLKvMOvw84HUZGLwxKVjQMBR663ACCjLP9FlPR4tMF0Z
2020-12-02T21:28:28.767134809Z 143 eDJhqAqzjZNhYQgfZD4YdhMUaMvaFnR0Mgu5JqUWeesrka6TXVF6bohYEZp0
2020-12-02T21:28:28.778649222Z 144 PYGyi0vg1PLzRc3aOD0CV4dawkc1TBBVzfxz4Gt2D0OrFEfcsu9cA3SONqEC
2020-12-02T21:28:28.790911949Z 145 oRiWN8UAAuieEtYEx4VmL0hHRDK3nEgId1pBwivQ9BOM74y4voMt22HKM3EU
2020-12-02T21:28:28.803341483Z 146 anv3J5JOKIDux2t1tOQmU2WnWvUBAiVIG2Wm6yKLIc7Il0cqIqp4gTJ1jkJA
2020-12-02T21:28:28.814520166Z 147 QesG6G6sc9QB3sbayJWkFL3PDJpW0kL6aJaRss7niS2heEKNZZIuuUjUYyty
2020-12-02T21:28:28.825432466Z 148 XQmWRAM9E2Q5CEznEYOcDS3BY9AyLJ0KWBNzTVepZXt8qH6AjbAO7eIhZFsV
2020-12-02T21:28:28.836388860Z 149 KHi0xJ9y9J7hKqiagOxyP1bRld6v0MkMMvTs1tEDkbzPtHSugW4ROAzLo972
2020-12-02T21:28:28.847469539Z 150 fEsdWPeyzU3HHRuVpc3HkyksNackRTqhxdhPnPxUxzupwyqL6s8Snjd4GsIr
2020-12-02T21:28:28.857916237Z 151 78IXcrvzccngOYJ21DE3PUfB5wLhpMM159O6qyVhZLr7CQtgsYRzMXMM6fdd
2020-12-02T21:28:28.869492976Z 152 PSwT59fkjCgG0Au1Mb46s3CTHoLR3mqTQwNYRipfCRJeeivQLi2SGjmH8Bry
2020-12-02T21:28:28.881150838Z 153 uoaUgZRzp8veDZ0ausPfyUFX71Gbifcu28A8wkTzEp84zcuMj9xyuO9jgmsG
2020-12-02T21:28:28.891912242Z 154 SJ78zx1j6aV0DIJSyRI86zfqB12fX7MSfpyWWkid7MhBImiGjrJddUetX4wX
2020-12-02T21:28:28.902971437Z 155 n20jMxowMU39n05nayr2MJ0nnqq9FOWUx7FTAmKZ71UFAPWWCcJ6vM6qtmcw
2020-12-02T21:28:28.914094971Z 156 W392yTJJgBtIJMfaHPLmFN2hk7KdeONdQoC7c2XRsD0LTPtzEBMZuVZd6Cgl
2020-12-02T21:28:28.926086713Z 157 HLqMtektmMs7tGkT8oX9aMvv98KhuzeduDryx3QSF8sng3PGzJciPdjx4kLV
2020-12-02T21:28:28.938844562Z 158 UvVsYW8lX74wQHyKiNtD1gehEcy1UA1kKYXWSG8HLMXvpJOERJ4aD7R2YKg2
2020-12-02T21:28:28.949670547Z 159 EGiKQhcWZb63d8n3JtnBreqflLwz5ciEBILObasLp1yNeruieqv9vZHNZkml
2020-12-02T21:28:28.961219203Z 160 TydRQ0t3bOdmR7T7gjLGYP7LtpaiivPbciZwXa5NZJp1bMjT6t6DDf4gdZAP
2020-12-02T21:28:28.972167950Z 161 oLxjnyM3vATwwSqpcanYGiQactooTiwrwoXADwVbTBlcUSiqDvSoUL7LG5p4
2020-12-02T21:28:28.983237669Z 162 UI40FLc8d5NJc8wMR6vvOamR8ny1u3CNPxhyXl03qngurDJwW3FJgXvS9IOJ
2020-12-02T21:28:28.994054724Z 163 NbOVaSUgBn5tzC0jBCloRN4G2ejIEPpVDzISjYCEKTJtijF6XqzMk88q0T5u
2020-12-02T21:28:29.004951261Z 164 1bLHsytZBgn3raKu2BlHWgTabwrTAhtJ3NmE7RAd3fV6OtqS7KpW3frGarPz
2020-12-02T21:28:29.016350789Z 165 d56HexNwX8YtBFr5SAcgxw789skgpievRqRgKtY9WgL8XVbxf8sj2Tami2TI
2020-12-02T21:28:29.027792356Z 166 9ts3qqZxe4qHXscrEU6fWgkadFHHVbXiYgZ3NwnkwSafCsADhh5E3AWusofb
2020-12-02T21:28:29.039326752Z 167 glmvduPX9F2WakmI6jPbiqEvjJwderMlnGDeorOLq5jV0CtXxPDIBFA2Tt7Z
2020-12-02T21:28:29.050509688Z 168 tvulkRUbDYvMxnsUgZ0H92xrmc4Jbi91WzU0u8Q3nG8tzi2HMGtvGStFr0Ld
2020-12-02T21:28:29.061371266Z 169 YFO3ou7wYoCzatS88VFyFGuwnS5gFw3B3e3SopR1fqSGeu4xeutCLQn9a5Tb
2020-12-02T21:28:29.071793331Z 170 YWsWX0pOYFNPVWyZLfgYfa71quwWYwoOcbAtF5UBHCbqz2663864pzNMwSYM
2020-12-02T21:28:29.083171303Z 171 KR7yN7N6IUCT8Wey61zP9UktI0cSfCqQv9fbj4ifOnFTFeezexnTGklYY1zK
2020-12-02T21:28:29.094563727Z 172 0TBtHrvJLFXJmrVCHVRjihzLCZ961J35wkyRJkEDm6YrF2BEug0PqTdtRFxk
2020-12-02T21:28:29.105473246Z 173 TqUX3h8ppRNEFgC6NxrUSlJGhwPjc1q3Oxxvloqct7nV3FixgtIrYoZA8o1u
2020-12-02T21:28:29.116082557Z 174 yQEtlfIg8drQVXu6OsGGtmyqnDpgPmhdQPQWbbtcKvJdonIfbo588lYyfNzp
2020-12-02T21:28:29.127513999Z 175 89fs7AYzhasSfDjzXThRweKkhykhNjCPLvyJsWvz7ZPzev7oMKBjV8CGJvnc
2020-12-02T21:28:29.138722644Z 176 eo2EXPX01GOU1hvdd9hkPjy5vdtwLK7kOiXlpAdX4WbJo4ULcXOrwm5eeOku
2020-12-02T21:28:29.150157775Z 177 n6FF4MFSQggYUH3GTa31RG2rWC6iRqtbXGlTEQncIkAkE3nmZRv0ouTqBrG5
2020-12-02T21:28:29.161570183Z 178 nCxtUdIfXnuDmchIiuvyVH1LXSjGqvvtfoYhJoqrbbbFn3oocbxh8YUFs2P3
2020-12-02T21:28:29.172261573Z 179 aDJpokMyCjvpMudpPtw4Yb1ia46nIUhj1KoyLJPIeOjKvLKoGpTd3niJxLLn
2020-12-02T21:28:29.183528611Z 180 upvUZ78quZEgQkoo4zMI44JPE51X7YLnA5q0wPlNXkD3Vl1Fw8eg6mitNTkC
2020-12-02T21:28:29.195241648Z 181 3fKHjKJsrcYXrZGc3iQobJlDlJn2QF1Et87pjM4DBWDx54eTeg4X7YQ8qvmJ
2020-12-02T21:28:29.206172717Z 182 rO6S4h73Ci1SmyIXpmZHYH05yZTYvu5YZlQv1eNPeGemvUjUBxZYqlWgUk2l
2020-12-02T21:28:29.217676170Z 183 oeElXu9Haog9xd2Znj1MtriUnh1OLyhmzbVtFANh6UO2eTg3RlPHXwUTuPI6
2020-12-02T21:28:29.229303946Z 184 X2tJfF4QdVOYGeRW4VTNknucB9ycFbPVyNRCgwD8hAyr02MQXj87WpSlYumY
2020-12-02T21:28:29.240209128Z 185 eErjCdVyEOzOyIuclQUBXPJ2OE8lvpaIdaRF804ohrWkknwJ0SUJ22H5U1hb
2020-12-02T21:28:29.251105537Z 186 tvS362TF6QQXNk4klfa8sOKCpxFI3Cm8vKc7tUNQttwIWMhrvP76U1aSH0ix
2020-12-02T21:28:29.262325657Z 187 9qVm3Lp9dkcMXLrqqBhZCCNf8VNctqYyqfskxdzU3WDr0zlGsgiVFH16vJrb
2020-12-02T21:28:29.272943721Z 188 R3uHRKRS3g1WXEUf0a5B1tAZ6RIJf2JYWQmQVysd1SqHAeBuhkQFHZP6VkSJ
2020-12-02T21:28:29.284108926Z 189 WYXezWTwgNx0tgWTQAErOru6lRKJj3w7w0CnZp3jkIC7MeutSuukCb0yI0ZU
2020-12-02T21:28:29.295609769Z 190 wNbi6w6NjFAjig1BNHsxCEC03HJBn1RrZqRXAJcQvoafSIlWDapRXf5ZU010
2020-12-02T21:28:29.307486130Z 191 vKzNajKPVABGfO2y6SQNRmonjmrJkMbuZRwr0TyDq9oCo0KBOA25kAJHfUYR
2020-12-02T21:28:29.318473811Z 192 FtHmgxm1MgKupLhXy3XRj80aS8N4duiXsSaaTLwyrEb5RPFDvog375J1Z4nX
2020-12-02T21:28:29.330297606Z 193 YCcmWjTZKtyxbV4JiwQittTGlGCPy3OO6i8SkuaxRLNImRR5VXn9q4cfkDxB
2020-12-02T21:28:29.341787476Z 194 PvEb1rHTweop2sWuMAjCqnYQnXiGglkuy7Z93RZEAS2GxH4lag58V1ecp48l
2020-12-02T21:28:29.352779536Z 195 XCccQEcF94q0WAiqwTBuRGWBQBlScqHkWvIEBBsKvX9IW05VmpwgH85uv2YZ
2020-12-02T21:28:29.364178289Z 196 B5ECFvZnIcVflsCXRqUNAwl5CV0HhsqdjpvfyAYJvspKb885eoS0eJgI7vKW
2020-12-02T21:28:29.375614944Z 197 2E3ppnO6rGpHV89R9DcdXhLJAnEznaE8tucf3GrS9m67dri1SFZAcSjcxYVW
2020-12-02T21:28:29.386333972Z 198 iY4DzLWHxnNoUNc4jYbtQfsmlr6kAUj06YsiuMfczYTkgaC3iBaORrFiYHX3
2020-12-02T21:28:29.397831832Z 199 gWgBPXRW3yNL9J7QKYCmgPqLvvqQG8pd9OqtTr2VWUdcGmCLVpyQ3nCNJMjg
2020-12-02T21:28:29.409756060Z 200 YFKvcpS5ht6rTJNhQ3Xn62QuxQaM3IOF0X1eOGUClkWQH5Lpa7nwjq6cJGGT
2020-12-02T21:28:29.421221764Z 201 xtzBZfVaCNDRn2nYH9ZFO5fBKSCcmEUUcn1O43R53sCNIRcvIRwAaj7mLJww
2020-12-02T21:28:29.432937680Z 202 ys7IucMJbVl3v4KJdJn3KX0Do73aEsRXHzGWhB6AR30AREXikvqaeOSgTcI6
2020-12-02T21:28:29.444630987Z 203 vJZOP7dUykzWdbH6UudpTDAiO99yMOSm8honrL5wXdavvNZreNrWL1kByUJZ
2020-12-02T21:28:29.455628166Z 204 B0F0l8AjnojDfJzsNpsGtKREI1fFWwiwguAyxcPFDZX7RR7kdiMbDO0NFPIk
2020-12-02T21:28:29.466615891Z 205 TauOv9ay11AXOqHjhXnVH8WHzpxR2TZyk4fwbJI4d8do4HAx0lQt69c4I5tQ
2020-12-02T21:28:29.477525316Z 206 SKljao2HrvHVxxoDHhOJZowyA32eyThB5sclllvqhysSVdkX728aSRTQjivm
2020-12-02T21:28:29.488626076Z 207 wTupzucZoznpDqU5iTdf4XTexaAKzZyW8PeV26TZUyogcmiHHUyrXhLTfAv6
2020-12-02T21:28:29.499086922Z 208 WWaVS6LAfuYjbaIMfyxd4hLFyyLUi4bfk9LSWj7WoZSnCXJMaHCe9htPYSlL
2020-12-02T21:28:29.510818181Z 209 KOQXa18wFvEFO28V9UzJJQxPERWJpVzxR0X3bS6Yl9bHdfXDyjsu01TX5R8A
2020-12-02T21:28:29.522880107Z 210 CLWIz4pzDs6FLYKBYBgxZziNSKTOduFprz8e1jvTOU7OpNn5Z4nNTPggyGKa
2020-12-02T21:28:29.534841165Z 211 VMRtqnrtgSGziIava9A1pjBUesN8aLR24bFlma0JUpoZOHkFT8yFlhOfcIei
2020-12-02T21:28:29.546722106Z 212 R4blfbp8VVbFnSUklIz057ijCWlCd415i5guI9THSFOkOOaxFQ3wEte0xnfO
2020-12-02T21:28:29.558227809Z 213 L2aLCy8I9Y60E02BU24TpN3BkRjt9D9OiXnkNnO0uztqlqy0exPI2Zex1epT
2020-12-02T21:28:29.570081863Z 214 SbHqRtznvTiMAwcfF4bauH5ncy69Uao3o7QZj1opKnyLqEtXk3tTJfV2qRtC
2020-12-02T21:28:29.581963083Z 215 BvQJUIGXIBlAdCoTD1IRTAKoSSp5n8CDErdQhGI9MsDRTYgyzU05qn70FiPJ
2020-12-02T21:28:29.592915792Z 216 rmFE4Y7u7FyFoUgJ4DTPBdk5LAnsre1r1WgtSE7dHkV8MvWqpVlOhZ0TbX2e
2020-12-02T21:28:29.604629269Z 217 PEIwY85iVw3c6VKhxIKihdFCi08JENFqBqIuPZVtzC40SQePzXpN8d0I0uZb
2020-12-02T21:28:29.616006778Z 218 9DrD7uc5BRNhUKxb58ARVOc7mnyih3C94tOfG9nTMLhvU4Mh942vU9ulgfrD
2020-12-02T21:28:29.627833439Z 219 fjRmsdLvs6eRkvO6Fzo9UnoUhiTxHgL0D2e5RifBTybXlLDFq1kfBxbrCFqO
2020-12-02T21:28:29.639702579Z 220 WvwupgxWlknHKaFucQQFlZaUWjhQuDgdRQyqfsPdD8QWMmE4lUgXGJZCUTkl
2020-12-02T21:28:29.650828219Z 221 U8iL69dYouR3tY9XLX2VVKBkX8KiQVuU1YR9Z0guXwzsg7YwEqMRtESMOB66
2020-12-02T21:28:29.662249237Z 222 3WQjtAPltuvNyBYLDUQBQNZLpzMoX2soWTMa85a45BdggQW3Q4wsjoI3kBae
2020-12-02T21:28:29.673099538Z 223 wR4TqPN42xUZxHl2MjANIFrZKxVv6pPLdPHO09fl5JwU5NIpB0V8Pwg3fn7O
2020-12-02T21:28:29.684669278Z 224 3ZEaqKznKTXXratAhkHWM5qUjPKIC7DEbzu3kRGGDyAZMrDMX3tkZGi96Bd4
2020-12-02T21:28:29.696333964Z 225 72E3Crjj83uVjvh2SmwpxxUUaI38aU04vZ5Mda85uSlkk1DXqjrfZ4Jl0gpj
2020-12-02T21:28:29.707901692Z 226 n2Aho78XousTSFsVpVqGnkVKQeH2nBzOBnHfeAcqkepZRhHhbrnptEprQp9Q
2020-12-02T21:28:29.720022528Z 227 J92wxBpj2rJhiGki5H5yhkHUFb07a5l5GXIfdYaktommZmSto6yaTD4MXb7D
2020-12-02T21:28:29.731550790Z 228 0NiWXygk7Ei8jOcTXNFfuDDgyaQdXRhRcu9MygnwPdwVCDcP3usFTIRobSPz
2020-12-02T21:28:29.742129158Z 229 N12HqdGjqEcprRNkddS6s77YkMIp8t5L6T749Jwa7Qk9UnqpCBg36usVFM3O
2020-12-02T21:28:29.753464686Z 230 9z1lxIlxTJlS0vv1jmBgxTrSlvGDplblpKwNDRPAMBEeuDwGNKnhQzcmNk56
2020-12-02T21:28:29.763834302Z 231 uCV8U27QvmNovgXyVeAgxEAMOpOzQZQKMy0QDjSsrDXOYuyExYeCpmhhOEFl
2020-12-02T21:28:29.775751116Z 232 uL3nSvQIPRPEQgkaROcWmNuGg1zG0kQsCkwHjtTVyxmIgIsgOBtELv7NuUwf
2020-12-02T21:28:29.787275189Z 233 y3wAABDdkTMpqrDrzdMbaDbx7Vr5J7xk7gtbVEmFU6XC0WmcJRR9sb7U41RR
2020-12-02T21:28:29.798954018Z 234 qeGNtspP4samRxLgyUPItB4i4yBfOmsiK19an8TmrCndIOezV171ESolfFuF
2020-12-02T21:28:29.810231627Z 235 8DnsSNOcNSf97kcNtgXMYn2pJKpri8ppX44nJeRzVImAvESFWp0gBaCrRcZs
2020-12-02T21:28:29.821493280Z 236 cE66xknxMD7PSqFgSpbOqsKKpqD6WjcKTZzmJ6iUiIDaelXvHd6oHeKFKCYV
2020-12-02T21:28:29.832128246Z 237 TyBrp7OpExyhTV7e5pECGZDhinQNmyhQ7xfYvwzblcogAE2xQtFeacO4dYvQ
2020-12-02T21:28:29.843919157Z 238 Y8RIfJuruOOOAtZKH6PSBc2zCtoXCoM1v94zKqUA41dii30YqOtf5UfIg7VV
2020-12-02T21:28:29.856084722Z 239 1ezzRtZxT5b24gU9hY3qPQOKDZ1hcFz1QU18smoSenNOrVNUCM8DbNwv7N3e
2020-12-02T21:28:29.867049685Z 240 p7cnN63cJZ4mFRJ7X8mb9AaeOykcqS7SvV9aIT67MsJ1lTLhKYLZBJDIM4Ip
2020-12-02T21:28:29.878900311Z 241 S34xwbTznGQfgSy6rzHucyYkztLeYJI240zrxsfRAfXuQ65IoAL1Kt9I8Mpt
2020-12-02T21:28:29.890502543Z 242 j8Mpes8MtLpucIpJHN3iMUpamE2waqEtYw1ghrc0ieRRbky2QtQKtEG4zAkl
2020-12-02T21:28:29.901577423Z 243 W6KYzTgEhbKGJcM4EV1CI29rYfOZsXHRCi1b1QrfQNhMEhN8sBJvRWWtKxTB
2020-12-02T21:28:29.912450775Z 244 0tzLMBlhf7c7yhW50TQdWrLQLQH9LSC25eo25vCCDccBEnVFV9vlN4CanOGW
2020-12-02T21:28:29.923688134Z 245 0jbjuaYk4dxssTMvbyCwdcOnid5HLp4NOWCQFn14Sf6XQSPE3qCjSQlCHgm5
2020-12-02T21:28:29.934547365Z 246 ppz8qrG6MLBCeW57mLcAMsoaHsbBRRivZpjMKd53C681SPW0lng0y99ZsoBZ
2020-12-02T21:28:29.945697595Z 247 MBUcw8kvlyRItPIxO8pDi6He2GCt98LeOjTF4hH4gZoYgr4uvV0gg0VsNhS0
2020-12-02T21:28:29.957132506Z 248 RzgM0DSIjHVZQDVuNXU9HTnjszS2HlG6kKP2yhnrjYQeKEyIdXN20Am2q1fg
2020-12-02T21:28:29.968059567Z 249 sMrGhcvtclfZZgcJKCID4Lhjk2ZvyWcNKuI17JPQA4Iaj8LEWaqUjllTeJQt
2020-12-02T21:28:29.981823314Z 250 oCe9RTUL9sTzoA2YGkTo7wcgUNn9IL7IkLYBmUWscUyAlOphYPKzRo4yFoaE
2020-12-02T21:28:29.993631392Z 251 vvD6A8KB6nz3576xChGKrQvbR6Scf2uvmswPR2egdLNsooog4ybp8DUZJ2Qn
2020-12-02T21:28:30.005917880Z 252 enQ5QpxTG5jLptpGRMpdbA89Sh7p9VrZg27qOJJavWc3zQPUj8fATUOiSQ8Z
2020-12-02T21:28:30.017389975Z 253 I8z29fYAqVqH049gpkDaJKuYk40HZchaPP2QTHs5tDfzeEpA6OMRjLgfDsI0
2020-12-02T21:28:30.028358621Z 254 k5yKvd9zgIKWkxCpnC4S55yP8H7YvvjVoK8DrvhaHLBZqMUAPGilbdi3Jniw
2020-12-02T21:28:30.039282293Z 255 uKPzEoGn4Lz6ipSlKIbb9hSHjf3jtE9CEVysNAbaGbSJgUQp8xkpUPoT8NHx
2020-12-02T21:28:30.050247899Z 256 0wHOQq2UeQMfQuiHjMSKa9VKd370mu7hI2XZ1cIuHKfd7rECmMarj4oLvbJk
2020-12-02T21:28:30.061664514Z 257 2DGX7XqB1GcVFfFhPcMxwgBDWh6xDXPHfhZwhtW9J4BeqHRC6MMC3ybaVbFu
2020-12-02T21:28:30.073246547Z 258 cCWsOf7Tmi5I5iUfc6jBH0AYWS6WuQqaoZsGh52B48QiqNOvreSY2FHA1uTF
2020-12-02T21:28:30.084814767Z 259 0CLnZGLPjDFbP7Cac3dbYMgHklc6SKJbv00kqZazzT1pbINULjNWuiDm180t
2020-12-02T21:28:30.096662511Z 260 KLyXPG9w6pHjU1xSk3wFRkIBZ0oDbpfVKNtNryReVNOiN1MnMSfm14TBf6VG
2020-12-02T21:28:30.107594000Z 261 h9olALXHmsnrZrZJ8NzWFcEjhRlPVc6CRuOwOkipE9xxlfDAHj1r2nxzy6dc
2020-12-02T21:28:30.119008078Z 262 yqxrlwBHc5lBOREu7Mgbb81G9SkQgEVLG5GmUxru0tUhdKOUtPkh2DXtU6kV
2020-12-02T21:28:30.130045135Z 263 NELkLzZMZvvk5BTHBPncoVoj4qzUOKCyCRCGf6D4DyzScXuMBWQYTu4As38F
2020-12-02T21:28:30.141833323Z 264 qx0WFeBH00OFb3xmJ7ELakfuDnBSi8EVshgUDW31kPIiItZ0J9YsGm6JNaYn
2020-12-02T21:28:30.153777918Z 265 MX4arCaGiyLhRaR9tvhoMh4Nme4o6jNqtOv4hu92rrJom8t9ocAb2vTnvbFk
2020-12-02T21:28:30.165686436Z 266 x8sesYcjkSG5PRbUGk3PjIrEfn1tftII1YqrompJL2nMltrseIoMWK9hb8Rg
2020-12-02T21:28:30.177211189Z 267 nUlvkJioxLOu8egVVpgh6MFPokivnd4MhVuVA7E9Ygfa9601Dgp1nuheMzD6
2020-12-02T21:28:30.188436329Z 268 wWgqCDMOP3vrPYepX5smrCkKGNHxcd6FnG2ygPWlDwtFj0y8NEGme4mlp8XY
2020-12-02T21:28:30.199106011Z 269 Eq5NVLiYbhowNCYF2Lcq93fe59Wff5W8r21fkCuK11PCv6WNArDdToooG7Yd
2020-12-02T21:28:30.210620218Z 270 nEmQ8jx17air1t2l7YAPghA1A5sBiylPZkJrNAI3bX5Nmtf6BfM9UDMvkGM1
2020-12-02T21:28:30.221083369Z 271 WtKPkz1KGrAZa72BdNn1qoCOvxkVjWrRRXWgnaN7foXJKmAbzlbg08OSCd2Z
2020-12-02T21:28:30.231969670Z 272 o0jFGxtkcNthJjxjuVhiEFBnFtVWMQmmWD1h3ji6EuNZQMopMIMgWTBpHZ8e
2020-12-02T21:28:30.243269011Z 273 7wz6pYrFNUSCVK0Qq20P58ek0EwrhcozfPZAUVjLgtPZ0NxV1K8PShgIQkO0
2020-12-02T21:28:30.255050636Z 274 ekiK3xOMD0voXoKhtIPvjFAtZ2gEy9Cu0nebM9x6xz0dYqp4tbaeksX5Mz2q
2020-12-02T21:28:30.266192349Z 275 Ix9DnvircfsDhvmqeiU9Rs7lXg8wg5JFF8REzfxqxYTTYoXruRM6RIV3nPBE
2020-12-02T21:28:30.277497314Z 276 hn2iYD729E6djiPoCWa4bkDrydjh95kjJ47sFHkvW9bddxHsgmLevN2CCkg5
2020-12-02T21:28:30.288150283Z 277 suTZolY6nZ9ttEnXatbQ5hGMK8kTxS4tADsG4zh4jdeFTHTQKLZZoR2sNT7m
2020-12-02T21:28:30.299629523Z 278 L7HVfQXX2LOXUb7RnyqoolpeMd5vyxwZjc9wCt624u7ijUhq7q7Ar7B9eWcu
2020-12-02T21:28:30.311543666Z 279 cmj7iQuu6tH2ldkpRx6ROlSRDFuTgjarcYJaEwbmLc7qh6qdFsu1tCJUNAUi
2020-12-02T21:28:30.322583734Z 280 9p6Pwkf0lX2qakjwWJ9poXxTrhKSwiEA67HkoI1o3BQLhB5tjln2d6GnhrMG
2020-12-02T21:28:30.333582892Z 281 7vcY4SXuLqWxlIVB47mLd1yqjfSinV6Jx2QfwSujiI2XJhKp9CLt74Q3bJCj
2020-12-02T21:28:30.344918487Z 282 27tUZVvwMOt8CpzkEmJaWPENQma7DKI2csiLEF5VtD3cAeu04ysVCNubkU5k
2020-12-02T21:28:30.356976142Z 283 YaPiiq7svZLV2flqIqPO6ZMehSU05WLALGbreRelqumL3wzD2ePisfO1jJbY
2020-12-02T21:28:30.368005062Z 284 qxwSlWMPWrfUKnecs7IZHAuzyua8qudBmcYv8eiUBm00yhilHjNzKryIkFHj
2020-12-02T21:28:30.379984482Z 285 CbOmBHOEu9W11SO8V3fLKHXtZABi6Hv4odWS1C7JUV7yUA15l17QZ1IxQXVc
2020-12-02T21:28:30.392121191Z 286 rRNLttv3irC25jdEjNykY7TLyd9xWeT3cJJ5Nv5pCRg8hrjN9YSndlVacbND
2020-12-02T21:28:30.404029320Z 287 Xv031fHpQr0LHmXFk01Mo4aput6qUwNjih9sxSOTTbhAPYAbUKM6d0rSS28B
2020-12-02T21:28:30.414032426Z 288 eaACgWtMYUEJU9fUYpVrFzpPCZxcVSmvdbfVMhJgbY0cNMMQ7l2jii5pYrtN
2020-12-02T21:28:30.425389113Z 289 2UGkDzYfFC8yMaoz6yj4c7mikvevFDv9T4JWhJzBlOdE41HW1Q1h1sduMu5q
2020-12-02T21:28:30.436940455Z 290 QS38Knz0qtHgcz4vNkwrrXUKhjpE8nZCRnWTXBddgtRybrymyCCzTp83NWlJ
2020-12-02T21:28:30.447995599Z 291 SBZpUt7DM5gVwcmBiGiuMHYcMmnRRNfPa0mMjjEyPLhDhFargnOfBMNf0aIa
2020-12-02T21:28:30.459873216Z 292 wQn8YTX5VZSJuex6kwurjaGj71dwgwjPDQIbeEWTucKXhjggWwvG6VGQBTZP
2020-12-02T21:28:30.471712359Z 293 8tjw3HfI0N4BEy9A7OxjUK0KaYLpfqCPuBWeDiGC5H3m5RjXoeCcmc5ewejo
2020-12-02T21:28:30.482286530Z 294 sitz4LXDpAc5Zi1tUWD1BN69Bg6cBczJGqTkav1Ywsk5zjbLfw27m3eBWTrT
2020-12-02T21:28:30.493786987Z 295 I2cJqvvDrOfcjOs2a41O1lgDHokU8rL8ASytZysCErRSEUjMtQ05zhRy9ecq
2020-12-02T21:28:30.505536184Z 296 YVcBvTtRiYuZBXxQM6lzaRVJbhBtUzBVdlIWlUWrl5CGrFKIuw6hK7QNWBgj
2020-12-02T21:28:30.516758383Z 297 85qekHq5n0uaotYePMl50cdAokP12OCVdTVHfTr9K8N3EDpBC0xjxMOT8wSR
2020-12-02T21:28:30.527496551Z 298 omLRWHIwj3Jr7YRZ5m2dWrJTf7lgDRiF08GWHEv6fYWqRjTxTmLlI7kua9A2
2020-12-02T21:28:30.538808849Z 299 B3dSUTfe1dW47G0eZURtKP2pGk8l4Q2cLw4FngDl8Y10aiJn5ao6WxkwrUTA
2020-12-02T21:28:30.550518104Z 300 EgL9GeRzmEFlJRPNkQnzxg4HqXrVw4JxK84AEQ6M5BagjQfuqP6AVDYoYgPG
2020-12-02T21:28:30.561137351Z 301 n4TWwQylYdrg44z4f5g8TV9asfyDI1ErpfGIY7VQ2YxjNG0j3IPTTZ3oQ1HB
2020-12-02T21:28:30.572011322Z 302 fb3IF1PalAn0cpf5IXMDYeOsBAg0Ns4g2wpDqYCVq3l7dpZnRx9S523Hvx1d
2020-12-02T21:28:30.583012004Z 303 DgmzKdgvdlBMp1ByDG9OkBycAeAfYhJCl3zRSPDeevakEyqXVu3QqGrkoRRb
2020-12-02T21:28:30.594966938Z 304 gMm57O0Ma2nbLvCq1IxLvrMOEygCfqj0jayyurRRo2SE5sYvT4jDzICeGZ3j
2020-12-02T21:28:30.606856498Z 305 9IeSr9i2W93jglOBgimyYheuZ7BIoOeBBynrAILGp3WFcZrrQ3ULRYMB8IG0
2020-12-02T21:28:30.617816517Z 306 GbPG3T8vtpDhE0clviFUHp7h8ZFGFwWDtbJP2eE5fMMLh8VOBlUSg3v7398K
2020-12-02T21:28:30.629446384Z 307 VOBLCbVvBdtqHrkZtmwPYZ89eDdLa50IGiOtw1biX3u3s8KP3NSDeUz5efrY
2020-12-02T21:28:30.639975645Z 308 ffixr1F69N4Arhxko5BCVYyJSnrBer6dMaa8cz2ADQI2IDIM4UkvBEyTYpSy
2020-12-02T21:28:30.651404035Z 309 hwxkT0J7ZS8HJveKPFLvKQnekmIxKUgJEFUHTvKx6ou8DaMnfz01wWAkeok6
2020-12-02T21:28:30.662138727Z 310 NsIT75mM4GOyiHoiHaq3163FRTF7YrU3OvizsDiIgd9WQstwZ57u7srMd5Ar
2020-12-02T21:28:30.673145570Z 311 CAzNqtM9SYNXOx92iPc7BTEPLF04UhCh71WhsjQ6QjH9IKNyMHzwgc4VgzNj
2020-12-02T21:28:30.684607699Z 312 Cm4B1b4nbuYMJn2KB7UIN01s0rXDxUTfpaRLDvHF8MbjZ21gLDFVMmdmh5T5
2020-12-02T21:28:30.695791573Z 313 y0HGCuz72YI1I91qdaKU7UMCTO47ByQdCb9URc2cISdphfNNgNwSMeWYJhH6
2020-12-02T21:28:30.707243945Z 314 UkFUS0djz7XdNId7rLQPrdG1yMuhBiWt8xtSreQdQgzzIjn9K041cb4vKXlK
2020-12-02T21:28:30.718944491Z 315 BF5DsLUe4rppPF67TQFiSxrV3W8B2oY6mkalWQrS769EgLBDFizN4iYdyN7N
2020-12-02T21:28:30.730880811Z 316 ISQSN2GaUVvDy7Yv8cmuGJoLsA5qpGs4d5jVnZTd84s2OyEN6SdarjJlFJlD
2020-12-02T21:28:30.742700305Z 317 slWA6pbzTeHuFegjiVMusODlFACajfyuANQoSRcmXFYPerCvrpnhWnsbjNL6
2020-12-02T21:28:30.752910563Z 318 vQvu1SvJ1Zwo2M1I8uLdhPHs7F2kLb0NacOhpKviCD4aTJsPLT4MFR5t6jqb
2020-12-02T21:28:30.764728344Z 319 iEfIwL3mkaSLl5VgOsjKu9IEpXahThhVLk9dninXT2b7z8fGql3RK46h9ssv
2020-12-02T21:28:30.776363239Z 320 qusFOLrypBFXG2iFBEtyVBOPULdp6ahJDQzJZjyzwKs3VFpGw3qjsj1U31zG
2020-12-02T21:28:30.787054623Z 321 ZPvATznQj98kmI9zy64poDBj3avQSjeyvOg7pGkgbOhNzz4MnCuUm8vvpNXh
2020-12-02T21:28:30.799091110Z 322 lOBIEA5SzasKJg3GWwKMgeWNSgBRvmJ49JHbogKDtWZT0LPaFdayo6O76ejk
2020-12-02T21:28:30.811264014Z 323 mcdECDoYfoc21NIYgapjwWKmwCfJM6IlZhtO188p98xTro5CaDzsc87W3oTy
2020-12-02T21:28:30.822259942Z 324 nxuhS0tCvbKgMTcrTSU0fKsFgFWZIqzqycS6t9b40fks2LtD4XwSVFSnhuoV
2020-12-02T21:28:30.833655205Z 325 M0XUo0OL7nUSpOoo5lhuSuY3zkRL87m3X6Jjz3uEFFjCXru5OEAUxzD5JNmV
2020-12-02T21:28:30.844284574Z 326 MNv8iNB1VbqUMBDtNmsgc1VgyTaDdnF1iIT7Wzig4BNJ57d1BHfst9sNFH9C
2020-12-02T21:28:30.855062004Z 327 vYnpyQz0i0MuEXQjjZuV7XUedCxo4DBJM0HTUyWovNT553XCf8eySW2bvaFK
2020-12-02T21:28:30.866207509Z 328 WU7oTgfOn1bAQkonpNoCHFhNPLOX06DjTwQyDdaHlnVoWs6T6af06GnfVk2k
2020-12-02T21:28:30.877587188Z 329 wES6m9fXvuQaYKNWFtzMbEPk3XoOkqT48lkiTcTgc46ESAcE7wU8XqyMf3gh
2020-12-02T21:28:30.887862036Z 330 TB2pz6751doORv9qvJqt0SzJL2C5a1nX3qkBa5Iz2DR2KDwcsJXaTE2TyrBM
2020-12-02T21:28:30.899655223Z 331 z2jq1VCPHIvDg4YBU9rDd6IyfLHOBBDib1hjwDg3lJz5Ii2krU8IaX2hJzYZ
2020-12-02T21:28:30.911556698Z 332 nOrbHkehgSYXHbo2iDmFDtVQsUx9aGlTq7lJ1JUkFw7Ys8SKDBZDp5oUISqD
2020-12-02T21:28:30.923168940Z 333 V6qZktgi6GmtpMncYeHog80nYCuciseIRoptAU935eCLa259oSr6aGLX1nm2
2020-12-02T21:28:30.933094041Z 334 hO8AUe7pJdxf7BgTQMaENicPsQlLZf2yrKh3cY4JNR4eCUaSCFL8vF5vk9Ci
2020-12-02T21:28:30.944142132Z 335 lapZqFFpLO9gMFRLu5yvdByxg7YjaPvJsJ9k7AVWuK3cF6W1daFesVrtbRMi
2020-12-02T21:28:30.955411526Z 336 l6jXDv2lwiyX4k9rc4IDstsn6qHxQzn66fVeaptNSLqovQcM2599rlqtavjo
2020-12-02T21:28:30.966876045Z 337 8r5YCFUxe03DkrmCEfasyRjotPX2vaFXV0QGVSg8NNFnMHF4Iaf1EcLRPZVu
2020-12-02T21:28:30.978451054Z 338 USzBWz90UTY3zR6rqO18CMMKVttXIWNncTEtY3BpdsPVOl4vPbrmESE3Bzbw
2020-12-02T21:28:30.989169523Z 339 FAri75HIoGW5ETSPNR17ZY8nmthpcmcVZeirTv9VOpxJiGSSRRJNRVx9axoH
2020-12-02T21:28:31.000187730Z 340 zjj2NkOxxdBqAoPVZC7PKdWzdGRY74AkM3RJIWykf9j5TfPcQcUZ3Qlgy8tP
2020-12-02T21:28:31.010967126Z 341 ZyqB0ZktEYIeQ6ZAOKUed9Uoh5paKPtxORCvhS5KB3xyVDBPPsdDOYj7rErO
2020-12-02T21:28:31.022672073Z 342 dT9nfRtp4z4i89pD8yfkedidZLMbI4vaD1TE7b2ENviLdxgYTBYmI0VxailX
2020-12-02T21:28:31.034235291Z 343 08tNBsmrLDjSuSsal0npvNqtJZWFsfPQHl0rL0cCGQVu6QBmXtDaBiHpuhNH
2020-12-02T21:28:31.045898758Z 344 kRuIJ9o8KgtDdsGOKBMQyrnCIy3hk4OxTJsj1Z9R7kOBq59qsvmIhHjjC5rH
2020-12-02T21:28:31.056934954Z 345 qwkTdfDZMRjEN2kfzW5J506wyljnbAMyJDI3TXP1V0s0TNqX3W6CJ0oDybL7
2020-12-02T21:28:31.068865896Z 346 osDKIWG1IVFsCTkoJ67pLUTT8xO50Ix9SSVIfbgGzDHPdvDnqDmFfdNVEAKJ
2020-12-02T21:28:31.080866772Z 347 F92DaE2Naw0IBdrHw3cGFVLMaikrDAznzr1gXTnXQizUIYniNp0TIkE2bWNR
2020-12-02T21:28:31.092364260Z 348 Ijebx4obHMaSbHBx6jU2udNDOxnK2YBnNz2ZiXLivshqDjgLT1Y8w7Yc0CCR
2020-12-02T21:28:31.102921840Z 349 hgiXirpk5yoL1cTdThFEc3cfJwrRx3XTzjjSZ4rlpITgVugPnbvBfoxfq0Mn
2020-12-02T21:28:31.114375197Z 350 zMZCWyk9iitjudBr9njw1ZeboCC54NOK60Tbjyf5gF3UzylVnRUcmguMx5QP
2020-12-02T21:28:31.125096887Z 351 8Mtre9vm8mSB7LnhnBtmngVyznPwTEwRxHMQf3Uge03uIK4jBcFY1wbA3hSb
2020-12-02T21:28:31.136080024Z 352 GWmXw4R5wTabiPeZI3I0aPiVDCrHZsgKepz4hWhvN6YHbg5oIC6TiqGpBToP
2020-12-02T21:28:31.147177474Z 353 aroPE69KYzKfv388Fq0vBMR3v1nznbmTiaXvoJHqa9qQ3DK7rM2kUzwQJTTG
2020-12-02T21:28:31.158526509Z 354 cW93Z3duo4Ba7Dtafcrn7cCAZVugwxoH5hAumHXZENj5Vca1WHQscorpBd2D
2020-12-02T21:28:31.169096541Z 355 SL8MutTR5W5SnD1g5GhRwoOmRQKICbNAyQjybo3kLGO64FHEG2lIXkolTtIM
2020-12-02T21:28:31.180558852Z 356 wfSpyD9pqFLLw8Rk4qIDfaVqUSdNOflrLUunIC1B7EE0JDuoUtKn7VQM2rDt
2020-12-02T21:28:31.191489556Z 357 EskStGiz1a6rx8holcDq3Je35tmQneN1hH6DmwN5l6y9ZLOiVmhocXBPpVmu
2020-12-02T21:28:31.202458793Z 358 pVVe4z8dFcBPAKn45IyTE99RLenxcgBBclHNggw9fJtoBC9eRC1ZEdrnsHUw
2020-12-02T21:28:31.213053374Z 359 g8cTMsbUDcrKFdsUa5FKA6kbwcBIormkLG3uTpG4bL6JDATR1ORQ2E6wZuZS
2020-12-02T21:28:31.224009083Z 360 xyDQIkDiIkm0IxQYNiUwhh48gVjl3vNlFONgTtW5oTiJJLt6PiAGWhWcB9Ol
2020-12-02T21:28:31.235771210Z 361 7hoLe5nMEg1hu54axacNpZYZRKnxB6qT1xLhoO3HzUwxOexGFXKiosL9exrj
2020-12-02T21:28:31.247645555Z 362 8DAphljaYZP9vvPYaqhf6auHOCI1KG666sJDNZjkIDUGzXLvkBQcv5H9bUcI
2020-12-02T21:28:31.259090906Z 363 fEeuNIfVxFTOaSp8yCkhJmFJPgymeCMY1B6W1ZafTDheUgGxLHiZTn1gszXc
2020-12-02T21:28:31.271104124Z 364 mFLxA9sYwwOhxUb1WtX8v9PDhNq1QFf9AJhhOTyF3ko1Cdl8i0HAsSz8RLve
2020-12-02T21:28:31.282539864Z 365 eIowH7pETqIsTPAmFtXCfY7rU3elDzeUAsrggtMuqPCKDHW7t6C4aTReQ9Em
2020-12-02T21:28:31.292842932Z 366 gdDNVdWNiDTe5hGHBJXDWuOBvbN5qb5muuPwGHFJtvOouhn4enUtwRsOJ3v3
2020-12-02T21:28:31.304343657Z 367 Y3FgdgDOEwWdOPLdl7w52c5Ct615Ch1QynfM7kWuq08JsvQwDbJQanjoC9CR
2020-12-02T21:28:31.315209175Z 368 J8LyXipPbVGdvvgSGwDAOBI5V4174cXWKMQkX0xKctXFvrnXjfhRLtgAJ92q
2020-12-02T21:28:31.326068759Z 369 E8BuKNQehnEdHpQJhCdnvyaRUvFV9MEJBNnGS7we16rpbxRMJLhnJYkqIDCL
2020-12-02T21:28:31.337784907Z 370 7MYlpObpSuVMP1v3NZmwaKmbCH1m36Up4us9Jw5WMn1yhedguufwM1FGlxIq
2020-12-02T21:28:31.349282890Z 371 eN0WeFjReWG7EnaNDskuPBctmRVA0hATfcICNozshpJQVWrvYRKXMUA4sfZy
2020-12-02T21:28:31.360490014Z 372 57N8QsFkhwIMoFOW8arC8p0yy3vcnEo0Liy4OsD4acMAOhzTh4FcOQcFdXFi
2020-12-02T21:28:31.371165129Z 373 YybbngNjJ3RLmwiFK8c9c96tNHsT1zpFZAVvIiIih2byJtMZvCu4x7lKuRmR
2020-12-02T21:28:31.382346218Z 374 4VjCwhc1H9PydBKMufPjbuP89xJQpB4pKmkDbav0iw9roi55CeYaE9GTIUel
2020-12-02T21:28:31.393589337Z 375 o6syUaIVpDD2QTPOXoMsjd2bLEhm5v9SLnY9C7LNN2fCff9fvdowq7csFonC
2020-12-02T21:28:31.403886835Z 376 zVC8aLSCdggO8Ii5zvW9iaIXRbmpTaC8JemHSfEjYR7gODGUsXngELTXkUaC
2020-12-02T21:28:31.415576688Z 377 O5wEJxKHOD8M3Vhu2VtlOQhmx8PTuiiHlx4BSg19S2HG08riVDFc5uJ3XSAR
2020-12-02T21:28:31.427029082Z 378 cWeoZyTnaJVPVCznJFPxiXbbmW83iY54HXJHTszP8Y51MRvCml8qwYJQmY8S
2020-12-02T21:28:31.438883253Z 379 pUwKSv2QqXQaxwjjmClagVZmrBrDZsWnkDvSOtZ2kaIxT1TBZur1xEBkZUjO
2020-12-02T21:28:31.450792982Z 380 RpKduTHg43xtbfsNqGyzDpTi2nnSiNwNPj9GrlTzEolDdg0YVtNUcbGEbRc5
2020-12-02T21:28:31.462861100Z 381 VniNpNjh4LP52LiI9u0C4W12xfr2ENfmiGbji4ieDchmns5FuqbCVnkHZW5Y
2020-12-02T21:28:31.473423410Z 382 q6neIA2ifFEE6WrUwepkp4MXfnCx390dLh0QTprft5E7ASsk0bAdf6rXtyRi
2020-12-02T21:28:31.484101557Z 383 spMnM7zcUmBKry3XQUSVIw64EOiZXXZ5GbkuaX8nistanTHroYMAAqJjlx4b
2020-12-02T21:28:31.495311436Z 384 9kPgXqlLUWdiUJ8EVfedqa2Ik3S7e3hd0LnmTSAfWdhUHa2SDwrZxjnJc6QX
2020-12-02T21:28:31.506339900Z 385 RHkNH2y4LIQQWD43hIag18FbC1DGbAGXVzO9yi5Zo54RsYbMTlFwTCDvCFhQ
2020-12-02T21:28:31.517840512Z 386 aCL8su06Qoywhv1nf6D7EBoy52OoBZQcO3tBauJP5JlOVrJopvoEXKmpUBD9
2020-12-02T21:28:31.529795188Z 387 XwBKRrX4zbfTAIdH7tBqtbe5D98cBgRpDrWY3Hbd8dwUsA3QYnWI38VLlEEp
2020-12-02T21:28:31.541334796Z 388 lbiS6OcaeZ0B1Fwow5MbiRuwrrXpJmfl5QX47uZgFW8ebs0nncYgmClEDTmV
2020-12-02T21:28:31.552684293Z 389 4k3Gm6RjnOWdKWCI9c9tOIrHI7us0VwM4R9sBaEW01SjzF2Zy96jDoxdSqPY
2020-12-02T21:28:31.563654629Z 390 ZW2iWb1J6IINmLY2BspTYm5cis1efrpCI1I21llGAPa1JkZV9Z66irfiqChX
2020-12-02T21:28:31.574899879Z 391 dSRcct8JI5O8N0A2UscQIlboADIh4SzjtJhTyekKkKqOOxY9TP4EgBTlZea5
2020-12-02T21:28:31.587001097Z 392 NfLo0psuLqVhdWvy93GBDUhA12E9ZajacrHBvU9CSZOuU5N1oNR47wAuEPhi
2020-12-02T21:28:31.598062242Z 393 MAeENP77EBKwDT1ORfK8bsnHAqZLFmlFXA741jU5Qu2brd5v5BrMVIUDsc2A
2020-12-02T21:28:31.608875377Z 394 qiy0KSYt1wTzjkGjQu1FnpxxExzPnfSAy8XTuly2q4xm7vPajiOh51pH1BAr
2020-12-02T21:28:31.620476125Z 395 JMPdSqsSMYE5qL7tLhuMoLNCu5tNTHnv5kK3nPDJWsgqWirR87RN4pic61Fr
2020-12-02T21:28:31.631096429Z 396 uQLy7QOtK6X3JrMBX9RgSrItauW0haL5vUwNP8N85VSVpggPcbbs3GjJ3HxB
2020-12-02T21:28:31.642927910Z 397 ct9LUJyRU5tSvgDMYL58Gq6giOgoj0eHlRy2Nd0ck4jBpilZoLsxrDCxDCgo
2020-12-02T21:28:31.654802939Z 398 xei5IxO6HI42isIngHm8KmLr6pNFH3mjTCxLKHcTwv9c3utwhSwKsLw4BijG
2020-12-02T21:28:31.665075774Z 399 6Km1Ppbas5gjMPfhm4TkOL9DxVoChLwrngGLhr4y7wCR5iHHpqHqWrkEueN7
2020-12-02T21:28:31.676454077Z 400 kPQ8GCDP6u6OehTs99YBWCAuDW4J1iAVATZctVF2xPtMMgePz1epnt5hfjzg
2020-12-02T21:28:31.687746810Z 401 UOXXZokpemtX0UUKtuC5y6wTPIGnEnubzeJ6KUjrIwXT3218GCBoXmReGOhc
2020-12-02T21:28:31.699598682Z 402 r6uvdTkBRW3Ge18AYYK2iUOL5kRBKb9Ujl4PxIYELXasktWKfW26TT83zwPU
2020-12-02T21:28:31.710287717Z 403 4c6KyR3YUZEksoAsp0LnXh43x90cC8dqXyyfhjhigdarQq2OOEGh7ePrO2BQ
2020-12-02T21:28:31.721001060Z 404 P8zxVDj9QA19fsIsLPoa270qGFRjuPfgOKNKRGvBoBy7bfsttBruo2vrBY6l
2020-12-02T21:28:31.732896195Z 405 eLBbwTz18zhUuLjoHQknbRGUHfARC83oMcwkJqWGoiUBJHUEi6yfVR1A0qRq
2020-12-02T21:28:31.744360223Z 406 2UIjMmlJv72rzXdbC8QrSYk0DIAaY8Xuz1821a5lbFbfKH6xT1uh6jWE8vVn
2020-12-02T21:28:31.754937499Z 407 ZQQslF1v6X5wFmew88kKoQzLZyWTrBjlute3XIGBD9feRabiiRPLVCqFfjyt
2020-12-02T21:28:31.766714996Z 408 dEat1rLyIUhUmkFwygWXgvKh7AVXknFTrUGAwoSAxs0Kzls8h8FB1M0nrdQW
2020-12-02T21:28:31.778479693Z 409 PMUuxt5YTjuUjXynVIZSAZamsEN7ub8HF5s7CdXBt5xVqXte93dujSDcTIdN
2020-12-02T21:28:31.789599063Z 410 2qafQIFspQAP2no3kOKLGrstUtz6FNPhnLMHVxLykkBbzbr6EfkeB4VZzbpT
2020-12-02T21:28:31.800658328Z 411 Dqg44Z0CAt7fuj14qtWSFsKLgaYbME1D0LBACcaMvO2iLSDP37gma8Uw5iUO
2020-12-02T21:28:31.811547771Z 412 RCE7acNxEvVbujewZdYihQATZmxKmElaRuZ2VbOn6duzfFQTxlYXva9O3Agr
2020-12-02T21:28:31.822410228Z 413 Q7BCqViqCqWkGvjLCeOtJt2aocg6RhOriYp9I5II2dsTKYcOuUWnySumEQBn
2020-12-02T21:28:31.833827465Z 414 jF3YLgU8UAYOPS8iuawup48CwBHJ7lrMxKMGj3dkVAo6cIispLy6l8Yg7emE
2020-12-02T21:28:31.845662495Z 415 lnowrZtYww8XoPjO40lxptI62rbYflHTdRJCsR2P2k1gsHSHdZE8vHkQTXn4
2020-12-02T21:28:31.856693128Z 416 vWfnxzc0Dzql409VwUzPRca2IEnjybHYuRNwXN6jgEtMb5oSAZoXhxcs3bVY
2020-12-02T21:28:31.867547945Z 417 P3VTMXZBl8qd6UBUMCWfJQ2tRfeJMHGnvD8A6YKbokuqWSWxTmihuoTJ2iS9
2020-12-02T21:28:31.879520471Z 418 dakFYL2lLD8xQDriFuHKmbwBopiSdLkkxMvukkQDe5pmR1cx4ngDdpi5feda
2020-12-02T21:28:31.890464605Z 419 oDgcNiw3on5yefWMiarNO7y1OQpiDGxLiRShxCPKfqwaXJ6G7TqG4NcAnDMo
2020-12-02T21:28:31.901110242Z 420 GASz1HIUDNqijjiCclOofDgx2L0K5KIqgSisK01EtvdUEQkBqTQpiYuqHiHa
2020-12-02T21:28:31.912793360Z 421 xq14b3IpKEarhVI7ju80xt0Hrk3wa1PETBAXSLSlUDJcHqoWMJ184AW4Ze7A
2020-12-02T21:28:31.924542001Z 422 N0VUhfh6hPtpOVAu5A9ggMBXurjyM1AFHPCgD1IuiA6iOy0ENFdNjIy6n8kC
2020-12-02T21:28:31.935483313Z 423 h1f7rHAnpqCdT7LXRh9xgmLSagc86wbuCd56WUhFIyLgDcMwFGmchldtzRzp
2020-12-02T21:28:31.946032555Z 424 VrxXqjhjtbxXtQvIXWcPIwdh9cAf5FSzlxnkk1SeDkrD8YEyv6x7Iy3P6FcW
2020-12-02T21:28:31.956750750Z 425 7oHfzFEVvdFUBVqaEIdaukbQLMNyaypk1B9Ghlw1ePmGNgyeMdpkUd0ckK3Z
2020-12-02T21:28:31.968279089Z 426 5gWjF9UsGixtWH19QtqY8TwDc06avVANktpXjdys3lSSZFAk7pqiK9lenWqI
2020-12-02T21:28:31.978979746Z 427 gWkYV5zTtsv6QBEFUrbVGH6FNtuXJCLQ95j8MaKt5nT8QXbBwfMGBbzXMM77
2020-12-02T21:28:31.990850847Z 428 glPkmBGwMnQAKfMv7ZCNiMUUX72N5tS8eM8fZSK3cu5CGiTTN6wrn4itWiCZ
2020-12-02T21:28:32.002534028Z 429 CFz3OAkEjQhO5N1reLAfJpfC7zBqunCpF7vqge4ZetZWg4efpDxnhglPEOtY
2020-12-02T21:28:32.013616202Z 430 gUjxXw6b6fRXxH7zpNLb8NH11JUtO1VQdQ2HiEUHxNjOUfq54jrBMpOvSGSH
2020-12-02T21:28:32.025229538Z 431 rF22TQumU9J9casadNrR1ekMFdBKxxldyVA3AQGEfAZy1BTkciTzVAybFlBO
2020-12-02T21:28:32.036012678Z 432 CAtovchfa6IjXbJMO9MwjXIvzccPQJtlTH6B70lUpyiIpUMsFNQ2F8lPVFg7
2020-12-02T21:28:32.047222301Z 433 bvXowOSkzoyHZhQ2PLzQl6xAdBCR8yN0nt5iZnrKoeWrNcxthKcO1uCM7nKD
2020-12-02T21:28:32.058325574Z 434 adW47UYKFqRsH8c8xAyLLS6XOLzP3RerW1sv3Y16PJOv93nAVkArwEuZeEnL
2020-12-02T21:28:32.069694117Z 435 we4cSdNs6q47XlrCec6WyInTEIM45RpwCNH1qn9nGgRkPyyrpiT6XKQYbqRX
2020-12-02T21:28:32.080971511Z 436 WvQt5phNdPReauoDz0hn6aFaoucK67LNpwoE7x62E2bcwbHcyH7NBc7HVjMj
2020-12-02T21:28:32.091922241Z 437 v50N01P9Hb5p2C29WcMzmVjGj31rdEk9fKkTGuzaj9qiYRBLcqa9fLyPcP4L
2020-12-02T21:28:32.103434042Z 438 FgOo6GamgjiXD7Pzq0i7wmUZVodIVLCs3EbLGURmp2LJc6QFCzRzZxPsswtp
2020-12-02T21:28:32.114071636Z 439 zby3t4GrXdl4PmTzvR4v0uCPBDlmZFf6rdFHKUwazTNhKGrOCYBVEHZkMEzH
2020-12-02T21:28:32.125130717Z 440 SxV2IlufPP37UVqoePCOen2OSP4PDbHzigAKSwPWRm6BtUZCKZBXJP1lSz9S
2020-12-02T21:28:32.136727922Z 441 bi532rsXXnWH2tzMwYtYj3evbF5nA64C4TLhhD6McmfYMrc0OaI2xQtW4Lu3
2020-12-02T21:28:32.147148561Z 442 MMvNLieYgajqe4VdFY1DuVpYK9pNDBL3v5Zr5rki8fvVQ9qT1pc8vmOqJOeO
2020-12-02T21:28:32.157989647Z 443 wpJrzDVouxL3C7g1TFyjB2QO3LmnfQLVYiBmk7M0iOOfrnl35mcZrW4JzeNM
2020-12-02T21:28:32.169886722Z 444 KjYCGb2Wfi1GmS8OavXIR31ox3NSqztSeEoWz2hJfJzpXfsfhkybjm34ay3h
2020-12-02T21:28:32.181744721Z 445 Kdd3mf9TMMOtLbXpPiHOJUF68SJ9Y0rFsL9uoj9ZMe0EdCXTlb4ydrld9DpM
2020-12-02T21:28:32.192728810Z 446 sigzhJAX9UrG5fHOhgN0nvCjh2B8FlVqWYmkfqAdTI9KRgOXHKB9xynmjiJd
2020-12-02T21:28:32.203866221Z 447 37u6ht851Pcj0jqmM7rKoxEUbLRBdepfczkdlbzNg1g91li3YKCGBSDcMCxw
2020-12-02T21:28:32.215133496Z 448 JNbVXHvdbk2l8VYd3Jrmo1oTBqS91UexUughcvn3xQMvR6mpWuHAXNqV4hkn
2020-12-02T21:28:32.226563209Z 449 w0CKncgtWlKZN0arkQMAEhxEh2ye7fmH3WflAZS0qYelTMVzB1QBfL1jZPHe
2020-12-02T21:28:32.237182074Z 450 YZbayFTxgTfuehW2SK4oS0puSGtJGMKnkhVT69iC4NTf6pGr4z1WHDwdeZ0s
2020-12-02T21:28:32.248760911Z 451 ulcjzjs1sTrONsWI0B8hzPq9H2aJOcSSpMZMf9ZA9jxjxKBGyIGRlzGIzMEr
2020-12-02T21:28:32.260877009Z 452 iIzVGQfxSkJqoUcNt5peXwpRsTMuD0fCbbe3CS88moKfvSZgfbIgXcP2zGzy
2020-12-02T21:28:32.273160309Z 453 MqwzzBrtU5gQEj2SeY6QCcayl6QChGg7VNLnZDjtHKBh1QnJ8c2MYAMAyo9V
2020-12-02T21:28:32.284333539Z 454 cxN0BKcwhe8khGlWzE8fmmm4D8dY64ibBbwwNgFpyjLUTLUGbUnzW0nKfVlZ
2020-12-02T21:28:32.294946214Z 455 iNYutMfVJ1ymtm1LSaqJSDPCornKzhHp2OIINdECpoO8Wj5tKefmIXhVHU5O
2020-12-02T21:28:32.306299631Z 456 i4YE2eEwHlpCcyQ63t6u5MkUxfUBMdjatMBEvR5dr3kENjSWRXQT6tGMLPDt
2020-12-02T21:28:32.317814118Z 457 bb3mXQOIkX0svdvGddTgClSf2umtFjgAwE6GVQJ7YxXjqoaa6vwuv6qt2diM
2020-12-02T21:28:32.328661585Z 458 wheul18wtOrai7ohesoiOlsbQbRJD2GI5xBXvnlFGlbRPqIjmvE0sJzCOHYk
2020-12-02T21:28:32.339660340Z 459 1AvoPEDzlXNiZIaqcfuIrX5r5hhVbZIGCkpOTO6M9mTC5ZpiaYJMyJQeXzLy
2020-12-02T21:28:32.350146101Z 460 bKg60qQypIoGDfN5d1EMsmZ1ONknIlho5VZAnz3cS9fgVYXSUIviuZZwrUWz
2020-12-02T21:28:32.361491699Z 461 CVHhRcdVokd9bk8nKBvsYhvdQcJdkLEsp5kbV9VIXd30vCteWGue0pGnMFge
2020-12-02T21:28:32.372183030Z 462 oW6j76dMGgn5MS8LOxhrLSpUYAXdXmoWdlSt2VMFdQ0zzdurdcVBD1tD6n5K
2020-12-02T21:28:32.384044473Z 463 QIY52vYRaZk2y3BJvIpAIK8FFodnl6ZcEGRlrFMEqkuSa8ye8gHsn6YYEcDN
2020-12-02T21:28:32.395852811Z 464 FgYfQzaX8yPdcMxcNqVe0e4kkEYI50AvB8CnbfCIRmPhEcgwMgC1xwA4BScC
2020-12-02T21:28:32.406830501Z 465 fxnlH65TN4xPatIK7ZyS7B04MiRAaGkDkHc3evrf5XU4YFrTfouc0SLAy6ew
2020-12-02T21:28:32.418297316Z 466 TMr2ddnF6y19rt7603YOeKLtGf6EAU9BGucQfDqmBPQyap83IBoZhd7zJnem
2020-12-02T21:28:32.429552626Z 467 h38cbHRKi2EzFit2z3GzzpiAtKH4t6ANpTBDrzjIvwLOfFajXkyULkIcQgHi
2020-12-02T21:28:32.440259014Z 468 qOoqvDzdTmWv1gy4ssMz3XyRHDRIVMxn6yCTizfD9xYRaad9INwVd1eqvxDu
2020-12-02T21:28:32.451271554Z 469 ZgRcl95IrhY7W3WeYC7DRLMLpPoeNZl5u9TozqIU28WjEHPLqalQ2Ti9axFu
2020-12-02T21:28:32.463008210Z 470 BC9k7bElgup8zGcizRHwPtrhEcIZUyytzvUF0HKxNJwZfQZHtlNy91vXctwr
2020-12-02T21:28:32.474832209Z 471 RCGnxvL4vgsETEFwtY433IBEypHFQMU0fbJi6SuEsjM42ncnZfiACd9eLWWB
2020-12-02T21:28:32.486724275Z 472 cJwKLwWosZhZnEYC9kHf8ezGBG6vb4Q22rkEjmiZpjfx9cxbhERvpfy02J0T
2020-12-02T21:28:32.497903041Z 473 aE6V9wCfjO2zoSwdUiEM9bNZyV63nLvU1RQE2ikaJsfqi3ofUq8klheiWG6d
2020-12-02T21:28:32.509512786Z 474 mMP0jztkie1td2QTmymlIjNZ29yCKKHXBpWEZLt5PFkWf9iToSzGomOVHcOD
2020-12-02T21:28:32.520411318Z 475 3CO6x38uBCjShKMcO52IOSURS3tbT8MdHL3NhtMFOPQNZbFUxgt9unWIE82m
2020-12-02T21:28:32.531443584Z 476 0a8NJxWlFNkJbG44ifezM3YTQAVtJVDQQWZSbLuVoa6rl4SASnspPlnlF74y
2020-12-02T21:28:32.542210764Z 477 c3cH0GZq7jfDItwOeT15AWLWo7zt8Y3V3iiR33P90BggTkncVbger5BmLeDE
2020-12-02T21:28:32.553088483Z 478 c4SvPiBiULq0hyqG18Mp16rehsJaGCTKwv6GbdYhFBlPIeOsIYIrvl7zUkIN
2020-12-02T21:28:32.564576487Z 479 aRtkbiB40Mzw15YQl2daZUrrWlM7FsKt3F49AenH7u1BiNlFmymPEQBZSjIo
2020-12-02T21:28:32.575195105Z 480 CENiyKNWj2bxpeI1zRuWFULh0ziAhUXIo7VUR5Zc5wAuF6MU67OJLGL3d3sz
2020-12-02T21:28:32.586843040Z 481 dIE2r9OWbQ5FLiuPv1YkirN4viY9ChpjDDtuW5I2CfK7KN5wkcInUblJR9oF
2020-12-02T21:28:32.598950897Z 482 aiInSMNfwL3kMz9DxkXQGyFaJ8WqcE2clUkFBuZEF8seSlcaky0TShVbUshJ
2020-12-02T21:28:32.610238786Z 483 CS0u5LlchARMAyMzu3fllrKJtRej8FuGuVSlnM798k4qcNMbRp7SMq11kyoM
2020-12-02T21:28:32.621300881Z 484 cRsGz1clV0CLiDcEt2wRXPCqE3qFKDweSKNY9jkZxzkOqop2jAOeSnecwrj6
2020-12-02T21:28:32.632715049Z 485 TAAf7g9YzcFgCyvMFVrokcOOLG5CRRgTovK3ZapXsauaDM9hno2IGpW6aaDz
2020-12-02T21:28:32.644870101Z 486 Ghtuuaph0U5lpeQr0lgUQdT3RDA48wyJWnyhXbEjZw8IBAVEy2HS4UceLVxC
2020-12-02T21:28:32.656590439Z 487 1nFARCVKLirODGvQAIkCFBnWL6O73suLqfWHzxckVar0WUsJPNmVktihfN0T
2020-12-02T21:28:32.667846086Z 488 Gnwrh2d9W8wXD9M7oIFdEABh9o5GE2QZOSgBtiyn2CRARnxwI9QISwiMUUjc
2020-12-02T21:28:32.679054474Z 489 Gmm9Fcku0pNq66yZdN7Xlwpl1FDMQ1epyENXEtyXIaHSGjxuM0oRrwFMfoeW
2020-12-02T21:28:32.690729971Z 490 TktZFkhP654O2DM2mRFH1hauwdWwhzyhipNraUUQ2CN169ulCPqVsFkgFyQx
2020-12-02T21:28:32.702867225Z 491 uvb1EzcatLLAu9Ibv87kxAfSDHHSx7GKYtlCTeKScADMMNdGIYSxjbhH9LkO
2020-12-02T21:28:32.713264182Z 492 m3ANK0R2f5phFUEb7VKJ7S6TmYouV8jqynzE2jxufnUlhCHWtmhnTFC2gFSe
2020-12-02T21:28:32.724292473Z 493 17reyzYSFYLWKnAyKigZ1jUWNO2HY2lRkW2oLF3eYRnUKfUQYelBy1YWAAFV
2020-12-02T21:28:32.735888122Z 494 g1r3at9qA0jMLNU1MqTsFp23pPyl9HZX8J3YD8vhYdqtAjtXuXkLNYNBF9Sb
2020-12-02T21:28:32.747786057Z 495 81sgCWiY3T4zg06WiJTJQHXHc0X4SVaGNkL1BiCFCpUA8EXYafcpOwyh2yzt
2020-12-02T21:28:32.759570831Z 496 9qkmOlVGvyMLnRNyo4aq6pYCCdEqf8lOMurzBcep2aV2MqSlTjaxM4S47ERu
2020-12-02T21:28:32.770311983Z 497 ucmer2MXcYeQ2c6gyeSav1ftWGjBxEvssmsrWWTeOpxfEiB6Ke1YxyK7l4Gm
2020-12-02T21:28:32.781107327Z 498 5TVO0VGKb28HyyBA8ugle0sGEYbT7kD9dQEr3OzxHrROmEpCi2r3o2Ao8A8f
2020-12-02T21:28:32.792223186Z 499 ddJFvwcG8URC2XCZyR0utC6a4LInxlERV50Cg0KmaF1APq0CyyTaStw5lS9o
2020-12-02T21:28:32.803440337Z 500 ZQ6JRJA5jBCGiBlYLTyim7UmCXekUlOJc32QyAQ4sqVGmTby9XGtUkbWbCmw
2020-12-02T21:28:32.814666145Z 501 ZIn6HkFE8RnwbggWmJl29IxMFV7hO7QRd2AohpD92tZS5k6x5uFRHZceVqvn
2020-12-02T21:28:32.826138203Z 502 NlbOLqB2DXsrpwuEZVcPp9gyfJ8e4hlEJpv3lz5SkLvaY3bPE8cXlW2K2GFS
2020-12-02T21:28:32.837698780Z 503 pO9ChauTTRLEbmc0HfllngI1jJInBDppVZwrZQDy2l1o0gyi8GkILTd881RG
2020-12-02T21:28:32.848737394Z 504 NaM5vTHsS1kg0tVkoRw6CB2dlTg6LwwVS5M41smFpkPlnbSkWqL3qkgBvVzd
2020-12-02T21:28:32.859414843Z 505 PXBbwsoqxXidzZEQxGDF5DH8pIyyBGyGa3PwlcP0MhJeZDhIuZeCUHIVxtap
2020-12-02T21:28:32.870661707Z 506 jAltRz6FGRTfqUL3SjYYkYMLhCIfBZ5qJRdB08WviXv86b1AAqRinwVUdqAI
2020-12-02T21:28:32.881347802Z 507 SrXDIHDx01fLlrJsYJIgi8bCGJ9JfrFkj5lSl3Ts7dExuDfAwJFrakxQ3YeU
2020-12-02T21:28:32.891736721Z 508 m6xVZRiswRXu4GGLZ2hnSFCiThqlPG4evs1e5GH3yF2ZGalqUZGSZrYDoK1o
2020-12-02T21:28:32.903238128Z 509 3D7HuAqcwUXYSR2kJqW7dZoo8zQjIEizkARJjN238zFvUOFELsKk5Px1p4ps
2020-12-02T21:28:32.914015378Z 510 vaDYRn2tDixRbG72m5E8c9XzBB2kZeacx6g1kQTkih33vQfSzAtKcxlXowW9
2020-12-02T21:28:32.925978821Z 511 swrZVysKvovYLKtGG19VvjXWZoY5ZPIlK0MbtM6GkPh6exLR0CKHpl2ztAIH
2020-12-02T21:28:32.937090554Z 512 j4NGPrHM9auue0IIqTOyIyOUgbB3Zg4uCRck2XhG35HmBkFithKwdfJppVRm
2020-12-02T21:28:32.948073753Z 513 Vk1C7zS7A1t6yXIb4t3pMRakjLGWsX2GhvXlOf46BfM1AEXvGk1XfzX42ddD
2020-12-02T21:28:32.959672633Z 514 J8vlHUAEHDZFIaRWb2vX419DXM6Kqh8TZGYUJmCef4w1bcfq5qFyX8NupNLQ
2020-12-02T21:28:32.971259218Z 515 q84ut8pGFaBDNLDBaDTGJldV2TIwFZ6cshBCKjymNT9wj2hnKehzvvy71lEc
2020-12-02T21:28:32.982341464Z 516 ydLpMDE2V55ufR85VJI8s3bPyoUyLR1DUUTHYXBg8skJPHCtvIvNzzy4dkeL
2020-12-02T21:28:32.993363002Z 517 cmqokDdzHKQUUeF4EqtCj2cj1PJZqaO8ql9IbP8qHwKKgaYrMnBn2d7bOUPw
2020-12-02T21:28:33.004133512Z 518 TlrjFNskcLokb9OLKQh27fmvuw3hBlWus2cokrZ5wKAaNc1uKmVJ3Wn2Tcv8
2020-12-02T21:28:33.015267908Z 519 Gbr69HtyLvDlPSswGotRo9iRJEASBYLIyoOraGLggHtT92qvSdjztEV1i9BV
2020-12-02T21:28:33.026071234Z 520 sQcxaDHFjuH2DtccuTcDh8QUZLafPsYlZrREzUFyVsvCmQ7vhvIYa2w7dlQU
2020-12-02T21:28:33.037843743Z 521 gI6XZtzeKw5A092uJ5UnQeVaVT5N68Jok2UpD5S6SfrZ7AAO56ndIVzo9TQm
2020-12-02T21:28:33.049726533Z 522 rpzXI8PlJ0SguIDApMV0Nw08v4mAp7l6mLWyAPyQjHw37aqMJI4mGR7Nv8GY
2020-12-02T21:28:33.060778237Z 523 Ill5n9iM1pwJOaobh4kDxF0InpSFk92PvNaQqjxmQ6XLreIkLzxXY0a9PBOx
2020-12-02T21:28:33.073014362Z 524 DLpJh0xKJGr5cWe2hcVtvAtQB969uqEg893R78lxkk989KwOAYIGJqASXbrJ
2020-12-02T21:28:33.084296275Z 525 4nA29lm4wj2hOyrKLzjrMVuKg89h1tXK6DWKCNDNInWt6Z0u5yoTJKIS7P3W
2020-12-02T21:28:33.094931579Z 526 MSR3MnU4aJycbR9DLqzoG8lcIg748uMR56cD54t2x7o209d5hetJsJFtZsKL
2020-12-02T21:28:33.106818573Z 527 HPiT7myc6HKMYX8rYdakqoDPzCA6tEFAhzSXn4OquWsfb1mQKdDz6mdm9vyD
2020-12-02T21:28:33.117627338Z 528 U3oEIww25RM1X7ekjnud1tDyDsAJqlk4vcqiVGMwLrWCegaEYttQSjLa2ZU5
2020-12-02T21:28:33.128531520Z 529 VS8Ux8GyOtO87OQNmIKDRxKUi8aaEcgBpbrN8EMGkEP7PVqSXiVKThjLX5RD
2020-12-02T21:28:33.139781060Z 530 0ORdsU7AXzPfsc0HbEwc73kq2fAPFYd9JivModtQp8kqHUEpof9CSewcVTXL
2020-12-02T21:28:33.150827112Z 531 WHVfTADSg738LyvZ54WJOWwhVy5DmE4FylN4LuqH067IlHjmtf9wxt3E661S
2020-12-02T21:28:33.161656070Z 532 hopVwc79TVnDVxTUW7afFnOoBnijemqJuortU3nBGJn7dtEf3nR7XskVLo87
2020-12-02T21:28:33.172814675Z 533 10dLSYpa85fhe9CJ5uQa0IqdwiNQtmUdck5VoLQNdWosiksqn3EU3VTxyFd6
2020-12-02T21:28:33.184437985Z 534 0fS96pK0IVuVQ9n2jkzfyIUJ9F47tIVHrIfMFATr1niJB9WBPUxYgyjMCvdX
2020-12-02T21:28:33.195035214Z 535 ul55Qj4hJMdK1T0eksw7TBK42TJtLZEaHNyf8M6D134AO4W1iWr1ylNQkKKa
2020-12-02T21:28:33.207003848Z 536 TmrO7iitN4zqVDNZ0nqy7HKYSYFlgWmrl8wOE3X1gYPccEt82nYHhgcLwF5S
2020-12-02T21:28:33.218185583Z 537 VqcqgUiU3JQGEVRj7hT51QK0nYfp1La0ZGbdrh1taNYYmtZGlOVOwSSgmojy
2020-12-02T21:28:33.229071725Z 538 4wRT2bduEDSOESZMHSP9biysmbaJbYA72G1pzF37VR510rXw0EDxaMuhFPXp
2020-12-02T21:28:33.240920973Z 539 BOJmF9tVt9k5TOgmtoHqVK0wASOaddO0zcjpGzvPpPiVzk9hkDTvfo1qddEk
2020-12-02T21:28:33.252711743Z 540 IyQwh3oh49sOyfB448VrK8MiSgwYS2SLxcyLIiKMIy7YZUNTKCYrQ2YGFI6S
2020-12-02T21:28:33.263951739Z 541 2FjeTZw8SC2arcaCLVEpGBDTPgvOaujXZw9WyTdqi4TVTePwzAv1aAQ51DvE
2020-12-02T21:28:33.275100287Z 542 kz8NVXNgGnXbT4PQRgcVMG2G2yCig68w8Lta1iXzjFvc3cQpTCSuKyKDlV0O
2020-12-02T21:28:33.286000270Z 543 aJc2Tb7RIPSjv4OtZ4Uw2ndEgbWyGiNwGsXsfZwCir92cbICnocoOKsskbLJ
2020-12-02T21:28:33.296773424Z 544 lhQyafNedsHidLoKazP5Y4nTGTwCD5mXrRVr8kZx1RrfqkYtPNUGT5kcdMR7
2020-12-02T21:28:33.308222108Z 545 1xdenVXelSGRhzegkTEiHh1g4eWRXJF8g5JHalyt9eM8WyLU2w17a27g427F
2020-12-02T21:28:33.318990517Z 546 aD5vdfayxDyZTPqENxB0tlncDuiAEOjZY4noKslCVQ0YU279NKdjM1Ly9u4f
2020-12-02T21:28:33.330956212Z 547 NLIrGYy3GRgtd8LZBafZOiZcU1wtYasFtZr5Y9Cubns7tFHdizwbcCKO5IQm
2020-12-02T21:28:33.342869891Z 548 O1R2NC92MrEgMhEuuDARcy1cW94lEBKTtBsugcllvuUP0G7PmsUPmbMIYomz
2020-12-02T21:28:33.353987173Z 549 WD1eDElLI49s2pBkIpEfckVltCrkui0BITsFzURG7S6KDK4E4jf1z6s1FAx7
2020-12-02T21:28:33.365077397Z 550 rWKZB9rXvtLBQb5SnIK93gwZoRy7bz9lrn3aFLHUrMRJQrKWKsnbAm9VJ0g3
2020-12-02T21:28:33.376781001Z 551 LAzzJWLGHKr48pZVzLpDEtNPSTJEtzFXJazYw2IKGn1053OTM4I6lTJjYqfB
2020-12-02T21:28:33.388572917Z 552 U0KGnVMl0nLqkFYLtenMDtPYjdLVyumJTXMygJavZIJRer6UQhJ961wLBNTZ
2020-12-02T21:28:33.399561558Z 553 ugqxjztf0QIvbi8oBFEP7xrBsLt8fu0tbCtkwoN2wbeB0chIoA5G4KxoKq5F
2020-12-02T21:28:33.410661828Z 554 76nLW6ysbORUV0W3ZoISGnFk4igH1je6CbWxSa8rtIi8nIHMbpdCQdVlgdMe
2020-12-02T21:28:33.421926115Z 555 RthQYDXUxT9bA7gzn933LdKJGq4zCb1JQvcIxO4B7gljgS2iwjlaHMGaEK9R
2020-12-02T21:28:33.433298315Z 556 SrFCZ6TilWKA9I0bWZJhLLKdc58m3eLFk1evx28R7ig9BRh9xPJ9MO11EnFo
2020-12-02T21:28:33.444001834Z 557 CXXxbGTdLSCosenAp8wHGfOOSadklq7ZmmTw4pv0Htov7XZ8wlbmxVeYDgfp
2020-12-02T21:28:33.456015948Z 558 nyTlaWgyuUeCf9nEoNrBl9dVzabOtNtuuHWsHDFHwPSN85s7qG827WYuPl5p
2020-12-02T21:28:33.467971450Z 559 JgPwvYPQc8SSoDZvt5erBSVcYeqmJLKzTPbvdaeDa8UR6C53TInAEjYTQQmR
2020-12-02T21:28:33.479946744Z 560 BV8sCfbzRveFtj7yKl0bztHAWFQiNgmnyTXDWnANlUTz9RULaKubVy6IeZeK
2020-12-02T21:28:33.490887121Z 561 ElWZClxoEjPBgg7RMKYS7oQszcS33RgcUzHev8EFpOflEB5McW5qPnZRdMI6
2020-12-02T21:28:33.502375540Z 562 Lcjy5sWhmOX73ZuD9lVbYOVtDRNyP45UfZF8PcKP0wVAdi6suhGoO848WL4K
2020-12-02T21:28:33.513303448Z 563 O4HlDUVYqTqeZgzwTMca6svyXTDYI6Z1stv4OUfPTNtbrYHqoNxKBPwtpSBi
2020-12-02T21:28:33.524246010Z 564 18qdD317C2mL5IkZSvaY5aXt0vHvR2Dhhp2qplxDx20mUDIBVdh8fEnYauw3
2020-12-02T21:28:33.535331868Z 565 ZynuWSwaVGtHEg97AzBFASb8gZP2pVFw0261memKDAQMB4TKmYG6cZIZmXLu
2020-12-02T21:28:33.546158063Z 566 4bffuCXAQo4uqEO66couvPGAOH6XLBSTxdXvd10W58A8E5hoFbrNHY2VUZn5
2020-12-02T21:28:33.557238424Z 567 wE1vcrmPR2C2PapQnZzz1smLnmfGUJ4Vv0FGogfLfqqzs3etXzayvkgD1onw
2020-12-02T21:28:33.567956531Z 568 4oxVblICAUWX4LbV0wCUz8Z4G68lunGNgSvHdXNdMiz98rMkQRiApZGxRY3X
2020-12-02T21:28:33.579357069Z 569 VgT5EzAPOsrjXwPjfypApvjadF6QPzgHUo1LqpxetdA6T9GvZOjP8yNmddjP
2020-12-02T21:28:33.590125671Z 570 yYyjlWRn69WlMEM9qnZ2Uj1fqiYapnptmcusgQDiHTZjX2MGH7Uzt9pAgSCc
2020-12-02T21:28:33.602007943Z 571 Go5OHFbuhm4RTwagJvdDdfinfvSVKGLxGvFwAmwCtyECCehPeQsj0DCIzySK
2020-12-02T21:28:33.613998417Z 572 WkHgMAWPMjeZmVZiPOUA7oKRvqtEWc6jIpidHJLglnOxLwYNogbXj0wKGGaY
2020-12-02T21:28:33.625133243Z 573 asQCY94DOiACsw96KdYB1Yi6DoLQihZE1klqaaXYQFlkhWa9500Box3f5O5m
2020-12-02T21:28:33.636478455Z 574 dSj4Bk4MdOGETE1MNYdHS2k20tz5S7VOHWS61xUeJNdIjvtbhZcNJv6o8b6p
2020-12-02T21:28:33.647064476Z 575 OYx97iRJtIe3OA2ztz8b6Sd5WAXY21DcF8fZ58vKx6GcratGI5vGFqphulZ8
2020-12-02T21:28:33.658101191Z 576 FgL4PQvIjjFRHT4Eb3bSSnvY7N61VCQkjBerimYdZlv8e6oLBbBQH9EzAGOq
2020-12-02T21:28:33.669582909Z 577 7mMHO39nEqAQovKoQFmErjhNVchpOrF8IqsbDtsbsYeyf5A57EKGLriBJYuc
2020-12-02T21:28:33.680914494Z 578 6fclhdPSHwPNs9FGS0fhjaTOBEsXFULF5E4Y4m9VWLVf4jSUQ8GkgeedUBJr
2020-12-02T21:28:33.692184065Z 579 aNDZYkG8pRLpEQOEr4ZsXxrLdjHV0LotoLk6ofBP4RrMyrtB1cazvEEqGWj7
2020-12-02T21:28:33.703464987Z 580 sAsb3NaFXpNpefhrgDbb1K5OyQp7llFBaOPt140b7v8XA0NUVElRIQ99IS4y
2020-12-02T21:28:33.714515784Z 581 iI9lO003y1GzGX3AA3kBP3uKBJSeNU3cXSg5yHIALFgfAQrkgzbIgmvQ1xKK
2020-12-02T21:28:33.725716295Z 582 mdynMLfDNOLFiydnM5quwG1TeI1zfiqWYS7YTXlGYvgrBTH5BaxWGnJKMsUb
2020-12-02T21:28:33.736809484Z 583 kBEhKtngpyT8hD1GPyQXuBqJDjAsUBBbYgOxk3avCEDYiRTiklz5gCUQD2DR
2020-12-02T21:28:33.747707732Z 584 i8A7e4qFMQ9TjrCjqQGXiAXyFvnEAdTB0bTXMTNMRgOqNFu0SPl2WSINgJCR
2020-12-02T21:28:33.758036387Z 585 477zOrjnOBNmmZmD4DTCBNJgrQRGpvRfxG1EaKhKl3BTFpwvcYkXyGWteW5C
2020-12-02T21:28:33.769474449Z 586 lzeGKHJswkKUqPHgy0kZtYDvVrIlhpGseRYd4yYo0SrYyxrsTU4anHaI1QF2
2020-12-02T21:28:33.780084898Z 587 ZGGrC3GmNLLHcMldN3RJnlmgXq9oWLMnxmIrcZfvsR6aazsEw0jJFmiYNFNv
2020-12-02T21:28:33.791268085Z 588 FfMiT1NXLqa36JsOYYTx5wgOVkr5tSCYezFRh3x6lyltfk878RXZiYG2HQGA
2020-12-02T21:28:33.802389279Z 589 ddCFrUDQUJll90QxDIEeUxxqkHCMOd0CK2Ae8cATzwGEqklcAvNjYHhtLvSf
2020-12-02T21:28:33.813197974Z 590 eosYK9wC3Qc8F6NbWWZiwH9YIFjrIcMzmPlqPluKnbPHcp87FkPzvp01zIU1
2020-12-02T21:28:33.824707803Z 591 9HsAuxYj4foz6dU7TQJ15wY2LorEIu2lNimnnKmIjjFLP3p2hEvm0UiQbhP7
2020-12-02T21:28:33.836487369Z 592 zLD0Y453cvd1YOYHJ7XUAC9qQUrAavuxF82U7mRiEC6p0k8WHgioSpLQu6vf
2020-12-02T21:28:33.847184892Z 593 VI3yiH0CIbGl87NI1uc6y91ETLIillQzl7zaEsirJZLH9hsGz862x0pflzqO
2020-12-02T21:28:33.858999860Z 594 uD9ZNytMdt268o1k2TKeg3GkpDdV8RuekXLqVMoJiT9ZMyIOZGV4gtgJa23O
2020-12-02T21:28:33.870863781Z 595 dFCN261O7SkBglYHMUcq28BcjhLuBmzZ6VSFxesozAeunZKKILHiKnxoWlhY
2020-12-02T21:28:33.882452686Z 596 PKA8mnIvutA5lpE2HpQsV1zyEI2ygefhmTWXvUAyyBBYEPj5s6eoatigKVD0
2020-12-02T21:28:33.893775726Z 597 r1QKV8z4gkpxqgNmdneDSuktG1SWcTpnIkox8DCSVk33FaXyKI0reF33viAT
2020-12-02T21:28:33.905240663Z 598 9224UjziP818aOor810SnTlHWxolP4o9y6zm5dWCJdRPHt8qCO4EwE3HZkVL
2020-12-02T21:28:33.916217401Z 599 KVWV0gxNzz3Un8s0VPaX5l8uE5JHwPalBUXPyvJbH5ajju2g6qqozezGIVXD
2020-12-02T21:28:33.927099013Z 600 dcj9xqSBx95CHlcfLqDEg8nP0XOsNGZNGDDj8OZYlUBNNiDuJq7CSygD7cCk
2020-12-02T21:28:33.938431365Z 601 4WwuciYTAZG00fdwtQqiaOgr52IFY8OUYBueaQLSdEPdzTjjIitGT89Qy5ny
2020-12-02T21:28:33.948826615Z 602 7YkL6xPPtZeq4iKRWAp9RkP0P4gwfIMiLpgtCNVRABxaN2BgBvzO927z0u8Q
2020-12-02T21:28:33.960416367Z 603 eP4BgYexLdCCtmhvyuqleTxt8Ed0RMPHZuRxxNlOtN1ojPpeU4tFo1UThghs
2020-12-02T21:28:33.971532517Z 604 C4ktWfKQjIQpqz2AHgVWPzI1VKRCW6L62l8NhNuSXg8NWxw4dR4ZbmLHblk7
2020-12-02T21:28:33.982796305Z 605 sOlrTeZvHFFzfeKcmGEq4YUQawngjoE6VdFNaN8jxrGegzjdsbWyHE9He1mv
2020-12-02T21:28:33.993005199Z 606 NlPsvaHFjU3VlRP86EAJgZafpxRzNQYi4ix5o2ZGEO9T9hGENk1PmSt2gA1l
2020-12-02T21:28:34.004895445Z 607 podphV1iSPVVEno1Z1Dv3HTE2V9uuPAf5F3UqG3v4aDIP0E7wRmxirFrFDh5
2020-12-02T21:28:34.016285307Z 608 zhvmyQYzZdS9oO49oDPi1CGnXX4M7IGONElTKTOGVl0ofmTL7ZV5JE6l8bW9
2020-12-02T21:28:34.026986839Z 609 74oQCphyeSl2o1WRMHkUpmHsyphbua3FjW9oKTPVWJLzXRWVKvygTz72aA5n
2020-12-02T21:28:34.038797320Z 610 aXhks0OZ9Q6ANQLjEt2YDZKK4YTheZVRfipoMcNGpjq9ftTwdnLPDPP58vYa
2020-12-02T21:28:34.050808372Z 611 7XJDsSmu8fgu2whyEnJsLwrOBL4JoexgZLubEARdJJJiyusbeYtv5GpdeuMR
2020-12-02T21:28:34.061121176Z 612 6HVhObHdVE4wDnbH4BJt37yPlmyNetN9iKPeJZUXlheFFLGBSpWromeSFbzq
2020-12-02T21:28:34.072015215Z 613 Yr3tISeJ9psUW3j5gi5Llb2RMMiek4Zz66gBMHkX9T5aC3oVYNqvptX8pIpQ
2020-12-02T21:28:34.083093899Z 614 TwR7baD2JQvdhDY8voxyIhwtmdxnqSUWDpPhRapz2EuFGBS3VHTe9SARgZnB
2020-12-02T21:28:34.094799651Z 615 XLuxmuLsTKeyM1Qc7i5zTuaOpKlFhIqFoYPmO0K8engo9fFgO69TUgjRtX0s
2020-12-02T21:28:34.106554483Z 616 d8RoETyfzwauf1GMn1gKCOYHPJdoxw5ePfrljDpiClqUScf3zb9ecfl6zsSu
2020-12-02T21:28:34.117699970Z 617 XXmJNilZ44xpX5C54rniLc6YmiXtVBSkC7bAUH5yV9y3VHWSOP4DOq9tazWz
2020-12-02T21:28:34.128869678Z 618 OmboFmEjq11C9doHEpKfjBBHCSnwsAB90BK5LGGSkeeD8XKjiTLYHYbYayQV
2020-12-02T21:28:34.140325886Z 619 I6AJeb2GxlzMQ6h0keJLObYcuQuuw1ufBmX0X9cVAp3mZFdEO1RNhAlCGGNi
2020-12-02T21:28:34.151618637Z 620 SvCRbGOIZDdKjqUNC4deplXcRCHhHyVbcb7SlTeB6bZUnhRsPLnjIIAyMT2C
2020-12-02T21:28:34.162317404Z 621 CIsX5I9FarbHTYFiBWVgbafStJyJXURvWLrFuP6ZnLTyAravsbGqNIpDSjOj
2020-12-02T21:28:34.173104862Z 622 wHhAfbouYfNYS9TUjFTqKq5Ul4VFTnMRvWi8Ov9hPDbIosTVOKL8mBL5Kv8R
2020-12-02T21:28:34.184052041Z 623 3Hx8RtoGrkvZbZ0oOjKzEX7X8ECFubD309qzxDG92ALVQO5VBv83ua7KJTmo
2020-12-02T21:28:34.195161868Z 624 e9cqANxP8bPKL1aKE5PQ6BuUSvO8Nqt467PR2PzkpQLdB4BFyWWSOVd9cBMk
2020-12-02T21:28:34.206255880Z 625 EFnmYpjUDLDoFTmmYcRF4Kk0hGKUs3Q8GvO7Ibtkt3lPN0F76OJtrb1SAgUJ
2020-12-02T21:28:34.217585617Z 626 8RJc9HbxIT007EgB7MoSgeSO4wlUqCBOFlTA124y6IsgT6wFpIaVEFoZf7Lq
2020-12-02T21:28:34.228208134Z 627 u6nbRMC2wuwY6FBsWTg8SfJbUDlHL2aEY7sRspnwNezmnkmtQBuz1Hcad90X
2020-12-02T21:28:34.239386623Z 628 gHdWMZ4g8IHq7gsLTrMNIlO1IhDuIN9Q4jVajpHKF12xulyKrAzDuSl6RTcl
2020-12-02T21:28:34.250590687Z 629 dACVQRYf2vS2T95184WPF6hDqgmv8hoSbOUlCsLRZHNwqDAx4Iskjw8oLntp
2020-12-02T21:28:34.261580153Z 630 jXLuSi7AbL5P7DjMhJvVt4qoLUIwzhC3o5Ax1NOrQVXDCfPuwuHSdOrBPhd4
2020-12-02T21:28:34.272244210Z 631 oZtyThn15VdX5d8svnht79PR57m6qoz8HkYPI3rrOtmIcDiZTMrmJ0fZQ18M
2020-12-02T21:28:34.282973410Z 632 2ylxDnKKyWS9q5lrxVu96oB2OcSJKz9fURzAk2URIOMerF59VXXPn2iORtKh
2020-12-02T21:28:34.294842872Z 633 fRIt6ZQhRN4pIyoigaUhhRVDfEvtZ2wGlTzQuA5r5iboWXEuz6iLFNdfxcne
2020-12-02T21:28:34.306455924Z 634 2rh8JKXbfLKZNJxRs9x2JrXBNwD5pZ5SHUphI7dqeeDOJYOpfDwNycYlpFf1
2020-12-02T21:28:34.317591751Z 635 4TJZ5XxBhCJjyCPqVBnEleXckfYzqhFdgjbsBBZtBDR1xRPYPs5NGwlts66Z
2020-12-02T21:28:34.328808141Z 636 MwNes2AVVyIskLO1KloCmUbGymlUmP2MwOZNwF0BMUD8Os5OFKI0PFGWTA84
2020-12-02T21:28:34.340194530Z 637 54pWabYUiB7ij3eUvV55ca575F3IITIlK6fa0KSgPXY5UxAq9Ag8BjrHDKNf
2020-12-02T21:28:34.351474206Z 638 Pnr0aFGukHguUEuqGkpH78YBd7Oc0zX3NpfGzb8uex3tETWgfAktPWrQS3hc
2020-12-02T21:28:34.361920664Z 639 vdACOWxyPABrtBHI3CDP9v13edj62BSpydFBuBWmazhBE5JY3WyMve4vORAp
2020-12-02T21:28:34.373620816Z 640 ki938DsC4UROmHYtcNCBJUrNfQrmQfu88Wu5HlZLw77nDauLoOif3KXiecLP
2020-12-02T21:28:34.384920630Z 641 S0MHrbE6qrPHSsEjyBNkJodUdc0pw16QF7aJYjV3LGC0F1wy6xIi52MPoxn2
2020-12-02T21:28:34.396943017Z 642 ApLqhv9eKzEqoTG1Bs4Fs5xzItbo5lGfliPy4N0sE2aO5vMUrIIypUFbNulX
2020-12-02T21:28:34.408015460Z 643 eTQaPWDaQ9Z31qtQKu2rkEIBjo2NxSetVavR9DTtsCvjw2KPyeMS1qFMrYiK
2020-12-02T21:28:34.419274718Z 644 8BfFAOYjVNXeiaTFLAfX6JbFcn6YB4S3cSpRlpzQGkfzedY7JNwTjzwCoHHQ
2020-12-02T21:28:34.430792860Z 645 Viwa31IL4xqjcx1DiUppP7S52z4yWdaUzfdSTB3BuLaAAURj9NzT6gDX1Qkv
2020-12-02T21:28:34.442286629Z 646 3Zk84CHwvon0vbd6e3SLynEBmC7cMKmgqTmYZqIhA5cMxfNrFlhoRcHcfwr2
2020-12-02T21:28:34.453304221Z 647 i3fZIyY4QLWtEXcHyKmijoYmxFAte94uSyfqXBJSphOTyTTVWlmyFqV6SlM7
2020-12-02T21:28:34.464353990Z 648 iCv0dOu966TsiWUNhIwTBlVzJTK11B7HCfVEyEdL6ssrdkUGsptrGrCMlaJE
2020-12-02T21:28:34.475359814Z 649 PC1xREixx8xKV45vqoeEz5649ifDxXX556JpDUlFYPZLdLBLfcyjxGlzkiha
2020-12-02T21:28:34.485826725Z 650 TNhQ3knxMssMTpawbXkJ9EAq2R6UEvRf0ZaA6Jz3otDGSZx7Jf9k70ldbE2L
2020-12-02T21:28:34.497686434Z 651 SIATuE1TrE1zxbCy5uaexNh79ZKUs5ryamN3ZEAz3BbNVzUqqqcIQGvtrjem
2020-12-02T21:28:34.509777636Z 652 WssToK6egBf2qtcjUlqRWmpDpH1um4DigzzTrBh8H7H07a7AZBrqrEwpqa5i
2020-12-02T21:28:34.521853764Z 653 zCzvShp9bLdY9ZDd6sL7QXGMYKEUhFs90FkghnbiHrDHOBqgW7L6YeU1us7q
2020-12-02T21:28:34.532562787Z 654 o7E3VlKcgcb6fOtfgC7VgprbDVeGhbLHxfiOf7ewNRVqeghozjT5iB06oIls
2020-12-02T21:28:34.543809142Z 655 F1EHSkiP79cOTCcSbKsxbQjxNw0GQofHFKUTo4I4SdDAs5ae9SJxCGYf4wIS
2020-12-02T21:28:34.555194696Z 656 kBdP4nu3p9wPuHmW8BYKYjNwuzfp4xP5xb2RiW00lZiiyofXrx6XCOU6uYg2
2020-12-02T21:28:34.566715747Z 657 QytKrkJ157JZLwpVIraIRz0dcxkSiW1RztXsN5NcgzBqYsJfRGl0U93xkyg7
2020-12-02T21:28:34.577580042Z 658 LMJtHu8IuBYSHIvnNtmHTzVMiPf9wEfmuEiG6nCR6bgzGZsNtuWUrUhw6B2q
2020-12-02T21:28:34.588430094Z 659 3Zo8T1QTetFbsxfVvLXK7A0xFeRzvJfpkmf0PX4wpXoueHw4wTycgSXaIyzX
2020-12-02T21:28:34.599544020Z 660 KiONJYP4YeVPthMgXPqVOddK2DGH4xUKBQXyXOUDTjrsFnRaaDPmgP3dAnhB
2020-12-02T21:28:34.609924820Z 661 NmIhdCnr4rfFQodEy4wtbREpozBTkyjvnofCg1rHo9bvVC5qkEMMLj4hMNiF
2020-12-02T21:28:34.621424082Z 662 UTQn1U5GubghIuLsnISvdGHKMjTEy4kL7txYFsmtyeiIDo0PF9dEOaBAlJnZ
2020-12-02T21:28:34.632759407Z 663 SQonvYpoETB4FUzpLadPQhqDg5jUQ3CNzDAvia1b7chDhjDDwPaCRxh516L6
2020-12-02T21:28:34.643804221Z 664 IuOopMZra9Fu7MjtIaQqsWPxSCW9hlsQTuwU5MTInKmh77HNTuMDuzvpAy1r
2020-12-02T21:28:34.655503950Z 665 L2cq8HpKuQA6qqFge9uBHkpnbGOufRBT465BOiGguEpE907m3hzxHHx9ffLF
2020-12-02T21:28:34.666257213Z 666 IfbxDS2uu1M8hZA6OJtIq5xRHzdBnAAApJtXlWZgIjs0Xmx78D1wkktzWJlM
2020-12-02T21:28:34.677731134Z 667 ESPD9Y4GklYvIXNSROJubv7xcKivlFIvn4GPUt7CLuOXupjYSXf37dE7zOW6
2020-12-02T21:28:34.689139047Z 668 G5X9Y4p6S4WrSuHgVhHQenCKCxdUzPU6ah6ZI0cKSM1gefvBbOW6K9cYfcRk
2020-12-02T21:28:34.700804649Z 669 A8VZBrxgoNybeCxfafIw8XXsIr1meKhGAWBnf0IURMImabspCy8FgEfaTprP
2020-12-02T21:28:34.712875468Z 670 TYfO1DHKglkBoH1sit9r4Nwuuao8y7ikaLJwg9DkrqHcqe35RIkKIUqjQmq9
2020-12-02T21:28:34.724875376Z 671 QYhszdK68e13RPXoLKEq95CCl0VaDbRV1gbjiD5fs03PWdh4eAGW0TsL41Zg
2020-12-02T21:28:34.736845484Z 672 RuDCRRTTfWD2wf6cqIY3jvDVzVpHgasrPdfwLo7IwZXzbXlNm20sMbMfw5QH
2020-12-02T21:28:34.747917440Z 673 JMwxxexOz8HkNvzoxxPubfG3eCgcGcOBk9dt2teqFH0yKI7OaeFmggPzAXT0
2020-12-02T21:28:34.759664398Z 674 xN7ZpVC9EXyRFmEWJFlXFFhtA8MYPx1gnoMOohMOrbvbNYUdTRniDF9pPtQP
2020-12-02T21:28:34.770505400Z 675 NBXckRpKjAmOK06VhVxI50BfxJGB9gLq8qzgmPUNQ991trtDqApaEF6bBDjM
2020-12-02T21:28:34.781725153Z 676 fuHTsRc1abfjtTUg2TY4fXd7MZl0Cz2LvdCYKIdypvcv6bK0Io7iMFHJ4skD
2020-12-02T21:28:34.792514702Z 677 P3NUie6t8iOENGoVxW3vxVTLYgwHAzBJIhSsPRcCEQvjvQg4E4xq88XQFhEz
2020-12-02T21:28:34.802945693Z 678 AQfmzXhunry2IZBEVXHEQI4qLctEu8Uq8HMR93qGRnsxP4JUX9K4HGecdojp
2020-12-02T21:28:34.814764746Z 679 CDrLlyw7HzTTwgLhnWE2DPnTIfvaqyT9CDNo0sY9ZlKnspcNcYS1ggF449Ac
2020-12-02T21:28:34.826281998Z 680 ZBMEkOU4e5aQ3vvAVKewihz2yKz1AkiFXRNMNjqhIMcZ6ZCsNSwF0D3c1PFs
2020-12-02T21:28:34.837188664Z 681 4xrU522swHCp5Dpo8Y4Ngxk3khSuqoupaxTAWvf3OWWJVA8e1xiNgebsZd8a
2020-12-02T21:28:34.848062899Z 682 8g5tW3WRuVzsd4CCYDbUfSyUeVBlm4gwLw7VcyJZw92lrW3Tfhl3djfNOqHZ
2020-12-02T21:28:34.859134636Z 683 UIlENCMa4D0ViV3eyrpjzXXzzU3TKV0jlaYuPZKpJ5haUe3ueyrVTDIiyjt5
2020-12-02T21:28:34.870025365Z 684 XBjBb5fE7itMcMcrtnOeijxGLHD3eq7tQ0FfeX1vgFfqMKwp2jvURCciEA4d
2020-12-02T21:28:34.881478199Z 685 A9T6ErFOnHlG8JgdpgKLRBRw8SNwkh4t8G0wfIwd8jzLlo066ODdcAd5Ugpz
2020-12-02T21:28:34.892370431Z 686 dH1BRt8IU9FMdw0a3Xi4Drx6boalCUCRmVvrdSPbPD7NnoSwCYXrrm2dYb0g
2020-12-02T21:28:34.903476219Z 687 Jmw3YuRMM5qyZRBbwA4xdZmfyne6J7aMO1J0HQaWnabuKKDZgaARZ9sC6647
2020-12-02T21:28:34.914784488Z 688 eja3vKcdTosGSh0w9wOYzu7bj0Hs8GhX7Lo8aiLXrMLhh70rP5ID2SqpLGIg
2020-12-02T21:28:34.926503579Z 689 YhPv9h2pNXzY6P4McroA0GFCwEgf4gbdn8uFRwujW4KREukSNYr6FvJGh89K
2020-12-02T21:28:34.937185268Z 690 iiFEmb2SxGmhaaNG21559k6RQypVIvTVvwxxbZikpMVGfH2IyK6KujhsIl3p
2020-12-02T21:28:34.948356048Z 691 9HvUQvvjHLDCsD0SvnBSnqlVuXKKlv5hJ073h5LdueUUPXtF00egWTkSlqaQ
2020-12-02T21:28:34.959293011Z 692 SYh3JT2dMhQttzHAaTY1pQZQuNeYyBjYiJojXqCzefaZfTmwvxQZClHXRf0o
2020-12-02T21:28:34.970330134Z 693 qd5MB1uzbaX5QbajCD4KKp8oVwfAcUhoUdhmXQ6wt9QokNYUHpMj39umPhME
2020-12-02T21:28:34.981281321Z 694 wsMi1zBNYVKtosPBRT0ZpyGgwaPF79Qz0t87hGshVHzEr7DlhIcAEmu2bV2v
2020-12-02T21:28:34.992102651Z 695 BPjzvEjQbRfNR7LanhQMaMmp25ZCsAbQVa3e4skuhYb39U8MOUW5Qm8zjX9m
2020-12-02T21:28:35.002992918Z 696 9agWYV9Yvyh2dS5NaRMzWgQlUIl6ZtQunITQ5GFlwMMberpMwL2j5TJOGKdH
2020-12-02T21:28:35.013777827Z 697 47KnG6iHUQSY5YjCbXVXJQG8QQhGkLyQ1dr1dWibzb6eeB4qhOxAJbCzTGPd
2020-12-02T21:28:35.025609294Z 698 oHR42vP2IsYT9Taya9peVgBBbPaEHneGx7wkPxJes4E2wS5xuNCxuIpNR1Pt
2020-12-02T21:28:35.037822655Z 699 TVo9YBJh25DM26EkixhTmpxiwBC3wCPpl3KuEkkkMqv5iuJtdet8Qyb2U5yB
2020-12-02T21:28:35.048946043Z 700 RP3tQ8L6IwIY5Wkd9nZNxvJJYZzns7nBR3keC82c0nj1UZ054J284q9C6FbB
2020-12-02T21:28:35.060762174Z 701 suGYUkiav9jRGhAvhZvWkHZUwFl4nBC4qRs3ZTb0eoTUWQuCyjAXn2Q156lV
2020-12-02T21:28:35.071334499Z 702 cN1mckZsSamYGyJ0RTpbDjOnkALNYPlKPQzUnYE4ywygSpDJjWuXAawEVSxt
2020-12-02T21:28:35.081998822Z 703 Pe2oiVPoQ4mPo7TYO80aKM3PHqK2ujwRpyUrvyeFOO6YcgZ89eIw4oOKCpqQ
2020-12-02T21:28:35.093846462Z 704 RNzv2XhWyiKqikXM6rjgitTZDyfkyU8bi7QrrxAnDPT276mTQldx1VQ3oRQZ
2020-12-02T21:28:35.105705191Z 705 uPe1xPaFYYR2NdYG8ChJkbgMChg3o96xW74tCth0zldaDewWGGSlnE53rDKp
2020-12-02T21:28:35.117683759Z 706 flkbQ4EogLemOtmAqGcPZT3RllaJ2t3J3bV8Gllnp24faD8JoGPNXxYTx5Wg
2020-12-02T21:28:35.128442105Z 707 j6K0orabPENoUocly1R87HEq5p8k1E4iWlJkQGHrAWmGYRn7pqnPrS2FcZjv
2020-12-02T21:28:35.139414170Z 708 eWDu0Sp28ZrwXVBQSP8nEv7OpbUztQD1vrhCkcaU0rLh8j4U4uT6fGrHHgoi
2020-12-02T21:28:35.150881125Z 709 M4kqyfETt93Ciq5LvUNJD4X6mIuWopV0M9S0FgEKkbwjGjdPDsEOGQVg77SX
2020-12-02T21:28:35.162801752Z 710 Fcic9LYiYfWAaxDy4EYOfzMdeWWuU3EL4Z3NqArTv1z7YZFKfTwa2wZKol5x
2020-12-02T21:28:35.174502997Z 711 dn8r9YktetaIqTXhwDr0MAvgUSinpACrTyfBwkilOJM7icMKj2ZEQIkqjrf6
2020-12-02T21:28:35.185587025Z 712 vDr8M1RLEW5HLYWX4eoefa0XYtVhQ5RzDveZf2MJ8VSwzXMYztCMAwsXUZHm
2020-12-02T21:28:35.195853866Z 713 ZuLdMEfT4S9YQujT6WfdTm4FseiUphG3AmpPNnX9NBXPlFSGza38aLKkdqUn
2020-12-02T21:28:35.207475354Z 714 OvcqkqxYiotgW4QzI3xcTI5EStpqf1cvPb45Yb7wWwb8Hb0dkboDF5R5K7ro
2020-12-02T21:28:35.218199415Z 715 c1NRx4G2KDQEQYUbbgr1kZtyzD0mQzH2RY0TUCVTIuVqTimUHwg0fT1mGgUP
2020-12-02T21:28:35.230008884Z 716 RvnOZuMQump3V1jVBsqKSQUNLD9AZ91uelSAIQp2Cg03bQmYpsmH4r03DQCl
2020-12-02T21:28:35.241806567Z 717 cjvRWc7PjLymKheqzcgzDcjbZFUknFrkGKU2XkrKzj65jVORaD8r1Kru4a8w
2020-12-02T21:28:35.253922231Z 718 AARKdXg0LAjyYGS1QSD0AIC2oO2vttwdh2boJ9fEAUOqeFfjBoO6ZUmolbSO
2020-12-02T21:28:35.264808661Z 719 A46ojVKcMEnI9srrx3cxJYGu0bnOwyCepgoEQaWD3c7GIsGhNrczypJDkwTP
2020-12-02T21:28:35.276382776Z 720 PrJ4Mj58zs4KbVC6Uk9THmH87NznhJmXHMIvetbH09XYdmxw9tQOCQAQD9Rl
2020-12-02T21:28:35.287330653Z 721 4vrd46uFIKd2PyFozIOd2nCJhGHfadB3P9tAiwMejBNHceysoW58osCiscmo
2020-12-02T21:28:35.298094887Z 722 NCwQxOtFUgyGXawVN0snLdvc6rdB5hXSLRnmVjNs8YAKDv8vvptqEBy1lyUZ
2020-12-02T21:28:35.309049087Z 723 9Xt3hwmKaYNmONvbJRCOC3bvMx23t3oCmps9mwcGTi9VNueAQZXQNWSaUa8v
2020-12-02T21:28:35.320047806Z 724 eRkhZMNQIp01KAxuZhg5NvHYCIlF6EPecdZvxRURvDPHKMjGT6SAolUib8n3
2020-12-02T21:28:35.331631048Z 725 w2ry4yu8AK0PVjIKCSRE6LqY3Ph6DortDnMoDJy69tchSZxbxeYOG0mwm9ip
2020-12-02T21:28:35.341894820Z 726 EhS2QNH8K6HbhxJq24xjVoXbbrhhxdib5nzQy6mGQnBj13YzYYtsj5OnNb4u
2020-12-02T21:28:35.353434303Z 727 iBBJBCAgFwG3VKh0H2OPes1pISTz77bU67ThVYLrXJQn3vuKN4d5uAxPzmpN
2020-12-02T21:28:35.363890555Z 728 AygdwIaHojMt11CpFlIZOYZ5nJmb0N09pv0Uc6Yoxu4zxXdu6nFD5da2lkbL
2020-12-02T21:28:35.375774513Z 729 CRqB8Ecs2QxvEVHudYC4l6G4cqGkiUcnEcT2uOIfGd8q8HtzSNJpK9GeMdE7
2020-12-02T21:28:35.387727939Z 730 W8q9nu08O7iTYyoTksQbHmxjI54VIcukO6iL9YymAV2HP1oJPvneYFO2E7dz
2020-12-02T21:28:35.398924601Z 731 7amfT44b3pQWfJ1Kp4b39BwUFkZI0wt5ZhX34SNfFdk1vfxOOtuygo7FtBtE
2020-12-02T21:28:35.410359318Z 732 2hyV2QzDOUZrqus5E72GxTgbREhDufkusPMvklxBsh9hnCUvpKRzoYuBIBPb
2020-12-02T21:28:35.421934349Z 733 kaGOdtrGn24edsc1nrPVQNkrXXTd3bmORyUmjSCyoVHwcvJsAHhXYbaL1llI
2020-12-02T21:28:35.433646534Z 734 uxv7HK3AmxyXHSRQlk8T4pkbVng8vxlOCpryv5emdtBI8dud5HCGa8oIwmT5
2020-12-02T21:28:35.444732668Z 735 b4tp0znL3G7ez0JQBJseHFIt6yBs4vT9StEpH6E2aEuSReZR6MXfQnQEtGp5
2020-12-02T21:28:35.455577936Z 736 IwjuRd22aJXVyAEOzrdQMdeZ2kKYWw1DottIVn3s6sCKhPcNDcGKTXQbry6x
2020-12-02T21:28:35.466235422Z 737 UJ0QIB6IlrMlGzuD0sfoYcBOIWVjCOYLz2TxNaahYl1eX7xZbA18fg666dZe
2020-12-02T21:28:35.476991400Z 738 zsROt0k9HssIt6FFW0RrgQZGiXyj5MdlCUhTJtSPWovyrPFouolUJLgj9roY
2020-12-02T21:28:35.488762489Z 739 oAFE7k28qqXI0T3bWB6mOwHCJ4eXy6QFZKNc4OLqaJc4U4TAb8rqfaeV0z4f
2020-12-02T21:28:35.499708469Z 740 haJqYbltxmiVJ9paf2Anw9GhMaJg69ryN3tbXcZQ2H3IzfKJgxqVgzW7yrNI
2020-12-02T21:28:35.510513533Z 741 ANXswaAjLX5Xf9lf8VlLy4zCfYMIjLpGyFurkZ8zyfuawd1xmHRElvhtLXxp
2020-12-02T21:28:35.521934164Z 742 qS2H53lo7laaXc79mi0nWn5clIylkBmr7lq255x4XnW9XIiQhsAauEUW6Vf8
2020-12-02T21:28:35.532639244Z 743 3ODBZuZ1FmHuWAav4EfHq7EjQh69LJ6vGE2pwmrhGDcNWY395DUke1bucvwN
2020-12-02T21:28:35.543103746Z 744 Aym3FYc01f6mycvA0EAFcQ4E4tEfiarr8G4Ymcy4sif5ncL6RPZKVh03iWt4
2020-12-02T21:28:35.554510291Z 745 7wnUSKvCxE5MAvRmPmBM7T6dbuO52jdw4YKr2KJgrNnPVvRHYxN5iriH4jkc
2020-12-02T21:28:35.565696854Z 746 EimOzjugN7ZCl16xMj4FvfmDY7ONAw62S6prQNvLJLGM31pftoD5qm7YUFZQ
2020-12-02T21:28:35.576844969Z 747 23qeLtrLl0jDPBiW4kauu3CLmoGeUf16fSknWDXpnwBdcGP4RkGobxsGFO10
2020-12-02T21:28:35.587234196Z 748 8cgquhTAJmBo3nBzjeU6ubB13DcZCsDRR0DvhYe4qLHWTUpTQcRtIm1JbTFZ
2020-12-02T21:28:35.598063204Z 749 h3NIsal34ecPJ15mTzupIw0fB46nZxF2VNUf7WZxGo4DMGk0y8G5f4aKawDT
2020-12-02T21:28:35.609670153Z 750 ZdXx8ae7VuGrSTEuLxfLVJguxLmKUDdsFgiDuZxkcSvgRjVVCSdsbQU2tEl2
2020-12-02T21:28:35.620431581Z 751 nRnt2c1yJCK7OQ5wtmXQhnSgZtZHk1kISJluRcLSTAtw5vj07r1pmLT31k0S
2020-12-02T21:28:35.631175536Z 752 wfD45YwVqHxCVYWYuhnRGRkL6qZPMvccCPPg9FsImHdsRwiJZpScr06fbbR2
2020-12-02T21:28:35.642241215Z 753 JzK5oQkqc3Vd8Ze6H80YA7WlFiJTSocxxsHAko5pL4CQkW51oGkOffyT79nc
2020-12-02T21:28:35.653078666Z 754 TdhN3anmhDNRl5j4UYMIGMmPmxatI2k1wdJ3S42HRUf01iP4YXwt8xR1N2Dy
2020-12-02T21:28:35.664173319Z 755 OfYOivaOrZc7PHgJl0uit21E7IKSPK0l9Zk9A3ciLyjA6bZICo8qW0or93wI
2020-12-02T21:28:35.675702294Z 756 wfE8Iv9bDdIYEz48F1aTgpq6orZw4hKxiZhTY8QqMH09WUFqUoJAoGWh7jfc
2020-12-02T21:28:35.687026575Z 757 cFQM3K6REgEDvMOU4oLcFh3tRyGnQvV8C9Vh8WQVfIrL4i0Ogssqe2L5Aui7
2020-12-02T21:28:35.698871955Z 758 EHiW7JIWJoOm441ogBlavgnCR2Yqd2zbcAlHLf8pmFdAwR0ijhbHyBeub5bW
2020-12-02T21:28:35.709877826Z 759 ED3cUMwBu7OzTx7EAxjzKzlNpw1M6vjrHBCH2im0HzvPHC2FB3LUwDI2eUlp
2020-12-02T21:28:35.722209222Z 760 gSCHq83oAh1gP7BINtmtTKUY3LaMLsUcKlIvTvQsTT0pCOppfLImRLv74SIK
2020-12-02T21:28:35.733739554Z 761 lNoYLOglEE6kmopZsbFm7arBA8xrglsJmSH9M6fsJKylwKNG7xGzxcgyIKET
2020-12-02T21:28:35.745626719Z 762 vXIH54jfc4uXx5JHtTSMm41LpUGl1txBntCRrWBJv4OBdCkCVWrasNPtTR8s
2020-12-02T21:28:35.756102903Z 763 ffieSCep54ZP1S8P3CwLZ55r7QvhRY79JVNCOc9UKsvFenIoB1hOcQnaO3G9
2020-12-02T21:28:35.767491409Z 764 B9qt2ytbcrXQUgW9d7XDhdBEJ91cApg08F3TE3sr04V2E4aCTa5meiOsTrrj
2020-12-02T21:28:35.778251023Z 765 LUkHyQsaEmkYcmglzyvqIT4591UL9q5zD1MjlfNZwDrY67uLSjxMsev4J1QM
2020-12-02T21:28:35.789423412Z 766 MWtw7wKy9R0c7KdjXwgOewBGpo09eh0JNX9u21jOKdFID144DU6iIc0mbGMW
2020-12-02T21:28:35.800441076Z 767 WCa8BDHuLHjHn3Z9DcdOjt2N9fnVzUONiPiHpnaUHEWViKHYn8tVoEJ7VNuZ
2020-12-02T21:28:35.810998354Z 768 cD19JbDjIRvsp1lKtYdMLIJ7B0sOROYbpXu7ESO5G9GvT5jbAWEiwoDIRfaA
2020-12-02T21:28:35.822496132Z 769 GhJYOtxY17u9FdDScTMvwQqyw8pqbbw33OEmIfGtK3o1qQor9Lxq2GhsD7w3
2020-12-02T21:28:35.833130111Z 770 to4Uk5kBugE1fVJc9GsKzjlXhNqoQ0YoFSUUhPDWOTIAev1XZMBoONSEqZu1
2020-12-02T21:28:35.844003185Z 771 Z0eJTb1qOPAqvRUmsND0UmW66VvYsro5e0zIIPMJN55JSasgDkoENe4blwVr
2020-12-02T21:28:35.854980851Z 772 mhtdT37E9qd04D9MgZlIzHBuxKCISja1QctVNtt41ZdtCCVP6UOdCZYbxVwG
2020-12-02T21:28:35.866631948Z 773 EAQ2eRq4m8SYtWg2O1tgLTc3eij6JlHXcOO94hrE2NHAhozMRUjfUDP8RKf9
2020-12-02T21:28:35.877760176Z 774 50puPieD4HKP9zFqSZMJXbGv2Iw5gULkrgsXi03YBx19kYtH3v0CZY0D7AGn
2020-12-02T21:28:35.889200262Z 775 Owf4l6i7Pn764GhDsckUL3FeY9zQ17avtmmRq4TuKN6chLsEq1XsbnpjMqkp
2020-12-02T21:28:35.900007471Z 776 dw7z7lEdBnTcRXC4aU70Mx0DuQt4SrJCUPMkDLcwoDdJMYfFciZNlqfZ1ub4
2020-12-02T21:28:35.912004631Z 777 E1DzaJLQs0LgHyJdxfQ2Yo1pvOjGVgxUHUBFV5fIgMZuHzdruldgCu0Yz4B6
2020-12-02T21:28:35.923786654Z 778 hJolVP6iFJ6QNtEbrq53Y4UBJxgBs1GBm5s2zjm3ZSnlzYlx0oAzJeNa9sTs
2020-12-02T21:28:35.934818995Z 779 XI0Eck0XdFfViU7EUZ7kXF8kOo1BjzCR2CJ1XP5vDZsBwRaCELMlT3GoR0g0
2020-12-02T21:28:35.946179807Z 780 k0tJVG987uJEJVw3ckWfPDejCWTenNOyB57anvyFwQvBH6yvhQ80ALJb6hd4
2020-12-02T21:28:35.957734708Z 781 DcyEFrR76HUQAZP3QUtE6oBbLXPOrwbrsP4Sf5m2bqxLHtpZU09clELQab4H
2020-12-02T21:28:35.969747907Z 782 1lLYYOZESijMDNdGAj0keRxOJiXjBmEMpnGuq2IeJwE2BOnYIASZckUiPgpR
2020-12-02T21:28:35.980890016Z 783 BzDt3kZ9Xed2IQ02h04jDIVhpZjFgFlujVMCfE95iDUJS7lbEes72P5qbyeF
2020-12-02T21:28:35.992424440Z 784 4qWhOsIobgNNiHV6FrnX1TgbevfAbsX7DVflLd5EsXQeCndAuNsJbtkS6WjQ
2020-12-02T21:28:36.003679091Z 785 lImunMPIFkvrscQ2lQYy3BdZuhv2WQAHKM9Ud6KFQ0XgmZ4BJpCvBCiyc4JZ
2020-12-02T21:28:36.015014616Z 786 ea3YVubrkzYXxIc6ACU1GeBIIJiZi2leH3gVrdmwJQgQeQnQ663BneiyrJkO
2020-12-02T21:28:36.026881734Z 787 68qgd1Vr4h2EH67sRuGeXS5PJOvoefyvpZggh6EkpDER9JZcs7B4pKlZjG3e
2020-12-02T21:28:36.039015607Z 788 6c13rCtzfkxET0vvCIFd5z9544PN67oWgql1p3urqtnmIDjzBrrenf4Vbld2
2020-12-02T21:28:36.050103056Z 789 Pj2p8zhzBbH1H2YiXmw0QDkKYq06MHaGedQL9xyJZCRFiN4zhNqbIM2bFc6i
2020-12-02T21:28:36.061092960Z 790 sJXa0LzWgs1FKtddwtM4YGCrs5sqzeG4BSCyTxpAARmjijsQc7llRAUZoozM
2020-12-02T21:28:36.071981398Z 791 FMF3YaLja92TAWPoLNOYiQtE0QqYU3P4D8edUaZgeQXUhyIQeAFjUltCUVZr
2020-12-02T21:28:36.083425548Z 792 O6Dc4kibAGw1qgZZpJuGJRajyYntFWBaYKZtjMgmUxNOTpDI0IY1K2TnLjU5
2020-12-02T21:28:36.093891683Z 793 6EwSe7Twvm0kaKBc3c7l7iFkAeNzTVABEnNkeAd0bugJfdO9hgVvEJOHsAof
2020-12-02T21:28:36.105880576Z 794 5gnJRL0Owu9zQ4zz8J8VUNctfhGkn923JpXSYpP3hxoXIAq9hz64znVJgcI8
2020-12-02T21:28:36.117251209Z 795 OsEV8119nraAq0uUgCTigG6vRZEOEA38ZXWOGLbzey2AqyTOH1NfTLluEGvL
2020-12-02T21:28:36.129190056Z 796 AoJgNjjn7RF0QDdbh3E91iVZ6DvCmUKIVi7L2kWJ6yxUKNEJkIBrLV6Io0wd
2020-12-02T21:28:36.140419405Z 797 fBi3XPrZKt8VFjTr1WHArhIwQTyruiArDXMdZEfuOkhzsOiaZ7PJas7BZM50
2020-12-02T21:28:36.150805433Z 798 OK2POjLWYHJ76pk1vlM5WFVJd5cGy4vZwXGvWYBNN0S4xkzIfMIJL1AteHad
2020-12-02T21:28:36.162462198Z 799 ydgprYUf3Q15jk3xvROppjqR5xHhZxMXcIXhPYkstQT9xm8dcpZrknxtlepU
2020-12-02T21:28:36.174367212Z 800 d4sbwNjZE0fs3asWzRgZH1BSGCRZz8ewcPnS4v0Zwp5cIFjLhg4TfojlNpos
2020-12-02T21:28:36.185530491Z 801 At1TOUKHZDUcWgmxmGm2RIBvKm69qjjsHdszDtkftFzAp3r0bcxcbKeUF3nu
2020-12-02T21:28:36.196404818Z 802 p08qXILJ5lkAnTB2Igy0b2tUjADknfRuhPFCdHlXtmQ4rB9iPbQdStTcW6W7
2020-12-02T21:28:36.207143183Z 803 KAQAY4aTYq9J0bRvR5fxkY4sVjEPBYj3E3TlZQyL6HfwhgNFK46m5Uu5qRJl
2020-12-02T21:28:36.218691283Z 804 38DeJoeFUirJUdWIGEFopthD1kmmOTqWou1Z9A5gYsHmCIlutEbnHV2rCuOG
2020-12-02T21:28:36.229426326Z 805 lpBJuv9Q2BLieeM27fJzNaoRQDmAm7ZyeqUMUnS3KQveG1rEPXWhIkdbKT2G
2020-12-02T21:28:36.240171737Z 806 JBuDU6gpbBSOtjTN6RLGy356FIj3hASK1hfgZiANZXedAOhIJXb20ndIGatF
2020-12-02T21:28:36.252150262Z 807 4CqDe0oT5HCEzr8ohbIqdvrHrrDgwuC2kEZYrJ9TWe852hgSUHSuSwIbVrX2
2020-12-02T21:28:36.263484715Z 808 k7Ca8okG8jJ82l5V2iQ3iXwpez4kEHVzF6ylkM1gNZrS3ERW9HwwzTbc628H
2020-12-02T21:28:36.274432811Z 809 fQgHaS0jI3Nbinqo2P6uN5DZa5EuHpvyjTDsnj5zvU3yGukcu7UwMnad83HT
2020-12-02T21:28:36.285082822Z 810 pWYNQ1wmhjtGxeUXKJ1XerToP4z47Wk8vXrUUEN6ZqpzdAwD3Dnwx3CpE8hA
2020-12-02T21:28:36.296636253Z 811 ZlioNRj6yc75QSDOoOAgpZBtJZJgnRvIxHIBetMClfuw4FozbDXjdO63UQBg
2020-12-02T21:28:36.307735726Z 812 NPJDR8GAJQ2axGEhSP05yyREPZ93o5bxyMTaauZAKNFJDgtOTeXQ0oGcQFT0
2020-12-02T21:28:36.318985817Z 813 wblYnpM7FaVzovTzQMppuUUbguUlfVmy8xr5BP7SAvzLd4NwFVA0TwLJFQ5l
2020-12-02T21:28:36.329856447Z 814 csvAhWvWZA9acQhbVfP6RWA5mW6mKQ99s9bEFhWSvCYdh8qmG6FfSa2Cfdbl
2020-12-02T21:28:36.341528773Z 815 9ERGfZlkYdP4TyBQYwiu1vDqtm35da8sK8QYdK8wE2vFKUY0vnd6WknUfhDQ
2020-12-02T21:28:36.352127748Z 816 e61mIxAa3HbwJHNnEOtdyzpYQdNDJqj21iFLcTVliO8RZpVcvUTAyPUaoLrM
2020-12-02T21:28:36.363775755Z 817 ZIbFg8QPeJz2m6H5t244eVgLT8nb4iRGQa7jNuesYoo8JEulvGW5Hfe78lgo
2020-12-02T21:28:36.374939102Z 818 91aoNBwQJtUFACIDuMI38pN1rnEtbOzLoFwu3SLNi3z1vy2xAXkyReCYI6XD
2020-12-02T21:28:36.386248428Z 819 PgnFSiQJ2UKY3NAx4KLgzE7licxcFKdfcaEPC4gY0cwa5xo3VxzZ0qRc89Nv
2020-12-02T21:28:36.396963731Z 820 7ohpDBAVlngCJX3T8wvYvDPA4N3Y1dStTEuQ3wdGQOTmXnEkRNVTIgahoDTi
2020-12-02T21:28:36.408501785Z 821 hGKdF5Crbf46VRqOIS7I1XY1y3QXtR33nMCiQrYP9Tvx7mNtehpfpBBzvGnP
2020-12-02T21:28:36.420183071Z 822 uHeeBCc3te13YOIBHLorUPc8DRhTc0Cjjq44QWClYVgKBJwFVg1t0xgH5th8
2020-12-02T21:28:36.431000018Z 823 v43YU68EdUSCkdaUOVcQVIzXqgBtwxLFOymbsktYhbJGB0ANzcGqF5YbPA7w
2020-12-02T21:28:36.442905119Z 824 YWvngCRKKvYsu9adDciHERshDwGA5rFRb8StHtbNw4F3Sh4bcxWLPGa7anmM
2020-12-02T21:28:36.454311985Z 825 eYZEKxy9zgTZxTbUMRivQMY9ivgpMw25ANhnzL5c52silfJEp4bHljai1adS
2020-12-02T21:28:36.465424681Z 826 t3KZkTvA4aHnhCWJh02YMcuezs9Jtz9X3u0jnC7NLjEzOxEt9STUXk6DoQOb
2020-12-02T21:28:36.476033558Z 827 Q3ZUveLQQkCLuuYvb9ekp28GehgFxWGENgEoQrKquLlEkfTuMnAchZT07K62
2020-12-02T21:28:36.487923007Z 828 anWmUmEOepxR3VBmKMz07GLMYg8ZrZHyaBg7wMpOd8bdigTq2nir2ZODra4d
2020-12-02T21:28:36.499122249Z 829 00ut4YkozpeFSTUbmm0tLAsWNj2DujQOrhMy6EIvPXIZAkezgN4YrjCVqGLD
2020-12-02T21:28:36.510167225Z 830 leNY45Gm9Lsaxlqdhxqxw4NvPkHGfhRGNE7wjhEqeXcnwweuBCINfHQiRBA7
2020-12-02T21:28:36.521579782Z 831 kIALkRsm1flrStVmZCUL9qz0vUAYeskZKMNev91ZQTeb32v94OUEGLUl1E50
2020-12-02T21:28:36.532372087Z 832 Od7dLgXwemrjQ91HIKYcaRYMhKj6kIFYaSg7lhnIWWW3WDAGaDYKSxX10abq
2020-12-02T21:28:36.543280389Z 833 2Kfl76QAHlMpyji8p7xFRKHek0wmJ7WcjjXjJOlemA8a6fCKKH0G9v1d2syD
2020-12-02T21:28:36.554146695Z 834 9YIFeVigSKywi9thUgK03OozuonR6bQk4iEraaddpKNPCrqWLMKLk4W4bqGE
2020-12-02T21:28:36.565875629Z 835 33magBbtwUCtPDJNfONvN1HiCzE0UOwz3MgVMQ5NxU5ciPM0xlGpb889Opv5
2020-12-02T21:28:36.577998350Z 836 8Bz0cBf6pWLfHoxXmxgOxNMPhZxaQKppie0ipG2sMlO7FqmmRCkPLc8wRywo
2020-12-02T21:28:36.589233268Z 837 USjBvrbSHjDrIvZUPeVUlavIThOfdXkKvi9tJHTwK0kfaqEO2Ss11TwgTzZ2
2020-12-02T21:28:36.600467256Z 838 OPDJfqdGVjeIJq4M2LRY3Twu3ac8bzhsgvgBPOtNNXct4BAl5RXERWvPQUs8
2020-12-02T21:28:36.611738067Z 839 bo3YuZvFdgEcMluHDVThFYn52r6GTcBYVEuKaJkGyr135Sqh4v4AuFqn78Um
2020-12-02T21:28:36.623688233Z 840 sIVZw14iJnHOVfLYlPb6Cs3bcAkUqsC49HGeUqugofJhHwontDvePZ4y8dGj
2020-12-02T21:28:36.634722934Z 841 hFpD9PXxPKo43apevFR154XuC5oKYpSZuJlO0JfFbp9rJqt2qo9pUQuWcyQq
2020-12-02T21:28:36.645860866Z 842 YAbM6YpCp4YGMmeuQsFd6qGMVgwPVxWeHO6iyZNAGKUho3Z6p7Yy3wBcmKZv
2020-12-02T21:28:36.657704607Z 843 VQoldlpm58UkCa6wu9vGSNI8zMCUQV74XCr1HetJED8KfFA9HJd9dvmCd0RH
2020-12-02T21:28:36.668931512Z 844 KqwuKcKQ52rUUMBBPM3dfCPTah0euFUOX0ZYguLcdQGLgG8e2h41KrNgXO1T
2020-12-02T21:28:36.680278788Z 845 04wD7CLTU7fYti5fdbC87YJnGy133yB175Mw6ZiRvyOkuJ28T8hdtc2zZEa8
2020-12-02T21:28:36.691376090Z 846 yqWARgUJfcrf2RfSmQ7oFAZnQEOFogm0SnuyjgqPeuF0cts2rrw47att1YSQ
2020-12-02T21:28:36.702310297Z 847 jGabEv3SoMcZdG6MN2tasauxXrNACYeqm9IFc5rbSePAWubIuh3FGbZ4GnZz
2020-12-02T21:28:36.713703224Z 848 oCLJU1IgIAWRxKF3U1RgNbajpqjq1HKLF84YidDcP3yiKj24i7ZXDZ11O6Ct
2020-12-02T21:28:36.724576719Z 849 0D7ESn0BtErhrodbLtGCauXpPDaS9PFqIKotv14kbkuorVDwLYBABFjucAdB
2020-12-02T21:28:36.735151044Z 850 EergmVxFkJLwtDJSVy18gMnQZOLf2p20ay4LQcZMjLeLhKx0pyhy7CtjCl5Q
2020-12-02T21:28:36.746498457Z 851 mh1pn1XeytAj3w1sqqbLv3ybWDMNXLfrv68wbOnZNinu6bKulJDi5SCpRkDU
2020-12-02T21:28:36.758661096Z 852 SojjmUhRRmdcBKZ2dTQwtgNCVsLAEywR0ty0CL9tZKT8zKMZfPLDHQrcT8Yf
2020-12-02T21:28:36.769673868Z 853 W6GxQalLEcAcT5LAfvtU4RuuO9uYLFtFWxID8czOJVOutX7WBcERC5hFBV1X
2020-12-02T21:28:36.780949252Z 854 vX44MUdtt7ypoP6JS76Gbbwf6mSrGVIoSbh7BZQOsBIdIZc7omUk7Odht72u
2020-12-02T21:28:36.792077461Z 855 zCDIt0v6GfTuhqMqvu2jomzhmIJrXvPjMeTkpfXcK3k6qP190LAdfmfWxBGy
2020-12-02T21:28:36.803542070Z 856 8qGClmITzkVW4IMewAFfje5YJwDMS4AC7SrgmnreQXB7gRc53EeocCXQ3P55
2020-12-02T21:28:36.814246792Z 857 ZgLUsv4YPIytrb2hwI8l9PK8NCs3Vbdi6rrNY7BYvDl0CijUl1SC9x9AziCb
2020-12-02T21:28:36.825281092Z 858 xDXcsy2t7LvNJr0OwbmrdudhsERvvIuv11TgErYkK39tVCEz1bYE8ZuWZXTx
2020-12-02T21:28:36.836645398Z 859 Jd30s4D2U88kEI1VVPuIzoy51rH9mo9y2h2YjECI0VWdyu4a6AuGN6ZLDJnY
2020-12-02T21:28:36.847851545Z 860 7YZnEsew8ZplZvRxaZg0oKafbzzszGtt3x1Qa21m933yQBwpLQcSD6rxhoUC
2020-12-02T21:28:36.859641996Z 861 6cUHeN4rMNbM1msAxYXM4vWMPIXCjivvxvEbjyy8Puw7Nj4DSIpdDjd3Xtjw
2020-12-02T21:28:36.871209038Z 862 0f0vHT3JCmAJTQ04eREBFaUPgyT1pi8CL3f3UhXwt8VXJ9566nB9uZDhXywA
2020-12-02T21:28:36.882520562Z 863 JDEIuFpZr2p51mw9mTllhnZBgOsOjA8bBVpXDBKpsYz8d7zkJrhwM1nSq2ft
2020-12-02T21:28:36.893725614Z 864 PwbtOXp2koojzDQMUO1HJjn5RAoKOMqKGr7KOEK4TzhjLiNo8j1KKo96yroS
2020-12-02T21:28:36.904839998Z 865 hr3SZ5mwIrtelUXGOwONDOCmN5c9KvD0brYiicW8jGKxsbgB882jjCJj3fPE
2020-12-02T21:28:36.916822087Z 866 qED1mU3gjgkwyxf0ecrbqk7gurO3wpL75IWxkVvaZdxmQvp3t03NPIpDDS3W
2020-12-02T21:28:36.927791637Z 867 VZ3lWn2Sj30Obj6icfHun5EkrG8nsWbi1uG8GXtUep7GV5hlARzWTSdBfRJq
2020-12-02T21:28:36.939481534Z 868 ClRpyssHhdLqeEmk9iJ6WURzLWdHct2xt6P0egcsGuoSOqp3xzQcwC71V8Eo
2020-12-02T21:28:36.950804973Z 869 YwzfSUVyj3efe5COol2b3fuaAwFPM7XQTDWKhEOXfU5Cs05Sj4D0HEkINdhP
2020-12-02T21:28:36.961855407Z 870 gGjNQRxm5P42LMcvuv2aIAYmcQS9JopElOA4FBsS4PS2h9fsno88ehXdThk8
2020-12-02T21:28:36.973142132Z 871 7pdOcJ5M0LTxQGz9tVtDxPN1yBfVR7zmlv72kftzSLOG4LfeZ6dDdUoNXkS3
2020-12-02T21:28:36.984437267Z 872 rublVbqzqwV5tz5kegcN4iWYa48bn40JikIhOPRNl4U1ntb3rhSfLUBbAcMl
2020-12-02T21:28:36.996091061Z 873 rqx9mNJ37lrICGYGpESzS93A0CXt7gBc8fy3DnIQu8bMMH4R0Wj2e21c6gkP
2020-12-02T21:28:37.007816443Z 874 COSbnP1CcfX4XJs6N03rSHbSXN6tplC7bJ7Egxgda0HrI9mhiWRBmalCf9fd
2020-12-02T21:28:37.019943748Z 875 CnQQWGXAuERYv3GcaDUsAke6oKOorQM4OIqvOJY6AaxJYEWmgjDDF9DuGaEz
2020-12-02T21:28:37.031121677Z 876 Jcq7U1SsZqUxW2E7RjHL79FNpBg0ncoCzVXvsCP4Tw4vvnQNyMdivmjb8TzB
2020-12-02T21:28:37.042085142Z 877 LrCRAQQQaXx4eKZWciAMWq8EIOEaMeg8i4beMRZDklxyftclLm7rp4oYBS4e
2020-12-02T21:28:37.053149474Z 878 JL5qc3u8NOfN5DGzNGClqVXyw0kMtAaF5rMoWb8rt3DhGlrFPHPxA14oPa66
2020-12-02T21:28:37.064666310Z 879 f1k7QMj40hKiTrDh4kdup1P3lIoMmdsefaasss5YWfRGHKMPnUO4eWLBQ4Xa
2020-12-02T21:28:37.076686748Z 880 6QppN2mXNR89pTitMcEIVBUjjz7HMVujB16rHgP1y0LwbKGFVS9VlirqzxI9
2020-12-02T21:28:37.087858453Z 881 QPqTSBfaszta0Xmsi98ZF5Oeq6Qg7wQf3DEwKn4lXgfMN4qoDHLe5JuzngGe
2020-12-02T21:28:37.099356080Z 882 QRwuWxdb7KYN0C5QonUooikD4Krt8NXXjGp5CQ2MQIZ3lYMnl0Y9Xdogbjpl
2020-12-02T21:28:37.110662940Z 883 xEZUJDrf4oAquJWN4ktlkvokiRv28WmWFWmDRXwZtegakPIWx6gdlEQrsUyk
2020-12-02T21:28:37.121545907Z 884 TNTS4iMnGLL1C6psvnjwFJBxEqqVQMt9k4LLXvN48iQkKUQ4asgv72bgrtIA
2020-12-02T21:28:37.132352480Z 885 Tu97FUaUZ15aAv1hUY9THJUpRBZxAprCuBmBW9cQBvItT9onbmXItHXeVWL8
2020-12-02T21:28:37.143178771Z 886 6lwEG66nRwE33IUOaTlKMsmFv6PyCGUSM0Ng0s0KdCUmY4n7i9abOARmrF4c
2020-12-02T21:28:37.154042814Z 887 mmc83wkrcO5GKnsvT9CCPeHdVTqNdrQ7IDcMniNSn0fcvVbcMYXyw46D7NV2
2020-12-02T21:28:37.165117466Z 888 pjg1PqEitxBXna69N8j8rdZ4rNpfsgU56MunUus4jnqpeXEFYKAejboeEhSp
2020-12-02T21:28:37.176146344Z 889 zdBHtCfX6TPDwC7Ph8BpX507YyANySasLYlibqxrqwJ8Fh9iHyh7mP6nq8Gp
2020-12-02T21:28:37.187046755Z 890 z2ZcxLR6fYAbGrrd37tGRkCrW98fFIkm3pPGNcjRnM929R9q8UtazGZvb4f4
2020-12-02T21:28:37.198015167Z 891 alyPHh933j16BqHzLJwBuycvZnEMCY1iQJhb8nBxn7mCND7N29GmOz20fY1l
2020-12-02T21:28:37.209543855Z 892 ITyQpgvVvXorsrPQkFSq4ZlOq6RwMQOCOhEDRqYgcCCluCIQSE72yF4diL8M
2020-12-02T21:28:37.220358751Z 893 FcadUv823t082ehUcZCTfE4q8Erd5YO1B7jM6onmzgk96T7IyFDDDYkhviCd
2020-12-02T21:28:37.231974459Z 894 UAXKDXHAxmj2A8wCYzAsgTDUnR1eQFdlutfUJoEwJ2nZ2MttYguCaz1OWR9d
2020-12-02T21:28:37.243463870Z 895 RkPIKLQ6iGlENLbJEUWOlclS38BzT2FYgINss5NN36ThZBgeI80eQoMg3W8y
2020-12-02T21:28:37.254280019Z 896 pftrkx5UMKFjzHzaAhMY8aoPXRrqiPJ2X2BECYpV3BTTfOF9yvWHTGsdyiRH
2020-12-02T21:28:37.264880444Z 897 Jkds4wvi9obOZ2OFcrRJ2JEx5zBpjPZ2AhC3zE9RgHaxnaRiGX72p8jdTVDA
2020-12-02T21:28:37.276393962Z 898 iCbUYGS4SWCBpO6VESGMQrrOJV7rqBQMZgvpg8sNm23LRKtBQmqIzXlcPjaW
2020-12-02T21:28:37.287152263Z 899 TnZMymKJ09ZhgI63n3RhOTNTRxS9g0MYL2vBIwrjIL00SX5NenWvgaehPQ7y
2020-12-02T21:28:37.298177700Z 900 zac4mFdxWbDtAPP9ywHeqJHBupMmtyU5lGE3DrY8M4y7Suef9ezE2wC3T4hZ
2020-12-02T21:28:37.309263184Z 901 ehVHLsfJjnYZcJQBx9sNKIHbGyDiOlTCFr27aFzH7POciTA4s1DU8s8YZ9bo
2020-12-02T21:28:37.320558629Z 902 HUnwEv10QSJel7bvJPC64YHtWVW653K1JjW01Uq7MQwDbzZg0Aidw27fOAxc
2020-12-02T21:28:37.331070468Z 903 vbHHVAbP3ebNENfIX7k7MVTLpNxr1fYUbmjXLOtaQZ7TgZQbSVVpux0y3kKV
2020-12-02T21:28:37.342673079Z 904 RWTKOhxChUV4R1WpOyd0BUwa98YT6byRYPeo3wV9CYjoNSRAInpyF4uP8XSg
2020-12-02T21:28:37.353445154Z 905 mIeokDegBUSWmDRfb4vqG2oBBmuVKNYeAoYejUcqi5OpPibGchSRBZV9CNwM
2020-12-02T21:28:37.364772871Z 906 1o1TPCDZgyYCCjQbVuJBLRUJSgEWAYEtUe3kOr3LxmR5lAKd6AhM61W89vae
2020-12-02T21:28:37.375756432Z 907 2Y18ivTRPJwrGpi2d7xsTzRRHH6qiYXmFQiDKvlVDatFo1DfuLzOf4mjpNw0
2020-12-02T21:28:37.387745436Z 908 uA9OfQr9mOvS606Ths6TAfyTnLclIAGl6WyhmkxXZnYnNzNjswqWnKALGGFD
2020-12-02T21:28:37.398278171Z 909 TIWfeehojw0JdgrHTanAFTUxRJjy5krOEDkELC7uG9S2Gj1ywuRKtw0JZ0pD
2020-12-02T21:28:37.409872848Z 910 iMEQo2TYWAHLnD99YDMcXlV4ithvHuewM2gJW0Y2KG1Wf4XCO2DDzSbfdLFJ
2020-12-02T21:28:37.421765343Z 911 eNSYq0qmp5yfsZskp9i1hhBwcyu2fhjzxCgs34BwfJzhlDLhSjbkt3YxIue5
2020-12-02T21:28:37.432865586Z 912 fdu59CJaOjTrkM7CzzBw0slEODd1dmKExzbol4H1svHtZa7wLWnmAFjS6s4f
2020-12-02T21:28:37.444871715Z 913 vKcro1fm9nlEZ7etl6rcIPDgeDHE31ztvrDMTSoop66tPWRnSBOmF7SgShMI
2020-12-02T21:28:37.456646346Z 914 eWxhOMsoMMzY5htPOpvTkh6RZ72dgDnocEutvSzL1kZ6BE4xSGvvg9E82Bsq
2020-12-02T21:28:37.468328417Z 915 Qii83GvXRrtQwfhMJbuGm4w9qgbRoZyN9cA0feA5Vbq8UOtefdRHvGDWbfXB
2020-12-02T21:28:37.479788786Z 916 lSaRCpq52cVLO2aI294Ugcga3t5TZ1AvmlVkdhjxWvqWU7Cob9RtMQiwHN8Z
2020-12-02T21:28:37.491604362Z 917 3zvbK8otKcDZNe1sxC9XfFdVmT1ImAWDRsOnpYV0Z7TfJlSszfTvKIb5ZgzH
2020-12-02T21:28:37.502794643Z 918 9a69YvEjvVsXxRfSNyRIMeP2isToAxRwVMXquND3KDIE034HbHbFl90srfJd
2020-12-02T21:28:37.514082135Z 919 a6Zfi2vJZ3mSKKBAnHm1oorOEeIH72HJU5zVoNu0YSiEEgpfpb1Dl5ufOJaS
2020-12-02T21:28:37.525358293Z 920 AjjVC79oI0LjkN2zrIbezJMF8JfJFgv0wVYGA476z4veYbOE0HdFAixBtqmq
2020-12-02T21:28:37.536889986Z 921 XL8Yi4PPrU9juJQ7OcfDWFrBIykIHjhaXMZDyouNKlfO1OVEkbqhSVPJkAEh
2020-12-02T21:28:37.548678392Z 922 CpJIy5wOMMQnz6pKKXgfy6hERT3igjbRW4CVBhiY7ZEnX4QtEGQ9X3UEGrLd
2020-12-02T21:28:37.559463260Z 923 41AXIIWu8dlnuVEYWPAhenqbUec1d66wv0hcUCE5WiVetqYXw7dTTnwVNkdz
2020-12-02T21:28:37.570900953Z 924 PSFBaSa9jJZRXhNcmaVIRiN6FqvOGPN6mW8oEfL7MlozQqZJ1zdOLZfPimGz
2020-12-02T21:28:37.582040584Z 925 fESZMztMva6qD2NfddHlIQCj4F3QGTF7DGI8sqsdcaZ1g7DRXKzEmbBpEhv7
2020-12-02T21:28:37.593445415Z 926 dGzNBs6TyGFt69MXwEJBJCuNGGebY3viggzebdBY0PGWPkM1DkdIZXc1yY0m
2020-12-02T21:28:37.604170028Z 927 FS64yoR8mDdN3JifhsX3C4nezBdZUTqLmwXsOkgXjnv2MqWtxqotU5eaiRPS
2020-12-02T21:28:37.615799122Z 928 DfIUvpqThOsEiNDxK4lBXQsiWblvwDFtHACZyqvbs9K6IMdIP6QQFZ7dVzL5
2020-12-02T21:28:37.626625051Z 929 tQp54gFPHsqwQzBVHEd6e8MBEtusscKzkEilJVzU4Zi87aIUOdp6n527Nrw1
2020-12-02T21:28:37.637593417Z 930 PppEXCAf6MmXYRV1osS2Hn1eJ38VN2jKSmAM673H26XqaNCUVU3wGZrAfaA1
2020-12-02T21:28:37.648399337Z 931 vA4Q7huKSpBCD6Qb9xcDZXuiRgKsHA2ZvZzdQ4yz4Z8sSjubUE41R3MIfEIN
2020-12-02T21:28:37.659215297Z 932 aHMX5QvkKCrg9Ofoa3hqjHZjYTuoFrFfh9c0dfNwuZN6lybve0MbJ61wh1Vm
2020-12-02T21:28:37.670699049Z 933 A4jRP03vqw3czrjUp0jgFXw2W7x88W5Tk7ttRet162Wz7YpKRzZK8Ar4XBMP
2020-12-02T21:28:37.682840365Z 934 5XLocV3LVuCootsY519z4Z4JKWg3vm6pbLeOIsbAwQvDZsV3KrxRqjeNRHQ0
2020-12-02T21:28:37.693844775Z 935 y2rqt3Y7wgc5ss1j11hTO2YMMelav7CVucUjvPnfdbYfWTRXz06G1aCFuAca
2020-12-02T21:28:37.704699073Z 936 LudTcznW3m9zVSQgmqJJD1TPsawNuzLnO0cHPoorpx5o5gsdzF3Hn2lULbAQ
2020-12-02T21:28:37.715944423Z 937 wnHXynjnArm5IxHYEG9SMuRH2bwe7qese5QPfNgBQ6lvZrko2Oh17Lb5JdVK
2020-12-02T21:28:37.727310937Z 938 EFzq739AlmNWbdv19aoUwpVpSsAzoXwFYZCjJd83QiRuR0dQ4xsMJ84TkgAh
2020-12-02T21:28:37.738521826Z 939 b4QytHz6TyyMzRR9jjVJZnpHQzn0bfi74tfk5E8TgnTyfWBF8fmD4d6FHPy0
2020-12-02T21:28:37.749481467Z 940 R3za0L8sig6PL5rRMkrAxBWdTjLSekHLggCpCqerDjmHzHGfw9bMjJWF8Cze
2020-12-02T21:28:37.760189659Z 941 5CWPKRIAtbIcIrAMNJGwGwxd7IGvWLZmHII6fMd1S8CTFVbGmczKKIxVvQ0u
2020-12-02T21:28:37.771129427Z 942 UAgX9xcSQoks2rSoDWNDEfujsEGbZVsDEKEHrkLhYTHMT46My8nZBxa7MlGz
2020-12-02T21:28:37.782165922Z 943 fUWxoU2TnZA082NhA7rdjuLqdkWrweDZWZTmJD3jS7g9Nd7TvmoDWwfNjTac
2020-12-02T21:28:37.792776327Z 944 bQJCArRDeV94nVZuScC6QmBMkIHh57CiwokP9wlqR7dJerqJZjanQQE2yH5k
2020-12-02T21:28:37.804035535Z 945 mkCvszb2iTy1TvafVCkBkgHSv016lctSnVN7UOTfdWmb451qceKAZH2tSO6q
2020-12-02T21:28:37.815855556Z 946 77DmWzmD7Aj1HIlgU0uFzIf1909JOGfM1A7XYIhz7XI8DnQ17LuPveV1xkMF
2020-12-02T21:28:37.827503169Z 947 s4SN8xnUR25oOjQ3osh0e9cyXHIn1YMq6Pr0J3BGNbRFWaSzclZfs0bau3Si
2020-12-02T21:28:37.838235543Z 948 2CilwV3iaJBZNAzEGAiHdYn5pAxBTAWHam9Hem6phf5ijpHHAmHFawFoFr2w
2020-12-02T21:28:37.849111831Z 949 MG3l3To7dDJo6xYn00NF7GAxb9aXBfBhEAT58DMTUtwJMt9Udpd2Jp31UInw
2020-12-02T21:28:37.859948375Z 950 S44CAlJAY2Eg5qnRO2MZMOAJ3Lz7Wf44iWBRGWwpYXXvwinjvJt4shzlQMyx
2020-12-02T21:28:37.871457500Z 951 qRT4eQh61ZZ53KWcazUjbs2ktEwYGZSIovIvO0wIlLV2h0muShHV2Lg5LXvR
2020-12-02T21:28:37.882147457Z 952 aaiHixhCh7rnt8cw1oKi0MHLqY7v7QpV0T1Dnv9YU9Fo2LaixqOurEhGT8dT
2020-12-02T21:28:37.893756861Z 953 VHuOtaGu5tsgYbEkSFoxIm9ToKxZkSVZT1uIwHtlg4Jn3sFIiwjQABaNPG3W
2020-12-02T21:28:37.905733704Z 954 V4SHyok8PLHqcJH0Z5iklYl9cNNa1vQyfZ11rs8f6ld6n7lXlczwU46vJl7L
2020-12-02T21:28:37.917743859Z 955 iPTKCmZTeD63GyRbKFAWeToapJMFOZrFzp8Wt7XBY0yiwU9H9cb4fulk8P6a
2020-12-02T21:28:37.928639067Z 956 UhaiskTY9w3O0ls2Pt7RtNcebMkU6x0mwU2BSik2IxKFWpbyKzGAaCdymbG5
2020-12-02T21:28:37.939273686Z 957 nPAAUlrL6wMOzKKJ6MFCsJ8ImyVr9TjmbTtvequRdz1PkeulBcUMxMgOa2Zs
2020-12-02T21:28:37.950137836Z 958 mys57TGardUSfc7TS1ppozzwhJrzBWuU63wnSuXBAU0qnffzGhraUldCCmBL
2020-12-02T21:28:37.961040013Z 959 iCti59Tp7eL0O9fRCGXDPuYEtedZn4uebx0mlM7NVAN4wKO1ShnRGqspc7YE
2020-12-02T21:28:37.972113111Z 960 tiRsvKDbpfimkGzEJ83sB9zgcywnA02glRQce7KsIgauruEoWjtBmVZLPdPu
2020-12-02T21:28:37.983088968Z 961 ZsrikWxuV1LtDyBothGI8r6AjijgdZgZ1w6NasTQMhzGztBlzGeMxHuUH0hM
2020-12-02T21:28:37.993980917Z 962 ghU1canL9827fxIcV5jhvSlxBlddWau2JZsfwVCYTb7nILAeoYjupIgLSPGP
2020-12-02T21:28:38.005070223Z 963 SG2FKpvCdpbrFFb8dsu7lUuf3YidGaDO3fyTfvbcIXEIj1JXjNH9MKzjM0dU
2020-12-02T21:28:38.016894396Z 964 bb6bvO0UgVnfdTcLFeinjhc0mbBmSiL8tMvvuMeHwQ53hDxj1GL6fdzH17h0
2020-12-02T21:28:38.028197081Z 965 V09sqkORPNfQAr6wN6XpZ6YySd7S5eSUj5K88SEutterTXxSUVDME1H9xuhi
2020-12-02T21:28:38.039611323Z 966 9N2hCDSs0j2shcXj6z7nR8gwYzBpokAQa2tW6dppFLUlu2KFV6gCzPV5biQZ
2020-12-02T21:28:38.050698634Z 967 mHuu7pUHVZ3re8Kd3u9c1yObD3NM6CBHiPhzz3o4LrHTzzZKzCX5frB0qrri
2020-12-02T21:28:38.061789646Z 968 RCSgQQoEEiDaEqo5Z2a9mJdn8DucbmYAkf0rsYyVJcjbdSpxZoVjTno3ZWaS
2020-12-02T21:28:38.073291534Z 969 8mdmB8q1TMxyvvqAsZgbQ13pBsGbLQa6v5Tkvo063sVLVdZY2zqrQic5y1an
2020-12-02T21:28:38.083884255Z 970 KmHDMaAjC4pmAmiBmDBMsfPOHadMgloLp0OtxnbbD6aGePDVFsHg5bkkILLe
2020-12-02T21:28:38.095690096Z 971 hkVQLWaKbnabDNTMFgxhj6vRmFqkgL0l8Mvz0W3c8khjzWOznpsUhah3LA2w
2020-12-02T21:28:38.107564273Z 972 bWkjV50ag6FH6I80sH4ZX9PfW6T8lhalK2CkVFQDXhrwrlLJWAsyAaQDu3mm
2020-12-02T21:28:38.119968678Z 973 ngRjukZk0O7JQ71wnW6g2r4nHEFd4ehY4HKT8hHKQXWmYQtEQ491YbICMzv3
2020-12-02T21:28:38.130919276Z 974 469qgqRfQRegU1b5e9AUx3p8wSYAOvl3UrzaXVgayCe1I1qnKECCNTFU4NNH
2020-12-02T21:28:38.142452154Z 975 KUCAFaljCjsaig5fOXDnZPAf0KuBDuw6hS5LqMKCoCZ2tdLINm6mP24GQKc4
2020-12-02T21:28:38.152911718Z 976 lq2bS0PKc7VgjckeIIPem3c3B1iQWmipoHpt7Guyhz7twUeykDJGyg17nHIe
2020-12-02T21:28:38.164824681Z 977 0j7W9D8Vxw9xYQxCqoqd5TEjt1M4FFfuMIBoTdAdbQa1HU1vsUmG5pBDX70A
2020-12-02T21:28:38.176923478Z 978 H8H1PNg0SLul2pbTquXLME9gMT6XxHylf2JdfgdLPNrsrQ6XBsN96b1Fif7B
2020-12-02T21:28:38.188254257Z 979 YcsGEvjT2qimfGuS4cwBLjGbZbSYS0kNSPcs2gslpEzmRm2DlC7m8JsM2BRH
2020-12-02T21:28:38.199268521Z 980 3TkTAUo0JghXBh3llJqtOB1Tvd6soa5BTKK6O49txYIaRUNWu2KXxhWek081
2020-12-02T21:28:38.209785300Z 981 2cDHvu4HGoEKk3YsxUktiNaPgkjVxWTigPbikw3bHEMBpgRAHp4kU2R5fjER
2020-12-02T21:28:38.221737313Z 982 S6aNFFLm8z2mN855eLh3N0C9zjSFrFrgQNBmoFFv4viRtWy5ppbbteQPXYpH
2020-12-02T21:28:38.232665459Z 983 FESK24p4OwjEEPKCbMzfTanicO7JrlmXuZYr9pVqAurjWVZwls4h29IMUh1U
2020-12-02T21:28:38.243914528Z 984 77FoMXshXCquTGluVBbiYjKx1YTZcFLV2oJyXax6CjTwCdblQ4ela275el00
2020-12-02T21:28:38.255820996Z 985 tkQc6AEffQlhUZXo0822oHSifhtUUY3EAnmxi8hdTckQrADnquUMpkVd8OkC
2020-12-02T21:28:38.267637334Z 986 9HZDsXlt6x746FWIAy7epIqs3WO2UAmAxDntijWC2WFVq8UCApISxHedHOyu
2020-12-02T21:28:38.278403037Z 987 ASDQObJ0YkEi0ulmRHA6143VTxP3ZbjRV7cnRVQYOssEF8LAQ0QhPgrTUVzf
2020-12-02T21:28:38.288896902Z 988 EjmHxLo3yujBGfGYF858G89h7k4qqDw9P2mB9b6uK1h8XmpyDqjPyW9XD6ye
2020-12-02T21:28:38.300927483Z 989 MwJYRVaXKQ36lsrBA3UZQco12fDIs0osuGPnTkQPcpFOYTLCRj4vt0yNFZbZ
2020-12-02T21:28:38.312758145Z 990 fhNMhxKgnnkOpOvO62OtWccVNzIy3TOemkn7yDYpxYoMklYJtqDt1VCY2zzq
2020-12-02T21:28:38.323657422Z 991 49Jc2BqsgSH7yEeUGZlNBjKAcWgrcljmWV9RuRg03tAmHB9rfa4HiPDsjI6V
2020-12-02T21:28:38.334913544Z 992 LsQj6XkwTT34gi4S0kYKhwCUM0JNbRvuBNFhukFPYYiT9U1oXnOKc4JZI1GI
2020-12-02T21:28:38.346682604Z 993 Fb5BcAupa3VEbGxsoppKAJ8zetN89UngIE4mZFvBvzsso4vL063jc5B9UD6F
2020-12-02T21:28:38.357425988Z 994 Ky0KQzdqAbtygN2xDV0RuQ3Vh0qTdp4bqS5NiIERWOAzApd61J4xfvPunVBo
2020-12-02T21:28:38.368101799Z 995 wxuKWwxPt62Hr4YlTHJDTFoLDVpVp1chB1oxVdJB79wcsmNwGUf1hmVcuxUJ
2020-12-02T21:28:38.379088367Z 996 eSYmQv25Fo7TetxKRj6hBoFjA3fJvEiKca8LGt75U00RYUuUcn0d2Cv60oh8
2020-12-02T21:28:38.390085658Z 997 AuGPr4hY0wTCGmqUqtUpZUwsbXW9Fh0qaa6x4Msek6OAS75ZjyOSv0coLAkb
2020-12-02T21:28:38.400830811Z 998 gnRl3bWjyFlFsBCyMVDvKRSMiMcQpo0lr56vM8niPxBHzbtlrjdV6i4BwWJR
2020-12-02T21:28:38.412475400Z 999 akfZ1NpiNW6eoGQZJwsGkZjlgi4cYfZM4ZAkXudzJBuq4hC37QdQfXHIv6m8
