2020-12-02T21:41:15.593901536Z 0 4IFrZmRc1FattxYlCgALG2ty6gFp1AYvNlkuh5KPtLfX6MS4eLwvCx812nJ2fO
2020-12-02T21:41:15.605602462Z 1 0rU2wMjlDq7ruab3naJ13WlTZ8Sa0ojIsrBGpyZRy06Sntltt2cUMz6Z62CpN9
2020-12-02T21:41:15.616138691Z 2 lazgPcgaoksRH7YBBUkgWXKOKQUXYexQMlP9NovhrhrVCYkbv8pEcBqEARtYi1
2020-12-02T21:41:15.627650354Z 3 aTjIGNzm5XLzcKfeAqBm9EE2QP4huIYldsJxNw2BuX9u9uvclDLUrUPcN0uxZC
2020-12-02T21:41:15.638338039Z 4 a9aTWdh8wTAuIVyMKQlypuskSl1J8RpXmlbd2cwVW2PEbebACCjbuda1DTCcmi
2020-12-02T21:41:15.649821952Z 5 6hdR76GtiQRJJlrQnkXSYAI5yGA9A83e1ycvSCFgKC3OXTbnELhfnqSZhYpj9R
2020-12-02T21:41:15.661456888Z 6 sI4QAo0XJWYfI6Ue4xdwgLZNt37dt7YhjhrSBBMSxKD6A2U6UjJ7nsOhatAUNN
2020-12-02T21:41:15.672044112Z 7 K4JeHBJkHkD9MUqzP7CRQv4BVvxidNututDrroOQ7W2sLp4coLVGLrFr5rPINO
2020-12-02T21:41:15.683287258Z 8 0NYJuvyd68N7ylXR9HFhar5QQDRXkWfLPkETPN5eM5rwI20gKXIuCSUgh7tMo1
2020-12-02T21:41:15.694680411Z 9 zagoq1Y9SNy5EengN9iM8EFQvkIg0VX5aSgGgEj5bxHu2dZpmHf4hYWtiyGyf2
2020-12-02T21:41:15.705342086Z 10 hT392ghYZ0QzJX5df0MNViksq7vOcRyT3YAruOWSo6FSkR934FkjUIThujf6m
2020-12-02T21:41:15.716777914Z 11 p06yvqQyGz7SYsWUQqiWhIGl0Y7wnet8pStzpl2M6sFvpUfkkhMqQJWFu7b9I
2020-12-02T21:41:15.730111539Z 12 qtXfFEPRKd3lbKHwrPGJ46ZtZw9Jf7AjAq8fgapPzJabBLl04s7s08Kw7r7GT
2020-12-02T21:41:15.738944913Z 13 ML233vRhwTABkjuP8ESgiQWiKL4ZBnMEpkvWSaRUcO9QeM1qn1MdMY7Zb4GwA
2020-12-02T21:41:15.750325628Z 14 dNYskxl3ssxMCUEfNRk3bs3p2xhORpyfgC4Ty3m7Jk1IS0UTNqLm39CPryaC4
2020-12-02T21:41:15.761429559Z 15 0UHCcXbsXJaSkhIW7GTQsTalGqJnZMfNQXTinFQES2L0CaFAvVuVfMshXOwkh
2020-12-02T21:41:15.772765016Z 16 tcCopQMv8F22GC1HUIq6GYrIeLGj3zzLoMNLyTAqDI9CkFAK1u8JMmUOF8ERJ
2020-12-02T21:41:15.784180420Z 17 JKO4YnEK2wSZIrodhkWOozNmRBl5WVaVxwDEsREBq2QHSaI6cb74ylSjPtNsF
2020-12-02T21:41:15.795563909Z 18 dufCVurh4wqV5xNGPlC9NcGeFDPgML3Ey2oO3SkHPLT69vdIexIxj67AHBzR5
2020-12-02T21:41:15.806452968Z 19 ZLVwjiiIitng4I234T5QH5Mw9QdAlMf43PDVf6uGEdUEgdM17qSVDTyeKCM4O
2020-12-02T21:41:15.816965309Z 20 M1m84eZdIIIyXERjBsH0peKfX6rr8qfDPKU07VtHlSTP3xUWitnhvlKHzw2L7
2020-12-02T21:41:15.828802410Z 21 ng3LMU7RG9Ak7qcIzZFm824z4nieKbSQ5NiM60bzoOB3OrwLP8H74rszXXiBi
2020-12-02T21:41:15.840779106Z 22 wC2EOhv0V5lM52znxZtLygq17FTHCCL1GP1OaJoYyylwGtJ9C2iBlhXlaiZXf
2020-12-02T21:41:15.852360496Z 23 uurWvs8d5i9LCpkMiIaJIXQ2FLXqz2V3svQjSbmwtD7zV4A4R7qrQH5nIgFml
2020-12-02T21:41:15.863359872Z 24 zvhjPguqQ3eQHi6mrS9RyvHCVlPP9QaZy0LlzUtDbWSVSiiPrLZC85EDO7mv6
2020-12-02T21:41:15.874059472Z 25 WNARmM5uJJGStkKG6hl0ehzJLUajk61dqsOBcyFEJ7cDoYQO3ylk8ltSxnQz8
2020-12-02T21:41:15.885507327Z 26 2MycJ4kw3ryvyLSRALwaqaZVzsorsv6hMROGXszK8uPX8XeeTaU0VtwgDjCoc
2020-12-02T21:41:15.896532178Z 27 DdRfmAjavjnLzTjqPsazHMlFRfiEaZbxfF1tiHuRIAHYdSc7ttgboEqD3bqcb
2020-12-02T21:41:15.907274932Z 28 nFZCmBWvXUcKobAJrB6rjkTRFCGP4IAKeW7u5U1dUSIFyIXI6uVXyzGoctYHF
2020-12-02T21:41:15.918416902Z 29 5307w2euA39JJ8iOUHSTjbPOfIToiN9anNeJSKRdXzuSna3MdJET1qzy4rUQr
2020-12-02T21:41:15.929340424Z 30 YOQcLV5C4eaAcSLJZCRklwkzbRNdG3CkDH7g15pyd0OGheol1qz15h2eAxi3O
2020-12-02T21:41:15.940619957Z 31 fgIUW8nj07iU7VZrxi2YuagrReWFlU0WJ3VGaHbGijzKEQ0KcXh4qPc9YbrRx
2020-12-02T21:41:15.951118285Z 32 5BeGRXL8jEq7wNYwpvdu5dT92752M8ienxDUD07Egusz6lvKTY9svHW2YSBv7
2020-12-02T21:41:15.962404057Z 33 0gPDSFvYvZIuPIOYIjgYpQCCgcvC5WP3oousgFzob6nVdR6VAvFCrgoCNvjRA
2020-12-02T21:41:15.974094155Z 34 9bWOCmQUs8w1Ju7tu2MbUn9OfMpDhQGJheBhFznmh1it6mobgUENjzaV69Xst
2020-12-02T21:41:15.985836216Z 35 igAMmsqmnTOV1sYkNDuxscvsxvE1s2J7vAdKcMsV4nNOoS72TLi6pLJmJcJGa
2020-12-02T21:41:15.997444468Z 36 hJJMQIruQoHM0ga5efYXETKUuhvWwsS4BBt8PpqMetveFB0IhQcFcoraGEvCW
2020-12-02T21:41:16.007857412Z 37 leKmzLJl3z8Dj5DNwsbq7G7V7I3Vn8vrRfRw6XPTMqk35YnuEuFngcthR4WSM
2020-12-02T21:41:16.019070765Z 38 4ZZ3Yvvo5WVf4sMAeZUUGpsx8mRDw8E0mHX2eCRwdrYOFVKVbpuSG6aSVIX4j
2020-12-02T21:41:16.030072540Z 39 E3zyUaLhzeqTJGI6EB1Puk5NCntbkqpKVoVqg0eJDfBJyG7E3Fy81alD5prYG
2020-12-02T21:41:16.041307578Z 40 7Nz29mRWoIQIsF6yI2om5ZyUjIJShgP19HCBpCBj4FiP1txUDFfNeAuODVu4g
2020-12-02T21:41:16.052496165Z 41 LqaevtmLBZVRSzQi8sgm1ddSmZWjLDIJwQaH9YSiHoGOWI3YgG5Z561jYCR3u
2020-12-02T21:41:16.063514956Z 42 gznVGehDqGUMEWanjDTF9vIsuu5DlJhuuy6CfAyvKiFKBPdwvHcQuYo7zKHDU
2020-12-02T21:41:16.074071621Z 43 TQsKR9P5aE37KTtpLKl6htD1aSBHyAy2a6D5qjN90edCHFSiS9TUMlXAVeL9Q
2020-12-02T21:41:16.085737059Z 44 i4pU6sWVS99NvbMfXXvUfMeotRdzExXKWKEN7YdM2uwMBCUPxJyojBqztqFK3
2020-12-02T21:41:16.097805653Z 45 rbATGFASPhk7KvDEaEyBIyo3nePW0PI44mCHi7otrocVMZ0Hr2QaZ5JmttpIw
2020-12-02T21:41:16.109297365Z 46 JT6eD5wMQfGJ6ScYDkUJFT6wGmXT837oBJSLab91VpR64ikA1SqSMbrjecygk
2020-12-02T21:41:16.119904902Z 47 nKV1R7oN3OPsBQ9vsdJCLvlD0Iz0eu3kzXf2hMw7hqSHAPH4YuOsPPfr7mZZD
2020-12-02T21:41:16.131162336Z 48 2zaxtE6ktwYxvSrk1J0m72bqq86yWfIC38Fqk4LrcmV4tHBmYmheZVqNbUdal
2020-12-02T21:41:16.142901394Z 49 AgT8YCKcLRNcP7aPSs2fLrDHUjRF4mou25MZ3q0xNqptOB30OojymLXVPNkYm
2020-12-02T21:41:16.154653639Z 50 lzk3N3Z0eisw2FrSrNBtH4MUAsg4J7hRxGuZcCd8hvU2mf0tIAor76GGtWszk
2020-12-02T21:41:16.165895687Z 51 vGinnxUSZfaeZwCaP2yDtgCkRJ0fFvLjXnpOlxTxjs8BQxyjZgqa6tZulw8Za
2020-12-02T21:41:16.177143480Z 52 1mz7QAhyi5f24GdwNzELmmDuy4Bgvfr5OX4DiHrwpb0hrZZWPrK5a86s1lIcA
2020-12-02T21:41:16.187998273Z 53 zu4ln3RGJEjikqeQBwwTfmHEYwrQmcXPQJ65bNk40Hxqe8ySWgvBd1HTyTsj6
2020-12-02T21:41:16.199849285Z 54 q0bZHhpkis1BmbUH5WTI5xDfZkuTGEtRf8RKGpj5d4rCq7jB0wyqimkjwZaTy
2020-12-02T21:41:16.211715552Z 55 bc8XsBOvb8wCqskselhJaEleVWdnwcV5tNfV3F5Vt5VMphNezhyYnGepSGSsG
2020-12-02T21:41:16.222571755Z 56 oHlOxMAyLWVIUrLROhvHTFLaApBxjWefhilyQLR0yYvyH0vxrnqshSSaiDSf4
2020-12-02T21:41:16.233301318Z 57 egR7DMCgnGqjvzOuSI6iPnvTkE7GjjpYxL5dKMtO09Gq6GVQuhW83wYH8c2W0
2020-12-02T21:41:16.244849878Z 58 0PtLIt8Rg16rJRPNutlnavbf1atlibn4zsWnL18u4hhIofDYWtlMQ01JhuQGq
2020-12-02T21:41:16.255917279Z 59 fBN0B8Xo91kk2nV3ZxAt4vfDg227mBieMsKaTtM9Df3HETarlnP8cfaMgIH2Q
2020-12-02T21:41:16.267440713Z 60 yimtABokOLTYcqTqLzMnvOSUtOo3FejDlZYt8At0W6Avbvt3vHM7tr4qsck5o
2020-12-02T21:41:16.279002799Z 61 FEVrvSviwVDemkk0ddVXiAs9g2peVBbs1pc64EiaF2YNXNeRrsTsEBZcqEQCC
2020-12-02T21:41:16.290688998Z 62 Mxcabv377DUGQh7AAWnp9qGtX18yVPEFrBqjSaQp7BbqphwIBeViIGoa0GO3q
2020-12-02T21:41:16.301843710Z 63 bH2dFljblcTXBYlUEXNVPkwe9Llmj28IgqyXTOGiUvEdIHhtkp0eSaQRIsRCy
2020-12-02T21:41:16.312788808Z 64 bjiBM1QWGyD47pXadQVxJqvRGMkux4ggqXImVTiIy9TJnLMNRWutsojfbjXsI
2020-12-02T21:41:16.323459131Z 65 XpAsGACv2QZRC2ss54WxUJDLEck3VmwnlnRbPwPNYzxYMnw4UN4MeL6liBwHy
2020-12-02T21:41:16.334256432Z 66 kLsNFVcAxkA35oU6wC1s8Qt7d0MSLJIes1bC7OB9jWm4HVIn863IBOF9tdQsk
2020-12-02T21:41:16.346342182Z 67 oI6UZ2LDvGqTHfvIH6xxf0rKSLzcEFCuzdwUE0Fw3PmE9YzDyK4EKe7CVc7el
2020-12-02T21:41:16.357225975Z 68 dZoykYR9drbQGjcmdYF55psUUFZ8AurVM5ixfqG8beJ8uFEBZNUvASpzQ2WnE
2020-12-02T21:41:16.368633835Z 69 80Sw6BkOcyF42LZEswlOCzvgUayBsA7uM6PalJ4TDZweJb277ODUa8Qe5ZTha
2020-12-02T21:41:16.379131786Z 70 vzH3sVTDOttRmS2AlmkGWFdEZduU5BVyIpny8mCVZgwZm2leUSk3JavYfQ9Su
2020-12-02T21:41:16.390989607Z 71 RT43yEIh7gtIds7CIJXnuFCuEH6hXvio5KWJvlldfkCnGHii7sLDSdlMtTrX5
2020-12-02T21:41:16.401874762Z 72 IL32cc3wjVqrWGNX8s2aD1VwjKyqjB0WrMWlaagOMMdtNA8YXE7TbR0i6nvZS
2020-12-02T21:41:16.413816715Z 73 CnM6py9EXQPhq0v3Iz9ttm0NYpYVDvDWSw3aS1H9e2sh56buauPxJVuIUPhDD
2020-12-02T21:41:16.424407049Z 74 lrJwYb6dk622wWW1sCQYrdxhrQfh1mw7gGUhxg4jsVABfV1Dh16Q49dm24Mgb
2020-12-02T21:41:16.435285028Z 75 Ec955K8BZutxbaUj9sTvnFfzMajjdjLFaYekfHp7tQg895GfXtSmgDYyio7GE
2020-12-02T21:41:16.446309080Z 76 LraT02Ft9n0Tl7ACpglxxnnQOaUsBOr3QnCHvZWS0tMLjXK3pK4ZJzIjbgZvN
2020-12-02T21:41:16.457402743Z 77 BrpVwNFxEiY3LD2DISnbnT82F2wHuG3JRrS6jSxQjU0csKppOP62Wv9STIjBg
2020-12-02T21:41:16.468945531Z 78 jZ7F8UOHVyz6LIKtt1sgPXTun4ySMaZmcBVxG20HX2LmPANjSDHOdDy7fp2aB
2020-12-02T21:41:16.479193543Z 79 Pb0ITHo6qvexkknnYFDjSHdfVFXX8XDsdTKDOrKBktygZ5Pi494N3PJ0Ka8pC
2020-12-02T21:41:16.490365555Z 80 JdQ1ZaWypMhwFJUDX80FKAvGmXTRXxVyvM3DnrBVNviaMENyouVDa75ioEKtg
2020-12-02T21:41:16.501733301Z 81 23gpRWILetdM9yGXN1qt51wvF9YbTIBEQmvtaW3Vkv56ekkh1ms8VIspetYwq
2020-12-02T21:41:16.512773357Z 82 IS8y9vTOUoAAQhLhOL4U2tc0OdhDGydaOFC7KJkm92w8tnPCgi7Zstg0cwkfw
2020-12-02T21:41:16.523658191Z 83 5LYUuAwN96wooiJPd11Xrz4zLneddtcvs6vtn7kaCtUGzjeIPZ3Qjl0MLBays
2020-12-02T21:41:16.534043506Z 84 7FibgLLihGhpFo8wKAIhldcJCpog4x34nB9yMDM6PGHJupwW6r5RqN5MXoywe
2020-12-02T21:41:16.545733555Z 85 Az5A1urj7EJWRDvHM38bEkoj0gNMwMzxP5ubBVtSt36RUGgz06073xMYdjFgT
2020-12-02T21:41:16.556923761Z 86 lTjl241ICuIy2iWXRmlgj1ZFtXKNHAsr577UlgXWcfmbkPEV8cnNeyxOEVQV1
2020-12-02T21:41:16.568822629Z 87 rZv9wECnxl4usiD3Foqch1rqSbo8R9oGGQYiyMK5lzFmkVFFBbxiBOj8tb9ST
2020-12-02T21:41:16.579476286Z 88 HeZy1kSTyJSe6nxvMgU4K5sZtqIA6CLSMSVWufQY0fZMTgRDxoq26Jp9DptMB
2020-12-02T21:41:16.590346170Z 89 jtB8G71EAqn2KD6mWR2yQDWj1TSh8yyncVq3DDK5U0EUW1AzUcEW5xuKjLlSI
2020-12-02T21:41:16.601499773Z 90 7u8H4u5LQmr4kXKZD2x67EXiE5tacYxHSnJq3xZzZCCXfVFRBC2q2CnpiXQSJ
2020-12-02T21:41:16.613068319Z 91 KlFXLIqUxqIVfckc4Jh5pZh6IylEO3a9LigE9sBegZEB41UGlTDhmnBUjqHVL
2020-12-02T21:41:16.624194729Z 92 KvldwXRwoXGaQUXefjiE3HHgFi6kUrfhOC9tsiVcqU7utwlsPm3b7syKpCe1j
2020-12-02T21:41:16.635408238Z 93 ftEMidERJPnykmcp7fEQ7jeFEKh7yAu0QqLQOkO26VmM7vtwRc3ASDlLpkRZi
2020-12-02T21:41:16.646437854Z 94 nDEABcavLIWDXDjL3l4fIXqhBsJWmJ3vxm6L8EJkuyvCIyCKdzKq3624ebQs2
2020-12-02T21:41:16.657190826Z 95 smWpuAJCFO0JGCF9AmK7CrxLAvP2iSe858Q2QKv7Lt1wyuSfqqTzrtFxNfdfD
2020-12-02T21:41:16.668440670Z 96 adlQV95FjXaOovaDl3RYl2YaNBN0M0DwC0rqzPkpvCDfyxIHKUzMGcMDwn711
2020-12-02T21:41:16.679079321Z 97 mHuI5zcUpiD6yRtHtN1hr9M0ybt0AborwxlSRgYdEr0Csr3oLilEdWCU5LMRy
2020-12-02T21:41:16.691006285Z 98 F35KoDNciyL0kKbv76kckj47A7jKrU608tF4pi27lk3CkVnzK12Ux2vzrYms6
2020-12-02T21:41:16.701838716Z 99 vRB2Ee0o2k9Dh7QpgxnIQ7YtX4A5p8OKV8aXBhqmfCPoGWWqqvg2xOqBJnM0B
2020-12-02T21:41:16.713796405Z 100 uz5Efs3oaNUae4YUvhURSyAKUCfwm7oqElIB2TSXT5kcYQYk3vtlfkRWTPex
2020-12-02T21:41:16.724762783Z 101 wzwJ5AMm3Qa0Al9RlgttdshtePXG8ogDYuX0hFHEUFnOgv4W0ZkWiVKhO2gS
2020-12-02T21:41:16.735916110Z 102 ie0zLwmTbJL43zj9kQzBgcUUqGPLs3OaYg7mW9BH3l4RorYK8aKa7r6qeHeS
2020-12-02T21:41:16.748003201Z 103 5iuoNwxdiG9u6gv4gtfflzW8RtnhEiGgdzT3thBDoStSm5XTI4dyGuCCDNsD
2020-12-02T21:41:16.760037768Z 104 nekoo11vhUNrjLAhLGhaVjXmbDyZraoNSzditXpvZXcJ62n7lfFeF7aDJint
2020-12-02T21:41:16.771887830Z 105 j0C2wmzTBGquSbahH7Sq1kmdLV0JJhoq2EVh2dcTaupRBORHtx3cw4wpT5xg
2020-12-02T21:41:16.783074813Z 106 tEtNsmAYCKxDnAz8xrSsI1UAqM2da43KSkBy0roEfEoqnfwhx5HiBswKv0hA
2020-12-02T21:41:16.794095477Z 107 Xjos3lPn9HS6deO53dfQHYstbXjY4HdXklUdImbSdr9amggU6aWBcygvinNT
2020-12-02T21:41:16.805374200Z 108 dUnx3easR6MhWuD5T9SDQxs4yXgAbXBBA5gZYZ4NczdPf0tEJULxhqpLUwa6
2020-12-02T21:41:16.816134569Z 109 gz1e3sTFyMzB95F0nDAHoyKdNUuUY7rjU4P3Q11bjpgCF5nkxKG46tZihqkG
2020-12-02T21:41:16.827862237Z 110 xndrj8DOWHg2Mwo7XYwHslR3wgZ4eveBQ16mZZgDGVhjJIbHNn2LlYD6KPXp
2020-12-02T21:41:16.838665526Z 111 cWXggGj0fJbr2iKLCefHyu48SieKadWZIWi0YVwRcUEmJ8Hjj2e2T3OoZrLB
2020-12-02T21:41:16.849211868Z 112 O9wXhQvBE1zZnR8dYzbHrkVlERo8bBchUBiz9G7oTAsqtQztruMWgJr9pqHR
2020-12-02T21:41:16.860161119Z 113 J03D08809NYbrTgFxoh0hLjeKU8ypFixenFHvucUQmkNOMvH88VPKNlzZdWa
2020-12-02T21:41:16.871538700Z 114 c3LPysk7LzCP68WBWBHn75nSmyiNL0kAW4pLlCe316YvzQ2gaBs1Za5wsl32
2020-12-02T21:41:16.882361595Z 115 TTVGHRecq88dQwA14lDv6axlzVI3Sz7MvuVoPrfLcAX8oZunf1CtWpT5hNeN
2020-12-02T21:41:16.893277850Z 116 8r6Heeea2lehKhvnr27PxoglqAEpLaP2PhEu4pEPvOLOkjMJUUNmE1Gz1tMp
2020-12-02T21:41:16.904193459Z 117 9fBKuvSoxmGi07VqbRU3xKrazLc21p8qYLZ2BGEv2S1CkfNQAwtjlSXzrJwx
2020-12-02T21:41:16.915135471Z 118 LUGAjsXY8boDZE6sqU3AhFutHFNKwFTm42PBv7H0lVNACg3jeVDqHd5lYPuo
2020-12-02T21:41:16.925973925Z 119 ijdhcdgnYicj8S4WyUSjB8pw4h0038HIW3PnocIf5nnkNSicSIAf8PudYUMn
2020-12-02T21:41:16.937841548Z 120 e5vYXqpmrOcmNSNx5wVyg9YSbqV7A7tEHyVYLqeFHxtiPd26kzkIIH4BfPtO
2020-12-02T21:41:16.949882131Z 121 10LsEpXjUEiwGdE4xTEz10VHGADegyMMu0Ik7KUOxNJ2ZjBxBUUjeXVh4tAY
2020-12-02T21:41:16.960858050Z 122 EyljbUgtfaTKE7o2pybKUP14oAJu8Qy7xZNNE7AUGr1gJPU7AZ7Z24afmw1i
2020-12-02T21:41:16.971765734Z 123 Ev6OuEG59nbEyJulr7qkBb5IUr9YLskGl84K5TjRF4tJy7RW7RKmrPibFhKZ
2020-12-02T21:41:16.982628258Z 124 ULHTibTT6ZW81vvvGa2k2VSxto6bQKGBwcnH9nXu43N1EWF9VG39Jyx6uJC0
2020-12-02T21:41:16.993643606Z 125 wIgZeGwmfE6cTJHwzXHk2JLfV2KuRrLtMIfx6XjW4pXSR0WJ7cgI0918aUOM
2020-12-02T21:41:17.005312387Z 126 pzjR27gageQPGkHsq9RtHT1JGaVDp19qLQgjFSuSGDglJisACvKDyStNcNqo
2020-12-02T21:41:17.017001309Z 127 hgkCSk5swFfja4u24bm2NOSQM3ssNDzrU7sybzeZqTg5XFI27kGstDcUJRa9
2020-12-02T21:41:17.028748344Z 128 JKG2SnEevERemgm29YVNlLzu0SlwqXO4FIXxw6Jv84jKypyRi8lx2f2JHUoG
2020-12-02T21:41:17.039733113Z 129 4BEbuFY80zMdV0ayxLNFPYnJfEewEWqwJShVgsmCJQyhGAhvIKcj6VKJjGAc
2020-12-02T21:41:17.050868499Z 130 yKyNDxhSxYkgQsfgJoXtwpyViYUvaZAgI8mmGhWmIiorFXgmH00wgoDzDGnR
2020-12-02T21:41:17.062634405Z 131 O0t5IWSHtz9aggF2SmwG8FJkohrV9SEMGIsho8e2CndDMNO7bEBj3BXGTNZG
2020-12-02T21:41:17.073592334Z 132 2ZqXXk9v2dM7FgOoBQwPfcLRKxMKGB7fBLrFEYvwfDyi8Eink1aSPSpMAgHf
2020-12-02T21:41:17.084130487Z 133 eXieZzRU4vKC2KfNYHjOz1pHgqkXXfFVbwCZT3e6pd9p5BGXssZ7MXALRBz3
2020-12-02T21:41:17.095191905Z 134 k5eTTmQ8YKFyfacunIi9aOVXjr5vqanEOEJykNTGNHQ7pn0wg1qH6OgpDood
2020-12-02T21:41:17.106318155Z 135 fkLRxKkem6HKvKNeJSxunPAcW2p9wR6ETjivuzOPBhSrTPgJlLrSkuCzL1yX
2020-12-02T21:41:17.117109031Z 136 LsDzCQYKR1KiBGzQ7N8DN8LEXXHfARgqfWR2gIppq00G7cJBdw7bMoxXRPJc
2020-12-02T21:41:17.128084317Z 137 Z8QLGMaGgvSpJzoYvDqfeZvl3jivilP5yci4QrtWKsxXPaAPN19842Pz2JAa
2020-12-02T21:41:17.139015793Z 138 ZTXC9POnyfaIsifJ14ta3OuDcoYKZ8c73AuN3tuaeEBxeLF6ZOHrwzDq8d4W
2020-12-02T21:41:17.150814596Z 139 AqgnCOrjbQruLTLAX4xgwcIMitNOt961wTdjQOAJ5B4eP94PI0TJSGJ7Yvpg
2020-12-02T21:41:17.162722288Z 140 Pq1VXgYoNnmXeWmdpNEw7vUcMNI955nJkbHStupZX514AnnEVCqhO6wM7w3M
2020-12-02T21:41:17.174014689Z 141 zWuRHpLNsKITqTZi74nSbJlI10YYruObhJk3tJ3Ny17dRk7brxwYAsa9fJbW
2020-12-02T21:41:17.186075318Z 142 5VVrUpnj2cKxbOCPwQ2hJmJodUfDlQDwxekPbAQGjTqEzW7KrbqBCbpJz9Rd
2020-12-02T21:41:17.198040368Z 143 6O3NPPjNunIZtInk4iHsTeymHr1o89DcUuZuULGXS2zRD0euToySbmeyuBKa
2020-12-02T21:41:17.209072583Z 144 CRFnMMd4VIwCorTHHxk6EQHzZ62ZJGs5r4EWFwzTUBogujcFXmfFUkSNTTFz
2020-12-02T21:41:17.220453504Z 145 8gadSsIrkuh7jY9gEdV658EdTspRgemjV3iAc0HqS4vSle1yhEbyfArguUym
2020-12-02T21:41:17.231963575Z 146 aGEOnrvzWA4rciPSrh78lTOCRU4FLimT4EwzlU56eGqRQnTE0y8dAXrQR82m
2020-12-02T21:41:17.243630282Z 147 f5jxbpEuwtETaf6wu1xpuKn9ZZdCp1xdeJOXw9gP68DRw5nyFx4HVDylW6D0
2020-12-02T21:41:17.254678203Z 148 XwFhyfSitHMTmutlOea9c8294W51FX0lXHz4LjN0IQCExrJiSDMBUJFzmntw
2020-12-02T21:41:17.264837858Z 149 YVY9fQTVHIo29wuHJpSpWbc1Ub4QTgFMwsBh3efncrymbR32iIBRHGqrapWk
2020-12-02T21:41:17.276432757Z 150 9SQjFEJzpLNDcHvPevUBxp4mnxTjceWjMlNfC8AsHWXvZbfHxRzQ72lgcPTf
2020-12-02T21:41:17.287853531Z 151 5Oo1hvMVpzfBpa0Otfg6xRbgMPMTX4NITjFPchzAtqSU7DqkuzFlTwPYoPrU
2020-12-02T21:41:17.298725277Z 152 QqLtMep78vgPpUjStF6Js5fvMgnYz9SM3yI7zPBzEMKaX7zJRLEfQ4A36tnx
2020-12-02T21:41:17.309657918Z 153 r5hFrrSXRsJozonUa3ZyqRqVjqKRh8wylr58yfWBRydMvkeL4kJd8pwJ4fAj
2020-12-02T21:41:17.320665599Z 154 G4eu2rdRJF42yQhFcmM4UeVD9upaQm5rfqiH7X4mxsoEo9JIE0BYcPmrQElx
2020-12-02T21:41:17.331391546Z 155 Af1djvoPPtDGYh7fUblIZmO76mWG2a5ZjHgMFftihBDUkIklRO0njoruuyqr
2020-12-02T21:41:17.342883049Z 156 o6FiPJYuKU9k5CPWv6dPYTz1PT5oVKH3MYaMsWyr5KwOuKf8sK3HCKgmpNzq
2020-12-02T21:41:17.354654630Z 157 AuS4wmYxeDh6CPUp8JcNz69os8lzGeFvWfDnmoVVLrIB9pwCpiT13T5YRHH6
2020-12-02T21:41:17.365689017Z 158 jEqP1LwjhoN2iAg2joHO9ReInNTWdojUmHs1y4laUccuxWzfnylwnSpcS6eX
2020-12-02T21:41:17.376530102Z 159 unKGaciVFK3wL0ja6nM7SR31JD5k6hKwQPe50GYkblOEvj9mkGUvw6cZoton
2020-12-02T21:41:17.388010286Z 160 kU9qGD5Eyz1PbuE2VbDHq7tJ69Tm3TDTP6JYsS1wli0TQbJP7PyeXzk9rX7F
2020-12-02T21:41:17.398369459Z 161 iLUPL37LdPnn7LT74Kidme1KV3DGzE2kgMftyfOgXzwOHV1TeejmUo0jzBCh
2020-12-02T21:41:17.409765144Z 162 5GeVvVGTfyYH9nYvnhvLh9lXNWBfzi4jsGplegag8zhQ85lKUbt9XzRNsHlR
2020-12-02T21:41:17.421295701Z 163 66Xv4jx3oYsMls6Xct1mw8zcaQi3eKkl1sy6qBu05vLrG8OieBIEgn5WktK6
2020-12-02T21:41:17.432611783Z 164 8RQbShZTEtWYCfvVmQO4Af5KcXIixNnRfal996sb8zWO2EyDxfEs1HcN5Ktf
2020-12-02T21:41:17.443215238Z 165 EWMxvJqfuDnQmvFoU4rQHlYvH5SqAbUb8M04vUBtv6uKlJYiaWJlBfaLHyzh
2020-12-02T21:41:17.454526170Z 166 nkqbEe8GJXJh8cPq1f9lOksjnJfR49OBnbG2bA2roZMcov78Mi4nhDV9FG50
2020-12-02T21:41:17.465900672Z 167 p3r4xJEAqovIt5ePjeloK3my28zCehxuwScQvXFndxGwcE9xoZi62A2aoI80
2020-12-02T21:41:17.476530238Z 168 0YwJulWmGPWN5IJlSRWnA1XOTCkQzXTEJEHWj5nb5OtMMLkdl6R2HNiKsGJ4
2020-12-02T21:41:17.487641545Z 169 JuBbPxRAc8NIdpXCHhNMk5wwQCCxq1BcYmImuNOF6dLN6lzFNBUE1HzdXqSE
2020-12-02T21:41:17.498310907Z 170 uWT0UedV0yjc61qbdW7IV4BnwUtsGtqbWgZv3uGnAIX1zxgMRYmjdHL0ItOY
2020-12-02T21:41:17.509882840Z 171 3MnV676v1JDWx0jRMND3QKSzOOVlacQJG3c3ETYwGGmgqUnSXENS6g2RCUVG
2020-12-02T21:41:17.520884216Z 172 i8yC1K3WshiEQSjegeDjUu1LfLfkQM5iP47WvZRBA8H33sSkc3tNY0mbe4Ke
2020-12-02T21:41:17.531954652Z 173 JpTfbpi99RPco6DadWAZZ7h5omA5zOSSELoUde8h7NO3cdy9d4s5NomQuuii
2020-12-02T21:41:17.543992348Z 174 OkeZkPgp5XOUF5vLwr3OuG7Gc8ZlDK1D7H8zOADgO4QH2fnqETSFoIBifQMg
2020-12-02T21:41:17.555865502Z 175 dfqfxv7U4u7C7leYwnanPYq4qiPPnKprGYWokbnzT2nQAVlONZp4unWvwsD6
2020-12-02T21:41:17.566986391Z 176 JIFFGlt63HFTmbq5AQ6yQbYuLjpZRIgy3cJbz9tCqshNjDc8F7IJbnhzxDIv
2020-12-02T21:41:17.578236868Z 177 eHYuzmRH6vJvt0QEocazao80MwVFLMDgbikKysIHkx1IqGSfnURbl8ty18Wj
2020-12-02T21:41:17.589401426Z 178 fEInWffCfap8o3XKkRxQqgwwVHtiSCIUj4bZ71lGBBRyqz47ENiu5vVYKnbK
2020-12-02T21:41:17.600005136Z 179 WTvgPKiFTp2cLATWV21fTMWK5tw4d8R4LJhBYrKO6xaYCs7XwNDNdE9T24Gk
2020-12-02T21:41:17.611832476Z 180 mWwh2aYoWKbru8rCEM3lvA63FvJJb0ejzF3wjORWLfepUzWWpdr9Uctfb5BA
2020-12-02T21:41:17.623126985Z 181 l24ToSaDTMGQiMD6ZRuNMvPd50SMnq3F1dxpLnFT3ziO7WWpa1hqjTGhw3aP
2020-12-02T21:41:17.634720319Z 182 P6gztDeQVgUNCmhhODurM6ZwKf0sUkbF9FxzFlOeBseM0hFdyCYg9rQf5vdi
2020-12-02T21:41:17.645659986Z 183 gvIlRl153ktMfQsIIqT7UYmnB7SiWz3Iw7lPvYOrffcBApXgqDWLlbipqMbq
2020-12-02T21:41:17.656552399Z 184 VlOVgSWuipmipmHoKiuN4qoqvHrhLYOPb4SNo9o8r9vRjKvHCjvIE9CTxy93
2020-12-02T21:41:17.667294779Z 185 cSroe4fQaeAndpOgUmcXorBCxjlOcxVN5FVnuiGsblUjwKv35LqbIbD0Fvqp
2020-12-02T21:41:17.678908999Z 186 KJETj8IN6qXY86sZQZokG0Kv1sqbaS0GWhV03SbwvDD7Vl7ZbwYwnRjI2jDs
2020-12-02T21:41:17.690619261Z 187 fRFMKQtvznBsFJXgz9KaxkTU6TcUkbAC50JPf9UM0OVxLFVe1gHpzX79UPTM
2020-12-02T21:41:17.701623878Z 188 qBe9TA42aX9M8DX0ILrBFbwZXHdxLd5HuB14Y0Dpsy6Kuzqj4kQy2Botgrk4
2020-12-02T21:41:17.712842496Z 189 MbBg4CvmyNZuKduc8dyZaLLsxEoBQCQzVgvWGiIBDd3I7gKpGTqVA2kOmSNV
2020-12-02T21:41:17.724058490Z 190 FUa8ij9vKwtqpeXtx1yZ1Z6xEPfjN2iD4w8NwjgQj8rgXQg35LneVnjdUDj5
2020-12-02T21:41:17.735929824Z 191 3lLYFB9BdNTAtme9UuzqpravK24RwbNyF5RyKbohVlPGMVCnBdJdvc1FMhwO
2020-12-02T21:41:17.747174538Z 192 ib8DnhfPxj6FWsEMo9ba4bk6guYnr0AfSAVYuDoogDfOwNqff9wgD4vuLH01
2020-12-02T21:41:17.758911135Z 193 pxGXtyFfBI4mltvwtJXYLeqs3fg25wNcA9aSEzv0w2HRjPpRniVGRqZOdPJK
2020-12-02T21:41:17.770063489Z 194 AQZvuJKUjjXb3Ihpyk7py5LuHsRNUFkhSccf5oHz8VZytiN61KAOvucFbBZ3
2020-12-02T21:41:17.782232836Z 195 kFmL2JWme7tSFoSi4MKYXoTSwZCArdDvmV1WFnegIpRYxrG5QZgvvfwlpFLk
2020-12-02T21:41:17.793353035Z 196 g1k5tAXeFmJLoNYg04ZoUxDGvdujI4VlsEugJjiqZmddPsOSWTJqNNTe3A7X
2020-12-02T21:41:17.804081067Z 197 JrP1eEMr747bqnRJOyQqNZAyF6sSIvL7ZiBgATyTNjciBTEU9llVM1xpM16O
2020-12-02T21:41:17.817448695Z 198 yQttQXqVGnHpVg316QBgEeg811iARQIjA4CQZd3prTxgF2z9Xv64FHw1MPxW
2020-12-02T21:41:17.829131960Z 199 o6aiMBe7bo9eM7XECjmQCZEpJ4sVSQPyYz19ak6TdwYQe2IWRMcmEAfIIkJQ
2020-12-02T21:41:17.840947800Z 200 xZRScUFJaoxZy0xyxgoZNvi5j319LjPvkP9m6wDhL0VWI6kUrwrksCsSZD7L
2020-12-02T21:41:17.853070025Z 201 WpIRlJ7WckA1b2k7TF62DyIxJIi3Yt2fnVxOTwzO4huD60aYxql0X8NRkBTE
2020-12-02T21:41:17.865114881Z 202 3IeCZcCJST6xRnCXHxIOmQGVQ9japL44RbYVD2EE3zgpimRNmrme7tB6LK7a
2020-12-02T21:41:17.876454066Z 203 1duA78kZsVaRMPIyPSxIZaHZ0vmHMaW9cCQJb8f1pn889YZQ4Bej5ZugtGtC
2020-12-02T21:41:17.887110750Z 204 TFHw43yYGN4ja82YinuNlv7mrY9HKZg7EloddZgNlFuBipFjlMtxzExt2SOg
2020-12-02T21:41:17.898086478Z 205 Mi9mMFiRu9aiPYLQtjVgafSKVuURl0uYdOpKYtSJJH9osV3naTNvAnoWgTnT
2020-12-02T21:41:17.909855752Z 206 PvjT80tZVmuZtA3YTb7VQY7jfJQRA7kkNKQWX8jbrPIrDtDcfD2sCNZrYeg6
2020-12-02T21:41:17.920495938Z 207 2AbKuzeDi7WxRbQdKtUAeRspihTZpKE6AaiuKGq3FNvX3zmIlT8Uv3TDc5tk
2020-12-02T21:41:17.930948728Z 208 OOCrzoRT2xQDXyijzo6Sh8jTDNMyqzqHRn7ixtmnmOrabksOEjZQCNsLzcwT
2020-12-02T21:41:17.942297127Z 209 uzpjQrP79yWvjqdLORAD44bpumOsErqdfkJvs3Ww2JF51zfJshoK49dQp128
2020-12-02T21:41:17.953663149Z 210 3itpnhr0WBgUOFWUhlGs7MI38KY6H4eVrLtkRjdkjmwGKPHfZodHVjugGlro
2020-12-02T21:41:17.964254061Z 211 1bfL8Vcjw3XK4U5c1np4i25V0xFflZIvaRPuBFIbgnxA6ORKu5gRvgfySL5z
2020-12-02T21:41:17.975952991Z 212 nA7o7w0TyM8AYqafyrUF36TDSDCHtzX4B5PAyXiA5ETA1pRaLkTvH2DCuxOs
2020-12-02T21:41:17.987961170Z 213 sdFu2mC3RW3UQHgDC2B4NrHt5QFeNNCP1VTxYU71M6ZvNPWKHLV7DidCRvdw
2020-12-02T21:41:17.999738399Z 214 5Z3qBqs4VpOOvCxgbxdYGyvflZKeNEzLs30nsKAdra4iWZARIZ5EGSX5mPSG
2020-12-02T21:41:18.010807113Z 215 nndA107UFaybqhkuj3mI6CCH5Gz5tN2nNIdvmLzOcnNn38LuPCDvWTmKRWVW
2020-12-02T21:41:18.022665679Z 216 slLJr3oPuoFKddF7N5heZ0lMFJx0jFgZ5Fjo4u5fFgcioRSR9Jo24q8zvkHK
2020-12-02T21:41:18.033129777Z 217 qOJE5Y5cNv6Mh66fIJ54ggaMzCXMX3Nv0Y5UKFOVn5EqF1ZQ31qDGeH8WP7h
2020-12-02T21:41:18.044496423Z 218 msXBpukGMclUUTNeQFPj5VZfmD3HvBU5H4l24aJn3NgCzDkOGkhjIX4qGxzA
2020-12-02T21:41:18.055132074Z 219 nojLt44jOQ7lMDF6awouhAy3oqAj9NbqLMfBhBpA2hMVizRDJV3CNO8CwgCr
2020-12-02T21:41:18.065910928Z 220 Qn0Fq06gs8tzVagOIHIcw3ILZXfcbwhiRhMY6uf9WiurZnj1Fpsa0Dihdy1L
2020-12-02T21:41:18.077249146Z 221 JYungp8R8cUsaipUYQbwFDimrMkHvThXQP47vxVaHnrZzsWYN5RmiNsaMfqd
2020-12-02T21:41:18.089109828Z 222 N4cADTQjGZ9EEqmtYyczVe9Z5qdw55WUiOGN3GRceFZ2pbGPsXdHjrr7RkuS
2020-12-02T21:41:18.101224310Z 223 SCgW41wQlsx6fo4N7LBHFb0081grjtCm2ZDC2h9evBjmNRRHqoZUW5pYxoZn
2020-12-02T21:41:18.112281810Z 224 HMaVB8R7sqXms8i5AjcqVYVR7rN3Zgx1cx4wDFKZRtGMdJm0SnK7MoY55wFr
2020-12-02T21:41:18.123214331Z 225 hSypvikwKUtQwuPpGrfueC98MNfvzHK4J8ppCF1r9xIxFwHLJ2cWTJDwx9Wi
2020-12-02T21:41:18.134068154Z 226 2baipahFm7Iij5E9vmLYrbeozFIQgbqo9J5OANFvhhoHr99rSWl0dZwhmRrc
2020-12-02T21:41:18.145718351Z 227 9v8zeRhpC4lObpSZQEPV6Wh5pLX71IAD3hqFkAdO55s0IcKkwjbYhw9uiFRv
2020-12-02T21:41:18.156603369Z 228 HJtnxw4Vf2etpAxKnvdXDjUUXbKi1JlKQPKbE1n8JMbxI3tqJau5ZyvjwrjK
2020-12-02T21:41:18.167559743Z 229 hDwWQ8QN40oGaaf6XFRZWAEhfdlUIOqVCOsfyum5j6Zwv0tX9bGAfFbOOri6
2020-12-02T21:41:18.178821402Z 230 V2QDd8c6U7zbHpCay9gfFHbHihHw74w1MPEd9HtjkkTD35pB6nphnrcUDiMs
2020-12-02T21:41:18.189688415Z 231 0hkOdkcca4HpJuQ1W0Xshgs4E6MT3KVz8klxlAF7orD8yKNcfhRQoSc4ekoe
2020-12-02T21:41:18.200010387Z 232 Z6PoT0uVkGYlbcI0s3rhai8jsObLfuZJFKkLCsrTd9HntwhDDXcPzJp5ZZZA
2020-12-02T21:41:18.211745043Z 233 k0mHjrNIV2GiqwLDbL6NKmcqbOgZoIcuJFrRuPk2KV3Rdh5IXhZSchcZcKJE
2020-12-02T21:41:18.223664351Z 234 heL6D9fJinjuLfmKOebDS2z2OLGfX55hYADEYhzfLPYRaiAHOrVhuaSviI55
2020-12-02T21:41:18.234858287Z 235 ujg7d2iIFLbtlju99ELCwKv8v8ddpzgzh9liPggCJFxTgLWM4IEMDUz5ToVu
2020-12-02T21:41:18.246443523Z 236 OsbbqN0FtIhKty9BeNs4lQMwwfA7BUGEYKOCqxWZbgF1IXUwUa91Y69mfbA4
2020-12-02T21:41:18.257145843Z 237 cz35VJVQAGScSlBUixxmq0Ox3wqYP2rH3S2gdPtRxkor1SSuAORIoZiAHId1
2020-12-02T21:41:18.268890582Z 238 7ynIZU38dm2YwCfxq6RcxIEccX7IShqVtgfQdEDh4C0rXk6GGpcQI5lxABJj
2020-12-02T21:41:18.280839887Z 239 XAi5QlsYKpEDXCFcDDbqtZS7gCJOUWVLGOlugFsWRPrU6iiDwHsFClhpGgM0
2020-12-02T21:41:18.292727716Z 240 XcPxP6O6loumDYEgDhoIbKA7nMdQHZkxQfyKA8Yx2D4SiWU8qBnTgpQAzOaK
2020-12-02T21:41:18.303669907Z 241 tTsmOJyfbYpAxpigkGnag9wMvSNx8L9NFCrXvikE09uT6O5KwoQHzUgRFnzl
2020-12-02T21:41:18.314125171Z 242 9FQfFfIQtIOQHri0Bxohf6vvReuFUl9UlvjytSQ3WNJtkItO7gFKl6r91voC
2020-12-02T21:41:18.325252095Z 243 fI1hdyVqNXQOXU5ymxRDANEIXwre8cBNkGK5JGiV9aLXZ2pqRDNWo5zL9IIS
2020-12-02T21:41:18.336496737Z 244 Ro4vTWe8XbVdQEa4pcpB7LVUvTh8kg9e0opeLYbl2DSkAtznP3l2MDAVYtha
2020-12-02T21:41:18.347249953Z 245 j3rsz0JMNwg89aXuSkiMQMzqkm4GN8oRboMS614ZDO29wQzxZPl4513F4TCU
2020-12-02T21:41:18.358861301Z 246 GXW0Wc26RwPI5g2eDVogA5sl3wBHQYrxWSl6VS4awUgriT5N06Xu9gAQMUFJ
2020-12-02T21:41:18.369693384Z 247 TIy1pFHAebCqLYYuR50XcxJGEKaoRNIrp6ROSLEAUxsA8M632CPY4u8hJ4LG
2020-12-02T21:41:18.381123794Z 248 n4NFspt10hEq7kw5YlExGdceWJbth6SHYmTq1SSghdKAEtqhtHdMVJJaofrP
2020-12-02T21:41:18.393088948Z 249 NmA8eoAivfLDqj7x563xV5A93kANHIfUWMz2MyFVukIbKsh81W04ipKg5it1
2020-12-02T21:41:18.404493908Z 250 Gjan8egtwDQ1yP5sLWpLM2gbUxlYCLZaUzmCK7uTnrAv2gIoY43lXqCkX1z0
2020-12-02T21:41:18.415253810Z 251 rGgMe0ZxL0DjUoZRVw8CihxE6xAJ48ytDzPF72An2pBPOzLHvvgehJKJLQOW
2020-12-02T21:41:18.426983001Z 252 rwL9B70xxiPm9ZHsT9yRspHgyzpCkC2UXMBTiYL9GMTDh5J6mzr2CIUs9H59
2020-12-02T21:41:18.438850629Z 253 40R5VcU06clRwMtsOQhd6XXRBtksTwkvFomniKOXpq07dsglqOJCSQCHo5L1
2020-12-02T21:41:18.449349640Z 254 wV8syGxgYnvbRLw5KlAV34jRfzyeRW6GdqaD3POepIvWkbp22YEOAWA1hG66
2020-12-02T21:41:18.461758518Z 255 El3YDDN4EBWQeNirMAQ4d2oKOdBb6PxHwUZhse3Gzlh1IJ3Td0ag9odYSgga
2020-12-02T21:41:18.473365363Z 256 XF43251TdNqTgZM0FoZNbRnCMiEEBuJWJxIQGIWVqqePoO2mDDL4M36SkQjX
2020-12-02T21:41:18.484133922Z 257 DGSLjRHHvxYVYK2653huw4GsiYyK7na7VQ12NO4TOippf3E0WxuJGDj6vaWi
2020-12-02T21:41:18.496084504Z 258 ZBK6nw5Shnb9GjilBDOUAmPFfI6xOnQdxSfpnpEF7QVMI7e4u7gg25dYA1cr
2020-12-02T21:41:18.508105913Z 259 2wUOEudhdb5q80UpZfJ29R1V7i9W59WO1AqTgwVUkGsJ7IceFy2MvAuEpugy
2020-12-02T21:41:18.519984435Z 260 KowAWLMLmmm1VcEeBJDTjb6nIaGafiGHZzJiVJDGf9jPLKywWrKJFmjfS2qO
2020-12-02T21:41:18.532032211Z 261 wjjkqBM6aLQigRdE4w0UiWK8O2HLSLdDCPQWcYgfgTCP6pRWLMJZW6WNI4pu
2020-12-02T21:41:18.543757334Z 262 bKjzwmwBrKBdJFMZlxgmJURRCEQMkJcyLbZNlrIGbAKaxfvzZ3X9iOPLcMDx
2020-12-02T21:41:18.554793551Z 263 Zso2uybXCID0KgzxqD9s8PoU8bGuD7uX37mdVXyFrJ04N0Iu2dxF6LHEEyAt
2020-12-02T21:41:18.565869294Z 264 T1uOWYUouS1LrIfMpSYeGNyoH827sGQX88CTQxPK9dMug9C9Qq7vpJU0pXMO
2020-12-02T21:41:18.576671168Z 265 h7ivNCGBBntF50c6IaMo1aYrBs9Mpb2aSjYjRLtG4y73V15tG5rnHoIsCFAf
2020-12-02T21:41:18.587599357Z 266 YALN7TirQo2aIcSDi7EITQEl2Y24zreV0SwhoL6sX040Bv4zNySoQuUKP6vs
2020-12-02T21:41:18.599026711Z 267 dNrfjI9Jps02v1gVpOpxqzpWumz7WR6U1IYIlX2NW8dxQh3ICKSaZ0iHymVS
2020-12-02T21:41:18.610627870Z 268 dXVh6j8PZeigWWQMcN2k0DOVCUPLQoEonoRfQOoASJ0zLlGrhXOK4EyYUXUx
2020-12-02T21:41:18.622654011Z 269 eaHqZ1iQryvHD6eHPdx9o65Fh4KwW7wnAMFIrH3W8dIDVkWTvhe2zV8xljes
2020-12-02T21:41:18.633663273Z 270 HKq1iszc2wc1NtGWWKI28BgsfDsk3BphBcilSfAli0fii8i6hZ6ZhZFhVJik
2020-12-02T21:41:18.644952006Z 271 BinlcQ668M7UtsRiid7430ldBwOrJAVN5yeOQFe4Y5dIdbGdLEx6ElFyMKuh
2020-12-02T21:41:18.655805347Z 272 3bCBD8trcd6SFTnMkUqpW8ig0A3ztNqLA4WvEbvKwEzuwJeK7rtcmn8kjGvi
2020-12-02T21:41:18.667523945Z 273 aWVacglJORIfOYAoWQ0SAUsh13Q2VFRm51VHWGLarFp0pdwMAOrDoOcVIu0D
2020-12-02T21:41:18.678045241Z 274 K1ahjxfb4HRklR8BB6WZbV35iK8LhofUIVjA0xkdHXu2LVWyE49hagIhiDwZ
2020-12-02T21:41:18.689583698Z 275 tHbhDpdEWxfZPrWtWdBhsYnWhE4dIWNxwKVeWy55geDhM4Xc12vF2vDstkTz
2020-12-02T21:41:18.700377344Z 276 TeL0fEmaGz1CfGkKfLJ0Nt8FAQNvCENTvotG4ML0wumZnH7pLw92VcCCoDEM
2020-12-02T21:41:18.711443445Z 277 1B4q16IPQ96q79Qy2aEgzRY4Pz67iBMpepTpwC5VRUeEtjStEM2xIj2uv762
2020-12-02T21:41:18.722246704Z 278 mp1nwhgnU3G42ITTAUzXtvfXWf3FtZ8LKgctWtpcmgwKQoBXiLtK7dqMoAnt
2020-12-02T21:41:18.733890499Z 279 vtNpvvHS7Hid3ubKApKeY3aJ7sJ7GmKIrpadVaFHIe4RNJri3lzhGzXKj9tO
2020-12-02T21:41:18.745545987Z 280 oVKjpbbuQFgYNrZY6B4Ce86NttdfCWx2iyqiH3ThObVuHtwgHJ0ehhsOKXaE
2020-12-02T21:41:18.756254143Z 281 PaQsZKXPzxOfW45agnbOqFtuWLxFNWxuMwORyWBpyznfyYR2gtkkAhSgTbyi
2020-12-02T21:41:18.767974066Z 282 YMaK0YwE98hU9iu7lnQBqB0C4sidTvZdsq78BJ2fx3FfcHjkBcGCpfMVcsgz
2020-12-02T21:41:18.780237591Z 283 GqFyNcnV5kKlsiszXwSY2FAs0lMqRLMKMf3K5itxlrR3BFGAcdNEY6BSEQVz
2020-12-02T21:41:18.791539664Z 284 vlaF8QJJni1SJ5z0B78gBKsh8a06YPEU2otd8D6fb5uN5IX55tX8qRmzFSWl
2020-12-02T21:41:18.802258927Z 285 m8a46j8YmznkTzipCoCg7DdqcgLJPwqUnN3N6laa3dWqKq5cxV46US74HsKW
2020-12-02T21:41:18.813967362Z 286 jlc6WTgvkcqCiDB6CqmOkyeMyvfccPI1h9BOwSLp9c58dLCshP8RzsgJrfcv
2020-12-02T21:41:18.824688460Z 287 kq7bwJgG6p4EhpBcCMvlWhLT99HdBC5akFEVZKPtQMsgyUCErcbN76fMJhg6
2020-12-02T21:41:18.835415552Z 288 LdPXZlGZbrhOQoAoXpylBjGcYHup980QtpgvTMhskFHJPBOCbMbupkSsepnP
2020-12-02T21:41:18.847651334Z 289 Khh2THBGlyblZhcZWescjJcMhq2UpJnIFIBh55PNgcBJ81GiaNunMOXE1UDJ
2020-12-02T21:41:18.858060831Z 290 BCiiI6MvJBDvwYnw64woRz0BbjLwLGBrvtbPuc2tGM2zKxoKaGBlhd2BfdTr
2020-12-02T21:41:18.870397109Z 291 9R9zb448u5AOzM91dULlXz18pUdHXNvAgaDPPJSBHvwgZoKFUvM3BrYypHfR
2020-12-02T21:41:18.881388871Z 292 RWnHVIoL09ZYMZgYi6QssXZfrGWmzYarxVsW6C3MrkweH9IVt7oyKo1Fldji
2020-12-02T21:41:18.892920904Z 293 rnmrSbqcTM3AukNOIRc2V6Fti9oG8s0OMUesnLKTerBpZAfRKSPZDWYCrxuk
2020-12-02T21:41:18.904887651Z 294 gvXGZQ1IlcScJXqh9iFHdyW24AHSPkfeQ64euqPXpvYtl71zvaHkuwtdkxbi
2020-12-02T21:41:18.915854231Z 295 oPmDYzg4D5eX2PCmVWpBO4VRUDkbNQ0ORFPGqQ6B9Xa50rdeo6iQFZT2Jjc2
2020-12-02T21:41:18.927759534Z 296 SMIkHTUM9vpCsI2Nz6FWLvNOc7oW2919LGjoxBBY4fQ0U8r6V8kikUwxKKxi
2020-12-02T21:41:18.939471090Z 297 duWRDmuQQdXlU25TEz6Z3RpGZHCQhbpdRpz7CbBGHZGLGTHESTNTP5bzGTEj
2020-12-02T21:41:18.950050834Z 298 XH21tiZBEURo0OObBkmqdp1XKrc7BT0BWZuJaS1MYXNMVu9T2XR8ZxLUU7LS
2020-12-02T21:41:18.962000761Z 299 uWeo1shPoYukdFKaXGX8j1lGfy3hlpy30vz8DHbEDj0g5P2rpIw30rvajdIA
2020-12-02T21:41:18.973977713Z 300 C2UGKL6uxztPTlARoMqCBOnr2kRtVOr7Zqn7msPsD65F2Vetroew7xfvOfYM
2020-12-02T21:41:18.985336877Z 301 xFofxtBf72WpnLWvySuiiKQqDUErPm8eACRhiohhbwsdI76uAzAWnimQOYyy
2020-12-02T21:41:18.996623756Z 302 IUxVAAyJiSwfYslDJVZsWQkbqlCl3njj3k2KAKf7F9fbUDuWXVMnL3xP1rQr
2020-12-02T21:41:19.007978723Z 303 JgZ1VEc6OitXevS6w5AAEqGDkZB6TpzolYqfv9bYmPpzZC1kRs8X4IxE0ZWX
2020-12-02T21:41:19.019736413Z 304 Y8e9HTvz6v7XvsmEPkjqrTX9gNh6xmyNigyWljjuR8xWdMBxVedwZRw9VXr9
2020-12-02T21:41:19.030930235Z 305 WzMHvjtEm3pIECTROfMF2kglHhz7DDFMoccFm6L4FJhfQoWdfsDgqtuc25Z4
2020-12-02T21:41:19.041595136Z 306 W1A00biQnq6t1iqLkGDKjfRKSQo0ZQKW2z74r4wQe5k13uyN2gNIEEYKFkwI
2020-12-02T21:41:19.053381228Z 307 TPantal6pZuigNLtSTy5V3t9ugmzT7OkofdqnhugoYBSG3eBPSjHpyAImgpQ
2020-12-02T21:41:19.063986503Z 308 J59ZPbRlc9H2rWIGz5gDb5IgF1qF88IJU41M9X7Q6zA1DG3m2CkIAhn9vadZ
2020-12-02T21:41:19.075527309Z 309 DAtntSdcH1le5zlquNgnyQRofYmauA34kc11gTHnXs4sNzQV9eCyMZqcXXf9
2020-12-02T21:41:19.086533987Z 310 gDVHLgArYInxCp3efNP6ObXka7VPP6GfrIdONOwLvsHBGzz6TgZdf4qbLSjb
2020-12-02T21:41:19.097359278Z 311 XOMezfLHzmLdqTWAEsnXCBtWqBBQ6KpXe0WoCCol24BHTz4H1VMPGjGODYc6
2020-12-02T21:41:19.109105766Z 312 wbfjDLboAe4g86dI2dm6CALezjwdZ37VMTshx2nP7A6UjokhbvHCnoAxDe2O
2020-12-02T21:41:19.121233020Z 313 PvuItDfVvC0zbt2Fhewidau6ypPQ1sj705QS5lVZmGzfeEFkmsDRxy28jESc
2020-12-02T21:41:19.132358182Z 314 4MBTc6tGOx4jVcG5cS1f4gbS3q26el0yC2WSos0w7X1GmzqNTzugQLfk2OLb
2020-12-02T21:41:19.143933602Z 315 eaiffzZoBAVpBBDjyB0yx8PpdPA2xkctxW5PDIcjTUHtB0AXt9joRtDLgc1U
2020-12-02T21:41:19.155546973Z 316 7lToJuSDEjkedsbTjk03I9BmtlufFDrxhzJpR9dVkG97GEVu90ww2BOpxUxz
2020-12-02T21:41:19.166487050Z 317 4hsKh4H0N3LpHrizIAa4Kz6FoTcsSVxlZdzB9tU2NaEB3ffPVnG5QMNOmAnk
2020-12-02T21:41:19.177561940Z 318 FpPEtyXYHvtwPfKYR5AWeFmrXot6hGu4b2CoXaNmP6ALm02U2d6rsiD5TGSm
2020-12-02T21:41:19.188439418Z 319 8OVdWh37ExvdZahHa6bD4PREthGVo4RgPYcuj87RzhRdqZ8VRPTgEZSLHyGp
2020-12-02T21:41:19.199270916Z 320 p7iWjb0fGUwCKQVBZaMzvb9fv1sp8S54TVj6FzzyIgaBZvAAdTb9QQZfZpES
2020-12-02T21:41:19.210803264Z 321 q2XYiwgen89LVLiGVffsWV7RpuxUPLGmxjuYj4xd8O9OUoTl3XzaijfUcHMe
2020-12-02T21:41:19.221594052Z 322 2HcM1e4Ey8ulZLPQgxiUu9EBYvgEL2ipZHuiTRz97XRE4Komu0iUaS2eTdGq
2020-12-02T21:41:19.232193724Z 323 SfKtYV0yecPTYros4QWH7SRhUah7HsVsMLrcn26CHZTNbC1OkUcYevwTDJvg
2020-12-02T21:41:19.244039717Z 324 udD36Lje9pm5JZqOpJKtALEBM4VQZDFBeQLWMbD7Laux2u3z8QeQQDGHPzCd
2020-12-02T21:41:19.256302817Z 325 GvNsG57nddRUhQzjp2kpPQdJKC58pBScNchrFoXSnB2Z9Yb1YJ3KyjVUrsiE
2020-12-02T21:41:19.266450123Z 326 2TZZJg2JllqeJUH4ihVfMTF7XN4Lwwim3q791JVsNFJyLQLQIPGsKDeiyG8R
2020-12-02T21:41:19.277695861Z 327 Yg8j1WfumAgmNSjaxVoDhS0GCfWOkUFN9cDnsSvAill4v68d4xLuxoyqSrIY
2020-12-02T21:41:19.288454510Z 328 tX64ii7MtI2CrNWO6gt75kIY8zMgY7vzSbVMHNvQ576g6FcjZHzF8vP1u6ex
2020-12-02T21:41:19.300022633Z 329 svlVZpXsaJijJbIQDFQd2d93mxzlQTrJaDMM4m1PTGdCmBq7pAcpoyPTeMGz
2020-12-02T21:41:19.311893882Z 330 gRatVKjT7mVU7GdHkIv1jaGHB4KgbCsUW6HZnTMlohjyuIJ9W587NdXdFLEM
2020-12-02T21:41:19.322830034Z 331 5xIvAPCgzA7R69bF2NIZ9Hqu3TWhfkKHDtONM3ExssNcqi4TzIeLt3CQ5Wjy
2020-12-02T21:41:19.334318951Z 332 JMRL7n6fUgXrV11ZuZ0SuCP5yb7MTgtw2RCvPjnveJ6WqJIzd2zoKv6ygj40
2020-12-02T21:41:19.345748715Z 333 1oexoeCpqeL5zRj6qNrI4UqRn8WqhKC7D3ILbc7j0cZnqqizbxNdvklPpkLm
2020-12-02T21:41:19.356431058Z 334 a7nfbiQk7kZCzzXMjgYSTZjOakTzPseGLKJk8x0tf7w6QTOjM3NMm1jvR3IK
2020-12-02T21:41:19.367445701Z 335 r4xTQYo8JVv2m0uv3GMe0WopoKJZt20LzR4mZWiadZ8p2i85bD9ReneDOhJw
2020-12-02T21:41:19.378591694Z 336 BzOUstZMqKGx6P4dWK4XvOtSP7HCJh0oC6J9XrALHq6Ewprthe8d5v1Zp5nk
2020-12-02T21:41:19.389384079Z 337 9mbDo7Etgkeylqd8YL7CkKd8EMdEZ2zBWZrQ1YmQ8iEizin9NquCuan6xOvU
2020-12-02T21:41:19.400492473Z 338 zITkfMhfyOpZ4CbyAHJesFhoVtkjP5KUg5ZOZHRf8ozsFKeTK7Yucml1vS21
2020-12-02T21:41:19.411008158Z 339 mqNvfAdmH3sLE7kB5C3u5bG2qtJfJCtZRMibGojwsxPaPTMG38uN6DeL0Ksg
2020-12-02T21:41:19.422965986Z 340 xI4q6OYBqt1QKuOa0jfNUshVqEC2KTwEhxmhpv4rlKfWNRWEWmLfZranHJcl
2020-12-02T21:41:19.433778616Z 341 s0Wd1OBBMJnopRrJIKcVTDRCwXrEaeK6nbNiAictPWrXFqvyy09D45EaotHT
2020-12-02T21:41:19.444903395Z 342 iJWtpU4NrqmRKHV7S7wAyq6eSlKns7h3EhoVclpPXzTRr4gkf1xh9e9YAvo3
2020-12-02T21:41:19.456287239Z 343 KdYDSPPoUObBRhsTlv55DiZiKdRfps96RQS7rWMEpYoWJy2778PtiqFldVhL
2020-12-02T21:41:19.467228803Z 344 usgZtlPhrQs3DnCPiAn8K5EF6HowiMdrWWKoxpuzM3zqaThf3hKHds1gZyVI
2020-12-02T21:41:19.478729429Z 345 RXNaAAs0wpCDYFV0dbjS7Mv6usWx2oe6pLL0Gfc3m8cWPgK2B3kPZYsUOZ2h
2020-12-02T21:41:19.490782178Z 346 Sg7h85yQYUk9uasAdaOiulcPkU1PDhgDOpjjahOwSLKVxayIHoS4Yc7pGr87
2020-12-02T21:41:19.501109792Z 347 GjfzG7789JGpwOo0xVPlE4QD4QC77Tv3BCwo4n7zBjSMtNRGQzopuAIbCRY0
2020-12-02T21:41:19.512249663Z 348 7s0Dp2ccalIMR7svBGZ5yFQrFhHRBDGuBy4V5UnbA8LuQ5bCG4PrVkNVvzlP
2020-12-02T21:41:19.523190224Z 349 oEywQDCGyY7WSLeZy2LsTpTnGGxrTron2SicxYSyuPLXTKoLFCLZD41um3UN
2020-12-02T21:41:19.534444926Z 350 KqiBqMB2BFAEdKIaozbpdGnRAAxnCZAeJLPRMz19UF8NPcNjL6DxtCE1tuj1
2020-12-02T21:41:19.545167262Z 351 32zkRIMn3nOUR8j094glklZPfbBPz7rNvozujly2BsgmQN8yqLjRN7NjTn9B
2020-12-02T21:41:19.556914335Z 352 v4IahqE78ObRBqwTMkUrVv5BuPpFrEliAiFcjHP5ZHMT7RTHSTmoybdMew4p
2020-12-02T21:41:19.568165424Z 353 cFz14JP3vmtE3DDM7eknBGIMSdPF99CeJqgBXWUuUVdJMV885X9Kl56JPo1K
2020-12-02T21:41:19.579285810Z 354 sXl2BK1TjqjbYHIgYBtBmyLTHewea0QDTHm37Y3esTnDY8EqjMvJVlOSQxrA
2020-12-02T21:41:19.590786163Z 355 umhcBo7LA97osVqTZSS3fe804M2TGIjCtroIplh5KA2FZhkyOsF91IatsumQ
2020-12-02T21:41:19.601424940Z 356 aX59I3aRgsswScHO2MUxrp7k1TDbjoAx0uebghoIaKhEXoYK8xLBNSMGLtXV
2020-12-02T21:41:19.612712043Z 357 TpFi06habZxIgRJqImOqTa4iOdzhjTptxqZbdXTPdNQUkbyTTIbjt20wijks
2020-12-02T21:41:19.623664826Z 358 6IXZbRNXXO3cNfalsjyxzAe5rGA2CtulHK2QDVnTKpx8RxZ8RvXjZjZQJIlE
2020-12-02T21:41:19.634876477Z 359 cxubEddXpV7PtpFrDGq2yhcIvhG2uZCStH2qDh1eyLoRzM8qGSgFEZcqSQaN
2020-12-02T21:41:19.645951495Z 360 AP2iSXwPkrvXZx6R7xalV1HxZeHb3nLkbpZluPlXqAcoeZfuP8giT4i5W5yu
2020-12-02T21:41:19.656930897Z 361 sIbcacBKIhB0FPiC3niMJXdujotqaRr6iaGFx2FES6NG2XGO87dO26PSfTsu
2020-12-02T21:41:19.668510940Z 362 O7oPHaML3OOIQi8IUh5JqPPkqTbMzXoaJRwZr0jUuW1t87AD3tMAA8EwR2IR
2020-12-02T21:41:19.679185793Z 363 sZTXICfzJOJuJ5Khr2y3re58QpQAzrhmN19Fr8fVxMg4WINiQaY1QDyBsXfM
2020-12-02T21:41:19.691081199Z 364 zY0MPmthj4ycNhdsZnOybtlThn1hkBFySbwa2mNyvnZs9azrcsDRnbuD9QNe
2020-12-02T21:41:19.703624254Z 365 DqbBEICObntYM5pqPWowPB5KntvWhuvCkPQXIoKRdkcbAXQSe2tRJAAAhmpq
2020-12-02T21:41:19.715172027Z 366 7FQBPVBdaLVpp8o3OoRY2HyM5RxNwmrRyU1S13ApQ8CKy9DbVzTDmAteBOXc
2020-12-02T21:41:19.726866553Z 367 vsHP8iUTArC1Rm1mUoBx4M0lEKwdGkcV2QaM3r1uLytL2AAFSeY8AeeOq5dp
2020-12-02T21:41:19.737325151Z 368 p1rI9TM1omhoD9givbGTMn1br2vSYDxKM6SQuL7fo4KqHRHlqHPczAAxr9vC
2020-12-02T21:41:19.748752655Z 369 pQuUpKmbIxVRKL2YYoSnyrZutzXxc3Y4bv82GhM60g5ysuc7mc5K1Pw7Pnws
2020-12-02T21:41:19.759701049Z 370 udKQtfibFWHbxVFb3kpPLrr8jauE2orp7GZt5qiDF6XvJwA1XsJfnyOYv9vS
2020-12-02T21:41:19.770360356Z 371 GJQ6CP52pp6kXgOReLfA9389CryUomT7tqOQ6dM8QDJgfBefQ2nuyXtBuGYv
2020-12-02T21:41:19.781510056Z 372 XM5JAOIZqoXLk4e8vDzm8seQioCNkq3iL04pcwZctC3TFEcWPdZECfzcZkLs
2020-12-02T21:41:19.792338241Z 373 8XIpzJQ35vJF4oi25rCiQpG5QFskJXeG5sP3rtvUhBUdzbHkkgOMXeY09Ghx
2020-12-02T21:41:19.803160542Z 374 oHfDEJWyyQ433ik7OETt5yl72LUi0eShp1FJb7NWWHPrpTTe8PQRmDVDGfuj
2020-12-02T21:41:19.814814864Z 375 4Bc3v8hOeiuVXj9J6PqLn4lE5p6JLDjk6Qh9aoha1yA2lKhJBZCHS9q7xShK
2020-12-02T21:41:19.825550067Z 376 8RyFqUmQnpfOO67GWGNc9jEz9BWxbVh5NeIvb0s5c9QF4KE21Sqc1aQoPEjE
2020-12-02T21:41:19.836481739Z 377 WxTFio5Re2D8cVEHSI8TDb453VVaorklUdwkftHv3JDhLgShBzyUYMkoNu9s
2020-12-02T21:41:19.847412984Z 378 dQWY8ovrRabaw3oPagYF04vyZ8UjdpgWoXvl5Mx5pjbPMZ9Q01uKK9qPq66S
2020-12-02T21:41:19.858364004Z 379 weJKpJzEq2ycD1m4FO80PIL8kekxK9uvE0wDpVpNdbHB3Nr1RtBcrdUfjUaq
2020-12-02T21:41:19.869545206Z 380 6vkffngufw04wu8388sQW9tTqY78xiPmwJ9xYsOGsAdSua5ilL3tg1V7gBcc
2020-12-02T21:41:19.880214978Z 381 78oICBjmAOrzOokVDS78wuDqaOy8gY8DXXwYLSSAhkd59SbtnEwwTW96pRd2
2020-12-02T21:41:19.892165233Z 382 WNNiNFwUlqdsErXMUvCSi7Avym96n1fBH5SsBUSac4dajCM9clJTTLUbBf4X
2020-12-02T21:41:19.904092247Z 383 tppOZBBfBkKqq8qWDGtbkGDtDD7KduyzaS5nNRuq8zmO2QTBunLwXsMR80fJ
2020-12-02T21:41:19.916008906Z 384 FlQvTWEtd03r8OAXNTnBRtKSSWXcEMUOGILxcVxp7J2g6pb8IotX91wbh4hS
2020-12-02T21:41:19.927167149Z 385 CBsGHu57jU8UaPtQvr3aUk0MDJ9Y4S7RdEGLazmtP9kdSQjUllJNQXTDSNbA
2020-12-02T21:41:19.939053409Z 386 34x6E75LEchqJHJsgAYbcaywdpNS9vCgjV0ZvEmfhV11hMeRKieZvIseE2jo
2020-12-02T21:41:19.950845551Z 387 B6ELKP9zi5PdJVTzjtgm8vQWcl6wk25aZhF0m8623l6wmP5AvGDXHRI0OOjZ
2020-12-02T21:41:19.961686288Z 388 U8EyaL97wpdMPDpC1h9TYJIfFkbv3UAonkOKXQrjsP4e4xIBJfHmZrWawGlm
2020-12-02T21:41:19.972181501Z 389 uGuUuOX4rVAia0l38n01hdqhqzi5JJdeUaD8VcIOImPBgKT82ZtM1QVKsR1z
2020-12-02T21:41:19.983290847Z 390 JXMSKrMtvZlZEBxKTN3NF7oxYoV8MewpXjN0AP9m6cawBmKILr95adtkgBqe
2020-12-02T21:41:19.994651701Z 391 gtwPinWA0EICkxKHTap4Dkp7WkX5iwHsQDjqkCTeoaMcmWG0qg1fNH1VasIi
2020-12-02T21:41:20.005221677Z 392 5UCgnSPfE3HQPE4Y0OGWznk77acbwqeCcD1wOwS0s42zFKSLgCQHEX9xRnNV
2020-12-02T21:41:20.016727900Z 393 jQX9KWNs57pfYOGMwJ3bHzAJ5yQqEgujCJGZj09VlMNxP04ce0pxIDgkqApH
2020-12-02T21:41:20.027537849Z 394 C1HZBrJMD54bzjjUJ7PyI8upDdmOQ4ofGzkFX2kiyWBSCRHgtqIsZSYHPdeV
2020-12-02T21:41:20.038725854Z 395 jnfl1qeMkqlnivW2765pOIrD85xn05KbB2kpUNtBA8QXa0Gi1G6NwJkqmo5s
2020-12-02T21:41:20.049702033Z 396 hALNbqGGa9aqdUQlgQkDeFPD3LywE7HgGUnpYwmG0IeIoDha10ESVtifekFY
2020-12-02T21:41:20.060344949Z 397 bfYGoZSdJ5M2eZJu2Q465QRU8Pixp2ezsEkEJu3EWvhw1CBAhDikMZKS4z2n
2020-12-02T21:41:20.071886275Z 398 fGTbdaEtT3ytqExZy9QuyVdRgKw1rCsO2C45EZqJwvMLrpTytFKZKOBMUS0c
2020-12-02T21:41:20.083588600Z 399 GBISEhD8dhUYUxDMzKjPNMkLELZ5kovRXc1RWMzaHuz6AaEjlUsn0AeC812t
2020-12-02T21:41:20.094405757Z 400 h8RvzUIvIcmtHcaWKK0EljUgeVUFUDU2PpShvCRcZffaDP5rXvfpQjPzQjpI
2020-12-02T21:41:20.105482461Z 401 ln655daw0Ma2PqIiKt6iCI2CZQC6eFN6sLb3Xcs2464YDoLRIg9ehJZ7wAKd
2020-12-02T21:41:20.116800785Z 402 qSvnT7i1HjqZY1hTU6px2BbEZK339farD3re22acy3nf8g7LmDeFzG0HFkN0
2020-12-02T21:41:20.127671726Z 403 HQA9ZsgSOssWga2pjEmx7pU6kuMSzP70N62sfRE1JPI6YIhVr85mMxL4hoIS
2020-12-02T21:41:20.139783025Z 404 jEhUKKymAC1NKURbAvPpQ1lbPecNWklWxBcePWtUyFrKoG4aYfKwg3QNOcr4
2020-12-02T21:41:20.151232442Z 405 WhTBTUx6I3eJ6qXSvB0mxi68ISJM6Wj2oDcs22rzHcsWqWiTIh1JItf7TTA2
2020-12-02T21:41:20.162030399Z 406 d0he1qx8yopJzd7y40PYQtDE9gGzLzANxIf9YIkmDzpKAcKMwGufoIwtw4X5
2020-12-02T21:41:20.173202108Z 407 h94LV0B5EW7DdsDjNQGq1Szl6cp6Yio1gQD4jtom37pbxeDnLshoq9mTe1cH
2020-12-02T21:41:20.184286670Z 408 sUdi3GZ7UPztHKK3k0qghmJsSijij6XpqdfxCicLaDbQU8AU2P8c1ILU7x0e
2020-12-02T21:41:20.195694999Z 409 t46ZH0n1IQvVAOnb4pTYgYwBsIdGnrryVs9Ocylm9vI4ng1rcFAzwNP5M2vz
2020-12-02T21:41:20.206994176Z 410 jEphhpWaw18QSGyORBUVNElucPcbc5Jvj25aMis9QZROhkIuzCdlBt7v9cjQ
2020-12-02T21:41:20.219131089Z 411 d8lcepzdOjD3CM7PsAUQTbT32oONokBHJxVJGnd8s735HLKmxWQCPOAIAbPO
2020-12-02T21:41:20.230666875Z 412 WeLH8pjvozCBa1S2F9fGsdCK6pxs8lsL7rzo4HegeeKgg5K1VRpbNQRayo7E
2020-12-02T21:41:20.243076405Z 413 7kcgAlVEt9RY6rDfSUvSBvFSKZgVuCnyuQU0sANpvhaVsNhUvQQJIvJlSqCH
2020-12-02T21:41:20.254303964Z 414 Mwgn53C6dpXrcFYbgSBLM23OXo60ozOzpBXiCPItGE5jbiuK0AuKgdrRdoCc
2020-12-02T21:41:20.264883042Z 415 xMGaYW3lIM71Z4n1NMhI1isBnlMW1DMFV9YBgUOoCbdHAP9be0Q8uuOWywBe
2020-12-02T21:41:20.276494051Z 416 EgnesyCdVrl5bGC614BaNdjCDLQcGEN3mgW62kQeduGrefKExTpV9ZefAeNv
2020-12-02T21:41:20.287370233Z 417 PJQmF2u0ouTA6p65cKeZbwe4qr8v3ze4vucmRRNBzpnxOeL0H2br3DjFYgWw
2020-12-02T21:41:20.298293785Z 418 S2EYoFed2G5t5QBQbz9LjnHly4sDHp4DNGZ2R4qZo06ezhKmfDT8Ya0Pgzw9
2020-12-02T21:41:20.309449554Z 419 DDH8vNwXl1wzfKVvwqqfzDgBcos3v7ceDFRn15C8F22GwioM1LI7BbKLfiT5
2020-12-02T21:41:20.320846258Z 420 u0thCwUKuyTKb4ynUCYrISsrEwgLvYK8Xeoc0IHw11yHijXjF7jrDxIloz5i
2020-12-02T21:41:20.332218233Z 421 vtdw1Js6hjvlZooxddMNo07ETsps83NBCtcMFsT3MtA2hh8K4zwg8artwXYR
2020-12-02T21:41:20.343090009Z 422 q3F3DHjUEZp7WEvidqnhfl5D6wFG6pLIU0vFV0hxk5HN6PBF7sysmJa72J1F
2020-12-02T21:41:20.354215677Z 423 0c5UHE48F0iXLKhp7gACsNwpxBtmQSCaY8pVE2WMKOoZ296xxBZIvPaY0Oog
2020-12-02T21:41:20.365192461Z 424 6rFQNIFCT2wyfU09ehk61w0kvQEGILx0R7FNukw8oy3iS5hykTZdKsMMIdpf
2020-12-02T21:41:20.376404180Z 425 8y9A5VdiV0EQj62B5PHcr5jnP5YIoJgEh6V3HyX7eokH5JJz2uWONJMW4Xb6
2020-12-02T21:41:20.387693238Z 426 TY7pcHhLnZ05CPexy5VxytC9mWblDxSUTKvTsz85qKZ0tvFZbcegmvTDcfln
2020-12-02T21:41:20.398815193Z 427 7tXXo5zl7y0EEJbGdMox7tacalFtosGbdhFbbKvv6WffxpBUaflDQBI3cOH4
2020-12-02T21:41:20.410476295Z 428 2KpvQWir00XAPAMS1QavytXeNGdegpsVbQv86oRgOFPoyQXRwOkiLkeGdcqJ
2020-12-02T21:41:20.422028530Z 429 gSH9pbRCa0XuM0vTTwia4VhauGGx0yFFEvAmynEDNxythjX8C763r6YVGHh8
2020-12-02T21:41:20.433690924Z 430 mEkexwDooa6Oo0qtDp96Z6QYkisSnYrViphNvNrIfZFT6wsnxpU5Nn1LONdi
2020-12-02T21:41:20.444291074Z 431 LzztymcT2M2JWyTqqh3LoPiIbWvPUlTaMA1xfRoKbsRcWBNuoJzVYFoWZK9j
2020-12-02T21:41:20.455589867Z 432 Ad2HeScgumvy7YSim0iqlT9ikFT6iDLEsrIp7t64G6TUv9Q0PKyvEythUxHG
2020-12-02T21:41:20.466698316Z 433 KtOtCCfgmAbcJP70VsV45BKZIDuCUwtxL7hyHYk22GUkPZFDPCfcudR2YUh8
2020-12-02T21:41:20.478528022Z 434 quZBafYC26EYj8Wsrtei3NtMXKAypApDD9OHF14DXJAftpNier5GEF7MGDSS
2020-12-02T21:41:20.489300156Z 435 mGe986nKfEEHN7MTSYZCEuOKZW9wV4olRv7FXXbDBJai1J8BP2OqEn9XPf4e
2020-12-02T21:41:20.500156778Z 436 kinf83kAHZi3qYQ99nlYhrgo0lKmSg1R2lJ9lMbUtmNacr4C66EIQ2k5XGIt
2020-12-02T21:41:20.512063080Z 437 PfXCeCKRVqIek2bCzC0SkkNhY1jwD9b5RLMRnojfsfB1wUwx5vYNeG0RnriP
2020-12-02T21:41:20.523123037Z 438 ecUVlrWhPj5hpvY5wwQ6X2mlaqNA2vzlALNF0JBiJO67h9XlRl8lDKxR8VVH
2020-12-02T21:41:20.534674277Z 439 HwjsgxZujiDaG4OKTEIo8srmVVYhXiMcHqaVgp2RhLPaDknyrO5SQRTsEL14
2020-12-02T21:41:20.546245579Z 440 EU5GpuYuTav3V16uXInr7wOC2bnaoucnYZIpgbLNqgSoR14LDhkMcZLYL18B
2020-12-02T21:41:20.557874040Z 441 c1puWL2cmVHYWnd2ZwF79ervih6uDX6yHfpwM92S9GFDVLf5ZXHUyVio1TRH
2020-12-02T21:41:20.568828939Z 442 4Hg90CZUcVSYEp7CWDQOtwNqa7VENJFZqFXIWVSo4LTUEEwHCfeVmaEiIp7f
2020-12-02T21:41:20.579875615Z 443 8ET6mTrqlacUcSYqggOzrUhEelCcGwiUKPZLyUDjJleWFYF8jnvUIgL0hDO1
2020-12-02T21:41:20.590675247Z 444 k28nWBLigMWTUuBes3XJZCy09gJ6iGemAzKt3ZH1FbuAonC70z81QrH46dgf
2020-12-02T21:41:20.602006632Z 445 icZ29Om9VkA7UgUBPLgZrLP72leig1mJSh3w3EAvehIFXaWEhDFdbvnx2szf
2020-12-02T21:41:20.613774461Z 446 TsuoZrnY0D60govuSwCGXUXWGR1esGCB0NdZOYPkJGXzF4buxM1bVTrsAhvk
2020-12-02T21:41:20.624742399Z 447 W68uz7TaPZpzb0GOtYxmMD3440bwKxDdxTwtc54bEzNpi1kqzqiPd9eryQA5
2020-12-02T21:41:20.635761303Z 448 aczapCNLjp4y9oFyyp5anuTzhIXxixUvlsnMjZIKgWHXKyatpeOUAhf3S5bx
2020-12-02T21:41:20.647366202Z 449 xfWnfsgr2RNu8BfbLuPNEvDaiEJvy56goKDpBDx7SagfuZKGCetDO8XpVZOu
2020-12-02T21:41:20.658061695Z 450 dHTDcrJt84pILKNOG6j5UlsQkebLLWnsZsesAwFsQ5WjpEcnzt6PfrIrnm43
2020-12-02T21:41:20.669750980Z 451 qVTQSfLlKSNTTXIEbrvLoUnsXXnkwL22QNRKq8idiHhGCljeLCrrJVtfZrOx
2020-12-02T21:41:20.681433231Z 452 8OCURPSWyQg8AM895weTgeCu24XD5uB5byVFg3uVO9TINvLG6pTD9V7bJal4
2020-12-02T21:41:20.692764141Z 453 Avmk2lhcyUJSRgMOCe2KSpTudspiF0n1ZSZbffnlwC0iJOFuw7Zv0znbAfjW
2020-12-02T21:41:20.704777209Z 454 rbo3pq6KZi4PYzGqtDtmHcJ0uuasGA6rN3FCKbFCN7PerRNuamubkYcXI1sG
2020-12-02T21:41:20.716908776Z 455 h1xGI2KIKQkNdr8rHf3dn2aAe3rHiGUAB1UNRHhYE7rjOjs8M0o85fQYcNST
2020-12-02T21:41:20.728299705Z 456 uQc99cfekXDWXGjpb5gMkPmmhyljfhB27XvWLEKWekgBVkQrzE9tpePf68HD
2020-12-02T21:41:20.739698137Z 457 Jm1EZp3OGM3xRmwx4N0HJUaApCK91x9tX9KFrZUinEv0uWGVABOXaldoEbW2
2020-12-02T21:41:20.751446032Z 458 WX7doEsX8KKh2zCIdnFmIOVOityiCXHpltrI6MDLzc5cqawUM0fMbEPcLkVw
2020-12-02T21:41:20.762952219Z 459 nNq8LdIvk7H1L1FODNFkvF1nuDYI3Tyzy956mP5QfE7oxV2ODCHjYI13AqRe
2020-12-02T21:41:20.774732329Z 460 W5HamE3mKHKeKcmevOdzEpzSbRNubcThE04R1a7je5IPqJE3csRvbPvVkg3T
2020-12-02T21:41:20.785792439Z 461 kAsORgEIpowJtaSorbvM9w6P6N38vZwfrMjazLgTGlnBAzCYBRle6Bgc5ouH
2020-12-02T21:41:20.796449340Z 462 Os2lXAYwlRVP50sbRCF807eOTtbHEPQa44ZpAewh9DjCGBlhpTSj66zrtqPI
2020-12-02T21:41:20.807216834Z 463 bYyZ7IoY89adiDgx8inOYlCGJT4Mwx0AUA9sUCknQlXW9WyY317O08qvywTq
2020-12-02T21:41:20.818853215Z 464 eDa2rZbxsRhv1yo5bQZNPxBydWTCAIIJosQlgchrFrv41vS06krO9B7XVw13
2020-12-02T21:41:20.830700075Z 465 mSEKv3CqnfRuxeSFI4Hkbddx89wUUbs2y2rmL6JBxCwnRcPY4dLZeCGtayEK
2020-12-02T21:41:20.841870384Z 466 9Z3uqaHT4cBYWF6vRKtC72lkI9CUfOC1g9skSxc6yCVk554P4URB8RNNLSbf
2020-12-02T21:41:20.852856745Z 467 DwfCbnwzqdRnMz5aypXl9BvAfqipO971I2MQKQhPN9U97YQS9vKkmOST1RXZ
2020-12-02T21:41:20.864668667Z 468 bu7K2IfE2vfZw0TM4cSOV9XKwYLUI26FkYua0ms4f1cZM5e8wLiPjSGXR7Pc
2020-12-02T21:41:20.875131122Z 469 9q9KBcDKaMo1N2KEJlU4kIExn0wR9AU6rdpbrvldA8JXZ9uQZPIYocvSkE4D
2020-12-02T21:41:20.886805406Z 470 oh65biLMeAAW6jH9E7JijkJUo1CkNQS0HTpYLTC8fttvNVi5cmRylckZUn8d
2020-12-02T21:41:20.897536078Z 471 QJBslDYogJkMEEBNNeiqwrXK8StB7SJYpPrJq2mPndJlveM2OhmXrxH6ThpH
2020-12-02T21:41:20.908827013Z 472 ULvJk450NHIFRt2cb0n5lppCZEcOre3AgYv72wpiy5dXB1iZiO1XVIl3ZZ1f
2020-12-02T21:41:20.919771141Z 473 kCjZf3fD003bQu7b7CouFTIJ0lOOSoSDAbRoOUPMeNGBuFPad01p4FdkgAlQ
2020-12-02T21:41:20.930591796Z 474 3GyCZEUig8K2XMEclLj4QzJ2l6C3GaZS6VxpZp7m8PotxCNaS1CWMqsopn1q
2020-12-02T21:41:20.941014767Z 475 pMdURWxBzd9jerBsgAhlTAsZcEjJ1tAYtQWgy0SOnSJ8SK09oLcpvvtsgrUc
2020-12-02T21:41:20.957000986Z 476 wYNQPos6h8xpIS2mZyQaAjClMUahc37SDFM9p8RXrOyQldMBbwMPXggvL2VS
2020-12-02T21:41:20.968523859Z 477 T561gnWY4Pb0L7OmF5syxRlpWoVJADO7aqsD4S901SbyR7kcDY3nB3R0xZDJ
2020-12-02T21:41:20.980653658Z 478 5grfyiXwHfmiDPLO7vbIdRbs9TaP0tmypgn4PkoUcEqMWwya6KpWcmBxV4RU
2020-12-02T21:41:20.992429207Z 479 mIY9AhqPceCWkboDpi9CB6eGcmPyVTDqdOYCDWeo9KOvLtEWiZSwqU31htt6
2020-12-02T21:41:21.003539268Z 480 e5xfpdNFrhIbqAy3aT6HAPRYPA2wPw7RnjwxWCBEKuEzFy9jfo3MkG9nSxNH
2020-12-02T21:41:21.014238760Z 481 C3jbL5xnIVqcZHoxNiQ7F3xnEuDrGhW7Ko6ZmHa8NM4bJGrVLYnQrAeDD6jO
2020-12-02T21:41:21.025617791Z 482 6oPUUqyrkFxUHYqwiUlPfPOjTxePrhCvZItQfoQhdJrsEeEl3NIfM0DUAXGb
2020-12-02T21:41:21.036737852Z 483 1VD67jb2t7b8OTO6oyj5R4iKPBs9x9uW1G8075ZKuIFbbB0untjoVbEUhhhg
2020-12-02T21:41:21.047557854Z 484 eOrwAWFjOTNtEWxoTgwJpgSmcnGRWuL9HvT0O26hPySesStMXXWEhopbRJLh
2020-12-02T21:41:21.057936635Z 485 XBe1GyR8n84fj0byjWCFTGmBeO79ikg46NiAG3wHXMpIlBly8DotDsFrt7VP
2020-12-02T21:41:21.069397929Z 486 1CTLKU538TOL6NzJSWctCTBN7prAs3F3AGr9BXsrcsbhMkBRP0OIdVlJAAYI
2020-12-02T21:41:21.081022609Z 487 eJKFW8CU6pcY3Kl2s9ez9e4qZjpy4Fgq0j18Xxs69NMFuCXjG0w6zCO2HZac
2020-12-02T21:41:21.092796025Z 488 7Tm2gx9SrHkGOPpWGtOssHfgigThkFaf6khV52pNotNTueyXguf31YlJRJa6
2020-12-02T21:41:21.103813228Z 489 EPqgoVK7mtVx9p3Ez5ag5wm5Lwu3YDrd4xLYfKY3UGpTJxMXnsq5IKbzBdsr
2020-12-02T21:41:21.115604868Z 490 xVJ4PG1JG8r0af45hlfqoJ8ttvXsvxcTNhPZAynZ1oHCi1m2WlJOHvTUkwjp
2020-12-02T21:41:21.126330974Z 491 uRiIMz6EZ3BJlBFYslpvh7St9Ahw9BhJ7F1Jfz9WD9HqZTc8Zue7Oor0Hj1E
2020-12-02T21:41:21.138041489Z 492 FrjOY4pwV27MXTtEukoUXIxTO2SLv9H7bvDQFEQssgQ24qpGO2EytHk7ol18
2020-12-02T21:41:21.149806554Z 493 igIYlNH83RO0qQyEA0B4ujmGr5tP4AyNYY5yOGTVmXfp8iRDjudKs5calNkq
2020-12-02T21:41:21.160693338Z 494 DPRzlgHB2Y291Q6L4aRHOR76FmbbGpuI0Z7F0tzNQX9RU2ffvWTf2R3Y0Yj9
2020-12-02T21:41:21.171780279Z 495 9DmId4tQJjFi475lKoE9VgV0ZX2ir43s7FR3DcGNOFhUEopNpfw7qpCdccir
2020-12-02T21:41:21.181995186Z 496 XToapdYmuG6TtEAo7TydeB5mEzLkLBb1Uwpje2xjwutpxnXVB8I3fnApbosH
2020-12-02T21:41:21.193543379Z 497 WJbCqZF2PWK4wBN285I2BztNXmRjfbDhC09m85IMZDcnpDbdyHvNuzVRXnfK
2020-12-02T21:41:21.204473932Z 498 kOnCZjHfHHQFxa0Wy14kzpSeUAx6GNcT4zImljWQbGCG08tEIwr1hoR8g1ox
2020-12-02T21:41:21.215768530Z 499 WAPTgELgze2zX8DHQqDWmr2l9UqOVm8prdnVDGnFNy9rwyxKPlGr9NtkvmOT
2020-12-02T21:41:21.227340409Z 500 rINtntNblIKu2qmOfSvhIGZjZx6kCDso99HzR5JSWeZ3n5UVtR7KSk1cYbzl
2020-12-02T21:41:21.238813111Z 501 dy2CTBVL07GP1kgT3C3qe5M4CyZeCEkyz1KSW4GqfE4tUjNpWBqLsH9K78Ug
2020-12-02T21:41:21.250774299Z 502 hOsO8QhrDtfllPQuibAazWMvO8W0vTtOe1AyDnn68Or0c6t90mi60nxz1HKQ
2020-12-02T21:41:21.262059319Z 503 BoPCypsKFJM5o4IY4CqwZ3ETqNkxzmEFPweGSQIAGfTkXaEHBurl2tJOKdYu
2020-12-02T21:41:21.273903980Z 504 cBTz82hBifq1GuvMmkWOAKpguQxH1JnpNn1jp8cTbPsKZ3hNlp4LeeC3TQsr
2020-12-02T21:41:21.285029123Z 505 E8SHgC8stZRerolB84cJnAheG3068I8zpYVvAOlGmED6zvUlF3yKFiUlW3Fv
2020-12-02T21:41:21.296556306Z 506 osxLsEp1jMTrZxGf5kyBqsbC0GJ69AqWFe73BJ2bfhVNjJnGQNVFVYP7Wh7I
2020-12-02T21:41:21.308003927Z 507 fsM3QfpBoRjA1KKDNlhIC0SyV8J2n9LeOUfQnSGh9ALCSqIJma74qdEHSEB0
2020-12-02T21:41:21.319819345Z 508 LLQTeQRDLbFiR8yYhhS49RoZbmkEdUV0qUfZfYRP8U9RHXvIo9rwqfpedGXC
2020-12-02T21:41:21.331539740Z 509 GYdcCOxvuKzOYagGvwixhupnDk6GW7qESrMuCw6ONS3K5pmF2Ri0uf2sJ9mi
2020-12-02T21:41:21.342486554Z 510 j43ZRwEZotmEpUznKbWVggsa6VPD1JrcX2Pf02Ycnq8kQbtzNA23eSz8pbv4
2020-12-02T21:41:21.352986718Z 511 ZlyMH1uB0zanIgGoBwJ3KkKXSnys9KXYUTWTBfS7c9qS5YszK3xeNw6EwvAC
2020-12-02T21:41:21.364280877Z 512 w81Gnz8Us22LkKVxm2kuxxf9aRXIs2jrpi6OP6AgbBkcksstdNz3ww4vQykb
2020-12-02T21:41:21.375144588Z 513 zF6AiROPbyWRWb9Ltt016dglGvqlrdz5nGmCtXDgRrIeyIECbY6Uxc4DYkF1
2020-12-02T21:41:21.386598931Z 514 PAFJAo3hVbAET2xzmRPEjRaR2fs8hpbN7TmiRAoHwAmU54bGBr0s4IWiNWoI
2020-12-02T21:41:21.397052853Z 515 xEDooJERX3MmtDbB7kN4zgZhl5CiJa8MhMEa0iSK72g5L0nxHKHe2RcOygNl
2020-12-02T21:41:21.409098766Z 516 sxO94j3YdkDFtAmlGncvlSTS4RSPO9O9vpsyUr9YOIhD9gxRQf2Q3qdH6Q4u
2020-12-02T21:41:21.420329268Z 517 zorKf8FCtWtQXKkQNV1NNf2Gm32gSloVxvZ7z0dnjZ4WMkQ9UIilRZHljOzx
2020-12-02T21:41:21.431343515Z 518 Ew1vBoK7WrM1CP7Ef2LFIAUz3VKGNZVvlIxTV7NQ9NLDpM3OGlOijKHOdzVL
2020-12-02T21:41:21.442374787Z 519 urhxreqcZaA2IaibHVaQXwiiNdPOz79e5d1z42e5S4FDlulPWoqrckROLLMF
2020-12-02T21:41:21.453747330Z 520 pAG2yZpYbQweCiU0Dhd3jXE75cnFSIK4vrfW1UWS1UJ29UPHFFsxtaSCoOBd
2020-12-02T21:41:21.464569866Z 521 C0bF8xvjUwSgaa6aRh4GHeybiRP8IjGgtxX1QpOOLvoGJ0pxnBTEeXs0slA1
2020-12-02T21:41:21.475222742Z 522 GgYsBhkmM2zGJ977L0ljYXHoBAN4wvN01z7MJrnsLCvcMDr8GVN7coHtNimA
2020-12-02T21:41:21.487040798Z 523 kNpGb2IBFKWIZjpJmEIRajc1gnLQBsUF7btGRTlJdcpiRMjPEbPsBrI4Nn2E
2020-12-02T21:41:21.499093900Z 524 zp2N8ioB3HkXL7c8e8Vojt5N8txqC3ubQcDXUzONuWs7m1UHmAgcfDba6U7s
2020-12-02T21:41:21.510327705Z 525 PI3T4V3A7I5nPPUcOudhzL8Fa1D3XYNQfFGWcgGTow3lm5GmUPPXwGeJ5fj2
2020-12-02T21:41:21.521614098Z 526 T9PF9UCCiix6As5IAp5F8fVVTF3mjCT4pcttMTohzHEfv8UrJgX8XKCY3Tye
2020-12-02T21:41:21.532524051Z 527 5yLFXsNJHADPc6yCeuqovwu8q9iWnvWoUAC2KCjRTL783ldgV4gfEq9R4DPq
2020-12-02T21:41:21.543576384Z 528 RU0viKm6hwZiZCwq6TC2awshCeRt2DLw1MoRNiaxIcTRLbtMX0Ey7HJwZw0b
2020-12-02T21:41:21.554669741Z 529 7BVrcW33inz3QbNIVMsL0Hp2wqUd9JZn7egFFyuhbpS5MsVikYJonFE2CRUd
2020-12-02T21:41:21.565789440Z 530 icOeE0a4YfJg3GDqbHROn3EaXg9FhEPDK0kV8BcToWMEIawu2IWZ2eblGlIp
2020-12-02T21:41:21.577000534Z 531 4KRTEKMjWeSm00vvay85hnCjs3Cjl26ySmQw9hJE626Hk9NkI4ELX9vrY8F2
2020-12-02T21:41:21.588813196Z 532 SOscN2bJxOJdxkuEZyiooq4ZFfEL5PvKprDbdpqQIizbaTfNen45Su8mZGIc
2020-12-02T21:41:21.600503280Z 533 NiPzHr4IGoWWnjK9qtx4ckfj02jVG3xmvkCOD6LlUiwOh10Koql5hc8EGLfM
2020-12-02T21:41:21.611268894Z 534 yhlvSdQLI9oHNFpZoQsP2gHin0jmBG6YFhezGYaFlR5gqUZJbD9FddDreTRS
2020-12-02T21:41:21.622027008Z 535 aJ3FjyTkMZUgCIcyZMvyf17Amy9aT337Vp5XrKdaD0QYlF5nh0Yg14wYHoRI
2020-12-02T21:41:21.633167271Z 536 NL7cfB7IiwWKr0uPMUEBGHVnhq4t7zMaIDClg9hFxaMvyaASGGsTAkxVbrRT
2020-12-02T21:41:21.644099945Z 537 JpxXoPzFcVcb2KjZYNslMYyF2EaIuuutpnbOcw8Bq8d1pe8Rk3YqMYpj5DKQ
2020-12-02T21:41:21.655471225Z 538 HZwI0wIlQUL3A6DjCJS538cHq5bUGQ7pAEKnD3Xu0TXBemfCe2TJ2UEgxXBk
2020-12-02T21:41:21.666189740Z 539 rTnGAZGtQxHzgco1EA5W0boGJvqM8iaH7gZWMX0mYKfWzd23ErPhKe3wDnNw
2020-12-02T21:41:21.677213312Z 540 Xcl9bGOzvcaKs3rnQhPVol4DPl65PwWlKXyneDw6afuWvDacs1oHuv2c3Oxl
2020-12-02T21:41:21.688303155Z 541 d1po3w6WSrf04SRBVWMp7CJjYzCoOF2XXoKNmZE7Hhi9N34BL2RqF4HabhYn
2020-12-02T21:41:21.699174064Z 542 I06fx4sO9vIrKoK71kJ68pXX3G3s6PX2NucW8xrZEYFTe6fq45BtgAXkHRM6
2020-12-02T21:41:21.710344395Z 543 TR7O9qu7UHWMHQnvvAX9iNBFCSy5Gq0nc3PM1S597cjWi7XBfVtIDf1TxD4x
2020-12-02T21:41:21.721643279Z 544 YGG3mWtRaw06QvtH06CGNeOrLtSaaUNt7erRrMDbx7C4W0X59yOFCwML6PCu
2020-12-02T21:41:21.733359314Z 545 QBjfmnsJRexVGBTRt4ecETHahiFpQSKlLpr63JYsc3IM006fnLt0ePiBaCW5
2020-12-02T21:41:21.744016029Z 546 ITU9PxCgzzSHJa5SrJrE1P4Rq5jMstSPb9b3pHZvoiCGAn2alnm0O0og4LZ5
2020-12-02T21:41:21.755149133Z 547 O0EqNRbDM72BF2Gqa2kTulIWaXQDGorTLD7UMKjcByvkVga760UkjYPSFRuC
2020-12-02T21:41:21.766971611Z 548 dznx6iJ6owPnuFUhQ9LU834jqvRJyUFAHTDbjQsMNXCpkB4yUv2gQL21AFLP
2020-12-02T21:41:21.778821812Z 549 a7Cd6tWpbEmwq8MVqxUzRxwWD1SMMsRSe7vAHniTUEUpcVeghRi0EG7HLdfM
2020-12-02T21:41:21.790632978Z 550 R366yd2NShhsueHNILJOkhTYWdSpyz39q9OkzG39139C0rdgnirn3f4Man0S
2020-12-02T21:41:21.801815780Z 551 3nBFImniOGITIZ3gLD5F0gDV2QmVfCMb0ySiiujpnmjWH1W82x2Inbmg2bHc
2020-12-02T21:41:21.813857881Z 552 QW3MykSc6QXPT7nydCbUuseYqtcHqJRbzq8lciMdl3AydlQDit921eEgYxZg
2020-12-02T21:41:21.825887246Z 553 ri3Sw9wNgE75aeLaCKYHSxzs7PrMAA3AEDG3HWhd9nHEm0JasQUiwq2LvGfR
2020-12-02T21:41:21.837469117Z 554 6p1baSiXLKXeVnr5tvQB5bshU2UIKdudc5cy65RgmUJ1Gqow9eh9q1qaHQiD
2020-12-02T21:41:21.848572100Z 555 Ir0nA4pUeeblUPnpiFRu5VwcaR1RN6zEzivST7vsCFCPUQKC5qqNyP2CCZFj
2020-12-02T21:41:21.859062015Z 556 XTUtBMaldiTBrMtOPruKHyIwOY0ZhHMpmhh13X0zWcBgj9qD9NfSwzLxVYNX
2020-12-02T21:41:21.869987207Z 557 cg7DzvwWOjavTMnQ2R5gaavxxnelZopl9GyRPWpn5roYnIV5ck6l1gqnEW8v
2020-12-02T21:41:21.881899956Z 558 uxGrd9VjnpsShXgCCoNU3BimtqIgEkKrZGgRk6BwZIEaEHyhur5E4Dmp5hCZ
2020-12-02T21:41:21.893879931Z 559 0zyGeTNA4ATNxypRhaziPkOw7QhY3ub1OlgmeevQTtwOEKQvBBVRmXXOsVBW
2020-12-02T21:41:21.905799257Z 560 KnTXeN5meIJEaB2BQO2ZS8EDc0CkRTt3pEqn4Yaqz1jYv33ybrbTD6PmIhtk
2020-12-02T21:41:21.917405384Z 561 Pdv2wOZFI6lJzyNnO3TYtbqVul4YUEEaRgtdxb3Tsgfw1m2VYzXyM2G0CrkR
2020-12-02T21:41:21.927857848Z 562 2a8EIlRZJuUwYZOQKDxpbQ8cQC6eWgUDkjwVLSUV50k37IhfbN7i4GMNUUFd
2020-12-02T21:41:21.939542651Z 563 P40OeSD4FVlnCAlD2T4rg0lOJ2gp9oc4d6gsRddgSE80J7M5swe0PGWYhRr3
2020-12-02T21:41:21.950623534Z 564 YAG6xhpUwn0KNTT18PYrOgEn7NQDth6h1WQg8SQ9tFOBjyXy420dhaOvyfWT
2020-12-02T21:41:21.961648204Z 565 7wnAGsAosqYctjBwef01KGRUtSILRK1WsNtQLUkZ7m53Vrx22dhF9SK7qiPJ
2020-12-02T21:41:21.973343352Z 566 g8qIBFufQlXgZSzYVIX2VNeXOQw56NHrrlRmZd8Db7FVwfOe4OorRWSMI7df
2020-12-02T21:41:21.984378490Z 567 PLveM66k3tjJ9eUZfe9JrcqnqhccE0W0XS6D8vZNzsxYaIoArGBqyWAqi0GA
2020-12-02T21:41:21.995121662Z 568 7tTdLFFfpXnaEdD46tpQqbFAm29epjR3aGCRdAwdKRglUALYsuGdkBtDI3yx
2020-12-02T21:41:22.006358830Z 569 KwRjJExMiY5wJkbsQprkonI07KmYDMSRO5y7Cscn6v8kuQWklY1T9Ddoyv3g
2020-12-02T21:41:22.017790390Z 570 ywNLtHeJJGCLrqmrtUAUEmmqNSLDeRC6p17bl5nevrLYmehg4fhuCrI8fl3R
2020-12-02T21:41:22.029974778Z 571 X5ttXR7lnlGi98xZneesKy6r9Ek9nSshDvmL9qjkwB57qBJEixnJMlpDlOqn
2020-12-02T21:41:22.041923669Z 572 4tnieOYGfWtJ1JwUAOKa2fk604hZ2cJD1WJj2mBcXAlq0WFmAzrPvBagVIki
2020-12-02T21:41:22.053363106Z 573 f5WRZqMwXw99tubrJoZh9HbLVaG7tsOWj7oHhCjsGXJNdK7obXcbFrkN1jkF
2020-12-02T21:41:22.064309951Z 574 d9Od6IbmbDHlvhWBoIXXVokgCmyQD1BWpWmTay0Dxlfl41nLDotMNmIWI6Ft
2020-12-02T21:41:22.075525522Z 575 yA1zPboCsQpfqIw89RrhEh01tEqUOjK52mqksOlXLNt8Tv9pYMLK9nWr4BoT
2020-12-02T21:41:22.086811637Z 576 gjcuigdx4udRFYksGPI2YpPaS4xCJdzgu0tCTH8dFhNmsog3lp5SG9EisIAN
2020-12-02T21:41:22.098253012Z 577 JPoLtPLGqYjiPgb75Feb3fAywmG1NOUI2vKAc0nBg9OdJZMzmJb3GJY3qmSM
2020-12-02T21:41:22.110211321Z 578 dWROlA95OFzQ9i1dJXO6Atj4O1rQxm7Kbp0bHMNKBJItGbNYMSxnUVRn0Q79
2020-12-02T21:41:22.121604219Z 579 igj1EhSQnm8ongok73Eb2w4o7bGstY0LkQWnZ7FmV00L3Blcouf1IYnGocHG
2020-12-02T21:41:22.133055994Z 580 t25Fh3dH7U4gRVPRBEVF47gWqabA6T5P7jemXeMRIoo9rqRHaeHExLaRw2cu
2020-12-02T21:41:22.144850005Z 581 eQ6eaYAOfTU4u4ZXxeL59E4llIPTw033fPvZ60Yn1RJsqeLpjqEytw9BTFcq
2020-12-02T21:41:22.156906438Z 582 bPy6KhN2PTtHTgLtXXweAslvMkag8RBRY1HGPEXCGRVmKcaBJCd7XskfiGz7
2020-12-02T21:41:22.168355128Z 583 PLKTBKadu6lSz6hJ0L6c5WxISHwwmL3Wzd0BTANPhE688LaFjOmIYKtyRCr3
2020-12-02T21:41:22.180540542Z 584 RTiErdkxk4dey7dnQFPKuJ4WIOvXy7aTHSZ8plWvPA4tIFtDjSernswsSepm
2020-12-02T21:41:22.190520193Z 585 dWtf35SPN85I6RVK9e0OhvM4FZJMADx0JRXE3YUguqZzdDkdr160IC3qUFql
2020-12-02T21:41:22.201261433Z 586 pVVtxSj7dzdFkbeTU8VrRXF7KknmSTEeOPE3yHvtkqnnohNzW819msENaMxZ
2020-12-02T21:41:22.212107737Z 587 Yo5i6xeSoyozbzNXwMB8pYcISKtkoIvI3onEEiKCj0B4h2KidMSUo2jkgLNd
2020-12-02T21:41:22.223191437Z 588 2pdBp47EEaeNj9gSPDFtLuSeoPkzuGxj88CU2QfBq8qu24y62DuXTdmW2bKJ
2020-12-02T21:41:22.234651639Z 589 NucNetKQoheE3cLkCHtQClRm3FrXovO70GYBNEDM0IwJfaiykbO1Ld4gdowX
2020-12-02T21:41:22.245675783Z 590 NbAsL5D2cXrQdapTADPrqSsXMM7bOwjHhAUFODLvYj7hyCLaZfgvMhJRsE8F
2020-12-02T21:41:22.256301397Z 591 Kj43aeJkjHziWPAMxRmlwnaAkfJJYE0lB1x4FHvFU5ZXDxnpFivexdZD8xlZ
2020-12-02T21:41:22.267892987Z 592 npmp0K5V4NvnucjJMQDyFGybrq0LpmXt2zwKTwiyGoM1d0x9xVCkZfFTjJeN
2020-12-02T21:41:22.279745544Z 593 AhcCNsKR8VxO1Yy1qP0LUymhmH094CovItv3pRfHSWrSeSWmlk2ZEGZJZhkr
2020-12-02T21:41:22.290204991Z 594 1dkXqLBEFKdI4R5JMVLtNXHUes7elPI7mAP1OrWvv9Qg3ia2tIkoV06jBAuI
2020-12-02T21:41:22.301839964Z 595 hDKiZDSbM4K7HaJg7Gs9maVZSHW5oMAh8HEKQ3nqTOeuA06RaNzONCXH8VqX
2020-12-02T21:41:22.313064690Z 596 DE8M0ixCA05urhZtdB8gKCUm0zKPpXfWqVgeAlaKyJuhEvCpUU47qC7yLoyG
2020-12-02T21:41:22.324086640Z 597 eDmwHUw3tPjpSCKJfBnRBb8gICRzRAB9ByVHOurLweWncigpRV1QEpfx2wgX
2020-12-02T21:41:22.335671087Z 598 yMdqVvXgwWhwOi2nPlR8uldUsZCMqlXrnVG1Qq60fA26ehJGTOuZvypQJgdG
2020-12-02T21:41:22.346580682Z 599 pGen9e6fi7p6E4JIF2buqQrdQOYlFJWVwHM3YnuayMj4GvlWA1CJo73fM6MB
2020-12-02T21:41:22.357382980Z 600 kqeFxDJgqS8G4PLHx2Dxd3exbnzWYsldwWaw0iccRHorvu1diODvyZX2nV5U
2020-12-02T21:41:22.368486346Z 601 9X3WHONGBo6cptZRWUswwARXVLRYeFCRZnewOuFY2iy97QggYBGLDrSEeLJN
2020-12-02T21:41:22.379698643Z 602 dkexIkUVvnjxZl8ylI3c0QHVFbvrws8L3bwK0aFmkNSUSYiRv3xNiiFPe7ow
2020-12-02T21:41:22.391162989Z 603 uOCqpCpfiPTAh4UX9iEbNPqwdXatDcIAfgSZLcg3ebDCFtYQwR7ooYJyvGin
2020-12-02T21:41:22.402045495Z 604 WaQisQVe3AjQQoOyvPhvGNLdXn2zuBFEBfGAKNnY2qNCUsZiMu4qauNFObdA
2020-12-02T21:41:22.413143316Z 605 81j55mvkvnB37kCyPmaowUYXjTQJaXNiGLwgkhkKTBmVnATlJhdsRxnCKAY5
2020-12-02T21:41:22.424580461Z 606 f4BlGu2OSwmkGS136VXOLRexWbLrR8nbXlTl9r7WoBK8KHAfFG6bhPqwFt0U
2020-12-02T21:41:22.435867015Z 607 cHfBsqT3Vdz5pKrP6hRieUGa62M6q2GHqoyH9uP3TZcl7hwXu9CJYwI1wuKQ
2020-12-02T21:41:22.447755515Z 608 WLh1N1N7fJ1b76OxmpJ9r9oMfon1pBsq2Bdyhbtif576dVL1jq037TiwjGe2
2020-12-02T21:41:22.459672808Z 609 g3qwUJ08GmzOPC4nfzh9gMCKb7UEuhYYoIPc39LILwUyezOq01A249rKva2W
2020-12-02T21:41:22.470438668Z 610 K8OTEALb9LuREttaE9olWC6ursE6vVaOByE2m2rBVvNqFSjmlKaPZuj3sPiM
2020-12-02T21:41:22.481690945Z 611 fuKCjT2QfkYwx1N0UI6nEe1nNjGDkOpU6F8SGXj1IqZV8cCNKR3rLKhbmztp
2020-12-02T21:41:22.492777304Z 612 BTYELNLCZtjAwVPyDfgX74Cg3y99LMOCj1paLVBYXgaJeBwZKKrrpKyDlKzu
2020-12-02T21:41:22.503313992Z 613 AhNFE3M2ILNYjMQ2y8mwzoijwPrRzenhtXxoXm02NAgFl6T1tZjqtnz00YiH
2020-12-02T21:41:22.514840621Z 614 5HbMe08ChpJwtphxsG6aaEFjhJuKwFYwwYOLnj5Ip4WoWk5TawNcXj8jCJR5
2020-12-02T21:41:22.526892255Z 615 DYJdeqnTYYYY0Rqbw25gEA9iLgpnFXDCbQ5TPEyu4JJhDD0FPFcW6I2pztrk
2020-12-02T21:41:22.538830962Z 616 iFLzSPpuZcyRaRsNk1yYKJif877H7H85j9yPmsqouKkohtfcbK3IDvWht5b0
2020-12-02T21:41:22.550933259Z 617 WVEN0Wx5mAK2RF6108uETW3kiWQjxPndweeae8CXPc0kUsE6n5FwMOqLodtL
2020-12-02T21:41:22.562880044Z 618 R6t2gYFNA2JMbWwc2NBw3FsjnLVbrE0YNX4SmrP49Tx4WYZh4msthHuKKXJS
2020-12-02T21:41:22.574195690Z 619 xg1AJqRdqwE9Kqre713cYRPHQV21zhgPM1uouxyJlg6HN8pieN6uBnX9iwzT
2020-12-02T21:41:22.584945859Z 620 nntwgKup01FN6zipcyVJ0R7Z74FsdQ6cbPBK4FJGIHY4VHlYbM66yStTbKxi
2020-12-02T21:41:22.596855596Z 621 gvTR2rH3VkJMv2uOCyn4EOxQPFqsCtJwhvT36K7p0xyYZ3vCfog0NFLsKYxX
2020-12-02T21:41:22.608908184Z 622 AjDZn4SS8c8s6vwnIdyeugkCF130OKuznxSumgIU7vBnEZBKG4FWKmdW7Ngk
2020-12-02T21:41:22.621090876Z 623 ajwHHrokrCJ9TyceSvhGq7GkNkoQoYTE0ZyCyy4SRuQngSlJhx6uwChyZcd2
2020-12-02T21:41:22.632685287Z 624 UsrzwECplR2XnIwNQd9dn0RCmfBkRrFh9yZRJOsdeN7h9jONoPraNqFMzs5Y
2020-12-02T21:41:22.644341796Z 625 Fs84NQdrFr55kMtaSCJJJFVa0mE9dWbLqxlI1riskksq2GOxbzmmwcGTbpD6
2020-12-02T21:41:22.655942049Z 626 9HrMXxz04uNUKlesjLpBMy6zuEsJ9o2PMPg37vsqazizTqM55aIQpV3kjfAa
2020-12-02T21:41:22.667712788Z 627 TlXWgQD2iWQSnSk3dQuupJ4EWhdsuVbBgUEfXR3gLOQgGYqWIiUCyRU1QJKR
2020-12-02T21:41:22.678645909Z 628 mC5W8ru0lq7BwnloaCGCjlWJNei5JCDxLPmkpAwVw4c0cDKl12vtY7ckpXV0
2020-12-02T21:41:22.689709798Z 629 AKlrhXKdXPok8dMXNOlKCdeRFN4poWMGOzkZT5oUEKvYTA06KnlafGXYHsqU
2020-12-02T21:41:22.701444580Z 630 0qy74KlpLW3wKEPDXdZNu7dba9F4akSHPa1kCcp7ovwQk9NN0hRGA8PeySEQ
2020-12-02T21:41:22.712438537Z 631 EncRkqkHE1eKjwza8As6SoKgqjqPFoShyuLXrSFoZX4FUeHBqusNibF6hZKJ
2020-12-02T21:41:22.723083769Z 632 99omkpBqcUKx9XDEX2ISfGJqh70gY6yImD5KwpSkTGXRJDQ8EMsQtOqUtrok
2020-12-02T21:41:22.735004554Z 633 edYpMHyrMzqavSjB8hy68Cwvup1VQABFeHqyNIagj3DsJp946VjSOV5pch8a
2020-12-02T21:41:22.746867115Z 634 wFzp1FfDQxCuPtUnFZr7aItES9dfuwaIMYzp8mvz24slalDLCIXWAvWqXIEm
2020-12-02T21:41:22.757775696Z 635 tsSzLXhxPRF5P9ay7QHyJFUApcHg3jZgl65oz9sP8zNQmRRrsALc5faFv9nB
2020-12-02T21:41:22.768933416Z 636 cj7dXEjltjmfUYXO1JtBgD5qQP51bVtfNQjxfelJ4W3BrHHHf0I7tE4qLRVf
2020-12-02T21:41:22.780108147Z 637 o49iKK2EtKo4jIf90PvwOUYLOGmLbrjiH3sSNjZzUT0u1i5OoFZnOMPhJH5H
2020-12-02T21:41:22.791508917Z 638 YBVfNIoprUmfF1WVKquhko52WuLPzcZiHGRNuAzv8kUnFJUuy6sRWIQy9gn2
2020-12-02T21:41:22.802045995Z 639 Cpyb05TMEE75FJUgN3mu6C4Nhl9YJVgtxotXQ3xeZTnMHAzuIE4sv2RSEujA
2020-12-02T21:41:22.813031243Z 640 mW1gumE0YcFCO6BqqWtAX5YY6mxyplxw5W6IAzGJOcewCLZDd5rVHLdfGLMF
2020-12-02T21:41:22.824251432Z 641 6779eSAwxgxgWmsuXDnYGTmu6m8j9Iqxn7V3Boym1NaooeflR2vFPptm7NTl
2020-12-02T21:41:22.835206821Z 642 9qcvnSm2szZtOGQuCM6rJqSXleNqm5mk0OQbbijXXFLKuLAMsu847wd1ZcY3
2020-12-02T21:41:22.846647087Z 643 S2Xe8vbl2bcE6rVZK4QWuoMkxxA6QWz9D6oZuGVLuqkArlcidipTgFEsHR3t
2020-12-02T21:41:22.857742602Z 644 TCxLS2XhDRMAhNemtifsh4DYHaaNpPcuMbxULOzuBKh6GL82S2UAZTPOeQ9q
2020-12-02T21:41:22.868764910Z 645 PTrvXPz4arVHyJfsSkPS0K9Un6a2P8qshP5VKvY1S2r3jD2pbCo1Tn4nouMh
2020-12-02T21:41:22.879906139Z 646 OHCE3dmizeBR3QTlIP0PhSaOCO5M4yp1Anx4BK2P1ejAN2MCG73w7tFPm0aC
2020-12-02T21:41:22.890287458Z 647 EjtED0SIMVlX1MCQ2lE53FXxNO6TFIEAmDg9XxdCEs3s66h4csjHLZg0J8za
2020-12-02T21:41:22.900883414Z 648 wFVrNJklGxSpuBHD8nGmViDBeuyKpIHgy5EImOKlSdlKqF7zyfvfk0cRhG7X
2020-12-02T21:41:22.912609296Z 649 KSsJ3aoGogdFKqZkyt2ivCTxwZ5whW5CMrSFQePrKwIZfNVBjhkxxkzngZ9q
2020-12-02T21:41:22.923202754Z 650 09xJykiA1W9feJ2iKaEvYcHG6aCmc8pKDQaldEbhgO9C1YDsnRwdbJ1UO68n
2020-12-02T21:41:22.934915917Z 651 lxeWMyVqqJZtBEhLdKvU6Lbb6cF9XC9Y2ZzfFCwDDyzLEDJlQjGmVrwXWBbP
2020-12-02T21:41:22.946792022Z 652 Ryj936dmE0OrLoFr53XGYfGtCYzbCE1rgmMP6b0egRvXC3PcQMTNCmPExbLg
2020-12-02T21:41:22.958194534Z 653 umAEEJ4UrX7jBhvEqyMZOjq0zzGzkjKoM1oMhW9D3tUdiHRLr1pkUCvo111w
2020-12-02T21:41:22.969764106Z 654 mcBxBPVW63JNEQIzYqioK8krz1u6qCVNOwX1hNZv19vVXrqWsd0DVnCJM85J
2020-12-02T21:41:22.981439302Z 655 PdMiHglXlMmZbLJP3aGU56SWp46ybEGNY1565cKTgu0PjMuOUDmzp8ilnui8
2020-12-02T21:41:22.992427536Z 656 w9fcpMU4vcqXxHmSItAYjyH6yJ6xFwIJU5Ngq8uoSeZUZFzKFykOGRsNHYxw
2020-12-02T21:41:23.003225077Z 657 qiIVZkuMbgcT3GmhHYhoj12oks1hJM5ty4flZW6jQNUEayH8ehGydeAvOoq6
2020-12-02T21:41:23.015103055Z 658 Mw0Fi5SobiARdt5LJEUIebCSVdr55peukfraHCXJeNVXYn9MhTUKffFBjZO2
2020-12-02T21:41:23.026609287Z 659 LYhxIxVSOXYFBKzdSJo5FLhePbyZJwDQaQ05ERgal38JXKxefmi1HiIBSI0m
2020-12-02T21:41:23.037811160Z 660 SkUTwE4EhYseMIBGWukgcQCs4k4G2jWuRKB0TlKUb472enhIldQ39gIsFIW7
2020-12-02T21:41:23.049314494Z 661 HFGkbOWJiAfejJnCJB2wl0jzdZTicDR8a3yTZ4Igcp22PiUCaSMwKiIe3BWv
2020-12-02T21:41:23.061069326Z 662 iCU8WBdyEoTZrV4ZfFZuWcCHVk99TIjLQfaVPn0ZTeoiUoucfwWPpWAz8UW7
2020-12-02T21:41:23.072357963Z 663 tSIwRLWmXzLcDgWcTDfLR8y1odogtHAGcxgfH3pPIZ81l9lqRY1IO25TEgGt
2020-12-02T21:41:23.084110802Z 664 59KkozKOFcY9aiZqC72svxI3gGGZI6Tu1vhRWEt3NIYCb6va9tDrFvnHePDJ
2020-12-02T21:41:23.095024183Z 665 NX4NMVgde7kkOToQOQprJRrh0w37SGkuWkKAGA5nBNmLF2deNEW21vwYHIOu
2020-12-02T21:41:23.106516626Z 666 cfUkkNd48L73Zs9UAnbPhueDtCYi1Wn3Pma7T7Rr08Xst78jHzbGoeswE3X8
2020-12-02T21:41:23.117395884Z 667 P5dIJ9yrhMmFN9WyqcX6K23kTy3b9NvZIZocjFgGBoMfqf6c9DzaILRnPR6i
2020-12-02T21:41:23.128679456Z 668 G14fGir1as8LbdsIeNlM7VJnPtxFFq4rbJ84WdG1z2TnrNUAkmRWV3iXzqK0
2020-12-02T21:41:23.139741801Z 669 xtmCXtlHhbIIPEH1gb7XS3tK49416EmgDqAXM2YOhCYuuM1cg7V1QaUinCrH
2020-12-02T21:41:23.150172449Z 670 WhplIqPwdd7dSGWdBCrpHak4HP4QALCwPZQydbSIw7xAE32f9bmtAjVKq9Te
2020-12-02T21:41:23.161058521Z 671 ZRPcO3jdA5ZeQZKABeZJLUZMKHkYCZCabrSoxNUpfV67hvG5FrPZOoKoHTQj
2020-12-02T21:41:23.172171034Z 672 bwt1ErEAUQCokzfXRYcIIMVXxQYxEPDR5RlgIpHo2IKzR3Ful4oiDsxSJPFK
2020-12-02T21:41:23.182987438Z 673 HvyJbrlBls1i2BSwuX3YcTpO1vbF6W8HYr4eWKqZN264tpoCIifsD4lSHfHN
2020-12-02T21:41:23.195041612Z 674 OuZCkEQQibnpM4w3m90AlHMZPHMsDoZtaqXz5jxz2cS6BexPh6hQEIQMNsp9
2020-12-02T21:41:23.206295125Z 675 ijecD9IrVHaapOn8Q66oqz226nep3EouZ5L2hCaGf2JZBwV9qeXNG2NjmXt0
2020-12-02T21:41:23.217227509Z 676 Vssg274ezG0Nplu8nIE3K9mY0FDygxPbWOWSK7SuRUq2LGK6mZz5VCSX6SHu
2020-12-02T21:41:23.228315696Z 677 n0pKL7SAWOxDgzfQ4zyxzoRnRkSrLcWxkd2BwxSVwKH0ah3BUFuFn8NmRzJL
2020-12-02T21:41:23.239719836Z 678 9KQYt0UGHYZSFebxgUUpePIKB1ui6TGhbROvcIvqBBklyJC6rhUVn5FegIuq
2020-12-02T21:41:23.251557638Z 679 F3qTOhI02gJjY7apA1uVlkNzObeXs8REUGOFI2saYhA9zylcdmAXBFegbcmv
2020-12-02T21:41:23.262580953Z 680 DckWmd5d7Z3hCV3kmsIyywvCWLgQEmv3A1bMGjMkqFBn3QmY19KuhRdAe2ly
2020-12-02T21:41:23.274553590Z 681 wTyr8JYS5jRDIgSWKIxFlpzaA2GsBSPeOI7ft7ajtOMgdIRX7B9jBM88K1iG
2020-12-02T21:41:23.286237496Z 682 oKUfcTrHWaLE5v2op9iNFw4WypPzT0EW8Zofp1eMJIn4lnmeeUeyJGGxWoak
2020-12-02T21:41:23.297805437Z 683 XixodTl5ZbBumSWDJVViSCBuwQAfLMsq3hO0zkAEcXj885RQKoH9otVhdCNI
2020-12-02T21:41:23.309830622Z 684 eQYsYke5B0SpIVLGcv6xcCyARAlC1IsVYu5z4J4TAOZoQrm2yyynopOX4hEP
2020-12-02T21:41:23.321508333Z 685 cX90mqmHSm0fBkrkax7VIemwIpC0akkh2m0zz4AI3BUCh3wqhRk3fezsuc4k
2020-12-02T21:41:23.332603904Z 686 OA2VitiLU3JvlRK325ZxrYcEXf9TUl8magwJujId4L4nlV6uMNWmBVlLg4MB
2020-12-02T21:41:23.343394163Z 687 QTcN6l21sZsDF7CnCvQr1yKSszUvA87YXYKvMP7ViZNuPOpjUY9JopT7z3hF
2020-12-02T21:41:23.354828970Z 688 da7vQafUyYrzYPOmJ4SPPidt3MNypRxLeVrnncCGcp2NHkS1pmqW4rjvTy5N
2020-12-02T21:41:23.365397790Z 689 0mTDAhyBWBXfFTQjvQ8RIBTfPD7ZQBEQy42xifXHt8KHGtFaLDWKu3H2E9bd
2020-12-02T21:41:23.376194474Z 690 0FawFIWgur08nIE2IW77QL79PiYYhdpsnd0VzCZWR0Xh2tOO4AdcCiOLUT4n
2020-12-02T21:41:23.388038121Z 691 R3X9bGt3lC85wR0qtc6L1E9JidupAVy1K05SYSKnLPSYsLRTOy9bPZSc5t7l
2020-12-02T21:41:23.399940419Z 692 0UcygwJFtVovPtNV0rUuDTiQoV7JzL9R96sqdl1fydVqra5yMw49TOPA8x1N
2020-12-02T21:41:23.412040428Z 693 dFPJydxIX9RDLHcKsRx6yMd1tyGTj1gJWG3URSzothWjjlE4Lkq0FMySBqT3
2020-12-02T21:41:23.424018686Z 694 6s5me6BoYb2OH5bR0pXX6vp6bZ0NPpsiekTMx7MzPNDtDHPwMuxUv7GSeLrW
2020-12-02T21:41:23.434928988Z 695 GHYU4Sx921nnymoFaj38W4zQ0oHYrwVrmYIO9sqTqfXRr2uATSGQnlExSupN
2020-12-02T21:41:23.446300811Z 696 4S0MVrdD1s27tsccFGCBJpor6GkII1Fp97fVv9u49F6VhPSI0e9pllBoWbYQ
2020-12-02T21:41:23.457100605Z 697 MehxfhHaWkcRrecbJJNK1RWn0yLnvtmYcPHdVkAW9XWf0oupy5ZctnldxKIu
2020-12-02T21:41:23.468414750Z 698 EpeI7Uh0Orbom4Zm6z2AXzdS9TJ088FGEF84KxvWqvojEF4tH3vwvc70WFM3
2020-12-02T21:41:23.479241449Z 699 PP3agUv7PyXeEr5Z3g54QqqXtTBuvg1ycNUmi9IbnuHRIkgzve4PBf2X6mKB
2020-12-02T21:41:23.490227326Z 700 bHKjmWNRX61J0TFJuA9GLNPnXXQOJewy54phBF8cHXHILv8zEPYoCk8csOev
2020-12-02T21:41:23.501362731Z 701 FjwYae9wALL4Ns0fUKq5GKqdR2T6HZrCLiyA7v8MnItei0HncOSOBP7rbYqL
2020-12-02T21:41:23.511889158Z 702 5o6ucPGxIk7sJLIG7upQwLWKTmNFbH6O1jmPXBmdCxIqpGThi3o9ChJ2mRnP
2020-12-02T21:41:23.523516144Z 703 UU2svJ36aOeVVQl5MsgmK7L0RRYoT2ncQb0SpXfm1kdnWTRXr1XKZ3mHXOQa
2020-12-02T21:41:23.534911581Z 704 ILf6xMxE33D10DajDytp0jS0JfY23s3I17QPZQrVwvmDwPvNLFEBaDjT2FcD
2020-12-02T21:41:23.545875575Z 705 jiQ4YdTG9WxSlj1SjhuOBhDPDo4IWgBiI8r9X62TsuAS9MjB2MBSy3U8sEqQ
2020-12-02T21:41:23.557388259Z 706 rWiJ9jGSTuDFrplUl2A1lBSwGUBkmIf1hQXrn1nrT7DsVWanKUQAjDLPL76a
2020-12-02T21:41:23.568464975Z 707 op8wPbByfO9tJzBr0Jnp4wTj0TJR8G5ek1VhnH3FDxNlz5ok7UnXkXpelwFD
2020-12-02T21:41:23.579914042Z 708 O3XdFQTz3alutZt3QXWwgebgZIdnTc57NhIDYdVNgt4rpZR8J9wqU8o6N1ZL
2020-12-02T21:41:23.591550820Z 709 LuRvEpw9Ge5nsA90Hg5aSwnsmiRFsOjrmMQZ5Df5Hnds2eKobzteFGPjt2oN
2020-12-02T21:41:23.602442358Z 710 7SCC3JXHpd6H5QjyJgZeJM68mCy8UG67IX6xRPbRfc1ag9mKwbsR9jDDeVX1
2020-12-02T21:41:23.613152391Z 711 YyCSnDFgz6XbeZ7l8Xce4a9bZ6Fxc2quNKSjWTrmUXHx5dVSDtmq6xWpdlB6
2020-12-02T21:41:23.624493897Z 712 L8VnDcQVf6gmI6OcR6Lo6SvYriZh2QvtUvEzV0hLGWg5IxrU9eJXGzU1jBYQ
2020-12-02T21:41:23.635029374Z 713 CUONcq3lvjEB5ylIewRvL38CiakLacI1oIp1Dxu4jjbEioWF0yxyAxGdZ6qQ
2020-12-02T21:41:23.646565627Z 714 laAHmGlsrB8xpEUVfFbwGogwZyNAStwJxJsKk9tTeVY8hCOC0n6UDVJ8cEbn
2020-12-02T21:41:23.657636408Z 715 liFrsAts1iEpA9uAvYhEB6PtYFCm5hzxul95WFk1RwSU5JgIL9A8hgpJan27
2020-12-02T21:41:23.668775368Z 716 zCZ3kRPir4sjvfzmmUr2DLlLCrU0RRxJzUl0VLNPxocF2BjudqayjMOFZ0XP
2020-12-02T21:41:23.679245818Z 717 ed3LGccYmVykFq4I067VSKKyaz0koSpeTD0IjW2J7BncdzBjk0CViHG7pmKn
2020-12-02T21:41:23.690150649Z 718 LjT0YRLrBFdeADvuvRo9RgE9GICCBxRnq4Lsh9R5RZmrH6R0sB1c1ippIdTS
2020-12-02T21:41:23.700912753Z 719 VWsh2aBiq9dQe386NpOwsCzw8BOMDQVkor1oHPtODzEl7qGoMS2nFghQ6Tjx
2020-12-02T21:41:23.712526427Z 720 6SLqWLTp0VO2aPlzlSA63KtAjOVuxgmAUDoEgh2ahwazWBLrsuokJpMqkwHX
2020-12-02T21:41:23.723476947Z 721 39A9JoRfpZj05uGm4c4F9jXrHS9xCjHZsdb5Zi9lVyJ6HQqbN2elDjUr79de
2020-12-02T21:41:23.734546608Z 722 axtZXp46mxiGGvjLZSBCoIk3y8vSENHK5qaxMg933JKy9AXBjO2fUnCqLiUV
2020-12-02T21:41:23.745759301Z 723 fdi9zCLHNp6PAV0cTNkcA1KzT9JKKnnRqPGIkWIZSQLviDLSsxY86Q3EZcSk
2020-12-02T21:41:23.757035868Z 724 xmFq4U5IhluHhEEwGRrWInaOqJwFSazJws7Og30Cqc2eh18OHGVXfp8gj5NG
2020-12-02T21:41:23.768834276Z 725 WHUEGbTIFGO51HaIE1kV9gZLcMfxj0ifKZ0EXB558BK3e1jYOxpbFmn6henF
2020-12-02T21:41:23.780249916Z 726 a9N7xDHPchbc9O63YccAOTlwTamjn12QCPkviecnM8lilTRqMBOH2KTkTheM
2020-12-02T21:41:23.791121413Z 727 QdS735D1DHQKZ7H6O4wM7sKgYw0ehBEc6sP3XQ5nMiheh0Ng75QQcu2JIgmi
2020-12-02T21:41:23.802111733Z 728 HqRMmQNi3oO7IZbFeGQv9LcWWv53Tfnh2zFoma8X6AvWuGzPn82My2ApQbri
2020-12-02T21:41:23.813399740Z 729 I37XnNkPLdVoOCgXhqe9Mo3UDTK51HnFEXH25gWbu2tzEpdCSQGsmGCUYZnX
2020-12-02T21:41:23.824492432Z 730 QIkZOmrgrsJu0iw7ZfS1MPUopSKc1zpP68rwLjj7gxJHzjRh6DTCTrxBG7BQ
2020-12-02T21:41:23.835297939Z 731 PHyxiu6AYnM2PDFSwIMGMJQeeVea5kWtpXa8t1RHXp0DGb5ZrlYWZTlqKhEG
2020-12-02T21:41:23.846510619Z 732 VMfINlGqvln5KHyypfw9swRzbUotJNtUGjJsd0VeUiHkKtpGa6qswSIjVxwt
2020-12-02T21:41:23.858280969Z 733 Ayo5K529KE45P9uul4ySG1paQiWXMIgkyBxREwg4PtYnLWBnpBwoEGhV4ECg
2020-12-02T21:41:23.869090209Z 734 3pyMXZTfoyWwzyz4omPHm6zACcHDNJtag5parXu9ixmJACIlaGFi5JDwGaFL
2020-12-02T21:41:23.880170162Z 735 nTvI8Lu7Fu2PdMjmKTwWTMxpahHICOiaVS21AeeAeAJz0MFM9OMgL8loryJk
2020-12-02T21:41:23.891148112Z 736 FFkUg9R3lvTfFwTpUgMi1Xb2nhGmcCtj03V4Ls105rCqfNYsmmtSb6uyIgWR
2020-12-02T21:41:23.901956969Z 737 cqRbuCeoHN8JZbNmBHCDtglh3LaUvYiLp1uHTe3rq44F35GJmSqzF8VRZg5T
2020-12-02T21:41:23.913587952Z 738 UdVaWSOxtWIZawnGGwKMj79LZk5WnyX5AVIFamYLMEzuF7Sr1srt53TL01Zb
2020-12-02T21:41:23.924618098Z 739 mG5ywQSXz8f9J0VDTuFaJOvPE9pZc1mMi0Zr4K3XUuDY1cXxcWxE88K3w2iA
2020-12-02T21:41:23.935530914Z 740 PLc3Ne8bg0iXnsLwxXEP7CZosnQOj7QxHl10r5VQrWyElMQLBlVNJ7Q54EIB
2020-12-02T21:41:23.946462223Z 741 mjxl2nnMz0KzOXUm8PqiWSqeu2V3hLpQ1nmg4ZrAfIZ0MbGJGDU27UK68E30
2020-12-02T21:41:23.957592440Z 742 2FIA5NUApledJM34Gn4KprTSqS9UVcsushl52ERmGldsuWmnOLRbm9QJFD7X
2020-12-02T21:41:23.968353174Z 743 pA6ELHa3loQ4zorHhgP48Ibc8YTPcBBCKPg4MZOPw1jlwWRIgRSMywms76zL
2020-12-02T21:41:23.979041953Z 744 UelWxurdcNjjUg3QTuEmPsts77kjOYokX75kS33TipHp8rXoGPg2x3uUzWSW
2020-12-02T21:41:23.990505627Z 745 zHQKRG9I4v8G87g0T1ADZgavevjuIPCuxaRPtOJchaVOduvOdmyf5bwlCEec
2020-12-02T21:41:24.001975106Z 746 QWAduB2rP62EIxwjZmeJYe70HjlBOPGD8temej1sQzdZLcFMhwdut9mhp6Pa
2020-12-02T21:41:24.014157313Z 747 LIDiuSyHNR2jAvvhBp44sMphgLguYDgrBRYTzGtuOWG6AU3phfbXa2CUow4a
2020-12-02T21:41:24.025096602Z 748 bvo8JZ598whQg2WLutnTg9UN9dOsmmdM1R49sLluxMRKDdRPqG1lwy2EfxAH
2020-12-02T21:41:24.036567733Z 749 BTdoLRJmHlvtjeFLXzV4lxUdfMU2pfGPdlAD2X6eLQUjs6WfvAEQxX4nk6uI
2020-12-02T21:41:24.047451720Z 750 zsM4MCle3CSCDfCvAlktG5HI26iT6csOgXDMJlMeO0fsrShsMUnl6ekIQ860
2020-12-02T21:41:24.058387650Z 751 VMFUih5RjWli6iN3mWDCrD8mMoIxNuhbJDjZ6j40BeplT7mlGLRwcqamjARz
2020-12-02T21:41:24.069975891Z 752 mjoOKLJ4cZnH8TgO6chhZarUYIuS4WVcnU2s6wPxJxLVY1BCLQ0F5xV9EBrf
2020-12-02T21:41:24.080946806Z 753 ZPzHfCQHN3BfS9KWLmq4mnQ4ejoW9YNlgRmTXuSuSjlrx2Ubld9mgGI34x8A
2020-12-02T21:41:24.091918408Z 754 N5HfsEpuKgYMXfCcZjTRFXknSh1ja09DAT1v4kONc22anVQWRmMI4ZcNvIUK
2020-12-02T21:41:24.102883067Z 755 l8ati36w37lidmTzC6VkXNOtqYsUsexS3VftmWT6iGrCXCjzDjj2eeZgZo1G
2020-12-02T21:41:24.114659117Z 756 ghPmvUVWb872R3aAOCc4SceDO9X4KBMsuuMCjLC551gg6kld4kCCDYnASMpy
2020-12-02T21:41:24.125446545Z 757 hhDsal4YmAjFjdz400i4WaKcsY3Ic93uzbnb6FM17dmDUgpeeGE5A7R8e0uJ
2020-12-02T21:41:24.136896198Z 758 rQtPpeS8EzSN9Cu2AjkMr7Ucwi530gXqWaZUWKY5E0jP21XkavI1ajKQX0v5
2020-12-02T21:41:24.148356573Z 759 pWwus55eMdJExbiK0ThkWDhSWIZs5hlwjU18dlBzOciYGfY8KRFOU8vTqCOo
2020-12-02T21:41:24.159143639Z 760 gSpajtasklzJm8x7l7TQRWsJyHOasKXykFELbsaA6mgk5CJAWMgQDZYnawbH
2020-12-02T21:41:24.170774789Z 761 3Q583P8Wm7cFNzbYz4mrWza9kFV3d7Mx6vyl5xPdOvKNI7WDaqjAgjwptOwG
2020-12-02T21:41:24.182504703Z 762 v3LaNi1voRleOGkFXi0Uk3T0aFQpWEmQg6R6e9Sf7G7TOerX0eruec4tt2Z5
2020-12-02T21:41:24.193807186Z 763 V7OPhofh32pJVTXzlGnyAdLj3Xb8Qm1YC3Umo6rJeSs7E0S18aEPyMhvE0Nk
2020-12-02T21:41:24.204869913Z 764 8ZMLz1QVhGe3nbn9MzEPAvbJLCUUcuLH1t4Lsp86zMdRh3vbCFIrYZuaZ5HG
2020-12-02T21:41:24.216462016Z 765 pbsNwxCQH2ULAFHSZOt7cXJKHGtaVRzQ9sZasU2kWA3iRAkNSXh0CKMV4suy
2020-12-02T21:41:24.226935631Z 766 jREXowt1aSZSkduBIbNyNXqVFSnJa4Joq7PZaPAb6mgoIUhiox6n7DwbJ4Tj
2020-12-02T21:41:24.238608830Z 767 R2ObazeUS7PMhFtUJIQqNvCDS8oUOSQ1UNWo4Hf4u7SEPDd4I9eqcvUlSEA4
2020-12-02T21:41:24.249614610Z 768 wdHsKmJSM3AoOvWqQKxb2w1KItg4rJskEEGo0su8NFNv1gf9dn1s5tKKAuBN
2020-12-02T21:41:24.260643575Z 769 xlxwxgvyZmRq2TkMz3wdzSIYQrcThJGsifg6plFLESnoQFUqjXvYBFfZWXxR
2020-12-02T21:41:24.271837705Z 770 WFLDIen44zHR6OgSqbenDaS5EZNxTCdVHTAHk0SaAllM3g4FEKDrS6DBSspz
2020-12-02T21:41:24.282634924Z 771 UnARTJOk92hSUUu5RvH5u154Bop7kEhTo6Ad5XX67qS3uIWkL3SQz0WoDSrH
2020-12-02T21:41:24.293056879Z 772 InKpQDdGyMnsp4WnVHZsKz8z0Q2xuvmvwx56s2UolL9PKKJ2fhOipjRx0ORA
2020-12-02T21:41:24.304627202Z 773 hQ0t9wysg7jubPOrDSDwzCB8EOItlCn0hgdjGg6hg47IdALKHaEF1vK4FllK
2020-12-02T21:41:24.315643507Z 774 zN4iqGWHQpwYFcGjjQldAQ3hAtrp0POxWitGHwvxZJ1xshd5asX23ndgRFqI
2020-12-02T21:41:24.326297758Z 775 My7VlNdpUX9Fn2tgbYeXFRxUw1YAwYINo3OMre2hSAEydBG3vsqy6HVajduE
2020-12-02T21:41:24.338408328Z 776 kPdmpTjxsXuIVt5dPLKm4kky4pMUHMwg9902a5pdAHAkbBhPALiJrUUMJo2G
2020-12-02T21:41:24.348356259Z 777 BLLmodw4XQUq5bG0bt1aXdjwNMYD4NtTdojOQXOIj59SleVf65hWGYZ4ONJJ
2020-12-02T21:41:24.359004701Z 778 TV37pJMlhltqqaJRAQLjWfqJrdT8TO4vwtJuSQ1QVrorxT3SVFjhr11fH4yh
2020-12-02T21:41:24.370492881Z 779 tE4LlyMsnMNnDVlq188UO4GHP2xALrMKr70Wv1UIkNfyyZxPkmqaaZInYf8B
2020-12-02T21:41:24.381195057Z 780 HG8WJ13zlsuHyZ8GwhUSOTokqDz0sJ0JLYpyLoHNieAFVzu7YzrJzYW5tFuh
2020-12-02T21:41:24.392192893Z 781 BQw327B0k09iNsQZGerrYNyo5QKGpCqoFrveuggw6lvpq26XgFPoHbW8K1G4
2020-12-02T21:41:24.403208194Z 782 65zCTQm2NyzKfermkhTL4TkKcRvMDQXMXyaeEKaplY5aDFJlYZA4IWoDSdQI
2020-12-02T21:41:24.414414290Z 783 ey2H0l2R2cC852qL6NKRhQXHLQ4x7vQSt2ueCCoe3SDKYjkkERjBZFOnvhPA
2020-12-02T21:41:24.424868197Z 784 XEHlg9pbzvkGkjhRxW492XESrvcVYJdPrtHy60tXnpgfFwkhe6msg9zvF7Hr
2020-12-02T21:41:24.436435216Z 785 gN55BMOQ1GJLh0bHJQgNh6O2iL3QOenlDlHGu5mcudFqSpP8G75h8rGJZE1y
2020-12-02T21:41:24.447334800Z 786 vsSPvY89qKUbxej8vZqJQV9iFU8AzD4ZZnz8vEJoPPUQwoZugVUkyAPsav8F
2020-12-02T21:41:24.458877097Z 787 JLR3qQrGtqDWgb9VJkf3g7zBCmdLYoQLpHYmOep8mJjDTPDBFT6AWQg92D5N
2020-12-02T21:41:24.470467682Z 788 9q7XExp5fOKnxgTPnREw60tMkVb4SY7ThhF7GRFTE4xbUAd1CASPNGueak9o
2020-12-02T21:41:24.482919161Z 789 dHCjTfuYi9lnXFmEGUhaz6cDgx2QS1hvirGGSPf6wNh4zffa66oqsuh6n4U4
2020-12-02T21:41:24.494518376Z 790 HmTQdMdLBswloy52RPYCRuGy5Sksdz0ou3fpcucCdwQwH4lEIYONOUt2Qotp
2020-12-02T21:41:24.505980730Z 791 7mR1qlqdj12R6st4Gx2Bjm5HjkM9fySSsg0nfuueNvzXdDDfBUJSr8yV3Vzs
2020-12-02T21:41:24.517829219Z 792 AkQ4zzf7ASs0yyEF1JYXErqwlMheX2uyF48TE1BnkTbhFEpSEoVDU3M1dJnC
2020-12-02T21:41:24.529792977Z 793 zfsS8k5V0SLpxNhA8AR4qUgpvkOCjcmzSLQ63SoAGjrfwnYvT9WazQEyJAIx
2020-12-02T21:41:24.542027502Z 794 mjpn0w7v3kFYnIwFfVCYVMdNGNBXXW2A7ZAbiK6gWvtyBxaoAfkXmPI6pXtA
2020-12-02T21:41:24.553138889Z 795 BmBURy5tI8IFLJOyR6K988P5ZNuP8p4l5E8HrqdnHpgAh2aeRUm7qNtMnask
2020-12-02T21:41:24.564788396Z 796 IpRFa8ywvt3JXvIBQGwL6G35YTxGmPzqXS1PM64HPABzyOGasa5hPMthLPFb
2020-12-02T21:41:24.575432913Z 797 y1mnyCDm7bhbgVHIwwjL9l3XZ2gFgTdbpIjx47MJhGSRM7clxtBYZLfwv8HQ
2020-12-02T21:41:24.586160013Z 798 jmgXmtS2TC08PH5SlJTYRxmDGsUqc3bTEtZUZPy38sy2wYJgjhWjARLVb26e
2020-12-02T21:41:24.597943775Z 799 EErVnvqAH9Zotcmsk4jAwZanVeI2rmEJhp5fq4cJPhHVJYLrxyQmeu0P4cnx
2020-12-02T21:41:24.609893320Z 800 xM3TM3xMOtOBiqF42TKaJqMBG0xa29YE1Wem83xyhxu237aE8cQjJG02ou0I
2020-12-02T21:41:24.621869564Z 801 tGAl2G8h2MFIB0LRqvtgWU0otQd0E2zAd7HDfngKyx2oRfJPOykDgeso103E
2020-12-02T21:41:24.632915226Z 802 PPioOqkr1wQXCqDS4oIh54JdVN1x6jj0K51Wvfpd6fxERBi3k4YtYIGyhxuQ
2020-12-02T21:41:24.644740756Z 803 1L1NfyOXjNXIUl31yD9wMZBa9v5Wxgt3BqsWBueZKYz8Q183pjPwNgQUZ3AV
2020-12-02T21:41:24.655756758Z 804 RGcMUXXZ8C1MuVB5wADw4VWBfWhPNdhSBB75VZKrMnMC0clQvQ6xEndEFxir
2020-12-02T21:41:24.666870881Z 805 HJ2i1OFgCmNTfx95iYErctUuaiHj9Qr8lz0qjHp4ipeJ2UtbIWRfQEZOtSJD
2020-12-02T21:41:24.677188483Z 806 hEviqHfYytc5vrt8vNNmn9hEdMdIsOndZsLfCaBda8qUCOwUlEkKem42zo1R
2020-12-02T21:41:24.689001695Z 807 IYGtomF91yDnQjVrLAYprTJODP2tPiQCOtpi3OtKl7pOzNqpUB55L8kgkFud
2020-12-02T21:41:24.700200346Z 808 UQYUe1xkAyGbjWM8BhYqC5ILNJam8Ng8hazc4P6ExzOYhPl9qd0upiL0Xgxw
2020-12-02T21:41:24.711689685Z 809 IjqKkpp3s9VtXKItQ0xbVObKoYGn6WN0toi5MyWaY7ZCnP6Wvfz1B5wc5eUb
2020-12-02T21:41:24.722518925Z 810 AA3iIF5hhSCQXMrO7KUmkPmX26G98VV927TVlox6SHKRWwTpFgXvpeAS4dEl
2020-12-02T21:41:24.733552915Z 811 c6oc6KVkBTJMa4UdXAnGzOCzO6P4pJAtncyndNgk7JngJCWyBDP1QRzU4Ufp
2020-12-02T21:41:24.744734750Z 812 LrpRfw8b8stY7zmGKQz2lknZ5ENXxUglgRpt4WllsW5yxG3uvH9Ti8S9yUDD
2020-12-02T21:41:24.755803907Z 813 7Yr0GHTnMbw457LDzlwImC8MklMeisd6JEl0r8ynRu0fdiUikkiL6toWZP5j
2020-12-02T21:41:24.767148539Z 814 K4ELX4LOhH0yZslDxUbGCmvdHkTz5wiQOU9M8OhN7qZqWvnIQViRGOC3LTuY
2020-12-02T21:41:24.778786529Z 815 TkpV9ah4Xd5PYjOrA4yFnMHnE8PDZYpYAx0Xr2bpRpEXEKTUSKVS2OL2QKN6
2020-12-02T21:41:24.789619719Z 816 cLx8yjjUbCpCNNzCGPsDNftvMlljzglwFiQeMfBhVayArpY6aYGde4qI2sAb
2020-12-02T21:41:24.800727231Z 817 JMRF40NT5DMPagmoGsn5ZJx13A62iNM51Hm5vjSJXHm6Y59KTmLkWbiXUh3n
2020-12-02T21:41:24.811122472Z 818 7zNi0JaJRAipZqWs2rygrSuZN9TxAc0a9DXxdCku0SfQ5V4HSrN0eIokJbz5
2020-12-02T21:41:24.822711080Z 819 kn84x6QboE5DuKioD26X1nL06oJ4alw5OSBsJxDl6TbyvEZA8DsBDUEgcUIp
2020-12-02T21:41:24.833409879Z 820 qWOD4FVBXSf5PL6RyYol9uRgCHkb0bKFXCmeHPmw4E4nTrQ2Me5o2jDjS8h6
2020-12-02T21:41:24.844426397Z 821 SNwhLhgLoM1OYQgsNE4K6DDn4KWPSxBjNvG77kY5F7q2BWAXZQYH8m5gTyAM
2020-12-02T21:41:24.855175410Z 822 Fun9QRmeKXsfVu2honC5VpMZYhxR9Nreohces0c7NooCWaL0zX3OqaCRopWT
2020-12-02T21:41:24.866273805Z 823 6cBsGiPrYDOW9jkm4cVCNVHyH6p10javjuxjw8NZevVAnd0uDx66Q7UQAn8y
2020-12-02T21:41:24.877418134Z 824 I40C5h6ZOhANwENks2TaC6hCF3ZO9MsTqo7m9fkX0PnJjv2TtBtvlfZQV4vC
2020-12-02T21:41:24.887931646Z 825 t1KNwgVMP2hHTd1NvrxgI6YahRgskxLeF9fPReQSuHszGZGZiiP9QLgM7V9X
2020-12-02T21:41:24.899326555Z 826 lrVE692TqBXLcoNLDbNa92yh1V9Psnzp8QWkxuxZ5Kg7SPpeXgLvVMx9R6uT
2020-12-02T21:41:24.910000262Z 827 6egBgt9aewR5JuZwXx0SasmO1Fc4876h7WhcCMQ25DtQapcGj6kejhOSf1zN
2020-12-02T21:41:24.921796789Z 828 ZIgrkzO9AQ22vr8ivpz7XoSIXST8sMCzEf84haNxGRq8OhXHK78acRPPVydP
2020-12-02T21:41:24.932624929Z 829 36D8ToTxXtfpgPQ8af0o0DS8UGYFBfxr9DD8fUdqZtPyqyOejCOYMMkJ0Hai
2020-12-02T21:41:24.944074790Z 830 ejtLdQK9o6cuROr6a0kfpQMLQ4D937NbgKxHyedyxwzM2G5wVioz3e7hIRs0
2020-12-02T21:41:24.955460257Z 831 o0iG1fZPu45kQXXYc9peF9d2CA8dct0WiKZdsPnmQ0m590OCvp4s70nejAYi
2020-12-02T21:41:24.965948362Z 832 amG7eAACB2PXvxf0uvNzxUwsM8XDqiYwk5iTtdFgJnzUboovSbU1mC21t14F
2020-12-02T21:41:24.977552672Z 833 9bp2cYbpDPZbCbsa5YBWIVd09nkM9MvdlIphjMaZg6IoGyVoWNb1gvatgNfA
2020-12-02T21:41:24.988096798Z 834 CS6MHnpNjuK41DLZQDBqcx6cdNYqJ8ZNrg19WGgJ9oX2mA9mPeEozBFieSK9
2020-12-02T21:41:24.999095813Z 835 g9jFo3l9dCMQcfEEWC0ljIyw2gVSy1YBzklkJKlI98plcuoVSt4Al2LYV3BK
2020-12-02T21:41:25.010151454Z 836 Ar7AUXgr5Pqes4avwtj7QgG4yhTtC8N5teF74YF8EvwCQJODL47WhrizUNll
2020-12-02T21:41:25.020993453Z 837 cMJI2OtiHhKQM293CqvtVvFOx90PsWUuUv1UpMboMR4DLF2bL9qCV3MAVrKq
2020-12-02T21:41:25.032365665Z 838 P33KWCdb4wFkCAbfzYB93NoiGuce0bs5V0VxiofyktMRuU5JYgMxmJFzHqHJ
2020-12-02T21:41:25.043830730Z 839 tX01nhbT3zYl8CK5Me4dRnrGCkEnQ1AhtpjECxQUkVyTnYCQjSMAy4x8H4aS
2020-12-02T21:41:25.055643800Z 840 olVb7LWDBPYE7QKvVNGycrBOdhbriT8l8uQShv9oSQEszqBvjKtG0tnfN3DX
2020-12-02T21:41:25.066919730Z 841 VeHRRWRLAa0domTLUSsDoZeKTG2m0BSAbggXTWVoTw6iujzvUlWaXvtu5PXQ
2020-12-02T21:41:25.078887004Z 842 01xD1ozOz54zGUbzOgDpIW7r2ukOiZewaoaC2F05Miup9Uw2M9FwEbkVUxPh
2020-12-02T21:41:25.090702894Z 843 2ulzOhBPWdAwYwI9bnW0FSQA56o1SvG5Z5tJGJzb1mFh4xlEhlrlwwAeigmZ
2020-12-02T21:41:25.102153688Z 844 QNP0a52UepmgG0e4TgXx23oCqgxX5xCTEoiOF95dWInVrczx8wYEMCLwUz7T
2020-12-02T21:41:25.114018950Z 845 KwXIcsyccW6dyReZvRyab7J2hIhaH1WZ9k9e0CTQLb6vpONro9cEnQEcrfrl
2020-12-02T21:41:25.125962069Z 846 XS9izIWSQzLC6ZwpV6v3dOCStzV4hVAdXo7cxxT67NsAGiPWSv3F4d0f1GMQ
2020-12-02T21:41:25.137872382Z 847 hpgJiwVgrhD7cuXDc4jgPzQ3WcWbhGGUq6zpFYI0Yqmk7Q16HUZt9bMF67rw
2020-12-02T21:41:25.149152116Z 848 wyZmTMIc58F4jxKnRPcNlx6Rt9Nhn0KH3IiJ5xDsMOOC3FfGddsFhWRe8ZnB
2020-12-02T21:41:25.160796328Z 849 ZXYX8KnqNiKgGRUfnq65qXNGNcFGi9NCCEkyNtCLmgmTqJJBnp1oW8yiELnD
2020-12-02T21:41:25.172502700Z 850 EoQNDCoWLVsZs16CXQXRJiNXE9BtHl8jdTz32EMguTzEACEPsbixSIIx92Di
2020-12-02T21:41:25.183212404Z 851 4lX6J8NgM1ZkavnK3mjBt8Ln5UYjYNfUN3N6s08mDoN8yubfNTxSSapPB9Bl
2020-12-02T21:41:25.194496217Z 852 1VDJZV6Hca2zArSGrdSQDMvcwirC0QGptbAWQc15sG9AaQgpVyDKJryUeR5S
2020-12-02T21:41:25.205913664Z 853 AUDAABB73DwYk4QW2joL2UYxP1SHfViU8g7XpURoXVgqrAaka4I1XBMWOcqS
2020-12-02T21:41:25.217106798Z 854 SviPGyPU5mFBOSFZIV7xytwKoAlIVbmVWXXHxnBIkNEJDLmDiKaoMunzqDXI
2020-12-02T21:41:25.228348977Z 855 olfu8ClVgsFO8FSvOXRCp7sMEZdRXLRtLYSbV8sMyB6XbPixev2duTk0OTfc
2020-12-02T21:41:25.239440703Z 856 VS18sqH3POPTGFUIM2NPkMOgoknBszaEWH9Ha4ZHVOz4kOO3R0loNqaVTPfr
2020-12-02T21:41:25.250232462Z 857 VhXTV3GoPfIxI7G8EY14yPRxKwfPEbXgmVhyHLYEEixm7JNz4sHpvYNjvxbR
2020-12-02T21:41:25.262213300Z 858 kWteK8nITKBEOdkMxeCKdR9Tew0XKXHdUFDwtYpUCMG7hsmnXHZKBHoCJORq
2020-12-02T21:41:25.273213419Z 859 QcYkBQGwFHe7zGGVkCcgDfLOKxDSAgFadGwdz3Qacpsfp5qm81W5ryjObXPo
2020-12-02T21:41:25.284298100Z 860 8Emr9yOkRRoK9AuhXez77HgZiCzJXXVrUBOyNHQ0i2IUcE6jTvZV79b6VOwL
2020-12-02T21:41:25.295075072Z 861 nXpDD5VPnhs7mhSxLdMOs3dfuDHStdGeXHhZ5N54NK9ygX60dmCyS0tdv1tD
2020-12-02T21:41:25.306722802Z 862 eO5WK854ZlidwekoGYSYiyzYPW6CuQL8zyamz5pDi7ePMLHxn6qOG70VpP9C
2020-12-02T21:41:25.318659811Z 863 UUzgO8O9lms95ek6wePmi4D544Kd6gTQVS9wmcEJC8OD1uBF0irTjY0emvBA
2020-12-02T21:41:25.330889150Z 864 NqVUA3O6SrDZ7FVB9qf7Tiwfxxwgaj99JyCEbXBNfPUNXS8hfp4mlzUBPrDf
2020-12-02T21:41:25.342907146Z 865 v8Res0466nG40AyUA9OYhfspiomk3DMdzSmYNUbbMcEt3Lnj8TyfEyTySYtC
2020-12-02T21:41:25.354642746Z 866 epSMQUKRWDf2Ssrb4MRkaYJAotL8lJEYRH0eb99uQZMm6Q0KTMpemJRN55vK
2020-12-02T21:41:25.365331048Z 867 hipatVp9UlKM2NAn0eKRZ3PWsPmRkU6XZn0IVStFDqovsmZYydSpJNPhJ86C
2020-12-02T21:41:25.376895011Z 868 SDhRZxB63xcKBrN7oF7nXwfBIlWOGkwbUg5eVefHp2rp1DhVRIYB7TBDCULe
2020-12-02T21:41:25.388726262Z 869 UZ9qSUbcVxXPCsPMuuAKkXtrzrue18s6IOjDprEwP44l1po18PhaegBMV2DJ
2020-12-02T21:41:25.399654577Z 870 z3LSXeX3YTaxa2ku0aOnYHJiCwzlIXX3bWpihRvKFEfHqAIjR5JnG65dpDst
2020-12-02T21:41:25.410897908Z 871 DRruJnB4dEDj2L5HNBeStPbxwXh1oDdx6Eve8ulK927wos91wI80V1z8xb4L
2020-12-02T21:41:25.421457581Z 872 iEwcke4aRe8maD4I3bBPxAFcGJdu2hO8hek2wujWyBPC9wa3j7QDKypqaw6Q
2020-12-02T21:41:25.432858370Z 873 gYOxqXsw1yjGvZVHpj9kjSyI9gWE73XLQ6q1kSKpOLPJgkpqMBzPVCUt7xZL
2020-12-02T21:41:25.444513259Z 874 SItbOBAe0Wmvamnd2XFtqZKXuhBXEFdr1p6MM8cUsUzfD0tpwDA2XTuXqrCs
2020-12-02T21:41:25.455269086Z 875 jHKuAFcK5KI1ozaHf0fke85jd4YEr3SPWYnyVKOtXP3sV5Rv8Y7ZIOvdrVtX
2020-12-02T21:41:25.467001939Z 876 rMrkHygcRIDwc89p7kvCvaXzVvL1ZdZapUExJjtrdStARxzTd9L9nXnReTaI
2020-12-02T21:41:25.478894542Z 877 kIOs4qVFYe6lsdYmPsiHsF5qo6VfNbwOLbeFwyqx6ss5Z7hoEBkcpwc1qDjj
2020-12-02T21:41:25.489495070Z 878 pC7ycYbGyZKYhTDGtfOCkAL6uVPY2wsjukHKrUdCdLs29NkPY2Eln0KRAPSx
2020-12-02T21:41:25.500868065Z 879 bjzx35RvpD1QaAEiXyiEQl2Dto7plObSyYULX5FKrp3ButZruH3uJ9fJ3yDM
2020-12-02T21:41:25.512309100Z 880 w24FtsC5uBICxAypmnM6nssfoZgKuLxfzKGCRKQWMi4SChUU3kMr6Sng2DXn
2020-12-02T21:41:25.523836362Z 881 I2NituRRNPTbZGzhHgj6KrPN7GxDioBWEo0Ja9nTGZaSy3l9tzWPJipiKCls
2020-12-02T21:41:25.535917272Z 882 anL84Ox40bkE3GDnBWSM5IxqolW1XRU5Xkt4EB6k8UuI9u9Zs5t8PHPbVEjk
2020-12-02T21:41:25.547906153Z 883 ty0bJ4uNMZz3sKv1sRRP0xIpK5b6ZM2qDhULSr5ohUSoI79z817eZc6tD1yU
2020-12-02T21:41:25.558456348Z 884 PWt4sSZuiasbGJcyyHEuADNkH6fdz44p6pKpkVPpSMbU5EQF1MWaichHSk2k
2020-12-02T21:41:25.569815912Z 885 hsOY6THtn5en6ZlX2E9Xb1ljsXDlZY3oYzs5okBY5285RM9DC025HCFI0LaZ
2020-12-02T21:41:25.581720009Z 886 szhlwxbygqff7bHkMhZ8TVeWc3fCj6O9xXCsiEFAPN4ky4cM7UDPT8aEChlm
2020-12-02T21:41:25.592916337Z 887 QKgrjnCoXX8rjXJgpzoKOmVJy23cXatCOeEU4XtdNqGGMh8vA1U6ZJoSiV2Y
2020-12-02T21:41:25.604153635Z 888 eGziAC8iY8hIeqfUiEPHA0o5LeUz9J0Nrwtsuep8YI4aYSLbSKyfLGdeuXTu
2020-12-02T21:41:25.615191382Z 889 9lFz4O0XdquHF20j7ZEYbZOJohYLUzIepix44OVoXCfRxya5yYO8YQPnNCKA
2020-12-02T21:41:25.625976130Z 890 OqtS3wj4okBp16GGy25XpmxDNYpibk11s430aWKL3SpduBRNSqGkCU4OqoWk
2020-12-02T21:41:25.637232192Z 891 ED4nZRWs88VzCQNnzefhZTMFGEC5AEkWSbxPWD0kB2EdvRAxuFYVAiwlpgB2
2020-12-02T21:41:25.648118001Z 892 TvUcdmm3CK3jcNCLefcbo6kWP3BNwTAtJ4uiKZsBiCbFDztih95icbwNalIO
2020-12-02T21:41:25.659617140Z 893 cDIMw2R8Ox3W8NE8avAJo7hHEjBV5JWtg6nDMHIKiK8yHvgnBd8FqaGmdNeV
2020-12-02T21:41:25.670600395Z 894 CJFgT1qYiObocYPu11uoUIZFTHwgIPXq4oNfFwGyf6GHZEYsm0Lpec4p4OTg
2020-12-02T21:41:25.681230063Z 895 nRnTkty17Tm2YwPySQ5B5VomOw782AVmn6vmmezfsrKol5j07kGJ4ZQv0zCi
2020-12-02T21:41:25.692419847Z 896 h1cJyIfecbh1fbS3xGKtFUJ3X3ct80SpyllsjIm80Qwm8U6YyZCiLTeZS9m5
2020-12-02T21:41:25.704006747Z 897 2e0n6LJOZsPj9Cr8iw7379eodhh5ZALCPDjzBozvSHX0uqzQ7N2QM9voJtPw
2020-12-02T21:41:25.715423843Z 898 xJwvYgKcleFdDhU6gUsA27ossj0luSmdEzkwolbwzs85vnlYKyZDWz4pBRCO
2020-12-02T21:41:25.726431239Z 899 TWyBvpIyA9NPt79UZFcTt4Oe1maZ1Z1AnOamSp4MyjiqBakdq0kAn53rPrEq
2020-12-02T21:41:25.737450403Z 900 kqoO89KIqySWKzJN6xkrn4FnlY8XZc26uVawDTCMLgrFneDm63iamgTkGGyX
2020-12-02T21:41:25.748579758Z 901 aFpKR3HMt3R237DsR6n58hxwr2ZFQPbBBSrYYAW9ukL0SvAxp4aMoVb8r8Ka
2020-12-02T21:41:25.759587840Z 902 RTXPDj3Or3rzdl1ARd9WEaJFEwD7kGLmGg17FxwtAhIaW6bMLioDOTtyMqXo
2020-12-02T21:41:25.770365661Z 903 le3V1d9BFBjEv1IPGXX7vN1EdiM93UUbLkitJYqXw7Ljhs2JIc9sMqWxVoCY
2020-12-02T21:41:25.781201921Z 904 GqmAUowe7sCuhwjH5BdpTmS8sLNb0NZjqD9kJUtJAbzSjCKkId9fsqRCftCl
2020-12-02T21:41:25.792285506Z 905 l0yLkvchW2nh5dQrea3TBrpWxDk0cJen2wbPWYTdXMd8joaMMuPIa0YxrwqW
2020-12-02T21:41:25.803432398Z 906 2r0o28xXdBg62LhUWGbzoJytJo2X43mhANV6mUrzCXZIFSuttc4c2losRq9G
2020-12-02T21:41:25.814711082Z 907 vwDwZp2WfGny5OK6brtEbpDEC5M7KfbGryZa1ZM9IuHq5ofYaBqjsATXWUIZ
2020-12-02T21:41:25.825144665Z 908 EA3kFupXmq9ZEOLlPc55BwOJy3Tk5Z3hv9lnTAJ7Zlw52qK0VfeIM9SQfO4M
2020-12-02T21:41:25.836899433Z 909 eH5UrTGYT7hmCxNQ1Kav9vJSzbEb5N0b58HLNREjSWEsITsCPPQz7EJsElDB
2020-12-02T21:41:25.848394926Z 910 9m5UQL6NUm2iSqVhjkE0RzArUCthuUDy6Wz4kWNtVi47ya0EpRthCqsh5Din
2020-12-02T21:41:25.860100540Z 911 nGSILoC00xfPE2pZrbynl8RdalSqfn86eH3ZBfTxiTlUHV5Eaybc5EwNLHr6
2020-12-02T21:41:25.871953468Z 912 d9Kzz3sA6whXgjJN0Gdw5fYMNfxLWfn0AslAqEMlgLEBK2oOCCd5bpENw2KL
2020-12-02T21:41:25.883771917Z 913 h50fX55wPKGNUNPrJCcv0lTKEFD8ZkO627gr3LhCPtLqX7Z7w0vzFn2gaP9O
2020-12-02T21:41:25.895620178Z 914 S6UPf7UzRmpHoaxE1ThbxBTWCkGdd833JVioc75InImfYiRcSUKcyWIKROrb
2020-12-02T21:41:25.907317627Z 915 rX6ZnPnlt6Bwvoa0kCEiiEobiuDMJwsdtITiRL9nYKajyZIMqbArU2TbliWz
2020-12-02T21:41:25.918913171Z 916 rUVHA6eW79OQBHaOmm16zp6YKDUE3TzipTGa1jCiZr4wvSoAaKd9Vg54MUyT
2020-12-02T21:41:25.930698178Z 917 zpCOk84rCnkkEewMtDrJVolJr8hnkm2JHQWxUqdQio0tc6jGuDtMVgApq9dz
2020-12-02T21:41:25.941765544Z 918 OoGWlviOKsOksAUzH1tarooM7J2NouLbJtW3u9Rw7pZok3f7Kwf2h21PGlpe
2020-12-02T21:41:25.952739254Z 919 BT08xSvT9ipUEggwYWKxbUTYoncJErIe3zDwPRFFnEZ9XcPYKyLrnSFd9FbM
2020-12-02T21:41:25.964279526Z 920 2TSe7c65ZkPjFu6uXRvScNcqz2D0sgsIq3QUt5PGvCwLufJi4vBS5kVGjVNG
2020-12-02T21:41:25.975777222Z 921 0Qw0FCfij8ZM3yGXnIeKsZN0jtVkCSVlrRSNMdkpsGWjKiHxYKLvAzuMBrCq
2020-12-02T21:41:25.987616019Z 922 mdshrsj7qmV6gX9gvxyYJdD218iqdDyoEg3GIYUnRsjA8Ua9bMdmiIUy8l34
2020-12-02T21:41:25.998542564Z 923 x1S65qvSl1J6sOvBUkHPiwDVfVLb9oq8rsNpB1xGd2lGqATDUUgS9AxXWNwA
2020-12-02T21:41:26.009856010Z 924 MLpJS4PPbfsPOOYM8znZhe7EO3cBmfFQAOif69v48xn30iy9C7Pa1sgqwesY
2020-12-02T21:41:26.020362459Z 925 EDnRpwFjouQMJNDT9ocf8xETL6t2akyB0T9vZDbCMNHu4vmLKHrFpSvTn3Gj
2020-12-02T21:41:26.031062623Z 926 qvxHonPi0ARHEXDINz4LqhGTHv2sjwcNUPhhpUJDjkHma9D7ToFSSCk9ikxL
2020-12-02T21:41:26.042607760Z 927 UB8YABTEx6EmJtW9TluiFmpVI067WtxfJH216X8mb0sQakCuzGvC3qozxsbq
2020-12-02T21:41:26.053636657Z 928 y8sMjfBybMZt7BSpsoqFGMvxKhwzgEk8eCwoQ9zl7gWDuQQ1FxSlJDKs8fc6
2020-12-02T21:41:26.064792597Z 929 Xsdy829DsVc1YGxlL4Z3n4BJiTzpWC7sInidGoYJghL93rrdbN1G0hxzocdh
2020-12-02T21:41:26.075711212Z 930 hM5mOhvxwerTRfmXAbO1wX3TJ1mwUSTyNyFVSKHx6EOPp5T2sxahwpTXBLU2
2020-12-02T21:41:26.086126634Z 931 J4XW0NI85hOwkxEqvu6L6o1JkWMMcHEMnP5j3AMUEUWLU1CEI9Rpts4TK4KJ
2020-12-02T21:41:26.097454895Z 932 fBxowP345BTRWeW68hqKLYAaBK8VywLZFKtTFxqv9r8FS6uuHdx6ZrPYQQPD
2020-12-02T21:41:26.108157643Z 933 fiWU76ubE1UrvdIitf2Kwr5z4KaQKQcB4PWL6Pp5E8YIlmOu9Sn3DUOoqcRl
2020-12-02T21:41:26.119053590Z 934 PcWjlkzTKQSrSavWXg5SFTJTHPI4Hp49TAyGICLw5t16iGuIdjmMtExlYNWK
2020-12-02T21:41:26.130334882Z 935 XOQ8di1EutXXvG3ahrCmBuMZwA8tHMxdz0JGM0sMeS7ZLrRfZ5EFegywl7rO
2020-12-02T21:41:26.141210233Z 936 rCP4ZvTYXomJleLgt0tCPQV20hsEZAWVQwrpR2ZnJ85DiifW4uOAIc3GT6eL
2020-12-02T21:41:26.153206971Z 937 MCohDAvtUaMLBpXv8lFj2CnLYZutAp4iqGZamcbVNHvE3d3TdvmZa9bw2XHy
2020-12-02T21:41:26.164408912Z 938 hHfCFIIAsH5J7j5XEbj6HjWxMt3mEXVBAqjEHIRWo2xLc9VxVwTzG6K7yRyp
2020-12-02T21:41:26.175891121Z 939 PPd3bObyTZNdelwJMFYzvjIADTDvkcoVd6TWTtYeG7DWEvVlNgAgvDXwVX3T
2020-12-02T21:41:26.187672892Z 940 hiJrRBdJwlDkSCwSrZV3OxOYWe1YqROMNRMmNNZnWGL0e7AuUPjQsbg9rEQn
2020-12-02T21:41:26.199142422Z 941 IHkCiaWwU3ONl1bSVXwlpx8lUUKBdv4XdienVxiFmAYe0cse2MmwqLKHTped
2020-12-02T21:41:26.211070003Z 942 90NBHu6psEgDmoQSOhNrkcRLGWklCcmSSunHTkMHoPEO7cbppLLHFW6XK5P7
2020-12-02T21:41:26.222152975Z 943 clHbJJggYj5KXkq2BuO7SZow7XJZ7cdWbRjXt8TOtrxKUl7lRqY1vqJyCxNM
2020-12-02T21:41:26.233345381Z 944 NMnz0n7IL3vGtKGj2jVuZM8xg1eBkpQToQzt7urjrF6mxB5dtmyqHcbFs22R
2020-12-02T21:41:26.244771224Z 945 tq2T9aHLrnp506DuJAFGvKhvymTZJAuBpKg8jZSgaAq58IloMGtackXG51lj
2020-12-02T21:41:26.255406330Z 946 nCquTicB7yzjoSz4DtnwPxG3Icj2LuxH3rzmJFcUUjPRmBd67U6vTjIirboK
2020-12-02T21:41:26.266258674Z 947 toJbuNh4hgD8uyv4OHxD8f8gVCdf2FcoZkMI5buHfI1i6Gw6EjSIRpt16qpi
2020-12-02T21:41:26.277536810Z 948 2oiv7MF8G0t22b1pPsUXfPcpoElmTkLyXbuFlGphEXZzl68KBQYm1JR7hxKQ
2020-12-02T21:41:26.288393573Z 949 ELxVrtD0pCf9DcAhixTjqog5scdmRAuRdk9em5X5O3JkGg9zRcKPsEKiADBf
2020-12-02T21:41:26.299633809Z 950 2e5mELy3HeqKfqi1G3YE0CudPNbQghz5TdI0GXAgLku8PPnEqGMjEJUNyZYd
2020-12-02T21:41:26.310424258Z 951 agU6tyJeyrvWxwUlxuSJvYJpXbaKseW0CW5B0tkA4E4H5TTdpD5uVeWuDj45
2020-12-02T21:41:26.321277215Z 952 UFzlZtW2Soy9Mxk9WrfOcZLMBRpFvdBIDGAS0YLNiF4zUisMfzddnw9QfX3v
2020-12-02T21:41:26.332163585Z 953 KNfoLrIoMBom2ysLYeRTXxrEMTtMD2iEL7a2Fu1uvSNTXckzlIjJeH0Zh2ki
2020-12-02T21:41:26.344036002Z 954 auX9sPmVZp3201Kv6OoOeDyGXkGPiLzdznKXwSLo58xQbphRuSHzHFl3NJSe
2020-12-02T21:41:26.355168782Z 955 ByPUr697WkIzAxnMYsHscQkPrz6dpcLqKzmcxN6IMFjx6xuErV6OcD2GZ2X6
2020-12-02T21:41:26.366042216Z 956 ocHYpO5YLNaPyTm7ayp0jvhjyEJSONngAxeVrtimujiGrZUea0GG6POm1J3d
2020-12-02T21:41:26.377399151Z 957 xiV8FRNcAgyheAJ5NpInMQacO52zHkNZxaQ5UtViJUvqkS1nsNAxpHXdI57K
2020-12-02T21:41:26.389001240Z 958 I5auXb9k19R1ILwciVNAEujftjk04zeu55eYt9UOL1Uo4pgNzJ2KPu1U6GVt
2020-12-02T21:41:26.400958581Z 959 VgkZV0p39ChNTjCSv8TAtH81iECaYEYI5T3pQ5Hay8GosRHGqA1wNrmtcAfP
2020-12-02T21:41:26.412438975Z 960 tv38tkwY4zFK4Oxwrfd01GQ7x9EdBJKpOJmjktK1hqGRF2IWozol3IWoVHCI
2020-12-02T21:41:26.423264002Z 961 KiU66Uhp9aLnITx5THrRB8yLd19DCPnhNTupsOMQ7RanXtjvYiM2VhhSdipw
2020-12-02T21:41:26.434812910Z 962 clVDPFROvURYMT6acquny5FN70REtLXNSadNybVhBCC3jQRgs5m5a0Mbrvs7
2020-12-02T21:41:26.446492205Z 963 2sxQx89VlaANlxOO9ak8MzXtIBVu6nloOh4pSmsrZtPlxBhflUmZ950wAyXU
2020-12-02T21:41:26.457165383Z 964 fZL2s7LmblCvJBcQnNJKdjRW4oudrQEcli7nptCtWQ7pecuZfHCyE8p8K9r8
2020-12-02T21:41:26.468251943Z 965 EDRNf97dyeOdZCgrqx5L85N51qG2intRBvlG6D9J71Dxq5CfQGMNgWYdMOi5
2020-12-02T21:41:26.479547305Z 966 7dDlCOya8YUe7qL2f0xgorSRIArA3ix1VZ2zLMiz9EiwoYFSaDn1HJrX1tUO
2020-12-02T21:41:26.490885445Z 967 l5cvxLaaW1iVctYvx70WzOHd5sHV6fbIbuiYT6Aogyh4BblEyNnSiI2kW8uv
2020-12-02T21:41:26.502503152Z 968 XXmjJgmiSg97bEeJtz2HinqdbeGQfZWfMQL1bkcJJnYNZpqcqX7pUGHLIO3Q
2020-12-02T21:41:26.513101733Z 969 M9SHcd4ydUm2GW5ZyKTjCo4WEsKyvZRKyZn0qnhs8qlp4Iqvv1PiXUoZ5jyj
2020-12-02T21:41:26.524239128Z 970 8Up0fw18vPuaC7QyWAjOkjYMpDVlHIx4oUulK58qp3Y0w9ePumJ3HSfMRbZ7
2020-12-02T21:41:26.535261400Z 971 9mBhOMk5jLEEPzOskPy1FJKIxQ0oXHz1Mj1gCQcm2z6LiC6zvM32x5TCNrtO
2020-12-02T21:41:26.546616313Z 972 gzbQlCxmSdvQdIV6uTPy6ZSsXtUYYvhgCXwjEtsIspdKJLYa76zoRAfmXQrq
2020-12-02T21:41:26.557396750Z 973 nexG4D7rRZ8VMhdGcH9WasngEC4rYUTpAoqS97FSP3FszvheDl5ZPxXFTIh1
2020-12-02T21:41:26.568847475Z 974 98x9VXBjzwwaKm5YftYb5ycJA53rnNxgIvyFFESyNu0o2kiyQANeKuXruxVH
2020-12-02T21:41:26.580620511Z 975 s1Bzafole3gScPeh2CYinhN4LCKWxPYZHSGTEoQlhIPZWESKUEIzABu11UDU
2020-12-02T21:41:26.591241984Z 976 kRSnc2slRmRlhLkL6lmJfwqdKD0iqatnyyZfHixR5rfp7P0UaNHHb7K6ZMxe
2020-12-02T21:41:26.602429856Z 977 QRxbjY3ZqIN9MRKGKaejSyAyAi4NwhexS2ZIhsiom8adUI7G0eGz0mq104ho
2020-12-02T21:41:26.613453580Z 978 pMsZiuNsgJpKX7j77OzeOvUtCFvXaZq30qkqGTgjf2tVxHEyG11fcmK3bKPN
2020-12-02T21:41:26.624007274Z 979 BHldWLAzDlyskCFs9KV4LWY5EFSWH4pRzQaP957V9jloBcJHpiUcgFs8lHqS
2020-12-02T21:41:26.635411528Z 980 1UqOCe3xU7425TxcPGWkTnX6W4bxLekkiLXTxNrk0X8Dh7JdyeaLvq5rMRKD
2020-12-02T21:41:26.646094901Z 981 8A7PXLnAONVCfXnC53zD5s5xQPEeEHwZ2J91MkoHtlXhX1t1buEcDxGphwVe
2020-12-02T21:41:26.658222830Z 982 FlhNBbmphmwnFvMHLpnGvcpVHF7rZyoC6cUAPEElb1FU45lSFwW95zH3Qxwq
2020-12-02T21:41:26.670068692Z 983 MfzNG9FUoR8cc3gBXUF0iGlxNBgEgjpwLQAcglzl11lUeU5q9s1qj2nKSkel
2020-12-02T21:41:26.681056484Z 984 IifUQ4j1rSzTDc97OBETOqiB026B6YLeux1GJFAKj1EUlLOXD0iuWg3CP8s2
2020-12-02T21:41:26.693799342Z 985 2fFFUKlPk5bttQ2xp3sCP2Lr2JGrabOqN1RqfuSP79XD5elgpb4Exszufshg
2020-12-02T21:41:26.704411939Z 986 xcAdunSeWMzCTKJ4WNIpTE8Cvovdb6G9Hyz4foW7k2bzaO6rHHyAMddUAGpK
2020-12-02T21:41:26.715040824Z 987 lmXEOCOqUKQUzOLNgRGrjHGrItJqDOb8hrxHBvNFKWmizAEiYEAeMdgzaWsS
2020-12-02T21:41:26.727021008Z 988 rX8THQm8m5Cpe9AaiHSDKxjLoEqVYvZni7NF1VIOwNevXKBA9CZDArx7DjZZ
2020-12-02T21:41:26.739145011Z 989 vreA4zCuZW4SU4PVFaKCN8dMkOeXKVTKfDx2yVFpFcOpAIKh1hZD8igEOnxP
2020-12-02T21:41:26.750219984Z 990 6xcTohJgDQh2rCcub5FVyCI5MkIRyRpRR2vTpxeXYkkkYTxbdM7T4ehZ70sk
2020-12-02T21:41:26.761279889Z 991 lQOcV0U4GaNXFfcGxvDb1aldjhtp5DCJC5HyCmt7ZyRIZhgM7JLREIwMz4Yj
2020-12-02T21:41:26.772533579Z 992 z1FD6RJwjt86xdIMwjvNgKltmEpcaFAhlUYVmejhJQyyn9olWkBNtOzUet2b
2020-12-02T21:41:26.783113738Z 993 DosChY5OAcY2GRlFqfHNbqpBPaJyoLSoxppP8m7P9TeIDUiwcovQgMzKpZGq
2020-12-02T21:41:26.795049576Z 994 mhzfeKYfiN4ALuv1pFxZrZl3iUOO9eAG2rT6oHX5O2RDomT7E2LSC5bBE4I3
2020-12-02T21:41:26.806275991Z 995 StAhIh2k1jeZdLIZ6CygBmDx7GrLLXyJoA42hLBflR20hCy4HVvZ5goMWPsQ
2020-12-02T21:41:26.817948565Z 996 wih8csyyBjUlxpg2caVAIsYU2K3cDABO2yELqNw4BvTRFXXeJ3xqrOqjhMJQ
2020-12-02T21:41:26.829490194Z 997 GD23kkGvD6PxEvIJ5VYz5R3113LxJPQTbcHyU4gA6o88qQhpekSrDmyj8TOi
2020-12-02T21:41:26.841008867Z 998 Hs8fAWkHdXbZDxHDo53MrOxc8MFGiwjTSuGl1nQBEIY9iPFXKNlwkUafIc9y
2020-12-02T21:41:26.852703904Z 999 zuMwqTWNlbb4txvvpqecpfuO5h5q3or1h2LswYjZ9Kx5HUYfIoUf0KDM3kpb
