2021-02-24T17:59:39.514273698Z  running: (['/opt/scylladb/scripts/scylla_dev_mode_setup', '--developer-mode', '1'],)
2021-02-24T17:59:39.989186505Z  running: (['/opt/scylladb/scripts/scylla_io_setup'],)
2021-02-24T17:59:40.387717216Z  2021-02-24 17:59:40,387 CRIT Supervisor is running as root.  Privileges were not dropped because no user is specified in the config file.  If you intend to run as root, you can set user=root in the config file to avoid this message.
2021-02-24T17:59:40.387981792Z  2021-02-24 17:59:40,387 INFO Included extra file "/etc/supervisord.conf.d/node-exporter.conf" during parsing
2021-02-24T17:59:40.388263790Z  2021-02-24 17:59:40,387 INFO Included extra file "/etc/supervisord.conf.d/rsyslog.conf" during parsing
2021-02-24T17:59:40.388548464Z  2021-02-24 17:59:40,388 INFO Included extra file "/etc/supervisord.conf.d/scylla-housekeeping.conf" during parsing
2021-02-24T17:59:40.388825342Z  2021-02-24 17:59:40,388 INFO Included extra file "/etc/supervisord.conf.d/scylla-jmx.conf" during parsing
2021-02-24T17:59:40.389104779Z  2021-02-24 17:59:40,388 INFO Included extra file "/etc/supervisord.conf.d/scylla-server.conf" during parsing
2021-02-24T17:59:40.389311351Z  2021-02-24 17:59:40,389 INFO Included extra file "/etc/supervisord.conf.d/sshd-server.conf" during parsing
2021-02-24T17:59:40.425578490Z  2021-02-24 17:59:40,425 INFO RPC interface 'supervisor' initialized
2021-02-24T17:59:40.426005718Z  2021-02-24 17:59:40,425 CRIT Server 'inet_http_server' running without any HTTP authentication checking
2021-02-24T17:59:40.426493125Z  2021-02-24 17:59:40,426 INFO supervisord started with pid 26
2021-02-24T17:59:41.432155244Z  2021-02-24 17:59:41,431 INFO spawned: 'scylla' with pid 29
2021-02-24T17:59:41.436838238Z  2021-02-24 17:59:41,436 INFO spawned: 'scylla-housekeeping' with pid 30
2021-02-24T17:59:41.440888152Z  2021-02-24 17:59:41,440 INFO spawned: 'sshd' with pid 31
2021-02-24T17:59:41.444569253Z  2021-02-24 17:59:41,444 INFO spawned: 'scylla-jmx' with pid 32
2021-02-24T17:59:41.447940339Z  2021-02-24 17:59:41,447 INFO spawned: 'rsyslog' with pid 33
2021-02-24T17:59:41.450691313Z  2021-02-24 17:59:41,450 INFO spawned: 'node-exporter' with pid 34
2021-02-24T17:59:41.469022453Z  Generating public/private ed25519 key pair.
2021-02-24T17:59:41.469054602Z  Your identification has been saved in /etc/ssh/ssh_host_ed25519_key.
2021-02-24T17:59:41.469065525Z  Your public key has been saved in /etc/ssh/ssh_host_ed25519_key.pub.
2021-02-24T17:59:41.469075214Z  The key fingerprint is:
2021-02-24T17:59:41.469084276Z  SHA256:3gyBPklSeWL+58DLwhPaA6LbJZrXVymQ43nt5tWDewI root@2f48e33d5ad7
2021-02-24T17:59:41.469093568Z  The key's randomart image is:
2021-02-24T17:59:41.469102763Z  +--[ED25519 256]--+
2021-02-24T17:59:41.469112001Z  |      ..         |
2021-02-24T17:59:41.469121270Z  |     .+..        |
2021-02-24T17:59:41.469130512Z  |    .+oo.        |
2021-02-24T17:59:41.469139543Z  |    ++.. .       |
2021-02-24T17:59:41.469148606Z  |   . +++S.       |
2021-02-24T17:59:41.469170320Z  |  . + +oE+.o     |
2021-02-24T17:59:41.469180896Z  | ..o.* *.*= o    |
2021-02-24T17:59:41.469190299Z  |.+.oo B =.o...   |
2021-02-24T17:59:41.469199544Z  |+o.  . *. .o     |
2021-02-24T17:59:41.469208873Z  +----[SHA256]-----+
2021-02-24T17:59:41.472993350Z  time="2021-02-24T17:59:41Z" level=info msg="Starting node_exporter (version=0.17.0, branch=HEAD, revision=f6f6194a436b9a63d0439abc585c76b19a206b21)" source="node_exporter.go:82"
2021-02-24T17:59:41.473020184Z  time="2021-02-24T17:59:41Z" level=info msg="Build context (go=go1.11.2, user=root@322511e06ced, date=20181130-15:51:33)" source="node_exporter.go:83"
2021-02-24T17:59:41.473032044Z  time="2021-02-24T17:59:41Z" level=info msg="Enabled collectors:" source="node_exporter.go:90"
2021-02-24T17:59:41.473042341Z  time="2021-02-24T17:59:41Z" level=info msg=" - arp" source="node_exporter.go:97"
2021-02-24T17:59:41.473054114Z  time="2021-02-24T17:59:41Z" level=info msg=" - bcache" source="node_exporter.go:97"
2021-02-24T17:59:41.473064074Z  time="2021-02-24T17:59:41Z" level=info msg=" - bonding" source="node_exporter.go:97"
2021-02-24T17:59:41.473073846Z  time="2021-02-24T17:59:41Z" level=info msg=" - conntrack" source="node_exporter.go:97"
2021-02-24T17:59:41.473083420Z  time="2021-02-24T17:59:41Z" level=info msg=" - cpu" source="node_exporter.go:97"
2021-02-24T17:59:41.473093200Z  time="2021-02-24T17:59:41Z" level=info msg=" - diskstats" source="node_exporter.go:97"
2021-02-24T17:59:41.473103077Z  time="2021-02-24T17:59:41Z" level=info msg=" - edac" source="node_exporter.go:97"
2021-02-24T17:59:41.473112740Z  time="2021-02-24T17:59:41Z" level=info msg=" - entropy" source="node_exporter.go:97"
2021-02-24T17:59:41.473122365Z  time="2021-02-24T17:59:41Z" level=info msg=" - filefd" source="node_exporter.go:97"
2021-02-24T17:59:41.473131967Z  time="2021-02-24T17:59:41Z" level=info msg=" - filesystem" source="node_exporter.go:97"
2021-02-24T17:59:41.473141814Z  time="2021-02-24T17:59:41Z" level=info msg=" - hwmon" source="node_exporter.go:97"
2021-02-24T17:59:41.473151528Z  time="2021-02-24T17:59:41Z" level=info msg=" - infiniband" source="node_exporter.go:97"
2021-02-24T17:59:41.473161093Z  time="2021-02-24T17:59:41Z" level=info msg=" - interrupts" source="node_exporter.go:97"
2021-02-24T17:59:41.473171006Z  time="2021-02-24T17:59:41Z" level=info msg=" - ipvs" source="node_exporter.go:97"
2021-02-24T17:59:41.473180624Z  time="2021-02-24T17:59:41Z" level=info msg=" - loadavg" source="node_exporter.go:97"
2021-02-24T17:59:41.473190443Z  time="2021-02-24T17:59:41Z" level=info msg=" - mdadm" source="node_exporter.go:97"
2021-02-24T17:59:41.473200308Z  time="2021-02-24T17:59:41Z" level=info msg=" - meminfo" source="node_exporter.go:97"
2021-02-24T17:59:41.473210084Z  time="2021-02-24T17:59:41Z" level=info msg=" - netclass" source="node_exporter.go:97"
2021-02-24T17:59:41.473219813Z  time="2021-02-24T17:59:41Z" level=info msg=" - netdev" source="node_exporter.go:97"
2021-02-24T17:59:41.473243146Z  time="2021-02-24T17:59:41Z" level=info msg=" - netstat" source="node_exporter.go:97"
2021-02-24T17:59:41.473254816Z  time="2021-02-24T17:59:41Z" level=info msg=" - nfs" source="node_exporter.go:97"
2021-02-24T17:59:41.473264781Z  time="2021-02-24T17:59:41Z" level=info msg=" - nfsd" source="node_exporter.go:97"
2021-02-24T17:59:41.473274685Z  time="2021-02-24T17:59:41Z" level=info msg=" - sockstat" source="node_exporter.go:97"
2021-02-24T17:59:41.473284478Z  time="2021-02-24T17:59:41Z" level=info msg=" - stat" source="node_exporter.go:97"
2021-02-24T17:59:41.473294345Z  time="2021-02-24T17:59:41Z" level=info msg=" - textfile" source="node_exporter.go:97"
2021-02-24T17:59:41.473304182Z  time="2021-02-24T17:59:41Z" level=info msg=" - time" source="node_exporter.go:97"
2021-02-24T17:59:41.473314038Z  time="2021-02-24T17:59:41Z" level=info msg=" - timex" source="node_exporter.go:97"
2021-02-24T17:59:41.473323676Z  time="2021-02-24T17:59:41Z" level=info msg=" - uname" source="node_exporter.go:97"
2021-02-24T17:59:41.473333505Z  time="2021-02-24T17:59:41Z" level=info msg=" - vmstat" source="node_exporter.go:97"
2021-02-24T17:59:41.473343145Z  time="2021-02-24T17:59:41Z" level=info msg=" - xfs" source="node_exporter.go:97"
2021-02-24T17:59:41.473353123Z  time="2021-02-24T17:59:41Z" level=info msg=" - zfs" source="node_exporter.go:97"
2021-02-24T17:59:41.473362826Z  time="2021-02-24T17:59:41Z" level=info msg="Listening on :9100" source="node_exporter.go:111"
2021-02-24T17:59:41.803942667Z  Scylla version 4.3.1-0.20210210.46650adcd with build-id bfaa518f22098de476b961b707925c71441bb81b starting ...
2021-02-24T17:59:41.804245366Z  command used: "/usr/bin/scylla --log-to-syslog 0 --log-to-stdout 1 --default-log-level info --network-stack posix --developer-mode=1 --overprovisioned --listen-address 10.0.20.3 --rpc-address 10.0.20.3 --seed-provider-parameters seeds=10.0.20.3 --blocked-reactor-notify-ms 999999999"
2021-02-24T17:59:41.804675715Z  parsed command line options: [log-to-syslog: 0, log-to-stdout: 1, default-log-level: info, network-stack: posix, developer-mode: 1, overprovisioned, listen-address: 10.0.20.3, rpc-address: 10.0.20.3, seed-provider-parameters: seeds=10.0.20.3, blocked-reactor-notify-ms: 999999999]
2021-02-24T17:59:41.849150335Z  Generating public/private rsa key pair.
2021-02-24T17:59:41.849196391Z  Your identification has been saved in /etc/ssh/ssh_host_rsa_key.
2021-02-24T17:59:41.849206979Z  Your public key has been saved in /etc/ssh/ssh_host_rsa_key.pub.
2021-02-24T17:59:41.849216691Z  The key fingerprint is:
2021-02-24T17:59:41.849226314Z  SHA256:wYpM5NolFzoxpJPUqTsUyELc1W95NHVfkXYtnhMwyUA root@2f48e33d5ad7
2021-02-24T17:59:41.849235680Z  The key's randomart image is:
2021-02-24T17:59:41.849244842Z  +---[RSA 4096]----+
2021-02-24T17:59:41.849253915Z  |+ooo*oo  .Eo++ o=|
2021-02-24T17:59:41.849262722Z  |o+.*o+ +   oo.+o=|
2021-02-24T17:59:41.849271622Z  |. +o* o + o ...+o|
2021-02-24T17:59:41.849292240Z  |  o* * . = .  +  |
2021-02-24T17:59:41.849302472Z  | ...+ . S .    . |
2021-02-24T17:59:41.849311740Z  |  o              |
2021-02-24T17:59:41.849320806Z  |   .             |
2021-02-24T17:59:41.849329775Z  |                 |
2021-02-24T17:59:41.849338883Z  |                 |
2021-02-24T17:59:41.849348185Z  +----[SHA256]-----+
2021-02-24T17:59:41.865117649Z  Could not load host key: /etc/ssh/ssh_host_ecdsa_key
2021-02-24T17:59:41.994937623Z  WARN  2021-02-24 17:59:41,970 [shard 0] seastar - Unable to set SCHED_FIFO scheduling policy for timer thread; latency impact possible. Try adding CAP_SYS_NICE
2021-02-24T17:59:42.187315249Z  Connecting to http://localhost:10000
2021-02-24T17:59:42.187362487Z  Starting the JMX server
2021-02-24T17:59:42.294573654Z  INFO  2021-02-24 17:59:42,294 [shard 0] init - installing SIGHUP handler
2021-02-24T17:59:42.334486069Z  INFO  2021-02-24 17:59:42,333 [shard 0] init - Scylla version 4.3.1-0.20210210.46650adcd with build-id bfaa518f22098de476b961b707925c71441bb81b starting ...
2021-02-24T17:59:42.334528556Z  
2021-02-24T17:59:42.367511274Z  INFO  2021-02-24 17:59:42,349 [shard 0] init - starting prometheus API server
2021-02-24T17:59:42.383445656Z  INFO  2021-02-24 17:59:42,382 [shard 0] init - starting tokens manager
2021-02-24T17:59:42.384061733Z  INFO  2021-02-24 17:59:42,383 [shard 0] init - starting migration manager notifier
2021-02-24T17:59:42.384655869Z  INFO  2021-02-24 17:59:42,384 [shard 0] init - creating tracing
2021-02-24T17:59:42.385678912Z  INFO  2021-02-24 17:59:42,385 [shard 0] init - creating snitch
2021-02-24T17:59:42.386715994Z  INFO  2021-02-24 17:59:42,386 [shard 0] init - determining DNS name
2021-02-24T17:59:42.387040765Z  INFO  2021-02-24 17:59:42,386 [shard 0] init - starting API server
2021-02-24T17:59:42.388453829Z  INFO  2021-02-24 17:59:42,388 [shard 0] init - Scylla API server listening on 127.0.0.1:10000 ...
2021-02-24T17:59:42.391390633Z  INFO  2021-02-24 17:59:42,391 [shard 0] init - initializing storage service
2021-02-24T17:59:42.392026867Z  INFO  2021-02-24 17:59:42,391 [shard 0] init - starting per-shard database core
2021-02-24T17:59:42.395445905Z  WARN  2021-02-24 17:59:42,395 [shard 0] init - I/O Scheduler is not properly configured! This is a non-supported setup, and performance is expected to be unpredictably bad.
2021-02-24T17:59:42.395469033Z   Reason found: none of --max-io-requests, --io-properties and --io-properties-file are set.
2021-02-24T17:59:42.395480386Z  To properly configure the I/O Scheduler, run the scylla_io_setup utility shipped with Scylla.
2021-02-24T17:59:42.395490677Z  
2021-02-24T17:59:42.396099689Z  INFO  2021-02-24 17:59:42,395 [shard 0] init - creating and verifying directories
2021-02-24T17:59:42.812595329Z  JMX is enabled to receive remote connections on port: 7199
2021-02-24T17:59:42.812677492Z  2021-02-24 17:59:42,812 INFO success: scylla entered RUNNING state, process has stayed up for > than 1 seconds (startsecs)
2021-02-24T17:59:42.812754895Z  2021-02-24 17:59:42,812 INFO success: scylla-housekeeping entered RUNNING state, process has stayed up for > than 1 seconds (startsecs)
2021-02-24T17:59:42.812769992Z  2021-02-24 17:59:42,812 INFO success: sshd entered RUNNING state, process has stayed up for > than 1 seconds (startsecs)
2021-02-24T17:59:42.812780289Z  2021-02-24 17:59:42,812 INFO success: scylla-jmx entered RUNNING state, process has stayed up for > than 1 seconds (startsecs)
2021-02-24T17:59:42.812824370Z  2021-02-24 17:59:42,812 INFO success: rsyslog entered RUNNING state, process has stayed up for > than 1 seconds (startsecs)
2021-02-24T17:59:42.812838293Z  2021-02-24 17:59:42,812 INFO success: node-exporter entered RUNNING state, process has stayed up for > than 1 seconds (startsecs)
2021-02-24T17:59:42.888804967Z  INFO  2021-02-24 17:59:42,888 [shard 0] database - Populating Keyspace system_schema
2021-02-24T17:59:42.888854970Z  INFO  2021-02-24 17:59:42,888 [shard 0] database - Keyspace system_schema: Reading CF view_virtual_columns id=08843b63-45dc-3be2-9798-a0418295cfaa version=c777531c-15f7-326f-8ebe-39fd0265c8c9
2021-02-24T17:59:42.888866702Z  INFO  2021-02-24 17:59:42,888 [shard 0] database - Keyspace system_schema: Reading CF computed_columns id=cc7c7069-3740-33c1-92a4-c3de78dbd2c4 version=2b8c4439-de76-31e0-807f-3b7290a975d7
2021-02-24T17:59:42.889091693Z  INFO  2021-02-24 17:59:42,888 [shard 0] database - Keyspace system_schema: Reading CF aggregates id=924c5587-2e3a-345b-b10c-12f37c1ba895 version=4b53e92c-0368-3d5c-b959-2ec1bfd1a59f
2021-02-24T17:59:42.889118799Z  INFO  2021-02-24 17:59:42,888 [shard 0] database - Keyspace system_schema: Reading CF functions id=96489b79-80be-3e14-a701-66a0b9159450 version=329ed804-55b3-3eee-ad61-d85317b96097
2021-02-24T17:59:42.889130354Z  INFO  2021-02-24 17:59:42,888 [shard 0] database - Keyspace system_schema: Reading CF views id=9786ac1c-dd58-3201-a7cd-ad556410c985 version=5b58bb47-96e7-3f57-accf-0bfca4dbbc6e
2021-02-24T17:59:42.889349783Z  INFO  2021-02-24 17:59:42,888 [shard 0] database - Keyspace system_schema: Reading CF indexes id=0feb57ac-311f-382f-ba6d-9024d305702f version=99c40462-8687-304e-abe3-2bdbef1f25aa
2021-02-24T17:59:42.889368028Z  INFO  2021-02-24 17:59:42,889 [shard 0] database - Keyspace system_schema: Reading CF types id=5a8b1ca8-6602-3f77-a045-9273d308917a version=de51b2ce-5e4d-3b7d-a75f-2204332ce8d1
2021-02-24T17:59:42.889617720Z  INFO  2021-02-24 17:59:42,889 [shard 0] database - Keyspace system_schema: Reading CF triggers id=4df70b66-6b05-3251-95a1-32b54005fd48 version=582d7071-1ef0-37c8-adc6-471a13636139
2021-02-24T17:59:42.889903206Z  INFO  2021-02-24 17:59:42,889 [shard 0] database - Keyspace system_schema: Reading CF dropped_columns id=5e7583b5-f3f4-3af1-9a39-b7e1d6f5f11f version=7426bc6c-4c2f-3200-8ad8-4329610ed59a
2021-02-24T17:59:42.889923581Z  INFO  2021-02-24 17:59:42,889 [shard 0] database - Keyspace system_schema: Reading CF columns id=24101c25-a2ae-3af7-87c1-b40ee1aca33f version=d33236d4-9bdd-3c09-abf0-a0bc5edc2526
2021-02-24T17:59:42.889944878Z  INFO  2021-02-24 17:59:42,889 [shard 0] database - Keyspace system_schema: Reading CF scylla_tables id=5d912ff1-f759-3665-b2c8-8042ab5103dd version=38e5e56b-155d-39b5-a0d2-8e5dcad42a26
2021-02-24T17:59:42.890131106Z  INFO  2021-02-24 17:59:42,889 [shard 0] database - Keyspace system_schema: Reading CF tables id=afddfb9d-bc1e-3068-8056-eed6c302ba09 version=b6240810-eeb7-36d5-9411-43b2d68dddab
2021-02-24T17:59:42.890148402Z  INFO  2021-02-24 17:59:42,889 [shard 0] database - Keyspace system_schema: Reading CF keyspaces id=abac5682-dea6-31c5-b535-b3d6cffd0fb6 version=e79ca8ba-6556-3f7d-925a-7f20cf57938c
2021-02-24T17:59:47.021196161Z  Traceback (most recent call last):
2021-02-24T17:59:47.021233368Z    File "/opt/scylladb/scripts/libexec/scylla-housekeeping", line 208, in <module>
2021-02-24T17:59:47.021244554Z      args.func(args)
2021-02-24T17:59:47.021253874Z    File "/opt/scylladb/scripts/libexec/scylla-housekeeping", line 134, in check_version
2021-02-24T17:59:47.021263423Z      current_version = sanitize_version(get_api('/storage_service/scylla_release_version'))
2021-02-24T17:59:47.021272879Z    File "/opt/scylladb/scripts/libexec/scylla-housekeeping", line 93, in get_api
2021-02-24T17:59:47.021282207Z      return get_json_from_url("http://" + api_address + path)
2021-02-24T17:59:47.021291517Z    File "/opt/scylladb/scripts/libexec/scylla-housekeeping", line 88, in get_json_from_url
2021-02-24T17:59:47.021311709Z      raise RuntimeError(f'Failed to get "{path}" due to the following error: {retval}')
2021-02-24T17:59:47.021324696Z  RuntimeError: Failed to get "http://localhost:10000/storage_service/scylla_release_version" due to the following error: HTTP Error 404: Not Found
2021-02-24T17:59:47.206629964Z  INFO  2021-02-24 17:59:47,206 [shard 0] database - Found temporary sstable directory: "/var/lib/scylla/data/system_schema/views-9786ac1cdd583201a7cdad556410c985/0000000000000987.sstable", removing
2021-02-24T17:59:47.206671907Z  INFO  2021-02-24 17:59:47,206 [shard 0] database - Found temporary sstable directory: "/var/lib/scylla/data/system_schema/views-9786ac1cdd583201a7cdad556410c985/0000000000000986.sstable", removing
2021-02-24T17:59:47.207100600Z  INFO  2021-02-24 17:59:47,206 [shard 0] database - Found temporary sstable directory: "/var/lib/scylla/data/system_schema/scylla_tables-5d912ff1f7593665b2c88042ab5103dd/0000000000001071.sstable", removing
2021-02-24T17:59:47.207125925Z  INFO  2021-02-24 17:59:47,206 [shard 0] database - Found temporary sstable directory: "/var/lib/scylla/data/system_schema/tables-afddfb9dbc1e30688056eed6c302ba09/0000000000001099.sstable", removing
2021-02-24T17:59:47.207149068Z  INFO  2021-02-24 17:59:47,206 [shard 0] database - Found temporary sstable directory: "/var/lib/scylla/data/system_schema/keyspaces-abac5682dea631c5b535b3d6cffd0fb6/0000000000001194.sstable", removing
2021-02-24T17:59:47.207160230Z  INFO  2021-02-24 17:59:47,206 [shard 0] database - Found temporary sstable directory: "/var/lib/scylla/data/system_schema/keyspaces-abac5682dea631c5b535b3d6cffd0fb6/0000000000001195.sstable", removing
2021-02-24T17:59:47.376929286Z  INFO  2021-02-24 17:59:47,376 [shard 3] sstable_directory - Removing file /var/lib/scylla/data/system_schema/views-9786ac1cdd583201a7cdad556410c985/md-987-big-Data.db
2021-02-24T17:59:47.377370966Z  INFO  2021-02-24 17:59:47,376 [shard 3] sstable_directory - Removing file /var/lib/scylla/data/system_schema/views-9786ac1cdd583201a7cdad556410c985/md-987-big-Index.db
2021-02-24T17:59:47.377413498Z  INFO  2021-02-24 17:59:47,376 [shard 3] sstable_directory - Removing file /var/lib/scylla/data/system_schema/views-9786ac1cdd583201a7cdad556410c985/md-987-big-TOC.txt.tmp
2021-02-24T17:59:47.377426077Z  INFO  2021-02-24 17:59:47,376 [shard 2] sstable_directory - Removing file /var/lib/scylla/data/system_schema/views-9786ac1cdd583201a7cdad556410c985/md-986-big-Digest.crc32
2021-02-24T17:59:47.377437142Z  INFO  2021-02-24 17:59:47,377 [shard 2] sstable_directory - Removing file /var/lib/scylla/data/system_schema/views-9786ac1cdd583201a7cdad556410c985/md-986-big-Index.db
2021-02-24T17:59:47.377647617Z  INFO  2021-02-24 17:59:47,377 [shard 2] sstable_directory - Removing file /var/lib/scylla/data/system_schema/views-9786ac1cdd583201a7cdad556410c985/md-986-big-Summary.db
2021-02-24T17:59:47.377669278Z  INFO  2021-02-24 17:59:47,377 [shard 2] sstable_directory - Removing file /var/lib/scylla/data/system_schema/views-9786ac1cdd583201a7cdad556410c985/md-986-big-Data.db
2021-02-24T17:59:47.378160935Z  INFO  2021-02-24 17:59:47,377 [shard 2] sstable_directory - Removing file /var/lib/scylla/data/system_schema/views-9786ac1cdd583201a7cdad556410c985/md-986-big-Filter.db
2021-02-24T17:59:47.378180339Z  INFO  2021-02-24 17:59:47,377 [shard 2] sstable_directory - Removing file /var/lib/scylla/data/system_schema/views-9786ac1cdd583201a7cdad556410c985/md-986-big-CompressionInfo.db
2021-02-24T17:59:47.378191098Z  INFO  2021-02-24 17:59:47,377 [shard 2] sstable_directory - Removing file /var/lib/scylla/data/system_schema/views-9786ac1cdd583201a7cdad556410c985/md-986-big-TOC.txt.tmp
2021-02-24T17:59:47.378201447Z  INFO  2021-02-24 17:59:47,377 [shard 2] sstable_directory - Removing file /var/lib/scylla/data/system_schema/views-9786ac1cdd583201a7cdad556410c985/md-986-big-Statistics.db
2021-02-24T17:59:47.385781258Z  INFO  2021-02-24 17:59:47,385 [shard 3] sstable_directory - Removing file /var/lib/scylla/data/system_schema/scylla_tables-5d912ff1f7593665b2c88042ab5103dd/md-1071-big-TOC.txt.tmp
2021-02-24T17:59:47.386242666Z  INFO  2021-02-24 17:59:47,385 [shard 3] sstable_directory - Removing file /var/lib/scylla/data/system_schema/scylla_tables-5d912ff1f7593665b2c88042ab5103dd/md-1071-big-Summary.db
2021-02-24T17:59:47.386262386Z  INFO  2021-02-24 17:59:47,385 [shard 3] sstable_directory - Removing file /var/lib/scylla/data/system_schema/scylla_tables-5d912ff1f7593665b2c88042ab5103dd/md-1071-big-Digest.crc32
2021-02-24T17:59:47.386273301Z  INFO  2021-02-24 17:59:47,385 [shard 3] sstable_directory - Removing file /var/lib/scylla/data/system_schema/scylla_tables-5d912ff1f7593665b2c88042ab5103dd/md-1071-big-Data.db
2021-02-24T17:59:47.386549711Z  INFO  2021-02-24 17:59:47,386 [shard 3] sstable_directory - Removing file /var/lib/scylla/data/system_schema/scylla_tables-5d912ff1f7593665b2c88042ab5103dd/md-1071-big-Index.db
2021-02-24T17:59:47.391295014Z  INFO  2021-02-24 17:59:47,390 [shard 3] sstable_directory - Removing file /var/lib/scylla/data/system_schema/keyspaces-abac5682dea631c5b535b3d6cffd0fb6/md-1195-big-TOC.txt.tmp
2021-02-24T17:59:47.391651126Z  INFO  2021-02-24 17:59:47,391 [shard 2] sstable_directory - Removing file /var/lib/scylla/data/system_schema/keyspaces-abac5682dea631c5b535b3d6cffd0fb6/md-1194-big-Filter.db
2021-02-24T17:59:47.391675515Z  INFO  2021-02-24 17:59:47,391 [shard 2] sstable_directory - Removing file /var/lib/scylla/data/system_schema/keyspaces-abac5682dea631c5b535b3d6cffd0fb6/md-1194-big-Digest.crc32
2021-02-24T17:59:47.391700373Z  INFO  2021-02-24 17:59:47,391 [shard 2] sstable_directory - Removing file /var/lib/scylla/data/system_schema/keyspaces-abac5682dea631c5b535b3d6cffd0fb6/md-1194-big-TOC.txt.tmp
2021-02-24T17:59:47.392087488Z  INFO  2021-02-24 17:59:47,391 [shard 2] sstable_directory - Removing file /var/lib/scylla/data/system_schema/keyspaces-abac5682dea631c5b535b3d6cffd0fb6/md-1194-big-Index.db
2021-02-24T17:59:47.392107359Z  INFO  2021-02-24 17:59:47,391 [shard 2] sstable_directory - Removing file /var/lib/scylla/data/system_schema/keyspaces-abac5682dea631c5b535b3d6cffd0fb6/md-1194-big-Summary.db
2021-02-24T17:59:47.392118339Z  INFO  2021-02-24 17:59:47,391 [shard 2] sstable_directory - Removing file /var/lib/scylla/data/system_schema/keyspaces-abac5682dea631c5b535b3d6cffd0fb6/md-1194-big-Data.db
2021-02-24T17:59:47.841927242Z  INFO  2021-02-24 17:59:47,841 [shard 3] sstable_directory - Removing file /var/lib/scylla/data/system_schema/tables-afddfb9dbc1e30688056eed6c302ba09/md-1099-big-Digest.crc32
2021-02-24T17:59:47.841981317Z  INFO  2021-02-24 17:59:47,841 [shard 3] sstable_directory - Removing file /var/lib/scylla/data/system_schema/tables-afddfb9dbc1e30688056eed6c302ba09/md-1099-big-Data.db
2021-02-24T17:59:47.841998336Z  INFO  2021-02-24 17:59:47,841 [shard 3] sstable_directory - Removing file /var/lib/scylla/data/system_schema/tables-afddfb9dbc1e30688056eed6c302ba09/md-1099-big-Statistics.db
2021-02-24T17:59:47.842013483Z  INFO  2021-02-24 17:59:47,841 [shard 3] sstable_directory - Removing file /var/lib/scylla/data/system_schema/tables-afddfb9dbc1e30688056eed6c302ba09/md-1099-big-CompressionInfo.db
2021-02-24T17:59:47.842028456Z  INFO  2021-02-24 17:59:47,841 [shard 3] sstable_directory - Removing file /var/lib/scylla/data/system_schema/tables-afddfb9dbc1e30688056eed6c302ba09/md-1099-big-Summary.db
2021-02-24T17:59:47.842043931Z  INFO  2021-02-24 17:59:47,841 [shard 3] sstable_directory - Removing file /var/lib/scylla/data/system_schema/tables-afddfb9dbc1e30688056eed6c302ba09/md-1099-big-Index.db
2021-02-24T17:59:47.842072378Z  INFO  2021-02-24 17:59:47,841 [shard 3] sstable_directory - Removing file /var/lib/scylla/data/system_schema/tables-afddfb9dbc1e30688056eed6c302ba09/md-1099-big-TOC.txt.tmp
2021-02-24T17:59:47.842089517Z  INFO  2021-02-24 17:59:47,841 [shard 3] sstable_directory - Removing file /var/lib/scylla/data/system_schema/tables-afddfb9dbc1e30688056eed6c302ba09/md-1099-big-Filter.db
2021-02-24T17:59:47.897337503Z  INFO  2021-02-24 17:59:47,896 [shard 0] database - Populating Keyspace system
2021-02-24T17:59:47.897365516Z  INFO  2021-02-24 17:59:47,896 [shard 0] database - Keyspace system: Reading CF compaction_history id=b4dbb7b4-dc49-3fb5-b3bf-ce6e434832ca version=25cae56a-8d75-39f3-a146-3756ab4981c7
2021-02-24T17:59:47.897377453Z  INFO  2021-02-24 17:59:47,897 [shard 0] database - Keyspace system: Reading CF batchlog id=0290003c-977e-397c-ac3e-fdfdc01d626b version=e2a2e804-49e4-3597-9f16-39fd9475835c
2021-02-24T17:59:47.897666366Z  INFO  2021-02-24 17:59:47,897 [shard 0] database - Keyspace system: Reading CF size_estimates id=618f817b-005f-3678-b8a4-53f3930b8e86 version=6d4dbcff-f05b-3dc3-95ad-f79f7b10504d
2021-02-24T17:59:47.897690275Z  INFO  2021-02-24 17:59:47,897 [shard 0] database - Keyspace system: Reading CF range_xfers id=55d76438-4e55-3f8b-9f6e-676d4af3976d version=dd15a078-409b-350d-9bef-c5f3520832d8
2021-02-24T17:59:47.897717179Z  INFO  2021-02-24 17:59:47,897 [shard 0] database - Keyspace system: Reading CF peer_events id=59dfeaea-8db2-3341-91ef-109974d81484 version=7f874a05-72b8-3c21-9acb-baa164fc351a
2021-02-24T17:59:47.897728446Z  INFO  2021-02-24 17:59:47,897 [shard 0] database - Keyspace system: Reading CF peers id=37f71aca-7dc2-383b-a706-72528af04d4f version=f6f6871f-8c86-3eca-ac0b-2a2e848e395d
2021-02-24T17:59:47.897738473Z  INFO  2021-02-24 17:59:47,897 [shard 0] database - Keyspace system: Reading CF scylla_local id=2972ec7f-fb20-38dd-aac1-d876f2e3fcbd version=5f0b407d-eedf-3845-a48e-dbb9673d10e1
2021-02-24T17:59:47.897748271Z  INFO  2021-02-24 17:59:47,897 [shard 0] database - Keyspace system: Reading CF schema_aggregates id=a5fc57fc-9d6c-3bfd-a3fc-01ad54686fea version=d06c934f-9a69-374c-86f1-523ab26fb05c
2021-02-24T17:59:47.897791368Z  INFO  2021-02-24 17:59:47,897 [shard 0] database - Keyspace system: Reading CF paxos id=b7b7f0c2-fd0a-3410-8c05-3ef614bb7c2d version=6dd372de-72fb-3e1b-9b8c-f97738a67fe9
2021-02-24T17:59:47.897802394Z  INFO  2021-02-24 17:59:47,897 [shard 0] database - Keyspace system: Reading CF compactions_in_progress id=55080ab0-5d9c-3886-90a4-acb25fe1f77b version=540263f1-40db-3869-8a38-3baadedc222d
2021-02-24T17:59:47.897812397Z  INFO  2021-02-24 17:59:47,897 [shard 0] database - Keyspace system: Reading CF local id=7ad54392-bcdd-35a6-8417-4e047860b377 version=7fa82c2e-5b67-37dd-8e5e-2079e18f1536
2021-02-24T17:59:47.898217520Z  INFO  2021-02-24 17:59:47,897 [shard 0] database - Keyspace system: Reading CF schema_columnfamilies id=45f5b360-24bc-3f83-a363-1034ea4fa697 version=7f7a5fea-07b7-304d-a6f8-f7aec72cabdb
2021-02-24T17:59:47.898236909Z  INFO  2021-02-24 17:59:47,897 [shard 0] database - Keyspace system: Reading CF hints id=2666e205-73ef-38b3-90fe-fecf96e8f0c7 version=0b74fdd1-e96d-309e-a14e-a5bcd7ac885d
2021-02-24T17:59:47.898247341Z  INFO  2021-02-24 17:59:47,897 [shard 0] database - Keyspace system: Reading CF sstable_activity id=5a1ff267-ace0-3f12-8563-cfae6103c65e version=bdec57a3-b234-334b-be9c-7b1f33113995
2021-02-24T17:59:47.898257536Z  INFO  2021-02-24 17:59:47,897 [shard 0] database - Keyspace system: Reading CF IndexInfo id=9f5c6374-d485-3229-9a0a-5094af9ad1e3 version=bbb3743b-351f-3023-b4fc-09a9be37d529
2021-02-24T17:59:47.898267549Z  INFO  2021-02-24 17:59:47,897 [shard 0] database - Keyspace system: Reading CF large_partitions id=8a7fe624-96b0-34b1-b90e-f71bddcdd2d3 version=04fa9920-9369-3a96-be39-6dd9fdc816b6
2021-02-24T17:59:47.898277466Z  INFO  2021-02-24 17:59:47,897 [shard 0] database - Keyspace system: Reading CF scylla_table_schema_history id=0191a53e-40f0-31d4-9171-b0d19ffb17b4 version=2cc890b8-9ade-3afc-ab63-043c8017608e
2021-02-24T17:59:47.898287411Z  INFO  2021-02-24 17:59:47,897 [shard 0] database - Keyspace system: Reading CF large_cells id=ead8bbc5-f146-3ae1-9f71-0b11f9a1d296 version=0d4a6937-a781-3f87-a192-b4e4a4a40acf
2021-02-24T17:59:47.898297239Z  INFO  2021-02-24 17:59:47,897 [shard 0] database - Keyspace system: Reading CF views_builds_in_progress id=b7f2c108-78cd-3c80-9cd5-d609b2bd149c version=b905cce5-1474-3085-819a-7592453e2fb9
2021-02-24T17:59:47.898307165Z  INFO  2021-02-24 17:59:47,897 [shard 0] database - Keyspace system: Reading CF built_views id=4b3c50a9-ea87-3d76-9101-6dbc9c38494a version=a28aa0b3-6def-30a7-9fbe-ce78b3f3c9b9
2021-02-24T17:59:47.898317088Z  INFO  2021-02-24 17:59:47,897 [shard 0] database - Keyspace system: Reading CF scylla_views_builds_in_progress id=a04c7bfd-1e13-36c9-a44d-f22da352281d version=e3fb736c-6956-3990-a31d-9a482279e3fc
2021-02-24T17:59:47.898338369Z  INFO  2021-02-24 17:59:47,897 [shard 0] database - Keyspace system: Reading CF truncated id=38c19fd0-fb86-3310-a4b7-0d0cc66628aa version=6da9a85c-7ae0-3917-aead-54a2f65a57a8
2021-02-24T17:59:47.898350668Z  INFO  2021-02-24 17:59:47,897 [shard 0] database - Keyspace system: Reading CF cdc_local id=0bcaffd4-0c83-3ead-ad13-dc1d5015b77c version=0aa4d3a2-ed95-3ecd-aba0-cd75622ad290
2021-02-24T17:59:47.898361231Z  INFO  2021-02-24 17:59:47,897 [shard 0] database - Keyspace system: Reading CF clients id=ca0f635d-8630-3609-8d93-a1fc06f2a5e5 version=51273ebf-e6f9-3cd5-b455-ea09ad29796f
2021-02-24T17:59:47.898371104Z  INFO  2021-02-24 17:59:47,897 [shard 0] database - Keyspace system: Reading CF schema_keyspaces id=b0f22357-4458-3cdb-9631-c43e59ce3676 version=84d28cef-59f9-34a9-9be5-31c684997f03
2021-02-24T17:59:47.898380819Z  INFO  2021-02-24 17:59:47,897 [shard 0] database - Keyspace system: Reading CF schema_columns id=296e9c04-9bec-3085-827d-c17d3df2122a version=53cfbb66-ee0d-37be-97bb-b2afb3746f85
2021-02-24T17:59:47.898390665Z  INFO  2021-02-24 17:59:47,897 [shard 0] database - Keyspace system: Reading CF schema_triggers id=0359bc71-7123-3ee1-9a4a-b9dfb11fc125 version=75e4ec4c-76da-3f59-984e-66810ba0c62b
2021-02-24T17:59:47.898507030Z  INFO  2021-02-24 17:59:47,897 [shard 0] database - Keyspace system: Reading CF large_rows id=40550f66-0858-39a0-9430-f27fc08034e9 version=aee3acb0-7926-317b-848e-db7bc3721695
2021-02-24T17:59:47.898526489Z  INFO  2021-02-24 17:59:47,898 [shard 0] database - Keyspace system: Reading CF schema_usertypes id=3aa75225-4f82-350b-8d5c-430fa221fa0a version=3c53e6bb-56d5-3618-a0b2-4ff5f18127d7
2021-02-24T17:59:47.898536850Z  INFO  2021-02-24 17:59:47,898 [shard 0] database - Keyspace system: Reading CF schema_functions id=d1b675fe-2b50-3ca4-8e49-c0f81989dcad version=a50959dd-2be0-3e4e-8bb5-cf40796e256a
2021-02-24T18:00:04.700817061Z  INFO  2021-02-24 18:00:04,700 [shard 0] database - Found temporary sstable directory: "/var/lib/scylla/data/system/compaction_history-b4dbb7b4dc493fb5b3bfce6e434832ca/0000000000000602.sstable", removing
2021-02-24T18:00:04.981836939Z  INFO  2021-02-24 18:00:04,981 [shard 2] sstable_directory - Removing file /var/lib/scylla/data/system/compaction_history-b4dbb7b4dc493fb5b3bfce6e434832ca/md-602-big-TOC.txt.tmp
2021-02-24T18:00:04.981921360Z  INFO  2021-02-24 18:00:04,981 [shard 2] sstable_directory - Removing file /var/lib/scylla/data/system/compaction_history-b4dbb7b4dc493fb5b3bfce6e434832ca/md-602-big-Digest.crc32
2021-02-24T18:00:04.981934913Z  INFO  2021-02-24 18:00:04,981 [shard 2] sstable_directory - Removing file /var/lib/scylla/data/system/compaction_history-b4dbb7b4dc493fb5b3bfce6e434832ca/md-602-big-Data.db
2021-02-24T18:00:04.981967939Z  INFO  2021-02-24 18:00:04,981 [shard 2] sstable_directory - Removing file /var/lib/scylla/data/system/compaction_history-b4dbb7b4dc493fb5b3bfce6e434832ca/md-602-big-Index.db
2021-02-24T18:00:04.983788644Z  INFO  2021-02-24 18:00:04,983 [shard 0] init - starting gossip
2021-02-24T18:00:04.983816639Z  WARN  2021-02-24 18:00:04,983 [shard 0] init - Using default cluster name is not recommended. Using a unique cluster name will reduce the chance of adding nodes to the wrong cluster by mistake
2021-02-24T18:00:04.984072337Z  INFO  2021-02-24 18:00:04,983 [shard 0] init - seeds={10.0.20.3}, listen_address=10.0.20.3, broadcast_address=10.0.20.3
2021-02-24T18:00:04.984114143Z  INFO  2021-02-24 18:00:04,983 [shard 0] init - starting storage proxy
2021-02-24T18:00:04.991729264Z  INFO  2021-02-24 18:00:04,991 [shard 0] init - creating hints manager
2021-02-24T18:00:04.992421278Z  INFO  2021-02-24 18:00:04,992 [shard 2] init - creating hints manager
2021-02-24T18:00:04.992455394Z  INFO  2021-02-24 18:00:04,992 [shard 1] init - creating hints manager
2021-02-24T18:00:04.992946420Z  INFO  2021-02-24 18:00:04,992 [shard 3] init - creating hints manager
2021-02-24T18:00:04.993624463Z  INFO  2021-02-24 18:00:04,993 [shard 0] init - starting migration manager
2021-02-24T18:00:04.994108526Z  INFO  2021-02-24 18:00:04,993 [shard 0] init - starting query processor
2021-02-24T18:00:04.995318462Z  INFO  2021-02-24 18:00:04,994 [shard 0] init - initializing batchlog manager
2021-02-24T18:00:04.998654753Z  INFO  2021-02-24 18:00:04,998 [shard 0] format_selector - Selected md sstables format
2021-02-24T18:00:05.000018523Z  INFO  2021-02-24 18:00:04,999 [shard 0] legacy_schema_migrator - Moving 0 keyspaces from legacy schema tables to the new schema keyspace (system_schema)
2021-02-24T18:00:05.000608507Z  INFO  2021-02-24 18:00:05,000 [shard 0] legacy_schema_migrator - Dropping legacy schema tables
2021-02-24T18:00:13.991479660Z  INFO  2021-02-24 18:00:13,990 [shard 0] legacy_schema_migrator - Completed migration of legacy schema tables
2021-02-24T18:00:13.991771318Z  INFO  2021-02-24 18:00:13,991 [shard 0] init - loading system sstables
2021-02-24T18:00:26.955140495Z  INFO  2021-02-24 18:00:26,954 [shard 0] init - loading non-system sstables
2021-02-24T18:00:33.955799850Z  INFO  2021-02-24 18:00:33,954 [shard 0] database - Populating Keyspace system_auth
2021-02-24T18:00:33.955875739Z  INFO  2021-02-24 18:00:33,954 [shard 0] database - Keyspace system_auth: Reading CF roles id=5bc52802-de25-35ed-aeab-188eecebb090 version=d8f599da-7544-3f57-aa58-b229deea93e0
2021-02-24T18:00:33.955897070Z  INFO  2021-02-24 18:00:33,955 [shard 0] database - Keyspace system_auth: Reading CF role_members id=0ecdaa87-f8fb-3e60-88d1-74fb36fe5c0d version=2923b5bb-f2f8-36e8-9e73-19019900010c
2021-02-24T18:00:33.955916497Z  INFO  2021-02-24 18:00:33,955 [shard 0] database - Populating Keyspace system_traces
2021-02-24T18:00:33.955948239Z  INFO  2021-02-24 18:00:33,955 [shard 0] database - Keyspace system_traces: Reading CF sessions_time_idx id=0ebf001c-c1d1-3693-9a63-c3d96ac53318 version=cd5d1e5f-1f42-3b9d-a8ba-3af39d59a7d5
2021-02-24T18:00:33.956645953Z  INFO  2021-02-24 18:00:33,955 [shard 0] database - Keyspace system_traces: Reading CF sessions id=c5e99f16-8677-3914-b17e-960613512345 version=e0fc4b06-6cba-3b7b-bfb6-b42a77c370a9
2021-02-24T18:00:33.956670656Z  INFO  2021-02-24 18:00:33,955 [shard 0] database - Keyspace system_traces: Reading CF node_slow_log_time_idx id=f9706768-aa1e-3d87-9e5c-51a3927c2870 version=eaffc0bb-7b2c-3b64-8924-d8ba685120bc
2021-02-24T18:00:33.956682566Z  INFO  2021-02-24 18:00:33,955 [shard 0] database - Keyspace system_traces: Reading CF node_slow_log id=bfcc4e62-5b63-3aa1-a1c3-6f5e47f3325c version=23e7a411-8414-340f-854d-20a3a637e438
2021-02-24T18:00:33.956709820Z  INFO  2021-02-24 18:00:33,955 [shard 0] database - Keyspace system_traces: Reading CF events id=8826e8e9-e16a-3728-8753-3bc1fc713c25 version=41a6b26e-a03b-3ae1-8a4a-b9446e7f9304
2021-02-24T18:00:33.956720823Z  INFO  2021-02-24 18:00:33,955 [shard 0] database - Populating Keyspace dt
2021-02-24T18:00:33.956730345Z  INFO  2021-02-24 18:00:33,955 [shard 0] database - Keyspace dt: Reading CF user id=5c294820-d77b-11ea-9877-000000000001 version=02cce273-02f1-3e6a-8674-f1016e3f22d7
2021-02-24T18:00:33.956740529Z  INFO  2021-02-24 18:00:33,955 [shard 0] database - Keyspace dt: Reading CF twin id=5e00c740-d77b-11ea-9877-000000000001 version=6240633e-c8cc-3fea-a1e3-452eff1b9659
2021-02-24T18:00:33.956750180Z  INFO  2021-02-24 18:00:33,956 [shard 0] database - Keyspace dt: Reading CF element_twin_idx_index id=630ae8b0-d77b-11ea-9877-000000000001 version=bc3026fd-bc4e-318d-b6f4-ca0b566cb74b
2021-02-24T18:00:33.956759794Z  INFO  2021-02-24 18:00:33,956 [shard 0] database - Keyspace dt: Reading CF source_element_idx_index id=68593f10-d77b-11ea-9877-000000000001 version=33e3f927-f730-3081-88e1-6bed2962e42a
2021-02-24T18:00:33.956769343Z  INFO  2021-02-24 18:00:33,956 [shard 0] database - Keyspace dt: Reading CF source_data id=6af6cd50-d77b-11ea-9877-000000000001 version=b52400e3-b307-3141-b3fc-e5d63573f135
2021-02-24T18:00:33.956778837Z  INFO  2021-02-24 18:00:33,956 [shard 0] database - Keyspace dt: Reading CF source id=65ff2270-d77b-11ea-9877-000000000001 version=5f8471b7-7d19-31d4-9be5-0f153affb0bb
2021-02-24T18:00:33.956788186Z  INFO  2021-02-24 18:00:33,956 [shard 0] database - Keyspace dt: Reading CF element id=607549b0-d77b-11ea-9877-000000000001 version=f44a6c4b-69d8-37f2-b116-7260740acc6c
2021-02-24T18:00:33.957197529Z  INFO  2021-02-24 18:00:33,956 [shard 0] database - Populating Keyspace system_distributed
2021-02-24T18:00:33.957229978Z  INFO  2021-02-24 18:00:33,956 [shard 0] database - Keyspace system_distributed: Reading CF view_build_status id=5582b59f-8e4e-35e1-b913-3acada51eb04 version=e0b6e628-60e0-39a2-ada0-9b6c13bdd9bc
2021-02-24T18:00:33.957240996Z  INFO  2021-02-24 18:00:33,956 [shard 0] database - Keyspace system_distributed: Reading CF cdc_streams_descriptions id=249f0ac2-8856-36d4-9802-f55223eb01c2 version=f727f60d-bfaa-32de-a0d6-898e1cbaf2c9
2021-02-24T18:00:33.957251435Z  INFO  2021-02-24 18:00:33,956 [shard 0] database - Keyspace system_distributed: Reading CF cdc_streams id=07405732-4620-34d6-a85e-947248dad9a4 version=b606cfa4-a37b-32bd-a624-e05cab2bed3c
2021-02-24T18:00:33.957663535Z  INFO  2021-02-24 18:00:33,956 [shard 0] database - Keyspace system_distributed: Reading CF cdc_generations id=6a4df139-00b6-3d21-9efc-dade266dc3b7 version=2511b46b-df1d-39fa-9a77-f5cacf88af47
2021-02-24T18:00:33.957699298Z  INFO  2021-02-24 18:00:33,956 [shard 0] database - Keyspace system_distributed: Reading CF cdc_generation_descriptions id=ae653406-7b3e-34aa-af70-d5b90f837c67 version=95e9e159-839f-39b3-990f-8e8a04817ff8
2021-02-24T18:00:40.085111564Z  INFO  2021-02-24 18:00:40,084 [shard 0] init - starting view update generator
2021-02-24T18:00:40.085612570Z  INFO  2021-02-24 18:00:40,085 [shard 0] init - discovering staging sstables
2021-02-24T18:00:40.086332698Z  INFO  2021-02-24 18:00:40,086 [shard 0] init - setting up system keyspace
2021-02-24T18:00:40.305862302Z  INFO  2021-02-24 18:00:40,304 [shard 0] init - starting commit log
2021-02-24T18:00:40.305979195Z  INFO  2021-02-24 18:00:40,304 [shard 0] init - replaying commit log
2021-02-24T18:00:40.309952056Z  INFO  2021-02-24 18:00:40,309 [shard 0] commitlog_replayer - Replaying /var/lib/scylla/commitlog/CommitLog-1-54043196071721332.log, /var/lib/scylla/commitlog/CommitLog-1-54043196071721333.log, /var/lib/scylla/commitlog/CommitLog-1-18014399052757364.log, /var/lib/scylla/commitlog/CommitLog-1-36028797562239348.log, /var/lib/scylla/commitlog/CommitLog-1-543275378.log, /var/lib/scylla/commitlog/CommitLog-1-543275380.log, /var/lib/scylla/commitlog/CommitLog-1-18014399052757363.log, /var/lib/scylla/commitlog/CommitLog-1-54043196071721334.log, /var/lib/scylla/commitlog/CommitLog-1-543275379.log, /var/lib/scylla/commitlog/CommitLog-1-36028797562239347.log, /var/lib/scylla/commitlog/CommitLog-1-36028797562239349.log
2021-02-24T18:00:40.472332267Z  INFO  2021-02-24 18:00:40,471 [shard 0] commitlog_replayer - Log replay complete, 318 replayed mutations (0 invalid, 0 skipped)
2021-02-24T18:00:40.473127294Z  INFO  2021-02-24 18:00:40,472 [shard 0] init - replaying commit log - flushing memtables
2021-02-24T18:00:55.212929694Z  INFO  2021-02-24 18:00:55,212 [shard 0] init - replaying commit log - removing old commitlog segments
2021-02-24T18:00:55.214609127Z  INFO  2021-02-24 18:00:55,213 [shard 0] compaction - [Compact system.cdc_local 3d7ee5d0-76ca-11eb-a54e-000000000000] Compacting [/var/lib/scylla/data/system/cdc_local-0bcaffd40c833eadad13dc1d5015b77c/md-724-big-Data.db:level=0, /var/lib/scylla/data/system/cdc_local-0bcaffd40c833eadad13dc1d5015b77c/md-720-big-Data.db:level=0, ]
2021-02-24T18:00:55.215298541Z  INFO  2021-02-24 18:00:55,214 [shard 0] compaction - [Compact system.truncated 3d7f0ce0-76ca-11eb-a54e-000000000000] Compacting [/var/lib/scylla/data/system/truncated-38c19fd0fb863310a4b70d0cc66628aa/md-3624-big-Data.db:level=0, /var/lib/scylla/data/system/truncated-38c19fd0fb863310a4b70d0cc66628aa/md-3628-big-Data.db:level=0, /var/lib/scylla/data/system/truncated-38c19fd0fb863310a4b70d0cc66628aa/md-3620-big-Data.db:level=0, ]
2021-02-24T18:00:55.215976336Z  INFO  2021-02-24 18:00:55,214 [shard 1] compaction - [Compact system.local 3d7f0ce0-76ca-11eb-b5f0-000000000002] Compacting [/var/lib/scylla/data/system/local-7ad54392bcdd35a684174e047860b377/md-6565-big-Data.db:level=0, /var/lib/scylla/data/system/local-7ad54392bcdd35a684174e047860b377/md-6561-big-Data.db:level=0, ]
2021-02-24T18:00:55.216018989Z  INFO  2021-02-24 18:00:55,215 [shard 0] compaction - [Compact system.compaction_history 3d7f33f0-76ca-11eb-a54e-000000000000] Compacting [/var/lib/scylla/data/system/compaction_history-b4dbb7b4dc493fb5b3bfce6e434832ca/md-604-big-Data.db:level=0, /var/lib/scylla/data/system/compaction_history-b4dbb7b4dc493fb5b3bfce6e434832ca/md-600-big-Data.db:level=0, /var/lib/scylla/data/system/compaction_history-b4dbb7b4dc493fb5b3bfce6e434832ca/md-596-big-Data.db:level=0, ]
2021-02-24T18:00:55.216544497Z  INFO  2021-02-24 18:00:55,215 [shard 2] compaction - [Compact system.truncated 3d7f0ce0-76ca-11eb-aab3-000000000001] Compacting [/var/lib/scylla/data/system/truncated-38c19fd0fb863310a4b70d0cc66628aa/md-3630-big-Data.db:level=0, /var/lib/scylla/data/system/truncated-38c19fd0fb863310a4b70d0cc66628aa/md-3626-big-Data.db:level=0, /var/lib/scylla/data/system/truncated-38c19fd0fb863310a4b70d0cc66628aa/md-3614-big-Data.db:level=0, ]
2021-02-24T18:00:55.216594669Z  INFO  2021-02-24 18:00:55,216 [shard 2] compaction - [Compact system_schema.computed_columns 3d7f5b00-76ca-11eb-aab3-000000000001] Compacting [/var/lib/scylla/data/system_schema/computed_columns-cc7c7069374033c192a4c3de78dbd2c4/md-1162-big-Data.db:level=0, /var/lib/scylla/data/system_schema/computed_columns-cc7c7069374033c192a4c3de78dbd2c4/md-1154-big-Data.db:level=0, /var/lib/scylla/data/system_schema/computed_columns-cc7c7069374033c192a4c3de78dbd2c4/md-1158-big-Data.db:level=0, ]
2021-02-24T18:00:55.217045537Z  INFO  2021-02-24 18:00:55,216 [shard 2] compaction - [Compact system.peers 3d7f5b01-76ca-11eb-aab3-000000000001] Compacting [/var/lib/scylla/data/system/peers-37f71aca7dc2383ba70672528af04d4f/md-530-big-Data.db:level=0, /var/lib/scylla/data/system/peers-37f71aca7dc2383ba70672528af04d4f/md-538-big-Data.db:level=0, /var/lib/scylla/data/system/peers-37f71aca7dc2383ba70672528af04d4f/md-534-big-Data.db:level=0, ]
2021-02-24T18:00:55.217735628Z  INFO  2021-02-24 18:00:55,216 [shard 2] compaction - [Compact system_schema.columns 3d7f5b02-76ca-11eb-aab3-000000000001] Compacting [/var/lib/scylla/data/system_schema/columns-24101c25a2ae3af787c1b40ee1aca33f/md-1298-big-Data.db:level=0, /var/lib/scylla/data/system_schema/columns-24101c25a2ae3af787c1b40ee1aca33f/md-1302-big-Data.db:level=0, /var/lib/scylla/data/system_schema/columns-24101c25a2ae3af787c1b40ee1aca33f/md-1294-big-Data.db:level=0, ]
2021-02-24T18:00:55.218192733Z  INFO  2021-02-24 18:00:55,217 [shard 2] compaction - [Compact system_schema.scylla_tables 3d7f8210-76ca-11eb-aab3-000000000001] Compacting [/var/lib/scylla/data/system_schema/scylla_tables-5d912ff1f7593665b2c88042ab5103dd/md-1070-big-Data.db:level=0, /var/lib/scylla/data/system_schema/scylla_tables-5d912ff1f7593665b2c88042ab5103dd/md-1066-big-Data.db:level=0, /var/lib/scylla/data/system_schema/scylla_tables-5d912ff1f7593665b2c88042ab5103dd/md-1074-big-Data.db:level=0, ]
2021-02-24T18:00:55.218591162Z  INFO  2021-02-24 18:00:55,218 [shard 2] compaction - [Compact system_schema.views 3d7fa920-76ca-11eb-aab3-000000000001] Compacting [/var/lib/scylla/data/system_schema/views-9786ac1cdd583201a7cdad556410c985/md-986-big-Data.db:level=0, /var/lib/scylla/data/system_schema/views-9786ac1cdd583201a7cdad556410c985/md-982-big-Data.db:level=0, ]
2021-02-24T18:00:55.219157305Z  INFO  2021-02-24 18:00:55,218 [shard 2] compaction - [Compact system.compaction_history 3d7fa921-76ca-11eb-aab3-000000000001] Compacting [/var/lib/scylla/data/system/compaction_history-b4dbb7b4dc493fb5b3bfce6e434832ca/md-606-big-Data.db:level=0, /var/lib/scylla/data/system/compaction_history-b4dbb7b4dc493fb5b3bfce6e434832ca/md-598-big-Data.db:level=0, ]
2021-02-24T18:00:55.226223223Z  INFO  2021-02-24 18:00:55,219 [shard 3] compaction - [Compact system.truncated 3d7fd030-76ca-11eb-9d1f-000000000003] Compacting [/var/lib/scylla/data/system/truncated-38c19fd0fb863310a4b70d0cc66628aa/md-3631-big-Data.db:level=0, /var/lib/scylla/data/system/truncated-38c19fd0fb863310a4b70d0cc66628aa/md-3627-big-Data.db:level=0, /var/lib/scylla/data/system/truncated-38c19fd0fb863310a4b70d0cc66628aa/md-3615-big-Data.db:level=0, ]
2021-02-24T18:00:55.226254124Z  INFO  2021-02-24 18:00:55,219 [shard 3] compaction - [Compact system_schema.computed_columns 3d7fd031-76ca-11eb-9d1f-000000000003] Compacting [/var/lib/scylla/data/system_schema/computed_columns-cc7c7069374033c192a4c3de78dbd2c4/md-1163-big-Data.db:level=0, /var/lib/scylla/data/system_schema/computed_columns-cc7c7069374033c192a4c3de78dbd2c4/md-1159-big-Data.db:level=0, /var/lib/scylla/data/system_schema/computed_columns-cc7c7069374033c192a4c3de78dbd2c4/md-1155-big-Data.db:level=0, ]
2021-02-24T18:00:55.226267304Z  INFO  2021-02-24 18:00:55,219 [shard 3] compaction - [Compact system_schema.functions 3d7fd032-76ca-11eb-9d1f-000000000003] Compacting [/var/lib/scylla/data/system_schema/functions-96489b7980be3e14a70166a0b9159450/md-419-big-Data.db:level=0, /var/lib/scylla/data/system_schema/functions-96489b7980be3e14a70166a0b9159450/md-415-big-Data.db:level=0, /var/lib/scylla/data/system_schema/functions-96489b7980be3e14a70166a0b9159450/md-411-big-Data.db:level=0, ]
2021-02-24T18:00:55.226292025Z  INFO  2021-02-24 18:00:55,219 [shard 3] compaction - [Compact system_schema.columns 3d7fd033-76ca-11eb-9d1f-000000000003] Compacting [/var/lib/scylla/data/system_schema/columns-24101c25a2ae3af787c1b40ee1aca33f/md-1299-big-Data.db:level=0, /var/lib/scylla/data/system_schema/columns-24101c25a2ae3af787c1b40ee1aca33f/md-1303-big-Data.db:level=0, /var/lib/scylla/data/system_schema/columns-24101c25a2ae3af787c1b40ee1aca33f/md-1295-big-Data.db:level=0, ]
2021-02-24T18:00:55.226306732Z  INFO  2021-02-24 18:00:55,220 [shard 3] compaction - [Compact system_schema.scylla_tables 3d7ff740-76ca-11eb-9d1f-000000000003] Compacting [/var/lib/scylla/data/system_schema/scylla_tables-5d912ff1f7593665b2c88042ab5103dd/md-1067-big-Data.db:level=0, /var/lib/scylla/data/system_schema/scylla_tables-5d912ff1f7593665b2c88042ab5103dd/md-1075-big-Data.db:level=0, ]
2021-02-24T18:00:55.226318524Z  INFO  2021-02-24 18:00:55,220 [shard 3] compaction - [Compact system.compaction_history 3d7ff741-76ca-11eb-9d1f-000000000003] Compacting [/var/lib/scylla/data/system/compaction_history-b4dbb7b4dc493fb5b3bfce6e434832ca/md-607-big-Data.db:level=0, /var/lib/scylla/data/system/compaction_history-b4dbb7b4dc493fb5b3bfce6e434832ca/md-599-big-Data.db:level=0, ]
2021-02-24T18:00:55.228081009Z  INFO  2021-02-24 18:00:55,227 [shard 0] init - initializing migration manager RPC verbs
2021-02-24T18:00:55.228758640Z  INFO  2021-02-24 18:00:55,228 [shard 0] init - initializing storage proxy RPC verbs
2021-02-24T18:00:55.229116115Z  INFO  2021-02-24 18:00:55,228 [shard 0] init - starting streaming service
2021-02-24T18:00:55.230227094Z  INFO  2021-02-24 18:00:55,229 [shard 0] init - starting hinted handoff manager
2021-02-24T18:00:56.880598897Z  INFO  2021-02-24 18:00:56,880 [shard 1] compaction - [Compact system.compaction_history 3e7d4300-76ca-11eb-b5f0-000000000002] Compacting [/var/lib/scylla/data/system/compaction_history-b4dbb7b4dc493fb5b3bfce6e434832ca/md-605-big-Data.db:level=0, /var/lib/scylla/data/system/compaction_history-b4dbb7b4dc493fb5b3bfce6e434832ca/md-601-big-Data.db:level=0, /var/lib/scylla/data/system/compaction_history-b4dbb7b4dc493fb5b3bfce6e434832ca/md-597-big-Data.db:level=0, ]
2021-02-24T18:00:57.743621965Z  INFO  2021-02-24 18:00:57,742 [shard 2] compaction - [Compact system.peers 3d7f5b01-76ca-11eb-aab3-000000000001] Compacted 3 sstables to []. 16kB to 0 bytes (~0% of original) in 0ms = 0 bytes/s. ~384 total partitions merged to 0.
2021-02-24T18:00:58.132981644Z  INFO  2021-02-24 18:00:58,132 [shard 1] compaction - [Compact system.local 3d7f0ce0-76ca-11eb-b5f0-000000000002] Compacted 2 sstables to [/var/lib/scylla/data/system/local-7ad54392bcdd35a684174e047860b377/md-6569-big-Data.db:level=0, ]. 18kB to 12kB (~64% of original) in 1664ms = 7kB/s. ~256 total partitions merged to 1.
2021-02-24T18:00:58.134323225Z  INFO  2021-02-24 18:00:58,133 [shard 0] init - starting messaging service
2021-02-24T18:00:58.135098203Z  INFO  2021-02-24 18:00:58,134 [shard 0] repair - Setting max_repair_memory=168820736, max_repair_memory_per_range=33554432, max_repair_ranges_in_parallel=5
2021-02-24T18:00:58.135457531Z  INFO  2021-02-24 18:00:58,134 [shard 0] init - starting storage service
2021-02-24T18:00:58.138224960Z  INFO  2021-02-24 18:00:58,137 [shard 0] storage_service - Loading persisted ring state
2021-02-24T18:00:58.141359629Z  INFO  2021-02-24 18:00:58,140 [shard 0] storage_service - initial_contact_nodes={10.0.20.3}, loaded_endpoints={}, loaded_peer_features=0
2021-02-24T18:00:58.141404326Z  INFO  2021-02-24 18:00:58,141 [shard 0] storage_service - Checking remote features with gossip, initial_contact_nodes={10.0.20.3}
2021-02-24T18:00:58.141836967Z  INFO  2021-02-24 18:00:58,141 [shard 0] messaging_service - Starting Messaging Service on port 7000
2021-02-24T18:00:58.141863111Z  INFO  2021-02-24 18:00:58,141 [shard 0] gossip - Gossip shadow round started with nodes={}
2021-02-24T18:00:58.141891555Z  WARN  2021-02-24 18:00:58,141 [shard 0] gossip - All nodes={} are down for get_endpoint_states verb. Skip ShadowRound.
2021-02-24T18:00:58.141904604Z  INFO  2021-02-24 18:00:58,141 [shard 0] gossip - Gossip shadow round finisehd with nodes_talked={}
2021-02-24T18:00:58.142214682Z  INFO  2021-02-24 18:00:58,141 [shard 0] gossip - Feature check passed. Local node 10.0.20.3 features = {CDC, COMPUTED_COLUMNS, CORRECT_COUNTER_ORDER, CORRECT_NON_COMPOUND_RANGE_TOMBSTONES, CORRECT_STATIC_COMPACT_IN_MC, COUNTERS, DIGEST_FOR_NULL_VALUES, DIGEST_INSENSITIVE_TO_EXPIRY, DIGEST_MULTIPARTITION_READ, HINTED_HANDOFF_SEPARATE_CONNECTION, INDEXES, LARGE_PARTITIONS, LA_SSTABLE_FORMAT, LWT, MATERIALIZED_VIEWS, MC_SSTABLE_FORMAT, MD_SSTABLE_FORMAT, NONFROZEN_UDTS, PER_TABLE_CACHING, PER_TABLE_PARTITIONERS, RANGE_TOMBSTONES, ROLES, ROW_LEVEL_REPAIR, SCHEMA_TABLES_V3, STREAM_WITH_RPC_STREAM, TRUNCATION_TABLE, UNBOUNDED_RANGE_TOMBSTONES, VIEW_VIRTUAL_COLUMNS, WRITE_FAILURE_REPLY, XXHASH}, Remote common_features = {}
2021-02-24T18:00:58.143647714Z  INFO  2021-02-24 18:00:58,143 [shard 0] storage_service - Restarting a node in NORMAL status
2021-02-24T18:00:59.058398634Z  INFO  2021-02-24 18:00:59,057 [shard 0] schema_tables - Schema version changed to d9780978-f87c-366c-a0f5-6b1d524f8488
2021-02-24T18:00:59.058733641Z  INFO  2021-02-24 18:00:59,057 [shard 0] storage_service - Starting up server gossip
2021-02-24T18:01:02.098339615Z  INFO  2021-02-24 18:01:02,097 [shard 3] compaction - [Compact system_schema.types 41995010-76ca-11eb-9d1f-000000000003] Compacting [/var/lib/scylla/data/system_schema/types-5a8b1ca866023f77a0459273d308917a/md-411-big-Data.db:level=0, /var/lib/scylla/data/system_schema/types-5a8b1ca866023f77a0459273d308917a/md-403-big-Data.db:level=0, /var/lib/scylla/data/system_schema/types-5a8b1ca866023f77a0459273d308917a/md-407-big-Data.db:level=0, ]
2021-02-24T18:01:02.098982519Z  INFO  2021-02-24 18:01:02,098 [shard 3] compaction - [Compact system_schema.dropped_columns 41997720-76ca-11eb-9d1f-000000000003] Compacting [/var/lib/scylla/data/system_schema/dropped_columns-5e7583b5f3f43af19a39b7e1d6f5f11f/md-1327-big-Data.db:level=0, /var/lib/scylla/data/system_schema/dropped_columns-5e7583b5f3f43af19a39b7e1d6f5f11f/md-1323-big-Data.db:level=0, /var/lib/scylla/data/system_schema/dropped_columns-5e7583b5f3f43af19a39b7e1d6f5f11f/md-1331-big-Data.db:level=0, ]
2021-02-24T18:01:02.100429330Z  INFO  2021-02-24 18:01:02,100 [shard 3] compaction - [Compact system_schema.indexes 41999e30-76ca-11eb-9d1f-000000000003] Compacting [/var/lib/scylla/data/system_schema/indexes-0feb57ac311f382fba6d9024d305702f/md-1267-big-Data.db:level=0, /var/lib/scylla/data/system_schema/indexes-0feb57ac311f382fba6d9024d305702f/md-1263-big-Data.db:level=0, /var/lib/scylla/data/system_schema/indexes-0feb57ac311f382fba6d9024d305702f/md-1259-big-Data.db:level=0, ]
2021-02-24T18:01:02.726924291Z  INFO  2021-02-24 18:01:02,726 [shard 2] compaction - [Compact system_schema.triggers 41f94a60-76ca-11eb-aab3-000000000001] Compacting [/var/lib/scylla/data/system_schema/triggers-4df70b666b05325195a132b54005fd48/md-402-big-Data.db:level=0, /var/lib/scylla/data/system_schema/triggers-4df70b666b05325195a132b54005fd48/md-398-big-Data.db:level=0, /var/lib/scylla/data/system_schema/triggers-4df70b666b05325195a132b54005fd48/md-394-big-Data.db:level=0, ]
2021-02-24T18:01:02.727009415Z  INFO  2021-02-24 18:01:02,726 [shard 2] compaction - [Compact system_schema.keyspaces 41f94a61-76ca-11eb-aab3-000000000001] Compacting [/var/lib/scylla/data/system_schema/keyspaces-abac5682dea631c5b535b3d6cffd0fb6/md-1194-big-Data.db:level=0, /var/lib/scylla/data/system_schema/keyspaces-abac5682dea631c5b535b3d6cffd0fb6/md-1190-big-Data.db:level=0, ]
2021-02-24T18:01:02.727412080Z  INFO  2021-02-24 18:01:02,727 [shard 2] compaction - [Compact system_schema.tables 41f94a62-76ca-11eb-aab3-000000000001] Compacting [/var/lib/scylla/data/system_schema/tables-afddfb9dbc1e30688056eed6c302ba09/md-1098-big-Data.db:level=0, /var/lib/scylla/data/system_schema/tables-afddfb9dbc1e30688056eed6c302ba09/md-1102-big-Data.db:level=0, /var/lib/scylla/data/system_schema/tables-afddfb9dbc1e30688056eed6c302ba09/md-1094-big-Data.db:level=0, ]
2021-02-24T18:01:02.910242597Z  INFO  2021-02-24 18:01:02,909 [shard 3] compaction - [Compact system_schema.tables 421536d0-76ca-11eb-9d1f-000000000003] Compacting [/var/lib/scylla/data/system_schema/tables-afddfb9dbc1e30688056eed6c302ba09/md-1103-big-Data.db:level=0, /var/lib/scylla/data/system_schema/tables-afddfb9dbc1e30688056eed6c302ba09/md-1095-big-Data.db:level=0, ]
2021-02-24T18:01:03.670136784Z  INFO  2021-02-24 18:01:03,669 [shard 0] compaction - [Compact system.compaction_history 3d7f33f0-76ca-11eb-a54e-000000000000] Compacted 3 sstables to [/var/lib/scylla/data/system/compaction_history-b4dbb7b4dc493fb5b3bfce6e434832ca/md-608-big-Data.db:level=0, ]. 281kB to 105kB (~37% of original) in 5307ms = 19kB/s. ~384 total partitions merged to 121.
2021-02-24T18:01:03.670186395Z  INFO  2021-02-24 18:01:03,669 [shard 0] compaction - [Compact system.cdc_local 3d7ee5d0-76ca-11eb-a54e-000000000000] Compacted 2 sstables to [/var/lib/scylla/data/system/cdc_local-0bcaffd40c833eadad13dc1d5015b77c/md-728-big-Data.db:level=0, ]. 10kB to 5kB (~51% of original) in 5308ms = 1kB/s. ~256 total partitions merged to 1.
2021-02-24T18:01:03.670796085Z  INFO  2021-02-24 18:01:03,669 [shard 0] compaction - [Compact system.truncated 3d7f0ce0-76ca-11eb-a54e-000000000000] Compacted 3 sstables to [/var/lib/scylla/data/system/truncated-38c19fd0fb863310a4b70d0cc66628aa/md-3632-big-Data.db:level=0, ]. 158kB to 76kB (~48% of original) in 5308ms = 14kB/s. ~384 total partitions merged to 2.
2021-02-24T18:01:04.039177950Z  INFO  2021-02-24 18:01:04,038 [shard 1] compaction - [Compact system.compaction_history 3e7d4300-76ca-11eb-b5f0-000000000002] Compacted 3 sstables to [/var/lib/scylla/data/system/compaction_history-b4dbb7b4dc493fb5b3bfce6e434832ca/md-609-big-Data.db:level=0, ]. 249kB to 105kB (~42% of original) in 5304ms = 19kB/s. ~384 total partitions merged to 133.
2021-02-24T18:01:04.039836262Z  INFO  2021-02-24 18:01:04,038 [shard 1] compaction - [Compact system.local 42c17c60-76ca-11eb-b5f0-000000000002] Compacting [/var/lib/scylla/data/system/local-7ad54392bcdd35a684174e047860b377/md-6573-big-Data.db:level=0, /var/lib/scylla/data/system/local-7ad54392bcdd35a684174e047860b377/md-6569-big-Data.db:level=0, ]
2021-02-24T18:01:06.173673278Z  INFO  2021-02-24 18:01:06,173 [shard 1] compaction - [Compact system.local 42c17c60-76ca-11eb-b5f0-000000000002] Compacted 2 sstables to [/var/lib/scylla/data/system/local-7ad54392bcdd35a684174e047860b377/md-6577-big-Data.db:level=0, ]. 18kB to 12kB (~66% of original) in 1261ms = 9kB/s. ~256 total partitions merged to 1.
2021-02-24T18:01:06.239948906Z  INFO  2021-02-24 18:01:06,239 [shard 3] compaction - [Compact system_schema.functions 3d7fd032-76ca-11eb-9d1f-000000000003] Compacted 3 sstables to [/var/lib/scylla/data/system_schema/functions-96489b7980be3e14a70166a0b9159450/md-423-big-Data.db:level=0, ]. 16kB to 5kB (~35% of original) in 6878ms = 864 bytes/s. ~384 total partitions merged to 1.
2021-02-24T18:01:06.543495895Z  INFO  2021-02-24 18:01:06,542 [shard 3] compaction - [Compact system.truncated 3d7fd030-76ca-11eb-9d1f-000000000003] Compacted 3 sstables to [/var/lib/scylla/data/system/truncated-38c19fd0fb863310a4b70d0cc66628aa/md-3635-big-Data.db:level=0, ]. 188kB to 63kB (~33% of original) in 6879ms = 9kB/s. ~384 total partitions merged to 2.
2021-02-24T18:01:06.836133790Z  INFO  2021-02-24 18:01:06,835 [shard 2] compaction - [Compact system_schema.views 3d7fa920-76ca-11eb-aab3-000000000001] Compacted 2 sstables to [/var/lib/scylla/data/system_schema/views-9786ac1cdd583201a7cdad556410c985/md-990-big-Data.db:level=0, ]. 13kB to 7kB (~51% of original) in 7507ms = 933 bytes/s. ~256 total partitions merged to 1.
2021-02-24T18:01:06.836922947Z  INFO  2021-02-24 18:01:06,835 [shard 2] compaction - [Compact system_schema.computed_columns 3d7f5b00-76ca-11eb-aab3-000000000001] Compacted 3 sstables to [/var/lib/scylla/data/system_schema/computed_columns-cc7c7069374033c192a4c3de78dbd2c4/md-1166-big-Data.db:level=0, ]. 15kB to 5kB (~35% of original) in 7509ms = 744 bytes/s. ~384 total partitions merged to 1.
2021-02-24T18:01:06.837816103Z  INFO  2021-02-24 18:01:06,836 [shard 2] compaction - [Compact system.truncated 3d7f0ce0-76ca-11eb-aab3-000000000001] Compacted 3 sstables to [/var/lib/scylla/data/system/truncated-38c19fd0fb863310a4b70d0cc66628aa/md-3634-big-Data.db:level=0, ]. 167kB to 56kB (~33% of original) in 7509ms = 7kB/s. ~384 total partitions merged to 4.
2021-02-24T18:01:06.837863256Z  INFO  2021-02-24 18:01:06,837 [shard 2] compaction - [Compact system_schema.scylla_tables 3d7f8210-76ca-11eb-aab3-000000000001] Compacted 3 sstables to [/var/lib/scylla/data/system_schema/scylla_tables-5d912ff1f7593665b2c88042ab5103dd/md-1078-big-Data.db:level=0, ]. 17kB to 6kB (~35% of original) in 7507ms = 835 bytes/s. ~384 total partitions merged to 1.
2021-02-24T18:01:06.838442373Z  INFO  2021-02-24 18:01:06,837 [shard 2] compaction - [Compact system_schema.columns 3d7f5b02-76ca-11eb-aab3-000000000001] Compacted 3 sstables to [/var/lib/scylla/data/system_schema/columns-24101c25a2ae3af787c1b40ee1aca33f/md-1306-big-Data.db:level=0, ]. 78kB to 61kB (~78% of original) in 7509ms = 8kB/s. ~384 total partitions merged to 2.
2021-02-24T18:01:06.838483010Z  INFO  2021-02-24 18:01:06,837 [shard 2] compaction - [Compact system.compaction_history 3d7fa921-76ca-11eb-aab3-000000000001] Compacted 2 sstables to [/var/lib/scylla/data/system/compaction_history-b4dbb7b4dc493fb5b3bfce6e434832ca/md-610-big-Data.db:level=0, ]. 135kB to 101kB (~75% of original) in 7508ms = 13kB/s. ~256 total partitions merged to 97.
2021-02-24T18:01:07.429662250Z  INFO  2021-02-24 18:01:07,428 [shard 3] compaction - [Compact system_schema.scylla_tables 3d7ff740-76ca-11eb-9d1f-000000000003] Compacted 2 sstables to [/var/lib/scylla/data/system_schema/scylla_tables-5d912ff1f7593665b2c88042ab5103dd/md-1079-big-Data.db:level=0, ]. 12kB to 6kB (~50% of original) in 6879ms = 931 bytes/s. ~256 total partitions merged to 1.
2021-02-24T18:01:07.431392632Z  INFO  2021-02-24 18:01:07,430 [shard 3] compaction - [Compact system_schema.computed_columns 3d7fd031-76ca-11eb-9d1f-000000000003] Compacted 3 sstables to [/var/lib/scylla/data/system_schema/computed_columns-cc7c7069374033c192a4c3de78dbd2c4/md-1167-big-Data.db:level=0, ]. 22kB to 12kB (~55% of original) in 6880ms = 1kB/s. ~384 total partitions merged to 2.
2021-02-24T18:01:07.431432617Z  INFO  2021-02-24 18:01:07,431 [shard 3] compaction - [Compact system.compaction_history 3d7ff741-76ca-11eb-9d1f-000000000003] Compacted 2 sstables to [/var/lib/scylla/data/system/compaction_history-b4dbb7b4dc493fb5b3bfce6e434832ca/md-611-big-Data.db:level=0, ]. 188kB to 104kB (~55% of original) in 7689ms = 13kB/s. ~256 total partitions merged to 117.
2021-02-24T18:01:07.431445598Z  INFO  2021-02-24 18:01:07,431 [shard 3] compaction - [Compact system_schema.columns 3d7fd033-76ca-11eb-9d1f-000000000003] Compacted 3 sstables to [/var/lib/scylla/data/system_schema/columns-24101c25a2ae3af787c1b40ee1aca33f/md-1307-big-Data.db:level=0, ]. 77kB to 58kB (~75% of original) in 7690ms = 7kB/s. ~384 total partitions merged to 4.
2021-02-24T18:01:08.541969277Z  INFO  2021-02-24 18:01:08,541 [shard 2] compaction - [Compact system_schema.dropped_columns 457096d0-76ca-11eb-aab3-000000000001] Compacting [/var/lib/scylla/data/system_schema/dropped_columns-5e7583b5f3f43af19a39b7e1d6f5f11f/md-1330-big-Data.db:level=0, /var/lib/scylla/data/system_schema/dropped_columns-5e7583b5f3f43af19a39b7e1d6f5f11f/md-1322-big-Data.db:level=0, /var/lib/scylla/data/system_schema/dropped_columns-5e7583b5f3f43af19a39b7e1d6f5f11f/md-1326-big-Data.db:level=0, ]
2021-02-24T18:01:08.933899601Z  INFO  2021-02-24 18:01:08,933 [shard 3] compaction - [Compact system_schema.triggers 45ac4040-76ca-11eb-9d1f-000000000003] Compacting [/var/lib/scylla/data/system_schema/triggers-4df70b666b05325195a132b54005fd48/md-403-big-Data.db:level=0, /var/lib/scylla/data/system_schema/triggers-4df70b666b05325195a132b54005fd48/md-399-big-Data.db:level=0, /var/lib/scylla/data/system_schema/triggers-4df70b666b05325195a132b54005fd48/md-395-big-Data.db:level=0, ]
2021-02-24T18:01:08.935022763Z  INFO  2021-02-24 18:01:08,934 [shard 3] compaction - [Compact system_schema.view_virtual_columns 45ac8e60-76ca-11eb-9d1f-000000000003] Compacting [/var/lib/scylla/data/system_schema/view_virtual_columns-08843b6345dc3be29798a0418295cfaa/md-1263-big-Data.db:level=0, /var/lib/scylla/data/system_schema/view_virtual_columns-08843b6345dc3be29798a0418295cfaa/md-1259-big-Data.db:level=0, /var/lib/scylla/data/system_schema/view_virtual_columns-08843b6345dc3be29798a0418295cfaa/md-1255-big-Data.db:level=0, ]
2021-02-24T18:01:09.528161558Z  INFO  2021-02-24 18:01:09,527 [shard 2] compaction - [Compact system_schema.tables 41f94a62-76ca-11eb-aab3-000000000001] Compacted 3 sstables to [/var/lib/scylla/data/system_schema/tables-afddfb9dbc1e30688056eed6c302ba09/md-1106-big-Data.db:level=0, ]. 75kB to 59kB (~79% of original) in 5812ms = 10kB/s. ~384 total partitions merged to 2.
2021-02-24T18:01:09.529274406Z  INFO  2021-02-24 18:01:09,528 [shard 2] compaction - [Compact system_schema.triggers 41f94a60-76ca-11eb-aab3-000000000001] Compacted 3 sstables to [/var/lib/scylla/data/system_schema/triggers-4df70b666b05325195a132b54005fd48/md-406-big-Data.db:level=0, ]. 16kB to 5kB (~35% of original) in 5814ms = 982 bytes/s. ~384 total partitions merged to 1.
2021-02-24T18:01:09.529330213Z  INFO  2021-02-24 18:01:09,528 [shard 2] compaction - [Compact system_schema.keyspaces 41f94a61-76ca-11eb-aab3-000000000001] Compacted 2 sstables to [/var/lib/scylla/data/system_schema/keyspaces-abac5682dea631c5b535b3d6cffd0fb6/md-1198-big-Data.db:level=0, ]. 61kB to 56kB (~91% of original) in 5815ms = 9kB/s. ~256 total partitions merged to 2.
2021-02-24T18:01:10.072268974Z  INFO  2021-02-24 18:01:10,071 [shard 2] compaction - [Compact system_schema.view_virtual_columns 465a0c70-76ca-11eb-aab3-000000000001] Compacting [/var/lib/scylla/data/system_schema/view_virtual_columns-08843b6345dc3be29798a0418295cfaa/md-1262-big-Data.db:level=0, /var/lib/scylla/data/system_schema/view_virtual_columns-08843b6345dc3be29798a0418295cfaa/md-1254-big-Data.db:level=0, /var/lib/scylla/data/system_schema/view_virtual_columns-08843b6345dc3be29798a0418295cfaa/md-1258-big-Data.db:level=0, ]
2021-02-24T18:01:10.376212177Z  INFO  2021-02-24 18:01:10,374 [shard 3] compaction - [Compact system_schema.types 41995010-76ca-11eb-9d1f-000000000003] Compacted 3 sstables to [/var/lib/scylla/data/system_schema/types-5a8b1ca866023f77a0459273d308917a/md-415-big-Data.db:level=0, ]. 16kB to 5kB (~35% of original) in 6835ms = 839 bytes/s. ~384 total partitions merged to 1.
2021-02-24T18:01:10.500989081Z  INFO  2021-02-24 18:01:10,500 [shard 3] compaction - [Compact system_schema.dropped_columns 41997720-76ca-11eb-9d1f-000000000003] Compacted 3 sstables to [/var/lib/scylla/data/system_schema/dropped_columns-5e7583b5f3f43af19a39b7e1d6f5f11f/md-1335-big-Data.db:level=0, ]. 16kB to 5kB (~35% of original) in 6836ms = 838 bytes/s. ~384 total partitions merged to 1.
2021-02-24T18:01:10.503083425Z  INFO  2021-02-24 18:01:10,502 [shard 3] compaction - [Compact system_schema.indexes 41999e30-76ca-11eb-9d1f-000000000003] Compacted 3 sstables to [/var/lib/scylla/data/system_schema/indexes-0feb57ac311f382fba6d9024d305702f/md-1271-big-Data.db:level=0, ]. 23kB to 12kB (~55% of original) in 6836ms = 1kB/s. ~384 total partitions merged to 2.
2021-02-24T18:01:10.572876484Z  INFO  2021-02-24 18:01:10,572 [shard 3] compaction - [Compact system_schema.tables 421536d0-76ca-11eb-9d1f-000000000003] Compacted 2 sstables to [/var/lib/scylla/data/system_schema/tables-afddfb9dbc1e30688056eed6c302ba09/md-1107-big-Data.db:level=0, ]. 65kB to 56kB (~85% of original) in 6124ms = 9kB/s. ~256 total partitions merged to 4.
2021-02-24T18:01:10.611914803Z  INFO  2021-02-24 18:01:10,611 [shard 2] compaction - [Compact system_schema.dropped_columns 457096d0-76ca-11eb-aab3-000000000001] Compacted 3 sstables to [/var/lib/scylla/data/system_schema/dropped_columns-5e7583b5f3f43af19a39b7e1d6f5f11f/md-1334-big-Data.db:level=0, ]. 15kB to 5kB (~35% of original) in 1529ms = 3kB/s. ~384 total partitions merged to 1.
2021-02-24T18:01:11.347133402Z  INFO  2021-02-24 18:01:11,346 [shard 2] compaction - [Compact system_schema.aggregates 471c9920-76ca-11eb-aab3-000000000001] Compacting [/var/lib/scylla/data/system_schema/aggregates-924c55872e3a345bb10c12f37c1ba895/md-390-big-Data.db:level=0, /var/lib/scylla/data/system_schema/aggregates-924c55872e3a345bb10c12f37c1ba895/md-386-big-Data.db:level=0, /var/lib/scylla/data/system_schema/aggregates-924c55872e3a345bb10c12f37c1ba895/md-382-big-Data.db:level=0, ]
2021-02-24T18:01:11.395158126Z  INFO  2021-02-24 18:01:11,394 [shard 3] compaction - [Compact system_schema.aggregates 4723ec20-76ca-11eb-9d1f-000000000003] Compacting [/var/lib/scylla/data/system_schema/aggregates-924c55872e3a345bb10c12f37c1ba895/md-391-big-Data.db:level=0, /var/lib/scylla/data/system_schema/aggregates-924c55872e3a345bb10c12f37c1ba895/md-387-big-Data.db:level=0, /var/lib/scylla/data/system_schema/aggregates-924c55872e3a345bb10c12f37c1ba895/md-383-big-Data.db:level=0, ]
2021-02-24T18:01:11.396044163Z  INFO  2021-02-24 18:01:11,395 [shard 3] compaction - [Compact system_schema.views 47241330-76ca-11eb-9d1f-000000000003] Compacting [/var/lib/scylla/data/system_schema/views-9786ac1cdd583201a7cdad556410c985/md-987-big-Data.db:level=0, /var/lib/scylla/data/system_schema/views-9786ac1cdd583201a7cdad556410c985/md-983-big-Data.db:level=0, ]
2021-02-24T18:01:11.977650328Z  INFO  2021-02-24 18:01:11,976 [shard 2] compaction - [Compact system_schema.view_virtual_columns 465a0c70-76ca-11eb-aab3-000000000001] Compacted 3 sstables to [/var/lib/scylla/data/system_schema/view_virtual_columns-08843b6345dc3be29798a0418295cfaa/md-1266-big-Data.db:level=0, ]. 16kB to 5kB (~35% of original) in 1274ms = 4kB/s. ~384 total partitions merged to 1.
2021-02-24T18:01:12.383349587Z  INFO  2021-02-24 18:01:12,382 [shard 3] compaction - [Compact system_schema.triggers 45ac4040-76ca-11eb-9d1f-000000000003] Compacted 3 sstables to [/var/lib/scylla/data/system_schema/triggers-4df70b666b05325195a132b54005fd48/md-407-big-Data.db:level=0, ]. 15kB to 5kB (~35% of original) in 2461ms = 2kB/s. ~384 total partitions merged to 1.
2021-02-24T18:01:12.428755386Z  INFO  2021-02-24 18:01:12,428 [shard 3] compaction - [Compact system_schema.view_virtual_columns 45ac8e60-76ca-11eb-9d1f-000000000003] Compacted 3 sstables to [/var/lib/scylla/data/system_schema/view_virtual_columns-08843b6345dc3be29798a0418295cfaa/md-1267-big-Data.db:level=0, ]. 23kB to 12kB (~55% of original) in 2461ms = 5kB/s. ~384 total partitions merged to 2.
2021-02-24T18:01:12.605077925Z  INFO  2021-02-24 18:01:12,604 [shard 2] compaction - [Compact system_schema.indexes 47dc66b0-76ca-11eb-aab3-000000000001] Compacting [/var/lib/scylla/data/system_schema/indexes-0feb57ac311f382fba6d9024d305702f/md-1266-big-Data.db:level=0, /var/lib/scylla/data/system_schema/indexes-0feb57ac311f382fba6d9024d305702f/md-1262-big-Data.db:level=0, /var/lib/scylla/data/system_schema/indexes-0feb57ac311f382fba6d9024d305702f/md-1258-big-Data.db:level=0, ]
2021-02-24T18:01:13.156578442Z  INFO  2021-02-24 18:01:13,155 [shard 2] compaction - [Compact system_schema.aggregates 471c9920-76ca-11eb-aab3-000000000001] Compacted 3 sstables to [/var/lib/scylla/data/system_schema/aggregates-924c55872e3a345bb10c12f37c1ba895/md-394-big-Data.db:level=0, ]. 16kB to 5kB (~35% of original) in 1257ms = 4kB/s. ~384 total partitions merged to 1.
2021-02-24T18:01:13.157029282Z  INFO  2021-02-24 18:01:13,156 [shard 3] compaction - [Compact system_schema.keyspaces 4830c840-76ca-11eb-9d1f-000000000003] Compacting [/var/lib/scylla/data/system_schema/keyspaces-abac5682dea631c5b535b3d6cffd0fb6/md-1195-big-Data.db:level=0, /var/lib/scylla/data/system_schema/keyspaces-abac5682dea631c5b535b3d6cffd0fb6/md-1191-big-Data.db:level=0, ]
2021-02-24T18:01:13.769558663Z  INFO  2021-02-24 18:01:13,769 [shard 2] compaction - [Compact system_schema.functions 488e2a80-76ca-11eb-aab3-000000000001] Compacting [/var/lib/scylla/data/system_schema/functions-96489b7980be3e14a70166a0b9159450/md-418-big-Data.db:level=0, /var/lib/scylla/data/system_schema/functions-96489b7980be3e14a70166a0b9159450/md-410-big-Data.db:level=0, /var/lib/scylla/data/system_schema/functions-96489b7980be3e14a70166a0b9159450/md-414-big-Data.db:level=0, ]
2021-02-24T18:01:13.902205348Z  INFO  2021-02-24 18:01:13,901 [shard 3] compaction - [Compact system_schema.aggregates 4723ec20-76ca-11eb-9d1f-000000000003] Compacted 3 sstables to [/var/lib/scylla/data/system_schema/aggregates-924c55872e3a345bb10c12f37c1ba895/md-395-big-Data.db:level=0, ]. 16kB to 5kB (~35% of original) in 1761ms = 3kB/s. ~384 total partitions merged to 1.
2021-02-24T18:01:13.952931634Z  INFO  2021-02-24 18:01:13,952 [shard 3] compaction - [Compact system_schema.views 47241330-76ca-11eb-9d1f-000000000003] Compacted 2 sstables to [/var/lib/scylla/data/system_schema/views-9786ac1cdd583201a7cdad556410c985/md-991-big-Data.db:level=0, ]. 20kB to 14kB (~68% of original) in 1761ms = 8kB/s. ~256 total partitions merged to 2.
2021-02-24T18:01:14.273184667Z  INFO  2021-02-24 18:01:14,272 [shard 2] compaction - [Compact system_schema.indexes 47dc66b0-76ca-11eb-aab3-000000000001] Compacted 3 sstables to [/var/lib/scylla/data/system_schema/indexes-0feb57ac311f382fba6d9024d305702f/md-1270-big-Data.db:level=0, ]. 16kB to 5kB (~35% of original) in 1164ms = 4kB/s. ~384 total partitions merged to 1.
2021-02-24T18:01:14.788564371Z  INFO  2021-02-24 18:01:14,787 [shard 2] compaction - [Compact system_schema.types 4929a730-76ca-11eb-aab3-000000000001] Compacting [/var/lib/scylla/data/system_schema/types-5a8b1ca866023f77a0459273d308917a/md-410-big-Data.db:level=0, /var/lib/scylla/data/system_schema/types-5a8b1ca866023f77a0459273d308917a/md-406-big-Data.db:level=0, /var/lib/scylla/data/system_schema/types-5a8b1ca866023f77a0459273d308917a/md-402-big-Data.db:level=0, ]
2021-02-24T18:01:14.896054833Z  INFO  2021-02-24 18:01:14,895 [shard 3] compaction - [Compact system_schema.keyspaces 4830c840-76ca-11eb-9d1f-000000000003] Compacted 2 sstables to [/var/lib/scylla/data/system_schema/keyspaces-abac5682dea631c5b535b3d6cffd0fb6/md-1199-big-Data.db:level=0, ]. 56kB to 51kB (~90% of original) in 1373ms = 37kB/s. ~256 total partitions merged to 4.
2021-02-24T18:01:15.206214858Z  INFO  2021-02-24 18:01:15,205 [shard 2] compaction - [Compact system_schema.functions 488e2a80-76ca-11eb-aab3-000000000001] Compacted 3 sstables to [/var/lib/scylla/data/system_schema/functions-96489b7980be3e14a70166a0b9159450/md-422-big-Data.db:level=0, ]. 16kB to 5kB (~35% of original) in 1018ms = 5kB/s. ~384 total partitions merged to 1.
2021-02-24T18:01:15.735160567Z  INFO  2021-02-24 18:01:15,734 [shard 2] compaction - [Compact system_schema.types 4929a730-76ca-11eb-aab3-000000000001] Compacted 3 sstables to [/var/lib/scylla/data/system_schema/types-5a8b1ca866023f77a0459273d308917a/md-414-big-Data.db:level=0, ]. 16kB to 5kB (~35% of original) in 856ms = 6kB/s. ~384 total partitions merged to 1.
2021-02-24T18:01:16.045665029Z  INFO  2021-02-24 18:01:16,044 [shard 0] gossip - No gossip backlog; proceeding
2021-02-24T18:01:16.047710637Z  INFO  2021-02-24 18:01:16,047 [shard 0] features - Feature CDC is enabled
2021-02-24T18:01:16.047776908Z  INFO  2021-02-24 18:01:16,047 [shard 0] features - Feature COMPUTED_COLUMNS is enabled
2021-02-24T18:01:16.047798318Z  INFO  2021-02-24 18:01:16,047 [shard 0] features - Feature CORRECT_STATIC_COMPACT_IN_MC is enabled
2021-02-24T18:01:16.048592362Z  INFO  2021-02-24 18:01:16,047 [shard 0] features - Feature DIGEST_FOR_NULL_VALUES is enabled
2021-02-24T18:01:16.048628715Z  INFO  2021-02-24 18:01:16,047 [shard 0] features - Feature DIGEST_INSENSITIVE_TO_EXPIRY is enabled
2021-02-24T18:01:16.048647632Z  INFO  2021-02-24 18:01:16,047 [shard 0] features - Feature HINTED_HANDOFF_SEPARATE_CONNECTION is enabled
2021-02-24T18:01:16.048666038Z  INFO  2021-02-24 18:01:16,047 [shard 0] features - Feature LWT is enabled
2021-02-24T18:01:16.048684463Z  INFO  2021-02-24 18:01:16,047 [shard 0] features - Feature MC_SSTABLE_FORMAT is enabled
2021-02-24T18:01:16.048702849Z  INFO  2021-02-24 18:01:16,047 [shard 0] features - Feature MD_SSTABLE_FORMAT is enabled
2021-02-24T18:01:16.048721063Z  INFO  2021-02-24 18:01:16,047 [shard 0] features - Feature NONFROZEN_UDTS is enabled
2021-02-24T18:01:16.048738936Z  INFO  2021-02-24 18:01:16,047 [shard 0] features - Feature PER_TABLE_CACHING is enabled
2021-02-24T18:01:16.048757183Z  INFO  2021-02-24 18:01:16,047 [shard 0] features - Feature PER_TABLE_PARTITIONERS is enabled
2021-02-24T18:01:16.048775294Z  INFO  2021-02-24 18:01:16,047 [shard 0] features - Feature ROW_LEVEL_REPAIR is enabled
2021-02-24T18:01:16.048793780Z  INFO  2021-02-24 18:01:16,047 [shard 0] features - Feature TRUNCATION_TABLE is enabled
2021-02-24T18:01:16.048839037Z  INFO  2021-02-24 18:01:16,047 [shard 0] features - Feature UNBOUNDED_RANGE_TOMBSTONES is enabled
2021-02-24T18:01:16.048859891Z  INFO  2021-02-24 18:01:16,047 [shard 0] features - Feature VIEW_VIRTUAL_COLUMNS is enabled
2021-02-24T18:01:16.050278820Z  INFO  2021-02-24 18:01:16,049 [shard 0] init - starting system distributed keyspace
2021-02-24T18:01:16.055086387Z  INFO  2021-02-24 18:01:16,054 [shard 0] storage_service - Using saved tokens {9122882257136270100, 9066588519930559993, 9061580907506437136, 8775859223532977932, 943448605036726745, 8325613099551670589, 800062458669145892, 7880345233810794046, 784130423392421222, 782580883702972777, 778239093056833917, 7732629563319678675, 7564694057214588647, 747840302865059114, 7469085752185829039, 7255484784972643852, 7222389702734437292, 7172238068082229918, 7103497347382660592, 6818717460470417221, 6496091893897576732, 6420907855788431922, 6381418245203458391, 6358173612251239308, 6115776390551923703, 5935809959838255935, 588034934972968299, 5848278814186320030, 5834675951458569055, 5704999654143823990, 5661405961885371428, 5569071124009844993, 7804258889026263620, 5441044328235651423, 5396954320704971060, 5311755414232655734, 5256736089695841171, 525652295242460822, 6302443190184390149, 5150907166433009570, 5102381975608989830, 4540975434217357056, 4497639963855891379, 4461207940793579131, 4453520694484038438, 4445989245037378795, 4262233236239091105, 408961909545308462, 873311388414975666, 5104799485589097680, 4037379789709069307, 3979649323160207298, 3941245744356891698, 3909145942678699742, 6478032244021912394, 3907413558358164712, 3840184102447470012, 5103660925946342563, 3822141065635310082, 667581605220131528, 3606629961194077343, 352278596429886466, 3361838207769500988, 3145063885579200582, 3100842289958262644, 2870638580126821409, 2609254198811139442, 2531294222158762011, 2431756818088451524, 5341717901052361821, 2050968450175517454, 1911454556365012923, 8413544620893079714, 214428871588027420, 1470306277250886071, 5796254206948921528, 4378909036113166689, 1172299952227812636, 105268539462240253, -1614584707908969492, 3058186759042775792, -2685359252619347507, -7341700934491837716, -4368295386640868227, -4280461110562472301, -4203952547861361192, -4177024142024341044, 4083460330442256183, -4113405879925637368, 8707696313600310498, -3880555618453256762, -4106310081010891923, -3428624778218969630, -4007868363884276055, 3373616921334842984, -3942245253345029362, 285540986842976874, -3729138346528579520, 855031166620283245, -3256341547923989103, 284028081363756156, 194223785007163967, -2800260328053956713, -2700796200994103492, -4623422606623793434, -6767019288334108993, -2365586676906010085, -431455211546220291, -3014142033706378490, 5153854518462400651, -7767361191227918078, 5890706123786165213, -8855822008500182327, -2732234699235264563, -4475005699924690030, -1171738939209168407, -1084614158625469139, -1295419475388780424, -4193553788022177878, -1474028219808469861, -1593748153114868683, -7190282066974323895, 8777890816944145805, -105211415949921556, 8280511155447462154, 3014475854062098037, -6104126434670973331, 7743526815996532326, -2879534723161185431, 6933997554702494562, -7913213531410876291, -2605645373691895986, -1004253484774030395, -2187125227394891465, 3287699046743316011, -184157634332906914, 1251119865371637993, -2699231837109027988, -6586482614645135705, 700944770677405149, -2135119982021577211, -1207620414022812792, -2319706609635128471, -2076430708060394350, 6788034976878782500, 3022913469242457337, 2879924223908633556, -5656441245782528349, -9132047842757487932, 7772390126184307669, -8529251962487546573, -1032698423218536378, -2648919406212884980, 3556932048290112968, -2391018463907211455, -467985751191813914, 7354219953741161264, -6338043935148530859, -471701403720839764, -4415280594152455372, -6127879535600466936, -4735496583611878200, 156312151312654313, -1761718599052329021, -4770694758141334815, -4895652206680369668, -2166731983266837511, -5095673126210616552, 6974970471767945112, 3924960423780627192, -4134923634748466107, -1363472444035739717, -511676141100664160, 2542018259596577135, -7111183380354176443, -8372022353883945178, 790424663468033093, -3280527161887251879, -3164480873853500968, -5136236598692180863, -5140544052953576706, 6448269612184381105, -4601858807243735115, -5285270377043925775, 4738411181964629022, -4231054370802445643, -6853270293933441203, 1912522665107890116, -8612347190400988175, -5228242602708342126, -5246840897237646542, 8957018461898327244, 8476533345381470087, 3533570692245755170, -5360532551957069796, 7009081579420542256, -1970747149103226319, -2640475812391264528, -5411685484465544274, -5508289632699420366, 5906838239532612246, -5526097868254533829, 5122450296475986719, 2104079815049743807, -4872163430844150374, -3101294897153501639, -4925670906471950289, -8001902308657073600, 1033733984444816800, -5595342098352848506, 4660022660859336370, -1709100826419756065, -8485257529464526975, -7405825010257289618, -572473923349256348, 533209426647054698, -6810383749951706976, -6017078328443447975, 2233495137371904435, 1688077838521597411, -6093280019772326743, 8813999419995718088, -6238625478980828395, -3409621329811667263, -6249520955674807415, -7148146405116016542, -6263078841153087564, 8675978575875245837, 1574734081023094222, -8953406550820932827, -1208769590907790735, -6303682351633097607, 1535311813904826318, -8024675672634848221, -8495384334141326469, -9173155356561330710, -6648258355715071793, -6779834804380741154, 5017042126534426855, -6985294397658573838, -6199824488038647909, -6441145814158460549, -7232953798633244985, -8352632933072691056, -4829128129506020031, -9210810031089136649, -7512330892235471280, -1522914538603683793, -769344519844763244, -4541237399207364623, -8694753427154041557, 8382283044476755854, -889434854029329118, 5401470720317959250, -8549013321787275289, 1018091569669202328}
2021-02-24T18:01:16.072010631Z  INFO  2021-02-24 18:01:16,071 [shard 0] schema_tables - Schema version changed to d9780978-f87c-366c-a0f5-6b1d524f8488
2021-02-24T18:01:16.093174897Z  INFO  2021-02-24 18:01:16,092 [shard 0] schema_tables - Schema version changed to b18bbcde-6606-3379-a1a5-68b0b0524d81
2021-02-24T18:01:16.110846704Z  INFO  2021-02-24 18:01:16,110 [shard 0] schema_tables - Schema version changed to b18bbcde-6606-3379-a1a5-68b0b0524d81
2021-02-24T18:01:16.128916364Z  INFO  2021-02-24 18:01:16,128 [shard 0] schema_tables - Schema version changed to b18bbcde-6606-3379-a1a5-68b0b0524d81
2021-02-24T18:01:16.493288279Z  INFO  2021-02-24 18:01:16,492 [shard 0] compaction - [Compact system.cdc_local 4a2dd0c0-76ca-11eb-a54e-000000000000] Compacting [/var/lib/scylla/data/system/cdc_local-0bcaffd40c833eadad13dc1d5015b77c/md-732-big-Data.db:level=0, /var/lib/scylla/data/system/cdc_local-0bcaffd40c833eadad13dc1d5015b77c/md-728-big-Data.db:level=0, ]
2021-02-24T18:01:17.174389641Z  INFO  2021-02-24 18:01:17,173 [shard 1] compaction - [Compact system.local 4a95ba50-76ca-11eb-b5f0-000000000002] Compacting [/var/lib/scylla/data/system/local-7ad54392bcdd35a684174e047860b377/md-6581-big-Data.db:level=0, /var/lib/scylla/data/system/local-7ad54392bcdd35a684174e047860b377/md-6577-big-Data.db:level=0, ]
2021-02-24T18:01:17.178806074Z  INFO  2021-02-24 18:01:17,178 [shard 0] storage_service - Node 10.0.20.3 state jump to normal
2021-02-24T18:01:17.596398630Z  INFO  2021-02-24 18:01:17,595 [shard 0] compaction - [Compact system.cdc_local 4a2dd0c0-76ca-11eb-a54e-000000000000] Compacted 2 sstables to [/var/lib/scylla/data/system/cdc_local-0bcaffd40c833eadad13dc1d5015b77c/md-736-big-Data.db:level=0, ]. 10kB to 5kB (~51% of original) in 712ms = 7kB/s. ~256 total partitions merged to 1.
2021-02-24T18:01:18.031098830Z  INFO  2021-02-24 18:01:18,030 [shard 0] storage_service - NORMAL: node is now in normal status
2021-02-24T18:01:18.031159798Z  INFO  2021-02-24 18:01:18,030 [shard 0] cdc - Latest generation seen during startup: 2021/01/13 14:33:24
2021-02-24T18:01:18.031959677Z  INFO  2021-02-24 18:01:18,031 [shard 0] init - starting tracing
2021-02-24T18:01:18.033145836Z  INFO  2021-02-24 18:01:18,032 [shard 0] init - SSTable data integrity checker is disabled.
2021-02-24T18:01:18.033188421Z  INFO  2021-02-24 18:01:18,032 [shard 0] init - starting auth service
2021-02-24T18:01:18.036396043Z  INFO  2021-02-24 18:01:18,036 [shard 0] init - starting batchlog manager
2021-02-24T18:01:18.036786529Z  INFO  2021-02-24 18:01:18,036 [shard 0] init - starting load meter
2021-02-24T18:01:18.036809635Z  INFO  2021-02-24 18:01:18,036 [shard 0] init - starting cf cache hit rate calculator
2021-02-24T18:01:18.037203677Z  INFO  2021-02-24 18:01:18,036 [shard 0] init - starting view update backlog broker
2021-02-24T18:01:18.038255702Z  INFO  2021-02-24 18:01:18,037 [shard 0] init - Waiting for gossip to settle before accepting client requests...
2021-02-24T18:01:18.162099399Z  INFO  2021-02-24 18:01:18,161 [shard 1] compaction - [Compact system.local 4a95ba50-76ca-11eb-b5f0-000000000002] Compacted 2 sstables to [/var/lib/scylla/data/system/local-7ad54392bcdd35a684174e047860b377/md-6585-big-Data.db:level=0, ]. 18kB to 12kB (~66% of original) in 869ms = 13kB/s. ~256 total partitions merged to 1.
2021-02-24T18:01:30.039242141Z  INFO  2021-02-24 18:01:30,038 [shard 0] gossip - No gossip backlog; proceeding
2021-02-24T18:01:30.040430371Z  INFO  2021-02-24 18:01:30,039 [shard 0] init - allow replaying hints
2021-02-24T18:01:30.041071912Z  INFO  2021-02-24 18:01:30,040 [shard 0] init - Launching generate_mv_updates for non system tables
2021-02-24T18:01:30.041835621Z  INFO  2021-02-24 18:01:30,040 [shard 0] init - starting the view builder
2021-02-24T18:01:30.518372946Z  INFO  2021-02-24 18:01:30,517 [shard 0] compaction - [Compact system.truncated 5289dc50-76ca-11eb-a54e-000000000000] Compacting [/var/lib/scylla/data/system/truncated-38c19fd0fb863310a4b70d0cc66628aa/md-3636-big-Data.db:level=0, /var/lib/scylla/data/system/truncated-38c19fd0fb863310a4b70d0cc66628aa/md-3632-big-Data.db:level=0, ]
2021-02-24T18:01:30.518410066Z  INFO  2021-02-24 18:01:30,517 [shard 0] init - starting native transport
2021-02-24T18:01:30.520195813Z  INFO  2021-02-24 18:01:30,519 [shard 0] cql_server_controller - Starting listening for CQL clients on 10.0.20.3:9042 (unencrypted, non-shard-aware)
2021-02-24T18:01:30.520218476Z  INFO  2021-02-24 18:01:30,519 [shard 0] cql_server_controller - Starting listening for CQL clients on 10.0.20.3:19042 (unencrypted, shard-aware)
2021-02-24T18:01:30.522641276Z  INFO  2021-02-24 18:01:30,522 [shard 0] thrift_controller - Thrift server listening on 10.0.20.3:9160 ...
2021-02-24T18:01:30.524014167Z  INFO  2021-02-24 18:01:30,523 [shard 0] init - serving
2021-02-24T18:01:30.524055020Z  INFO  2021-02-24 18:01:30,523 [shard 0] init - Scylla version 4.3.1-0.20210210.46650adcd initialization completed.
2021-02-24T18:01:31.034504714Z  INFO  2021-02-24 18:01:31,033 [shard 0] compaction - [Compact system.truncated 5289dc50-76ca-11eb-a54e-000000000000] Compacted 2 sstables to [/var/lib/scylla/data/system/truncated-38c19fd0fb863310a4b70d0cc66628aa/md-3640-big-Data.db:level=0, ]. 82kB to 76kB (~93% of original) in 425ms = 180kB/s. ~256 total partitions merged to 2.
2021-02-24T18:02:04.974803384Z  INFO  2021-02-24 18:02:04,974 [shard 0] compaction - [Compact system.clients 67136dd0-76ca-11eb-a54e-000000000000] Compacting [/var/lib/scylla/data/system/clients-ca0f635d863036098d93a1fc06f2a5e5/md-8-big-Data.db:level=0, /var/lib/scylla/data/system/clients-ca0f635d863036098d93a1fc06f2a5e5/md-4-big-Data.db:level=0, ]
2021-02-24T18:02:05.693001653Z  INFO  2021-02-24 18:02:05,692 [shard 0] compaction - [Compact system.clients 67136dd0-76ca-11eb-a54e-000000000000] Compacted 2 sstables to [/var/lib/scylla/data/system/clients-ca0f635d863036098d93a1fc06f2a5e5/md-12-big-Data.db:level=0, ]. 102kB to 7kB (~7% of original) in 478ms = 16kB/s. ~256 total partitions merged to 1.
2021-02-24T18:02:14.790792029Z  INFO  2021-02-24 18:02:14,789 [shard 0] compaction - [Compact system.clients 6ced3b50-76ca-11eb-a54e-000000000000] Compacting [/var/lib/scylla/data/system/clients-ca0f635d863036098d93a1fc06f2a5e5/md-12-big-Data.db:level=0, /var/lib/scylla/data/system/clients-ca0f635d863036098d93a1fc06f2a5e5/md-16-big-Data.db:level=0, ]
2021-02-24T18:02:15.338014129Z  INFO  2021-02-24 18:02:15,337 [shard 0] compaction - [Compact system.clients 6ced3b50-76ca-11eb-a54e-000000000000] Compacted 2 sstables to [/var/lib/scylla/data/system/clients-ca0f635d863036098d93a1fc06f2a5e5/md-20-big-Data.db:level=0, ]. 58kB to 6kB (~11% of original) in 445ms = 14kB/s. ~256 total partitions merged to 1.
2021-02-24T18:02:26.295197821Z  INFO  2021-02-24 18:02:26,294 [shard 0] compaction - [Compact system.clients 73c8c160-76ca-11eb-a54e-000000000000] Compacting [/var/lib/scylla/data/system/clients-ca0f635d863036098d93a1fc06f2a5e5/md-20-big-Data.db:level=0, /var/lib/scylla/data/system/clients-ca0f635d863036098d93a1fc06f2a5e5/md-24-big-Data.db:level=0, ]
2021-02-24T18:02:26.825028885Z  INFO  2021-02-24 18:02:26,824 [shard 0] compaction - [Compact system.clients 73c8c160-76ca-11eb-a54e-000000000000] Compacted 2 sstables to [/var/lib/scylla/data/system/clients-ca0f635d863036098d93a1fc06f2a5e5/md-28-big-Data.db:level=0, ]. 57kB to 6kB (~10% of original) in 414ms = 14kB/s. ~256 total partitions merged to 1.
2021-02-24T18:02:40.046326944Z  INFO  2021-02-24 18:02:40,045 [shard 0] compaction - [Compact system.clients 7bfafdd0-76ca-11eb-a54e-000000000000] Compacting [/var/lib/scylla/data/system/clients-ca0f635d863036098d93a1fc06f2a5e5/md-28-big-Data.db:level=0, /var/lib/scylla/data/system/clients-ca0f635d863036098d93a1fc06f2a5e5/md-32-big-Data.db:level=0, ]
2021-02-24T18:02:40.568996089Z  INFO  2021-02-24 18:02:40,568 [shard 0] compaction - [Compact system.clients 7bfafdd0-76ca-11eb-a54e-000000000000] Compacted 2 sstables to [/var/lib/scylla/data/system/clients-ca0f635d863036098d93a1fc06f2a5e5/md-36-big-Data.db:level=0, ]. 57kB to 6kB (~10% of original) in 398ms = 15kB/s. ~256 total partitions merged to 1.
2021-02-24T18:02:55.191898532Z  INFO  2021-02-24 18:02:55,191 [shard 0] compaction - [Compact system.clients 85021670-76ca-11eb-a54e-000000000000] Compacting [/var/lib/scylla/data/system/clients-ca0f635d863036098d93a1fc06f2a5e5/md-36-big-Data.db:level=0, /var/lib/scylla/data/system/clients-ca0f635d863036098d93a1fc06f2a5e5/md-40-big-Data.db:level=0, ]
2021-02-24T18:02:55.304265083Z  INFO  2021-02-24 18:02:55,303 [shard 0] compaction - [Compact system.clients 85021670-76ca-11eb-a54e-000000000000] Compacted 2 sstables to []. 57kB to 0 bytes (~0% of original) in 25ms = 0 bytes/s. ~256 total partitions merged to 0.
