2021-02-24T18:01:46.221037438Z 0 WkMLLDeIijlWxZ2gCZ1puW0dzhPnnKlWWgQ38cnmKUnsPsK7dsfn66muHl7Qxm
2021-02-24T18:01:46.233118457Z 1 QG90tXo9egNdCOT7dAN5t96LxiWqCUNkoSEWFhF5MqZmS48EcpbF8V3mql48TS
2021-02-24T18:01:46.244390838Z 2 9w1c5gLIiGHCNjo2BHxDNgWYFgAu2dMdLoYl3Rc3KFL4L8zBthvaQuZSKOmCz9
2021-02-24T18:01:46.255627730Z 3 4mmRk1km5vf5cIZSPbYODZ4Mf77z298K7IiKBlnSxhwRuwjhFyBigByUxWntxI
2021-02-24T18:01:46.266570778Z 4 kTETh26JNZIZy2El6ReNGMbmTjAHVsFeMb1qk5gwBHe7zNgi2e6cbLO9HeRMbr
2021-02-24T18:01:46.279150734Z 5 q9GcEpGFWRDFNAM6tCyPGBB1vuSIQvO7sRQmPB6sUTxF8EOAfkXIzHXgP3cRic
2021-02-24T18:01:46.290866506Z 6 E5VK8ENKuDPnHt4IVKvr7NVdEC8Z52t0EGobJGUSxYy4qQplrNMo630etaqmGl
2021-02-24T18:01:46.302228973Z 7 vco3TQwcOumvqG8yL3gz8I3hLrqQr1HTF0Dh4lqDIZzeVq0o7gGSeMsbd1AAoH
2021-02-24T18:01:46.313968377Z 8 xg3VQkEXFVy4zVf0siwuXjZIQ6SM1HIpbK3FMbktvVWnP30mO0RfbDue4DFFOk
2021-02-24T18:01:46.325218989Z 9 vd2r22Z0iLBmVBo3hG414f2VmnaobbAu687gzhw8oux0myhcKleCN4Nv9D0gLu
2021-02-24T18:01:46.337872345Z 10 u19XCfbuMrsudt6R0I0FZrcKouyonHqJHkQl7o4LQDJIi1KMqPvykX0nRHvMU
2021-02-24T18:01:46.347997254Z 11 fv1jgoTlJbhyca13r9ZnzoqtaP3P0rRcmdwJU9nd5IWIragSD0Q92kEA1arYQ
2021-02-24T18:01:46.359922090Z 12 orYA086MIpVlljV3oELdDIgRVlfP9T5j8Mmqm6wxu7dWtsooxqPuyVWykpZfJ
2021-02-24T18:01:46.370312784Z 13 Rq4jZekAJEPFlJv2oym3LH4vh6VkQWGlXpy3paP9eelnw7cBG6iHeq5D2FvFs
2021-02-24T18:01:46.381853358Z 14 23a2CCBmenlCnDJXN2fOc82MB6QUbD074aR3Imt0rk20MPXNt4F17Xve8GMPe
2021-02-24T18:01:46.394343509Z 15 xUnY40HtMVeDcByhdlHzirAN1OB8vtqZxDy57T2QKYYO0VgpWNfoIq9iVG5Rf
2021-02-24T18:01:46.406513644Z 16 7CXtbi2YLo32ll7oJbxqaE5WdfGYMoVhNZLBE5dsWOyYKFFKKjg74F1h0pDBC
2021-02-24T18:01:46.416630839Z 17 6uxikPk1EAtEThsrMy3O3qmGnvgbg5j9qjqUcZs8AcHFf6Hk1jo33jGcrhlgI
2021-02-24T18:01:46.427752828Z 18 V2IPDAE1HrWWrw3sqWq6yin7nYLnPYUDgtOarCJwTm6BmFX7FhN6u4JCdji1B
2021-02-24T18:01:46.438947067Z 19 HgpjnRSu7SSqcc9DqJMjzk8WrLhdlkwnEv9DPC30IJy78ChZ1OB2dmp530f0p
2021-02-24T18:01:46.451162203Z 20 89lKGm3ojtaBpszewnh7L3SJCzru7qCTpZgxGJcgrL9G29teigPJFHsbqp1tb
2021-02-24T18:01:46.462672006Z 21 VeoMOuheuyt7tlqRE2gN2g1haO7ix0GZlR0SOqbJRs4Un3aXxkoNSRIMOdstc
2021-02-24T18:01:46.473899582Z 22 tL1Zy2KXGEmSFvY3pl5QjbM0aksdkEg8b92k14yiV7rCvfDtuUXoZXZlnGIeD
2021-02-24T18:01:46.485126657Z 23 kGbUj4bI3N8T82Zy01k1CYO0micjwTwUKcEkMmDeqbZjGmJSefP2t9TH5w5DJ
2021-02-24T18:01:46.496739471Z 24 9XCsxgb2uiOMB5JLd9ma1gKkE6sJCfKYtXQpJRrnjGsvfFaa1q3LQ1U9F3cHQ
2021-02-24T18:01:46.507834054Z 25 c45LRzFeSWJJSpOV9IJyTT9YiEkl4XzJSpVQB5V2ZKc2STbvsYHPdgvXWsjzH
2021-02-24T18:01:46.518978818Z 26 xZTDkHskbkjm8MVERSIJIIJBmW21DXBUzPWocGiykdMZ0DD18lrTcANS6O92H
2021-02-24T18:01:46.529238441Z 27 3WeOfJ8WSbmgEZIktWGwWg6vZuYb2UIfgCviePtxhOwPxk7ctoIIuUtS4qosP
2021-02-24T18:01:46.540707728Z 28 JBjgWeNfjBJxBUvn7N33NVXRKI1fkzGG10s1iOaSMu7C537ouWuAfBje1ZVpe
2021-02-24T18:01:46.551833767Z 29 IYscJEwoefqtIxLnpsxLMiApetONEfAYWXTI4g244mGrEn4PzdBJEgveIKpSi
2021-02-24T18:01:46.562504960Z 30 vif79u30Xk3tLuS4ybtlB0ZryWyCFl9bXYyTcLVj3CdnZ7pnpPaADWN0guADb
2021-02-24T18:01:46.574136821Z 31 3IPBhNAIIZ8CicSwSfrR7qLdKDLQLIgF3yOkOkVZKJjTZyZawcxvXVyhmS2RE
2021-02-24T18:01:46.586038529Z 32 xMMBb3FQKoBlb5vHyZ1gDIuAR68fApBqpV3gz4xZGabmsxunseN1LC4XdeRNm
2021-02-24T18:01:46.596664083Z 33 UDtCvs62VujLi3QBputeDGu3IYjJFbQyZAemkSFwohkVj6MfMFf8y2oPpIzZJ
2021-02-24T18:01:46.607575389Z 34 ZLcRKGBwHjZg0PSsKkuSAh69o3KDQ3x0BXGvzD887jsp8RkCSywXthwNG2FEv
2021-02-24T18:01:46.619096664Z 35 Yl6fRqDIHZXnNE6fmKLlnklRWC8YLUn3XIxUn24Az7Iikz5Lmv3hvuD8aBlS5
2021-02-24T18:01:46.630928664Z 36 hnRBenFxoULeGaLl9gStCjUfL1Zh3HxmqPql8zdc4Cr65s1p0zc7bzfAOzewO
2021-02-24T18:01:46.641257359Z 37 1eJZbxOLH6SxErIMZeqCVk75qCyYpSgJky0fH1lX5hWMKOzqY0bCzcMTkDmsA
2021-02-24T18:01:46.652811151Z 38 YAudZZGHQurEwtXyVCaOENel5ql3krkd4pPoonouRFvmYap8B5c9sgJQLiuDW
2021-02-24T18:01:46.664107369Z 39 iQT0KglA8h2pMDL50YGZOcksil2lxA0Nh2W1tkdej5WrykWFbHS9u5bSCX24p
2021-02-24T18:01:46.675541174Z 40 ZXEZ9pEraI1SLr9bvvi9W0I2VXhHtGguKViK3KOX2vFJPVsSX3Lr5J1uoqSju
2021-02-24T18:01:46.688754003Z 41 pKNtMlu74CfMx5BjUCq1qUliIF2IZYVz5w2OTATAAxPrSAD9irHL4DSRiGNvS
2021-02-24T18:01:46.699648639Z 42 grRCbrowQncZy0wkcDfjKH3i9f5jHI1lEMXnZhiBDUdEVqWctABvY8ofTg5GB
2021-02-24T18:01:46.711073472Z 43 zmskb7wPpVXShsedM3vFt4GbzJTPamAd0bywcH4LucxWSZnbP2wNNXAjTM4dA
2021-02-24T18:01:46.722856695Z 44 KvhC3r10hmutUjP83TwoN5OQpE94huuPfnqqCKghAMip4yAoXUFHUxbHA66UW
2021-02-24T18:01:46.733294734Z 45 VVzFqig6dbgtS19XIxfvkRZxXEWbrqAcCPnwpifGHrc3FahgLslJfhTmJf6Ty
2021-02-24T18:01:46.744626159Z 46 1nm5RMEgSfigAczYJU05PSjpwL7ZV4YnydxdQYGXEzsrMmNfiVriZDT1UD7bx
2021-02-24T18:01:46.755790889Z 47 q7iB2e9at0f7Nw8srWOSkF29ecPNnXAQQgik8yf3ZEsKWLZurmwTXeKknOtAE
2021-02-24T18:01:46.767007367Z 48 pujmpIG0u1wyMTF5B5vSPcExGutwBho4mbAVC3NHcy7bvKt6aGuU0yLwjRD2W
2021-02-24T18:01:46.777454077Z 49 fahrfnyhlzAxwf4PzZxKBupPreWrSQ8MmvUu8rz2ftQrH9ydpxjI8rbySCfbZ
2021-02-24T18:01:46.789044705Z 50 YDhLklHWXaAxd1Nnoaxfo7otcKcsdOI933yEEtgjMeEKOjYi1NMDZbrqNiOLb
2021-02-24T18:01:46.800336312Z 51 rORWWEKksrZGPlegs4LjwNpWjEQtt84dWMdsRjhs3RClGDqBSwmLb9CMgreiI
2021-02-24T18:01:46.811457057Z 52 1aJoeLnmkH6sjJBVheMnjJtD9EsX2gyMolYdNWazDfCUUGBKa7EKVa35qzBNe
2021-02-24T18:01:46.822531628Z 53 RHz9X6HzdLmJfIohFgRPrFWY8TOeTfWrRUxqPrZKr2uZKvUdn36NflqhrsPhQ
2021-02-24T18:01:46.833680862Z 54 AzwKJgHdLeaJH0hzoxjAixo6MPOkoQNXC42AZerjBxqy5ahDHhc43VBafVQLq
2021-02-24T18:01:46.845035538Z 55 51exaK6ganXMkNQ84kEFZ2fRoOOoISJJTpbyZ77IHIEEdSRqhVTchrmenoshg
2021-02-24T18:01:46.856779651Z 56 ynDzbhWqqDESYcpZiJqMbfa172Cv8eS1S1VYCbI9U62DvsK9TrqwG9RsmqLYn
2021-02-24T18:01:46.867573089Z 57 m12qTuV2y8OpgVe64QVdQYs0IPmkotV13jTyyrlSKQR6TbdBsdxjBTfWSfQmE
2021-02-24T18:01:46.878460650Z 58 WSaQAOMf8vqaWPO6MIALPHqpEuKDnUoKKPzU6SciIg7I4UdWhFQfohO2qzmog
2021-02-24T18:01:46.889500805Z 59 aREbjdSJcaBUvCHMqbXHsYLff4jr8sqJbmTUfJgKJGsDBHhteUPqrT2C7PkwU
2021-02-24T18:01:46.900538643Z 60 KkSFL65A767PnARD0ARAepiFtv4PrwvKyu1VPpWIaUuvjluA1rMWG4BmVbbn5
2021-02-24T18:01:46.911953187Z 61 2cbuygEdrDvyOqb8oo0yz1uCKwCrZv2nHDB754MYtwad3ZImGN2PeML3dm67C
2021-02-24T18:01:46.922279428Z 62 drJwcOVEqPkyz7C41roSCVnx7xwKfX0AyOXXgeJDqjYVKYZLNV5nTnOJAraa2
2021-02-24T18:01:46.933418387Z 63 HOnSkNNLBKTGUzybwUlFBjKO0vVKgI4T2JOF1CfwUx3aeuoyY2Gm54BToif4J
2021-02-24T18:01:46.945096273Z 64 hMPRuaY83TQiaJquWttAYIc0szHVTaprguk3DnRM9c8shtyplYfWWu19GhCsp
2021-02-24T18:01:46.956382695Z 65 iZyp5iacJkgTfdOeDVWa9XqFEr9IBDKMCPcArHiXDlE8MFDeJdhtec0QI1cEm
2021-02-24T18:01:46.967802832Z 66 y7BMWd18MWXwPKVdqOhWA3oiDaQCMwOYHsNirLOyGjxH9LeXSnn8DYeTGn1rR
2021-02-24T18:01:46.978487599Z 67 0pumxXiUpL5C17s8zshspreJK2qnY783EPbL2Fmpo39r8lmtBqCuQnDw928k6
2021-02-24T18:01:46.989313162Z 68 lOwo2i1Z44X9thAJcwIee9naRbuijRhPixWu1KuXwtv5ultqefLtVzCvWT0f7
2021-02-24T18:01:47.000756166Z 69 sTh5LjOUGtyHOMiWJJ0ZFup4nM4YMFcEDRKp8AnjvxMfO6qBZiibzGmnrQz3F
2021-02-24T18:01:47.013035676Z 70 RnBTw0TXXcxgbYMKMwQb8foW3G7B5j1ZWXOFC4SjlDhuEtqXFYLazuDDR8IW7
2021-02-24T18:01:47.024386528Z 71 G5tpsLV8JQ6UsdY2qXLBVqIhZM0zdzrB6dwLOA1IeuDtx7t9x39E7vc1UctJS
2021-02-24T18:01:47.035761071Z 72 ladraJkvGYYdic39GJSnKxHaFpErWx8DgEiRo6L8K72ODRFKzaQEYWxUMqjyn
2021-02-24T18:01:47.046653415Z 73 QBIXbx7y1uB06DjzXDE3v3vhI9V76x86Epdyr5raJC4q0CGGX0TtIe8ju5Diz
2021-02-24T18:01:47.058032875Z 74 040T1ibsuKKKIIBoYAtSHsgnQhkss4glYUj565LvSgKtUHbeNWTBmQEAvj57E
2021-02-24T18:01:47.070100526Z 75 kA9WOo0KzK4AT1vfu3tPGAUFDd7LDJlYS3rgUg3jbpb2Jt6WW4Xu8ELlTkme3
2021-02-24T18:01:47.081457702Z 76 5GWFa3zz8Ii1cCstfiIswziC4RVItMtUvjclckofektbF2rKLUABwlQoPY1C0
2021-02-24T18:01:47.092800988Z 77 nMW7t1PpTlUKInbjGqhi2ugykmnSn5GClsjb2iQboiezuzULnWmXgEdyck4mx
2021-02-24T18:01:47.104356694Z 78 rHLPVhuplpjdgZ87LEZWmAUgnU3ZPJftdIULpNlzsL1cFBmKbMMHw1kRLRIIj
2021-02-24T18:01:47.115535499Z 79 1YTU7e77DPWgEkPzMEnCiK2Jp03SAfwMku2tDHll3JnS67F0BQgnzupHto5Nh
2021-02-24T18:01:47.126260843Z 80 JXg1LQbx3Z2ZBPPqgPtBPxI3ymjK7ZeDk476GLbBz2bNLrgYVFDUppJnHD91x
2021-02-24T18:01:47.138242729Z 81 MkFHtD2ZmgfVBopegTpXD1gieHnmSwV2hXNo9hVpP6uSEDc3DIlRHBYmEjusa
2021-02-24T18:01:47.149523341Z 82 kmOFzS83KpMSov8yMtdxzWKGzMmvrBEMVw1J8R41qWSXFsnDXzDKRO3oSc48l
2021-02-24T18:01:47.160878714Z 83 yQEWh7y5yLj988zpHppLA8tuTDWMfZzw4cZMfqv5Hpcoyhmv1NbhWxocLIA2n
2021-02-24T18:01:47.171938459Z 84 nZBTFqARnP2g0hsp4VHUBAWBplVgyEKbTORqzRjOVL7UjUDKWkGJgKQZSGLXm
2021-02-24T18:01:47.182740751Z 85 SJw27QznwL8IJGpmsYULGYVAo8oyui9IVcjuMU6l4Zh5GqwpdWE8j4wx6FMEC
2021-02-24T18:01:47.193306378Z 86 WoxWyhASUjx3zEwviRQ8gR1kcJjS2CQaiBMdFe3JUNyTRgEKy65iRiNp0Bvft
2021-02-24T18:01:47.204466705Z 87 tiQJxQ4d6aN2iTpi4d9DR6zUgnjzAPqGEE50YRJSVdgKKDO3u44UhCfiC0SxN
2021-02-24T18:01:47.215840449Z 88 OxfRSoiKbLQ3dUKWSITIccRZOy1i7RpqJdheXFA6MZ0aTWN9xCZRrRUNUPVGo
2021-02-24T18:01:47.227181893Z 89 xCc8y6GCrlqrMD4ujojQQHgsJ1x09GgAtwVivxXK5fsUkBB0DAe3x3bWmBW6M
2021-02-24T18:01:47.238738694Z 90 it3Cr1rk566gYEGfJCA0bAWQRMT87erTOUw53dNJ3IFqHxX2MaPPpPskJcRiJ
2021-02-24T18:01:47.250463122Z 91 WXxmLHSVTBDf1s4JJhXvG08YKpE4PDrvMADcQ6TnPt6arcFp9l28wUaLxaJM1
2021-02-24T18:01:47.262125187Z 92 y1x3yCbYl9LbkSySZYQksPPV9zGrnwqtJui164p8DezMVLK4iJBNS2cSX3VZy
2021-02-24T18:01:47.273431367Z 93 Ggjv8wSHnwtMyAB79zC1xLfBXOz4yOtop1dvmaBC3TvGUnBvBaAg4GFgZYeWu
2021-02-24T18:01:47.284825207Z 94 YcP8DSwcCaCExBtlv41HPkfs00yWiktySd9cqjBNPI45gVftMMBiNPql5SbHE
2021-02-24T18:01:47.296089549Z 95 3lKWAmsJ29r0mtk7LZ6CeQhaSk0MC42UmW2TRJUmIR06HLRJb76yS5eLshxQJ
2021-02-24T18:01:47.308137715Z 96 dU8Al7IyTMAvPjdhsU81ACKSe75Fr5Fc7gpIDVjPgL8L18cDhWsALbbxwN7bs
2021-02-24T18:01:47.320580915Z 97 YWgcH6rqTdaSxM14euRVHQLcjlnFe1T4ZGtYKLPjue6G2XvuzJM9ucDXR5BME
2021-02-24T18:01:47.331631219Z 98 v9MTDB24vrILzKID0oHcA2sNoDVkpLiotoGTrYxrFQFm79vwNkXch3eO20Jp7
2021-02-24T18:01:47.342825212Z 99 K8RXUD8eM2iVHngaSkKHcDp3XSzLnqky3alZBNexHj679oJDHypJonoSQ1QRa
2021-02-24T18:01:47.353856230Z 100 iA8If9o6ROqtK5R08XZ5omNMQnfPnryVPnzPfpioYMRGCYaSRZVdxcTarDiM
2021-02-24T18:01:47.364355855Z 101 knycUGxorMXmXHnexgtV1SbRCwyMIogasCX4yJAQBAGd729MMIp2KFKx8gyp
2021-02-24T18:01:47.376084485Z 102 nNm8klarcKwaoh3CAjbl9qdl1BAa9MH1iaRVNgf2f9UFg0U1anxPX9CcOuOL
2021-02-24T18:01:47.387799733Z 103 EvNEb0cdKYmp08DOKqNew48KyrV0cdtNfdttEmCbfy3JeIzOOUZTa3w52scm
2021-02-24T18:01:47.399127562Z 104 tlppqVKQC11NZWp81SN2D6pfLbMMgrikXFar1ARt7teyxGeOVWU9QITiPwvD
2021-02-24T18:01:47.410204576Z 105 jlMZYTztV9lGzjFhchetMxTNKdLIDsGNmBKkugqR47Lgk7CLeAK86zfRcNge
2021-02-24T18:01:47.421453305Z 106 AX3yk9h4DxBB2oGIZTHzUBvQpR7hNlw8FSWMc4TVUkWdAGPQERFSM5batlR2
2021-02-24T18:01:47.432633482Z 107 m7EPmMxhK7zWx5KqhVMMEuXMMZzsShgTN3YOXRDvzIHQvfzj7XvNBFH1O0go
2021-02-24T18:01:47.443453516Z 108 BrGfCRjMKqnq8PFjxel52hDlBeCoxBeSWjT22QofZoFLchqw7ZucmyiIGgP8
2021-02-24T18:01:47.454607128Z 109 QdjJmPjdMssbQudwCkrejh9a0w90EIWJGPnuK5ciDz1XrhXDYfCh8bo2okJE
2021-02-24T18:01:47.465553462Z 110 PMUNBMIWuVx3cfKFeNVJuTFJnmtWqyylExqAHYqCb2r5ejfEAhmY4uTuitoi
2021-02-24T18:01:47.476724690Z 111 1JxMukuQElQUJb9ZFQDNTj1jdUlda5iHtnTTUQMqc1lyMqUd498HvBpDCbMR
2021-02-24T18:01:47.487965078Z 112 nX6WiKcTBuszQfhYzBsVIUXOJw6LIu6Sn33sb46gAgThaxtj8XHJlczSJ54C
2021-02-24T18:01:47.498788521Z 113 L4ukmXPQeg6LPGKrSMVzMx1QfJw0gLZr36IS6BxRFZkyiNVE3fjlXRkyYD20
2021-02-24T18:01:47.509400874Z 114 S44h6pZiUEaZ86icILuFquaLSMea00E4ynaFDL8QCOfmHZfIKK1PhbSNO4b0
2021-02-24T18:01:47.521228882Z 115 9BiS41F0x6PIrH1awETDCrUpEfC5zXAxGdYT5QTCc7gee5ARSIiaM5yOlWhO
2021-02-24T18:01:47.532830592Z 116 7NlB7rb7ZY4j5F5QcprFyGrRJigUJy6LAl0Omw8JKOo5gLxS8WEWadl7Ev94
2021-02-24T18:01:47.543558841Z 117 j2Z8cA7VLXzs9gS26S4pmG1LpiFa37cAHDTRUb4wrafsoYmMICQ7gshwypIt
2021-02-24T18:01:47.554787344Z 118 mUaMH889atTTyJ2g94HmjlEItGYhbnBwqx8uSIhXt2xWGkeR6EczgMG10LdF
2021-02-24T18:01:47.566011704Z 119 xX1JBySZs3003OmhJD5LsnUAcnIJ5nLVZEsWnEVfuigCauMHOwBQxcL1VDA2
2021-02-24T18:01:47.577716471Z 120 NxQlU7QqfBDgF5WKq2y5pGKLMXmXYAK3KYNwgwgo9iUXqZLeRcFj1oqgxSba
2021-02-24T18:01:47.588582619Z 121 vdnZ4JYJAan8WAyJU6cyN1yapPVXXKU0kQPLMZ7wyyXDVeEGGLcjnes8bcS9
2021-02-24T18:01:47.600116368Z 122 oTfmkZfLGsjQ003mpIxMiRmeqw8bEw1Z0WLsFWwVoNeOXZzVeUXuKX32qypo
2021-02-24T18:01:47.611760297Z 123 N2APWFr9zXdE4iZofOwnULjjAimAlzViFYiVXInB6ZYGTovKHfaRurYpfbBg
2021-02-24T18:01:47.623020478Z 124 ampbMU7dbNlQDbXt01xeriiPR48loxNxgrb2Gk6Ylhv09LWKF7eRfkePSV7a
2021-02-24T18:01:47.633468634Z 125 GzCuUu7Na1b7eaahWL1FTjB76v3sCWM8NCl7FBi7rgo9DbUyKttpbCPfkoRz
2021-02-24T18:01:47.644887669Z 126 MylqA5dcw0LoPNyDxHGe1h07gEy5Al1FDQvtSxR4v6lm8A4CVFSmtuXMSYPA
2021-02-24T18:01:47.655927588Z 127 Ei4r6JIydz8h9MipJhN6aAPnFbuH4IVavhea5FL9EW8BBVbnMbKqPEbt7UMk
2021-02-24T18:01:47.667091355Z 128 CWJjo1iXb8TYDk8uUJWrBUzYmCiRwbsrLEtkmBOKGeC99ZHgdpD2sLMQCSbL
2021-02-24T18:01:47.678232795Z 129 r9woJooGj0DsUei3kkahd1qwnXMUpWK3yoZfqZdMbQ4PNZVm9jxut2V9MtOh
2021-02-24T18:01:47.689334011Z 130 L5CYIof7YeastYoQCHcA0dSqORxmUF5LcJsKPM5uhxOy2DbZhv7BnY0q6CmL
2021-02-24T18:01:47.700660451Z 131 ngqnF5iaaI2FAtlzzn5278ibwnP3xO8i0AAcyCSs0ZgMDQWd9Jis2rpxtPVZ
2021-02-24T18:01:47.711924353Z 132 61bRc4WuILWXaBOVBf7InNQOMG7l50Rb6Umfom59JEkeFCPSP7ltp9N33ZnU
2021-02-24T18:01:47.722259707Z 133 Ovfa7HlxJDDockpFGoYweToQSO0ryEJ1ywRQVduzgqaF1JcgS4UuZw65Skpt
2021-02-24T18:01:47.733846168Z 134 g6oYksa9j5ttCFEqkzNM1SAoHtxfMRIVo0jmAb01MnhLZjTSP4hiHTjtomTF
2021-02-24T18:01:47.745015258Z 135 M0QyX0siy6geyNGzF3soK8VUPGhMt2cF43F0nRt7H3uLtEtwWm5bPIggHUSL
2021-02-24T18:01:47.755924965Z 136 naSMEBxT0kWDSozosY7TEGSBVSgbf2oW5TV0UPYpPQMTZ6mFdCmoSlkcYx5r
2021-02-24T18:01:47.767659561Z 137 y5CW5Pj2PIHzYFzHxIQh2nruxwlcb6UAvAG80roJJXhYBfIrbuLN1PIayt0I
2021-02-24T18:01:47.778158717Z 138 tPL7FF4JgupTTvKtKT3S7JG3bdgdRebpC1a189kAUEV9ABQXniPLobg4BFTM
2021-02-24T18:01:47.789803615Z 139 UDRrDt1S4tR74kPIowqnKbBqHBEPQPkCk1YvdYwxB02As0tjKIoTeGGkSpF7
2021-02-24T18:01:47.800610157Z 140 IiNihDzGflubCDnEe3TR6mInc9f5UPlMDWEZUE2uAM5hCxhUn09WdEVsrLXv
2021-02-24T18:01:47.811630620Z 141 7Uqko63TI8A6OlhvijXKrNSLW5idrOk4vZZ7m3ta7JqdkgpgJo2Po3Cm5bxc
2021-02-24T18:01:47.823173488Z 142 XzCvfuEuSl5xQ4m7uIq5KHX1dzpIMCbee2pFwD2bMslyRBiQlFLEDJxpU1UJ
2021-02-24T18:01:47.834849015Z 143 AJZXZLpsCD3pS3DGI8UQB6J10ZHhU9PpX63xj66jWkVJvQbfX8JOXPKJTSVq
2021-02-24T18:01:47.845379184Z 144 S8yqW8TiTX8rlaQBe6kFVUacxBEITdoC72e6K65fhGd38SLwYvXDxlZ4gP0i
2021-02-24T18:01:47.857142308Z 145 ZtgG9H2S5lJpdN0G4npbXOpT7AvisEjFEdBetKi3Loxrbxq8h389r2phwL16
2021-02-24T18:01:47.868263432Z 146 4rgYqIIKxiMJF8epifyiDjSm9p9XsL78JJoeJa3kJYs9C1qzPQBD5B6sB9yY
2021-02-24T18:01:47.879906515Z 147 GBQ2nNFyvB7yZyD5TeYU5S70n1woZ5kZTfBcKJmjMNqbsWOGbY8uswU8FwrB
2021-02-24T18:01:47.890449855Z 148 kcSgSt3hhBPqu6aVBjq4h63R3hymJwic0SV8K2RoD5hv1ISZZs7fuyWlkY17
2021-02-24T18:01:47.901969411Z 149 vzzqZ0JQvkwApReoVDt2DUuiOre4hrq1ugJ93QCqWowNk5tGpH4HiH5BBDmK
2021-02-24T18:01:47.913353862Z 150 99yTvqerTwLgiLkMgdFotnfRlngSlByORmmW1ZAmLw2Ba4Hh2o8n62WQxbGu
2021-02-24T18:01:47.924753679Z 151 twdjad3ncX4UQqZKzJTNpya1ftIGHbLrsFMEZnZ5DbIRl4FxhwuRrspap0g2
2021-02-24T18:01:47.935713101Z 152 9u75Q7iLYuBJkKOdkrUbb4yc1X6cjLTtAWX4ljZrjSNNEeSNsdENd0ukt6iG
2021-02-24T18:01:47.946480709Z 153 XqiH4bB3mH4emGuQjcxacHNgFbnhJ29xfxPXYqZwzbuNi14DAY7S22DgqpsV
2021-02-24T18:01:47.958908742Z 154 KqFsDUtbYHrdnvB8BFf1nDysuBukwnpSMLwCydw4YtNsOJfhrkuWzZjgUDIb
2021-02-24T18:01:47.969978579Z 155 cWewEIkkd1y54QM6HWmZtfDvvoZvHhrPlCwOMt1FOHXrykLL0KHNrl9GoAXh
2021-02-24T18:01:47.981223222Z 156 q0Y8bVFyw4KVhjKlmgFiAGRIVboFpGQBtrtefcVoV9PVYNMNx2IgLNklyPnl
2021-02-24T18:01:47.992842854Z 157 xnfPh44faZA62D4TQmRE67ehC5VDwGjSTaNFoJJd3S18mHNV0LvB7AH8iouU
2021-02-24T18:01:48.004005356Z 158 EevZUa6kOUCyMrOcWoQNkAnVCaIyjXkqR0LEP77IhFq34DFM9nvBPVh7yuwy
2021-02-24T18:01:48.015988797Z 159 dR0KNZgVQkyJ44h7Pit1ccNUzghJ9STbUAH6CA9HnprZxzdlLWbv6UP2ujde
2021-02-24T18:01:48.026709064Z 160 AnDC0pt1UbdGXjtzcvoEWKGfw1ldbTEiTUhUCIgMHf2LHNdeIkeAfUGYg7vC
2021-02-24T18:01:48.037627480Z 161 6pAYZtJs3ZYx8Qn5QPM495eFgr9kc2iq9wXhI3t30BsJAY7o2LN0oaHsCHHx
2021-02-24T18:01:48.048516739Z 162 ygTVpR06ZCZyzLJRfSCeErrmb1HXb9M571Cc3BklEnnXrcoPvRyoaIhMPA7S
2021-02-24T18:01:48.060100284Z 163 9mXaTcv0CRSDkY4EcmpexZfDwVnLHQbuIoWUM95QRHDzOLVEqzI26h50LhTw
2021-02-24T18:01:48.070848598Z 164 mnRyR2vTPJm3y9bmG18aBv3xOivixRizEWkiscqjrynF0Eh9txF17n1L27dt
2021-02-24T18:01:48.081876433Z 165 ZugZc2ra5S1m0pW4Le4ZvSmprQ6PO8wBIMiPDWgdVi4tCZQ2AFdrDeNDmITb
2021-02-24T18:01:48.092760431Z 166 D0uMmR7BBDkLNHRUrFf24avtP36Rbqr3d8umNiz7BG2AGjx6EQobzCJXxmGI
2021-02-24T18:01:48.103385190Z 167 dvRNzl7pLpSJW6ZIFBXzPLFyLBkozjjJp9AQIc99SG6bbWiVT3Rjzfjt99cU
2021-02-24T18:01:48.115059659Z 168 07Vqr9Sy6JCw9ekAjEeYqAsjbQDkoWMe0Nz0DnVh6RB7YNWsYGeIrehlC4wm
2021-02-24T18:01:48.126378538Z 169 kbzUwGCe2nlI4tmSg9o09AbzOibf7g9ee5hpVNZ0khyktEd5Ly4sHAbESjVy
2021-02-24T18:01:48.137808223Z 170 gm8nYlW34VNTCOPBmP6rikmk1rkQfsyKc2SauFVcYzCpVeJNC16eFeghYj2Z
2021-02-24T18:01:48.149670494Z 171 iI341kfKj1KtnlIsL3KzncGaCJPmlAWjb02JcNDFRgr1XwuGZPj65F9EztJF
2021-02-24T18:01:48.160716209Z 172 EgSB1M3zttGyzMfMxW37QDnOI5d69uuC5sIR1jmFmJTt6RGnwQPb77YmYnp5
2021-02-24T18:01:48.171637959Z 173 O8rPg5X8TqsNHrPGRz5rdROhPXdnAgyItjTp7YAt5uy7sW4eC75oxodYHVc7
2021-02-24T18:01:48.182607727Z 174 aAaI0veNL54p2a0qUk3Q7dFXGGlDcVDUUANYKjOxWl631ECntXO5SptdrZF4
2021-02-24T18:01:48.193837824Z 175 5SQi0XyVBoVxYujC7fdXercZ6TXF8PxeNtyHdncBKA35QGr0GQtNpozHvxi3
2021-02-24T18:01:48.204513136Z 176 gfliLR6NfljSlt9dWrTxZ2vvZEdQdQjouj4CbZXEXjoseueSZOhMugwq5MZn
2021-02-24T18:01:48.216098084Z 177 WLVTJjtLkvV29YZsBfiKudyvcJcc9MowSQVicIoUXY0TybKNzZYRvnowARc4
2021-02-24T18:01:48.226682706Z 178 PqHii97EvuzLLcXYEg8zLbhMyDmtegcS27y1Ovlljnf0Gal0NdG74DCQQInl
2021-02-24T18:01:48.238136324Z 179 Xn7XZRNJABfveRYxKk2JhMNFqsPmps83r1xsFNL5t1IdMuAAN2Wyyk0cElcr
2021-02-24T18:01:48.249125312Z 180 N5K2siPznFxSzLHeL3QiTTW0dCkiOnALEQ3Vt2AiYpLqF5ukejkn9lbDTbsp
2021-02-24T18:01:48.260478083Z 181 NJGkojgUNSJexDXDluIQUFT4spHOTqnoH60kLi45mPrgsbv9FsA2FkFIr3He
2021-02-24T18:01:48.271966748Z 182 XaWDXM19bBINPyipIRgOMs2cvtXIv8Ojhq1kK08ClWIYSNEZyJUf2uVHeuTi
2021-02-24T18:01:48.282513386Z 183 nnrg3SQHXHBFMn0tvjDlI9Gbz9vFU5PYTqIdlSgBC20m03M1pms99FlaQfuD
2021-02-24T18:01:48.294193373Z 184 KI2lvgvclD01SWGTDCDAipsHsAPKVlyDGQ2nvKxnzXJ8gnp547d55aVUA0E6
2021-02-24T18:01:48.305676512Z 185 Vrf53tDPgr4gYETvqcTxwZhi2uF3VrMwLsFRErzNUsIfFGhLESUux7JaWYEK
2021-02-24T18:01:48.318146121Z 186 So65D7W7aWfUwq3C2mAd3bXAj99q6BymhFdAsXkij6iTngp76w5QzZTs7Jsp
2021-02-24T18:01:48.329574111Z 187 KanvS8nupnWfLGEbX2HAtFKeLpHdGmaxryf7KNepvlbPXudEEfYY23McsK0A
2021-02-24T18:01:48.341210656Z 188 gax7VVlKqfmOG6VA4PpGt2KPbioeKssVrPEeFjfrH5XauWnJJcc6TrPFgYth
2021-02-24T18:01:48.352575812Z 189 AXfC7FSNR62ZAI8DLkuL8kq9Vx6e9Rr0LDKED46vdislm0Os1z6y4x2e3EX1
2021-02-24T18:01:48.367366790Z 190 mjr4yNMPje73pnMUwivskwiCx44Fu00ZLERHWTxU0hI1OoKcaNmS8QVCL6Ba
2021-02-24T18:01:48.378229375Z 191 RMzkoM9YBoevNt91nYNAyzKvqfGUK9jfzvRrvFEd19seOCOb9C8WWVlo5Mw4
2021-02-24T18:01:48.389221229Z 192 WnBgZ6SzaoD8D7tcWggctZCOqjdNUmbbd3fBMSClc5Gm2aUiFAnrUeHUh0v0
2021-02-24T18:01:48.400896270Z 193 jNiM8wagXQxopP1JkQkR7tDbjhcgWb2ZyfR35AVnLy012laUjSGYVK0iGbSz
2021-02-24T18:01:48.411524682Z 194 zJeQFSzSvgtksYWaEN26IxDw5chpM4WYdax0oqPxhKkzJgcNhsA9Jzwx16Kg
2021-02-24T18:01:48.423108511Z 195 O8xSKZyHd7qAapTOuNWoZJUm9cKWJXapTZGFxevmuIrMidlrXyJlQhozYMpT
2021-02-24T18:01:48.434276775Z 196 L4EhZJ2xDEkpfW2FEFMZDEr2mRrdX3KJBv0eq4G8YHgmGuzovkdAk24khrhF
2021-02-24T18:01:48.445076905Z 197 VKBLU7Is7OxYgoQ3t1JaxeGwR6QEl1dTFmwkMm0MiD5hzjkPjMRMY3hag4wR
2021-02-24T18:01:48.456258793Z 198 5DmNXBuDGHXGgNHQG6CprtkvlRvuX0xpOP1tJ6GddCOAkj7DKqzkyTI1nZmS
2021-02-24T18:01:48.467745897Z 199 pPVMZtltsxAMImHlsvidM5JL4Pi0JM50yymJj8WPDMazpbqGXWGlLOodCK1Z
2021-02-24T18:01:48.479016383Z 200 TgzsVZDCR46GecT17IxMsfuM3tDhPm1y4CxxQnl7kF0NcfZKgVVrAQyYwD6j
2021-02-24T18:01:48.489825021Z 201 R7fheWUfFAYIuO8gQwIw64lXRdR6iyua9vKE0dUgLR165NTS4YFNWt8KdetM
2021-02-24T18:01:48.501044682Z 202 jlWCDvfyuxPlQdmKxfVHNP1JNSapfd5HP4JnCRgFJFX5Pkuqvu87JDm6Xqei
2021-02-24T18:01:48.512521309Z 203 dKjti5hcvl9A0yND62LNLZAgGqmGuFfbjjFZCrqHzLkgCcdPfKRdcGAAK2lY
2021-02-24T18:01:48.523907558Z 204 Iobbo70KYITTAS3WXr8bvNkmY1Tnzng6n0PWozgf5LP9CQ6XnKVDv78HdmfE
2021-02-24T18:01:48.534538672Z 205 r5OuK3E67Qh2vC0afPgYRqzNvBRhLqHqW729OwUdH1VRCOMBKOexzjOpU3CY
2021-02-24T18:01:48.545317583Z 206 Tj6J7wz4Io8X6FxA8b3jrjmDuL41Roo1uVMbYyatoI8voDaPq3dVSGgnIGnS
2021-02-24T18:01:48.557040121Z 207 dZHPw6FyPd2882fqbwSxNe38ZoMf43uzxy0tLdhYuwCOoeQn3qzaBiy3pOIR
2021-02-24T18:01:48.568914185Z 208 efvSLakCdEIv7OtdBeWXF7uYJ4FrkyNbCPeSX3pxBNqcq1Lmlqd9Z8B8kRYP
2021-02-24T18:01:48.579459745Z 209 nEsHSxIIsrPGZSQCpHGDqxHIJgdgc1NfkOnnreVXE3vqN2Cy7j90D8OG1xNs
2021-02-24T18:01:48.590570976Z 210 CAGMGBYmRnMP4Wh1YEDzqhjvIWmi46kAmFpR1M7YUzVbD9bQukXV6o7oD8cu
2021-02-24T18:01:48.601693191Z 211 vLKkmfCYjeL0Qxjnzv9SPlouyUgB1RaIX6Ymco0Na3oXIuMEkLOig9x7kiXz
2021-02-24T18:01:48.613297167Z 212 WFrlNocYCjpzr7Y1snfcdscMOMabTjYQQuyynM8iAA3Aptiw8kVTcugjctwX
2021-02-24T18:01:48.624718965Z 213 KBbOaDP4hrwblNPTJHLO0Ma31W3yz4Z5OoT16D4k3wQMj3X3wEW6ESzUAhZH
2021-02-24T18:01:48.635509719Z 214 z7tyXc5L4vG2I915DBYyAUVQMVHTRFWuDSq6jEm8o7407EaSOPnxpRmvOzTJ
2021-02-24T18:01:48.646836864Z 215 o2v8qzxXyBz4jRcI70FXN9TF3gW9C90lycfa3pDVPgJTRhuxln7A6KYpGUpA
2021-02-24T18:01:48.658481103Z 216 P6GqpYp0PKp1Wkx2b3j6Z1aA6FV77LK4kULQUZvzF5rqu6BBhDnC2gFy1sRm
2021-02-24T18:01:48.669629406Z 217 izqF95c06KuOR9QP6e4VcBY71HBdpMqJi3b3EEu8HDWhNl0Hqdybs5jMSbP5
2021-02-24T18:01:48.680980530Z 218 M4N3jzRD4ZIoV1VNH6V2inQ7SJ7OtCbkNIvP5IirqPmZntzOZmNugwDSFwwI
2021-02-24T18:01:48.692685552Z 219 FsdhakJYju3egOiR0uw7yJmi0S3bVxUk2UrurJv6cQkoncZwyBs2xqjyfISY
2021-02-24T18:01:48.703363966Z 220 eshTWlLYwTnkB9I2tXEgJfEB0sceRXOVjGQwR8VjP63qQT7tz421Lsqj6FrT
2021-02-24T18:01:48.714805684Z 221 oSJXR8gfZ7N5lQKCj65XTEjlV5J4nh0UKOPdCROjDMOoKxye03H2q4SkpB5v
2021-02-24T18:01:48.725927936Z 222 n01BCimH9eiBqFx92V4tbNPLB63WaDvu48MinyjqfsuTCdmDRqoIZLXflE0p
2021-02-24T18:01:48.738031775Z 223 usGc4vfCdpqEvTsRZanZWAMutcJn7GwPFTWon1Ai9j7ORpyzjTnfm72wwkfx
2021-02-24T18:01:48.749750136Z 224 ZTDORc3cyciRrrb0gjzU5cSTtbSygFiH0E27hFzlhH40aHxjcBWbVVyPhHIa
2021-02-24T18:01:48.760594877Z 225 SUK9XJxhliyurXa47vMfqlZ8s5BqJnKDGe5IYNRUMlJbguwcnzGsFro7S7xi
2021-02-24T18:01:48.771385021Z 226 2XjL4bXn8WdzFSkfDNSaG4xIDXtujPFvCmoPMfgqhdUUJXjeTueT47SKM7n6
2021-02-24T18:01:48.783029876Z 227 fFWFD5Kbre4XPTwjFNzTpnRqRokqMhAbMwXkCjwaEsdvdnAldTT2RYk7pClY
2021-02-24T18:01:48.793238884Z 228 rZkCpB5EjP4k6Ek0pbBbHPuhKqbOWtshGpq3xxklKOJUvYavg5FsmonLzfXP
2021-02-24T18:01:48.804417996Z 229 nUTFzIHNtdPUsXXTgE0Xzwxi7bwV1f5qMeTQdu0dTUnoTcNgrh7wzsNSJL9u
2021-02-24T18:01:48.815584626Z 230 sQGtV5tk96bXMOQu8ZUUIhVA67c4KTdJn9XdfG6zX2fQFzFq2yGc9nEXCpqF
2021-02-24T18:01:48.826908375Z 231 MW6pahVQHioQnsLmykf5fvRxXgCD4pb7vskwIsBVMCqCCklgqCy6q0jY3pF4
2021-02-24T18:01:48.837309184Z 232 FteUArHOhoMCUigCsNq1BtUTuxf6Dm2fBcVFH8n7UzwxmonhYMGXBXDByduR
2021-02-24T18:01:48.849025074Z 233 OjWmEh6N7whCX0DmmyuhcqRlynE1LYHpS49OT87bFIVMnyKEWg3DwXake6Ew
2021-02-24T18:01:48.860758494Z 234 mfbWFbEn19hOdeHEMo5a6soVubpQfC7VdA3i77SEZOrRKXhPs2Z4FdCEEeGR
2021-02-24T18:01:48.871788366Z 235 Psnyl2EkO0qfIgc9CVw86EMDxPUKxc170wpWLJcfAO1KJMR1febfhQocgCZs
2021-02-24T18:01:48.883106880Z 236 kOpZIJ77I4i0G2REo8sRyIdlPjReYvmpWdbEjqnomUZmCc0fQeFxz0k2yImQ
2021-02-24T18:01:48.894800673Z 237 NM2b8r8x2wV2gmfIKSZcQG3uTmR0cU2LdfIkgIV73NGKxbFIs8NlLs2Zz1Fg
2021-02-24T18:01:48.905285702Z 238 pRtTuceYGabmZEuIMr8XQhZleY1MJzbwmY4UQ4cG4nX3uaEufEAfRlFMXbJE
2021-02-24T18:01:48.916841579Z 239 JezvdLcZiqD8qWJMAcxGzTyl9TGYKuHAKv6yCBXMyR5dKrrMzXHGNI85nJZU
2021-02-24T18:01:48.927948544Z 240 MBpAahGAX5L1rKAtDyN7HRXw0xbFhW3WcKdg5kOVlGZse0TCqPz9bVJBr0UP
2021-02-24T18:01:48.939116143Z 241 qaZnrUcVQoi381dJw9PWfa0boXPkVepjLhkIDyiKXyj4P0LVw6U1D2MdTc1C
2021-02-24T18:01:48.950145624Z 242 Jijjg6iU2h1PU1R15Cty8wet0D3Eu6YGNv8Y8otpAL38u2ZDU88iUkkwmrQE
2021-02-24T18:01:48.961622358Z 243 xGYq4GAlsw2ySmpaB9ALsTa2fVfGMCKYnLYHROzCmw0MY09KvnLwW4wXdYff
2021-02-24T18:01:48.972643265Z 244 iYfm8YbjSfj2wMqlfOHb1oWiWqbwwnRdmKJ3UQw3Lt4miEgckJlwRJfjsYNA
2021-02-24T18:01:48.983938957Z 245 wHt7PDbMIs26eYzbErY6GwqxPOX94j8idQXpwAFmuMjv3nuoRn0yYEk2aU2V
2021-02-24T18:01:48.995164659Z 246 eJCLz8KHBVE3Ku9Mi9ZzV3khBtzOPXDM2sSCuly9z3wpNrnuzr8wI7Mb2Drl
2021-02-24T18:01:49.006613256Z 247 cvbgg3SSgPjymQ3AqTFYEJLmelr2tOoRpn3aMbT7P6zbiYlzjTJFEmeVULFM
2021-02-24T18:01:49.017782044Z 248 I3P44veG0lssx2pA8TqPPuSVCzwfP942gfVCBWZE0WwKvZ9AZOCWORPApHaf
2021-02-24T18:01:49.028412004Z 249 x7ELvkM1le4XcBPFfp6iUshBXC2R1znKGAiNEgDT8zaZcgiVz07DFyBFD952
2021-02-24T18:01:49.040103395Z 250 RrEz3uN9rlwikj03kviwCEwgjxbxqkNZENvZX8nfZoNKo531aa39GeZFgJpq
2021-02-24T18:01:49.052139006Z 251 kM1q6kpllDpOnP5sk9JZLAPsBwZ9L8eJCVr7mKitKRCyCBqHFofocIII2BwC
2021-02-24T18:01:49.063773978Z 252 ipbWxumDlnZLPVGP9BZ8jEhR33KcJMjn11AhVvgvmy20wVbOLKOuCHsZqiYo
2021-02-24T18:01:49.074767028Z 253 ec2Df0rrovydmQNJa7zhvtsd70rGHVVaCWWspSk7ZrVRahXjK5RbXVLTeBQT
2021-02-24T18:01:49.085533640Z 254 oGbedWm5VEIXovIbO4vPuyXgstcFauz9GZc6Lj759Kgpm5NAX635vHVe2yeb
2021-02-24T18:01:49.096671023Z 255 RcOb8TdJQcRM1vJSbvJltrackuTVOMnozSCCs6j4waUC4ad2Y0lNLaNUOcHd
2021-02-24T18:01:49.108093898Z 256 oiVb46FVnhjtNqVfyYayXOywWpQYISJw0ZDOAzRyXsM4rsEI8rDBSchsYqSp
2021-02-24T18:01:49.119526736Z 257 T5lmcoZxffm4FZ1ksUxg95hmuR9mq7yONx3j8yHxA4JQFcGIRNZWxLjL1HoA
2021-02-24T18:01:49.130571053Z 258 iVXPg6RkEp9V3YK0sIE555wNDEGjBq6AZitlIV7Fme4V1bOKHhG1KH86A98B
2021-02-24T18:01:49.141402282Z 259 g4J81E3oXr9bSeXFlfzYSExd0tX7wCSbHLHkcHzSXjuAC9qXXFtUUCi2PY3N
2021-02-24T18:01:49.152439873Z 260 NK5GyebvkeLYAVq74Z0Xa116HY6bGD4uYgQrOQJ4utEXJzC1GwdOlZuqAqXx
2021-02-24T18:01:49.163857195Z 261 8tNv9LNiKyhc9j3vP4jjmMH9CCInSjJ1n5WEfKfh3G3hQJloObNs0wbVUBa0
2021-02-24T18:01:49.174996785Z 262 gfQZzuSiRK0fZikxR6LWa7OrakF60pVV7oVEGbIByDjQGd8mIe1HTG8fPwt7
2021-02-24T18:01:49.185713541Z 263 zBQvG1hg3buoPwFdDLwGjUGoEk06fnpAYlCkuKIyu4hBifH4x8wTuJpi9BWl
2021-02-24T18:01:49.198368604Z 264 5DYeWuicARyAl4WNK6itztQ5HKY1mcmUIyDKtaODZHw0DC6b5ompO120iLtz
2021-02-24T18:01:49.209350262Z 265 yclUkH1N0kn7480oCH80Bms60qgD3LF6lrfFPArM9UVVNuUNlqCAVOlY7Mc4
2021-02-24T18:01:49.220807468Z 266 uu7vUywD3rT0FwJRXkPb4yLcXBCAzMPAOIgfim2KichXT2Hk3oAYTPtZU5E6
2021-02-24T18:01:49.232184705Z 267 blHrYG3dzxTSQMZZCEfPfkrwHBMP7Rh8QjdMt7AemfCcDq0gQR7gkB8OFhmQ
2021-02-24T18:01:49.243689976Z 268 kRvTgqCc5EJoXhlNX2r7k2S4eB8MtZJhkCQchjPE6N8RPQAzLqqTWeLRj7j8
2021-02-24T18:01:49.254479450Z 269 jf6gZVLrkTG7AsRckZR7Cxo125rc2XRpqXeowQRlcHhxcEQ7dzv2YJMjZXjJ
2021-02-24T18:01:49.266311170Z 270 RI3j4HNMjvvEie3YHexCFxGpkMaVO6aYPfTHJynGjM3wMwz68Nraq7alFpAw
2021-02-24T18:01:49.277871872Z 271 CNtAxVWNyZxrjfHvruIomLQVyoMMLyrFoOCxLsWpBOvoEVmX011DPnovCzAx
2021-02-24T18:01:49.289180701Z 272 CZtGonxRS60VjzbISr1PkJxYu1a11F0a7llmYV8dcM6W7Vk8g9ksxTQhIcNI
2021-02-24T18:01:49.300513444Z 273 areagWGns9xfruZdA4E0LCycMsKBggd85TxTmDGXzDVZErDSFzNY1e21cc3a
2021-02-24T18:01:49.312169057Z 274 fXUVTy3WapH3dEtUKVhH1Ho5d5Rcj9D48Mj4REp0M20pFeNdF8TitrJjgGYb
2021-02-24T18:01:49.323953086Z 275 IKJdEbjmJTY9f9D3WUpQP3H0udWfcAuRmFtKFJBOytMLqRWkZzBdekvT71HR
2021-02-24T18:01:49.335088344Z 276 PCxNhzqZxStsSN3kbEGgByhzO71tZHRw2bvqGeH0NS5Eu4O5NePZ3Y8bKipq
2021-02-24T18:01:49.346714065Z 277 vVST8zJVkR7b0gpqRYbj3xlb0C3cL7lawNSBOgyMPy1ejS2HWE3OIu0ApQ4x
2021-02-24T18:01:49.358194569Z 278 84yzInuu2r2wX7bXNmkywuFoubE2XabrE7UYFOBAWhm6Pu0KeUwCzAIvW1cH
2021-02-24T18:01:49.369819986Z 279 CP88oychZnpVLcBnpbpDXCNoqFiYxddawQ6hJABQDW8VIRwtriMobm5L70Y0
2021-02-24T18:01:49.380708744Z 280 Aa9zR0WBnEykvpbcglruLpQgXm581mRn8Qz0ds8cuCvA2u12waTADaA1m1Zd
2021-02-24T18:01:49.391599939Z 281 HqZvjtfxoREAvJAhMlYOduKZA8I9Cn9xPWTkH6kqxqumbvATVZASvN1iMg0t
2021-02-24T18:01:49.402371366Z 282 LRBVRyEmAGaxN6lHxaYxAWURj4xr6VMy8VSZUi7XPvhFKPQNF7cCb1qzYRuv
2021-02-24T18:01:49.414065140Z 283 rh04VrlyTjq74UjI8FLyGttg6SNVDnFyVZSuJQA2PWaHOT8NF4hXG5XISZUp
2021-02-24T18:01:49.425515134Z 284 Ouc4T6FGQWYpD45xXhl8FBI6bpXCViAyoHfMPGaF0FzAc1YMY9J5aEk4f9kZ
2021-02-24T18:01:49.436789944Z 285 8EFAYzLTOSmPFXiPOtQVsUGn3gftnNsawokBtGlCiE7roDpz4SmCr1swu6Rp
2021-02-24T18:01:49.449169968Z 286 zE11sClefEZAaW8q0ZMRfYZD0eDvg4xHRAiWL85Q1UHsVyUFAHDc0z4QroEU
2021-02-24T18:01:49.460968580Z 287 5UJO7rJkxxsIoyxxj6EJV1XZgZLwuYEP2tgTSnn1SQHtQ2Ilj3OPFzU3B1mH
2021-02-24T18:01:49.472019556Z 288 oGEg3pHfcHyGWV2RPzk4dcyoRMmGTaG4kQp93djHxqd3FMgVcPL6kLnjGup4
2021-02-24T18:01:49.482063693Z 289 o7y4LRS0hLOq1mlIPHwICkJ3fkqFgGO11Cpr4ezGwS0GWEIgUivqn18CzAwR
2021-02-24T18:01:49.493575453Z 290 wD7DXgM6Q9sK3nGmJGdYdCEhXW4irRDS3qwwMKEXqbdb6bdlm3HTsS72MFGE
2021-02-24T18:01:49.504921830Z 291 vAuMfEcB6jtpGFkgR84aiwhv05oMVM7B900JdO2bDK3QMVJ48lZWkUcwyB76
2021-02-24T18:01:49.515461855Z 292 u9QDdIL8cZiEGtRq5WRdX6qFiZepemNOQE0rMlDIJPOWQcK635ozI6creD8c
2021-02-24T18:01:49.527081724Z 293 ULX7PPnIc6sQmS4eiRt7WaLijDI6tWUUGOoWWwFXRBvljjnWZ4wKUXZtmCaN
2021-02-24T18:01:49.537935124Z 294 rtizoYZ6gtxIJW4zIP7JWXKZPfkAzjmV011I8xDbVFs1K9JYRATPPtJgULvE
2021-02-24T18:01:49.549413215Z 295 LVShpvyjB8KtL7oEpUavjO8mwH8OwAHxG9iu6hiaQZ7opVSvDYmRY2onsYvj
2021-02-24T18:01:49.560302406Z 296 fu3CdsBawUyzC7JzfxxkJQUnxCvihjCKVwzD5sIS4Sptc6K99pM3BZiO72In
2021-02-24T18:01:49.571458582Z 297 7ye60ucA2IrdU9virzPuBWk0Gjf1TpUUQQqg1ttfqhumZam9nfISvEnYaVXG
2021-02-24T18:01:49.582794632Z 298 nNlXUPr0oVnuarRTohsqopRKE1V9rqbadCEWIUrqWxE1oy53Z5I8bBNkpFGQ
2021-02-24T18:01:49.593271731Z 299 DI9BSIy6XvAIDTE7s8kxnPYiZHzm0tgyjMiL4Z8tFGDWy0zceLbVoWmG0oOD
2021-02-24T18:01:49.605039090Z 300 4gIG36F5gAM320TyaoQtFiycrWTBOE1WVRlSd0HSC4e4nnm9nATRB5li5rnH
2021-02-24T18:01:49.615760008Z 301 bHDaAPUvlMcMevsFDyNrGZRLWNgLE5jSYkia7jY6irompvepU7wC5Lsb4hTS
2021-02-24T18:01:49.626550443Z 302 SZNsgWuNW7bussGI64DK94xknHvOkRggS8CxMrFqR4vybQvFXSfx7td1wz0N
2021-02-24T18:01:49.637820590Z 303 53dcUyKe34DoPzPfy7BzfVLaIMdfkkdJT4Tyx5piiNR5Ngz6eivnBpelup09
2021-02-24T18:01:49.648196769Z 304 wHXwBk7Q9PC8J6mJXBN45E29ZoNxHnOoXNPxgAKjqztzr0WXrV0ZGNLvMdog
2021-02-24T18:01:49.659547142Z 305 Ja2avVSmCdYCovHJvh95Z0FgRZKPn0h4lcnBQYbxca1miRKdkrbfzNwjJ1Jf
2021-02-24T18:01:49.670988211Z 306 wltIyYzkpAxqNxuHjlGgspRkMqkKL6H3JQtIqXMba89PUZyf9xFKhUHXNB9Q
2021-02-24T18:01:49.681579615Z 307 BB4pqxAmHWcBc1fxENWXeQzlrTDyhnIm7etBbK2uh7deR864gzLETW8eIer0
2021-02-24T18:01:49.693154407Z 308 MbdhzYr3oraplxxZLNM8CZY6HreutS8K1bQvtHpuBbUNX9Uyefq9eQRethK4
2021-02-24T18:01:49.703958281Z 309 1hdwbbWazhnX6ZMnnkHGH6T9QtNCfwciq9OElTpSMHzvFUIiQEZIisd0mzWP
2021-02-24T18:01:49.714184424Z 310 wxllxctqS3LMxluJTqMJ99CXlU6vQpmJ5FM4vL0RBPeI0iG4gqeicyIxElhX
2021-02-24T18:01:49.725518906Z 311 HyFsjVIe7lIre3F5sb2JqYUOH0j8K2LPRjy9IqFUP3EiXw7XKxfYACMbnzVS
2021-02-24T18:01:49.737025301Z 312 dK2WoVzjPwPHyN42sFnXoq6CLTCl75FDcof6LQ84oltER3O6VUKvhgtthJw0
2021-02-24T18:01:49.748798778Z 313 u9zE2KNGcLTG1JX0Lskpysytz0aPAYlTysJkLNNUhjxaxCQQCxXCL8NRy1H5
2021-02-24T18:01:49.760548409Z 314 Bwp6TvQPJDTQS8zbKXwHv8o3cWYI83bMO9PM13TpQZkbjKPAwT8v8OUXHNz9
2021-02-24T18:01:49.771970528Z 315 DhYXfsSfu2nWzCuI5DJUNlfd5JYTr7kXlVXAoQbwSifjo7gDnDq3UHsKux0t
2021-02-24T18:01:49.783147906Z 316 6XIvTHDXZlrHnptXoI3GrlRd9M7MktZwbpfbQtZyXDeeVo0gqZJHLta389XZ
2021-02-24T18:01:49.794973652Z 317 PlANHnkZNoQifJ13vt6u56H6nHXoABCjmuQ9eAbKWhbSHfaBlSq6dkrvaqcX
2021-02-24T18:01:49.806994551Z 318 FVvdGA84bKQMrM4VQm0KcmZU3MZACzUH58W15ymQjFJaMEhqsRErgzlAvmfB
2021-02-24T18:01:49.819298279Z 319 AUHLWpSFSjKJllRF74fVCGfhJbttua5O8LGjaHiTmMpkkoHzSPgMVJ8EgH7N
2021-02-24T18:01:49.831231980Z 320 eHCsOdyKJsP9g9GZwS7umXRMqWoDhqaTU2uULgCEk3dxuM9IJXP5HP3oYhL1
2021-02-24T18:01:49.842642926Z 321 2dcZRY9wehPqAlLOVwCj329pd09L3l5MjKM7WE69rtYGETgzEtjZOugBm1tc
2021-02-24T18:01:49.853147985Z 322 j66SnOITd18MzdX2uviYYkLtXeyEFhUctfOyBGFiUnkhTqKTdcCVW3hOci1x
2021-02-24T18:01:49.864846738Z 323 CsW6x1cnT3azHZOKl1StAireWEqCZk8h53EeG8KbBB8i0OAqt5ecZtTZYCdQ
2021-02-24T18:01:49.875796101Z 324 DKAFhC4HzsrsTDpVXHg1JR4BIv896Foq0NN1V9LdywgeiJka29CHBj9kWfTY
2021-02-24T18:01:49.886976789Z 325 6heuIDStQazlNKBGbx7ku10Agd28tni5GwxDws9FDXa4eqKmh5xkbUEwAk2V
2021-02-24T18:01:49.898750259Z 326 Wsyalwf7muFWc2GKgbXDZMOsPYMFwonicRa3fiT5nr1SlEhMN6cxVjTY8ZWH
2021-02-24T18:01:49.909253360Z 327 UkrARkOj28UDH1ai8pnYTW3WMD5cBBuq9LNv2yRq7uXrYOrHjTAzgs5jytTX
2021-02-24T18:01:49.920606890Z 328 dQWnZsgq4g2eEPCl68THlEF0T1VZVUttX9KiO3yzftAnP9bjX6UqvoZY9V42
2021-02-24T18:01:49.932002159Z 329 qo665smj8nKoyF9fNlR3B5yQLezEOJTrlVscVWmVWHY5iePRCpYuln3DnVPr
2021-02-24T18:01:49.942874299Z 330 b3CgQ9IHo2Rfc8FPgnyaPutqo4snPoBe3mlbpzYmhEGLQDTAUJ4jfdCpQ1vj
2021-02-24T18:01:49.954952505Z 331 SOztfUUWhZ68ux8ftBNee8dGHhqtWASboiinuyAzEhC46Yv28YUJUxV6p0lS
2021-02-24T18:01:49.965542209Z 332 LHt5jUTnhO311jy5vymsDcjFJdlq4pmDH3S59JV2bmd95wAvhNQngC3Y3z2v
2021-02-24T18:01:49.976723208Z 333 BxqlfWH0INGDrvCadeXql0lE7neUmDcn03UMqoCQ0Fg3UWy4gIGPofYGFBF1
2021-02-24T18:01:49.987136830Z 334 YFgD3ExigzoCW9LPBZTGlVuvkZiI4QSw1hENhiRZ3UU9kENHiH3tb0lfaPb0
2021-02-24T18:01:49.998766658Z 335 Vev3nOS3Lu9iapMdVfWrmhdKAsg1QC4rD59XlLtDzLL4vagiMXPTlraf1F8q
2021-02-24T18:01:50.009514884Z 336 iX3MZLoLP3eDBme2knw8WGbIfXUD0GxLdn5f754mdEmSqha9NYl9888J6Qyg
2021-02-24T18:01:50.021450594Z 337 KmbFTpcJBgUMHtowoDu0hcQ11DFLAiGs4xV5nIF4kYkRHKsSjbdCxvc56GI8
2021-02-24T18:01:50.033257113Z 338 pXcoHNgU4AMXt2wimhZYhuGOdOCDIruzjoCcx9LVMx0doK06PFvLqujUwJRL
2021-02-24T18:01:50.044844964Z 339 fYSLTUyyAGJ6BY6xCA4Edioxv2NH6lVbECtRTjhjql4iMTzqdwpJEqGvzWVq
2021-02-24T18:01:50.055823137Z 340 5bHeDrbE5TW6QvRDV7I0ZUJD7YiJ8DZPHBaBdEUkPnQ0GANUWHY2xNRyDYuw
2021-02-24T18:01:50.067178316Z 341 WRveaNWecWcrX3p4n2VrQ8rKw5fEMEdjoARGjzdegvnC9BdKE5su7wnk8HDO
2021-02-24T18:01:50.078936809Z 342 LSNmpxB1YRSmQwzIeCVnApoTYVgnpCp6eTyogrsPHyBdbKzU8VIMP77go9GN
2021-02-24T18:01:50.090300671Z 343 ZoTRYcYPQ11fvGp1FfENtjZq5KZODtGKiUoUtV0Entx7zQtzEBSeJoWb4yWG
2021-02-24T18:01:50.101744692Z 344 4WNF9gpsrhoTsZwm0DTgWv249jcbGRLyc4WJZK1XAtZth5df0hOLDbbSdPtf
2021-02-24T18:01:50.112302944Z 345 m0JBI4g5IzNFxHl7xtXoOu7XTwhErIbpv00E0y6FpxR79iu5Gz9etRWaQgyr
2021-02-24T18:01:50.123966476Z 346 3mZ0TwsS115HkCPcgXSIXMH4VJGkMteIwogXx5tAWdQiV8gKxtMjiDQApww6
2021-02-24T18:01:50.135531365Z 347 Egvp2XvvO3PylHYV8TBbWHQRkHWKhtajwYhJjioSwaJ3kXaQCkMV9FzjemWM
2021-02-24T18:01:50.147172484Z 348 6pBt3O5tvZDzFo2H1Mu2buUUYOgJ1EXulEXgqTw4uDCiDjoUSCY2eopWTvmt
2021-02-24T18:01:50.157499266Z 349 8Z7aHhVMEeodAfzhuO6vKXretMBPDDyTbd8eBfCHMdtP95HjK808CsQh4G43
2021-02-24T18:01:50.168917802Z 350 IVJ9tKlhaSvI0ToyKQ16loPbEBcHU4HO9xODeHgfLtWG2dATlHSyAMaPZ9b7
2021-02-24T18:01:50.179868448Z 351 U2lGDXCCbHYAz7Epwcya4k9u1kcy2gqyNPl0uTuzbsfipcecv13drgbqFcjo
2021-02-24T18:01:50.190182335Z 352 7j8LEaut1dwS4gPMfP63IevY3gxZnaWOB2RQd2dB9OgmnQwrJQHogG2jwfEp
2021-02-24T18:01:50.201807988Z 353 AtYjLbAIcGgkmVD2gbJd66hQY4iVIzyMf7g9Ql1jkhfTRuYDxV1ZtxfnIdSk
2021-02-24T18:01:50.212913002Z 354 0GBEdEYEQZjeCnPlACTqDsr1f2dWliuP0NkcHDymuqpEVpGfif5g6U7vq603
2021-02-24T18:01:50.223985422Z 355 nlY50yi2iULD0tlIVt7J014gUGgVSJ5heyOSye2r69MmG5jzJvGjS5iKWBYM
2021-02-24T18:01:50.235767707Z 356 7Lf7FvqcdhWsQSMEz4Kk0UHAcxTqAGiFd0lqA0RZy87eeqdqsxQco6t8GcVM
2021-02-24T18:01:50.246864241Z 357 HLLeoiQ7LupwrFM5ejAwbQC74KRtYZh4zpLag1EFvZrGXhlM28y4d5EXOb8j
2021-02-24T18:01:50.257350813Z 358 WFi05b0hH92CG65NSVvRtN6bQvREkIvJO6EtRGs8GUfaDI3vqc9vsFBMNexh
2021-02-24T18:01:50.268535445Z 359 oDwmmFUk4D2fMbTrvyl0e87hi440n7lEUL6mYdr9ujSVO5N3YV1AgXrMDCrv
2021-02-24T18:01:50.280097145Z 360 1ICLKXQcmnKxZvtysZR1eLTt3m4ftZcxekPy043CUxXJRDrsCNxRkbmomiQb
2021-02-24T18:01:50.291781076Z 361 wzF6uSUKQHFi99JOyQXV1BjycbZxUih4vVg4nomzjIGtsSOi8YTCqEoUnVve
2021-02-24T18:01:50.302666583Z 362 gMv748qGaYFILn53kquUCi1UqVrI5yhQR4zHN8kvlF3qAkAVBqazRpEnigoD
2021-02-24T18:01:50.313817538Z 363 a2cDYgqrqrUeVR3D7AgwdTfu6b7Ky0gwdW8VMeMhHBFUKaZ2tlNNuSSmzK1P
2021-02-24T18:01:50.324274434Z 364 MCZSL3llaFebIrLVGuXyE9zahmo4ER2Hqz5I9gRjJjHnaGgMo80J2eUE40z4
2021-02-24T18:01:50.335554134Z 365 FnKk6sidVqtCe0NR4dk6BPacSdvs2b0zuAuIVmHPmOqxkBvLl7G9fBr8WZjn
2021-02-24T18:01:50.346926814Z 366 b4xz0Lk4NK6Qe4SLT081dzyR1Xbh8MaBB40f8ByDTS9uKpm7oPXaj5LtHd6h
2021-02-24T18:01:50.358797181Z 367 ETEM2MF8Ub9cVeQe322zn0EF9Lbc0CEnAsbJHVXH0pHrgHKjHVVpCXKX3kWa
2021-02-24T18:01:50.370793156Z 368 HRLZQHENaNanUMAHJdVn2riXgShT0AhxO9Fg1V46TpgUhrM4vzRsxDNZzZvJ
2021-02-24T18:01:50.382067615Z 369 fJK8TRhR0Eeg835ei1H2scjqjQbHlnndVlq8oG6wpSOqO45JKsGBpTcf3Dzu
2021-02-24T18:01:50.393320605Z 370 wYukMUxLrM9BJPCoBsKLTa8Cayc9ordgYHMHM16n24g641mArp7SVk7XdyAe
2021-02-24T18:01:50.404349350Z 371 RajpxswnJQqqKXvQrlordebdTqYl4AfDMRTEyTPYiNWgveAxGoUkxFf3powI
2021-02-24T18:01:50.415587746Z 372 rX8wVtr63r0JMlW0XFejG4HqnqBTU5n3sNgzSOCaQgcnOQ3oFR2nK5O2kmaN
2021-02-24T18:01:50.426971117Z 373 XVRE5R0TTda70i4rmpyohmmeHH9tMnGkCnb0QiX70XM0uNSl49mVRU4oWUSB
2021-02-24T18:01:50.437531172Z 374 z12p7w9QlMSY8JZDf7vwWcczc7Fy9tRN9cWjJbbW0rpWTF2SuZYq2N0jMBbM
2021-02-24T18:01:50.448540515Z 375 eW1lCAY6LlNitFkCuH4G9i44m9Hl5lG1zL0VykkLYwtZCbRgm9bOwbEYzBRZ
2021-02-24T18:01:50.459860751Z 376 U0XfYVSLqCRM41Z3dxNc7e5PEiBsYs3aK7kOQVynYjoEj1l47Zf9PfRo7SXG
2021-02-24T18:01:50.471431327Z 377 oN3mnM642bXPlKDTzn59PDrfx5hRZDcidNYVhw7m2SDDPNlgBmkK2o1Vsx1V
2021-02-24T18:01:50.482530723Z 378 QabkTp9f21MiHYh0FWJKpSX5dtwMcx3j7RHuhugelcRcVEvJWRuJ3BJEoR16
2021-02-24T18:01:50.493821388Z 379 7dOtmulBXyowjNnY1LWHhfluoGO7HJbGNuGBCispjeMeqsj2fc0kT9Bf1WEs
2021-02-24T18:01:50.504665759Z 380 OtounDTx2ZMBEFthmfzZr8R9KmszpImmGRAmlkTeAdPyP74faPxBkHQEl3RN
2021-02-24T18:01:50.515584589Z 381 TXH2RGuhvbfFzUeK1Mzy1jOjMDMgTCIJxF5IIVCK2v9SZj3k6Dd90wM4NMt6
2021-02-24T18:01:50.526441920Z 382 JMTL9e5CEnT8O9FAEnOhiqOIadnbAhfdrr2rstkDdYbnAEGe2B0LpRQpkbXU
2021-02-24T18:01:50.537736805Z 383 fWDpOmv9teOIHT4VXL2Cr39njjx5xp7gRhO2agFfUHXhhjabGiYf2V3pzOx1
2021-02-24T18:01:50.548272575Z 384 6xOouB2twayVOLdV8StGdLntYEFhPJUbLAomMQlZ9la87Fm4Ofi1kSSnW24M
2021-02-24T18:01:50.559621047Z 385 HXHlEjgVyVHWlatXoiXPBnKa7Y1UzA5kfQLdEgysSEMVEIYGjGh9h5aWnwUP
2021-02-24T18:01:50.570900657Z 386 SNSXa8ofSSR6aAno9qHXER0DeFVdna0UoxNVhpJ16Vp4lxr3w1dNQvLa8xix
2021-02-24T18:01:50.581313949Z 387 4oQAumMylRrI0TXxX9SwiPNPfKVZmuWTvHTlFVaheLFHV5TJkli06UI3Yedv
2021-02-24T18:01:50.592782514Z 388 XAhT0B0wDtP7X8SOq4pSgL6f2eDZ9TnHHlkgDwXmU3JEqXjZiwZgZ3wgPiMA
2021-02-24T18:01:50.603559357Z 389 pP0y5Z7E7Z0EklBJpeuheuFEu6TXHwyX7iv996NvWrPyRmOuQ8hM9lpSZFxm
2021-02-24T18:01:50.614889199Z 390 0g6w7JETgLFjXoLOomLGcIRqlxI4Ru7ankIeCeRC10Zc6XW9bZG3zZTARrof
2021-02-24T18:01:50.625274719Z 391 QqEqASlCq2hkwmrnc0RgATDI4ewgWmPdEhjaVTl8qs6FUdNQz3t66Sb1pQC4
2021-02-24T18:01:50.637073225Z 392 c2mgTjSV10eAvw8vrRHH4dobKKdLUtXkeX2ITgDmPnfnXEha6XAGST2ZziN0
2021-02-24T18:01:50.647865141Z 393 1HFslL04Mt7iKvmc0Kkh0fMPwxekhgyTgNOmUsKvRckiDQ06aY50AMLFLkTm
2021-02-24T18:01:50.658196656Z 394 ocGQzvg5akbnPOloSNj9a8v3wqzVvg8xSoiHuuGyoskOX42Vu8sp1H3aipQJ
2021-02-24T18:01:50.669747757Z 395 vUYUesthtrQ9fVlbJmykPzhqLSlADH4V2fNc2PTLzV3TFbPjJVa5vPTUWjmA
2021-02-24T18:01:50.680099215Z 396 1T493Q13qB6hhFW5URggHOf6E6KWVsxe0hnZw3Dpm1rlJDb6gqPDWgrEo5So
2021-02-24T18:01:50.691675305Z 397 urDgQst6dAF4yJmLoZYVBZr5VbXXzohevDWQbNLKH6d0J1yS5ugD6y7bcRNY
2021-02-24T18:01:50.703800326Z 398 L3aktsr0pxo21mHIQ2vp8KfvS1xHQRSBTcUbegZh4o32OGSMu4uViYyiCwEs
2021-02-24T18:01:50.715930346Z 399 3ESz8ob0mBud2y6LCA1GH5mPZ9vQMTxfTDy0tnHPZfCo6t3z1A4rn8MyyAcA
2021-02-24T18:01:50.727626532Z 400 c7Q7hEHFSwufPxuaqtjIX9RvkwNLr4Z2rAFIcvpTzcCf7rhztjMfQ8ja1nuW
2021-02-24T18:01:50.738747200Z 401 YALuodktumnLiOsJ2EL0JRCpBPhvyUA0rC1LytlDQh69nQ0fZ4HB47zuD4rj
2021-02-24T18:01:50.750213921Z 402 EvTUTtBtUiDMT0tQfE9vLi69WYIG5hFTV3pBYbN68sNJECWyIT1C1WPxRK8v
2021-02-24T18:01:50.761652997Z 403 yiZV5hao2gdNEeu9jfHa6sKI4nD4aqxBVif3BhPi3EtSxspLqS8PsDl31xQx
2021-02-24T18:01:50.772683991Z 404 hLgqgZKBBIWjFH0Uqoq0SpIuSymUnOLJR7tXypukYMtBZbnIfLlxs8LqnHgW
2021-02-24T18:01:50.783727503Z 405 18ZPiy4beiDimBVO7IwfoDThIhlU9diu4WFI85K9hT56DlHXnQibrbhyu4IG
2021-02-24T18:01:50.795012022Z 406 Jo9FjhHLg6Xfr04wQQvnNh9rGppXmKBTG3P3ktJv6W3cH4UQ9C92iKFnrHyQ
2021-02-24T18:01:50.806135417Z 407 cHd7fEb9mOwuzwh4fA4v28BqC6S2k4Uy1iIKLWp6pjesYSxL8bxPaLZfcoLL
2021-02-24T18:01:50.817276957Z 408 Vc9YI9KKOcI5NR7ec7F5eQOfk3KzTkxNKFUPYGvsbbay3o41IsvBpupbpPQl
2021-02-24T18:01:50.828855550Z 409 TEfIOXMLWqoVHS2LELrnWsMSXfI8zMubph1G4VNwaDI690UbTiyaQT0eL97Q
2021-02-24T18:01:50.839329269Z 410 06EIcomieAMFi8uDHiOSmKrQAULd8TOLRRXdboEgPJmcT1qc7xgLeniKQqsC
2021-02-24T18:01:50.851142264Z 411 FpjvGxHfbBP5xXwwEXgUocZfuh8jTb8y99eVVwYZPA91DE4wxgouTCCO2TxB
2021-02-24T18:01:50.862992751Z 412 xm4avbx1W6YEyZ1yr7f1bNlZFX4c4V7D4Rc87F9yzGOu1N0sIkjvXxBevQ7F
2021-02-24T18:01:50.874067839Z 413 uSkY9NpKqvOmNLVRImi70Sr5Px465jZ2r4BofR7OFs42FeQGZLSkjSrT3Zf9
2021-02-24T18:01:50.885860456Z 414 ihE9GjBnrxcNIALIEky8uaUOO5MbnEOOuxzuRohVSrBRm7YBp5Qs4WZPg4Mo
2021-02-24T18:01:50.896210174Z 415 QHQ46twP94IfJo0LIHzvawUtgGUnIMejWfM6Sq7K5jPmDhFEsQHIjJoZJ7Pu
2021-02-24T18:01:50.907925203Z 416 4iNwICf20kgYuFd0TVKSGzJkeUrLs8DhKEzGRFcOjTGaT2CdQlNB9Oq2DRCc
2021-02-24T18:01:50.918706441Z 417 1u26v44S68daR0miYd7CRErTH2WR5ceReRB9iE6YlYftpE3VQ3JswfYKbgMh
2021-02-24T18:01:50.929136762Z 418 1jMmUZmEoulgwjlghp8Kk7gPdiRau9k1pi1fSfYEKHz2rp2ojXC43C3WDHx3
2021-02-24T18:01:50.940870030Z 419 QMjr2vofVZlS7WdNzKN8ry6ajOQWzDYApYyjfKXCB0va7EI1lhf14WrWVSMQ
2021-02-24T18:01:50.952240542Z 420 ifYqLrp1l34GGjR7NTnNtux0yAHFUx0DJl8CLIakHLFSpPbrJ9AgBhvj4pRe
2021-02-24T18:01:50.963898088Z 421 9YCLDlrJoFFmq8vSU5xJHpssBQ5FI20TdGdsqcQic63aYkhhedCJDfYDZxQa
2021-02-24T18:01:50.975910391Z 422 OsqgpqLtIdUxFH88oEqXXGQ8uCAmj19F29WUqPD3i6pTN1N16TORWPUIZ4uL
2021-02-24T18:01:50.986719479Z 423 4h7XLQjl2eKlp9QDiVNFeV9wZCxJSAWHRfYESDMvPifRWoPQJc3B1uoN3Ftm
2021-02-24T18:01:50.998039580Z 424 0BjYb8IKCSzqENtpb7jZQY0gpQ955G8KKzsLVZXcwu16iHfGhSFe5guZg5OQ
2021-02-24T18:01:51.009281655Z 425 lwG7ojniWltOKeUWv0l4mM0obbWLqsWps4eu3CTDeosn9YVCqf7BoLeGBD9N
2021-02-24T18:01:51.020403111Z 426 tBPiCXQGRev7AOMe0a0ticyqV0Tax0PtHwMCF00aHuIfBMJWhfXNC2SDFSjX
2021-02-24T18:01:51.031563396Z 427 0JdjVFjwgIX8OJGd3SCf11z6iFhdRety2XXl1d0iJGyb9MJ5L3QtyqsMhFY3
2021-02-24T18:01:51.042913260Z 428 oT18KlQ7cEGpPOekS0428l6xTYFlcJs4FBOWuAni56qLZb35kMuQYv1RWdk6
2021-02-24T18:01:51.053429271Z 429 DifxZxhwjtQ0eJuxJjdbTtlME6aM8bQaTgJnB9mAivP29oZvIFKr1OuT2hK9
2021-02-24T18:01:51.065059330Z 430 Cb4EZu6u7V81G6JjVnHRdB9WkJ0Q0yfd9LIdoop0qMweIYUZAQGfjZemDwTT
2021-02-24T18:01:51.076860012Z 431 AL6wFQ0MHDzIZwSBAxQIyFhtKgyxxQzyj3fZjQz92IFu1FEHOQK8oMw1b0Ih
2021-02-24T18:01:51.088593377Z 432 KPViJPpHL8uKYXCBs2AM1PCymTlit6SOJwtskZiaXHhD0KzpRsCS3vPnc7Ur
2021-02-24T18:01:51.100255466Z 433 919w9n5wqbarzlxrVtiQwO9TSymjyPNie7KKvqdWMaDou4MncmQPJYeGRTCF
2021-02-24T18:01:51.111882117Z 434 vnAStecOItoFZ8SQO2CIua9Pvd6VmtHgTGkQMDNPt6i0GJfm57X5cCdaviPA
2021-02-24T18:01:51.122461834Z 435 kRzd6keGj4zNwTxTYHuYg0Q3xUpAERAbGuOcT4vvvq2YOKav4AmvVO2j9BCA
2021-02-24T18:01:51.133682840Z 436 1PjkasMYsPBgPYQ49VqBcl9NsUJXRIZc52ic8qJtsMpZNY7TcTc2uzZCqRbQ
2021-02-24T18:01:51.144802364Z 437 IErz9tcnp6YnmqFWjY9QOKQ8ESEkEA5cwZzAawQcYd3ydRqTez9xwifXGiOQ
2021-02-24T18:01:51.155873977Z 438 AEk4NEfUxsbdw2azmGKRAe9xtmGqfLOXVrvUFaCZIZsxCsnOGTwy3a3fgukc
2021-02-24T18:01:51.167001020Z 439 yXZhma1aDIccNKqT6CPsFyF1yxCDUthgwBW10Z1YM3r42rDWvSM9zgMaK0DJ
2021-02-24T18:01:51.177358274Z 440 D3P4D4x8YfJbusuxVS9ig5qhyRM6ZFuej9qHh2xnvf4VeLAKeUySyO81Hj4Q
2021-02-24T18:01:51.188893253Z 441 Im77tnbAbmqYP8bOJ4KUZQMPsCpCUnLbYbGMlFKSbtEfy5SfHaljcqToD7WZ
2021-02-24T18:01:51.199571040Z 442 KvCDO9gvbMkIvNxsYesjC82s70QSAX0nGSPV4OnX3uCxo2tc0QAunKzgO8cl
2021-02-24T18:01:51.210942955Z 443 XBXtqSUE2aguAHcd7JXLY7PnikkLD48n3ogJeUBLyhHdrePIzyjRWYAhE1gK
2021-02-24T18:01:51.223075617Z 444 H49M28jpiqRZ6vSL9nYsIDYCs7Mb7RV9XUemrv9zY4uZhpQK4TMzLtrhWmhS
2021-02-24T18:01:51.233373858Z 445 4jB2DgZsCn0cMd5ZW9lOnqFJyL8uYFZt51HG5H8fkkiFy0mjgPBk2c4fk4Rx
2021-02-24T18:01:51.245055989Z 446 uGQ8vhMrLBLaIggCiVrz0jhHx2t1LM0u47SaPTREDLg1uiB3A5vdpljCrDkX
2021-02-24T18:01:51.256702351Z 447 jMDvmf9U3UYdkip2l95O6yg9xWkyefYoSFJZTG1j42urPgSAAOlsID0rvZDC
2021-02-24T18:01:51.268333237Z 448 h8d4e4vulRzYBA860E4rbJbTCOn4bnuWs6dxiInfvtdEFM6OF7Cb1gHv3Gvi
2021-02-24T18:01:51.280020027Z 449 4V25Sg8UBgzbkp7pGmWGIVkz0bph7lEd6EK0FMIhoXpMEH84qfIsIZCfKUwx
2021-02-24T18:01:51.291201835Z 450 mIi8lNiQiOlXV425h37uXPG0tH6eYgDi1p206ZLy2RSUZlhkSr9pHPFveObk
2021-02-24T18:01:51.302505552Z 451 SV5PyAXGmRw33NJVGNCLvn6ixN0fcYUMscnV7siBxEqdHb4PMX6r90wK3ryA
2021-02-24T18:01:51.313913808Z 452 1qRXGUEzTeBiqiTewkdf4qGwlTyjfHYXgXk6fmNwMfCA6rXX2FnFHOadnzbD
2021-02-24T18:01:51.325232942Z 453 OU459GctoIhLT9UCT42pBxXl4VxJNTSX9V3yjoYqgYnhAmKjAtjUjt8N6yLc
2021-02-24T18:01:51.336989401Z 454 QbFCuBD7tHXfy7hmfqnm6DdXfIW0IPtH8h0ltGvSZiuxznhOVwH1m8CKYYZe
2021-02-24T18:01:51.348342379Z 455 bepNlghiOqtmnBIzwx2AMgJuhLjg2ZQrGbuL6biTgzB4HVYglOZjOCtRHNQx
2021-02-24T18:01:51.359642580Z 456 Ata9mG2uwNb3RzqMKUcRprbEA7U9V7dJEl4ABCaKn3LU2UHCxczzeHAZaHtt
2021-02-24T18:01:51.370636251Z 457 mOJ5aMSAHIK45GlUYqzqXP2qrXwEsiacPV3E80LjGF5JVcqOF1bCMUptNS9y
2021-02-24T18:01:51.381845377Z 458 CW3yhHucniPDHFCqpiDHH8XRwRuLFLoukILuPJXUwvmvtFteHvmYON70VBB1
2021-02-24T18:01:51.392524770Z 459 lsdSjSNT6LwGJUI9fpQsCqqtFYGv8CDOV6EnEgVtmvDk1SlxEm4fCb1UcVek
2021-02-24T18:01:51.403706330Z 460 PK6llNkypVNMMDoWLbI6VIPo5I4yHHis0r87FP1qfJwYeDth69suC543BJKY
2021-02-24T18:01:51.414672040Z 461 cZoivicuoXqQkVq1EYD0WK4EauJNsu5rRMcDdmNape8wTACsHvPzNS4O6GRI
2021-02-24T18:01:51.425842956Z 462 r6Y80elTmVHY4d7WC1ArAGZx7eQwvR9B2KvPtiGhBPfULA7ma4qpIHa8eW3D
2021-02-24T18:01:51.437103870Z 463 ojyMUvIcR2G4wZ1T30RMJ8IE0SEtlFmZWroNODujSic07mRrfaOwYCD2jjp2
2021-02-24T18:01:51.448630100Z 464 10RM8CDdwQQXmWmMzKUQcRaZcvnI1iSucrH2osmGRC0kQoMIAyhqWxFLLTBE
2021-02-24T18:01:51.460153754Z 465 N5h3eeMWRmsQxIGf0A1UzIcFSTP5GbEhZmNXYGD2H8hsz4FGFaNabpa9g23D
2021-02-24T18:01:51.472123811Z 466 k1hA5Rpr8L7b0MyEY844wQwUi4JREej7yEhcuzBlfQwCjo8JSVzbm879XvMN
2021-02-24T18:01:51.483439804Z 467 LCJO5ggP05yuVvkoInT7FAvMfcy4hW2jOMfW5RKHdUsza3oOU7VLLpdIq2Jr
2021-02-24T18:01:51.494996563Z 468 LB9drTyx9qfvUkeYsCDaZu0RtRRHTkP0q7859SMf0nHepEibjahrwmspMe9T
2021-02-24T18:01:51.506412564Z 469 PjcQu2vnhCdKbgihmPUYr7su0ijsnB4DNWMz6Ai9euRzrCk286gviGi7pya6
2021-02-24T18:01:51.517978569Z 470 7FVbdLMQv20SqytTAlN8F4jiI6s68geJJaLt9rk3i6vzUufjWU6oP94r6ynu
2021-02-24T18:01:51.528395466Z 471 t85WWJXu6n2jVHKh20HN53JYvDTIY6SN34bjprzep3DoY957phfe8Di6MyrM
2021-02-24T18:01:51.539467831Z 472 8Fhhu1Bl45NcOZ2gPDqRvHLL7r9qouZNZAyisI9VoE2YyeQklGmT5fC47IMj
2021-02-24T18:01:51.550601154Z 473 QKZyMdii4v68C8k1FLGTOC0OkXaacY8aEbzl6FwQe4z4M0ffTyp4ruUuPGjB
2021-02-24T18:01:51.561708596Z 474 TKz1DNoZMEW3AFTnnEBw1M3soRi0KoFZP1u2JjtchQ7jHg6E9E8gfSVQfekq
2021-02-24T18:01:51.572791487Z 475 UbUjSvZTecM6AqzkPFxF1LX53ya6yl3OiRx0tpkDcKN6RoDMf6QcgWHwBhjZ
2021-02-24T18:01:51.583927297Z 476 cgzO5HRR97N67nB4qkGXfhFiuZuows8PDy7HHdJf6e4zfT6lu6KjcUQ72k8p
2021-02-24T18:01:51.594755547Z 477 YOGgN9m9OA3nzu12g9yGmB4KL84e7yca7MsjStqiERXKh9KEvVNbOyDoOrV4
2021-02-24T18:01:51.605495366Z 478 s4fswv2GB6W0HIYVnq5ghBzQKuAAskC09K73q36UYy46NnCOFunOVGBO9OUw
2021-02-24T18:01:51.616488605Z 479 l5v5Hwy08c5MwMou5p7xZzS0kzpI4clcX9cyXgEcvdnfG5MrmmvA8Lj7kSMB
2021-02-24T18:01:51.627277204Z 480 UlwjgIB1CR81ZDb6LSj9WEVEonCHJM5wcm7U0lodZPsC7af7Ui7dZekyClvA
2021-02-24T18:01:51.639096755Z 481 8BOCefpXHeI9VXFWbQebvnXQrKsERTI2qN7yP6ieRr5Z6p4XRYStTukqtC9x
2021-02-24T18:01:51.649405242Z 482 CJ8vbiEJ7axWo0N0hP2oZhXTzldIyquIrC3P9j7im966DXfKBXvRurjPcuul
2021-02-24T18:01:51.660986961Z 483 D4Xk2uXLvKLtQNK7m4HhUxir6O4veDz3HiP6npJZvjxMunRGLftqWSoHJgSy
2021-02-24T18:01:51.672242262Z 484 oJMVv7Rm1eAomgFIcthl0N4LVWsLsajXuzVfMmyhzbVtXZz65dc3WMuDRV9V
2021-02-24T18:01:51.683253117Z 485 MBpvM4kKh4n00VzUMGU7WDXQXonvlPaFW4j4VsVK4QIIrw5RNmSEjttgHBPj
2021-02-24T18:01:51.695302897Z 486 iDjaxlUwy3vbD1tjfVg6s2iwmQSPh5vVuuP7YELDnT5DK9qoYqWft4gMHJEv
2021-02-24T18:01:51.706931711Z 487 AOsJrYfLX6QMnPBuK3axjNVoQAzD1JkQAMjHTHphRCihd6vsnUClHY9bhWMN
2021-02-24T18:01:51.718511930Z 488 uFR4NoVn2heJa9Otc3W29c5C0Igml6s60fhen5MA0kOGRO9kLKknuBSGjRf8
2021-02-24T18:01:51.730381282Z 489 6ajYchqpVq8ISCZCwP20bzEDaSeCvlfsNxpTKDfbfx8K2aJ7UZ6eSWHUPvq6
2021-02-24T18:01:51.741732533Z 490 qCo88df6TC0LqXuE6Jezo1l2cJbL5ULcXK17qEUsGjiDlalI6mX3exqTuMTB
2021-02-24T18:01:51.753546080Z 491 EOqpefuiM9Ucl15JX15gaEhYWt4EWLthDR4AMsWDgRsLeFTGR3oSlNUavIjf
2021-02-24T18:01:51.764702959Z 492 JK0CXZHMlnMMcTDswBKOt36CPkcgBUt75WqIqSVUZJC7pA86aU0BXdS6iY7Z
2021-02-24T18:01:51.775976112Z 493 ktXfmshV6VneZUjp3S9FkzOuFX43uVM87ujavVaj7YDiIo6lFuXX4TEBIZCJ
2021-02-24T18:01:51.786513802Z 494 oU6Hxw1TpQM1D85WARiDn81wRQJ9Hxl6DPCR5RJ4WZzWATBQTNJTlvpda6CG
2021-02-24T18:01:51.797576958Z 495 JwyOLa1iWCsp0MttFHMeFbm9T9DECWvotK1nTMyZQCSrdeHgSJs851Zn7d4X
2021-02-24T18:01:51.808869752Z 496 Cl5dZeOpjeRYPCCB3QfFBGGPMP811gOq0t7XPks42QSm04RMDPyo1Zs5hXi1
2021-02-24T18:01:51.820394216Z 497 U2SZSctdvWFMNX3W3bzwSQXcjl4VTVpKD3x80DtHQY4yEVRxpIHYilxN6W6Q
2021-02-24T18:01:51.831125566Z 498 TUEmxwB8QWD8EQkcsPnT29v3q6R1w3sfyQdVh1FLmrtlaY1HGBZr16ZOeCeR
2021-02-24T18:01:51.842532503Z 499 qGlPErkroviP3fY9VKQoRaQicWtcjolSRMd6k2BcOsV2YOFzueeMD3jhWQIQ
2021-02-24T18:01:51.854006513Z 500 Dry0jkPCkVOBdkwLVte8WIqNkEdMdkYNaBXBRSfkY7qJNF6gXScZWhBCshrx
2021-02-24T18:01:51.865546645Z 501 Etp7gCq4cLjUqJkLeJ8Uw58Buj8HPHDs6Pk0bpZXv1Ax5Fm5PYfp4kc86PUM
2021-02-24T18:01:51.877387533Z 502 LVG1jy8Z81SA2w6kH8i6VCizMJ2YFcuHdxocyf0zrfYUjykNgmPBncBQ0dLV
2021-02-24T18:01:51.889477015Z 503 lNiskXBpzf14uT3KfgYG5aXkCSyO2wjXNqrNi4DvzZ2mYIxmAsl4j4ZZueLT
2021-02-24T18:01:51.901026958Z 504 8EftZHKMKy4e5qa8YmS5qUBfMpFj4Ktn6Nmj7V3C9gAwP7FjrmAKP8dMKpsq
2021-02-24T18:01:51.913174899Z 505 ku0IRwdmF78TaXS8F7TxvW1EwVbBH8AuCPIQUqqTPXvLJ42Ta6jRAQ12Myf0
2021-02-24T18:01:51.924412760Z 506 QOEdnCe5mU9jIEAFTVXgT4lxwCh2ZhYNiLSVTsree4rxW2QQ9MdVHM3B9neh
2021-02-24T18:01:51.935832149Z 507 gLNx8RpMa53X98pbXAWal4RICiJuqzKrn9djHCZyyPHYMKhrQJnaobv9c9gS
2021-02-24T18:01:51.946366312Z 508 HBMJp17jJRRC1uQPmtKwP6WyiJTOZWV5I3IJbWZvAPXByOT6JEVSW78In7G8
2021-02-24T18:01:51.958074215Z 509 gPCm2tWcvGnf1P5Tkf8cJsdyI16QjuEPvY4pNhDcK1J7zYYZVGsPNhFc5jtA
2021-02-24T18:01:51.969648541Z 510 Cskw1x8elwoBM5CJyYkSunjqSmQDZ0mkiXjV8Lg9kgkrsdQo68BEvBH6qB0F
2021-02-24T18:01:51.980284629Z 511 kyH6gNcZXLxKoXVuZBNuZGvSNk85wodiJqBOreS6acR6de6NzycKAGjqvz13
2021-02-24T18:01:51.991563339Z 512 8BzV1Cv6TVWxpHyMZId9bslqXStU5lUDrObEHqWjbjRD0hg66esFe2xWqkBb
2021-02-24T18:01:52.002831917Z 513 dVG6JztDvEfYrzd0Cx8Tvw29FGQHXUHNhneuPDAIcNB43HyWkUwegOGIlAaW
2021-02-24T18:01:52.014212345Z 514 9MC0keWLllLWl0LEZn6YwN6MA8w2a5H2Yt6RE8wt2W4Tv8cdMPm15G0QjTls
2021-02-24T18:01:52.025862906Z 515 jKGEE6MCKGunoY3ZN9zgud8nxYfFvAkBpjUW5NPKtRgfVji0V1HuqnuIcKkn
2021-02-24T18:01:52.036916032Z 516 0NQ91WvjCUe8rVYR5wmG7KFG7xCsYkK9B83PK2U0CVDXNtYg44BhZqSKH5YD
2021-02-24T18:01:52.047572052Z 517 eBEcc3daFvp1tC6PZsM1B6ZYl7LVKMVipFpkqvBh3zEmtVXAQ29cKkgoHXF4
2021-02-24T18:01:52.058849410Z 518 hySdtPLJPC72zRCLohvygdC0FvY5zDiqEuW7g3voZ4s65fHpPl3VzdwBtmC1
2021-02-24T18:01:52.070181815Z 519 B54b72Fk3xqYlZVuCvwvIQbdMhD1XOYzO5MvcKKp0E9vXC04SPh3j2Tsp5Tx
2021-02-24T18:01:52.081521584Z 520 X10ZXEHgW3kZsd0sVZG6n2iqQpE2JyQ4YR7xZBa48N2g90CaqzOTN1SK3nPz
2021-02-24T18:01:52.093279427Z 521 P8i0MC6dTPdfLEvgcAFsKz6WBSYRCFkev1caNLU6ZwEvY4hRllnUUZnbgLTA
2021-02-24T18:01:52.104892882Z 522 3LiFF22oerg4ifXicdV3YjUHqnpYruPuAL4SzOLYe4laxJGO3SbPKD6R8OU0
2021-02-24T18:01:52.115598935Z 523 IjcPqgIaLierbqqak3dBbdmToXO8C1hv7XXXTJ0iDTM0JK2gh439mbBjEUgw
2021-02-24T18:01:52.126436956Z 524 zB5dn25utOnpVdtj2ixQ8oTBqXLiuSTcJpG4QWWIIjDQwuaarPn6cucByRZW
2021-02-24T18:01:52.137642770Z 525 5BytLMulHIlsEu8JjsJxhmeTUCSJCXCpQoPEHbAKDb7Lg7QScbd6bZ1PtJ4v
2021-02-24T18:01:52.149092459Z 526 C0WUkwD0hnMpFyAFjMSYiyIT3mWucOuBiEoKa33W9d9EhYH33sRmVBahvhwG
2021-02-24T18:01:52.160547958Z 527 Xl2us0ZMgeuvkvvd73BRynbvXfK4K6WmHAmjJVjkWwTcTquJoxjJOf4NvSqU
2021-02-24T18:01:52.171885150Z 528 cnpv6J3xUZhIsezFwVPMJf1vYzVSHFjM1EQMecpArqqdPi7XOIGwFbsKkN7R
2021-02-24T18:01:52.182348202Z 529 DIEeYvO3pTkv3OZ2bWGShV53oy5KM2fbuNcDFRnTjF18Nq9pwQjq0pINqgvb
2021-02-24T18:01:52.193632095Z 530 oQHVJri8lCiFDbo4w9rZwLtShnY9qEDQdHbdfmuAXhoHknJJnlM4L7gbkEUh
2021-02-24T18:01:52.204831173Z 531 buWuMv6a2M9U6Cj6fyDAWAiOgfcbAgUhffg8PzsXLDiWuCiPRKcMML3GTjdt
2021-02-24T18:01:52.215356762Z 532 nY5jq8rtjRGHErqryXAWABVGbAIGhltJc1aFTywd8MKjWMERXhf9xaguMuEn
2021-02-24T18:01:52.227195810Z 533 Vvtv4McYyxttV3myIeMx1YWfQWHDWBkCWbW2KHfyX5EcQsYPpdtFbq9xqvRp
2021-02-24T18:01:52.238963101Z 534 Seoes5X3Ehe3SY2jjm3M8pVAQXhOSLKrnHJV00FsI3GJ3gmxeblUi6ZEstl0
2021-02-24T18:01:52.250291764Z 535 PLXx75YDLf9WOtWNeOpLipeiT5PjE0ZE16DfyHEldCgIDVAegg5NyVeF7nw6
2021-02-24T18:01:52.261565057Z 536 3O8qh1nDI5HmrnvNr050c5uBJgR2zY75w9fccbkC6i0GLvtHFHuo5Glwrgb3
2021-02-24T18:01:52.272839839Z 537 ky4tafCGINPM14rsTSTE0SYoybYHHwSNskmpHdPa93LkCx1JKQki6FYVdvBP
2021-02-24T18:01:52.283328749Z 538 eWJobK0y1lOpckNPMkEfoAQEVMWZQHQVCvOQVMwsi4KdpXgVNrWVLUzqnyQq
2021-02-24T18:01:52.294848907Z 539 ND11skHHpoeUafTebdUjC3sastPS9CA4G3ZMfHp68ZBZAqk6vv6ELuK5gW3n
2021-02-24T18:01:52.305670553Z 540 aOky31IM4j1XScDkSARVq88E9h7u70Ym2io9ntM8xeiGDstCxURxDdTDM8Vs
2021-02-24T18:01:52.316425193Z 541 6cFTINkoWuY9eVCI5kg6MPHA94pi2Y5qB5yz7STFkomLUjGIe8tQVRBxc4YM
2021-02-24T18:01:52.327590274Z 542 1njEmLGSQzjw4Z3vhi8r7V4rvvlB5pOVDgHCLsgKVvWv9nVnVKQnBvYAulW4
2021-02-24T18:01:52.338684961Z 543 0XhlhnGTRA0bRxa7A8afXxKR9ubP0CQqW23mAg3RAES8VIksd3NBrkykAImz
2021-02-24T18:01:52.350036619Z 544 Lb7wx0ApC52ML1D1poheO9V2btB4FyFxt2SF4EarMddbJKHJi2CDhmxBBKRH
2021-02-24T18:01:52.360859819Z 545 yyBncftPK7hzUmJMlCYeb5EfBqvz1Eu3dOjOfExCjru1qlPEH203PcieHG7W
2021-02-24T18:01:52.371379278Z 546 KGV1S3Iv1botjmnJySEGOkRsKkYjFec88DE8ol4TTmSm6J9vuCMsBC6xYNIs
2021-02-24T18:01:52.382463789Z 547 YthXEx1Nzmx6rmQq9vC2VWEhwIzZpZnElL4PiFuLcaz2JN9d9Af20pTlE5MM
2021-02-24T18:01:52.393462381Z 548 t87ode6ctjhABDLgtWZQ7AJEHMYyb3ylRwM2z1DjY8xDAJM1ywZgDClcUiZ6
2021-02-24T18:01:52.404647399Z 549 JzpUr0U1yuLFkI2hkfYWgzG9an5mKCLePjnpYxEPPNmExq6ilXwFQjIIsqHV
2021-02-24T18:01:52.415899869Z 550 vOTFS9PgyynNhDNxQFtW8PtENQgHXtKfMgf6sezbqah60a2vdKU99mWuJ91N
2021-02-24T18:01:52.426288490Z 551 kdvD6zRXi9y19PvcRTeT18xjaIyeyzP0fVLco6Nl82AjHgAaDzCIWel6XhPM
2021-02-24T18:01:52.437821397Z 552 ACtG9d1YybdIoMDSPp8oUJ9tQqCCO1hk57QBS5lApAOGTSSxaR3wkBIxa7r0
2021-02-24T18:01:52.448673330Z 553 Ac3eEfHSt8u1HSONgktPHkMZKsKCOBEfMhlF4FvaGdMWwLdSCjijraXnmKHn
2021-02-24T18:01:52.459615127Z 554 qVBD45JixMqrZddNAEB8g7gpaLKWU2KltFe1cznp4fg43UHe6OXvna5SEml8
2021-02-24T18:01:52.470722744Z 555 gjmM7BGD2W1I2LFLezvBVkZg0CBbwxHi7G6RUAct5qfvjf0Tt7eTIxs09R3L
2021-02-24T18:01:52.481822963Z 556 lbp9SklsZlmaQAV0vBL6KnmsaDRNdJCRzqNPjZ2fCu0UGKsrU0aPMauB1ylE
2021-02-24T18:01:52.492612479Z 557 awZyXfvzeoYaA9mONTxmor6I7yhsFFek9O7X6zENsb798HRocYXmO4moyvUH
2021-02-24T18:01:52.503977808Z 558 UfjNA30qEP84wBi54Qr5kTniEuKnjn5XfevQScpO6h8Lb3gK7kLt53AW8IAo
2021-02-24T18:01:52.516228019Z 559 XKuvFUI7w2MtMMy3tBdEdWSt1dkqXK6C3tBhzl6QPBzhnuIiMxUsV5SVZOmt
2021-02-24T18:01:52.528119461Z 560 MkNKBefo8svqAKWNTPrdIqCcXCWw6JCaG6SQWDDrshZb7L19Z2hMf50gCdUm
2021-02-24T18:01:52.538307895Z 561 faxAb2H73976ExrhA7MUCeACpCogOAgTr96XzouqYKyFRAHyM75HZlXTbdRI
2021-02-24T18:01:52.549617538Z 562 rmAEU7oNbO1siMCQWSB0WYBSLewcio3nNiAavq7K40f8HeFrH1ZHL6mFiw3e
2021-02-24T18:01:52.560265925Z 563 cgDfIcK34puBSApI0r2IoVDWofUcKikL2W02rINEwC1Idjy1ClQitE1GRbb8
2021-02-24T18:01:52.571227770Z 564 Op7U2UUrrMyKivzrGauiFHxaEV1xjkgUA3aBusmHMoze1krcpOE3cX3xs9hG
2021-02-24T18:01:52.582458299Z 565 LWSoznxaLBpe0sHXRJdjSg3d3JcN9fErQ7mOwtkNvmlMytUyQFP9d9TcKL80
2021-02-24T18:01:52.593840518Z 566 GgWu3DhzWvL5IDD5pTNDFnqKxL1fWlamgk3dbNKF4VSs1nie2kyYSp7ZFlOD
2021-02-24T18:01:52.604421147Z 567 0HrrKYZGv0Y10A8iv0pUQAFqPOt7kAbCsJcQetPi2BfdEQohAsFxNdOvX3SP
2021-02-24T18:01:52.615376330Z 568 hfEeLZhxemudwaENoJ5n8B6hXrp5yhsLBAgujKlYSePPVmAB25Vn4PsZMuab
2021-02-24T18:01:52.627130410Z 569 nMahjaT9WjTfNeCdz3ak4wLPsTYm3wOp0S4NsFlJtBNkASfMonPPyRHwM3Cj
2021-02-24T18:01:52.638580872Z 570 VVUeVlw5C6xdjf5YGvOT3Mcz4m1yxoZ0csNOoNdBtzh9nCKzBrxT8FAbpGFQ
2021-02-24T18:01:52.649815770Z 571 oad3DplhCaxOS8xuFdCKsb1W4WPvQgFOhDDUZQYSPmfGDb6uvmVFtWmomzuO
2021-02-24T18:01:52.662076715Z 572 N99qQXD8tFPrXIsu8wCOu2xdicX95Vfc0rDQpwFva6OLJnCwLV4Wh0nQbv9z
2021-02-24T18:01:52.674171368Z 573 QT4vhzNd7g72hN8kT5PsuA5lINYT699YSOcuMJGNqZXHSwEjCTcpYB1BPL67
2021-02-24T18:01:52.685967205Z 574 kp6cJotCH28pEpWmmPK4PP0g7Bma9zG0YOJc7B916atikudhasdwXpvv2RC6
2021-02-24T18:01:52.696885885Z 575 oSgsM250hK4xRc3INWIBXcxCM0Rjjy3ehwIRlvQq0uJEUNSvQivLCxU5wkEC
2021-02-24T18:01:52.707963919Z 576 9vRNvhQCGEv5QoPHkGDvUTH5SZErIT0tKJPXpp6iLAifIOtKoFZ2fJpraBfE
2021-02-24T18:01:52.719114351Z 577 kq99hhnp54C4rosI3dg2GKT7ihzfQ1ZYDXxVaMAa40FKCzzmYDKoocv9LiTH
2021-02-24T18:01:52.730316921Z 578 U8vOBKXhVQmacdtUBJC1FufkXzNq5hvZsaeZwOK0WunvOZnUKmuVfZ02X9q4
2021-02-24T18:01:52.741727706Z 579 ggXnBxx8hjTaDZqTK7NVNRPOLXO8zaJyAAlqKrUcLGLPUwwtxEUwKcXXpFWb
2021-02-24T18:01:52.752877774Z 580 i9X5IvC7KBgyhU5eNI18OUGHG0mKL8d5tqUmAAVHDGGp9EyrKx9kltCoX4MY
2021-02-24T18:01:52.763860644Z 581 OlGSxiM3tWDbuRSKpxlZfyVXvVZNtaDRfdY7i6adYkJofjoBoMG3PaFqXQLW
2021-02-24T18:01:52.775569614Z 582 ptnYd74zkNUtdKNkT3pyvAU8wiVA2bkq8RbB3yws119nzxQ6NDapNGQHfGhb
2021-02-24T18:01:52.786845705Z 583 MOeVFzEhHO8XXZjtJI71RhewtnmIzAAtzq8p4yWoEw2lCfoYN4sVReIABa0Z
2021-02-24T18:01:52.797676518Z 584 qnwQIBv03SZp8NTfcP9KyoKdyNnIXGPM0JekfsgOoiMleZqqVHMhfcqGJmqQ
2021-02-24T18:01:52.808693551Z 585 yl8yE2mIlD2L2J67XWcL7hhvlOcc6gP6mJwkz0LNYhLHImM107DjFae6t1xa
2021-02-24T18:01:52.820021203Z 586 J6jQOx6jmB7ulydJUYDIwDkfPS7zrQ7BD9Lxpl2MqxFLCGMDybuxbZ6XRz4r
2021-02-24T18:01:52.831093529Z 587 ZE8aRsw3tcNtijbyCbBetVeKKG5Wfxv988uzdexsqsCh1kB4zAgKGB8TBAfU
2021-02-24T18:01:52.842248995Z 588 9sFEktxZWcAh38bLUyXvoFYMiimw9V3vQucRWuujmTeBj8uHhwGCDv4GBgQe
2021-02-24T18:01:52.852376573Z 589 mSF4XwGcCtHcS3idwJYlmAi98dyeOjnyJIgPh7Nk2toUloB3UwnY89neWYe9
2021-02-24T18:01:52.863674741Z 590 d0xkOqDCpJSNCLIxkvisjjHoVd7Xn8KCFc9vnsFAnlpDAohtpIxqLy32Ac5E
2021-02-24T18:01:52.874344762Z 591 w2oxWHY0poozhD86vzLdjWUI3A7oAqrLLQOdN4YOQLhi3as9ApDR4L44RnuT
2021-02-24T18:01:52.885704623Z 592 WbIgfdHkcOtRYfzBo9YX4UmjJdIZ7L0rqYk17RzkzgkGOwKte3XBIqOwjlFC
2021-02-24T18:01:52.897249156Z 593 3i1LBAqCu51aplNYg0nYKVijqnsSJYDEoWRPmg6NrkeLPuLrbbnR2kYsVVzt
2021-02-24T18:01:52.907666810Z 594 L5LJsB8ZlL3iux1HNxljjjbDqBSA7Gnp2MvtOZCu1FXdEJjauV9pfVdT2L74
2021-02-24T18:01:52.918948549Z 595 9sqpe7cNVcbisiZXsV0fJpng2HWi3wg2IS41os88ujhjXAaWV5q7wKAbJbvs
2021-02-24T18:01:52.930186623Z 596 Kdqxryh3Sjuuo32mTijTriCZUrA58IOeCaEhg2Ab5vk0rxPtavpufmqgbTY7
2021-02-24T18:01:52.941301341Z 597 RJDQ0qJ3HIlJ7Lg4XBjS6tOrsRQva1LcqeSPZGsNyPgEmC8gnQRBqKGTS4bA
2021-02-24T18:01:52.952707672Z 598 ndnBC1fgXhWzkqHYvLkVasAYpqf1egvGKTUbhR6o5ukhA68lG6kQ5GQTsGu3
2021-02-24T18:01:52.963737563Z 599 in3OdyAz87PmI57cOqd8wO34Fdn60dvC1ZWTR1flipbe7cndvAI6l9xnXoWc
2021-02-24T18:01:52.975156074Z 600 0sQVDxuyUAwt2aOxkvIM4jl2iiJ5LyPvOrakU7H7RYkhykIL16uQdHBz3ZZq
2021-02-24T18:01:52.986545650Z 601 Fzh1JSppIRHDZazDtgf2tnvja11LJqGSpFUqkYK36bZ936IoHZE59BWr7cTX
2021-02-24T18:01:52.997711226Z 602 8drUJlCXAJCXkpEhKtMQTfWNfLXbFpmH6wAQ9drq4MxLZaEaQZBOCrL36lac
2021-02-24T18:01:53.009103322Z 603 czYDViIE92zNUuUJmpFGfdvQ317KvvCN7n5DKGj9KJVThRhxFogy4UJWbZwx
2021-02-24T18:01:53.020633732Z 604 Ywrw6Id4oMi4iBwhIo3BZbduut8740r50aSEAf8nq296uMcsZ7RPG9cuB9rq
2021-02-24T18:01:53.032239748Z 605 8CfxWl5ItMeyUPBt0RPQYOxUgbG7LthfSENFBi1RfEuxiiJ9tGztsqArL8v6
2021-02-24T18:01:53.044205539Z 606 OURz7fVsXL2gsjobcOnktfv0qNlPeHUfK3qQ9FBmoZgJV6qRSAI0knytDgk7
2021-02-24T18:01:53.055188197Z 607 gDpFSt0eEW5qj07aL6WlveOsfyUffqSEOwYeIuR99IDCOyH4CNgIdDrlBHnB
2021-02-24T18:01:53.067095075Z 608 6AvgkF7i1wvGymczndIsYvgXMutRuHPQZREr1u6CyHXHKSzqcwcLswvfk05E
2021-02-24T18:01:53.078779848Z 609 QwrQsHge90kkaNhU6EyAmpSVPZ9727bYsvx2v39asWsH5j59Tc0Us3LDwypQ
2021-02-24T18:01:53.090138651Z 610 x9NlndKbeu0YKwaAkIqlEFbNjDXSa1JrTHFMTAvDSAvYGFwklexdfoTx8g1u
2021-02-24T18:01:53.101542829Z 611 uEw66aaF4syGnkTRwJ65YX2bIXHIEdZYyg5tqV7ch9Een6ikIu5AETJ4pv5g
2021-02-24T18:01:53.112185796Z 612 fQZtBbz26A9iTGBmLwZLeXQL5QOg6KRCA4t8ypIyjdzYNhPaQjnhPIt61KNS
2021-02-24T18:01:53.124243865Z 613 CGyl57ArZWgz2HyvT3uFmTdwQ7UsaRvQtTFRrRxM4NO4YHDGSEH6yoxFy0Re
2021-02-24T18:01:53.135568823Z 614 Dsk7DQZi9VPk0NS5FgGD1oEYNEWxkwAzJpf4XzqvHRPD8jg1XkEHa67YXXxq
2021-02-24T18:01:53.147132734Z 615 Kws1raG1RP9XftV6lpX1lI8F1znNenK40izIAOWXD4mE1DRQHPJTfxfNRGmQ
2021-02-24T18:01:53.158578762Z 616 y9ZeffwEzgfQN179VHRkd7KTqJ7ZjNkiKqcyrez2nY2vU8MVqsHkSExfsYWj
2021-02-24T18:01:53.169607078Z 617 kOrcsIwQiyn3krM1d6Rdzb3gt2BdipkE77IQCCjwfeQkh5q1v94hwfbwuFCb
2021-02-24T18:01:53.180719851Z 618 tWbCW2zzbTvwsfe8UwCzX4LKW5p6QpdMh1CNqLmVYxSRvo2lSauUFdn0r1iv
2021-02-24T18:01:53.191772957Z 619 TqqbIuvh1DsK177ffTDBKP9BLSqFD53jYRIyggMXqSD3g50Br2TlmYlYjLww
2021-02-24T18:01:53.202684839Z 620 L5MCRksTu6NkM2o64tNq3voxu8XadRX1v2e981MUL55CKah0bd7cCU1cmOgU
2021-02-24T18:01:53.213907330Z 621 RXLjWjLTIpXY6M3gNp1jm48J6BYmIHvcKmW69US1EP5xtC1sa6j2dIJmrcWa
2021-02-24T18:01:53.224500033Z 622 Xzzc1DVMb5MjQe37BDwvKOCqHYfWOvKZzDy6O71YmonuArRGHfwmvgEPoL8Y
2021-02-24T18:01:53.236015614Z 623 36ElSV3yk5bKB019T5i1jhxT3uhxeHaL0XdkGet410XJDNp5CRczh3QIJ1i0
2021-02-24T18:01:53.247648382Z 624 SZKzV2B8Abpgr5sb3aXtZAQ7FOcAOTeNP40EIslcYauOLE0E4vKU9ElsBhU8
2021-02-24T18:01:53.258097053Z 625 gvCZ9YydGRyZnpOu9itS5s8GYa5VnVoxYGsgh7f9Hn3z2VLNaq9lyQlZwYOm
2021-02-24T18:01:53.269535292Z 626 f56scJEQADuXbb5tlIasMbMLX5K23TqhUoO0IoxuEO9gCo2FigplVCg2y7q6
2021-02-24T18:01:53.280356788Z 627 fIX9qOKQT7zIiyoDUk19ItmsWdd9jrLh64TDQdpsTTj2Nw1g8tQcxQF0VI4u
2021-02-24T18:01:53.291811834Z 628 mADdA4OQsyfOqQfAelYoG4sO4LA7UoMfCZRUogoDkGoP88RzIDbiaq0xMHLI
2021-02-24T18:01:53.302957914Z 629 v0TbS23JAAtz5cu7RvOuyP3gwI6UBh55pjkIdDsfkNFQZUf6DNGT39MQI5BV
2021-02-24T18:01:53.313974822Z 630 hqrCR0ymvtcwleyyPgdYXufIBnnxrBfkPQAIWrZiBeC4UQi61mKSi1dYKK2p
2021-02-24T18:01:53.324934681Z 631 bUsxpSiYBUU2qiJa1B4Kn68Bx6sp73YHRS7EAJQVtcGA0sQzkRO5bn8KOV0Y
2021-02-24T18:01:53.336192953Z 632 rZCDKfE0nOysvzMQSTiiemgnQ9X6OcVVDLq1yRSt7LTCs2xpkJAmTwfXUGVr
2021-02-24T18:01:53.347459816Z 633 T3QQfNAWTBhDQhPKLPruo8ISRdxkxQaU1nkWLDfYUD8s32dFwAKFgZD9wlCi
2021-02-24T18:01:53.359836708Z 634 G0v5J25aZvbd5W7k7QWIeCvKFkI5dTBCBmqEGnndkmFPTR5HyOTHRftOimTP
2021-02-24T18:01:53.370759022Z 635 sAsLT5jJ8S87TfLiwTRWnjOK04uR0WdanTwD35mF8iKmwR387b0BZlr0l4H7
2021-02-24T18:01:53.381268547Z 636 t0DyRk9rQ18tNMFmiM7cTHa3oBJgd35dpKPudqVK8KVj7mUzzmnDZ3QBOOHx
2021-02-24T18:01:53.392858374Z 637 kh5PcIq361CdDM23d8H5znsNqniYW0RFFj9OvjGCVCMrOJKPPsMzj130uDHk
2021-02-24T18:01:53.403884847Z 638 tiZcpnfTWkPbkGRBG2awFcHnnrm0ggCHTlRhA98NQjn0i7JJJtec0oMneHaw
2021-02-24T18:01:53.414989907Z 639 WKPmYrbTupg7VZFiBt4h3NoDNQv0T8xt2jmYVDnpT2olP4lBy3rrEOkWOCTU
2021-02-24T18:01:53.426398645Z 640 qkenOfuMpOFpT0RhK4Q29I4uKEwLT0L741H9gvU4CfQquCN3xPxPYd8FLw8d
2021-02-24T18:01:53.438046835Z 641 nKSc8HnvcrUitxqIbSrCrcBQS7EgTqb4uh8FuWf13zC36OwzNIbxtVHcI787
2021-02-24T18:01:53.449349559Z 642 i99aMFWEYJpHuVhQqoIDQfBiTc8vag88YozZRF9Oz7gbQEH5z975103ii6QN
2021-02-24T18:01:53.460949079Z 643 eQ4QM97XwcVFIvRUwnPQP3eqXNZmhWOK8WyqLUfezuncmKbqrGuDQk8GE44S
2021-02-24T18:01:53.472159537Z 644 JjNucbO9AXbnIMLzF9qDljO5umRt2rP5gohLFumx3RG9jzWKN8PpL4o3dRXK
2021-02-24T18:01:53.483481131Z 645 iQtJVYMuTrpg7hLXRkwfmX9w9iGCJ8cSF9JteJ48vLy2kQhcrVxH1K40ARtz
2021-02-24T18:01:53.494886703Z 646 k2DDKof5rAbQ8PgxxAEdmwmVhoRP9YX3P9po7DmfaygK1bA0vuvu9IRMbjGk
2021-02-24T18:01:53.505626242Z 647 Yq80Lge8wzhm5vNTLVrsZWW5l6dQnyBxbkwmYsWgpwJkTSbkeh4rRjgRR4FJ
2021-02-24T18:01:53.516813145Z 648 0avFPBTiAn9Q2J33aoPuYmKaTk7xokcBQ62KWt0O0yWHcyMXseGHxLoYwQ1P
2021-02-24T18:01:53.527365850Z 649 kcJG0thSsITAVCdnenyhhYBD9UpIht7voOTvU5EXvQLnjuMRSY1Qm1TF5BY1
2021-02-24T18:01:53.538685423Z 650 yN4HedOIe3HaHN3RHbNlV16izjavD8OYonXWjkXy9jqqyPBbmDBDl6EVqrX7
2021-02-24T18:01:53.549829444Z 651 JGdHie2Y1f6OwLkNmXyrrKLzCV6YmHFVRiCgVp7mIFEJ5AEkULdF0Lzl4Y1y
2021-02-24T18:01:53.560997888Z 652 P1md65yIkZBnUpBykmM5Pb45IFcknGSQQS69TWOFXjLIufgaUQ1IaskDBvfD
2021-02-24T18:01:53.571889604Z 653 MWvVlU9p4ORmCv8aGCkmWdb5rI5x8Wwl0Hg89O6LPRyouOk5JjAeCrmUtex5
2021-02-24T18:01:53.583084720Z 654 0rIFA5iXfxHtWBugMh9rdvFrbq25dLALhysxgJRvNrNLky4U46AKPz4HhxKr
2021-02-24T18:01:53.594447721Z 655 aM6jV0HUiOZPXMTdUSsBaMwlUUBkdZFOX9FBSjr9NWWmxOUf7zrbCtUHAq5t
2021-02-24T18:01:53.605745207Z 656 mmItebApNDh2cnk9c2B6dhwXZogC7aY2duxqGgz9gMp2X9M28my7JBqTyWG7
2021-02-24T18:01:53.617215936Z 657 EVWgXoZiaLV9GhCZ9BdCBwH5QFLBTA4smY1vur9X0LbBhP1GYbBPeKwJoyMp
2021-02-24T18:01:53.628769244Z 658 h2MawbJV9bJdMdf1axNZWZ7mnGzk39fuiXVAeOv5MxG7MAYwYKi1Yk4KGq8d
2021-02-24T18:01:53.640317714Z 659 uiaT2cS7MUjqFkOvMxNCoA4cJXD1JXiasRpbiW0p0QB7kfacSnzql59umGJf
2021-02-24T18:01:53.651642493Z 660 44ZItR9xOoE8PtAERB1OFgcgvhkbP8nGfRCl0vTaS7Cj1qDeIPpvW5cvaMHh
2021-02-24T18:01:53.663221177Z 661 8Lxcv6Ld1gUQMGKwXJo0AwHqVcacOCD1qSvRjjeDSBpfvg97mD4UtiflmfUA
2021-02-24T18:01:53.674506018Z 662 0O6RKH3Xq2zhM3uI3HNjS7G63RAJqxefg7AWIVXGqftv5aGlXiqOvJIUkZh3
2021-02-24T18:01:53.686292777Z 663 Lf5pYrtgw6SEyl7KDloQOmF1gxRQMuouhihcgQND3rtQ32IU6T0K3GFR6nzL
2021-02-24T18:01:53.698205871Z 664 aPWDoI8jlCFrbbPOox6SbQnKr8pXFXKJisiQELD8b2a6XlulRoGwLmKjBwxw
2021-02-24T18:01:53.709497283Z 665 dNwfCfESMTMpy0UjbWgTwU0phoxKvnu0b2cU1GOrkAyZ8cvFq1XQB1o6NqHh
2021-02-24T18:01:53.720491277Z 666 yO6gk31VbvwzKfcBLFwNgXLRpdMeokh5eDGCOL5Ec3RdUIaiF7AbUsvMOyfP
2021-02-24T18:01:53.731864166Z 667 04cXMQbhNuBJmiXXaSTMGtyK9hn8xLU4Cw9Q9mDiaXcEMVgCIdA1NUfqm6Fn
2021-02-24T18:01:53.742503551Z 668 ZVKbm0gz1oGrxzt1cVZ5KSPgeYNrHchATLsv63Kg9d6CIzkm7Nm8cfzkZk0K
2021-02-24T18:01:53.754124287Z 669 OhqulGdPaKyOL57i38MA9ytkfngitbEjO2YO20vuziRIP5XmWDUHzbLa4apy
2021-02-24T18:01:53.766274900Z 670 2juQmK8v4hKhyebIGz7u4xnvrmV44lNk2fNk8uvm5Ehe1Dua02WtayAojRPA
2021-02-24T18:01:53.777020663Z 671 BXn5vQLLklXwUmjkzDdhkiRjV6HcdjT4vJDsagMaeagDeZhhJnlVqZeLbCjt
2021-02-24T18:01:53.787570419Z 672 t8OkLQsjepF2DBIXJ5JlPIfDg5RztKzqwlPOg1yIEUq8N6p46bqnJfuM2IVU
2021-02-24T18:01:53.798435731Z 673 1DDEuNGoBo0WIgWpM26L7Pynlx6NIbgyy5Mmwr20cqty7QQ3GE4DWrBtYaPo
2021-02-24T18:01:53.809538897Z 674 iOVuQQn4fZFpI4NZeDfNWd1KTj6DPJizEchJ7pmYKu47Y6YtzWNkT7gQn310
2021-02-24T18:01:53.821096841Z 675 0oJooMTsdRXuoyAJdCzzRYZQ8bkT7sjfDsXkbBsF7mhkC42k3lEk4QRt3qSD
2021-02-24T18:01:53.831846388Z 676 PNj9qRKoCxxZXzEQYBPEtZJ3jXbXqfNIU6TjfZP9oOXNeZO80G1USy4dAV8x
2021-02-24T18:01:53.843264612Z 677 OZPzj6pINjV0vI78EgE69AtqAhMPFJzI2KugWDyINn4EUHd5rI7nzxlFIITD
2021-02-24T18:01:53.854767815Z 678 FkffBWlyyPOgnoE70uxMl9ZogHIIfHcm0KYGrUp5tQlHHuE2TMVgsRheRRGm
2021-02-24T18:01:53.866487279Z 679 z7IylKaX5yrIRgAZXHDbCP0elSkbRo7MJF3UfmUHqdM3mJEVr2UKTwuih5nq
2021-02-24T18:01:53.877496467Z 680 WUq6etMPQ3qL1gtuDdyz7Y827O52JAEyeP8bCc8klfKFCdms9mTNC2eaVwan
2021-02-24T18:01:53.889113046Z 681 u3HNr7IzdhnrENf5jv45THEQ0iBXz1hR6KVIByW4THt6xGSHI1i6ZGjtFscF
2021-02-24T18:01:53.900915609Z 682 y2EDUGoXtNqRUOFnqh9BxWoZjihMuzsga3T2BYNU1hDqlQQJcKdzxoG7CnjE
2021-02-24T18:01:53.911834653Z 683 WdTcSxf42QZR1qwjzv0xiYhpFkqX2R5Ytf1E1zvT7VDJ6dPLhXV1N3JARGsh
2021-02-24T18:01:53.924075440Z 684 e2HrFqiGFq9LDvn8tRoMBuDUifFw90m7Puq7QS9VcyOChAUkoAyU49qkiRUy
2021-02-24T18:01:53.935739723Z 685 iWRME0sbrfS7CDHn4WXUvS2KKuA4CBMMkX2McW7RQJosBf3k0PdB7KsGib0z
2021-02-24T18:01:53.946750501Z 686 qxB5tVf9kXrH2PHtTiyvPv7Ad4YpxCB6zqz5BmNYkh16lEiQBRHQiSGMUpom
2021-02-24T18:01:53.958216737Z 687 Z3nPJGBAhyXbESivHTPUV4ykXrSHJP9CCrKScU1QlMxQLHCzLd6s7SLXGaSu
2021-02-24T18:01:53.969371907Z 688 M6wju2jcxNLpwL2a6KcQk1BCGMzZn3o2FdnOi18GXNxBNld3FKji7i3fh4tm
2021-02-24T18:01:53.981166972Z 689 v65SHVzLaBPe0gyFuhSrrQxDlPTn1FA9VLOn68u5OIl3Oc2nRyYEH1GpJKPf
2021-02-24T18:01:53.992609707Z 690 Mlo5c6e5i9yj1vKTt6RrtMFXcli991gSvmg0XwZbswLJuNqtpi0VKlZVsoTQ
2021-02-24T18:01:54.003271354Z 691 yI9yOB118dCDNi1YPxxasBX7Xpl3RrzI7Wij6sW9wYT9YKuuRjmbPy0YPx1d
2021-02-24T18:01:54.014672670Z 692 FObB7YPUg4l0JiFMoES11nS5MhXZXNmPlSw4geb3jRICctED6ccP2u8UkkEg
2021-02-24T18:01:54.026090043Z 693 xkhJRnFbgDDiCxS9P2xqFxDfdPOQiUuF1Nb318uXhB63ob5WcHokqhwVlYsW
2021-02-24T18:01:54.036500445Z 694 g08CODxJWfSoA2Thelwhd2YspZYV1c69OfT3vWchKbW004l1nTwWRcqx1seM
2021-02-24T18:01:54.048007775Z 695 6XVYRLLdlhv1JeaUaHBkDsnSflIKiE8Kd5htImiRjdPjokuzVUBa7AaWTVja
2021-02-24T18:01:54.058459334Z 696 jXbBHqxvyb9Wo2zL1QMPlrm6FkIwPzRf0NxUJvYg256yGW980v23TKaKVWdl
2021-02-24T18:01:54.069789847Z 697 MY1alGx09yhIWxhwFftIfhPsWmW5cdKjzd9T486Tdc191YrRMWk3Rp9xQB5G
2021-02-24T18:01:54.080606146Z 698 SNmMUXKsAd226eArKIC4MF19yHxQ3f7Eg88PBdrwmQXHTy0BRREAdtyDdPm7
2021-02-24T18:01:54.091997653Z 699 IzWOV1nPAXCEbVD2pjd2nZQmeNpKJpyQCpXXCYsUdK1sNsqOgANIkQOQIJAt
2021-02-24T18:01:54.102263542Z 700 BWcusHtdxx5kcRjYqBwXw13YZFyMBLkRof3IowVto2CDmWioUQQ6ZVhVnVg9
2021-02-24T18:01:54.113538749Z 701 VVt7b6UgsTJSXNI9XyOYqIACufiqWhkVOxFGCFQ3oHVdsYed1RVZ217qlEP9
2021-02-24T18:01:54.125148852Z 702 iGlnwHjr1Yl2O4dUYQ3ms8M8X15RIiJyeYvTTUcywVAXf4uLdA1o78JdwVbe
2021-02-24T18:01:54.136338986Z 703 GwLZ1D6cwUNk5ahVlb1IVd1gO8T7Dws8Ify6viQj0z9kn8rFYS6Mvaf6gp2y
2021-02-24T18:01:54.147874953Z 704 bsukfujYStLIrgXKw8nqJ4CrOQokYf7Luzi1FUdhnRCMkT22tiJ9rmDaXESd
2021-02-24T18:01:54.159375678Z 705 4wYyqbZxhmNj8VilVKBoHYrHCu38nT5vqxxFzauA6X4yfHdVEbd1nDNVHwqW
2021-02-24T18:01:54.170957496Z 706 Y6vdBORKEZTBYHWIYKO0eGwiQl6zZMEdr4fsrMoMs447XQzFPW3jnYvhNI22
2021-02-24T18:01:54.181931614Z 707 0BKte726XFChipWcypQxA7vHYNEqnc93UAqGfL2Rfm57k3qzO4r0sNJZWzLE
2021-02-24T18:01:54.193205602Z 708 3crhfMUN97lrueVT21tev2RopMQ7T1p4C3QXUtqw2miXir5AX98ACEdNWUIY
2021-02-24T18:01:54.203886748Z 709 YDJ36KWsRevmbajT1RjzSAAIfcy0Ft01bigBxrJ72UvS8G5VBunPxHxSS6JC
2021-02-24T18:01:54.214261272Z 710 QnQPvqQc6GpefNAubc23Fq64iM4epx6V0tj6KOt4WuCzjaSS5YAFIQfLWCl9
2021-02-24T18:01:54.225310432Z 711 6wlXNM7DrTaLRing9LnZbzMV56rd93jWozxWFBhbgICKErxBOI6eFRrndkcT
2021-02-24T18:01:54.236719121Z 712 mM1DQE59Ij0Qja5pA5gp3Q6NWGBCTH7kHFvWuJSwPumLEpAGaoRMD1bWvIz6
2021-02-24T18:01:54.248099800Z 713 ako1DlE0GVJ0kSJLHfd1lxIy1p8sXuRCuHJ8B3S4PStoDO6yWoG7goS0s8NR
2021-02-24T18:01:54.259930300Z 714 UGntVhClJpYx9cWix261Ohne01S5rwdZqOxH4ma75vYp5LYKcCPIS1zkdzms
2021-02-24T18:01:54.270426969Z 715 cNl5LzmY6eoovi0grm8nHejnaGatXMiNwfYEVtdWgwK4SfGn9QbPLjNR4WaE
2021-02-24T18:01:54.282314126Z 716 HBjFlTNw82BxvmOwdiZaPLOhyfPHDcXM5ssz0QA7AVMW0kXUM21aUcBozIAS
2021-02-24T18:01:54.293629234Z 717 RV8qp9rMCjnjumWnXSfF5zyVkLH162qEZRflOY7EUbH9E5hdfhHYi8i7M3KX
2021-02-24T18:01:54.304915827Z 718 y8GNtu04LXvkvQuapkakv2iaeBQdl00YIF7ePb8ZQq9WdVmAJIdihMnEekq5
2021-02-24T18:01:54.316271782Z 719 pVXzUxrGJ5xYqpjf4Zv5zhOOxwu5qbnh1jLvqXxWPGfTt0zRLiC1BjUN4FQ7
2021-02-24T18:01:54.327674746Z 720 Yj7w18koZJVY3xn188AtCOn8XuybM9JuoDw2DXcz82GCSwFLWJ6iu5h4mppt
2021-02-24T18:01:54.338909679Z 721 IoY43RYmD1n4Jo4avt2PVt79Ix0TAiAyJONKUuvS1p3O68e6ee0Igfgyo2Br
2021-02-24T18:01:54.349226790Z 722 mCDf092wTFqpXDyt3cyAYLB1B7shGBVvqyeru15EkWGLCN5ChywQQPzzElNR
2021-02-24T18:01:54.360287441Z 723 F6JI0qgTArJnsGDOL9Ams8SJxMZMARAqP6Ygt1rkOVHtnxs8xekoZ5XnvtW5
2021-02-24T18:01:54.371511856Z 724 SkSUZJtHgs03XA202PBPhBZnu69EQNDQAcfm31tXJqfd1l7PUy81GhfjeCze
2021-02-24T18:01:54.382821195Z 725 4WOIU8ujQkBLYyZGxww6Vn76bnwRsePEjNYmV1bML41JfMB5g339lrtfGwKt
2021-02-24T18:01:54.394133251Z 726 eWlOC14VmJz4LAnYQ3tobnosGMZFyhsMsP5NxyekpbdAYQlIg72kLqQGlGNM
2021-02-24T18:01:54.407007325Z 727 p9bsZZSROHd5ZM7HdHyncExj5FFFgWemtCIUolSrr50zoewVjZsZA7r1D0L0
2021-02-24T18:01:54.417505652Z 728 AWy5fztlec8xxvUvKJb4Qd5MCiFpDbL6id4PQga9sOTlrhYOPkF5ZsG69VsH
2021-02-24T18:01:54.428444064Z 729 sXBiwQPWFW2uqJVn3WTY8wfIrgCOimCbOwmbnC54NswHCR483ieTAtwnFPwA
2021-02-24T18:01:54.439554111Z 730 YPFyTgyuZTrYscytaELP0bR5V96RKoLJwJlf1CjawyWRH40NeaPxoXIRMsfQ
2021-02-24T18:01:54.451067287Z 731 JuM1DvAjHdm2vv3pxqOwKMSEAnGMAzcsGM3OtSUGbeYik1LuJzUdYsqKgaGu
2021-02-24T18:01:54.462522824Z 732 LK9dkfkCRrGWKg7PEpzB7AHHvmTnMMqLq4VAOWDIim4jkgQaCzg9AYdbL3sK
2021-02-24T18:01:54.474480829Z 733 KDgTO91APDodGe4645ObDwdE9BstPuWKssPZXO8YG3By8WFpgGszfVQ2ihxA
2021-02-24T18:01:54.485872922Z 734 MUAey9AP9kAtA3wllPhNh85YgNMrJZQjL87vuF9Ig29LiZVvc01bzyC3NTPG
2021-02-24T18:01:54.498030226Z 735 XIHOME2nty0pVj0oQn7AJOS9lSj5fbMngCM5YyDVP7OKvNQoKvbJCK8W0egF
2021-02-24T18:01:54.509392293Z 736 k8n08you0tDv4XTeBSAqiBtuKf6yBFHgOPhQjZ2iBV3qIOVtZGOxIKQ9urXY
2021-02-24T18:01:54.520796235Z 737 lhB48sCXDGcm5wNu0bsJLM55jSFeYheEx190kb1apB2BbqIedSatVq5jRDWO
2021-02-24T18:01:54.532297228Z 738 xOUvftazoBRJo3vb8r6661CERrvXo5bhHwU4DGe7nUMbGNNJ49gybjeWnNO1
2021-02-24T18:01:54.544407936Z 739 4QL5WKsEFAroKtpTOibY4ANFklCNUcAoBscbFkipXiQY2LPRkcv8XkaQAspT
2021-02-24T18:01:54.555318470Z 740 tNTgN4Sjc6geGal9QdpAubQ7aMxXBAYsPAi2Uj8Wy3ljxlUejzdcErcGmhvD
2021-02-24T18:01:54.566631096Z 741 pqATh9aBtG27InlHNgNzSZt6J4XQsnRnZkJ2mP7UXSowVKaQobsGsn1rOlbC
2021-02-24T18:01:54.577871699Z 742 J5vZMbBAk4gnk121LQLoyw3rkVIfD4rNnr6W2FwTnq7dtJzmVKN52uKVEmE0
2021-02-24T18:01:54.588463451Z 743 S6J2GGMFW97AjBMbONQ4Z61Qf9f175dPVvmFVMDToktICRKRsQA5HT37Eq5M
2021-02-24T18:01:54.599445962Z 744 BhnkgskCamTcFdrTAmu1D8onsPot3lUHn74N157rYIowdrI0QpnoBIPYzbku
2021-02-24T18:01:54.610735078Z 745 6f8aSBmHmUpaLs5DJIdKHDUAPNB3GQhZVpjI7Q6tkcJioXeLdrVTpKDMJPEE
2021-02-24T18:01:54.622100223Z 746 Dcx8D6p03Ok3nbbhTsJqF2xYWYPeL4v4KOT4t2ajtz3jRZpYlohcsLUFbZej
2021-02-24T18:01:54.633414586Z 747 HbMt9NeyB255Wa4zZ5XNEKTKRy1BghTxepQU8btlH7etswFuGQ2BLcf7j7Dw
2021-02-24T18:01:54.644638642Z 748 yIIzV2LO6JDTizWoZG3099R2MTNaQLpaaVVWQQRRrEMm3WYedG8X9vSg8UiB
2021-02-24T18:01:54.655882269Z 749 TuKT0m4AoAzMU7bKJUoQzVp1rGK8HGZIBC29owbFEbfq6vnuwi3gapLmwosf
2021-02-24T18:01:54.667151150Z 750 5LGVkAKeLy6DSp8NnpNFosIZtVfkzayO21fXLR9jevAyLy6zYTa5cfPGA060
2021-02-24T18:01:54.678944555Z 751 DzolUDLQniFrfeXzYCFrHXhYryumj5AZLF06eswmOScHwbUOCIYxfxOMngIw
2021-02-24T18:01:54.689350295Z 752 XW4HmnQF03aYGReYjwrwpgnfcCANY1zgI6Uerf74bBeAIbJPfb7h3euj7hpt
2021-02-24T18:01:54.701065590Z 753 ZpHK8AxlEhbIQOyJG3uuUPrPb5WerWvrfDdvEZILimdaNrg0Wmde765OUQiO
2021-02-24T18:01:54.712296342Z 754 h6GUock0Nr2ZL13e0B4MBsexVTKwiSk3C6lkwF9nrLabh9cWDimTFZxzORw7
2021-02-24T18:01:54.723600812Z 755 WuaTQvxLO3Ij47I18FukqLoIpJ7ycWhKDnTBMumiqLHQWwfvaVqecysJef43
2021-02-24T18:01:54.734567431Z 756 Tll9c6cpmPNwVr9rlypExGDGi30yRUoTzkQLEW9ivvtuC5lEruNsNW5UVCPV
2021-02-24T18:01:54.746181275Z 757 wcemJQ3tMIaPG2CtEzeRKDq6959Ij8sxgy67tXv14EHgXO8QGwSvX5eIdvF2
2021-02-24T18:01:54.757456618Z 758 9zo2uRBFZKH2pgvNTsbkpHLOQTudaV0F34uOEsVyAix1kOi8Hz2mFBTc0deg
2021-02-24T18:01:54.768343384Z 759 K23an37Vv9z4PxgS14r48XDzDJqvn8n3FkJdsNyFY4NJuWsXZOOI1aO6mn6x
2021-02-24T18:01:54.779734475Z 760 1ITLhWFkJCTQ92cgsXh681nphJ8RhrLDq7wInfa86DplljoUXC3b4NIEphm5
2021-02-24T18:01:54.790267635Z 761 OFUUeXm55bRjnBR5ir7xP7jRmiYPGvgGkSJaz5AXG904J72EAnOVAlodkTvv
2021-02-24T18:01:54.802079262Z 762 SLqxQn6WYpdYBH7FCokEYf6vZuIRDCuA15jwiYC27Q94oUJ5jAe1SmTSHrdj
2021-02-24T18:01:54.814236901Z 763 lsrhDOp4klfiFwsHllEKFL5Her7d1w93EKA9f2qHv7A7tLVdGbdI7jJkFnCe
2021-02-24T18:01:54.825921336Z 764 gRODKOLDsYEheUxXopFUIuJTAlcDup3xi5vCGLeXGnv6rjqsMfxw3iRpcepo
2021-02-24T18:01:54.836650188Z 765 e1mUuZGqzNU3gdKutQ09Yf8oQhPaWM1lbvAZjVPlfl3x6eSZbpcJTP8hpl6K
2021-02-24T18:01:54.847387095Z 766 q6LNgfOsGsZS86VjqehpUZlj0L9B8QsSrfUvsxj5yKwyzp4ya2Jwk4da2dO2
2021-02-24T18:01:54.858694969Z 767 r9qALtYTZckOsyEgn7Q9M8JGNwr5mhx065n4PeEpd4S9M8hXQ4shdtojXc4y
2021-02-24T18:01:54.870366248Z 768 QzAbiGtpLf35ndqMczmVO5CLIkolHWFkKUt3blfWXk39X7CJkckLa83Oh8La
2021-02-24T18:01:54.881908552Z 769 vZLB6KrJxaDW86ewcelBfqlM3ui9WIsBgHXCR3NYYKj9DBFY7CbBxTLsspdu
2021-02-24T18:01:54.893452539Z 770 O3LsgalBdJkkAZgSYAl9blhV24lBQWO4xWPcqeDRng2DOwrb6wtOoT4EKGKQ
2021-02-24T18:01:54.904899718Z 771 1hC6ZY0LhGCpZznZ3ia1iVVijgw2Qa7mxi58Wo1i557UPSuOJcsZVxpOUt6J
2021-02-24T18:01:54.917193020Z 772 Gwosb2ndYS8J8T3D5PcbxZeoS5woBMvlb2Q51MZYe9pTW8byQodhNm146oTK
2021-02-24T18:01:54.928834140Z 773 KrYEIzmqhDY7z8HJ8IaaLUVCxtwcXKqrwfeF2AHCy4LhA1LKK7Ky59WdjWEm
2021-02-24T18:01:54.939240679Z 774 KZLwwJMqb9I3J5JWgCik5ONWZSVbbX9S1iMB7KAetqkphMBaMRNe7UqhwQSH
2021-02-24T18:01:54.951140364Z 775 jpVYvNP5kycY0zHmpWqN1lwpWrTFThyaj9ntmG6oWd5m2D1ZEqqC2Y3xenVt
2021-02-24T18:01:54.963274620Z 776 LqHo7hjmuHlP03U9hqHbpqOEtDzUEPvn4V2cC9WU7znQnnRHKSiEUumND37Y
2021-02-24T18:01:54.976968426Z 777 sYcXzjGbokpo4DDDOAEd4ovmfGMOTtZnJazNMP4qRQxFpChMt8OQrb2atfij
2021-02-24T18:01:54.987690656Z 778 c1QGUVxlaP9XAC2z1K0EOX2GKLigVttphfgcIc6ylh90EXIn6gXpG3ZrmmrR
2021-02-24T18:01:54.998658456Z 779 uAXhIW8RTnOdE7Ayb61tnIxSYJcr6vmbVgdY3FJ5oFXYF6Y7EAZNQkHKykTb
2021-02-24T18:01:55.009982739Z 780 k0Wy8U1C8IIA3M8klbW9GwyEAtJO8MXdNB5ouT946ftdhPdLSufm29DESdKq
2021-02-24T18:01:55.020829215Z 781 v8lKwbCqF0bzKAUk6p4tUhHfMIAPNmgb1fbQvAhwho5ok602OlRPyJwOdJbh
2021-02-24T18:01:55.031609707Z 782 zFIvzACMSmeBQfyZLH5lAMNbQJr6NIlQWdwtVIA5LIfot4kcBzbkvvK3pfcJ
2021-02-24T18:01:55.044848569Z 783 rPK2wGUb5pYHMMMjBCBA2s5dbI7B0ZfJbnY0X4YyflWbDbxpqmCIWdH3oFDi
2021-02-24T18:01:55.054108426Z 784 1tN5qso7pzfcN8ZIMm2tpDvqa1CTsIbBtxPlBbDIlHIDWovht2hxdRUT5Ob1
2021-02-24T18:01:55.065855138Z 785 p6T9n0hAI3Jzb0WUSGL0PtrSJ4NwQaKsONN2xC1ifQVkuCLcfJXuDgDyyEKe
2021-02-24T18:01:55.076318199Z 786 0rB3vAk0anCeJvGLrYDVXSHnmTRfgdS1e7T3HRQM6TVDo7b28rtlqF7ObToy
2021-02-24T18:01:55.088240035Z 787 z3QZ95dC508fJNYwiMRGdq0kNjAkTHvEgHZ8i9hVgnjCx3XbhKfjqH2pBVVG
2021-02-24T18:01:55.100216085Z 788 wJV5wlSoj8dpGEmFfy3UTTBiXTIs1gN1Ji2VeKwc0ABUJ8Bxqb6yUFSNuhQp
2021-02-24T18:01:55.111692507Z 789 5m11FmoqLbAERh9QosjyQvDuRqqEckiQWDMmhaU5HFF61SKQUnSnX1DELexS
2021-02-24T18:01:55.122819355Z 790 3xH7BaS8nk4Kqta7ET58rkl9MpvetVB1cfGezYuxFV0jJNoG9pT6a8PQ7rtW
2021-02-24T18:01:55.133364736Z 791 WtWu57ZiBBKxbIO4YeGKz2U2T85yHH0fPoJnshExSOEIWqpmLqomntNNRNx9
2021-02-24T18:01:55.145054515Z 792 LcoWaYFGvtXcZrXYq7zGLKvEvJmzI7RNm7gtMrAg4igMml8QQvZJ3kzb1rz9
2021-02-24T18:01:55.157122557Z 793 2he2gn2NWfgThzubRC0LSvMIL7rn74z0z8nwwmEyB8pX9hSDcGBTR2GSATV8
2021-02-24T18:01:55.169041913Z 794 SGnykNsv6yr9fQmuwXJOclv0P04DXA9yTtJIPwy24OVdx3truKMXrSdI2Qp9
2021-02-24T18:01:55.179866621Z 795 UTi1g5rCEPSEJqdEYuGYZv5XBENQGduHLpmLoUm6MKNVHimDeJvfTs27HqGv
2021-02-24T18:01:55.191142588Z 796 Kk9AUiITOg11XpqSmXIflspjF1iduqQZVK3yJabQTjSf5jd3KTzTcXXOYXHr
2021-02-24T18:01:55.202598345Z 797 lYPDZND5n1FqqAtdUFHBRDTdpdaWNbYXOO13MRvKD7hSudPrducZFMk32ocT
2021-02-24T18:01:55.213669716Z 798 PUBgKs8if2AwQ7VPg8t6qkxjkP9ZfJXJnRI6aKfhqAweJQ4Wx40i1WakIQgi
2021-02-24T18:01:55.224721559Z 799 2lBOvi35R8gEJAOQxWOHSKHbOiuEVj7gxSnpkb1f4WhKyksmsJaEQh5op1fm
2021-02-24T18:01:55.235908386Z 800 SBLE5D5Q7wnIrPowvEStQAPLFaFjYPBVEBspgv1eguJT3TbID1mIHRiXXtEh
2021-02-24T18:01:55.247777204Z 801 olvGKFXA4cTDCWlarkdKOdYcff6gC8ljmDladQ1aNyXUpamZucitMDxBKIVP
2021-02-24T18:01:55.258568300Z 802 LOyTpDvg5yqWmOkUx0xOET93czvHZOwloNljxIQ4PMPstVgC0OsabzRKKu8D
2021-02-24T18:01:55.269618820Z 803 66xDhmlnKFAq9D1juftfIke8YJgsg9D1eaWvbVRmTfKbnjSXQqPJpGZtBCDj
2021-02-24T18:01:55.281078769Z 804 iVIGWOrJ21215t8pplZGKdeaYbjtnp06dKmRvEMG8RglbA1EI1a08EkukttV
2021-02-24T18:01:55.292880746Z 805 fNwt5CLI2k0AzffdapULybeVl2KR7gyN0I4VKQJGmNiGcWa66E2DRCLz9Ssk
2021-02-24T18:01:55.303991370Z 806 hzCk2V1I9Vk6lRn95HLXEgSa0UbPa6p3oI4gFCCleB6EAdk4WXiSWKit32WU
2021-02-24T18:01:55.315433119Z 807 rf12Qf5w0PdZ96ailgie1AO3Cx4ppZQ0e829mKZNgekAKIqb7wOJFIj4MR8g
2021-02-24T18:01:55.326147612Z 808 vm8b3ODuqJ2nzpW4KxNV7eF7zXIDfnoDxsWcKcYcnhDPPtX9cVmw7fcWyLCm
2021-02-24T18:01:55.338121279Z 809 GJg6zmUZ5DWortPsUmB5xy2AcFYqCW3snpHcRCSMQmXE32hwPpWd25Sc2Xl9
2021-02-24T18:01:55.349439375Z 810 XiNkNdvWbJ8wjuG9f1JutyuIUXVoXRS3NKUXU7gjJoKcT23CdfZ48QiaF5AG
2021-02-24T18:01:55.361302510Z 811 QrY52pYgxp5TaLo26OvwjV1Kpyxu1ghTeOj8t1FNTFeP1tdnZXlkIPwx0z5b
2021-02-24T18:01:55.372197174Z 812 VqLdpYYjuIq8sbbOdWFahV4xEhXajbQDADl6LNCghGlqbidH5oCwHvrAh9Dn
2021-02-24T18:01:55.383834043Z 813 PL9vOshprkJSxZ8EsAIT1FjSOxm7sfooPcwSSg4mlv7e5qQ0sE72Sy4JtWBK
2021-02-24T18:01:55.394977487Z 814 Z6r50xwKpXGT7nrb634sFpvq9vkXxrTqjXZE5J6aVgDhpeNL7Wr9yqS6ctmm
2021-02-24T18:01:55.406192751Z 815 zEI8PHcLAm5bqOPyHS04lx5njp8VyykpQBicqWYBTQwpr3QZiZWRHOtJhCTd
2021-02-24T18:01:55.417380210Z 816 Beo2Z48IKgKZiGtfP2olAgXGPYG65jEWHOOOz4NphWAoa3gc4rsgAFd4hNSm
2021-02-24T18:01:55.428715958Z 817 cnObAish3a1cxzXmoPGX2fpwU70Ri31H7vP9qh46bNy4vyN7f1O5LILkGRFA
2021-02-24T18:01:55.439376119Z 818 ro0zZrdHI7bkSGSqofxvdpj77ax8Vro6NslGKLdhFccNG7TnwP9h0GTnSbhO
2021-02-24T18:01:55.450910741Z 819 mECxOPyXTzGwhW5SL6hShfeJ5HaPDIsyOdpu1PPngSrx7rtHSEDoNvQbiLRL
2021-02-24T18:01:55.461085527Z 820 E5dsJ0dhNZVh9BckmGoyWrlu5hCwtUNKyMq8899pSfAxqEpwSesXh1qpioKD
2021-02-24T18:01:55.472625829Z 821 104F5pMhq6LWbHybU35Zab8I4vG1OkHaw6omOEmNzmIbQPiRYQXchj7w1mhx
2021-02-24T18:01:55.484208973Z 822 t8H7fAs12ejJUFnuPcgfmnwUYssGblVa0zNsY7vcNlJMmYkyrcQUetnVEcxQ
2021-02-24T18:01:55.495139459Z 823 7KKjygJ8WfhLWnDYQJmkSrpXS1UcjDTFi5eC2mvHKVBO32t0CjVeo6E4mGqJ
2021-02-24T18:01:55.506531377Z 824 2sfKFXloCkeK0o1jxt8uPr6XidoHsKIdnzdyPgqc2BdexeTeOo7Cg4qnB5si
2021-02-24T18:01:55.517425861Z 825 1WhjyBn06HpYbT80fbobA9GiKFasKoAr3kAfD0rorWElDVvWhORpaggq7TGU
2021-02-24T18:01:55.529326057Z 826 lQNRN7WL4vwIC1ZaXz9W5UpcLh5wJWbqX89yFsfNHKS0OS3njjmFI7X0bVK3
2021-02-24T18:01:55.540915875Z 827 hrMTXwtAfM4wdwBFtHALxjpyi31O9NDomKPZkh5tdQSGI8Csd83TmXMCFjRC
2021-02-24T18:01:55.552233123Z 828 VNTKrOh7iAsuXYUxekPAfsVfT8GtYrOlQJPAcWPum6g1wDdTm1qiup6CBV7E
2021-02-24T18:01:55.563747227Z 829 exExIyjooybUhBU2P0bBo3jYaVoYpweGTwXZdiYqE7dUlJ7JipPPKDtpAaY9
2021-02-24T18:01:55.574882061Z 830 iYSafo9xfTEtMH3tBHAJEoV1ES44P3MOrrNncTThvDX1R2i9iPT154zYkYLW
2021-02-24T18:01:55.586852157Z 831 0tPms8msNG56EddcFS7jfzzkOIIVPiSGk5JGBUqqUflPqH1bUjHTQt9VoVz7
2021-02-24T18:01:55.597207558Z 832 YcsXKR7T5GjZBVtP0EpgyFHO6H6C1eyMnu7XsNbQQuU8wJ55oLCCdNLElp3Q
2021-02-24T18:01:55.608792319Z 833 KWrOzfawtCmUxpVeDv5BFzEuHBc3LlL1gVEoTDrWUz1cu352tLWs3HVLP8aT
2021-02-24T18:01:55.619994471Z 834 B049kVMdohUW882km5Lf2esjDuIS44gzuFB1G04j3pq9cWPQzoXIwPidJ8Nx
2021-02-24T18:01:55.631373010Z 835 1RgjN1E51JKjDGe4fanJvSbz7ZIyfLqp0yNFwVzmw9TMOTk7uxCpc1xh3lMk
2021-02-24T18:01:55.642741252Z 836 IeN17kcm7eAf4Z9nr2OirvajsYcM41JM7cbb8nKeP7EPQOH5FaxHXMJp6JKl
2021-02-24T18:01:55.654130367Z 837 wQHOi7BSB9NO1QP85E2PzkWn3glO4Eop1yDyZUPLKnyZUZL3Zw33wdW5See1
2021-02-24T18:01:55.667301285Z 838 N9hNvG0tN2M2yky8Mt4jsId5JqPknoUeHDDAqvCRnOZBkCeSnB65QZ0dpJai
2021-02-24T18:01:55.678908885Z 839 iAxpBrmFX33sQOEaqRseHWZW14yR1xuXU7QnPSgf59k8BnQJtTmOg7M1jGe9
2021-02-24T18:01:55.690443683Z 840 8uqvBlej9XxZw5XzAUgzgut4M9aHn8m01omvlXlOBubNMdXPw4Pf5gZ4qeZ1
2021-02-24T18:01:55.701796951Z 841 pMFBnnI5aYOQ82ONu1ULmFjBJ4qvAbT7Cx29da1gu0ufYKCuYCroS2rAPOIi
2021-02-24T18:01:55.713104096Z 842 MBvdjxAxhVFKPzKQxhNoMWGgYF8HqlvNuYzA6M0hjRpHSPhfgYyHn6nHlRBO
2021-02-24T18:01:55.724686817Z 843 ihJ5WVjPvGbu7SHVH8MtJYV1SlCWiefV9PPwCTOILdGpamCokxbzp4JuRftw
2021-02-24T18:01:55.735823742Z 844 NtXUb9D4UqWnKn9dwoKMDjgHda3jDjd8uni0bdWsWiiJuKRInFR1mVHjYSYA
2021-02-24T18:01:55.747624589Z 845 zYfm9VNuhKYVH5eUXywMglRTNNLYZTVVkpAH0fAXRZOkaPqMd9yi5E6H2bmA
2021-02-24T18:01:55.758754443Z 846 brcP4WH2PlukkDxAhr6ZGCUXlbfUWOOY04hvOfaNmUGXt3rXHBwMpeTuqQx3
2021-02-24T18:01:55.770099998Z 847 hs4b0LHmOt5bXe4eqNE4z5lPZpNj9L0nu09bwAQ7DDtQ0yNoiQKpVZw7Cj8y
2021-02-24T18:01:55.781658866Z 848 Xr0B2ahZvNJlQTyYK6ewlqRhRMZsewsMxdhdozzdBNJd90Le0Z0kU3EokZ2t
2021-02-24T18:01:55.792989491Z 849 XmaLtp3LgPvtDR0heWwpxu3JmEonWFqO8gxmc84suXxUyryVJL7GxzA9sLwh
2021-02-24T18:01:55.804549696Z 850 jZDViOBBCVkcpCxAL6CCBuaatJfwVcyVk9cWC86TkkYgsWNUdRxevBULo2Dz
2021-02-24T18:01:55.815918663Z 851 StfMEb8VS6ABTJEzanVv1HNrSaCUdrh4kTrYf3IVcVfXpowyWF5sDFaLRr7i
2021-02-24T18:01:55.827159113Z 852 nAjGuPO4LXA6hxWHptvd2koo9YCD146zXcIqoJ7LxeBsXC7Ri242h1zdLg9L
2021-02-24T18:01:55.838733854Z 853 7KQPRZkK3sU8VgBwraTXKSpzTsd8CR6Pwmgbh0UGFZuSoggX2JzlsYciRLCr
2021-02-24T18:01:55.850149632Z 854 ifl0WpSDqrqY6vhuyF17lW9nlP3SHsFZxWyWtD5xNCqAqflX57OZUcDFDedH
2021-02-24T18:01:55.861503311Z 855 y6HnRqpG4Oi5oPVX7qeVDwG99qFwusc0c6uD0R75h8vO6CGJi29MxbS4vDvA
2021-02-24T18:01:55.873060250Z 856 Gv8fG2zLz4eVAi4yoOwoebNWYYv29kLBG086f7XgvJbTYiJzEUiAkYY90Uqm
2021-02-24T18:01:55.884963661Z 857 ttT7hkM243kjM8vSmcwwZzqQnqpS9bhvaCpTOBhxQ0JvYjObylw18hhtbdLX
2021-02-24T18:01:55.895938433Z 858 50qUdquipp8XkyGmzDIDzoG4ZOT7J2418buU6yvkz4XH8f8oJhJ2NLlyn3ME
2021-02-24T18:01:55.907217876Z 859 zpZ2Vs1wbK5VLKihl9opocR6TO8aPeHnhCSlHbdTQpOkhaOcE0iOsOQxZW4j
2021-02-24T18:01:55.918835983Z 860 g5EgO2Asp7FfdVqJihgy5aOIUVuNMyLh8wMtfx8irPvG0SuPPr2Hr2IIevsW
2021-02-24T18:01:55.930318468Z 861 T3BfNP1AUQkfTqq7knd6nyohoxwG94rUKtnqvhW5qO6qq8cVADEVyGT5B4lb
2021-02-24T18:01:55.942111486Z 862 1CU6ABn9oBE5jUdHoiiJPid1GUY8TERKwAD13bXIibr454vzPv7Kc148XSvT
2021-02-24T18:01:55.954112755Z 863 QDVXP5SFh3rJqOKeGvKtcSwV0qQSIi2loTwoC6uJHXv1wvwdgZDssf8wnQE5
2021-02-24T18:01:55.965965511Z 864 Cc1GsEAwlKPatV7QMY7ddgz1l8sazQ4w59huM9cY3CBPuZvqdACDsOjsVOzs
2021-02-24T18:01:55.976689978Z 865 CLSdKF6fyeUjoDEJ5ulxKohKmtn86yyi8S54kbWbhLRS1DHD10QjSr5J0eLF
2021-02-24T18:01:55.987888219Z 866 yQUI9kXR9hMVfp9dEZDkRiHCXIQbM7x5IxnrhfQ9qnpnUegtBL5DTfVzwGGd
2021-02-24T18:01:55.999352956Z 867 tFWbxrTSJZJjna1kQU8pQw5BsYZmbiFbuzRKbDHm7asVWfAD1ZuaRwPNHaSd
2021-02-24T18:01:56.010265402Z 868 8p2Jxew2Q2SitDFpj71R7Cw6an0URgmHAjJKYEf2CfSCuKuJ4z8hMSlpJf1p
2021-02-24T18:01:56.021716262Z 869 OjzPsagn1Qwfw9YQU9oywkCXDOwXFBU8dGJ1cqTbNjuq6cK8CMk4EmtfApzD
2021-02-24T18:01:56.032188054Z 870 MsthOGsxFfRizH5ynGlY8OZaZI0LniHk6W1lb8A80Txu7Lw3Jgk5LSudKNzH
2021-02-24T18:01:56.043618306Z 871 rYZ31g4EwUV6LyWnBYxSpiBk9PZZsVw1GRSAK2pdwdYXgsCeGpSFhYe0I7ys
2021-02-24T18:01:56.055075397Z 872 jncEZ9Ttp8d8VhBZuj9IaJKSsRR9R5KClF8SBlhthe615FwiBgd7iiP2tMMz
2021-02-24T18:01:56.067002423Z 873 El12jkVaHvunFUgE1rI7Yee1QT1nwMiEpOigtUcYvq8RYIQKMlsrrr8G6e2S
2021-02-24T18:01:56.078610368Z 874 VCx70khLeD5qDY10qF0F4L1u1BJuiuRYimlwtHQGY8ZuJI8JGg89WryA72QF
2021-02-24T18:01:56.090225079Z 875 oHnKovA0ICcNTdLFnhAFhSJ7IljEEDSs5wNckLNXk2QJlkExT33mVvzpBYvS
2021-02-24T18:01:56.101417095Z 876 JhZuf9yYqfic1AmYHq886Vn5Mg6I5psGotGVc2tO1XIsotATCJ8qCHZE4RxU
2021-02-24T18:01:56.112271270Z 877 ty5cQL1eOCSF1maDBqGunusP9QLrzv1ICIVCQUl4qHftZuHcXv3QaQNuYSCn
2021-02-24T18:01:56.124372379Z 878 VJUQGeFYftWkGmlnS1LBL0pOQ6Yhl4Ll3frAiEobRpUiIUBdSfvSYL0bJ7Pw
2021-02-24T18:01:56.135572933Z 879 p0SR5IeW2tanMw7UlAB7R9KzSDGaQwn71gl32oU2evQsn8VZ8cKZYJ0sHaAO
2021-02-24T18:01:56.146586117Z 880 77GJwNEbi3pF8m1UvlLdBECY6WkyVrICY9iCqW167YTDNkEyx68QJjYTBAhC
2021-02-24T18:01:56.157960495Z 881 ap4fQT09DDhJWFxJO5En3Y1XgC2joJ4zgbPsKK7DnxvXwv0yuEEclM6q4gWM
2021-02-24T18:01:56.169187231Z 882 sR33cHahRCxe0vZAWyuVskWKFwHm9lyyB0lS3bBNpo4282dXhD2qvSwBdpJD
2021-02-24T18:01:56.180847985Z 883 hHnvIBppIg4jN307oZBapJ3sK16suwIBeWbKAvDTzv2QEyhBmYAR9vfiXwgV
2021-02-24T18:01:56.192066250Z 884 31RrR0wGwIvgzPaL0gu4XFVSe8kLkEzRCGNvLTvInQ9ao7l43eazpPKyuTv5
2021-02-24T18:01:56.202935271Z 885 ZbWacaZ8cKeyKCh0JdaswU9XS5OTGDJdPKJIBjZdGdKRkrMFXljs0HoY4hbQ
2021-02-24T18:01:56.213933005Z 886 tPLju8CKilWaL64FmkfsBiTxEe7aTIt4XjZWoaoBPwUSG8OzKv85SQzd22S1
2021-02-24T18:01:56.224268420Z 887 Hx1gm6prgPO1sQthPZzjqihx9qbriDlq6moO1TaCswoj2Y2Ml5daQ5kNFrap
2021-02-24T18:01:56.235496291Z 888 hHUOhLA9JWiiGIlM93HrH5jgZijsDj06C2z2uWW8Eg7CeKvWedYJTo1eIXNU
2021-02-24T18:01:56.246606940Z 889 B1znkZPKE1Ti3KKcYJModSlmXPakhgyH7cA4EmbFWu8DQpFJGweH5lMWOKPG
2021-02-24T18:01:56.258050148Z 890 Ge2C0qM81Ekg1uX8mxtfahIKQrUcqv9Cp3FBhzfDPJaXyTE7Ka6qbH9bIsxT
2021-02-24T18:01:56.268562574Z 891 xXPkEyvIt84b3T5RAgIQoJ3cjTkJ5xvBeTagpGsfM49UOtkMlOXvWR24BoIj
2021-02-24T18:01:56.279818981Z 892 zdOhxrMQmEVvjIujeUf5pXHzcbmp5BSdlgp74RivlAfXmVglYPNDg6rb6GeV
2021-02-24T18:01:56.291241308Z 893 qDfPzUUGWCm7mpIS7ek29djBghzACuglGrPnWxPnEVsu4QSUX4hkk7w1dGIM
2021-02-24T18:01:56.302573249Z 894 K4PJ3VTeOPlK7JjPwX2mptmnBMR6nJAx3oP85CSDNwvhT7zao8yGPxQDUOp7
2021-02-24T18:01:56.313641666Z 895 Awtnpn9dgG3lOET1EtSnsKxq7861rS5umFww3EZyORir1C6pWzUwBEOiAOzN
2021-02-24T18:01:56.324872354Z 896 weMzO0lmwhFG2HtTcPuZ6lSpRHFld4nJNGIPxuZ6DtH5P6AKwpPEAgQk99sG
2021-02-24T18:01:56.335511735Z 897 31PagPXA3om9hvNO0dAE54NhVkSnLuKml4fJTXIO0xgp13EX79i7hEJmcrQF
2021-02-24T18:01:56.347099711Z 898 fVcqiKnDptMetS3pgED1jaw49ZWEo6VtfxIMT7jgSwrsM9ASgcdol9bkot5M
2021-02-24T18:01:56.358752335Z 899 rjRiSsw1xU5jw7OHI0RoGlfK4WrAL5TvoYJbbrPUR98GqkXV9CdcgqhSCbHD
2021-02-24T18:01:56.369946351Z 900 i7pNi2YlrwjBgFo7VRqTyDKnR7Z7fadU5eXUwgIyfGR5mudKbqwNXXVOyAny
2021-02-24T18:01:56.381259983Z 901 ghQuUjnQCBHzWbZsqHBHGB0ddgtWQCJZRYCmNvrds59y1M6RaxG1lqgKqqV2
2021-02-24T18:01:56.392590470Z 902 gsVgIOZBNlr91NXLclynzetIMR4F1gWovr4gLa6UEWHmrhOX2A65OFmeHd7V
2021-02-24T18:01:56.403991908Z 903 PZPrK0geA3rVjYEAP5DTLjihKqzu6ZlFgrOEU6yL1wfVuG7rn41qwNa1pFbe
2021-02-24T18:01:56.414658045Z 904 HedsIXCtWYE7IF1MMdCAE104YTVdyAjoyh2w4pDZSRJmUzwekLWCV3znOhqG
2021-02-24T18:01:56.426071518Z 905 ygLuo2PWqh3fHFCHDeG2y9sWSXxsW2P4ZdaQoIVwYcyyiPAea1fNp6NPC5L4
2021-02-24T18:01:56.437837668Z 906 jafoLMoHMxmqlapVgAyZxVvljwSGSlOJzXFawONeGrM887pt9PfDkab3M3RW
2021-02-24T18:01:56.449143779Z 907 cWoeDy9kGDBgLtWUFwVO9XvZPOqRl3oNp1ET6P4YB03l1v2s6Pgal8LGAKRB
2021-02-24T18:01:56.460460599Z 908 GEOcQoKZ9ZDNNd70l9yQSPlII2jRo3qxnKBZ1tcv0LnxhjiEuuBkCf6XnzV6
2021-02-24T18:01:56.471737032Z 909 kJ6X2Dp67OvYR47NsmOzAq2ovvb1Wx8GejF79V18E49hxJ1isgFygFM1SmON
2021-02-24T18:01:56.482947520Z 910 wrZsqBKD2vyiCNEvOgQEDZAnc8W1T8H5ANIxBduhZCOVIWKzvMfEnANm5b36
2021-02-24T18:01:56.494539221Z 911 aKaV5O9P5MyqI6sycVFRBdV9fTtJARiVpw9hnZDASKQtqwn7A9ZLGzEmhU3D
2021-02-24T18:01:56.505634094Z 912 NE48m4pKUL59Y8AN8rjj4sQMuS3PtOMPUbFZJKsB1zJvYNLG5c8GBJWbsLlP
2021-02-24T18:01:56.516683717Z 913 FYAnjpIlS2dsAVOUUzhbYTB1Ccir6NuRn5JRghOFbZfmmF3QbmBovFyR5qzr
2021-02-24T18:01:56.527902357Z 914 6VtsiCNaj1pLDmcxGhRnwStKDhqzXjZvFZHK8AO9I7b5DfVkFbficX6o3JdF
2021-02-24T18:01:56.539234014Z 915 qrS5DKOFeC1f5Z9Awn0nK6vQ4U4G17N0atI3ZMd9ZQ3OH2CpppoNiC5Mr1B3
2021-02-24T18:01:56.550522401Z 916 ALG6YY6xjsl9bFyI59cAj5Pu2GWiXkdfgSuUKAHWIDazUAhcjHtkT5vUIQOv
2021-02-24T18:01:56.562029554Z 917 tNluhDKbh84mAxzmxmEyDcM5NXUd5IBBBrUWgJSvZrZBrdaFUDEAWD8ATtHL
2021-02-24T18:01:56.574015726Z 918 0tcRYbvl3NvovMypdUrmZLKEyzzdoBWqBsjOq666Hi6CXlvvhiGFskme86NV
2021-02-24T18:01:56.585289348Z 919 Z5qRPnD4LSVM3FBNvNaaHXGgRulxydKl4aTMrMi62dycR89wUNg2QlRTabPX
2021-02-24T18:01:56.596603812Z 920 7sfJkuy97ATEfEshjifWr859kYkH5y3GapJKyB9vLWpaMNqH4YfZqHzFn3h5
2021-02-24T18:01:56.607870915Z 921 zGbeowCpAYZQHnaVnQTHZHM3dTR2AtvZhMmUfLvEODkDH5MMTi1PqkAMs3dk
2021-02-24T18:01:56.619779041Z 922 Xz9oZsKQbaf6HvStQXx9Mcx6Mm1dDKPvTZKULpWX6D0lDCCobO4Cu7vs8a75
2021-02-24T18:01:56.631462287Z 923 pBnZGfWcb5YyEsRFW8sZnHOt2MVy4CkzBSCvMl38mRPJfemBs60HQiKdtvCk
2021-02-24T18:01:56.642719996Z 924 cTIZT1ggNQKeGt7pfWeFHzMZqNHhxZnnrwiuNsoTY960IJc16vJl3NveeUUr
2021-02-24T18:01:56.653953379Z 925 KV8O1YV8BYDRLgLhGAwlPrYMhnMOVvMYxAkP2fV9BP8mZa5wkIPQlLVcsPkB
2021-02-24T18:01:56.664702911Z 926 aYMFGCAsV8QqBmnrK77hDexzyuzHU4u4UQOcZ35fcimiXJTgt1qukkBWV833
2021-02-24T18:01:56.676116683Z 927 N5sjbl716gAS54cifJZKkHsL38MMPqd1cf8RQP4YKg0XBSnXXzGP0135St7d
2021-02-24T18:01:56.686966409Z 928 fAwceu34C19U64y1GrzXIF6uhNAYc2XfF5jd9hi0vOuqW4GLWIzbx4qcTTpw
2021-02-24T18:01:56.697302750Z 929 a7vh3xS1dgV0dGWu0g9bFoSeLL6KQGJ0sVrhrlP3YRC0u7alTene3UkUauI6
2021-02-24T18:01:56.708285659Z 930 ApnW7kWzzLVGSmzldw9VKAZ1U4LQSqYgE6Oae5rCfQRFizo5NPxR8E3abG8h
2021-02-24T18:01:56.719853729Z 931 HNI0x1T0jMoSXKLgxz94JCSihKsGN2lfvAa3vcz2tnoi8XEwu07TrIbqH4sV
2021-02-24T18:01:56.731178485Z 932 MSkym8sObmSUXJFrgSGT6qYtuNo0adH5FYjYR6c3L0Wsf3kG51ufi4mxNvnK
2021-02-24T18:01:56.742483119Z 933 7YMDCajgHuBhrjoBOMTL8aXK063sWRWSJBsgtyt4txkPKCuyt6ZQPGkJF0ui
2021-02-24T18:01:56.753941660Z 934 twgBHzoPW4baEwIrxR8EINfrPXnpqzRGqazPk6QcNFZ4xwz6xiLt5fKyEWfv
2021-02-24T18:01:56.764127862Z 935 Io5jbKNh3n0D7ac6rvT2sXIfGmGyNYGYegP8w3YzyfCilCq3GENwzLpqjgmw
2021-02-24T18:01:56.775819135Z 936 VSJYqAiitAmUf4UjUyEyJ2DEqRrwxNdjyaRCSnGnmMQZPpnUhcmcaH4E8ORg
2021-02-24T18:01:56.786996312Z 937 95sq06O4pEjfVjn0J9c4LwjhXk79fWXVYKyobIC1YurHWSTizDTHXej2s7rN
2021-02-24T18:01:56.797361304Z 938 SNtFRu761Yz3jGSTNeOrtnOOr3J8seAqjm2g4HfKej0GcN5zdvsdN4AvDKnA
2021-02-24T18:01:56.808874504Z 939 v3GHmvWnZ7RDBIb32vCFhQpMpuWlnfCQ8KJoV5wZ9LzpLdLaAaQyuPsxDrl9
2021-02-24T18:01:56.819398880Z 940 K1hFNVgAiKKAYlDVjXS4drRR7W96AjrfBv1688dRKOeyZmR72TQW0vKIJqV6
2021-02-24T18:01:56.830952557Z 941 SNDCv18eSPtpUUydNN2Nqcf4BtZhAclaKdatbhSWkhoiHIwvdnUkjD3KBUe6
2021-02-24T18:01:56.842023041Z 942 CXafGph1o4aCzpabnpI8r8fJ5AtZqVkYMbBW2HKye5uPHERyppwk1FjfI8oG
2021-02-24T18:01:56.853214644Z 943 WXp3PGgLnfnSHlofupT9DubtgV7brLNg5cqiBkKrriPfU5vuhoZKFeAKi5mD
2021-02-24T18:01:56.864603163Z 944 o3QDOmC3YKelPcGkmCpMwivXH7cXjnAdtrzu8tcI4bAzXcGowyyjKEgjdoDc
2021-02-24T18:01:56.875910174Z 945 pniEj12ddhPEep6twehIVtq3VcYnQB5bgG1YFDVX3PS48P7loMi1gxB7a20t
2021-02-24T18:01:56.886892645Z 946 HFfq5W7msVUeqXGn3e8kxM82on33cbxdYWz86LSKebNlkC5deFtXhW1awYkU
2021-02-24T18:01:56.898047315Z 947 ETig40Zs9e5Y5moKNNer2HwfGNNbBjpkCsDjwyOmJjpkeDFXZtw0oM6uElnM
2021-02-24T18:01:56.910208273Z 948 RqndAt6lvy9qvZwCnMYM8pN3ZplSlDVUH9Gly2DG8mDbIyr0AdOdmGqTS2Ws
2021-02-24T18:01:56.921689699Z 949 ZZcFgHbv8EBsarwCdIgJxzPGLCBJxWeZSpfl7cYl6BJve1TB60ljsDuYHJGh
2021-02-24T18:01:56.933200283Z 950 IgM0788rvF7O2FDB1oh2lkCq7qj0HZk3uZ2FiW1IVuBvQFNiliGmLGAvnXWP
2021-02-24T18:01:56.945049925Z 951 F5a4JIhaEvUnQd5iDDZDJ32IX3baS4xQyIR2RUxxNvvTfVzzW0jgSYN5KU4z
2021-02-24T18:01:56.956114356Z 952 SpBGrt9SCTQZrYwxj0IQ7b8oV5vByYtmKdg7jNxqlMpK9vO9tOQiVJJEXl4e
2021-02-24T18:01:56.967100261Z 953 y6VzGAabJUlHeUfbxPVleRBCdPahYulT7muQxo1jNnDkKVuo8kUArIfaLwQn
2021-02-24T18:01:56.978367326Z 954 dsCVpGRLcMTnm1gJ4U7DjMdvgdES0a1vAq1gp8BrdLPQ0pW9xWydP65Ka6tJ
2021-02-24T18:01:56.989722779Z 955 KVssg4YLfysOwvaHwyRnMrx38GUKbTDmSCklY11ODRip7Z9Ts9FPJ7SzJTB4
2021-02-24T18:01:57.001173131Z 956 KH9tQPq1MEGJh4mQDKSKCaveaJ4PzjfTeBSdMNpgBI2LrPcGdETMoVAyCJsw
2021-02-24T18:01:57.012837783Z 957 SFd8LLMIozAixFVlEXCClD0PjYxUOANTkOYFJx5xNXHEkPh3swtAfTz15OkH
2021-02-24T18:01:57.024357500Z 958 LBXoaOmVv1YoxIp1z0XV9cFlzXg9200yKtuq0AdlzhJqqy5Y9E27DOnjcTFa
2021-02-24T18:01:57.035912441Z 959 yPWyz2S2VBJcqamyLFxm5fTIMNE3v5uJH3bNkpJojkLbHpYLgsqUm2wGkb8p
2021-02-24T18:01:57.047360288Z 960 WCj0UUeOynvWMMJIZSNKD8klm2ajmnICYAX3yBGGepqg1G0VO4yX8h3vwXPK
2021-02-24T18:01:57.058359609Z 961 8hqC9q6NXU2e9zf7SjWMfNVUNdFB5nA9jl19c1vULR8IowgF4tJyYvstbGCQ
2021-02-24T18:01:57.069908476Z 962 YjxPbC9TVTOB9uTCdQBrwrfHozOox6iPsTa35f3tVu5Znf0wVUuiFEgSz3iW
2021-02-24T18:01:57.081313226Z 963 wrEn0Fz1wHA71otkWVzOV2yVMLbHqWXzF2A6A5RZ2oJqjMuD5SyykXQWMDcB
2021-02-24T18:01:57.092989315Z 964 NFwwmjyYoKgm4Zb2bs4OXDHQ4OLJP4K45Io90Ax3J1IFY0lVu77vg1WCxD7m
2021-02-24T18:01:57.106269423Z 965 rRJ1Gotw8XRAWqybweShiFw7mvLVNdvPE30y61SwqzW8yQUSnF3N9mYSfed6
2021-02-24T18:01:57.118025106Z 966 sq0MV2hGqVSBu6lHbgVERGTjb6JEUzCqgn4E5YAF6iKml7VXvH0g2loUVxCS
2021-02-24T18:01:57.129401632Z 967 Z66RERqNtppwUg6TzkxeagXH6twrlvkuoVJwSWB0jgfvmQP71dinSnfbHxQo
2021-02-24T18:01:57.140585425Z 968 ABW3BeVCwpBZ7PlNAi6WFAmhIz0o31P8lyt4Wz53a2r3YPFYBe3LtUkb2CVu
2021-02-24T18:01:57.152193598Z 969 aeqCeonJAjdQ5P1mP7VM29Q1CTcv2WlsB1wxNzE8LNred9n4gSmTkaJYstky
2021-02-24T18:01:57.164331059Z 970 gfpxU5PxDHravA3LUKrlBnhMeSgwZKHhpwQ9f8eOx0Ba6eKQRq7pvclrG8Qt
2021-02-24T18:01:57.175695408Z 971 SxVdVGDToUweK0kb6W71wzqooHm4LYs6agvuOA5QotQiPaDtRlr0AWU6MmQK
2021-02-24T18:01:57.186872163Z 972 xYaSzxPFc1uCKijnk4T877OPBf1NwFREsDPTzbtOZJ2JSH8o03Xv99Ou9osD
2021-02-24T18:01:57.197248508Z 973 uQ29SfXijxTHifPXxzCKXsS8i2ONVF6xB8lQGsDcopTo3CUDcBTIncm8WWr0
2021-02-24T18:01:57.208609450Z 974 NdF30ZMxNygGYvMhqv7jz84OqRlZOrJrVsMnK9FaqWGDIniBG2BufGJV2ZqE
2021-02-24T18:01:57.220037080Z 975 g6BiEjUCF2pqbEeUM0JznqfcQkYK0NS3XlniNli2OTUVXmJ0gmOg2jJyNMeU
2021-02-24T18:01:57.230830666Z 976 sFEyjB5tPaPUuaFgzyLFjGpVlNlaESSzvxs90bjtOlc4QKRSzGso7j1xzs7U
2021-02-24T18:01:57.241934013Z 977 usFRDxvut3pPEMfEIm1OKj4k2t8BQ70abe3K3ijknq2sZ0eoO4rOYkaKwpYT
2021-02-24T18:01:57.254293205Z 978 clEhwMYkhUrU4mZyJarxnghd45zyhGPpZcy5qh5q9nZatoSVeewgyb85lAXM
2021-02-24T18:01:57.265399334Z 979 Atnb9NAYzzottwcsx9DuQQdAAilZpkfxdNcSUhBJXuuMBttmqkKhk3AGoXzX
2021-02-24T18:01:57.276833707Z 980 rdf0a4wkp9ENIzkJez5M8bIxJRtFQw96KJ8gSVSzV411bYWbxo4q1FrmCCQC
2021-02-24T18:01:57.287464106Z 981 IGnbcuEAbH6MskEHKxNiB726tBfZ36cI3uHsZgKomIfjZyTGPmhHrZ2JiJyc
2021-02-24T18:01:57.299004713Z 982 j97G8kAgL1LPt3lz6VyPauv2E8eOByClACo6yzLEpWJAdCd9VsSgfHlo4Jt1
2021-02-24T18:01:57.309982826Z 983 9rcy63nBDTgNqjXItwWW6O63sImEtpOqoWskxFTwdTs8vZ8w1UXQlxFZNkZs
2021-02-24T18:01:57.321139204Z 984 dzGtUaV69OfvpNuiXX0QBLQeyzQ942tcsAZ3HJEUIUQeV3wiNJvA8bGH0Taf
2021-02-24T18:01:57.332708374Z 985 LvxgC1tPlISC2tpo2RsRUgYvcW3HzCdmOrkHuQrRM9QArVOgoj7mw9kLjGSL
2021-02-24T18:01:57.344024460Z 986 HppLsPDKX52VQV92XiNgKtf6OMhpPqO3dXRDNYFnMJCqEC8DMTtjDrFC3Uhx
2021-02-24T18:01:57.355888310Z 987 fBeRCL5qqOmak9l4aAxI5I8wZ2BJpCqMbcKV1E1uY8QGkod3Z6NJaBb3BSzN
2021-02-24T18:01:57.366404538Z 988 CrABgFjrxWxHh4RKOzpWZzYhcgsuXIiRKvepeniMw554GJDS5sZXub8XKepn
2021-02-24T18:01:57.378037500Z 989 2S0hewpsG8EKYqbXqHoN2XzTOMzwpeDsxZWcB8VTR3tdcUF5EhP6eyIKNPDK
2021-02-24T18:01:57.388627472Z 990 l9UatCAVnRYPkoHdVmRgmE4QKlJqnQGFkawt460BUYa0CcEvb5HqGYMjNpWn
2021-02-24T18:01:57.399439562Z 991 AW7vJc7lyANdCtXERhe0OLuonfm6Bm2d29CGWZugjx9sX3mS7gBgKfbPHCeO
2021-02-24T18:01:57.410624700Z 992 0z7hqKnO8fp9TffbdnaG1CzBT30IQX3ZRSXf7wnzrODfMXWrSUvDkv6UQBgO
2021-02-24T18:01:57.422127961Z 993 cb0CYbXXfDe7SVSJMcyfo1v3GsiBBTeXicHTHnbT8M4xCqKaYXmdl2PkiVt8
2021-02-24T18:01:57.432888771Z 994 eMG07oPcxWeLTBR2f66J3jkIUisu5OvMixxnuV7XDAhBYyBB47hNwzYnEnbj
2021-02-24T18:01:57.443525051Z 995 wS3G3QoJ9e5NRRd3ou0Yn9YKWcmHwpKPy16ZTJ4zfJi4lMFS43KnFTwEz9P9
2021-02-24T18:01:57.455178560Z 996 RMgUXRfeY48uhaplV6US9XiEb4X55Wy4S6BbDgjv0Xs3T9Wf60Y0N7QEklhg
2021-02-24T18:01:57.466547264Z 997 1dWOsa9bBI7Nkaw9qHrf7GmhaG28aPfQxFjL54jfsrfhnDqDFR76lgUqwiKZ
2021-02-24T18:01:57.477877689Z 998 5DKLAxZuJ5jGnvDa7p0tjux7Bh41UTjFUGLyEvVSJ6iImbFaRiMuWoHj7IRV
2021-02-24T18:01:57.488393918Z 999 WMx5LnDPmE4R66FgOvYtqNzylRM5ZrJBtNVi1O8nOvjJXe4QiqtnbcZg3aG8
