2021-02-24T19:21:36.436230769Z 0 dry6ZgejqUkPkRwkUajJ6p9498I7C2KwMc85lfjRmV9XZN6xWYbwnFf2gVw0LK
2021-02-24T19:21:36.448014572Z 1 l7ppT4an2S5zogHz0PgJTQ42bH4QKQC12bw8JswIl1iYnUQL5bYrF7VS6LO9B1
2021-02-24T19:21:36.459712686Z 2 sHLOqLqzv06aDOYqwZ09Q2vR4uabatI2SkgR9Kd1MI1xDVtFdj0YDmY9Jrmi1v
2021-02-24T19:21:36.470134332Z 3 jfuLgewgHIO8kJ4VbX02SRLBDxmPUbuSILRmsOkZFPggLxMWkUxu7m6s2f7Pl9
2021-02-24T19:21:36.481399807Z 4 1qC5VmbNwdg3cAuEb2rbahf5k4BtSzL83fC2GN3mWfBm7afgu9XJDNvTzT1tlT
2021-02-24T19:21:36.492484302Z 5 RuN3BMSM4UGjUsnNP0YFb0JAQCzCb64LjOcBtpOXlgNBsehRXSP0098hP9O2zG
2021-02-24T19:21:36.503187186Z 6 NkIlgksCWcVseLh2aQaPUzWMwXq0Ijy55Gu1KK6JqINXeMDu6jKw1QmX6Uki0f
2021-02-24T19:21:36.514326076Z 7 1KeMsLOc30ZNlMGWw0dAOdWjXTAj4X8MBcTuKJeM3NHd0nxAMSfxvEOy6WONdQ
2021-02-24T19:21:36.525376649Z 8 JMAmftuuCxxcptdjoqDYcvFZZK5VIKvqW7keAf4tnPEzph4LkdXjkGm4elCrnU
2021-02-24T19:21:36.536129933Z 9 48gCbzIE8x2U94JK4F6aKCJBBMhRygAJrsgZWxuWqDXJJt7C75t2K5iux22EOL
2021-02-24T19:21:36.547352146Z 10 3u2Cq6yQYB56dSDGaOLoDXREbp3LR6hXoaTyFhoUx7utCqhJC3FeFw7IBMDu3
2021-02-24T19:21:36.558870020Z 11 P2AbTg2juNIYfTgOjBc8qaSAjlqHTQSAyQtHhpxEM0D2UQLWfyxz6OVEJozY5
2021-02-24T19:21:36.570625973Z 12 vdmuuljhcliRoVS8O1DQtld8tceCVQiooyXcaxieMPQJdiir9j4eoIJzD6cU9
2021-02-24T19:21:36.581264436Z 13 BadtNVA3yy3yXB7H9xlF3vZYbBIHuV1gGjfe4yIGhOKmRhqTHoqCNgZQQYYiV
2021-02-24T19:21:36.592791460Z 14 xPnu7m4q2lP3xq4AlcvA5aqyjqzLpRMTflZb3M4Hr25NvZhhXvIiXofQp2wzi
2021-02-24T19:21:36.603896404Z 15 QDOkFJSawNCxj67wVI8PUnZX7VAoIbmApzavFSY87eG1LYDV6w87cVY0YfDDO
2021-02-24T19:21:36.615059281Z 16 shlAoRZLw8ehrQqry89r2RDGQt5eDEEfCEnxSViTtLwijbpz1hAbzL03ABgdZ
2021-02-24T19:21:36.626084052Z 17 jJ0s5G8RXWUtkO6shiPlZJQ3eXkeJBlr9pQ1jtwezuTrFVJ0TRe2AUexfiG1I
2021-02-24T19:21:36.636785782Z 18 TlOrQBR0Z7wcToUzQm2UEfK9lEYHvzULmy6eRcbYvpq5rvta1azrhaAHHkqBk
2021-02-24T19:21:36.649851741Z 19 TjKp2JIaN6JvBcxaN5FcAxWiFus3LANcKmqbhzRGmHtSc5Q0SyFYHtMUf5b5v
2021-02-24T19:21:36.660941140Z 20 k4sKqzGUsVwGfdcMavwkY252AhjEQnQttKcbZrRSumOnOOhgej6Ng1sxyKyHi
2021-02-24T19:21:36.672661347Z 21 uegGay077OGRt8Dp5R0n5tjcOC4ZVwoVrOOJ7MONkNAB9LAmDZzDltzKnXSoH
2021-02-24T19:21:36.683768705Z 22 LWnT47gzlGTlrLb1N69GXYQ5LUB2bMPJLUvRGQEeS7HNRSWHYLzYhPMy4Linw
2021-02-24T19:21:36.693885721Z 23 ajkwLlVslIsUnKKxutB4WJvd3ZGE3QSFWLPHiT4hvM1LjSv04XFIP5yooQguP
2021-02-24T19:21:36.706835061Z 24 Zlu2WhdzmtRN5R1RAxibtpREamoTty0olhtnC0WFvTUyUP1369ZVr41zFAaTr
2021-02-24T19:21:36.716665924Z 25 ypGXCJmQPFQdbgYs9MB6xuXhN9zn6YiiYwdKAcvY8eSPZWfLpnJQXE7D9uRRq
2021-02-24T19:21:36.727181026Z 26 tV5pnEz11jRZSo91uPRKU9xdzHBrxCynKdBwQ5WM0CCGivpnjhawfXeXiT1tA
2021-02-24T19:21:36.738507822Z 27 iX41Lx0DpS5FN6JCPUsUsh3ChqgBZY4kHdnQWdwwtWgopCC5AqErnm9xkyPdb
2021-02-24T19:21:36.749864484Z 28 vHnsNjrskvvJPExqwwpZDVG1xc9JUtQW25XzGlcAj7UTHyjGj81T5qt4IICXB
2021-02-24T19:21:36.761563240Z 29 mogICLpTBseWcvjCEgeKP6RlqnpNDwZE9YcJEaaApFfPg78S4zKUkDoRAnwrd
2021-02-24T19:21:36.772090137Z 30 kaawx8szhwT9CiDDCeQq8cT1dRTxVgw8ODm6OriFu01ZAmk6Y7bs5pkZwyFdM
2021-02-24T19:21:36.783255730Z 31 guBWI7lZKknV3i5I1HS4KzuoiwAouOEc7YBPkg2MgotqYfHzY7gdH7WKiUx1U
2021-02-24T19:21:36.794157132Z 32 OqCiWOgNlX767hQ5k1ZCTf9rk1eBH1vspqOOSzmJqxWzHczRHL5y1aJIFx407
2021-02-24T19:21:36.805583883Z 33 zgLuQU3tRBCkfqLJ3fwiU346rDyuwWwhmdPiQJdCfJfOtiXGiv4jnlOZOdGFh
2021-02-24T19:21:36.816072801Z 34 vSGKZFReKNcfGN7cnJMjsHki5ewgon8l3qOpDcySyb1wAUApmt4J7h5ISZ86r
2021-02-24T19:21:36.827475116Z 35 IpmFkglHX9TB4RbdAkRPNIIkMStmM8eGPAnA2iLHVhscHfS1noFE34ZZD2lEr
2021-02-24T19:21:36.839304378Z 36 1oJBiKLHMsKUpwlKC6nyw8dm80u2OntXPvyLVXbe7FL5oxihgFifSEPDsPPDa
2021-02-24T19:21:36.850182938Z 37 mYFNl9OI43QFOJh3B6NzDDmMK7vbjUanb8rMRqVCKihvHMsw4JhJQGm4rTTOE
2021-02-24T19:21:36.861728245Z 38 eRmckrlgc2VBaZrvWaRrV3ZsvZjK2TDLCHKY9dQynMQuqZSq8TMtoLHlPAt0C
2021-02-24T19:21:36.873121512Z 39 HeytK73uXXxnfILsDNrBwgLS3lpXuyQQjuJ3A0isaXHX2n0eNq5eiuKHIhPZ0
2021-02-24T19:21:36.884257178Z 40 XhvFDv5QDbbhbvOzPX2LTXGwRcBBXF3HUNKX5W6c72nZdmJFxywSaHuncqjf0
2021-02-24T19:21:36.895303633Z 41 inmCIwqAbt69Ivhjs8nCnVn8GzCmrBEohkYWjWFWHJBw94DbZ5C0E6SDs63Ix
2021-02-24T19:21:36.906461062Z 42 JHOLXrbYiPrPKF3WQftN3QmJyLm4o3twoKStbRgrnpUNkqdklWdBE5QaBnKZs
2021-02-24T19:21:36.917415773Z 43 s4DbRAWw6R9DCIQtiep9NW40BPcDUNdjLNmceVmUxjx85VenpKw122ailJW0L
2021-02-24T19:21:36.928997627Z 44 iUr7HUTbDDDgAbSpjRjdrLrPJARu1KeGFuJq0SjiITqohbeEMpOSoYB1ERgT0
2021-02-24T19:21:36.940517198Z 45 STAXmNNZc5Ugtw3xN22Ek1SveJPV8GEnArmTkcHC3UsAavPznaAI4aS0yZStO
2021-02-24T19:21:36.952060084Z 46 9BJ1BR8l3ePDwAkS1YwBktBkndy0DJM4QluT8AEj2W9ZDlOiTRQMXiVor1XYh
2021-02-24T19:21:36.963256690Z 47 7ZBva9kR5HmPwBtYIaKnxWVYahQyIvvpJAn6ojbLJR53EvL9N1RltJ2Qkrldj
2021-02-24T19:21:36.974427265Z 48 K5kxFFdDUg9O7GZbVqHBq5LqEa5fLP884GPl1h13fQ7EKxkbGBkzmK6JkpTTO
2021-02-24T19:21:36.985896000Z 49 OSrUBNPCyQ3sICZUhzCHhYjyZsNoTEO8XwmnuWSKQ5KHi2We6JPMbI1kKOIsU
2021-02-24T19:21:36.996527548Z 50 Sqv0HezrrH9G8ttc268KYyog5zM28Z4HZ1RxwcBfIXKmCEO42KVvvA13h8rmi
2021-02-24T19:21:37.008165782Z 51 ggRsVBODYLii9e8J61foLXbvAZbvJ25qljE3thRnV9DwhzNzwpheTOBR8lcMl
2021-02-24T19:21:37.018441325Z 52 avHK7jFbCzZ6Asa0KMUBXNbsfw6HtLJkHrAa67xgcFyRzaY8Bo7EN8YunnXJE
2021-02-24T19:21:37.030023606Z 53 5JYYLHxUK1yZex96O9jQZ27Aq8EHIoJSdtBvBwWqR0rbhfJBM3yyzwlPlUZh4
2021-02-24T19:21:37.041123474Z 54 Nt4EDNgztgSp2IAcHnmzTA6QTEHQMdMFir2cVFzqj5Rj07xesvCdouFStrqLJ
2021-02-24T19:21:37.052208717Z 55 SV2EkaGiDSVnI76y3MJBRplyxS2RKYoaRPMC74n016qciRd0Bi259PtVCEszf
2021-02-24T19:21:37.063465076Z 56 mSysDFgXBSm3mHsltbOXml4MiwQuvbn4cP7bX1msGcBhUbybSbU21zVMnu1is
2021-02-24T19:21:37.075751131Z 57 c0xOqf7HXUeLNirvMxA4I30CRqIR1TGh07hmabfd8W9VjX2MMQ7TOjefUGcPi
2021-02-24T19:21:37.086018861Z 58 2f63EW0RL3WDEckugKHKCC7hz9Y1F8t6PT6ok6MPFAIQmtlyxsYRliVB72sUL
2021-02-24T19:21:37.098286214Z 59 LL4EMsGw9rXER9StHVxBs8blnZp3BPCq4PN19hanlHUXzRD6yhZnVol7TBdwh
2021-02-24T19:21:37.109845211Z 60 AV36BOkqD8OyMHSNy9glSl97VK2gGCII4eb7Xmk2LmjEEp6qLX64jY5wUMxoX
2021-02-24T19:21:37.121922139Z 61 0rlvIbPgvNCHU8cslXM3wRxllkfi5U8EbdBupSDjPhREKFQbPOfcVmW5UAu3G
2021-02-24T19:21:37.133448165Z 62 kYV13zB3uFpqAtuHOtIaCl2AAx41lY57NSE3AotQ2nXGKmLkFKPbDrrK5DZ2A
2021-02-24T19:21:37.144964631Z 63 MReJX6FIGdWc3V43kr9hj3gb2GN2kmsY2bFZy0tBhY1wvYfCtLytntQ1eQ8Yz
2021-02-24T19:21:37.156373591Z 64 M8e9B6dtQwApaXtgVpan4zRBGYTKMLLL3PSmfjA8b2YF8Oa6MWJVcPMyMKcg0
2021-02-24T19:21:37.167319186Z 65 90hcToDj2dPZB92celioHDgUlk71cW1MXsULjXme2RxFUFssNw5hItfPgO8dt
2021-02-24T19:21:37.178475900Z 66 jwmxJGmpDQ4a99wq7ZzuQV6ml8Dsud8AdkBKyT84Fy4BuDApGsk2SUw16bAbe
2021-02-24T19:21:37.189617240Z 67 CPTfaSyRPxEFvyT1QU469FtJc4h6gBMeyeDGIZ6CXMCYblRBHoa0IcjsqJvjA
2021-02-24T19:21:37.200637192Z 68 clwmQu9wJnxYMCE89kPFKGsPocths1cYvTJq8CER31pUzxZdYGnBT0QvH8QTT
2021-02-24T19:21:37.211589669Z 69 LoyxOjs9QK0ZvtWaEBKFkblzMPIrn8pySwBLTi2PQl239iwALh3WsSGMnsWyY
2021-02-24T19:21:37.222673479Z 70 eFTfVQ6lObsbAUETUQLhVf8QWIpChy2XsOIItCs9Tfwcpj2OCLKdmzmww7vRO
2021-02-24T19:21:37.232925741Z 71 IpIY4yQvArAhreO5UxlOfMZFNkBmysOqL8tVP7r0IWx7m5AGHHxp65Iskoim6
2021-02-24T19:21:37.244333316Z 72 bOwkPChDvwulHU7RU28vwfZzFdjE7J69YaXE0AGYfP5cvsrOVXRY7TSrhPlb4
2021-02-24T19:21:37.255588043Z 73 SRMM4iKZXeqZPrJcRRirLz3vskvH0eFgTpU90lODcDxp9smWWFmGOOAF3yKyI
2021-02-24T19:21:37.271318173Z 74 HiT83uqhhrdStJ19rXgIC6Ijt3PHOOEKbjZKDD7Yxv1oWsHFQyZRK14UoVrZV
2021-02-24T19:21:37.278877890Z 75 BmhvQPUNm4bHG2ywmhr3t6mPsAbW1M9IZjR6DQPfiCWxvNtMdFVwve1UiLcQM
2021-02-24T19:21:37.289967458Z 76 x5nN7ntGetf2TaJHoD9UvtrHcwt2TBXvXW0fISuPbUKmcSOHab6A33lKqUBWo
2021-02-24T19:21:37.300423771Z 77 5r5CtcV3yPzebgOYagxR4ijr7tuILELNzWwTgEhlO2fbRnVLZrKtNCX6bRMkE
2021-02-24T19:21:37.311643473Z 78 293qNvWhpSP658y9NIhscN7aQyG2hXOr6dWJafuTR5AGP6XvgXZExbh1oykpp
2021-02-24T19:21:37.322854708Z 79 UTcX85zgE6iSBzzsvKr2F7WXqQvepCThu2zyzeeT00DnoC4DRXla0YaVt5uWo
2021-02-24T19:21:37.336837046Z 80 gpeN4414CV7F72MunCiBYGqi6YSIEP7E94CzXLemCaFtFJyn91LPvQojAqdyS
2021-02-24T19:21:37.346136607Z 81 DP0XulPhQpjjiNvfjIUaUOUZhZvCpuINJUPKxurRwZ4dw8xoqqlj5pq1Rq0Dg
2021-02-24T19:21:37.356986251Z 82 hpbI8Q2aeaxFrRE46HA1IQaCubZngTRT6ydasLjQ6ONAOMdagMMi4bXjnTsM1
2021-02-24T19:21:37.369858224Z 83 M7xK4sKMuAF5XLhZcsGyhHURCNsuaBvOF5dVFzpa3xRwRctMBjf4ybP8QMKpk
2021-02-24T19:21:37.380486536Z 84 1HgAV2dIF2AT3PbQqbqLv2sWbkUztMtpBMITrqt01QBog7ubic1jv6WwUmZT1
2021-02-24T19:21:37.392353899Z 85 rsMs0ji5rLpXqSyjHOHV42kAPo07oOyWZwp769jeiVs2TBw2I6M9qWRCrrQKx
2021-02-24T19:21:37.405084170Z 86 mtoK8Q4VBf3Rx0pslZhhH9THQAKzIPruJNdCZ1K4RBgNkF6tvU0zMOwVhKABA
2021-02-24T19:21:37.415259694Z 87 O3irbkcGEhvcKqEHfl2ImHEUuldqf4BEJkamVADXkZGNB8TJmRyMx60LjlZhi
2021-02-24T19:21:37.427489351Z 88 eWTJZQL2l3ts3kqCoZNUfwV57sStpTQgm5MZeovuDHD7fOfvbVzxWlTE8sshd
2021-02-24T19:21:37.438073736Z 89 1we5gaDcINYR8Mt6bYo27RGfMl4kGEWp2rllnnM79ed5QAwjcDGmm122CSwxD
2021-02-24T19:21:37.449262500Z 90 39KFDu1ijW8vUDaUdSEhyB4p4NaNRUZQeMc4dz70koBVOPGAhk53Yfsp3Oklu
2021-02-24T19:21:37.460968156Z 91 PploiMcGOADKEAMAGo4fRJWs7JEF0nFq2TC4mzqV9wYBolw6YDVtTGlWT7MMN
2021-02-24T19:21:37.472024519Z 92 S3QugObgKuLLMjbj4YhAmLzmCrHxPaWPEY3pA9fvEBAy6h2pgz5lVaONYG1KL
2021-02-24T19:21:37.483705075Z 93 jWFhXExav8WaCuYAI3IPy8hevdJmuljpVZrvR3nqz5vRAlYK4SLyJglffiUCF
2021-02-24T19:21:37.494414507Z 94 dvGx7UlIYkVBhqiRrBS1pFjOxJqOjhGp8t3FQyLrZwkIpkVzerab8Pzy6ug8h
2021-02-24T19:21:37.504989038Z 95 6hT7W4rm0uEvcw5xNIUtrZMqm1PezuiWl9jtrft4o8CVias18iTWl5twdcWYK
2021-02-24T19:21:37.515995942Z 96 1MmiKFcBze9fLVHE4tzm8pM8QUxSTwcIogpYzKAFE2nETCAKdf1hZZbp7rXia
2021-02-24T19:21:37.526939609Z 97 bkkmE8jlHNTiripiZr3wOdF4SCv9w87L7yN6KE6I45Q7sYan3vIlwRu9zcCkM
2021-02-24T19:21:37.537905230Z 98 wI49cvuwFRNMnf4vVTXvdt1plnPUuZmhwWKFAhxCLTitCu3PFzBXZcNudd5FU
2021-02-24T19:21:37.548952397Z 99 bJrV0U7fy8nDvRGcUFKfkl8UJPuztJWXC7qRbsBgyZcMAyQq2d6Gi0wp7vIh6
2021-02-24T19:21:37.560592413Z 100 eeWaQFsJa6avu0cGIL57CPNFKWpMIR4mAz1OZlpK2zsMqdD7T0f8PgH0FsbA
2021-02-24T19:21:37.570918989Z 101 BoNcV9zsRpzN1BfetyXLhQEroSjbSE49BRnYNVnOJaalwm7fLH87a9vTao9M
2021-02-24T19:21:37.581968990Z 102 FFYYGOMS1QxhySlbh1HHyAnJXqFU0ZCHXxGHLvYnZ3abDCDtPJOQl1tnQ9to
2021-02-24T19:21:37.593151858Z 103 KKuP2VJiA0AqnE1IWmMQyOPrGDVSL0YZU55NBpZ2gahdo80dOHdR6quPUpg9
2021-02-24T19:21:37.604580463Z 104 7sitYtFBIDujGkvXWtrP2GeSQz4Ze6td0R6S48rdqB8XjLv2rEPw1MQxsE9G
2021-02-24T19:21:37.615848559Z 105 zS7Iql1r5E0cmtvgnerlw6MDXFBG5nFyjeoPX2K9cEMfKEzGKYN2ferXJ2li
2021-02-24T19:21:37.627124443Z 106 L6C8OizpJIJLTCLUxdfax7cvUgcZ1SjEvqhzgXGTa3lgA8QKPPkIaPa1Xhpa
2021-02-24T19:21:37.638620117Z 107 YaqF7TsqpPLThWOpO6xHa0Reo8WsjBHYTwdnlXkGuW6rcYpiBRkAIpUqo4PE
2021-02-24T19:21:37.649040657Z 108 KD2k933cJCN7mEOzlnUezBWcj5XXcvYND0NHZbP16dAbMQTle4GyFqrXhRLb
2021-02-24T19:21:37.660469630Z 109 tPon32pdvlV2qHWZUzDJippuVqckMEoKxJpxRpPUxSgkVSxlfPOuoFcoQ6oY
2021-02-24T19:21:37.671702222Z 110 KuEGXNJYfk1dMMZG7xXWvgSNUCr0RZZ1GmXT8FsO69Nlyw1z8zT3NqKN55aV
2021-02-24T19:21:37.682874647Z 111 ykkENE86m9iC95DmY10LP7OsTk6slNxdLK3aKNYc1ZgahUJz39hFykhd5wo7
2021-02-24T19:21:37.694391239Z 112 3yUknpJs1aT6xKOpVGCWPNxIDDneaje0Rn0fX5fEr3CZyY61b0CRtGfVKfEX
2021-02-24T19:21:37.705646051Z 113 X5zpxqTEuLmBbts3gR7z4PEdCMoXXSepHBz5swHfoTqWRxSiyRbrWXftbMNI
2021-02-24T19:21:37.715710711Z 114 W9Ed1YNxijI26YjKBcqDu5MLHstPzYhBeeTC88d4jxJ03hCvfQ17LMNTRtsc
2021-02-24T19:21:37.726834340Z 115 4PZ7HfdyQXS0a1EnfF1hoJBIAHuYeRIAODs63EAMASmz7EL0jVueBlLiDByV
2021-02-24T19:21:37.742107344Z 116 KbvNVAxoBz7SY1a5FNY4CsNloeMqNrmXEa9DF8UWwsbhZaPMhFJCLZ4wOVuk
2021-02-24T19:21:37.752994908Z 117 nYU8k0QlZvFAy2NNvQWwsLq6E7wVTxFJTfZZC67pQqysqF3h070nC0Rhwvvv
2021-02-24T19:21:37.764555062Z 118 S4JVq2Nr1iPwzukFHRxd6iwapEUXn0WU8hoh26Rd53nW6Tw4cSZtkLwtMAAz
2021-02-24T19:21:37.776743443Z 119 seC7f5n4ZJTQh4aWYcFqvtDAsbm0n8QarpaDG9ocDQkUXKUJjSGf0MzsvTHS
2021-02-24T19:21:37.789435523Z 120 nQBqkIKZOgsWWTVDP5hH8qVjVVIruTsy86vPXP3WjAsa3PBucJpMioiFsNyT
2021-02-24T19:21:37.801269727Z 121 ktIczTCkQF4RbEhE2Ya1gohLWV7phphEKU5pLFFxPQ6W4G3QAXhdfyB6elPF
2021-02-24T19:21:37.811286534Z 122 7xSLjTs5Nxup6y4lKmDMygmIsDLBmgy15hf5oRKbXY20aiWFBJybFlw3tJjH
2021-02-24T19:21:37.822104347Z 123 fOXpEgeCHIig8PHqCoPgcH6DgXvO6MpaXjf7qB96P8S4mOSp9urVUbiCIzg2
2021-02-24T19:21:37.833345062Z 124 o082vBFtqTLHO0xcPcLouOpDOMWNFwI5pUohwimDhhjeelLnFoV2DOQNrLTY
2021-02-24T19:21:37.844846202Z 125 VIuNKj7GJmEnI2rMfFKY9SqX3O5TyEfxVl8Yew979rcgMxOO6OJjfjiT0K9D
2021-02-24T19:21:37.855462721Z 126 OlByPEDWCIZMDI3odAZiU3EaYzuiIN0hIl5XkwBjLAojvGXifLCeA3V9nY6B
2021-02-24T19:21:37.866697084Z 127 S1HsKAOwWnR9pRc8LnAnWVVZf61fSwB759DfTzcuDkLg7W4SePtjcyXqD153
2021-02-24T19:21:37.877828039Z 128 4fl79dF9Vgd9CueGwDZwOkm8MZSHvItHUUncrUwvKH6svrTGRzb2cIzhcyKW
2021-02-24T19:21:37.889482475Z 129 gVjBFrE3glCFC6RpndyiThkz3bk7kwjTmMEQQuuGYMyLNU2DaaZ8N2U5izF8
2021-02-24T19:21:37.900312403Z 130 kKEheyV5WVIchg1n1O2qojNlxwpX9kqWU8EhzcssF6W9WGhRdmXvPwQ8hPJV
2021-02-24T19:21:37.911753336Z 131 Wydp1lXXiUHq2SO6BcxNctHZT4Bpkna0BYBsVV4Oh2JM4MozIKYYfzWyMxI7
2021-02-24T19:21:37.923125591Z 132 4S6ykgy7HPIzu6ArNEoR6rrQEK45Pd5ECbamzCVyfHCgpqjOQvYz0Lqo9hP9
2021-02-24T19:21:37.934240981Z 133 WDKWfQa9xbLc0kEMqVbruG8Cx3WBVoxZazicDQEgyVTic5PNeWAtspsPnDOj
2021-02-24T19:21:37.945344835Z 134 Qaxy8fbFvWBToXQSTZCAwBys1L3ipLZ51XQ31nb5vR0AseWYEHj3fffjsJLg
2021-02-24T19:21:37.956000579Z 135 p14dgWJhXbMDU8tHC7K1GEoriNQfmWhPqSJhdK97XMaRNQ56urH3ipcJIhdp
2021-02-24T19:21:37.967050605Z 136 jdvdbXaxVFC4P3H0SJ7ql8wKzkxo3FNjtpOMTppRCCJvMPjMvxuszJHu6yhS
2021-02-24T19:21:37.978152099Z 137 O6xm0n5cqJnTAqYyiIDTszUthNPfASPn1ubS1xcaH0uVXwNQv4CB5Or2YV7G
2021-02-24T19:21:37.989433092Z 138 16pFgBfkEEEAcFQZHeW0Kl0MLOMT4YUCI3jrCTW8St0RExJLY6LtcJ8rDzWB
2021-02-24T19:21:38.000502895Z 139 YTnzD2mGAsM0GQkOTL4fVFICcaGixJbLlJnYEAdtG6Sn5uEAOnfN5sCLCyXX
2021-02-24T19:21:38.011760141Z 140 y41IT170g3moTJ6VEOZhQBn3uz6tU2dk8k2Cr3gUID9qQxxglauCFAYZEjqV
2021-02-24T19:21:38.021936894Z 141 CAWVIzD0dC5a3WkPvGKRbk2twGHrf5mytM56U3y781pqcPnnr8I3M0VzSNsT
2021-02-24T19:21:38.033304726Z 142 sHbPXivWTSM4ZURWQtwWQ3mFYLXmUgl9YVwPeKIGDGK0Vd7MRMOqFw2LV1Al
2021-02-24T19:21:38.044770228Z 143 GA54e2LyiNZ0WbADyebZ1CfdCHAL0e2hPGdzilOw26IUWioKJUZB1YoWUgX6
2021-02-24T19:21:38.056579433Z 144 0uYLqY4jo5lGLMhhmO9mrezbXFixVde6ktJHAatfTv3t09uA6RXrl0u8u3dP
2021-02-24T19:21:38.067867243Z 145 rVqwHUa08UAgi5Kqz275jPZAQ7VoYP8VGnpfpXupLxs0cUd63Yj5clps4NyP
2021-02-24T19:21:38.079134924Z 146 tLhb32dpnI0lfmGlH7ELyvW8NvixDCXArERKD8V6WyFu3ScUm9MjQPvBOrCy
2021-02-24T19:21:38.090800768Z 147 VdtrmK3ctbqQYCPLuMOKp9g1J8yaUbSZiJNUjHlHTh1QgPJwZQpY41J00PQ3
2021-02-24T19:21:38.102396432Z 148 nyR115riB2fTUx3KY1kRQtRfXtj3N3tulVAS6plwbs4Bcocm4p7T9O8fDEtG
2021-02-24T19:21:38.113493551Z 149 LZ5k4NxnXnpr4ftKTdlO8meJfqHlv8Q6zjelkvzm34nQBADo5bGoc7xCFZO1
2021-02-24T19:21:38.124218571Z 150 aFnO8Ig9qNCz0Dm0BZ1GkmIJOoXyxjnU1yUXoWgbt4gE0HUpb3MZYdedQlRV
2021-02-24T19:21:38.135432168Z 151 6TpEPDQV9b42vb8ndtLaQSo5Wm80lc3HvzJ6G9gjb94TOkV0OjoR2ssRU603
2021-02-24T19:21:38.145963356Z 152 3mtRxRWlfP4BvMmQ3WzcmNySXRuxT3se2aeimzZJNl0ofw19sMNZH4sxt1VR
2021-02-24T19:21:38.156942675Z 153 vCYzPXhklr69vU1O44U8LoRcFym3U9bIPNPqUtFZyNQ5hlojdy9Yx6zvzX5g
2021-02-24T19:21:38.168691010Z 154 AbJ2oBEVDPlWKj1TsMdjLCJ7QKFtxuvoFcbG7NN19oxGUnoGPVWeCkxUXIKO
2021-02-24T19:21:38.179067297Z 155 OZ08nxSVcusrt9dy4bYmiRFucwyBxm8h7YlNWdMogJdOnTZN9lY2MdSixyEk
2021-02-24T19:21:38.190371242Z 156 D3DhCItaexifiinrEB7vUgBXpmzB0KQw7vFUvjQ9Z7VrU5vSLnwpsjyzOPNA
2021-02-24T19:21:38.201574142Z 157 mxjUd5KvBcUuNfIBPtKkWzsMbnVcuh3W4mDTGMVdhLXvqXnwgc0B5Q2S96ax
2021-02-24T19:21:38.212750728Z 158 c2YItLMqTOQ6TpmNqFwmZemcbBlwlvtKcGfYfhHLB4H3WfoEXXsZEVER2quB
2021-02-24T19:21:38.223892940Z 159 iYLIRnARnWp0V3WYfVwYjPDWZnhWtvYpTg3CZnosCJfacjDQ1QhyDYUe7tU8
2021-02-24T19:21:38.237830499Z 160 ksMC3z0GWpRrnJbxXDHthqrvVs2zQ1xXceZ6ftrbuNRldhaGuTHN47vASZDV
2021-02-24T19:21:38.249672329Z 161 kV04mIE5rbcBl6BKq1gUODM2tLKewYERTwDsquU9FxieKW61YmFeHg4NsgOe
2021-02-24T19:21:38.260902059Z 162 Pcma9wLJHxzdgZXbAE9amRH4HZUuTpRBjCsspjv0DEpS3WX2Qyrez8X3YS4B
2021-02-24T19:21:38.272316079Z 163 P80HkspwJEUKxQtztzUKKFO6avgCHJCzxWoczUWo4rmFDBu1Lc83lBs5EQ8L
2021-02-24T19:21:38.283001667Z 164 DHHM7GR0MfSyYQ1qJOMUAdLEktNPmRD0wKYyQxCEKdI8uekrSDId2I53fPl7
2021-02-24T19:21:38.294547788Z 165 ci7fVNunimoEnzN4LArEeWQmkjGWvqyhJ5KhOQ5M5kkTS2APFTCoypOKcGc3
2021-02-24T19:21:38.305135473Z 166 fO49W4lNqccesRBtz8rCJx3VNtcjmKO8nL6z4m4CFnlvHhs9Fp9YTqUgy7sY
2021-02-24T19:21:38.316703974Z 167 much4rHEZ0lbyWyrOPnV6ImBs1PbtkG7LBmmyEXY7R9c6yE8FKvuNZrWHn9v
2021-02-24T19:21:38.327943044Z 168 WsbKUbdgUEiSjqCFYf3EB36wpdne5XZNHEp8tgMqOrGrTPTSHXYONVUqC9eW
2021-02-24T19:21:38.339399812Z 169 cjGnVY9JkwutKukR1IOAL3HHdXI1X1UTRPallHjwoza37dgW6uADH73g36Zd
2021-02-24T19:21:38.350855388Z 170 ofubd0vXyvHDbH2lPVRlwTCthGjcpP9OZpeyQ1WDTIhFcZoHajA6Fqpax6nl
2021-02-24T19:21:38.362234123Z 171 lS6Svc41OFoQ66F5Dzx5xF6Rd6GJ8EiAwdm2kpvEM2wChzq3qlRPXPfyy0W8
2021-02-24T19:21:38.373598083Z 172 IsvrtFuM8T9Xgr36AbJOFjpCTqJNZPRnIzKjPgfqaWaQRuW4GJCKAZjCD550
2021-02-24T19:21:38.384637729Z 173 eAeGzrhQDMkOnJCyl3zG0wurMWmsDvNDfSQLVtTk5AMCKbTvTgA3teUittxd
2021-02-24T19:21:38.395987416Z 174 kZZPiqHkMpFS7i6HWqgSycO8eNoRtfVxeurDdFk5buWRujPe0eWbdtMidnxU
2021-02-24T19:21:38.407170961Z 175 PNSTJuWzRWwIdhxJRatVwy3HL4kNh4ch6up2NGmWo2IASpV9ZlClSpNWzufc
2021-02-24T19:21:38.418110160Z 176 nMrJKhQmSdfCQTMdhqFL0l8uzmkOrPJVbeaXcjDJfPf1ARLR16yTZP2qmUqv
2021-02-24T19:21:38.429173022Z 177 06dct8hubx9gVV0KpkWAr3tOe7Jqqt9KWfI7c8zk0fY5NKT62luVarM0wn35
2021-02-24T19:21:38.440791661Z 178 Yobpglygar0ix9v7DUKmoCM5kglY3RS42vG5elFgzF33INdJA1Bdf6OpN19T
2021-02-24T19:21:38.452564349Z 179 1tuR4jcwchfGLuoPQzFNAbmRPbKfFLNipKwIHkE1inHzUEW8TfLD9dB0fmXQ
2021-02-24T19:21:38.462803598Z 180 FuZzMMQDtJ8jX8gfIn3DQfxNco0bI7Idbjh8sLfrMJb2aVoBzlVycmDaqWpS
2021-02-24T19:21:38.473908471Z 181 YMrOrleBhJlKrMZ7WoZgx9vVPlN11jNa1vV88idSH10XxddHYENYKmJLuJak
2021-02-24T19:21:38.485150646Z 182 1fA08MFAk6lY2IY8A0lfLcbRKA1AO7PMnB0U33X5ddKPSVrDMfVGwWdAZDch
2021-02-24T19:21:38.496133976Z 183 wVMhJXUfpYdObRdggTNWtDlFFpbwdSyxY3qIrmpwxmio0P2PxdHVbtnnw6Yg
2021-02-24T19:21:38.507362118Z 184 QWLfAFdvgbpnrrnkNr0YCN9gjdvfZjR5OtE70FTPpMe77gLHMUwbXjDyXv1N
2021-02-24T19:21:38.518406657Z 185 qt9jyFYtx9eG7JA0agTdpzc6GXx2Ohqs1FuxRAuyXTOjKFiUnu8Fps1j95PO
2021-02-24T19:21:38.529732159Z 186 R5OnYD9gQvAp0r89aT6RAdecUXeoEMtCw1q7eA25NdatNHYjCVcRWeBhGp8I
2021-02-24T19:21:38.541877009Z 187 RQJlczWPDg1Kqa42Eq8P8iA0Br0CemuzwcfizbFLvbw0PEmNztSe7Lqb8qIw
2021-02-24T19:21:38.553846811Z 188 IJG4FnTiw5ugveYqnuvALaeUalsVNradpOebL1mQSA0LrFTpjAxPPoch4USE
2021-02-24T19:21:38.564808805Z 189 FyFPRvLrunuDQT72Tw9rht2M6zkW1o1s3yZ7sGbFJ2bznc9PHVYa0AlljtxA
2021-02-24T19:21:38.576259573Z 190 CwZRWM9X4pqFDq5lkC2vqM8HTfJWlMg68Kf9FDftnl5DPTvjkb1wdp16BrEa
2021-02-24T19:21:38.587595739Z 191 W5W0dFLuHlTyjk2TZhMt40CpX34QpArHhhOuKbkMOFIVcE2NCszffttzF8K3
2021-02-24T19:21:38.598001091Z 192 AsnsSFgiEDugkXjW9XXvpkYaPaiDBsPey9mEHKVADL04puQRCvF5FJcAX2fe
2021-02-24T19:21:38.609223931Z 193 AJ5E0pVhYHqtvgYcvMlimfgxf00FxA2DBJ9TZDRcg2o7p5pYzKc5FphFvggr
2021-02-24T19:21:38.620029337Z 194 V7NFQfPqtHjhHLaHCjwRsi2JTVLPBoxbWLTSBncNUNPRYcLJQUL1D7niIO8J
2021-02-24T19:21:38.631529597Z 195 YJdACijd4B2z0RJF5jYytMmGoPWdVcUGW4KcPdVFagyq5aRHMiondAQ12cEC
2021-02-24T19:21:38.642068954Z 196 z9xrgKigeEWqcg1ruWMREGtiPwni3BrHMXKxxx5c8dgJk2s2FyXUgPa9uLQh
2021-02-24T19:21:38.654071191Z 197 Mhe3sb0FfsE9HXIeueukK2fujJl441U0Kiv80f7aloUlQ2yNs7rIfSITzvR8
2021-02-24T19:21:38.665614413Z 198 s57TW2SCkKvOPN4EDhMxgyQUV9FSMrBrrTInbPWEa8RwN3RMnPX0kssdsr13
2021-02-24T19:21:38.677384252Z 199 XmKPZt06EYLBL8RlZ2rNS1gJg0gWPuTgozZGeCD28p88hdwf63CK0wZe662l
2021-02-24T19:21:38.688278677Z 200 hvP9rnoFJ9eFxRYlt85nqVtoB6kYhStoj5poGt7uKYw14GMMiNaaOoe7F8B4
2021-02-24T19:21:38.698843113Z 201 3CvBl1VBuQ03zKO6GSjwvEthXNP9Tf0uRRTu5CrdwsK8e2VoJ1Hq6OdSov5z
2021-02-24T19:21:38.710644216Z 202 EaTNBcZ5ZP03qleZPBo1dDLGlrvUfHWToiX5BhfK5VeKDlb9OkcWPCgKdeqg
2021-02-24T19:21:38.720879239Z 203 jaHsHOv1FDdqpAwn1Brp7EY5u9nXHTXBQ8AY9Buuxs2icG80IqBbg0D2KtXA
2021-02-24T19:21:38.732382051Z 204 ik5elAfeMHZ9GXb0GgJ5myR2EwuUSBgBtMteZPl3GGYjrYjEpxan4txGLjrp
2021-02-24T19:21:38.743108437Z 205 7MF18nSkhxjQKkBuolOhDtD9EXKCha2MLtrMCnKMU22TJYfLibQusRsNBZmp
2021-02-24T19:21:38.754966647Z 206 xCCZavpHPmYXgTujQ07Ae3xG1U2v48Vy9cSHcNT1NJPkpfl0nBDQgKU0Pgre
2021-02-24T19:21:38.766059471Z 207 dlEoVmWYq7sNaqxyY8TG651KQHjfFk4f0goSxEPnGz5kEoa49GvdQJQVeDVs
2021-02-24T19:21:38.777436652Z 208 gdaP3WZDSzAw4esHQav30w3Yan3T5dZdApp7UbNh6XV89orMYHJALkhcuglo
2021-02-24T19:21:38.788807284Z 209 Z7rw92QTzcOTW8OpaXP4sVRlRXsaEPqwbRqm6c6IxyhNeAMbvl99P5wekG13
2021-02-24T19:21:38.799948667Z 210 3fvqoDqYQ6Qfi977blVCiVfjM3NZeYm2SUWCSNwrZ03pzsBQR9WfkOVYX2oh
2021-02-24T19:21:38.811597043Z 211 UrXdwMTKNUITFkGo7I20HjpdKn9uUvfBm4rhyjJaL89L5jY63W84vPQswjEG
2021-02-24T19:21:38.822253133Z 212 OiPyeArm8Ingr1TqJMTr0U5eBxmGm2ClAq8lsMZqrGwVrDnN5c3U6a3LqzgX
2021-02-24T19:21:38.833780843Z 213 Z3MjuYTRlA4FNB21pQrp74KS2bZkCdMYSgfXSG3gjTTg53pgIxRI6l5RYu1K
2021-02-24T19:21:38.844966173Z 214 QTpdH9053Q5HoStwJ3GjZ7acVFHWVWFc7oqPbXnoDOMRHaYv6N4CvDHvmbe6
2021-02-24T19:21:38.855999744Z 215 8TN25v0bcyyKVJJspxVDfOXKygjAT6x8msHwpr7K9wMpACfv86pxo2ZAklPU
2021-02-24T19:21:38.867355753Z 216 CAOWLtEVQrnRN3AoRbojZJeSDfFdH9dsRBY0m7HGgAfbDnIDM8WvFvoocURW
2021-02-24T19:21:38.878804550Z 217 CDQneXsRCKbb4fXT0HUoAt9JK0p1B5Nu51ddro8hiexg7EbhDP65PvCNjdXe
2021-02-24T19:21:38.889560930Z 218 Z4pn2TnQlXXNuQYGfUHCmEWeVzhJDPCmxPJb0BB4HWsCg9rszZmg2Pk1h1po
2021-02-24T19:21:38.900141505Z 219 CqmDFMtf5smTqpBgOOVgSIVeN3o0ib8H7dQQyvd1Re4FadRiokfe7KvchXf7
2021-02-24T19:21:38.911686505Z 220 qlAly3inRJ8W81V1qkzaSBX8QidcDNJTfzWlUtLE4YyBBRNotmePLwOjU3nd
2021-02-24T19:21:38.922311531Z 221 By1m7pmfpy517Er96gfaUmBdDu1UGEfA6mrtl55xLxsusPhhOe2je7WEwUa3
2021-02-24T19:21:38.933655133Z 222 nBvPId7dGliHcmbx2ITHRgXDmmEZVZHHM753Qm0uznmjHcANw2QguXmKLG4e
2021-02-24T19:21:38.944338494Z 223 8iochsgvwqd6ZyD1TD1ETTW2DQemrmKwmeTlbTO9bDWJq1WZ7azrs6Rolbch
2021-02-24T19:21:38.955262434Z 224 JHV9vD33LNdSBCYy13ih8oK5IWdX5xe4lMnnpLPK9IMrf311bqGAGqNNiTbB
2021-02-24T19:21:38.966886193Z 225 od3YdUYeDwSA325Xb5R5XJrs2eFf0GLGWmSI99MvI2YDa04Sjr8sXBtrcJQ2
2021-02-24T19:21:38.977944419Z 226 WQ1kWuQ9if0xv2TVm6I3NM6ZZB8A0niNRxBv4fUmikhKDEsixV8XIt8hKJBS
2021-02-24T19:21:38.989212113Z 227 XfvauhNSScA0OlQhGBxgiQSLGcYNF7cGRcIHoiXWE8MFbd04HX6zO7Y0N73k
2021-02-24T19:21:39.000892314Z 228 0qL1hKOPSyZLoKFRvnpwK9dYfHzewvXFOHktoMO1KDkPFTb13zCmVHac3ODi
2021-02-24T19:21:39.012028604Z 229 UZx1Hxb1RMZNQxhEGcH5bBKgglL7AaFs3JiG7jtKb56zpzpnWE1bkYoRV5jQ
2021-02-24T19:21:39.023516774Z 230 bNodxPBO5pIVkEZVWDyItcsiAe3W2T9WCxGSwL7kw2N82kaEwbTwqCnw28ij
2021-02-24T19:21:39.034414444Z 231 ilUhh4w6etPUY1SYIbPlP6fh4ddqZ4tsvbcHwQWct5cCViw2hIBve6XfTm3b
2021-02-24T19:21:39.045393137Z 232 QdDfxR4nCDsOzBceCkqIWgeaVKxWxfLYHIr0Z5BIIbBDfHmIv8FfND9YRvzo
2021-02-24T19:21:39.056881454Z 233 RlkQUray3CKtr41hipG1RwoyADzhCb5ceNfhaQrXqRDY5ntbQKnfqJuKlAeg
2021-02-24T19:21:39.068756345Z 234 5gg0CYX0EIrKT9So1WYmC7WJ92fEA4G4ePqwXLzMHL3IKbLuoHeEmJFXV63T
2021-02-24T19:21:39.079691602Z 235 xt3aAkb4IySvspkePueTPJuTMzF0QsUBrjSaXTSCLlWnctP7ZLmrBkKWolPF
2021-02-24T19:21:39.090335328Z 236 zdNFNW8xRQbrCVEZef3mUhWtoLcq2b41RuFUOuGmDo086yW064Y1lE4U6eUO
2021-02-24T19:21:39.101831949Z 237 B0RWe6pG53MgZCj1Lb8jB4eSUy5UmWZtM87EQNc6Bzd9usXcUSoGt50VoQUl
2021-02-24T19:21:39.113057006Z 238 YLVGi7QNy6HKIPoDYFh6wQL3QE4riiE4en8hKR6EvnETTuMIYc8PPWhxBFcg
2021-02-24T19:21:39.124478870Z 239 QSLoqPOdzInZ1hre3uwmOiA2O2xTT9OfKTFsUOpNOOa7J9Vmfp1dZhDJRts7
2021-02-24T19:21:39.135049626Z 240 FYq7pBhUgY3A1Or7gIBSJ509tY72Tz9HUVBJHAERKUpv7PkrNiEdNsoJMcKq
2021-02-24T19:21:39.146656809Z 241 aNP2WkeiRoOnzj4T3VsARcM4gVG4pN1RHtNiHuBsB7IfE20rpjVR0tq4unlt
2021-02-24T19:21:39.157116527Z 242 601ti23xs98DUrSgviW8tWqXvRBe9QblOnrlty7BMN2IMPLDZomaRY4aevBY
2021-02-24T19:21:39.168808436Z 243 kGDaxI4qpm9yv78wNfnBcRf5tH2pePatL0KmN3Sx0hqKLlY2Q8w3HgVd39Hb
2021-02-24T19:21:39.180091222Z 244 LVmIozvAwXe8kY69HRNx9WUPTj3NLpkramJKu07SoStgX91ZwwMByDODIU2M
2021-02-24T19:21:39.191315038Z 245 giIyy7WhOSPOFjQcsqaHDCU1orElcsVfXVa8fFSbMdMB62EDdetd42FLOsjv
2021-02-24T19:21:39.202462966Z 246 cor1Njx0O5Bz5hvZGdkwMlhzUUZx0WAc2nK5BGlhLk562oPCzoz2NernM1Tm
2021-02-24T19:21:39.213184710Z 247 8mYNXbV60AJKOdQtmkHYSgZVoMrhQtq87YKnRXX7ug2JzWmzcDiBGGZeAiEt
2021-02-24T19:21:39.224783563Z 248 FswqXruwBR3hLBWfbkQHCzkIzZVPhU8vTQW7j591o14NNUnwAmQAKXuhb7LF
2021-02-24T19:21:39.236570088Z 249 R3Z2hxZKLdUkAjhiRq9s0xJZXhfECxJBO6YIh06TOVt6U8MA8n683JG4HpNn
2021-02-24T19:21:39.247136346Z 250 t15pQRgyxhKu7tya7g1jk65k73VYYMvmZHDXcT77uFORUKLtfS3iQPSdYqCM
2021-02-24T19:21:39.258224914Z 251 GirIu8BADAXHs90BoW1R7F7YdTOtADAxHfLYWsSsjXXP14YI8RAnYm16IkVn
2021-02-24T19:21:39.269306512Z 252 yZ3DdwU6ky4og6XT4xBuacqIyfDNV4dfHQ7634Qe4dZZLaUwHYWRa9K4IxKz
2021-02-24T19:21:39.280688358Z 253 1mjOIYnSYytuGkJATkptokwjGSd2AneGYmahh2lhdXnF56WjPJg0l6Q7yMY1
2021-02-24T19:21:39.292966244Z 254 NbUhGdG708jRb2vzaRucVBdnpqPI6RffQQQLlmt1E4blqoq7iG7ct1EDh3My
2021-02-24T19:21:39.305294156Z 255 pPw9EECAEqwTQ2XnkMZXbJNHrtQAijsiB6UoOhBMppw9925o8iaHVyEEqhvr
2021-02-24T19:21:39.315713634Z 256 vdyLpe9DoU1sUDeXHZDeEEDw1Ms7FoKhG0IbfOEp6yrQtiddIO9QSNk4pLsC
2021-02-24T19:21:39.327061761Z 257 RTi6m0eSNViyXoemim08C9ojJxj20QuSfd2z2JtZQSJuDJ6cBv0sMngNRZJn
2021-02-24T19:21:39.338364303Z 258 f2wCgibhcciKl0ZWddlTZjSFKf0ed0y5cydD6lgB0FeRQovB79rNN9rnHp04
2021-02-24T19:21:39.349638900Z 259 8wBmEnRKOKDhjchvQcOBbhcYrJcouxKDcWZd7dziRFgMokDZbyXSj6C2VGJW
2021-02-24T19:21:39.360194088Z 260 Fo0kha5L8epxpZmKP8PJTVnfZ6QYqVmWo6skwgcr150ai8CL7NnZb9Bidn3x
2021-02-24T19:21:39.372172004Z 261 hvE9gs3WJbT0nuV1jlXo1ARFtxqbxg24SY1AnHZHTWz1k6gDUeJVJ1WgTniq
2021-02-24T19:21:39.381983874Z 262 5dq9RYNHfWCHy9HeiABnUDLBurfSmy2QJiQY1k3lvmjK14UNcQ7cqbhg0HeE
2021-02-24T19:21:39.393273931Z 263 jXdVbQcNManSWV9D2Ilwb2ZxZgnqWEoy2v4pl7AcjurJOS1eWlG4VIH1N4gq
2021-02-24T19:21:39.404797987Z 264 NdOMUqSBdX4HhAoSIRMDXR5ol9d9n8yp0HrZbeu1Xj2kIi6I5LvJJpmcYQ87
2021-02-24T19:21:39.416658292Z 265 ROSq2F4dTSFY3ZHlskHExH6SoFxu6snWoCVgHHOqUt6QKNujlzco3BJl9w2r
2021-02-24T19:21:39.428577239Z 266 VGwvRATqodqSuUPqxOnsRgL7c2LkxNIsS7MzbRsPRPSNDD92vzsqNTEAJeAf
2021-02-24T19:21:39.439813206Z 267 AoaC0b7lHEMN4QFwLutqd6llFAHBiWwAh6UYAD8CRazrWBemREYL1hksWmtZ
2021-02-24T19:21:39.452120718Z 268 0v2cWfKejMxburdy1sZ0taspoDLUKnMfWnVmSPHfH0JJXZxa9HOUvrWLL3SP
2021-02-24T19:21:39.462899414Z 269 N4s15JeSEPzTG83ABOLtELhKc7SAWlHlPgqLzsCPx4IHGwOod4qJRBIHYUQX
2021-02-24T19:21:39.474266024Z 270 X7RVwQLn8JJ6Z8ikVG5dUrTsB1ueCDnLWOzaqUWRy4dAnoenKUDhHXK3WcQ4
2021-02-24T19:21:39.485344112Z 271 m4InuhHbCHmme6MXktKwPi51rQclBVAmfORmx3oOGlBsp7ErKol60C7oJIoV
2021-02-24T19:21:39.496045375Z 272 wkLfxRBrJvg0KllpDjGaTabLG6uIm3pLYlsCPdmFTrhhXyAMXlAQzsgWnToG
2021-02-24T19:21:39.507916765Z 273 FqN0hSH12K9HlNW5bdVN4CbCXSds8PP9xJEfGptE2zh6AtSXX58lyi97A3Bk
2021-02-24T19:21:39.519376659Z 274 epne9McmRveBERsgBTWRogZptf4bKKWOYpBh7qpXnUlpsCTuY6qB1zEQWKA4
2021-02-24T19:21:39.530510549Z 275 aKhTBBsFt77qyJKazgbAHHd7gRqC9zhW44VSSbgMI6xSpLfkVn5h8y3gPIC3
2021-02-24T19:21:39.541831291Z 276 oZIfP6fUHcZGIuP61H5TevHZQPtfEO2pzWftr03QnTBgQxUJTV4LdmnO0g4D
2021-02-24T19:21:39.553286150Z 277 RgklS8X7d0Fx0te33rhcfsB6CLGCog5Uv8aI1foI1NtnNZb2yWTjNFNbdeUU
2021-02-24T19:21:39.564953370Z 278 d5947cuF6YgojCshXOECcuAc6pSpBhkU0mbM0NmKEDwkwuqTZqrEOTwxwEqM
2021-02-24T19:21:39.576412494Z 279 AZk6CWzXRmCPUKVtYj5rm2HH78LejB5EeC24yuXvzJfF0xWhvaRQkA3jgQFH
2021-02-24T19:21:39.587233923Z 280 Q4y7OQxRVOJiyi5pA3LFGuMRnPgrnlO2FQ0WEoBXC65yZ89COb8q6vYtwOCd
2021-02-24T19:21:39.598279610Z 281 kzObJiAUAsm9tV4yStvTcFQg8sKJrIdAfQ9i8584xcxjlxAcOLHpD265sUYK
2021-02-24T19:21:39.609318414Z 282 K8lv5k06SNDriYxsmp5ia8gTUfMU9JdUezhnBrsjQcymLbWzDniN6WR3LDBG
2021-02-24T19:21:39.620317608Z 283 mzXuCV3QCUyvgwFfUO1fWa00vza84UIJA6fx0QgEhIQrwI5ZnrWDFC9PMcuf
2021-02-24T19:21:39.631794039Z 284 ABmt7JbYQNIu6h21bB4ta3RAdj5U8Vt6zKXtjIGHZS729UmixerRNsTzuQHJ
2021-02-24T19:21:39.642692998Z 285 zontfikn0PyKRnXudr3lpyvhefYygtiozipG1ztc8FDWFJCKMQZUWk1XURa6
2021-02-24T19:21:39.653669176Z 286 B9CDicTqGz2DVTreaP4zU7xBwbOuzhiVI3P0xIyqXyVavU34d1nEneiUVMwJ
2021-02-24T19:21:39.664129535Z 287 QGxZz3msZ5TtDX58fDoPwklwx4WuQOIXd7qT6SXpmlktAEYfk7gqCbsXRuN7
2021-02-24T19:21:39.675368664Z 288 JjKjDj5wSlGVBuRUto0xQoyFt7yi0tAfhM2AF5gJU8uqanZE21MCmBa2Lg8S
2021-02-24T19:21:39.686551726Z 289 SI3cM3lz5gKFCUKJJUGdiOm07LmZ3q1DCvhWOt0MNGnKk8qZHIGvxQ550gAa
2021-02-24T19:21:39.697994329Z 290 kyyxxSg80aLSxuoLnVJWUzmvT3lhRsql1cjNwn89XAgrF6NAtry4qJ2y1kpT
2021-02-24T19:21:39.709419478Z 291 3NrM3yreXPysXi9FBWMWigYMBzEfgN7ByHzeWKqcAPAksspqTung0MrvqRQR
2021-02-24T19:21:39.719907115Z 292 OoH3wJx0v72muzeDgLt019tn8gXOKzXEfpzdv0kOlBrj0JxAgrFyW2Vsaokd
2021-02-24T19:21:39.731331677Z 293 4waxFzvKRSbqejsW5aN9Sf9moKit0ykjeRn7Z0tDd3Trns7CC9g6EVn6IxQN
2021-02-24T19:21:39.742718487Z 294 XMuHdZuaqd37c3zednm0gaGGuB1VlBjFHnPppepxgGOSEBaJjlLKesO74DgF
2021-02-24T19:21:39.754006974Z 295 P3CuQRpE6ctkPFieSP18UlQG0p1LD90EqHtVnPBzebNJnB5v8J2yCL3S90hP
2021-02-24T19:21:39.765594363Z 296 XcrLpOpUyFKC4CQcsYDtp139GVeEafKoLtqqYgiIozCnMOoqWmkzSF2Tn4L5
2021-02-24T19:21:39.776461150Z 297 kBpQev2qXy6xXcXVlXapU9QHDvN7CovLr1fdbAGYHk6a7W1uRb8LJWyEg3TH
2021-02-24T19:21:39.788078337Z 298 UsxphlEfPqfM7ylDo2BmHUDdDkhobpFlxxgb0gZBLSfgbIgJLLAG0cKvle7o
2021-02-24T19:21:39.799357771Z 299 83jQesemdJf9fWCUfELX8kLdeU6LwIIRgRCt3vIp8aA05k52QdyEsOoKHy2T
2021-02-24T19:21:39.810652360Z 300 mcE98nFKNBIgt8fOb6YzA0xWwFDHDsQQVs40X1pXF6N9njV7mCZqgFVutZdV
2021-02-24T19:21:39.822027022Z 301 1tFfdFiHL1rUZtG76xHF1r4ZH2lgNcZGZJAJO4Hc3yGPQJ6X6UoXkU7sRuvZ
2021-02-24T19:21:39.833650948Z 302 W3QExzkJVkdwZQVDJvohTuLgmxMhxAAvliZMMDTJkjvhCieRq0fFJUBLXOc0
2021-02-24T19:21:39.844327935Z 303 iKi1tQeXmMGyAv10TioraU7OAQ6YUII70S0wfcsIFNugpYOHgmSKRcLe9K0m
2021-02-24T19:21:39.855147625Z 304 RG1kQUpClvsMjAM9tYpA9vtW9bmpFqVxfJFGcXxkEA3m3fOnka1WZQiPJpfM
2021-02-24T19:21:39.866857213Z 305 rXv5rrzjaeVzBPkn8HlM1zfhvXZ3tAIooZY1wsDJoXZ3KQ0nV6eAmRBrAxiU
2021-02-24T19:21:39.878205571Z 306 5XNfjVondC9n2V14E3Vpi02ufBaAGpJudpdsA7QCC2SVRiAI0EboyyMpZhP0
2021-02-24T19:21:39.889419612Z 307 sCHRjtBhxuYfXxFV1aH8jEY9gSmDbWwbfdzRFZUOUUAFTx1K65RJsGbQorvD
2021-02-24T19:21:39.900689347Z 308 f2t9AGU5YTURUAEIASE6oiePwQFlXuBPDuTrPmE7Sb2rLBLLj6pCx0DnoPxz
2021-02-24T19:21:39.911153390Z 309 c9co6Xye57za88sO8ttDOsF8bgI0k1XOe1ROKsoF0tTXAx23JMZIepg7wUsu
2021-02-24T19:21:39.922906952Z 310 Tok3slFR5zs2Ukop5XscsmXbB4dtloPIRi3q0IU0kP5iTYJnHTLe2oSl7qd7
2021-02-24T19:21:39.934877119Z 311 M7e2GGOArSiowZCXoZqcI8z6b5hLGxHondHha0Us04OYBpZnHaI9aDUdPDvY
2021-02-24T19:21:39.946462495Z 312 BnrkTU2nTsuqcVtzlZu2wgmXhGBnf8D6jniz2nhi06pPRMa1BPfF1ydxiVLa
2021-02-24T19:21:39.957170481Z 313 3GuidEZSbfAfQsg2TNcfjQB4z4IoRpqQ7iZvcGNSaJZHhX2D09BpLeVo1VbZ
2021-02-24T19:21:39.968759259Z 314 T0iN7n0hY8bsvHewSLspIjYl1YamwiZKuXkUwF2B2gPUXf7Osu6EVjm2iQXX
2021-02-24T19:21:39.979277449Z 315 dIsS6Z9FGaPGr0e0c7FiFpyhZamoNNu6R9eLiwUwOVxAyzfjHLQnMjGpZ50A
2021-02-24T19:21:39.990834122Z 316 Zge9XKWhLf0qfFiY8AxmcRjo63dJRTWdTJvIBIG7YqzEQbHmcdWnYCbJWtQ6
2021-02-24T19:21:40.002355967Z 317 MccrvWAM1NGsYZCVNjWwNRcCCq7mqcHeQ1thEfbtju7XtFGt188D8S1HXohd
2021-02-24T19:21:40.013180728Z 318 tsP9jFOAICCnNS8lJfFOCokbNDRpZfbeTRML32RczXWaoCzjllfpu5bPhpLM
2021-02-24T19:21:40.024329668Z 319 TVheeCyw5ApI1SY92dzdQoRz8u9p3NLLlHI3FPwPqnGSjod76jDHbVVzsC02
2021-02-24T19:21:40.035647669Z 320 B4ETiBGBBSZl1EsCLXriEQ59NAKx7o0nNbgOHeFnAkCu9vqRpqXxIt4IAkO2
2021-02-24T19:21:40.046133339Z 321 joJWcdK7wXibR3SjkoMGAynCEAbKuN0EJzBs6pCbsyrJMxwI1ty1i5iRn7jv
2021-02-24T19:21:40.057955150Z 322 C3Yv0NNqO5YyRQ57bLOXf7yKPKCzhYhwThCHGG33VQvk73xzCxLWLynAF1Oo
2021-02-24T19:21:40.069553349Z 323 mcaSxREhQsCyw1CzRB0IZ9fYfjLh84F5XxkjRzeJZ8dlodNl5814OGaQ6XRG
2021-02-24T19:21:40.080834577Z 324 7g8JonAgKNyRTywBIxO0UzEw2Hl2mIZcM4lS6MlIp2byOF1qY11KjbniykFs
2021-02-24T19:21:40.091962472Z 325 GAjV1IYNOby3gAT50DspaqvHppUcSvyQsOZdpiA6ZnwL8sKaf0r82L9SywCH
2021-02-24T19:21:40.103410870Z 326 VZgfeuUCxuFYUwP3mJ9NZb9e648KNpOJ43UpqMGxZeJwHSoKL479SXAHx7WC
2021-02-24T19:21:40.114246287Z 327 kx4y2tUSSqw8U1LKIi0eElGOupzrluyXt0ZNtmuk81iWz3lBt5aM1FWZyVk3
2021-02-24T19:21:40.125875190Z 328 fPN3JUUvw0PZhlKOEHbLq7lLoJpSZq81Fk3ksuP2aHCrQas65sOAM4yj4J3R
2021-02-24T19:21:40.138472414Z 329 41yrEy4CofB7DSRlKycD9Pla6n6jXTFAme3ywrcpwq3GXmERINE6FvlHzOUz
2021-02-24T19:21:40.149103498Z 330 GgiaEWdCZnJkQqFllpGc2ptgOtmcgfy2paTmTUResrlCZHVXHae3ExDThVP6
2021-02-24T19:21:40.160371247Z 331 KYtpLTAP7lJPnvYoW79iAMqhcZiGZcfzSiRXhCZbwJfQCaz89P9j2djotPyi
2021-02-24T19:21:40.171702554Z 332 N0OImS3GnFQaQX2v4Z7QsGqTCNgvJnJBTTh2nirk3358OJx8fbGovRl9Wu8d
2021-02-24T19:21:40.182533232Z 333 2JaqzVEw89GgONP6grVoCg8scHDPtuwp0Mg8LlowdpCC575t5VF8ctEvCHAS
2021-02-24T19:21:40.193262763Z 334 qev9fAPVlm0e4S9BVNpfXflI0Yv3BmOJeJa9bxJiS1ad7y6V1KDG6yBlYumP
2021-02-24T19:21:40.205062393Z 335 uz83yeFEaxTZC7XeBAuskzU5O7vK8LzZZTHKPhbxFZG3k4U513lXN8RZnUnH
2021-02-24T19:21:40.217618522Z 336 h6VAYbD04JHDLn3RzJMrpuEtFjd1NmBNSY3k9Bg74ekhofr6o5VbLmFVdITC
2021-02-24T19:21:40.229116976Z 337 sWkHnPZw5v0reOOtqhPkSktkjaqMFRlusXYg7hce7gGtzxTGg1usWRMeLy8K
2021-02-24T19:21:40.240307012Z 338 bQFshVV0OsExEQQtIDzvV35wSPaKLzy2GfV8yvLCPW1Xu4Wl5YShzvCvKiH6
2021-02-24T19:21:40.251644090Z 339 cNlEJ1V9nezShdDn2WDEDC1VLW81uNN6TlmUJ6PKd3I1Y9TJVUvMY7RCLVnc
2021-02-24T19:21:40.262664788Z 340 PTBq0CdgBeuiUze6POWg0Vux8J3QywnN50jJECoTyaFhtFPuJH6oFSIErj1Q
2021-02-24T19:21:40.273656395Z 341 fiE86EqOVI4T7wm7iDY5OMEE7QU7PMMDOuh0pDfA5rY62EhCrcGjUvZ8dWfA
2021-02-24T19:21:40.284560245Z 342 T9UebgRxNj2DWuvXN5aeihuBPBXZ0xg6oePD8CnNJwnNXzis4jFOu1jFqsTh
2021-02-24T19:21:40.295009645Z 343 lb75OxhBSI1RsjGFfrKemHFH7CdFus2YCDSoeGnJxIwuG0pdKfuV4G6bzPRq
2021-02-24T19:21:40.306155032Z 344 Y2ZeV9mDnR6pXfD831IhwmSuZm44848hEKGHY0raAfp7MeUPLRPb3BHwaUzn
2021-02-24T19:21:40.317484437Z 345 YB4EdoEvurlaSsVZrYVwk93l5gdQjA9RGF1TnWPQcTxwkd8ozOHxD2pdp5kl
2021-02-24T19:21:40.328068968Z 346 9VFBAoFSDUBpJN4CZptNOltkECgAb9NXt0h5OX0kka07oRX49a0PbLNtbI17
2021-02-24T19:21:40.339571330Z 347 tfmCGVmoG9jNHSdXGAWxdzblKDL2uJW739t74vMsBXE5R2Trc97pRrZPW1bU
2021-02-24T19:21:40.351448665Z 348 8inX1D6mN2HVy0nfoue7jM8FlPMeEy7q9ig521dfvYi0ewZE9zHU5ffBsZNt
2021-02-24T19:21:40.361890079Z 349 BkGbQetdysV7WJdigdHIQmWAZlS21OMFfRJ59WIWAusoldU7X4amZgxJSXSk
2021-02-24T19:21:40.373157825Z 350 PRHGRqJwVIayzNBK6Rvm3CSIBPPJHfDEccUvdIMipoPzTVi11PsOf7hRNRs5
2021-02-24T19:21:40.384685347Z 351 FkqTaNDxFbiLdcelli2j8PzzDeBvZK1yYhaVcKEpiaPNuxBdgEmLtIKCOnne
2021-02-24T19:21:40.395408203Z 352 ioXOllM9zZp1BTQBeQ0vX6zGl5ZoNRb85OGmVxwZolrYm4t9PDeXKMkeuiHH
2021-02-24T19:21:40.406244782Z 353 keXx2wI3zpkqIlbWNrm4oy8U9iQOE08FHT9XU1ScUyeOpbQ7ZATdXM6EVZG2
2021-02-24T19:21:40.417458872Z 354 998UnZrLxL90o6SD0DawjqobbxQaAYzqKdUnbtXip0Q9HwHKq22ydTtxZ5Bi
2021-02-24T19:21:40.427921755Z 355 iYOaU9jznRXRI2h9OWaqo5sMr16Yxc1jnfNDz5q3ldQyjRpkgjiSm2aXTuKw
2021-02-24T19:21:40.439497510Z 356 A56ktf8CcjTeDX4gj35tlwFcobHBPiQguPWHkAHH7s1NDIxAP134ItunUFeD
2021-02-24T19:21:40.450500372Z 357 9o5VvRrWySPhVFyZttSS2ATdgKFJoAwivmVcI5h8xZAFKbehHLtwSgUSc5n7
2021-02-24T19:21:40.461231632Z 358 BtbNaDVWs9mwk9u6MdVwn5bTZE1cRbgOxeX69URUNHbP18gCaPLPPFYjAEBi
2021-02-24T19:21:40.471936132Z 359 JqPwfKeFnqVuTFrprJdVZOg6hQUGNQ1WhiEjyjdVfQ6aJ97bUA8ekUo7tfso
2021-02-24T19:21:40.483568777Z 360 QCIlL7DJvikedu24TI2u77PUhomwHwiXF5lP6So7ThwWJe9yoEkos0g7U3VO
2021-02-24T19:21:40.495071390Z 361 s9tiVO9yN4bmC1CGLohQHcc19FTKz504OoJ89D9jDMDMtmrV8K8Xap1Ov1UF
2021-02-24T19:21:40.506956257Z 362 vHN4CH7XUUZeDAjF91XryVU0O6r8XztEDB09rJLRiRevUx7g0grq5RuTpzUt
2021-02-24T19:21:40.518306127Z 363 DileK6XwlGH9vRqYNUJWD5FU4C6Gme1zLL8LLAKeQ102CyoOGS1lsVIMidKq
2021-02-24T19:21:40.529611811Z 364 3LEss3Bt2Vyt605p6hDUW1vnPEQ2b0Lg2RyJPHNeojV9CLtjuJSYEA6R4mH9
2021-02-24T19:21:40.541130598Z 365 XHpgl5zoCQJDkvSFii5ijNYljfSfyBJeSZ3udknVtcBODjPRf3f6nF9FZ8aW
2021-02-24T19:21:40.551999954Z 366 h0jc7jiJ1g0ItANADtGQNKabsyf7vwWxhHquKlMArrEu7nmuMvwco2V1zERw
2021-02-24T19:21:40.563752967Z 367 GDILSz7TJPtZRqULBmA0X2hy39nx1GjlIpcBRhyEaPy1jEWVQxeo4owINa1S
2021-02-24T19:21:40.575361374Z 368 1o2FB1nOUzJrafiKvsAVAMBl14FTb7xAJQqqiEciSz0cFxWctIuoOeVNyIN4
2021-02-24T19:21:40.586444120Z 369 xiD7D3U5cxdAVfl1I7C1boMCBGlu8728xgtwrsWeXtsnTHjTr6Gs9SBSIkD6
2021-02-24T19:21:40.597936705Z 370 BHILopY7Ji4mNs6Ho4QRyWxDzDfDklA8AByu4dOdy7rzGd5tpXQ7bbylZOFh
2021-02-24T19:21:40.609643931Z 371 nf4LB5bCGymFtED9pLDUbld3cG3ezkYR5nnhBFKIbfgt8QAAxulfrOitxUBU
2021-02-24T19:21:40.620238075Z 372 d7P2zyq58vklbUYxHTHaTbjbNDaIFqEq33EFyLyXMPWBZCBGG8By1i05R218
2021-02-24T19:21:40.632563751Z 373 i9iN8pu8QO5XRXVxfYmrxeXmxkFIL60Fm8LvgQ1WPWTKjYWhobwPVvYGshFG
2021-02-24T19:21:40.643126619Z 374 CKWQj2imiRQaCIn7D4ci8r4ZmumOj6xZd8n2f980SNgrPxVIjg4DYWJ0Lvvi
2021-02-24T19:21:40.654319979Z 375 Mod19lN8NtuXyLWk92gFJbsc6bW8O0UW80ZEmUw6S5gXMTTdd49AuWChEhk0
2021-02-24T19:21:40.664993694Z 376 bSJaIaEMwFVC1SkvgqV0mZVyeI5STbB2czPfSvePoboGvGahIqnxXWIaTEzB
2021-02-24T19:21:40.676545614Z 377 TFnkB7XlZTItikAYcp04qBvhkjkUWZX1KoS47YwA0zcwI5aJdqdg5TL5kvQx
2021-02-24T19:21:40.687025077Z 378 fED3zzMgU6KgKgbNY3xm1YNANoK4zN5lP4deNQOqd4Coj8X4JD21ijrAOXZT
2021-02-24T19:21:40.698522944Z 379 kXQnXXRfNQ0OPKCQQu9SuJvd2gx71RLYRUrIWYlS38egigYSfvoV9uHahkba
2021-02-24T19:21:40.709715877Z 380 2LC6QXYr2TzxpIZgeW2pIZr2KGrGdtRVjFDmzLVAs3yvEJU7ef7mGZZscRpI
2021-02-24T19:21:40.721845527Z 381 yOP3NLlf0Xg0vkS3OdPv4bPVaOSR6wAFJva6wskmSIqEm1IaLJPuKeyz7b3C
2021-02-24T19:21:40.733357931Z 382 eNsU9QxkHbfqeZS9b1uIhytT0VSEj4pVrmAUUy72TYGT85U76L4ilZHTxJiz
2021-02-24T19:21:40.744421872Z 383 8F3DXJx77WsLe6urVKWteoJ0T0PlTdhrG1cKFXtPKQseQdZRyrckxJSM0Ku6
2021-02-24T19:21:40.755433177Z 384 j2yRk8jKO3YybcoikVBPjBuZ2r6jjsQ38LLbnbKWLzW5jrrJ4PVR6HTM88sY
2021-02-24T19:21:40.767301431Z 385 rzV3gw1NBrOy7V0JImGVhfmck95JMVa9dkIpA4WlXH9PIOY8vagDB8ngH8wC
2021-02-24T19:21:40.777887770Z 386 IRKyQq8PHDiS9IXXkXjeyPEFxZnKod29xEOPuYzJqJUejuiMd4RCEvyu18x2
2021-02-24T19:21:40.789132723Z 387 8lg9uejzwsWPBU5wVzqXhTPXz7H2jowwROgJqQuDcmtK7eSj1AshwACGdjaw
2021-02-24T19:21:40.800564340Z 388 S4PXI1lBgfziBnYZMVdvltgiiDzoLuBgkMpdsNYT2leHRt3qoV7I1kVpbTuS
2021-02-24T19:21:40.811965788Z 389 m65I11f8ez6iL3xnJHPdmHVC4I4fFVHGZ2lKZ6L411Mb1ADMyMvLQriYuQHg
2021-02-24T19:21:40.824140160Z 390 ERNFi7kKONHd5WlIZZu97HIrR0CFZXvzGTb7z9N9PmXGyV9DxVsQzDgoxEaN
2021-02-24T19:21:40.835044535Z 391 GRJacEuFwgBwoJV8VyPU7XlKDnTNl0EeXiePTfn6LBNphjCC0v89CGDoQGkn
2021-02-24T19:21:40.846008631Z 392 oMxuLsMAp88sF4sG99na14cVHg1lghVUFCw84hNOKbDMe6L3MV25Yqw80KLZ
2021-02-24T19:21:40.857044373Z 393 GxeyS0BzWi9Trgz5jFhv9RBZ0Lrkcc2mX9z35OxIZqKnh18yuSdGOeuYXwur
2021-02-24T19:21:40.868754977Z 394 vMHeNqXDIelN2yPuxKki1Mi7vX0u8pDF7iuca5ohd1or3g17Wy6ctPsyAQE0
2021-02-24T19:21:40.880873342Z 395 q5IZ95z1KJnp46shs5de4b8dg0bBRgpqUXXYrMYDuEP9N3oIOMGTBhU37qBe
2021-02-24T19:21:40.893008276Z 396 uLFboqzlbBl8rCiQhNLwenJjwjg0JpYZcfJAHKeI0A9J0cb0cww3VmN2NlMX
2021-02-24T19:21:40.904544409Z 397 RobaaMx5DynBuN1LOksJtclx2duMVr8JDHHHJF7Zxpz3v3XYhK0FGuSfHh5u
2021-02-24T19:21:40.915142728Z 398 6ns5AilC7RnfMNZ9MFcYwE2XEDbANnVsuw4tBt12oCADrqlyqS27zd2MkckA
2021-02-24T19:21:40.926476009Z 399 mYXLUuOZZDOoTzW6iCPoXxsPM2TgPFp62gchvDhItteJiWI8jwVexE4pvll2
2021-02-24T19:21:40.937663279Z 400 Bz9fTBuA7SQv1AkgUJk2d1pPAV2044DERfjtplF9Uz9f0o7o5wH6iPMDm1Ut
2021-02-24T19:21:40.948091493Z 401 4kD37CLaIjXdWQIdXlxRZmbOS1u2uIkUoCG6rcSt8x3uKtW6a4sQ13FIczqF
2021-02-24T19:21:40.959832542Z 402 Rjpn6qgKIdsMhoUrEXOD3Ydy2rFwVuHzptF0ePzl5ALFgnkFo2y7naiH55El
2021-02-24T19:21:40.970840076Z 403 7yUnpqeNO4ItkazvQiwNeYuLAoSlXuW89OK1TyJIqjAu6xeDXvOhmzzYSXYZ
2021-02-24T19:21:40.981304267Z 404 c6CNtTllGNxegnInjpu6g5w8qF0fZaY8SlmUpJmzNPICom486UoT0J4JgQyj
2021-02-24T19:21:40.992038611Z 405 JZnkCZ9cuVRAxzgLf1EXESSc6y4KnYFb58rXhEGRqKAY4RhY9oGDadRnqLia
2021-02-24T19:21:41.003377139Z 406 b3Fhmi2cDZvqHKB01u3EWzj4XGNWzTeALPc77sQYIgFZddBQyESKyEtrJYdw
2021-02-24T19:21:41.014735689Z 407 A1smlddqgMeITf0pUjZyCYnMtyXfOxoCurEErBYZv2V95cW2VgKhE4oGez0L
2021-02-24T19:21:41.025515850Z 408 NRBSlXmsGtm3BSJBnavKtW1ZQDBYLClBgPIK1BVFE53C5jucwOA2FHlXd19S
2021-02-24T19:21:41.036505405Z 409 lDpAWUZvJrwoVdBdI0GIVOzuPcSPRIofkaV9dVLYp3F4pzp5zsAQkOlllb3R
2021-02-24T19:21:41.047284007Z 410 k3Lbz7U6whoLL0n7NR0vmyyxzLrSvhjJH08vwIzWAW1yaP7QH7EIkNRCXOU0
2021-02-24T19:21:41.058245355Z 411 f9BvloFEgQ4mNT9ReiNeIo5KJpJIimbS61QZAImYgMfCiLHTGDULcjGfVAs8
2021-02-24T19:21:41.069304742Z 412 V2IE0AUQQtKwexp3vv4GNUrK9AogSOBg3NJdBGXTpbH3EADCVIzwSagnpAM9
2021-02-24T19:21:41.080318302Z 413 4PnZNW2QxFdB8HdOYCCjrdanFL9r2cH2d4fThy7Il5VqKDN9ED4a3MEeI0qq
2021-02-24T19:21:41.091795766Z 414 3mdagMiyzLnDFsaawZ7pp3Fb2z3ZFdmmAs8V4z1BcNBqQOgEh8I5OHE7hU21
2021-02-24T19:21:41.102445522Z 415 KP3s2dYzKNkarW8VK66UtvFVYVeRTiI2jIzMunrbEzZYB5dnCsoSLjWfMwyd
2021-02-24T19:21:41.113221365Z 416 YvHJYe9NCFdzqSxeJI1jPelKh6n1KAcokw3AvENJuC4kxJnUPpNmUyWMv34N
2021-02-24T19:21:41.124260295Z 417 41SMqVdd9N0RSxxbQ8zN8YsFsX3aIp38ZxJUgF10zUfZqUuwEkEHVm4IM5O3
2021-02-24T19:21:41.135304967Z 418 DUt86TNQk8Wa7LNOaKpLKsY6DN8P0eEav05SGw4ImXtcQeWFa5tqCL57xyjQ
2021-02-24T19:21:41.146343716Z 419 ZYgqVzBuZCpzK2Ikrmzn8MKSDwKjQipavviCw7uh0zRr684ubgkUZXzbfdBb
2021-02-24T19:21:41.157555615Z 420 5jQKbzkv2jOjXDJow0NWYqy5rV4BXDi31HGMH0BOrsKEO42eKacCDM0ZCL91
2021-02-24T19:21:41.169090217Z 421 oWPfGriuS315rfEG1b0SzrBpPyO1naFmm7vVaRB5TUScnOif4VPZPoKgyGFB
2021-02-24T19:21:41.180580622Z 422 K1J5uSd0iLlWyMe0dpkrGuiqK6J0xU7AusXCttJrfYxwN1afVcNgMHBkrRXs
2021-02-24T19:21:41.191334013Z 423 Y9rnmCIWxZCm1nGUCSduec6XSANKo747xJCqAbISfoLehY4g8tSPSWHGCovD
2021-02-24T19:21:41.202691238Z 424 sIvbL1fhlqQNd5iIffE1zyC3gXSbOr7MmJCZAkJFCwSaeWc1WKyoer3qPChH
2021-02-24T19:21:41.214115737Z 425 GTEgsE3rwjmFGReAlk0elHHEsX4JBAoaPqPYLppbkB7GtO2vzc29aul8BJE3
2021-02-24T19:21:41.225415396Z 426 UlHA87A63HiZdwq1PyGwcClI8dZXN63YuvOQboPKjkTTclpeQeGN0bH57pQN
2021-02-24T19:21:41.235756683Z 427 Wff06pZ1uQWH4wjdCdCFLd6XrObiSi6yQyUAGSFOuaothxwkFTw44JRUMfNR
2021-02-24T19:21:41.247045368Z 428 Q0MbPEbG8T8F78yVHuHfJXNNp6xJ0xDhBrO0vIp4adQo8RkfZTnDCMWDUJtE
2021-02-24T19:21:41.258259274Z 429 UhpCi2JbwdhzAZ2PRK8AIAaNLOPtNVDS4eR8B41fwynhUuNT6IIhcdkOzJhH
2021-02-24T19:21:41.269214001Z 430 1p2oKwhdBd5UfoeqP69N3DSdsu0AgGhrtv1JoAiKWFXhEahEohfimP4iok87
2021-02-24T19:21:41.280297313Z 431 MmMsrNlu1gXgolUqpSmPxr9b7IBnZxNsRhwRXJxy8NKaDfQW4aKqDXWi3RvE
2021-02-24T19:21:41.291747396Z 432 RevvpyBwoojI0MdPqcfQ6kZc7zXhlCo3sqFSCMrx0nilQ83ZiPktyBzia6YD
2021-02-24T19:21:41.302698116Z 433 uFmbtFwaed7jihkxcBpuAE3G6ignFfDw5afbIQ62TMIpa6Q3kQ5SuVEeyfYI
2021-02-24T19:21:41.313374386Z 434 1mWsy3Otv78y6binBTcZxDAZzPpNWVLvY30wvh8HkikKen1CF6QZttC5FmQk
2021-02-24T19:21:41.324560620Z 435 X8J2LT9WzFFqrfKSZSREB0Cxv6bceNCHGOYsk8FrcqB6In6aLkB2hoNzrZr3
2021-02-24T19:21:41.335028385Z 436 BW8UFbCMKg4lbKeaNkXuBfr8zs4u95KfSOyHHzo8qMUq1tabr4RUstUFhnoz
2021-02-24T19:21:41.346352865Z 437 ZT4tkCQrdKudnt06n9BC2GCaGcZlL0ZfzmdFwZZ2lZ3MXqFdUtu63ny44fXx
2021-02-24T19:21:41.358275012Z 438 8jlqzd2tetymazXFneo13wQKzdaIGx95XXBgcVv7G1wYjHgXCxhkTLoNHwTV
2021-02-24T19:21:41.369458860Z 439 wyIH03CoCN0pjQBeIQgM23ZdteoE14Pc9AZbC9DkxKJnoTraTlCIZCP26mcc
2021-02-24T19:21:41.380752268Z 440 xRpgAXJktFL2FBX1DGA4kvZDyEyFiozn1mkwx3sELBdsi59fjK3tE1hGymSP
2021-02-24T19:21:41.391704126Z 441 UmV4qNzDbXh2PtgXdkKpoxoHne9ZZnNULpvxKashh7aIb0MTa915w6zdQE6k
2021-02-24T19:21:41.403296263Z 442 cHCMkpIVKfFqn8T9a5TlUumBakcum3NdgSPBNCaOOKnYMzWcYrYTdgC6krjJ
2021-02-24T19:21:41.414013535Z 443 exYXFPDG5ALpyJiM9CphHwLbWV7LAKAEy4PKKZTxrWxZEwsTYOy0DYOdRUqS
2021-02-24T19:21:41.425730223Z 444 2YHaQf5BlcYgXVdkBQ12yKbVT7qPZkpciG5emAxFGypqxGSemtRzPZHCoB7g
2021-02-24T19:21:41.436363572Z 445 xUeiWwtfJhpN6sjygBeaeWgXl3l4HfNxztfI1DqqpKBIAPjSUoTuZ0BcrKpi
2021-02-24T19:21:41.447036671Z 446 7MpZIfffGByOCtJA0bzSFSsbXfHx2ztZ4M7hlqJNvXXYWVtURw5B5S8kKDOR
2021-02-24T19:21:41.458948096Z 447 f1L2hHTyiP61IIxQZqJWFalfKHZib1K0hvU4LwBGbvqITtZhbsO0FP2xitqB
2021-02-24T19:21:41.470842041Z 448 ffXgbygtty4THdxyvOVWL7Vdv1bA1uKed89KxZSEWjue4oBji2vUk7wQ0Dua
2021-02-24T19:21:41.482822840Z 449 RHXXrFR6qsg7xW3kFR0TS010goBx3tEM7Av09temiNSeIkriRhIOo2eIOs2W
2021-02-24T19:21:41.494203777Z 450 7P6wViXa0q39esyHEKxBTCpQspd44QJmZZpJoklZBKDixOlYgfHif4Okyhqj
2021-02-24T19:21:41.505538278Z 451 tVVCSI0XgLAWjdwojl8MLtfkPBWCETWlgyfvnSHwMG6MaS7Kc3sNy3pUSQKZ
2021-02-24T19:21:41.516401586Z 452 7dgSnm2ObLeyKFKcZMnjw2b4OVy9ja79oCBqHrCHew7gLiIDyqrhzoR8dUUk
2021-02-24T19:21:41.527862945Z 453 yMAOigopZtOt6T43ZBdKBRodjxvrqwc2TiocdzCZQU2VMC4RxBo678EsUFbF
2021-02-24T19:21:41.539315941Z 454 zRZzhVnl3U2pT8z0hPURDlesyitpkrfFr0DWEjm8dZ5G8yspp20nRtq94Xfk
2021-02-24T19:21:41.550416230Z 455 cP61qSyygBMEUjFZdnTaKz7M615ACxu9sAka87AKQ6beWoDdG0iEVjFpoc18
2021-02-24T19:21:41.561952885Z 456 HPGbE8qtnOwUbKNssvs4nZoy6jEPIZoGBbnUcH2FcfsUl6NzIh847yGXXM1S
2021-02-24T19:21:41.573472902Z 457 KZOrtLNjx2OVdsa5A59k7HN5cln7pupX56mFth5mTN1RwT3T0T0NkQHbvdUv
2021-02-24T19:21:41.585048742Z 458 wHi61reORWp2ylNrHB8bYJEyvXOF98Dclh3EGAILz12Bpv2tBLahALOujMtx
2021-02-24T19:21:41.596617288Z 459 MseRN20VTeEVnkrqtZMT3MD9dM25gMPFpnzuG6LVpEhYvWwhJXL5JKzJ5v5e
2021-02-24T19:21:41.607146035Z 460 80xqWySY7I0OiEEEOUekTEa04XawunHQuhXDY0SJBTRvox1KkRJVHlWZgfpR
2021-02-24T19:21:41.618645715Z 461 NoLNB4DGdfzX5jeqw63M8Ba3pc4nx2X1FWBvYEtXb4qPao5vt3THUpAnucWA
2021-02-24T19:21:41.629026170Z 462 ARPr6WqU2oeFHzgYep407Ruhq4JXP1ZrDQPygwjhP3MWb3TpJiPGnxZpBauR
2021-02-24T19:21:41.640945035Z 463 US5oxS8g5m1RkJB27YTrrFc32mVGgfKlSE0PmoNp5Pdbi7OuIzN2iaSYaL05
2021-02-24T19:21:41.652164473Z 464 lzFLUU8eNcYoaNB5T4uUjI6Ukw3cAfbD6lQeZHmJVLOUWMh7kWrHqrJ4Ff8H
2021-02-24T19:21:41.663212925Z 465 DQj3JiJYY3YoL9TO3aONrxZrlgPlO28VRcFrjm95WrUwTf1H734omNA7Gmib
2021-02-24T19:21:41.674821901Z 466 EGMZrPvk0Gm2LeFbbO2wLyP7kdxfojvRJUKYhA7oXNJILufrQx9ekoYb5K6u
2021-02-24T19:21:41.686545507Z 467 BTianqzmKXXfaUY7anJjZBDI3VLhG7OHWO7VoMOHFrHW3YFTjLRYPLADZluD
2021-02-24T19:21:41.697079079Z 468 88C8kuAND1ezsUOWRQf7hJPOfMlwkqn2BRdA6pz2PSauqamzQyZdCpYh6fPP
2021-02-24T19:21:41.708629478Z 469 v0E75aVKrPGEOv3YSTm618Pu1rRMHoACfPpmudrIj7dVqKISmh2mD30H2vzd
2021-02-24T19:21:41.720696970Z 470 NPTQXBjxtx7E6th0juUGpuRvTCrb9wRE48PWjfwJQ82XxdFzb8du4BhBa07s
2021-02-24T19:21:41.731458392Z 471 mIaTnNKKgDfIJ01HsygINkmDXSneuPbZ8fMpu0sfLEqNDENXCB6FzdyUuJPu
2021-02-24T19:21:41.743144644Z 472 OQvdSQZ6xdqOUaeWAKfq0Hh4ncNXg9MS4zEMaOHHplhCINsamD0Y6Uhu2Dj9
2021-02-24T19:21:41.754255423Z 473 ADjhNH71A7bcM5yyqP7p3x8bm0XO6TJfzOLuoLRuKO5jhXzL7sjFC5NV54fb
2021-02-24T19:21:41.765524293Z 474 WKlaDGZSwdvy4wjUZ9F5Wqpwn7gc8nWCOBd9mEGqveaw5IIN1TYvfdFud3z0
2021-02-24T19:21:41.776020112Z 475 5lQdEUG5gQWiKpSaU4NRuRRxoOSRUmXGNfa4Jj0VMycTgSIz1wTcCp9LjYNH
2021-02-24T19:21:41.787549547Z 476 X9wPfFChDxoNEMi2RpFNdcwrQ8SeOIMuHhOwRg2YFssabFnaKxdiPa4UPb2X
2021-02-24T19:21:41.798408285Z 477 C3N29H5xhbr9l80FwqbMz4jnrjs2zYGGuGXbYYHATdbspQ6mV90tDl7ryTwG
2021-02-24T19:21:41.809214266Z 478 8Ox5hq8c9whMYniHkg3Fx5V0w6TvbFUIptbzs2uri5PRDDSF4KJfJdhMB5u5
2021-02-24T19:21:41.820331131Z 479 B1VOR2EnJqbONnHliIq3fHaN8cdP5qBPP8u6touN2iVT7TSEB3BXgtAfIdKJ
2021-02-24T19:21:41.831550622Z 480 7XQEUnCUviwTGsgRajivkFIhl2mCcB5NX9HNxYPKljd3JHhmIGltq537Rhve
2021-02-24T19:21:41.842826679Z 481 hWyeAFGvtL9jFfg4L8fLUuqS2YijNdW2A8euDu2xC4zdoBZRCxOlM8JDV43T
2021-02-24T19:21:41.854717188Z 482 i3RRGr9d4DmGAbmiUN6Mx4NuKxbkRuo9m6DKdckdjCz6V8o6VSjAWJWfSKLj
2021-02-24T19:21:41.866385539Z 483 nuv3MUcaKLkT54fFHSWNGPtJcGYrnQPyoPf1aVKmyFZ9Y3U9dWZCsq0Ek1OU
2021-02-24T19:21:41.877996960Z 484 gkbDesWNh5UIQ26bVQKZDBHcnUbnV539mCO8as8RDZZzlNoEHGwULKXD2hJ7
2021-02-24T19:21:41.888821989Z 485 GHQupiTPhiE95a9rTDPMGasG2NtGGzXR9yKrBVEvCbpEe0DT2Bl6fzx6pDtI
2021-02-24T19:21:41.900317905Z 486 rXLSdBGIJpzWOFijGoCwpAji6t6dahYNF8ZR4xq7WVRQbWt0P7QwWaSTWGla
2021-02-24T19:21:41.911632174Z 487 WrPcaWVTOZBoc2H48aHRNhhKM9au43MCSLTedpeURRf3Iveq6LOs0w7cpov6
2021-02-24T19:21:41.922377243Z 488 CE2CrdZJGDHo4mR5HLffqiriuGhv7u2AtUXq9tjMn0eGfJ6VbEve4whNqoIn
2021-02-24T19:21:41.933464638Z 489 emOhsjp0HnaDTq6UtwCmHVWASODSIc1DvcYxBqzMMEc4IAuPZN81S5a9Qo7a
2021-02-24T19:21:41.944605943Z 490 D0RmViAUW964uWpozOsuWDdR2RvXD5DYIgRhhiXFgwDMMoRYAtAfT66GUUeY
2021-02-24T19:21:41.955039044Z 491 kMHgU67WKr1zqldLUjEdB1GC7VYtOhoPVkC6FMUfjKSP6IxMbBlVhkYonPkh
2021-02-24T19:21:41.966823429Z 492 J19zp8BfrNdGFekjxi3P0G5KbQHqsku2p8OxpNyUPWiodYZUDtQhokWJXd4w
2021-02-24T19:21:41.978249769Z 493 T163voCTh9PBu2csDpL5HLCa3pMIY3f7PDSg8wIvXAQqEQnzpAucTkGIumtV
2021-02-24T19:21:41.990005551Z 494 OCZLJLBk42wdC2IrXZfT1WN5xYfsRw6T2MUXESfX7OjcRhWMRbgNz0IVZ9Qa
2021-02-24T19:21:42.001787784Z 495 tTaKet7fD6Bd97J4PE26ABYaUgf0d8g4vyjgBP1XG1HV57EdDmY0tuFW8ZnE
2021-02-24T19:21:42.012958934Z 496 oEGI8c9zGSQcBbzj1mfSu4vnjZT3Lf9aqW84XXxX1gZCpXoGJQCzrmSf9QlQ
2021-02-24T19:21:42.024622152Z 497 kfQp0eyLpvLhEphSb9ONMdsQelVUiMLPKZsCPkaYNDSZFSPhI2DlsyBE5Qrd
2021-02-24T19:21:42.036762781Z 498 sryaAVyX4TgJFyhLrXCRlm0pDb8nbaJA6Wq1lQkwfo37CgImYcYj8TP214W1
2021-02-24T19:21:42.048132918Z 499 7a8o5reKUbp2s4XNKdJjeVkvaEePqLKLOy7GTqCPQAcwbrHf15RLvqfQisyE
2021-02-24T19:21:42.059688866Z 500 5NIDpy82vqk8zZAweiptyYowlt99x5YsGow0imPKjmLJhqwfANDZF0pEZ8uf
2021-02-24T19:21:42.070933057Z 501 xzFKIxSYUVRh0HxZU2BnuqrXuVtt95ec4dTYbcDj6gehUs9HKmsRJu5gvQjD
2021-02-24T19:21:42.081964447Z 502 z6KeyGSLLzNb0S0ptIABiUDxYRfnDBAiaQ5QSiYF68o29U4d9fEzlgpVv0Qi
2021-02-24T19:21:42.093384248Z 503 ApfbkDeieGxpqm6Q14vZAjEmRbmXJf3PB7KdQ3tkz8fnex12BKrYogQ9cUzs
2021-02-24T19:21:42.104713082Z 504 0dZbfMkfxokxHmxRznqXwDEdwX8bKsNA1VwHk8RwKa9kPxBTWdIlFC15xSoa
2021-02-24T19:21:42.116002421Z 505 et1o3jRlrjmBgx4zs3gflvTXU9qooPw7cVNmnWKmf5x8YokU7VZmwimvQaxA
2021-02-24T19:21:42.127498651Z 506 ZZZIt4PoOnOv3aU0Miq5qNYDL3DsencZitIUb1KeoZaANRL6qZDIKbcpGlDx
2021-02-24T19:21:42.138222257Z 507 SRUCWVHcJTvBt6hVazkP1v7d5tRQkK5DVemQK4C5I7rpz0VqJyDQ4v1GRzaj
2021-02-24T19:21:42.149814588Z 508 KTKuEKg8jGr4CiG1Xjiem08liEFfBICNZFG1n7gPWyAgo145zF2S2EL0DA5S
2021-02-24T19:21:42.160262306Z 509 H6BKGaFhZYRz9NRlI3PSt4lpU8pNzf73dhx4SAi6xAVtpYQcpn4F1tYKsIRI
2021-02-24T19:21:42.171691593Z 510 IA2SSqK3xv3uLV85vEnRUI4foqtpyaezROyj4Yiw39swTmsuVwK6gRWOI8tW
2021-02-24T19:21:42.182029423Z 511 h1zU00afxVEVIQYfRTf33QTEO2ey4wHujtyDHbSumsJEiy5YrFzIgK1tlo9h
2021-02-24T19:21:42.193344230Z 512 7xrnDJQJq7XpJUk5RFIGV6lDqnWxsu3T2oSYbuAiLz0N88oPQNX4rmpVqUMa
2021-02-24T19:21:42.204911492Z 513 0K61aWedHK8ItWvHEle8Pvt5sgkOjm7j2Am8Z4Ii1K2WWHQILqS9VzRYFWlZ
2021-02-24T19:21:42.218004786Z 514 763mq1A9sDilGXcRJ10UEK1G1KCDXw4rNznFSYm05ItbTovTsamNpkM0kdyQ
2021-02-24T19:21:42.228813743Z 515 ztQDbSWZaNfkA2uut5y9UheA1c1a2A7KcyNTL4j9ZzlK93oSz5oBSaOM2SZe
2021-02-24T19:21:42.240340671Z 516 urMalDHpxnNCdusCxVlT7TL1P4q9Qwqo52oyXKMpsr6NLagG7lYb2DaPjChh
2021-02-24T19:21:42.251411751Z 517 Qa6n3TmYbvOsHdpgRbbFd31Gp2OqLdz6OIsrWi5RSKWJBWrrXyCHCp3crmzL
2021-02-24T19:21:42.262114016Z 518 GDtoo3XHpSmxpivtYEDW0LAO9JHDzJqPHRRit8utWpxr0WKmoCTEuOgr2dTU
2021-02-24T19:21:42.273688222Z 519 sGjOGcpb5UjAOqgwlk0i12wqsGy28UCZjdnNqNzOpiki3BPlXKbT8bJEYUxy
2021-02-24T19:21:42.283964192Z 520 S8IDnvTTAPt9dFQggvwlVfmIO3YZlVk3owzmqtzM3FBy9JrdPfbyVpXP7KmZ
2021-02-24T19:21:42.294995065Z 521 Kkx7RC3A1GwEUFGvjo8AXCp7eeoMnrIK9QuyGBV6kNwJeyTHlzepJ1Ob6WIk
2021-02-24T19:21:42.305864383Z 522 ewuS4OZPmbHHdAsvUvmt6nqIfnyRt7TKa8azpVGCOi8zBai5N9jZ2FdLpV8r
2021-02-24T19:21:42.316978996Z 523 Vc4naubrlVGXlH3kQPgPFXE4oszM8zbgJdx5ZTIae08FUPAaKF8nps7xVXx5
2021-02-24T19:21:42.328322298Z 524 575Z34rAR3f65WmDdqw6GKRyUGvzmc8D9Y0ochgFvWA5DnFFIfD5cESijPq7
2021-02-24T19:21:42.339495479Z 525 c80Uh2aZuAfTMkAndjIkI7gxOMZzo24NFFGMBLmWW2EFCA8SP53A4wPpy25O
2021-02-24T19:21:42.350953989Z 526 nVrjN8xMfgYCQgsSBoqXCCDtfdkaXoLJfu62InZfFpO9xlGbfCbei7Z1oaNu
2021-02-24T19:21:42.362392262Z 527 MQPfaPvcMXccsYsIU938kkG4nfSRnYtpdM7EtGGpZBbDeV9LLJAHF89N0smf
2021-02-24T19:21:42.373550619Z 528 o8COoigrMEGYOOFQsbFDsCPMeNVJEdOtHd3dFWB4GymgTirwBbCr3OU0gLFJ
2021-02-24T19:21:42.384813330Z 529 7LPOavHMfrCrF6wBnuF1XcluiOc9cv9zlkM9DkMJ3qHJTDKHxke9gLyy3BeX
2021-02-24T19:21:42.395964663Z 530 SpuUcb4KgDh5BZQ3YCZZKore5Bu9LDMS3EgPNw1ionVIi6WOul4nukV0oXVf
2021-02-24T19:21:42.407402882Z 531 MVihcFJSeuzHPIB1k3ljjKq8zQDM57iiTnjNVsRLjU3S3onxodjXk3hxMvzK
2021-02-24T19:21:42.418975774Z 532 5x3qXwxjeqZ2b1Sx6aGVkGgjKMt4rj8loesnpOwSv2c3oTIhfJaDPgDhymCD
2021-02-24T19:21:42.430357509Z 533 5FMDZwOJfXTxtLAOU53i0JKgXBhPpsz99iZC11lV9LhB2vk0W7JMIjyLhwG5
2021-02-24T19:21:42.441227574Z 534 hysKWmQP2uDHJqY8PX0Qar8xXUapMOa2Z7HVl2z67beBk6vnUriuLUK54IuU
2021-02-24T19:21:42.452561700Z 535 5m9BjEPbEtb1hW7QS3rVv4eysS1hR4ZKnPw3B3prDg3ZzyUq3bZJ3RtsxrKq
2021-02-24T19:21:42.463728480Z 536 teR4JQBDdxr2lZTvOH8RNcQDihxohEHZ0sHlp9ngzfOmlONGZJ1dF5nvG0vc
2021-02-24T19:21:42.475248739Z 537 9qqbDMxaZQoCb61FnH90gzJObMbqX863G0jLoGXqb0yjoRD8GDm06VTQ9mg3
2021-02-24T19:21:42.486986121Z 538 9YdPIAiiC0BdIq3pBDnuR9Cgr4JTkqn671KgUg9F1gM9Fhrywm4eX5maHaBD
2021-02-24T19:21:42.498580054Z 539 FfU8bqjFALxFHMihqCScYjbu9BwpOXCGVFpu4LU0c8oBDT4sEksls09FudJf
2021-02-24T19:21:42.508892405Z 540 bDU77srNfLioQyXi12wDAxm0FMBe6AE3ROl11aeawtEdP1D8XfDrmH1TK92K
2021-02-24T19:21:42.520128935Z 541 ShMbAcenQXLhnhQuu6qxuF0QpIjJaGbbltt7OpHmxsBNy5PS07RPQvc1dgta
2021-02-24T19:21:42.531191641Z 542 5JwU9RC7Q8MeftKxqBOPqwAp1JreQsjMP6v2O0K6WF2YZLszd4jwGmJvntOe
2021-02-24T19:21:42.542504642Z 543 lusOBz1u3O0yBlPJAG9DCX4morWXvppOeaqvFw1UDinHJqGoAc216GO0JPNb
2021-02-24T19:21:42.553955028Z 544 ZV8kxOqsq4YqaPPqpXLDjWd5jwEtMqXOeGWJ10Z3OIR7RRuT4auAHQfCqdm1
2021-02-24T19:21:42.565527057Z 545 9R0J6oGFWK08OPLtzBokmbAy4nJHm6prfxhwaUXegqQA5oHKYrQMNCRYaVET
2021-02-24T19:21:42.576038325Z 546 t69dO477aG2NdtUVipx0tyxbkjxXIvZuzOoIEKEYNDG7G0qdI16VlqObeudL
2021-02-24T19:21:42.587632789Z 547 dcNRjVljupl9YzK9NmIO7dwIcLxZ0QWNSS9cfFAUUca3d2ylLw2PamVTJsfQ
2021-02-24T19:21:42.599003069Z 548 Jl034f1UepvGVg8TPUdA5B2cjy0SNlOITPlK7tRGaGGvOV8QMmTPayMNB6kt
2021-02-24T19:21:42.610537048Z 549 pYELod7e8Piy4vlDifC9CcBwtBCGibr5NT9greyJyWuv0bo7azyeF6y8fDgO
2021-02-24T19:21:42.622115740Z 550 NvmSqCgQLydMXk9QtY0ejqLGIyLAMG8fJdqKgHKx4sWtfkV3wAPdfbJHEJtz
2021-02-24T19:21:42.633594104Z 551 TBz8shZnl3jLcb2EyYgHXxfEzxgwB1dxRTYwLRCNypr90yv8d11LvOmBOdml
2021-02-24T19:21:42.644037800Z 552 X0UlblEYp6WbiFM0VIyr4aWuJj52R3CA9FZSJ6TLaTE1kpbo5r7SZvQHg4Oi
2021-02-24T19:21:42.654999040Z 553 ZjVUM5I38estETkxO1dGmMAhtUYDQGlq68ZMd24LURTrdxJhr1HfLXZaz6JC
2021-02-24T19:21:42.666240527Z 554 xnYA42c3OGAln4GRwNQOQHCUyi7FEzmCunowScmnHM98VFemRnBbUzqnlA2D
2021-02-24T19:21:42.677344079Z 555 mWuLjgBeyDcxQfWWRgj1fk4ObViNCllAWX6pSrWfKJeV8t8MeeTVcbMo4cjV
2021-02-24T19:21:42.688467209Z 556 IVIa0YheYil7BnVR3DSDE2GPdHXeuRytBN7rb6HH00r1srslsqDITp5lJzuL
2021-02-24T19:21:42.699615554Z 557 wxlAE0aAwoLcKZw8yEpAG6BAUpcjQP1JArT45M89F6LDdKiTlGIlvShFZ9IW
2021-02-24T19:21:42.710370550Z 558 1bDcMJfeNEoWRxLamhwYik4Xluo5gY5IQU2LTKTbrt2zwQDdK8XrehVA7g3c
2021-02-24T19:21:42.721255818Z 559 yApiN1wk2rHi9z00JJvsePqPy9hCAYYBIi88q1YC5qldCTXBUDu1SfQ3NcBX
2021-02-24T19:21:42.732547766Z 560 72QRyKZqYed5ZMJaoJcmEG4XWR3LiHWOQMUWoD2AkxB7cfg9XiY2f7ALwyS2
2021-02-24T19:21:42.743747923Z 561 vWcnFPM9DD7NyWGRD6Tl2ckT0IJ8FfTaSMYbuqMPPm1nrOUfHYBBmlnnyHbo
2021-02-24T19:21:42.755407927Z 562 HFChTiu2IQh8jvOIQyJG2CgMzHSeUMEE4Z3twn7d9tUEVrRDWMiqCUsxT3xK
2021-02-24T19:21:42.767065732Z 563 1Ml2h7FdezgN1HZbAcDCjx0YYqZkHt32vKpzcwCgLRCoBouLzbnbWN7SJnlD
2021-02-24T19:21:42.779716555Z 564 Kthup3Cu0NR0kl8csZxym8Sz6D0UJI6RMb4tJ7Y5EJZIZreALyJyJygYLckK
2021-02-24T19:21:42.790792828Z 565 9RAB2cwsaxG1Oag7pVPKg2KRFK7g23LxAdC2AuGGr2ni7iwRMeYMVUO4DD6U
2021-02-24T19:21:42.801990894Z 566 1aXxJQLZsq7jllw5p6L1jpe8kGJmTL3u8cz3FtyqNIOj5ltpLYQA3Lp0oIII
2021-02-24T19:21:42.813325452Z 567 AElYlAQuKtTSMvbnODUzdkeet77XM4jFNRJYlR1EJYpcYk461Z6lsHwFCBQr
2021-02-24T19:21:42.824831421Z 568 IwPxeGO2R1BZYQnmtgnymI4DZCCyJ8bNLnvMWw3RXyaAqg92bCoJ0p0vlYnk
2021-02-24T19:21:42.835289275Z 569 71irtljQUWvG6F1QguFlc4QfKtoj3LDDwvZ8zy5j21Ecjh82MecjAzGnSakW
2021-02-24T19:21:42.846941337Z 570 EAwfkbGPqJNRLCYd6HfaypIzXo3ylL40VF8yTEhCUteE2yB0tJfkpQvaSpGY
2021-02-24T19:21:42.858665974Z 571 wLtvNXdJ0SnehDLIrvClodPco3tXTbjMZW3Y1RqMJasZl03ydUj7RWl3BVal
2021-02-24T19:21:42.869625206Z 572 1lfJvrkEFbX4z7SUSAGfYOFpcvlJ6xipWx33D2QMeKxdevqDry4KvxV4eDcy
2021-02-24T19:21:42.879990285Z 573 q5PZh0d4jCQgX0qaduDNZJiNnQABmx3LpsCG38Zh07RywLXXndvIs4Tl3iY6
2021-02-24T19:21:42.891490992Z 574 KKTwloLJLg6JSqBRp3VtD0TgVCHfwFCFQ3KNfkSU66ROjq1Oh6XNpAklH0zG
2021-02-24T19:21:42.903068615Z 575 r5XpdwgCt7Bg2neTVnUxQ5uXLQ5PecPxBYsrevySNlNutXRtJKcigM7h1C3F
2021-02-24T19:21:42.915056136Z 576 UmA9sugTBnJdcUGZsqIvI4KiYspwW3S551CosxjRFnUn6wL2NogysRv9nRI5
2021-02-24T19:21:42.926330704Z 577 BDmiFYnhhRmBz1QGtMHR3bYTi61UfWdY5VHeOAmz5EUanKVrXdnjZQh4ufvJ
2021-02-24T19:21:42.937221145Z 578 9DPGbhavFs8FDxgQnR8FTpuDObsi3WGOoFrjk1pTXyqpJlbKpk4XJQbsprwz
2021-02-24T19:21:42.948600569Z 579 6aGa6vsacaNG073PD2mKosSlnA8rOqThZNgybJL1l2bzjMyqUkN2kyHzPR6I
2021-02-24T19:21:42.959326567Z 580 Bw59tj2ag5j8zHCg1DF8nptovyWjPzoKkWNtbG7AZgnMDjzigiCq4Qqx324H
2021-02-24T19:21:42.970117446Z 581 K04MhVFVNAWNS9SQ6rqw11yEaaCe5hvJXjTFekulLYDBwe1HqbY4FOwLW6NT
2021-02-24T19:21:42.981909920Z 582 I56X55leci9nYp1vv3i2QNh5hLgAfhMInM8OlUAoUINEYv2Ohr2dP8YTBysS
2021-02-24T19:21:42.993686554Z 583 aTuOE7aXX63KsoMLSHncHbA6ShNnI9VeT4LGVb4psJh5kG1ymXNIXW6FAEi8
2021-02-24T19:21:43.005152950Z 584 ezQXdx55czbeSTYKWg39yjKHIX04jfKok774AOUEKaAonDLHE4B8Co770JuP
2021-02-24T19:21:43.016267521Z 585 5uqVeU8j48mRHvDSdaIsAL1m54HOfd07JfHtAj10T9QBJHxLNdfJG9OznFMH
2021-02-24T19:21:43.027821263Z 586 jRigmXN4I1xSzQ2dDtQ3PpzQXOIzUfi1zgqH65mKwgJBrKCu8OsQEYZDDcOI
2021-02-24T19:21:43.039522689Z 587 Q9Pr0ycdMrJK4CzuZqHi4IbLl2ZIagHgfk9gv51jfVFWZ3ceCc8KrAWKOBLW
2021-02-24T19:21:43.050075598Z 588 BJ3foCA2uXOBvdtNoF70JpGh3RC0YNyo8lRnzxc7phtraQIFXg4PBmFTNdCJ
2021-02-24T19:21:43.061615589Z 589 BaEbbdH4QbLvT2j6a1fU5ruD25Yv7zKacbhaytcC3xQXCC0nEfjcR21Z2QFU
2021-02-24T19:21:43.072880952Z 590 nXDgpmImXeno1zWjPND4x2BGoB2hcIOb9UsXZOBhmQGvO5CTbZcH7AdOUO2h
2021-02-24T19:21:43.084030239Z 591 NFYnlo5sjRVh1PrMiKl2PuCzX285nuEpkDxLSEKYdb9e8f9fqJdV4cyYFvBo
2021-02-24T19:21:43.095700545Z 592 541rg46rLd2xRxrwASheHaTtLZAMPcMeaj1siENi35ByJHctGX3JQYOqBh8U
2021-02-24T19:21:43.107853336Z 593 vv04zpRidF5ZWNVMbXThFoHwS2xdaGJA8lx6V97k7uK21rIsCvDQrS549lmQ
2021-02-24T19:21:43.120043893Z 594 h7RAr6QZr6GjnObfdB9EU6jNLUu4zNFyPjpmHgvzCQp6fwPbPqNzDXV0BQHW
2021-02-24T19:21:43.131001520Z 595 zXjWaXucG4FZexh0Orc0hnwBw5Z6Y3Oh0SYI2p0lX78EfmDuVdEY4k7hxbED
2021-02-24T19:21:43.142295657Z 596 9BrRw9KYAhRViB4HwnE2lMN5TQR66LvfOyAYvgPi5BjToaGtqCf34sx0e6xk
2021-02-24T19:21:43.153016272Z 597 upCji23KyBV41Y1pqKi5PSJrPHrM4MvLsqQQEYaxx4YIAUZm1sZpCu9JzI9x
2021-02-24T19:21:43.164253520Z 598 rUvW34bcXQdqkDHqq8rtGip4cuRQP2BR5T5wUXQjPIUhCAjtuU8V29rG4gzu
2021-02-24T19:21:43.176026457Z 599 ZRW3mm5WHowrAomdsQ1RwlcP5diq4OalpU4Z13Lx14Gor5pnLFjvZCSq6wGh
2021-02-24T19:21:43.187806193Z 600 xOzItgB3YEQjjhF6pYxNbW45z7KwWAXhxHCJYdZK94XQ37GQeoSpfid7ksjG
2021-02-24T19:21:43.198216741Z 601 imIwlNUDoSKVdOkaPaeCQaFJAaPPKchQDmoGUQ2os88jOCk59OVZcfcWF6tc
2021-02-24T19:21:43.209626032Z 602 bwR2wVMNqEGCTomtGcJd4C52q5Y7ZgeszOXAMnP1f359xEwZnlwfbiwysZVQ
2021-02-24T19:21:43.220830491Z 603 5jUrzLcZOYFcIytm2uBoEusk6NNsnDqNNN9PJjQKf8ZQ4hPJGR2TOntT5zE4
2021-02-24T19:21:43.232088407Z 604 ta7ITZIceaGD1Oj0GNp33IIMkFsQreoxCgeKuZ6IkD4wFfOpvCKJDF6zKkGV
2021-02-24T19:21:43.243742364Z 605 3USioztbLBzjjcvEaOyeQ9ADTnaO18PXlOMIkgtHwNFg3MbO5zadqVtpaWIM
2021-02-24T19:21:43.254128807Z 606 bDp4t3nt5zYOCmTiYLysGaiFIHipL0hXlHHDq9rIsSsnv6jRyiy6hDcmE7I6
2021-02-24T19:21:43.265631025Z 607 mYZAqGcdiBNdxARzGmzW3jJvdbGY0Bqz5kqlHP3ZFmkjnvs88zYlmFsfkGPk
2021-02-24T19:21:43.275749758Z 608 M6hS9P5NkSpxh6vf4KPDPNIFWnwguV2DxQjpzSbvpibm2BD4Uf9wMhglw7qL
2021-02-24T19:21:43.286970695Z 609 mKryqdEsnzuv84NRmEywT4jhx4VaBe0oSwZfdhhQHELEqGuldDKYNVKQMrRw
2021-02-24T19:21:43.298336791Z 610 6CyQZIORtWSQoknHE2bgzvkR4F4F3vebfEKf1J5WskP9bW3CgpTgSHTG9dhZ
2021-02-24T19:21:43.308896906Z 611 zI30JamZp13pRUYekZFzGgX0LdyB4O3J4WDd81UqIYmVFpHu3pbKmfOk6wOj
2021-02-24T19:21:43.320472389Z 612 YcHJGMkslypGgKOKIHEWEBd58f37KBdZpmpYImqHl7Cq7RcS8bR8ZV4U1VFq
2021-02-24T19:21:43.331477437Z 613 LKXV1VaWx9PMduW2VP3tPEorK0g29jNwyZDETRpZHZifMLyZSIEW9kYxJKAj
2021-02-24T19:21:43.345125687Z 614 z50mhgVACgjqvOSTc4vL6lejJO3bPpEPiojZvIPUZVOqJvinKRZLAGRw7Hik
2021-02-24T19:21:43.354859087Z 615 s80fimJkAqR0fLGsKXIm5UkWTLYBg4dqCdCsZyf1IfvoJ8s4PBJy31PdHJVM
2021-02-24T19:21:43.365552208Z 616 6bUUjOcUQAbeEpbEv4IOlDFxDv4VsVcXW7sJ67A9eNYkrCrxILWJ2MFpBimo
2021-02-24T19:21:43.376701409Z 617 F8kdz06bNo879L2kklkOGpt9Kgn3sGzeqcoXRInE5jGc5O28i7eMXYmr978k
2021-02-24T19:21:43.388078746Z 618 WGLg3zaAPYcceopGVSbzECVXuUs9aq1CYgpCrlBdCeXCbf0OrFlfxuDe5ym3
2021-02-24T19:21:43.399700887Z 619 2omSRsq776su9Jzigc3K4rFBKJUJXDOjgRadTKGjN6MVNQLB6zk4Tkcyjufy
2021-02-24T19:21:43.410457348Z 620 7hezYv3jIHmD0EmiGuldaOXG8oCQSYEZBEUi0S1inQMR0EWv1tapSt9t6xKm
2021-02-24T19:21:43.421690236Z 621 ofWbMxrT9EexFKJPQUPSjEa3Bb8xmxJ9i8txyo5FuixXLs9RJktYSC39YiZH
2021-02-24T19:21:43.432969807Z 622 6vMM74ZHi438wEbcppa870PqgoXEi3B4OfwMiBQB4qDAEaVdpVJnaYBAPs82
2021-02-24T19:21:43.444285309Z 623 6goEZyAClR7lHL6PJNnSeWRr5MHLkeZijfRju6WamP7AjHzNgN5HCtiqnWeN
2021-02-24T19:21:43.455865909Z 624 55x1KrXzoqInhPnCKdl3KlnbcVt2qwyEDMMhTAvoMFgh4fMcu4fGKSusKj2F
2021-02-24T19:21:43.467545108Z 625 smKbugsS6jans0wX3m8wMVbygvckNfiCKXUNVw9Q2GQfR8SH2vXqrtVXLfL0
2021-02-24T19:21:43.478576024Z 626 MsV16KOy0lWtzq1F89iol5tcicS1e7oyWl77AxVNWShWkzpkizqqMy1CzXfY
2021-02-24T19:21:43.489806410Z 627 5pYuSzqhlKTh76tH7M7oxuPgfpwMzxaHBLpQIDtzJjiPV12zR9QY0t5IhVp7
2021-02-24T19:21:43.500861048Z 628 nhMlHg6ZnZGyJNQTY15VdISyY654qGkGrhumE7UCF1OH42kBHunfni2aplMI
2021-02-24T19:21:43.512838919Z 629 V42fohCDQcWbG18gr4axWRAXsoJoeRi7T5A5o7S9IekxmOJmyo089FozccqN
2021-02-24T19:21:43.524626424Z 630 KbLtLZc4fm5862lCzCqu6BpFeYxKNBRMyM3cNlfRhkm4BPTdecjOwv1UpnTq
2021-02-24T19:21:43.535495551Z 631 PRTIUh0SonFSsFiyfNGb0QZG7ALyZI8P9dODv3OO4nmOAn3azK6wZNHDEFz9
2021-02-24T19:21:43.546186628Z 632 PFrSLhmZj2wNpeVXe8hqiVxRuI4jl66Df0iUiiECc74E47iStQGeNtrvYs6X
2021-02-24T19:21:43.558373926Z 633 1cqz2yo2TpaJLpVOqkxisUNR4p2DuIqd8trKlpFcDDktmnlQF7gNEjIHY9fa
2021-02-24T19:21:43.570682687Z 634 DGzxpZVDRhif959XCkL4xhuLWXM9kh3LgeFafJrjOdQ1xJM0tXhwoox0qx3p
2021-02-24T19:21:43.580878315Z 635 nuR4BJ52wLkK1NDvw8rvbY7g7fEQlQYTeXm9R2Cwi25w4iHGH5y93FiMJefs
2021-02-24T19:21:43.592762894Z 636 CosyQTb3w59YmD5AI13sX6rSKmyRkb0B0pXyAHUjAX8okoV91mYOxQeIs0oQ
2021-02-24T19:21:43.604331119Z 637 m6ULXDaYZbq2iRxVmRj5ILJGRyFXkTD0GOJbaQr7yxCRTbLrVOO8K1rGT0G9
2021-02-24T19:21:43.615681412Z 638 HjcwJl5BrqrPBu7YRkTG8TjTslWRlk888vuRlEtICVMMmzJlSfUSBvDcr2oX
2021-02-24T19:21:43.626769798Z 639 Gi8ZiZTP9R0qv8GrMOgUcW10VVX7yT7NQW1AIJDuUrOiWSsiCJ5ag6UBL2rC
2021-02-24T19:21:43.638429146Z 640 RPsdSKFx4sQ3WMpIRdTyw1MDdEVBAjRnKKHEFLeqPckFLrR63aZzU9D9L27A
2021-02-24T19:21:43.648922482Z 641 LyHncTGM2pNKuQLyAjhC0wZ9BYDux8Bjj0XgfaLMP4TZwJbbVClpVQu6NoXl
2021-02-24T19:21:43.660661221Z 642 4rTY2q0Tt0ssgITNkSWCfB0zEYnROlHyy4if7kKqudVbxztatwY527wXzpT4
2021-02-24T19:21:43.671546522Z 643 9FF7FSCnCfFpUivWiDzY9BM4jBfUpsjtZLWy1LO3Xv9XSB9t5NwVxVKvh6tU
2021-02-24T19:21:43.682198893Z 644 Kynub1VkznG2D1i1ccLY5RFjydLhCLsxgfxHrbMgpvyDZiigcho0p1lEldx9
2021-02-24T19:21:43.693664356Z 645 MlOIFFZ7cIqXRbFDnbC5bW6fyHNfpqnptAULptJ26Zp94X2dPJpBqINL2fIs
2021-02-24T19:21:43.703950432Z 646 udCaZigQaQiXgjXipP55Qmz3dx5uitoMBfE9Hf4dEBVuMpGdguKiMYeyx53l
2021-02-24T19:21:43.715154180Z 647 INzeNu5yokP4At9Al0SdXsCetonnIgTineaGG5CfgG6beSEkGMTmFtcZyzoT
2021-02-24T19:21:43.726224751Z 648 urh5TFv8Tlebr1aDQTL6lyThb18aiky9xQpKRVSMHOsZTstXCV2yysg7si8w
2021-02-24T19:21:43.737816448Z 649 UsGyieTivxRgXmrsZeCfpDM5nJKTW72E6iJgUUdimF9ONcZZ3NDD24ZU0wRz
2021-02-24T19:21:43.749408132Z 650 aR4NbNpKDprZLpnIQjo753lmhYKcik8884mgv1LuspswwQ4fyggifzPnMNsu
2021-02-24T19:21:43.760774851Z 651 Ix4hZGvPepOjmAJ5z74uoOSeaHBooqVrlg7uMhMLzSFMObKLBLvMBzLpnVbQ
2021-02-24T19:21:43.772387358Z 652 4RXFGFOIh08UOcyDSUMrdqaDnHOdW6zy137zeATTx5p2C7w7WrS0F0aIe8jl
2021-02-24T19:21:43.783469128Z 653 r1OVUmgXNOR8b1XbKr5OJMjT8gK9IsuMoct9UzrAQHmwrTjvBzUrT7sqeoEO
2021-02-24T19:21:43.794837771Z 654 1QqtVqMelGD2drAX9XiGdXrQfUNfQsZzpcQPPc9cjPnCn3YHnq0FoUnrm3JW
2021-02-24T19:21:43.806451712Z 655 aiXbkU8qyG5xB6ia8d8zQ4lJ2Qs3Zd9fSS7nrzXXGiRTG8Mh5KsunIZaUvEi
2021-02-24T19:21:43.817171377Z 656 LxZPszGPPfDIhjnzafGkBJpUCF7mwxU0HTHCa4TtkyvQBOPbipD6m3W2TIJi
2021-02-24T19:21:43.828738425Z 657 zjvTFDIN4u4j9nRktM52IBpBcGpOpfhV7sjdR4wQ3PrMFXOpir7J16Uni7a8
2021-02-24T19:21:43.840314455Z 658 5848TX37cD8T41jvkf2XUlXGPV5kPCugvWRo5nskeb6LXTaHoEvtnaE9rd8i
2021-02-24T19:21:43.851088739Z 659 DON0MSxQzKNhLOwPdfD8h0sLCiNBardzfDovs5ix8sepOtgaEpuTJttspxN2
2021-02-24T19:21:43.862484979Z 660 9wdcvE3VLOuqFe528fAmBSw7KwxnJo6Bez0ivl1AKOYd261EOT7KLBccXcg7
2021-02-24T19:21:43.872904032Z 661 KwOzvtJ4lh1z957eLZawxyGwLNYtJvVvjf3ZbE3QXUoglLls4mbWrf4po0X1
2021-02-24T19:21:43.884611416Z 662 EaTrpZkxfu05iSfaAfI38zxYQhsBHF0IOBk30UvIFFJvZjOekaknYViwamsG
2021-02-24T19:21:43.896911630Z 663 tu3KRGD9v3i5lDm9djDoXJDo8PE6OXjH9rDZ0mgZsBSo7L2sFseybv92Et15
2021-02-24T19:21:43.908273293Z 664 7jBnRvRolImdTPQ2wUDRxT2W9ReWxRvoDVFJacmbT7h4v7UzrwlpiwiRZCMp
2021-02-24T19:21:43.919510735Z 665 8OwVSrxowaTsiSyT3DhdBc3BIeVy4rMfM7Wp9PMCZGFQgOx9DGEVZiqL2iwr
2021-02-24T19:21:43.930108659Z 666 2biyemyWOPapffFlxmfkk3RZiBZgymefRLxq83IzuwljkKgmUD1gqlzigVfe
2021-02-24T19:21:43.941692154Z 667 uj0nUrajEiUREqGpFTkDoaB4UjRYhSISipzaM9N6gFzgWhlGDCX6pCTYT37h
2021-02-24T19:21:43.952681736Z 668 lpn4ATY0BXZ4SDAS2NqUALP2oUhqhEV6rEjTWf6Dwu8mKKA3f5pwFHzcnJWa
2021-02-24T19:21:43.963473821Z 669 o4op1e5LLmf87EJK6LuUbwT11uh49QFiUAk8e6o4rrqusOFhNX6ku30jSa20
2021-02-24T19:21:43.975259194Z 670 rRWKN9XCT8MzbRB6qpzhPAaO5LVTgfEjpxALZKGFSWRKC8JPNuCjigBGbOMp
2021-02-24T19:21:43.985823009Z 671 NYrmm9DXcqImqHx0n5zTUo5P030n6lVIrmccA5vVp8LrYIV7s0a0MnRiQBVz
2021-02-24T19:21:43.996975336Z 672 Mjd18Fy5JbYrO0M41DeKIiSMQhc5Kc4hlaxBZDVX8euJcV2hsDUrXcXQr5aH
2021-02-24T19:21:44.008656400Z 673 nNrpjI98fjWSos8hJaqPJ99JOWZ0r1ExEINtsnYo765MO9sjBPI3dMlYP6VO
2021-02-24T19:21:44.020294733Z 674 L91fR1FZyYQGkUlplfQPFvv8ZuMYWW7NjGloGOADkcGGac7n8qWMib2I6obG
2021-02-24T19:21:44.031432567Z 675 HKY11LL8u2d47s9IFO6Gr4iFxdl2f1TWijR9SISln9nHVhVXFmxC68azJQs3
2021-02-24T19:21:44.041915807Z 676 rhvUkNzwy62bVYe2wVcRUaDPEH8uJADPe026wJCEl96Dk9tCqQHGZfjfX2Dc
2021-02-24T19:21:44.053293829Z 677 igaqj5QHSIkOkLEs13gfFanDKuOqmmdapHXcKxNQggWZWXT4ckVUa9ed4MRd
2021-02-24T19:21:44.064428714Z 678 iXUUwa0d3YNBJ60dhVHiIwIgJZqAcCxhWxRe8CZtGETieJiEeZIUP1BynWnO
2021-02-24T19:21:44.075878930Z 679 wJ26gzeza1Zzbub8pkOFlPtH5hO2S4cxFkm70wv7xop2xsSM4NZzUMRHXqF4
2021-02-24T19:21:44.087604825Z 680 Qf9Tb8uV0paqVGCD7gO7kBRkel0WhGMhes2Ul3PTVdb2xyVHtrYYNUkZcoFA
2021-02-24T19:21:44.098846163Z 681 BmyIOiU20fEKFP5JJfuToBPc7iLSoKqtDyFOaFqqtgwMGEvgmBlsSF4Y25nT
2021-02-24T19:21:44.109986436Z 682 UunkEMafbMPOTKsHnJnuKbfU9yQslUrofNXrpTWYOtiNRkO8n1Cfv3pdHjE1
2021-02-24T19:21:44.121176372Z 683 ck0aOrnH0HJOzGNU1POHlj37hnYs08XiFJXVYeiBFiGjkl7Jmxg00aRKSJTx
2021-02-24T19:21:44.132184155Z 684 j9gXP8at4dw89ZKEGf7BXhM7lIY1ntZaTgGAfNzCqZ1qmlSfg0bbL1Y4MzQX
2021-02-24T19:21:44.143458808Z 685 T4FcStYTLH6gcEvtnOR6Jk7rHkKEXhTSe0Ib8Dxd87oSflJYN9PiAFnlFdwt
2021-02-24T19:21:44.154129397Z 686 KhQntZzOnzjunAo7NYBg2Bs46nX9RrpNon86H3qTckwRQsi2jkkK9BnVmSjD
2021-02-24T19:21:44.165867552Z 687 AcViISW4BH61RtAshSlQKmOdEb9OZJ2IVSZDON30Fck9lJvUp1frf2eQxj5n
2021-02-24T19:21:44.178975778Z 688 phZiu7FUjxFoXmRigvJtHRx9MN2S7KQhu2074CXOBgY8u46JEHkuSDHM0NPH
2021-02-24T19:21:44.190035178Z 689 qKQ5LHg5AeEizAEjKPdmMw2mSnaYAhNHRtXoD6FNb0WH9mwlp45TL5fBh7jT
2021-02-24T19:21:44.201353528Z 690 FE8DaSFPZDVSkAtOM71iZZzs3fLVn1S0EtP6DgbbhJIssArlubM5zMTVREQf
2021-02-24T19:21:44.212861159Z 691 tdvyGxIvZGH11I11BADLHhlhzVzmz6DteifD4lTkephnIMrS1zu0V2YRGZ49
2021-02-24T19:21:44.224512959Z 692 ZVaHlegYMLspbO11fxQxOR0qX5mKyHQxMl6rZZ3FetqNcsIlQfXxnetyNzNQ
2021-02-24T19:21:44.235271047Z 693 70tvJZKSYF2xSz8f7Rrk6MxLT90aBEuikdKadxxehWTvbEpEsfPIVUQv91iF
2021-02-24T19:21:44.246382755Z 694 ex4fqT70L2BC2Z7swMB3kzZi56cHHlVHHTLyTzJ1Pwl6K8ssZIlMV1OvvmPU
2021-02-24T19:21:44.257691194Z 695 UjTdpyefPs7J96JBkdERfOWTrsWyTwYhPcV7IPSOXgbBVGNkn8MGJiLdO1sZ
2021-02-24T19:21:44.268838331Z 696 lkZdTtSIxiqdTvzgOrl32DAqBZ9aM4wX8sK6p8w1RPLYs95Tpb3KcG7rfKLP
2021-02-24T19:21:44.280116167Z 697 pxd452dB4D9OmK4RZxBneZhG3PkHV9O7JyjQw02BGiUsa2hgHofzj8F7Igl6
2021-02-24T19:21:44.291175958Z 698 VJd5WxB8GKZSV4psSqY8DXjJfyDmRBcutMjoFc8rXdiE4yc7AaYedbHwNnXT
2021-02-24T19:21:44.302998247Z 699 ZNraEjemBRn24Re22fTcdDcmHRay24ONQ5evRmIcd30bxnn6tt1HKuaSRctU
2021-02-24T19:21:44.314007380Z 700 jqecZS3yZjHp2U8i57XdkQszP4R2qIoKqlpcDKETdAdmW6f0TabolaHwgBls
2021-02-24T19:21:44.324919389Z 701 sIqa41WcUvf3nNzyLjGLupqzlvPTlCltnv5QIebmyXzMXL6tRmaHJhhu8zXa
2021-02-24T19:21:44.336037451Z 702 EDx4OHTNiNN7fm95lpyImk21T4YXUCyQiksZcf2jZr1WTCuO82FFz1txGokP
2021-02-24T19:21:44.347623435Z 703 fL4gvlRIzcxglWG1EyuNQkhd78PfgjCB1edtVsFxA2v2wgOlRUaJzZzwilbi
2021-02-24T19:21:44.357977895Z 704 1pF85IxkvTNTGfZiAZRREIPlQ6rZpji8FdLbXL1caAGqf0dOzBb05iIsiJm9
2021-02-24T19:21:44.369610149Z 705 DQKAyqYP0rygK0V8whm0XZBMlkdlSmz3IodZW4Y2MU3WtAycaaudO6GRo7Fy
2021-02-24T19:21:44.380480280Z 706 7pIlOFAZDtkInpoJ93AfhtdHIy6dIkZDJfgZr3QTZCRn76UI6Sqzby9zESDh
2021-02-24T19:21:44.391583985Z 707 jTgfOiHRu63gWAfrMouw3G8v1GBu3CYlbTgDZZdUQRIwDqAbWWSxWBHGsDPz
2021-02-24T19:21:44.402801637Z 708 L5rqBQhGGgH4XlM5e99hsRb0z35SEGDRSC1ljutDujwASRfbnTBuasQjJlnt
2021-02-24T19:21:44.413966769Z 709 ZLbXacSZDd8SV9UTCpCWgxSct5uybWMYL29vcOeXx3WwnF8xOOUzVZ80Snh8
2021-02-24T19:21:44.425826614Z 710 RVnUY7tihBOsnzd8NVYbToiHTtVGVdz05NQLQJVQ7hvEmTpWHC2HndPsMFIA
2021-02-24T19:21:44.437663244Z 711 hSfZfGKTiGwgO3m6FaT7cFkti8igpSvOLnmijcUZ11cOnOAYu4dUCxFEuA6q
2021-02-24T19:21:44.448769447Z 712 gGb2yDEvZHZAws2nuCoMvigfnLE57GJ5QyFh2Cg0dwCS5W0ZWMoAz8cPMyEW
2021-02-24T19:21:44.459967024Z 713 n1lISr7tY7QPoBXq0bgQamVLX5PsULmpfSrao18nXJiy38LqMChoTQZCuEoN
2021-02-24T19:21:44.471277571Z 714 1ykHexZMQP3UvtYGdClN1mZBWsfsvReL7k4kJPkWHFQfyhWG0skXlhmI9fMr
2021-02-24T19:21:44.482672863Z 715 Gcsi5BihjlwFPXsCi0KkQyKb88uEPewnz9PauK5euMLJpzLB7aOoQ8aPUeNo
2021-02-24T19:21:44.493350830Z 716 trcN2RvT6htEK2traqm1c3x2Vi8olb2R01w3bD3s324uoKxtyGmI1hpZWHm0
2021-02-24T19:21:44.504766197Z 717 q7uLoEXQt8ugSgGyiXNlrkuBdOujDTPKO32KYoCf8yHOCnPiWAqCqPhD2RHs
2021-02-24T19:21:44.516450202Z 718 8G9RCmRyA9wCGjRgj5zWuMsgPVmk10rlEIiRp22mUpXjAyu4xFsvek9eVQTh
2021-02-24T19:21:44.527475481Z 719 9MLngKMj9EewWKNzhRLeON68GB7dgyQ9eETDr3Q9zeC8k8WM2uSmW89qWpZx
2021-02-24T19:21:44.538758356Z 720 yy64D6ANIuQvSUmXXGh7DdIArAo7CB8ujaqOkuUngayD3HiRaTT3J2EbetQa
2021-02-24T19:21:44.550392341Z 721 lWCBfeUOSEpFOPFO8TS3OjOfH7Rx0Vy6sLkVBlG465jJjbOHDEfUVuC1iY5Z
2021-02-24T19:21:44.561170445Z 722 MaM7SWnQiLjyVfHrVs5DHGzdhhBWr8QYLHEBeE5Kh492EpFid4PRzc0ANs3k
2021-02-24T19:21:44.572590191Z 723 kCXh24oCWubH1lOb09Uh4EjqfkzD8yeYghuPWTFbHqvYD192qsK39l3ekNcJ
2021-02-24T19:21:44.583336551Z 724 FzHHZ3VEyYYB0xq41LfXIFkyXMmqtEt9IaBZLnpMSPPqGwdpRobPokOEEbO8
2021-02-24T19:21:44.594707012Z 725 TZKq9bixpNZqxcNIbDDYQpHsgmYnCy0EwGk3hRqjyly93IV2Oc3t2GR8Z3Jo
2021-02-24T19:21:44.606485212Z 726 Qt8MsaLmTbEwEERArD3TBrT7p1kjaLkPTc70axXAtVjrvqDQXoW53qEpR50B
2021-02-24T19:21:44.617695750Z 727 qQ9wqUn09XnlYsbHBxuMzFh0FgRxZjwF5GG0oIdWBeJghbL4E8o2kjZEWBFv
2021-02-24T19:21:44.628658656Z 728 IunZTjUDYlwdljVAjAZ7u44oJLhzKUCbGJL8nkNniN7dHeaUotqm7VWtz0zw
2021-02-24T19:21:44.639499014Z 729 SWoh7PmbNpEIXJgwwPS0dK1FzQemw6TLRqBVp4Joto0HYnARXC82yySVYflG
2021-02-24T19:21:44.650542405Z 730 QbTMESs2JKDRnkhFAeCAjw7cBkhK8FUno7ER4Sf6m4D0WR0J8m3WmlRSYHc2
2021-02-24T19:21:44.661160745Z 731 CnKOpBOrEHQfP5QkEvAQGulloszkZtAbwLuv6fOgoNoREn1CJYrDob7IwX1Q
2021-02-24T19:21:44.672417665Z 732 nQZ8Sbul1WaCH4Awkmq5Gg2yq7084u8XI27tXSF9qWP4hePdBYCjRZmvXLZV
2021-02-24T19:21:44.683472035Z 733 IIHSdv5CsqHd2rNuYThJ50sLbpUzmsj7ZxulZWscygXwm0jKPYrOEOpwr9B2
2021-02-24T19:21:44.694118071Z 734 qzsgaD45ddZLvRxfVgrWada5vtAAdkX46YNl0ffjfKhV4hYlvpAiPYrIvQWP
2021-02-24T19:21:44.705400203Z 735 Nh8xv5MWml9nUpfZYvLD38zDeplW8opBuZd27lvjBIhapKUadwXioTeo9XHg
2021-02-24T19:21:44.716140107Z 736 HFOWtA7O3sVfGMORLtzZlEp9bGC4K903EF2cls0tk6ZsVnmeVsLURhbTSJWR
2021-02-24T19:21:44.727883698Z 737 HNLC1EZz7pnWOI9HNdGCyyZTh9qpVrWOwdVbkwEbMpPoCBlQrCSZZmRE0ZtK
2021-02-24T19:21:44.738255691Z 738 U6PDjObHYOKVSnYTVa0YwJ53Li190e8jdzblpwnjFUwDNgaMzZ85JF6qWeqq
2021-02-24T19:21:44.749502129Z 739 uHPEPShEektJRinq75zOCg5uCPZI0uoQHUa7R5UTRehv6CqGFBh3VqH4oyrY
2021-02-24T19:21:44.760944886Z 740 1GZibmxJ7jS8DDchQZ0oOozSsk9FniO2d52xED3qThMo11cz2w0zNokMQiBI
2021-02-24T19:21:44.772992062Z 741 wj9L7bIHOAiwj7auuDKXofYOS3DmooweNMojT708wMu1cW2yQpymvNB35PW4
2021-02-24T19:21:44.784588297Z 742 WXjvvPkUm1maebndiOmxli1z40M6xmgnSJeGtnzK45xaT3RixDOYkn3bIrM6
2021-02-24T19:21:44.795760750Z 743 NZgCuBeuKCLmEYXhZiXmjnT4Qa9mkAv3zEO6sUO5J1aDnyfn1reoV1FnJXqb
2021-02-24T19:21:44.805899375Z 744 yo4SQpkEUqQIy8vnB7s7gtkJL57zbBqG4fEJfs86l63KEjmGMeZaguH6dbAU
2021-02-24T19:21:44.817278109Z 745 ZkmaTNnjb9ZNnxNz8tX2dyOMQMNjHvbub3wjHgaL6aHSEdjNLOtuWJaKa87n
2021-02-24T19:21:44.828156494Z 746 V5nhFP9jTUecmHF5gceiRQUErguJ1bhXPCiR829QHGRft1BphBynrMuPBUmw
2021-02-24T19:21:44.839690075Z 747 IMEJJgNBZGwhsRu5gjMnwIT9Q8IHTSQUJymYsFeSxoMM0ZKjkx9kzoJsBZQ4
2021-02-24T19:21:44.851010594Z 748 nEE8RIq6y3glRIKWYFHPGJ09zS3MC18TqOxEEnOwSYfLbr47Bbor7VmGP7ZQ
2021-02-24T19:21:44.862914020Z 749 CkfIO3FgdtvoqKd8AZbRSdUTRaaT0Pl7zwyi3RTCda7cObrsuB0K0lf5dq5f
2021-02-24T19:21:44.874480017Z 750 eUDDVyNWjAv9zr2eMjjYsjrVYHckL3hRDh6V3w1jc8dOADUjHvtorZYcryMt
2021-02-24T19:21:44.885616334Z 751 ZzzYMVRmSAfhba2hSeH2bUdAwYAmi7qNmfcuOLn3VUigfbLpoGD60S6HQWS3
2021-02-24T19:21:44.896146395Z 752 1YHYT0Zw43Ey4XvwutGFF5aZU63dI5q5VgF4xY3lmCM4KOI8ID6MWExaVXUi
2021-02-24T19:21:44.907426068Z 753 OqS9NcGsrOsSWo88pBKOmhqs2A1SeYB7X8EhnrfdU5HBeqJa02f9AW1zh8NI
2021-02-24T19:21:44.918831686Z 754 Yf4YxyvRsBKnU0iNgcEEqLFy3b9u5ihGCOHdN8mcSn8cUJt8gxi0KgpbLfDV
2021-02-24T19:21:44.930520692Z 755 PEIhAczgLAthvpxmJNOqnTOlf3sPgVAaMnv0BxryLIAs2k2tAOLTAJP7B3h3
2021-02-24T19:21:44.940991685Z 756 tXAKyfvDwxv3FZx5Zg6u1Z6r4XlvAZWLL7hG4gmnXXUiEuNW51aaPd4qfh7D
2021-02-24T19:21:44.952726043Z 757 Be67jPOSJvsK4R9PBN3wW30T3TuJ53yYgDoGmX7fgjASPvYgQNEYE3RtRuBs
2021-02-24T19:21:44.964011231Z 758 8LYQxbnVIPdD5HS3MdAXmQspQqST8dSEglx5TEXI8KLGMW853l4KyWiyvYkr
2021-02-24T19:21:44.975264110Z 759 NIikAyYRAQkk2tnZOG7ksVsDVijM8iY8n50vglJZJImuk7x8zL0OSWeYMScA
2021-02-24T19:21:44.986807256Z 760 nuT5NXCBZRjPt7Tu8D8RUVi34rMTu0j01vLBRHgUslCv7UeS2iEdYXZSpJpw
2021-02-24T19:21:44.998512844Z 761 2RE9f5O5VBOlGPR0qvI6zd56JjHR47xS2JNo6uF62rectfUyF63S1ZRlA5sw
2021-02-24T19:21:45.010184738Z 762 gDKW1rLriBtXE59lmGnxGwsHmVyb4WeeNjGsIFSj2etY3NEiwpyG9jOvYGp9
2021-02-24T19:21:45.021444876Z 763 qeDoZv9WVmE8os52jj5XQwqtjUT0jaBB5AVPY5HNKraKAbFPmSZeEz4lGZdj
2021-02-24T19:21:45.032524404Z 764 ECpZIofMu6V5SAcJXP2SYLmGXijKG2kqGb7y57Sl9LnTM3VjxU8OWuPqSEUD
2021-02-24T19:21:45.043006330Z 765 3NMIqj43FHzmHqb8j9P5Ht5E0f4b3Lfzd8kDufDUmHN9al5QGh0jeeB4esgx
2021-02-24T19:21:45.054541002Z 766 LpUD8CXxu5YG49QExN4iBB3ApRA3r9E2HZfD2BPRiRtonhF1Bgx0CRja0yz2
2021-02-24T19:21:45.065381968Z 767 pkAPptrSbsps0hWfA1nONpXFDpeCzzedwoNMNuKI04CJdLYvMP7OaVNkurgp
2021-02-24T19:21:45.076153391Z 768 x0WFXvNMOJaLR2wFWRH0OIHNekX2FvBWA5tN1EIDHGq2nAYUB9fGRvTjE4c1
2021-02-24T19:21:45.087874964Z 769 YV7owiVzvVBGH7PlbrbConSSkCr6lJNaSevWiAHBtymSEXtoGx6dWTmT4Mdb
2021-02-24T19:21:45.099092618Z 770 6EvywyvzBmzJkcitNSgucewwiiM1JSiWjKKfNYRqqbmDyKUsSi5z2gLftsgi
2021-02-24T19:21:45.110421296Z 771 jPyva6B1cz6qnsOj09fddLhcP7vgpI7MxSX4jJqL2KqVnn8WxFHjqWvFoDnP
2021-02-24T19:21:45.121000666Z 772 La8oOtO4KpTMKPEWBmEi7Kf5V01FiNcLBynndzO0JZl1HSI03FytKOucro3l
2021-02-24T19:21:45.132269394Z 773 OnsQTJklbJlvdN34lFGr2leGbEJ6s0laAh1H6qHP7k6SWzqM3X5JrdYcaegk
2021-02-24T19:21:45.143188147Z 774 cVlCoxIeBImS2bvY5sGKIRtMogaVS8kZ5CflPbXxbRxJVTw5dCa1mO8YyxBQ
2021-02-24T19:21:45.154279223Z 775 D38ZTXe35xYth0MF8POuXsy3QodPxXZoQAXzFPdgiLDSDfSq0FITnVez5Reo
2021-02-24T19:21:45.165100296Z 776 lbcmEQSRXaJuorPd5p7y8IwRuO2G9LVFTGYDnuITZ4py1o3Y3tDU36q08cFB
2021-02-24T19:21:45.176302723Z 777 eu6M0Bvy0vNjqJkqLJzolrmF8XluTSM16Qk12AOd4vlRv9rk1FkuiAOja1pp
2021-02-24T19:21:45.187778108Z 778 wXbPB3mitYKnh2zOKOm3RgecYZFpcONa9QsAkvEcDmmNOc3p4Qzw79dlhikJ
2021-02-24T19:21:45.199636560Z 779 dhDEC13rdw878iqfhuKHHEVSXkufHso0EyZMPilY1dvs1KXJsLnXKVqYqFOs
2021-02-24T19:21:45.211951863Z 780 6ywvlRBdK3dxc5j7KYfLqQqXOhYvVB0Ugq6QwiGpvQ8gH4GJbDTiaYZoYMRR
2021-02-24T19:21:45.222822565Z 781 g5DuIHOng6ZqLn3UGcntZgXhDjejzbizGOIa3pwTiQCyU9LiPZ8ZuoAeOyYN
2021-02-24T19:21:45.233939672Z 782 hf4UeRhTfKaxY7fzPNzT8dhBVZkWzrJHA42XkBSwQczUJT9WaT7dnOCSkZdW
2021-02-24T19:21:45.245083811Z 783 yxGyXp8tsDaDxFQoU6bHWirZbqrlsI6YAnsLc5KjeW7vIBMCuIR5vClnFfbq
2021-02-24T19:21:45.256499157Z 784 NKpijuyxYc9M5FHFnYjoYEhczAOy9rURrtzna06Qnjo56j7EyxCFBGW57Hfr
2021-02-24T19:21:45.267058966Z 785 kHHO0EnJPDCvocSu0RQEpzjQeS1xY2gb1aEIxVA5aXKwl68qnaNwTmILiD9t
2021-02-24T19:21:45.279104880Z 786 K8qUfHpEI2nDilnTk7LsBukPxMHFnmKYEEBJfG7EiS2nUpK1Z9Xi0tKEH4ln
2021-02-24T19:21:45.290820878Z 787 jeJTTkkyVFICISQNGeUIKUd4aNwqIlYtVUaErxpYugEqiAHFy5IeUD3fV1qY
2021-02-24T19:21:45.302497279Z 788 dXRANEw8kfQbo1XeieZEp10b083LwdTffaNMk4XPUDE1CwKDBFXEOHwej6xp
2021-02-24T19:21:45.313020439Z 789 OV1mrOfH1rmKAvZQFMaMGEb0IkoutBU4hNcQmkImOD4W0B0C22L8TGTDta1i
2021-02-24T19:21:45.324479936Z 790 herFtLTnEbMpV07whyIACzau1dlze6YPMCdXDEmGIL3NXINVetynCsXPMmiX
2021-02-24T19:21:45.335016119Z 791 914Nx9ejL2tRSu5ragpa5m6MuLTzMhErbDnfxdvjTpRcwdqMGcRM5HOcTzH3
2021-02-24T19:21:45.346326879Z 792 vkgK9rzYvWcnqluZN0OU7ButUjU20R4yWPPsQOl1QaaK5ZpHxSxevx9WdWDu
2021-02-24T19:21:45.357598436Z 793 708GTdCNFpKEnC591b2Q4mFN2334thhRGgl5ctio21bP59gp16EUsLUyEzBA
2021-02-24T19:21:45.368911867Z 794 DH6tlXGgyHh9sTh5Q4BOx9ZtOy4g95QEkhnjwAXloSSsJ7R8ZXzZbzXKUrxx
2021-02-24T19:21:45.380305578Z 795 i7gLwH0VK4XnP22riYQBQTMFRGhg8fJEhzi9Hc65Nd2iq285K8yj5sm7lx4l
2021-02-24T19:21:45.391011538Z 796 WV7SFyy80uekOXNmpLuY6MqQce5BpPs4HCXofUG3ReBgGZXD08XIELCV9wDx
2021-02-24T19:21:45.402145948Z 797 CPVBb8QeCNgaFF3Gb4cUC82xK9aYOo0c7SmtrJQV27v2xzwwZsFSzrvbqSgg
2021-02-24T19:21:45.413490974Z 798 hnARl5NOaWoYF253Xjo55IpMbM6zV7jPV9vP4yjbldQpCM7kr88RqbgVPFCn
2021-02-24T19:21:45.424724975Z 799 jZXhNSRk2OC2X5XIqFmD2VdfEe64H5JG9ZinFU6f6vicWVs33iVwAq8ar80J
2021-02-24T19:21:45.437143430Z 800 2MqlY2N6s1XgvS0evvcVkZcUzXtYFscnHlBXQrWfINanwEtz00213peH67lI
2021-02-24T19:21:45.448440173Z 801 pF1Cem8yeKYFMpHsqNbYi8PYaf9wubup3gLcm7s3aPWbm9D1cnPeevvKRsfS
2021-02-24T19:21:45.459093737Z 802 QJL34nC9ZPcqB7wlZRboYVA1pcRg066sxitjQxzkEfYXyGHYW0BuFx3OyeZD
2021-02-24T19:21:45.470846704Z 803 QW5yONdu9Ci6fAgAZxmpT4kfHmWsxFzUDt6EUDQX9Zr3dMRpsF1EF7ZmOdXU
2021-02-24T19:21:45.482732273Z 804 V0YU6vNAb0cDGvQAW3Tl0yJ3Hf03g0no7f8W3V2K2nkcnuBgWzKUMbRg4lSk
2021-02-24T19:21:45.494858644Z 805 AyHuhL6dNrcaEUhnVpl9YYGnl06oYjZCcRmMjkS5ZwC9eTVInjeE2wtb69tB
2021-02-24T19:21:45.506200959Z 806 85XpTbG2R7sbDn9dm3Lkkry8KiLOwFYZimxmIT6swh2ytnlEkpyEENpRZ3iw
2021-02-24T19:21:45.517503942Z 807 ak6DSnHnE1TeXMG3ynfmqsjz88VBUnAWDkBBQvYJT8ZtcKw4OSKdavdo7CAj
2021-02-24T19:21:45.528488934Z 808 MES6Ru2A5fbR0GaUmSVaq8UJiir2NRKAQO31pjEMsGsUuZqXC147OVD97PRh
2021-02-24T19:21:45.539226500Z 809 D8APANOt1395xnhjDGRRz7E7YC7QXavNd5amy8oYp4abJTIzsDUbbuCcEvXe
2021-02-24T19:21:45.550200097Z 810 8HFM4y8A57RVH2OiEmSNNpn3j5sXgxsscIukmcEkkjLm7jC2NjY3X51j60bo
2021-02-24T19:21:45.561482707Z 811 XgmCYUIS0FOnYt3IyjC9q7f0tB1RodSppvCbDq45gzxImXKidyC9jvLFUsli
2021-02-24T19:21:45.572659294Z 812 pvrBpjxH1QLllWJR7P1HyElrFQ3SPeO757ga4vPwK9htaCsyEDmsMBuQkndp
2021-02-24T19:21:45.584392180Z 813 GyL4muqrflLGQNRtWA6dregZVxTtIiacsmuScN1vP0X41P5UhAf0iA7ULPbd
2021-02-24T19:21:45.595019758Z 814 V5ZJcllma4YDCnRSCe29uuwZB3iiOrLQvr2Sreek1azYyA0r7m3wZqdeuw3A
2021-02-24T19:21:45.606380079Z 815 V72cq9k0cv8trWupa7Ablpc93z1V10JjTCX5loHIMWiDdIdh6Zpv3R7nlUlw
2021-02-24T19:21:45.617105049Z 816 pJT0L0JHok3kxn2JkHx44PE6CWNCjuUQSwr7ZtnOkH8OoXsOLSHMEKjiMHVD
2021-02-24T19:21:45.627912261Z 817 88E1kXvl1bbed4f7yLaUznycH74ksnRbViMedeY6rjmMkwljg3EBZshhxgt0
2021-02-24T19:21:45.639640650Z 818 w8CLAkmlNjswn1tFTm4Nu32yqV5xrDGx5yataikM43gffAWX1amMwcHodnNe
2021-02-24T19:21:45.651728470Z 819 B9LH6lADvWExevDUB3vkOmNBMEQMghUFs6aKzZiQJlH5IclYMgaUi0z6Wfvy
2021-02-24T19:21:45.663199811Z 820 W1QEiE2MMRA8zm9EItznIoOesXxYw8bvJSmZu7wlbC9GmcEw4h2Mdjea5x1W
2021-02-24T19:21:45.674577803Z 821 l6hU72njAev4HQIjL66ZtZGxZW7Z44UTs6dZzQqEymD07AZGGVAGFsfSdeTF
2021-02-24T19:21:45.685499654Z 822 jlPyYNmtLs01mEj2FDaQxlVP354Kb1KYdLXmsaz18vTv6Ko7RK25CkFq3WgV
2021-02-24T19:21:45.696049488Z 823 t4FtnyCzcxD4UsBhxjyiAVHuM5qCh9BKt9lfOddShyRy6dkZhzDIBctMTxjh
2021-02-24T19:21:45.707182571Z 824 O8o7xCGGbcX2ARJs8qpal747hlQxEAHsZ54EoZN1evtM6ZLvyc3Y0amqNsOV
2021-02-24T19:21:45.718342421Z 825 dGP0SYhzceXq8ul6j1D4d2873Aonf9i1Cl5DwKbNRy4P1dHGfzAGVyt2KbIz
2021-02-24T19:21:45.729526577Z 826 UMsDdatgysbY0relxLv5NjAIILNUe9SG6cqTQrPFaRrvK0BHqgykpFIOH6VW
2021-02-24T19:21:45.740811057Z 827 FT8zHNJCgjmqzHJSv2PafsIpcB1AB5UOPzSeEySAQyz0YDTvAbzMpYqWYnsD
2021-02-24T19:21:45.752492878Z 828 ms7FVFPTediduFWSmjCUFJS5nNubh55K0Zn7tDGxo2HA0vWrS1jll4tKlNta
2021-02-24T19:21:45.763031531Z 829 3HA9RPFG5ToXsreZkkvayxGifg2v1sx8o95RTcE77p7YB0WGtU8wKkBdInf3
2021-02-24T19:21:45.774745355Z 830 OdgQrd8YP31cyvXyJsnzC4SARTM5M0kE7ev1c3vlCS88jkQsLQ9eCLFFjW7C
2021-02-24T19:21:45.786101795Z 831 RRLwZBpPtXmLFfHJ49e7ntEoYB7zq7qHYMs4m8xAlSqbb2SGtMVeGOkusaD2
2021-02-24T19:21:45.797726463Z 832 wxMoZ4M4dz8IufVpCh7O0VyCUVeMv8X75d54MpvZEMetdv6qa5gqgndJf2fd
2021-02-24T19:21:45.809543309Z 833 igFbDdTQCetTCIVqRIw7VfJDS1TEylFoUO0a7n1kNYqs2ZAIpY8fn3mf533O
2021-02-24T19:21:45.820064714Z 834 TQmb4FipwhgBPgev9VFXXK7jrJPbBaBhc5kLLvMrn7d1y9yrDutBmuuuQvZ2
2021-02-24T19:21:45.831592301Z 835 r0zWLg5p0I8BDuoiHhcxp6DMRHPWs94NOTHbbUIzCpuknqK1bMqXWcDOCSVE
2021-02-24T19:21:45.843431888Z 836 nntpj6ILF9GrPgVKswU8usyDg3W0EGTfxWhThXCRj4mLxWDcwmhkPH9wDfRr
2021-02-24T19:21:45.854317373Z 837 MLJjbqzaEMPmvwoUo42zX3AX4KGwPIHk5c5iuVe5Ey86mNfRjAxrA0id8SYq
2021-02-24T19:21:45.865487440Z 838 ZTjROg4w5wk54Pwn1QMqBqTRRsgRsQwqPys4sKcr7iJfexdo7DCC59SbDv6r
2021-02-24T19:21:45.876626150Z 839 TVGqPfQupI1QCA44mwTSTeBdMEBuPTbFK8Y9h6sg8ufNqcx86uhwOhBhXe8m
2021-02-24T19:21:45.887343333Z 840 cjO7SUeDbc5lghsZZLzDRExTmSrtenMqXl1dDZejI0a2dHhycVS948P7vNuC
2021-02-24T19:21:45.898148512Z 841 ovLdxlijBQxdkYFyEzua5ZAuzL9TaeByfy8QAg6EFUeU2d0hCpF70MaJ0pkj
2021-02-24T19:21:45.909000717Z 842 dj08XHKIh9gsSJUi9LNZQkG9hUR6QFZrqzn2cG4Ti7x9JwrBVTJ32cn8oP8q
2021-02-24T19:21:45.920270992Z 843 kN0FcEpQFtdU09V0bIbOomGyY5q998OtL76f5gPokbC8iPIuxyIC1D3e3nKV
2021-02-24T19:21:45.931389729Z 844 qAPARU7tftP5uiF8PVqXBC3KZRXjHO5WhC9WqaFILENfQxTxcCmEs9OZSepw
2021-02-24T19:21:45.942765792Z 845 qTvV8GuCovl4EGuTzlFzZtEerVMgD7AkC6PEY2JrFckFl7OcNFLKnTmes1kc
2021-02-24T19:21:45.953919164Z 846 ZZZePvYh6xSAqj8h8Zu6wSccKnTQCpVGdeWOF5sq6Y97sXo5OfHRHhYYcHEh
2021-02-24T19:21:45.965591147Z 847 mgYqaP9CF7OvvE7JscjjP1CmtJsb2XGtZdilFB5ppxZ3pXapTIZmX2Tv1L0N
2021-02-24T19:21:45.976604280Z 848 m5Xf7y2zVBivUvRb4YH3yIZtGSAdIcuJ5z2opgJsW6BUmg1gQICrGso8kDYh
2021-02-24T19:21:45.986858227Z 849 fxoEYuXHIieNmkWnEBBkE3GnNwHKe10akDoIxntmQI9I3BTrlxIsPTOiYhtl
2021-02-24T19:21:45.998404806Z 850 jlgjxb5w7wQEJYHJef5prGZNwFdAJsztKVf3KTzD72YBJNdpGR2yqK5Pz5XB
2021-02-24T19:21:46.009832865Z 851 JxhFlXR7lss5B43xWf439pjkeiDjOTk2UiOMGfW6UIcROrrtGC7tGIfbTQgD
2021-02-24T19:21:46.021427349Z 852 d7B5AtVq2JgIOHKfDuoa8CfwQEC6ExpgK3KKENqrKYMgcExdaJcAhtSckHnS
2021-02-24T19:21:46.032398905Z 853 zykKo20GKnjkSC1bYSWie0dpPgp8N7kM57W0wuRCHsayqIstHyQ2IHweTJVX
2021-02-24T19:21:46.043363121Z 854 ePeTnfh5HSEu1ItTDYCsuZRWX8cquyloPHspmx0jkuGHEVpL8Y08fQ3bMXb8
2021-02-24T19:21:46.054115101Z 855 Rbk7S1b2qvct3SN554HVgxWOqKaYD3fPZp5rvlJwWIJhHfiMLrm633mkNB9C
2021-02-24T19:21:46.065204171Z 856 mcN7yvzyq0YoJPxdtkCUkNaoe7kKMS4gBFoQmeYK58jtuGcXBJdXFp9GnfWs
2021-02-24T19:21:46.076858134Z 857 jXstLFhBFXi9R2es4DeXeRCM1pCLVeexxds5M9uzjbdF1HLVDi6lKPSq7IAi
2021-02-24T19:21:46.088561057Z 858 BX2raZ58z9LnAYAUpHWJq6Xl3Zv0ywAWIif6NuqjHvS8l6UWc7FxnX3skmGw
2021-02-24T19:21:46.099360921Z 859 uKg7BPv0RLhxAkSLsj2xPYSdb4A6FAtD22O9oAn2puBRDvdkIbOYoNhs0YVX
2021-02-24T19:21:46.110484604Z 860 NdFsKwwsJEGE84XC6ohnhbZRlJGYkaRjEggkK6gyHMgv2yLMDe4qJmMphAec
2021-02-24T19:21:46.121125036Z 861 t37uTKLx1zoIaxj95QdPsaGtnHYtPb088NtDwzGXEVndIbKycPzvIOwfMafL
2021-02-24T19:21:46.132298272Z 862 6eofBWOC0VVtslN2RQC4oAXFhi92qL98aFPvTEaN4CkU16F7DpuXayCoL93q
2021-02-24T19:21:46.143436407Z 863 85jb0RitEVC4VZKiJ35evJbrsv9CtDS7iEiA467ibYPiUy7yj6aaaf8Op3eU
2021-02-24T19:21:46.154308741Z 864 88aE4jHRaYFVEpzd7yre8eSfrrZBZQejdSy6Y1jCCRDOspKQEbxYTSf8k4d8
2021-02-24T19:21:46.165583969Z 865 pRdxZRpgYH8GkuGrTUYAZyqrFhSUbr9pc9bQ39R43I1NbZkuXFWe9uFdbcQL
2021-02-24T19:21:46.176473588Z 866 Onj1osKPQem5IOG7FrzGbzrTgqSBa2UlUgIvbtDl84tUSSJVDXZoBfryp9jI
2021-02-24T19:21:46.187047207Z 867 ZnfEUG5HpSRgsqiSTspUNpz77Io7L8OB4Qmr2DB2jgqOv23vlIWHKk6JblpL
2021-02-24T19:21:46.198707661Z 868 WPB8R2z7Mgp7psVrkg99vj3UGnSoKX3ZjXpXdk6GXaT5llMOYXcVkNw6ckQg
2021-02-24T19:21:46.209506864Z 869 c88plzutjTn5K1XoRo7lzMFubx5hvnTmwvPLFOHpGAryTDvhoniAOCa7qJBv
2021-02-24T19:21:46.220352995Z 870 Xc06Qr8qTR5TEfDErMg5rYaYQ150AYl3wkMc9tHmsD7SYRw13EaRo4AGnr9A
2021-02-24T19:21:46.231859484Z 871 EonzCbrYjeBk7K7goQUl93LAQHYyjzpVVPORnmC355da0fhkHHWE2F78xlPC
2021-02-24T19:21:46.243212668Z 872 4g9nqigOVA8Y4V5xhPHcXE61aSfLxT5GYAY4TnXmr1DxB49pZyT92nFbCKc5
2021-02-24T19:21:46.254216590Z 873 sB0V1NGgi1tq9qWFCR2qNO7RuSPs2a5Eeu0gXtRhHH377yEIcU4WbifLJNHW
2021-02-24T19:21:46.265024968Z 874 4QG6ic7tXWVJp3KYXXfGrshJkewmRYujNfKBaf8RReKB0ZZMbgGLT5AQhS2R
2021-02-24T19:21:46.276183695Z 875 OuIhLmJ0sS38vkENEFOkcePBmPEkYcAcveKIVLorPMfJP0d4QOcPk8tJ5vlX
2021-02-24T19:21:46.287720297Z 876 F3w8toKjL8vjro29u5DU6u8m03iK6WbNdgE2Kl7I1zzaVJhnT8hooZmL2gvZ
2021-02-24T19:21:46.299329408Z 877 a9lxm3zgaDa1HTF3VWf6hbRvQwXtiQWPMS7zVumqwqC3S7yRy6ExJrq7DHZp
2021-02-24T19:21:46.310258368Z 878 xlBgLMpD4b53EucAAf2w0XBU1hifzwSxQ3Bg4YCKDEnbYrFF8kJucSyIo0FO
2021-02-24T19:21:46.320944622Z 879 7ETa0ciCGxBo6eInAsmdLCBQXg6OfkZE166wxO4ImMNBdBLEgXlDUL5NlyGD
2021-02-24T19:21:46.332233243Z 880 I8TVO5G6k0fNpbxK0A56IqjTFVEvuBlTfVLINviL5mXXq2Ns4QS4d9me59EN
2021-02-24T19:21:46.343330555Z 881 8uCovYY3rbcafRHNz3Wh47213MZwPnRZ235U736hrfWIOp4nZJqJE0vS4Ck7
2021-02-24T19:21:46.354608276Z 882 2dF4oLPipEDwuOQkqHKCLijrlBvz3ETB1kRoxQSbpDP4zXrK8E0zfH3X9tqQ
2021-02-24T19:21:46.365959920Z 883 ASIRI3Xl84cgpi27bTYdpve1xSJNd0rZXtWhMKnv5ycNhedCPlgyQ9MjB3ZH
2021-02-24T19:21:46.377486505Z 884 42UJ4CWJNultkMuLlEPBDj8k6sNzYNqo3cr9DO2SDDuSm3YnZqefrXZQ3piA
2021-02-24T19:21:46.388504252Z 885 htaVZv1x3yamD63gZiKjniT73YIch1Deh0qdqavFa3xu7D73AGY6p7wNufaX
2021-02-24T19:21:46.399549591Z 886 aKf4v4hnpUO7Z9HFPXMPOcHz1xxTICXlUVcUHwY37xjDgHFh88t8j47ol4Ya
2021-02-24T19:21:46.410745774Z 887 L6PQkr2tnzlPhZ3J9dlFLeGtIGRSuuPoTuCVKnsv2qVEF6aNtS6y3wFj0Nag
2021-02-24T19:21:46.422508857Z 888 U7MkjF8FL0mv7H9Kk8cYlGD9no0hbfTFOBng2dIIn5FmmpT3Oo28bp4fWacV
2021-02-24T19:21:46.433428668Z 889 0gcIvYKZzBq4KPYw4FtllILXgn8Pi4B0OP3Ju5Y1v9pdkHN8elJ1rbQFKGkh
2021-02-24T19:21:46.444276092Z 890 xCj7EKliNK3QlOq5wByWjviWgXGBn3Ak8ewov96Md5GdS0tH4InuK5vt7yKE
2021-02-24T19:21:46.455663445Z 891 E8AWJO1R34kkOrVrBzmtP1gRAyV6fBLUUCUKqbM470ushWtD3NVzXitmcWpY
2021-02-24T19:21:46.467550856Z 892 XZU9fJXPF1zJxU76YGc4Y2BhRtLloY1Lh4Hp8SqX23jWzAHaCH5TsOGAHk8H
2021-02-24T19:21:46.478856046Z 893 Ck48NibWjCyjtr0ceu8cJewlOpFeeUHXUwp2fqWcuhy0jacONgpt59d7MNGE
2021-02-24T19:21:46.490474564Z 894 ruQRG6CCt4PTgazXneMBH8lE5JzbXNpAgOtMXpkwdBCXXK4QVAmcNAZPJVF5
2021-02-24T19:21:46.501232905Z 895 2oV1lnGer83lWLfal3SBVuLAmqpCYKaFVSmlW66JkG2o8Y58Ey9YGzX94sDl
2021-02-24T19:21:46.512698165Z 896 xTNLOLvfarG5emJKfrfkBxpmkOEnzu7wfA3xV9EgnlZIQ004ayW8yNoKu5pC
2021-02-24T19:21:46.524275104Z 897 g2iVcj7C8Ewqv0Vjuaj5WllLkucuo1fhA93mrWwHKkOMPbXLCaovZKxjK1A9
2021-02-24T19:21:46.535779850Z 898 YXTfJyCpwNUJOYLuxN7ni1kqWHQjM82cJiLZfZ2WgKFnljuMdMk2zZ8yklO6
2021-02-24T19:21:46.547322469Z 899 JgRGQJvfGbBZeODxkQ82elu5Sh9xBpqaLZWcAwV8CkkTc79X5ECJJXKEycbH
2021-02-24T19:21:46.558530607Z 900 not8VbqRUe7CVY7aGL8kK4vsU30yZj2PWBgwdYtQzPQqVzk1qryeKUNgaMGP
2021-02-24T19:21:46.569670108Z 901 gwYGeEDjQWe7fB0uSxF8Ws9oM7wZJl6phGJClY46uSGRVH6qbkMzU9ke0PAO
2021-02-24T19:21:46.580382315Z 902 5miFN1kvOyVW0199mPHJFjCdCdm0FQz0e9VVloslXz0EBEsLmAtLe83Q524y
2021-02-24T19:21:46.591721264Z 903 Llwy0B2mBBYtgaEHk5dnDuq9xTfEn7i1LMEW0galJGL2XM3Dfuw4x40dMAXD
2021-02-24T19:21:46.603043150Z 904 fJDj6ZhDwZXpz3iAqRIR43oJz9RCfsvJUguLZ0IWsK7PJ9dJI1MvAhr8H9EO
2021-02-24T19:21:46.614391160Z 905 9p6h3fNogyOCR9EuDBVQf1nqhAaEfpNOjKYocuEAbj5MGEOyXy5GUt5EieCs
2021-02-24T19:21:46.625544514Z 906 m37kpPfDhTIuTsKf94OsYVeEE3bEVlk6U6cveZv32CPaBP6TZzF2W7IXJaZx
2021-02-24T19:21:46.636560445Z 907 t4owubWZ1M1J36NWupTEt2UnSSQKUBp3a0wuqBGxPlKnuRYinD3u9aVkiZLE
2021-02-24T19:21:46.647894627Z 908 nfibylGMzc4VDCc7aU8l6wD0GbntwTPpv7GChUGz71NepRXTUpp0RaGcYHXl
2021-02-24T19:21:46.659674785Z 909 DeckjceCjdMqNH8zL4YbpYXZOSFn9FqL9kcceW1Giy7HckN1OS3oV02Y5OWj
2021-02-24T19:21:46.670745999Z 910 d1ialFPtPMqaf35tUO0uT0BuGp8s8eXtSpbDJFkkHnlRHkDsjlTztgNvpxS3
2021-02-24T19:21:46.682352563Z 911 d9vf242Hsz7QQ07SHHqiIzsa9qxHJciXJl0O9j5kYzquKkOTcQ3W6i5E6hCZ
2021-02-24T19:21:46.693303954Z 912 vzIWRbynL5D8ubPWgH0zwnZKbTWHMu0XYzTRJie3iFmQl4UsKWzmeOT8MkER
2021-02-24T19:21:46.704327744Z 913 4cH7dcg3tp7VwgydRMPZ55oYtwfZG9BESkwLKlbHYJDIMa8MzFjY9UGOOX1F
2021-02-24T19:21:46.715520230Z 914 tQlyjutGUd9xmD8EqJUjp62UFXxCuSTSMc79vv4N1fAS2TabeGfWVd5x3mDF
2021-02-24T19:21:46.725952392Z 915 YhRBVdRjv4gfq0JfiPvg0ZALC8TwjexgO1C9TZairh2o6bstmqK8o7jzD7aF
2021-02-24T19:21:46.736927819Z 916 Df7ghdFAHIoFPYNc6aTYLQfobBDbEHwW80O0PD1YKEiD8q0ktxr74EUYWVt3
2021-02-24T19:21:46.748013322Z 917 5B1BzPvAJxQJ3OvRW6AINleVbN1TFwcgGVkjKcywlDkMkP5dVTiieg1mpWmy
2021-02-24T19:21:46.759279944Z 918 D1Crx2IjUhlQt80HjR9FNvLro6HMZ4X289CiX3WyOPPbcI9P2fwyZXwdKAvt
2021-02-24T19:21:46.770534018Z 919 6SUIx3uf3BRSgTL9ueaSBRxdBetz1XGgK14nl1vKoOLMcS6gZCZdXz3pectH
2021-02-24T19:21:46.781696551Z 920 8rcgU3Dp45cRB5dSiR1r34xcmY2IrWEqMqLWJUKmmFyDRITyEV6KUDNKbuv3
2021-02-24T19:21:46.792614011Z 921 6Z7KHW5MnEVwNMJnvm9jk77lHMFQFtvhlGPCJvfDFu8CklgQGBHZM6c6AXKx
2021-02-24T19:21:46.803541489Z 922 9z9vgDC386qVVVasx0cmVDRIQsq5UKbPmly5hbCaYEwEyJHZHqupsxWGj2Fu
2021-02-24T19:21:46.815441875Z 923 aZAj0aq0S8knC9lRy2OTPC9lNCybv1b9zKi6Sa11BD13HUrNqrpiinYs1FRV
2021-02-24T19:21:46.826483549Z 924 EB2g5ryQrj2HVMvKG4JmzMAwigBKHFrfdt03d5mpde40LzNybsNVaP8oChMO
2021-02-24T19:21:46.836944085Z 925 zxF4aEzSJuUoaxq8rqv90CMDhEnTsfmxM0FTZW3hnHUcJ69MBNq7fIWB5NJj
2021-02-24T19:21:46.848308326Z 926 4xYKsUXFyfrNgmoN7b4j7cND2HVlqWv4mzetCOOHzYadnqSoE5vGGsLlniav
2021-02-24T19:21:46.859077083Z 927 Tyr80MACkF9WuAJR0MGeIpLFAYBjd1lgDSeqDyx2ZXpRUUrTc8sxNMEsF4yk
2021-02-24T19:21:46.870162554Z 928 6w8mSvQUJRFPr5PlHXlK7Pkc4f49eJCqPVVMMKgniKIXkrYU1f6YprimCfrO
2021-02-24T19:21:46.880986601Z 929 5bb4ZqHsazdpChyJMTTwpJAwM3XNGzzvIvAPIl1EKo8dzY6rsRDjVy3nb0Iw
2021-02-24T19:21:46.892454026Z 930 BVfFFmv7YobNwwK25f7vFX3ARVeTMV0rNczOrRxEUZbfyrkDiomTmDLRN3LS
2021-02-24T19:21:46.903953610Z 931 05QLTUSTtbeUp9ucWde44w4ioYIC8wGq1gwzdGifwqM8R6VzKO80IjbmSGNN
2021-02-24T19:21:46.915359246Z 932 3rtkEwREoiZH4KGjRIyUWdb3pspKPK2aO5AGYRFbATK3VcHejzUrsOtra8qy
2021-02-24T19:21:46.926858613Z 933 itCn9C8AQUsixPY67Ly2KedAgnFZHp9L6n67FWwcbLmeNWl01HjaqDcxPUFs
2021-02-24T19:21:46.938863919Z 934 H1LkJ8unoK8JzLNEVRHQ8Im7qgfDf9u95SnNe9jfPWFmk7V58FqkD9Gzj2xV
2021-02-24T19:21:46.949969779Z 935 xK4IP9XnWNELadf9z3L5JPGuQhk9vk19qLQ9gEJrE24mKB24YWji12GflRre
2021-02-24T19:21:46.961483812Z 936 GGvLiott396WsffIEbT4BMCbSeRV1wlBo4Le0RUMXr08mSWHKwPTDGYk6QkN
2021-02-24T19:21:46.972091366Z 937 NqPw59mDnuyGyJt1sF9aUVTEC8BBjEfrb6C8SPJYA7JDofEMTH3gGxdxTcoq
2021-02-24T19:21:46.983799151Z 938 qaMfO5162SRm4udlEVTKlgiOZ5D1SuvhPWbrDx75NwxzO7zmDiLqU56Cm9Fd
2021-02-24T19:21:46.995667838Z 939 F6JqXPBeWOK9LrQvmJODOphVbeXGnoXJqHn9j1M6G0exuirTqvRAMwmudYE1
2021-02-24T19:21:47.005855272Z 940 GLsn5d4QGHy48OhwgjcrAf1sjqmphjVy21WwTNDqti4VUEgH746Ez0NgG4SA
2021-02-24T19:21:47.016915535Z 941 lxwqFBex0r5EzPhkk8MNy9EMBbaIiw1ILCQOH0Swbh4nzBX24RM9MbuZqfCU
2021-02-24T19:21:47.028421794Z 942 AeH0KchTFiKmJJJOQv2QuZRfvMeC6l5IFG1M8QDv7aix2haAi27l8M1jiygF
2021-02-24T19:21:47.039837329Z 943 jIH4JEtDHhXmXmwZdcfsTs3CQDfrdS1DHahbnEgyt8wmdmwo6bv3V4TdE1ux
2021-02-24T19:21:47.051640755Z 944 OBRHPd5OGspbVmj4CpAYumJaMPcMw7DoKxsijZQGFg6GKQ8l8ejJYhfkgAPH
2021-02-24T19:21:47.062355172Z 945 DK3gmGdHCfafllNgfnSTW81WnE8FIy1L9SDHnbtFkWk22MFCaIXlypeK9Db5
2021-02-24T19:21:47.072965697Z 946 ObykHaFKg1wou2rksfftJluLWFqLhqmKkNLobjFHeuzevV1thRDVGRj5vAWA
2021-02-24T19:21:47.084559823Z 947 njFMQZEUBtO2xkyyyS3Kc4MAVJAlhDqwoi3ONCsjeuUaM208RHQSZRdNNshz
2021-02-24T19:21:47.095715654Z 948 5ELM3M8IVzmzj8u54ecE0CbQKi3eEhjSqFMFCkGRmHCEZP3u337igNbMcIxD
2021-02-24T19:21:47.106995350Z 949 nnsay5vh5Fhnt5CQmbIfguNP1tq5uf7Gft3ou0hr6vHF2NlkTjMSTNd7ch6F
2021-02-24T19:21:47.118810756Z 950 XNT8iU4I080p7mguqFJljNiwFH16HllyROczPn7slpxfAF2LUaJowCk0WnBM
2021-02-24T19:21:47.131501077Z 951 yFWcJ4BDecLTC5FXYi1j7iTA2dovCCONspzttaTPoyHgacrGioNbwSLL8Kig
2021-02-24T19:21:47.142256311Z 952 9aBtKSWTqsaoc0BB9dLVviYlg5149f84ACmLtwCbY9EFywNVlwhJvfPSHM7n
2021-02-24T19:21:47.153224347Z 953 2ntjp5fv3wdHky1gbDQxgvt7E3XvQ1GPJDxduAMiIVyoVIBOz2JIm9rIGOGz
2021-02-24T19:21:47.164200455Z 954 kHAyN4tgEGMHMkMYcBErEcWCgWfERFeMEXXCxXpLXfGqbhyuIZHKYSvz6Zfc
2021-02-24T19:21:47.175573493Z 955 ShMMGzeuScGSSc5FkI7sydcKiEe1BEYmiAAWAlr4YrdbrKSpKuchov6ElVyD
2021-02-24T19:21:47.186265145Z 956 qps6gh1kz1uC7OpNiyLeENaw36MKEjsScCVtshrHklXsT230zLV2TtudcL8P
2021-02-24T19:21:47.197635512Z 957 K7rVqTmtcGERw6j5jCMs0cPABfYpJk80GvA01sVmCOizH9yVShB5hUiNfDKu
2021-02-24T19:21:47.208505457Z 958 mJSTVlTijZ5rWcziQpD2EB6mwkaJ3sc5cRvPcRmwJ9XWOsuPmXmuNVrVrKuw
2021-02-24T19:21:47.219600489Z 959 4atOGWzBQPMPvUFbildDmcJqA9YluojOBCGBz8yTK95wMgdszRd0zXx6psaC
2021-02-24T19:21:47.230699276Z 960 ytnkrOjJ5zJao8eoyfLVQ3vteaCJMylAI1N6Ky8tPYmwUpUZiFsYaoCmB7ya
2021-02-24T19:21:47.242026342Z 961 Gh1WaaJj7hMWefOkBzVwr1w1aF30XhXHZ1qVwIXcwFJLKRo3FIQIANH577Pq
2021-02-24T19:21:47.253329749Z 962 iBXttIe7K4JTuwCXCwdr5ktXRv0MQbaOQJGVoW5hII5w4tJC54YTc1WhUkex
2021-02-24T19:21:47.264156385Z 963 05gh3vDIfK8abbs6UWjHVBbdRETdz1xs5xndjFVQDJbqlD5pIHmk4jTMOJjp
2021-02-24T19:21:47.275509562Z 964 tNLee69s48311FiL5AbH6ZgBe1neMapj1QrPZcR117bTR1uj1WvNtyXmJgdA
2021-02-24T19:21:47.286185653Z 965 BfgYmBdXpo70L53NqhfMlaGgA9L49wQVlxsW0z1Hq4LUB2sFlmejLWNEtdZO
2021-02-24T19:21:47.297703136Z 966 rO4T4yM1oqdz74DwqIRPH18gZrhTsZdD51jzUaSHuK3dXWo2d5sIMsD7IUka
2021-02-24T19:21:47.309732553Z 967 rQhlvfLNj1GTPqnZuVHftzRcKipW5mtTCtG9qjbvrGvriNnUS0iVopwODODj
2021-02-24T19:21:47.321659012Z 968 DfJCZjsqaQUW3MQXjcDZX5XITKJ0ab4cL4fwD11WxZAOg1UmGYY3wnND2HUa
2021-02-24T19:21:47.332958102Z 969 EwfmhLuE8f2oWzzvJYcwy6Zd79tZOuuJBghfEAe45rfyOsCfSEBvkU4SVjZM
2021-02-24T19:21:47.344357673Z 970 yk8y9O5SbfP3ABsYbYy4grJ21MVf60NLot0hFHibq4dXGCUR7ZvD4yiXPPrr
2021-02-24T19:21:47.355555595Z 971 xYcxdSkuLJgtO3HETUFVZVlIICRa5eUTgvauDW5RsNPiGhNTTuHd4aZ0HVIh
2021-02-24T19:21:47.366521305Z 972 pY8KXFCoJtpjxqsy4079jOdREKZi48TJxj95DKWtthVqqhx0SnrY7gHYd17R
2021-02-24T19:21:47.377089174Z 973 MlsshTKLGExAcuSgvkiAVbCh9fTH3o2a7DGblloEWSDS3QjUw3kCs6adMI8Z
2021-02-24T19:21:47.388240750Z 974 RKuCeSplF6AlxOIDyn5OWlfDGXpXct9Ru1HR4fWu393uxTuAuu1ZjAJqIuPp
2021-02-24T19:21:47.399143665Z 975 ujWC58VnasiNWw1k2YjDm0jKIKIYpkDkkzIpYkYRDW35OUZ27SH9cu95CaBm
2021-02-24T19:21:47.410811160Z 976 udaPXSB6UYz2laQ04MwfXECPjiLe63oRHXoGuPpza0zs1S2VguIZrHgfYcoo
2021-02-24T19:21:47.423902849Z 977 bAncW4DP7uHECeNNDbLoRL25wqE989WsW70gOpqWzFCTW5vUbbO9cUvhiEds
2021-02-24T19:21:47.434691061Z 978 LGI7vivpmqnU5JfKfJ6y53njRcKN6CNxdxvx4pq84BK1znq4x1rDO410H8HD
2021-02-24T19:21:47.445148064Z 979 69CyMI4I2D4ucWpMrf2QLzLJe6ZIuqREJyOYhETOLXxqq4vpDBr0ukfiQnrf
2021-02-24T19:21:47.456763735Z 980 SWxDQlqD177qFIKGVsHYllmlTjIpMipxDIscADrVPBYjMGddcEdJwuWl3k0V
2021-02-24T19:21:47.468332301Z 981 hp87b2aYGkoQJ9vH46jY5xu4Hpr9ImLSII9ffPx7UcyPSnQLfSZnqXSfAuhW
2021-02-24T19:21:47.479823611Z 982 6IGKkIznX9e73iyTUWyW5th4ep5b119Ldiy834uDmp9mqlytfQH7Tg6wJ8SL
2021-02-24T19:21:47.491174537Z 983 kfi11e8ozXa3KIE6S78kIkVsEBakxoyUywiqZMUjkvRDfsPcUEPbFrwBudnj
2021-02-24T19:21:47.502280326Z 984 EtNXuT19Hb7PRRIe7O8gruVOqTBRVeHNaKqpZsRBzKzKDUA7A0XUiQQVMyxg
2021-02-24T19:21:47.513129587Z 985 hv8GvseP17dTgMaIxUsMQe0olbGVLJYc7BPGUjTOgE9ofnRlRrZywyZJafI0
2021-02-24T19:21:47.524374596Z 986 XHUTrBxt3ClS2qgWDmwUnQg95aNWfwJouoE1Y8r8g0yqfRF65wQjgaRnmyI3
2021-02-24T19:21:47.535722819Z 987 Ex7MhisGGe05Mhis0tdSdr9ZWpWWqRpPR9kIFvALhNM76MsEbiZRjDuTEMsm
2021-02-24T19:21:47.546204990Z 988 a1X6N7ImKBeAgAxGuxEeXp8ppD7YftqpjPoG4acRU0onGDeqnbxfJGvZC2fQ
2021-02-24T19:21:47.557577165Z 989 tgkSs7jTbzcuIpSz5ZVcZsdMPslZ0V7A2nc3Wydj5s9BunzvzXHormsjYnle
2021-02-24T19:21:47.568663011Z 990 llcwA2cCU8BRmcilGKvHjMm8q2pbb66Oo7jdGn885YD0dABbYro2aisOIfU2
2021-02-24T19:21:47.578887823Z 991 0btMh6tJ1ox08pUUGVdTnGRxh7o3TamJ9tH8qOinKXDTSqP3uXqasOBbqTtW
2021-02-24T19:21:47.590675003Z 992 fAyi87RzL5aqmEnQabATEEOZMiMLGoBabEM5DrsCIyE9k0BjDstB5VMDLOFE
2021-02-24T19:21:47.601096029Z 993 6D6j1WIwiIYMUfMoyopT7oRWLcl3dGdWsyvCDq5W3IGY00XTY4P5zaqifblO
2021-02-24T19:21:47.612933991Z 994 pBcbBUL4JQNxw2NO5lxxkmv5HYjVdBbSDMg1GkIUDHX2lgTmNYgEuLJBSGg6
2021-02-24T19:21:47.624464045Z 995 q9MOu34Rf7DgqrPMlqDG7rcdeQz9rz9snCOrGHiGMnM9bUD30TqA7oFUqSfM
2021-02-24T19:21:47.635746005Z 996 pBfWYw8dAVb4DN9Qok3HWUGhFaEyg79EKnhxtBklCEM8DLvrvr3uxjgKQDqF
2021-02-24T19:21:47.646826544Z 997 HKRcbq6UUhykH8pQha3hEYg4UsDa0xqz4Pdmsslowuj12Cw5wnD4AVK7HQSN
2021-02-24T19:21:47.658799889Z 998 RHV7HWCG5D4xfiPeDFkSwMvlO56MTA7Yc9UKHyGBmfAoIA5FrwDLo5yE2uPF
2021-02-24T19:21:47.670152379Z 999 dnezB8w1jCPBzcHTPy0Wn44Jxz2UYWUJyKBJvzh87jgwEelxNN6NHPJyBi56
