2021-02-17T19:00:03.278493167Z  running: (['/opt/scylladb/scripts/scylla_dev_mode_setup', '--developer-mode', '1'],)
2021-02-17T19:00:03.784173018Z  running: (['/opt/scylladb/scripts/scylla_io_setup'],)
2021-02-17T19:00:04.170166879Z  2021-02-17 19:00:04,169 CRIT Supervisor is running as root.  Privileges were not dropped because no user is specified in the config file.  If you intend to run as root, you can set user=root in the config file to avoid this message.
2021-02-17T19:00:04.170205338Z  2021-02-17 19:00:04,169 INFO Included extra file "/etc/supervisord.conf.d/node-exporter.conf" during parsing
2021-02-17T19:00:04.170308301Z  2021-02-17 19:00:04,170 INFO Included extra file "/etc/supervisord.conf.d/rsyslog.conf" during parsing
2021-02-17T19:00:04.170513482Z  2021-02-17 19:00:04,170 INFO Included extra file "/etc/supervisord.conf.d/scylla-housekeeping.conf" during parsing
2021-02-17T19:00:04.170708494Z  2021-02-17 19:00:04,170 INFO Included extra file "/etc/supervisord.conf.d/scylla-jmx.conf" during parsing
2021-02-17T19:00:04.170879629Z  2021-02-17 19:00:04,170 INFO Included extra file "/etc/supervisord.conf.d/scylla-server.conf" during parsing
2021-02-17T19:00:04.171064053Z  2021-02-17 19:00:04,170 INFO Included extra file "/etc/supervisord.conf.d/sshd-server.conf" during parsing
2021-02-17T19:00:04.207011392Z  2021-02-17 19:00:04,206 INFO RPC interface 'supervisor' initialized
2021-02-17T19:00:04.207302351Z  2021-02-17 19:00:04,207 CRIT Server 'inet_http_server' running without any HTTP authentication checking
2021-02-17T19:00:04.207676437Z  2021-02-17 19:00:04,207 INFO supervisord started with pid 26
2021-02-17T19:00:05.211272300Z  2021-02-17 19:00:05,210 INFO spawned: 'scylla' with pid 29
2021-02-17T19:00:05.214778346Z  2021-02-17 19:00:05,213 INFO spawned: 'scylla-housekeeping' with pid 30
2021-02-17T19:00:05.217215103Z  2021-02-17 19:00:05,216 INFO spawned: 'sshd' with pid 31
2021-02-17T19:00:05.221893539Z  2021-02-17 19:00:05,219 INFO spawned: 'scylla-jmx' with pid 32
2021-02-17T19:00:05.223886981Z  2021-02-17 19:00:05,223 INFO spawned: 'rsyslog' with pid 33
2021-02-17T19:00:05.229950858Z  2021-02-17 19:00:05,226 INFO spawned: 'node-exporter' with pid 34
2021-02-17T19:00:05.267710646Z  Generating public/private ed25519 key pair.
2021-02-17T19:00:05.267759916Z  Your identification has been saved in /etc/ssh/ssh_host_ed25519_key.
2021-02-17T19:00:05.267732472Z  time="2021-02-17T19:00:05Z" level=info msg="Starting node_exporter (version=0.17.0, branch=HEAD, revision=f6f6194a436b9a63d0439abc585c76b19a206b21)" source="node_exporter.go:82"
2021-02-17T19:00:05.267805194Z  time="2021-02-17T19:00:05Z" level=info msg="Build context (go=go1.11.2, user=root@322511e06ced, date=20181130-15:51:33)" source="node_exporter.go:83"
2021-02-17T19:00:05.267817468Z  time="2021-02-17T19:00:05Z" level=info msg="Enabled collectors:" source="node_exporter.go:90"
2021-02-17T19:00:05.267827815Z  time="2021-02-17T19:00:05Z" level=info msg=" - arp" source="node_exporter.go:97"
2021-02-17T19:00:05.267838417Z  time="2021-02-17T19:00:05Z" level=info msg=" - bcache" source="node_exporter.go:97"
2021-02-17T19:00:05.267866994Z  time="2021-02-17T19:00:05Z" level=info msg=" - bonding" source="node_exporter.go:97"
2021-02-17T19:00:05.267877897Z  time="2021-02-17T19:00:05Z" level=info msg=" - conntrack" source="node_exporter.go:97"
2021-02-17T19:00:05.267887697Z  time="2021-02-17T19:00:05Z" level=info msg=" - cpu" source="node_exporter.go:97"
2021-02-17T19:00:05.267897355Z  time="2021-02-17T19:00:05Z" level=info msg=" - diskstats" source="node_exporter.go:97"
2021-02-17T19:00:05.267906960Z  time="2021-02-17T19:00:05Z" level=info msg=" - edac" source="node_exporter.go:97"
2021-02-17T19:00:05.267916618Z  time="2021-02-17T19:00:05Z" level=info msg=" - entropy" source="node_exporter.go:97"
2021-02-17T19:00:05.267925989Z  time="2021-02-17T19:00:05Z" level=info msg=" - filefd" source="node_exporter.go:97"
2021-02-17T19:00:05.267935445Z  time="2021-02-17T19:00:05Z" level=info msg=" - filesystem" source="node_exporter.go:97"
2021-02-17T19:00:05.267945162Z  time="2021-02-17T19:00:05Z" level=info msg=" - hwmon" source="node_exporter.go:97"
2021-02-17T19:00:05.267954675Z  time="2021-02-17T19:00:05Z" level=info msg=" - infiniband" source="node_exporter.go:97"
2021-02-17T19:00:05.267964137Z  time="2021-02-17T19:00:05Z" level=info msg=" - interrupts" source="node_exporter.go:97"
2021-02-17T19:00:05.267973560Z  time="2021-02-17T19:00:05Z" level=info msg=" - ipvs" source="node_exporter.go:97"
2021-02-17T19:00:05.267982838Z  time="2021-02-17T19:00:05Z" level=info msg=" - loadavg" source="node_exporter.go:97"
2021-02-17T19:00:05.267992230Z  time="2021-02-17T19:00:05Z" level=info msg=" - mdadm" source="node_exporter.go:97"
2021-02-17T19:00:05.268001712Z  time="2021-02-17T19:00:05Z" level=info msg=" - meminfo" source="node_exporter.go:97"
2021-02-17T19:00:05.268011248Z  time="2021-02-17T19:00:05Z" level=info msg=" - netclass" source="node_exporter.go:97"
2021-02-17T19:00:05.268020924Z  time="2021-02-17T19:00:05Z" level=info msg=" - netdev" source="node_exporter.go:97"
2021-02-17T19:00:05.268032182Z  time="2021-02-17T19:00:05Z" level=info msg=" - netstat" source="node_exporter.go:97"
2021-02-17T19:00:05.268042449Z  time="2021-02-17T19:00:05Z" level=info msg=" - nfs" source="node_exporter.go:97"
2021-02-17T19:00:05.268051856Z  time="2021-02-17T19:00:05Z" level=info msg=" - nfsd" source="node_exporter.go:97"
2021-02-17T19:00:05.268061352Z  time="2021-02-17T19:00:05Z" level=info msg=" - sockstat" source="node_exporter.go:97"
2021-02-17T19:00:05.268071029Z  time="2021-02-17T19:00:05Z" level=info msg=" - stat" source="node_exporter.go:97"
2021-02-17T19:00:05.268080170Z  time="2021-02-17T19:00:05Z" level=info msg=" - textfile" source="node_exporter.go:97"
2021-02-17T19:00:05.268089420Z  time="2021-02-17T19:00:05Z" level=info msg=" - time" source="node_exporter.go:97"
2021-02-17T19:00:05.268098799Z  time="2021-02-17T19:00:05Z" level=info msg=" - timex" source="node_exporter.go:97"
2021-02-17T19:00:05.268108049Z  time="2021-02-17T19:00:05Z" level=info msg=" - uname" source="node_exporter.go:97"
2021-02-17T19:00:05.268123876Z  time="2021-02-17T19:00:05Z" level=info msg=" - vmstat" source="node_exporter.go:97"
2021-02-17T19:00:05.268134247Z  time="2021-02-17T19:00:05Z" level=info msg=" - xfs" source="node_exporter.go:97"
2021-02-17T19:00:05.268143830Z  time="2021-02-17T19:00:05Z" level=info msg=" - zfs" source="node_exporter.go:97"
2021-02-17T19:00:05.268153524Z  time="2021-02-17T19:00:05Z" level=info msg="Listening on :9100" source="node_exporter.go:111"
2021-02-17T19:00:05.267773252Z  Your public key has been saved in /etc/ssh/ssh_host_ed25519_key.pub.
2021-02-17T19:00:05.268175486Z  The key fingerprint is:
2021-02-17T19:00:05.268184685Z  SHA256:VUBOIB5GIl7ftZGYmVfvmknIUjiGxMRlQgjdOYF0Or0 root@982a59e86a5b
2021-02-17T19:00:05.268193986Z  The key's randomart image is:
2021-02-17T19:00:05.268202768Z  +--[ED25519 256]--+
2021-02-17T19:00:05.268211546Z  |  o++X%++B*+o    |
2021-02-17T19:00:05.268220370Z  | . o+X*B==o+ .   |
2021-02-17T19:00:05.268229234Z  |  . o =.=.=   .  |
2021-02-17T19:00:05.268238018Z  |     . o = . .   |
2021-02-17T19:00:05.268246642Z  |      E S o . .  |
2021-02-17T19:00:05.268255377Z  |         . . +   |
2021-02-17T19:00:05.268264232Z  |            +    |
2021-02-17T19:00:05.268273112Z  |                 |
2021-02-17T19:00:05.268281705Z  |                 |
2021-02-17T19:00:05.268290352Z  +----[SHA256]-----+
2021-02-17T19:00:05.700291207Z  Scylla version 4.3.0-0.20210110.000585522 with build-id 7fab6c35a5d403f3416292b37c9a9aa94fe4db1f starting ...
2021-02-17T19:00:05.700333830Z  command used: "/usr/bin/scylla --log-to-syslog 0 --log-to-stdout 1 --default-log-level info --network-stack posix --developer-mode=1 --overprovisioned --listen-address 10.0.13.6 --rpc-address 10.0.13.6 --seed-provider-parameters seeds=10.0.13.6 --blocked-reactor-notify-ms 999999999"
2021-02-17T19:00:05.700345881Z  parsed command line options: [log-to-syslog: 0, log-to-stdout: 1, default-log-level: info, network-stack: posix, developer-mode: 1, overprovisioned, listen-address: 10.0.13.6, rpc-address: 10.0.13.6, seed-provider-parameters: seeds=10.0.13.6, blocked-reactor-notify-ms: 999999999]
2021-02-17T19:00:05.760331799Z  WARN  2021-02-17 19:00:05,759 [shard 0] seastar - Unable to set SCHED_FIFO scheduling policy for timer thread; latency impact possible. Try adding CAP_SYS_NICE
2021-02-17T19:00:05.801038476Z  INFO  2021-02-17 19:00:05,800 [shard 0] init - installing SIGHUP handler
2021-02-17T19:00:05.808620452Z  INFO  2021-02-17 19:00:05,808 [shard 0] init - Scylla version 4.3.0-0.20210110.000585522 with build-id 7fab6c35a5d403f3416292b37c9a9aa94fe4db1f starting ...
2021-02-17T19:00:05.808657569Z  
2021-02-17T19:00:05.816194321Z  INFO  2021-02-17 19:00:05,814 [shard 0] init - starting prometheus API server
2021-02-17T19:00:05.823348213Z  INFO  2021-02-17 19:00:05,822 [shard 0] init - starting tokens manager
2021-02-17T19:00:05.824291758Z  INFO  2021-02-17 19:00:05,823 [shard 0] init - starting migration manager notifier
2021-02-17T19:00:05.825233268Z  INFO  2021-02-17 19:00:05,824 [shard 0] init - creating tracing
2021-02-17T19:00:05.825975097Z  INFO  2021-02-17 19:00:05,825 [shard 0] init - creating snitch
2021-02-17T19:00:05.827413243Z  INFO  2021-02-17 19:00:05,826 [shard 0] init - determining DNS name
2021-02-17T19:00:05.827458596Z  INFO  2021-02-17 19:00:05,826 [shard 0] init - starting API server
2021-02-17T19:00:05.828936395Z  INFO  2021-02-17 19:00:05,828 [shard 0] init - Scylla API server listening on 127.0.0.1:10000 ...
2021-02-17T19:00:05.832280626Z  INFO  2021-02-17 19:00:05,831 [shard 0] init - initializing storage service
2021-02-17T19:00:05.832919824Z  INFO  2021-02-17 19:00:05,832 [shard 0] init - starting per-shard database core
2021-02-17T19:00:05.836737984Z  WARN  2021-02-17 19:00:05,836 [shard 0] init - I/O Scheduler is not properly configured! This is a non-supported setup, and performance is expected to be unpredictably bad.
2021-02-17T19:00:05.836790785Z   Reason found: none of --max-io-requests, --io-properties and --io-properties-file are set.
2021-02-17T19:00:05.836804255Z  To properly configure the I/O Scheduler, run the scylla_io_setup utility shipped with Scylla.
2021-02-17T19:00:05.836814559Z  
2021-02-17T19:00:05.837952479Z  INFO  2021-02-17 19:00:05,837 [shard 0] init - creating and verifying directories
2021-02-17T19:00:05.887713250Z  Generating public/private rsa key pair.
2021-02-17T19:00:05.887752451Z  Your identification has been saved in /etc/ssh/ssh_host_rsa_key.
2021-02-17T19:00:05.887764111Z  Your public key has been saved in /etc/ssh/ssh_host_rsa_key.pub.
2021-02-17T19:00:05.887774115Z  The key fingerprint is:
2021-02-17T19:00:05.887783409Z  SHA256:T/aryAUB4f34sCBLfNgYR7VD4aCqb2Y7gSOcZ3HIEJk root@982a59e86a5b
2021-02-17T19:00:05.887792758Z  The key's randomart image is:
2021-02-17T19:00:05.887801697Z  +---[RSA 4096]----+
2021-02-17T19:00:05.887810694Z  | .+   =o+.       |
2021-02-17T19:00:05.887819582Z  | E   + * .       |
2021-02-17T19:00:05.887828445Z  |  o + o *        |
2021-02-17T19:00:05.887837443Z  |   * B   =       |
2021-02-17T19:00:05.887846500Z  |..o O + S +      |
2021-02-17T19:00:05.887855618Z  |++.+ + . O .     |
2021-02-17T19:00:05.887864475Z  |o.o..   . + .    |
2021-02-17T19:00:05.887873361Z  | .=    . o   .   |
2021-02-17T19:00:05.887882087Z  | +oo    o ...    |
2021-02-17T19:00:05.887891044Z  +----[SHA256]-----+
2021-02-17T19:00:05.902539540Z  Could not load host key: /etc/ssh/ssh_host_ecdsa_key
2021-02-17T19:00:06.061388129Z  Connecting to http://localhost:10000
2021-02-17T19:00:06.061430184Z  Starting the JMX server
2021-02-17T19:00:06.329983463Z  INFO  2021-02-17 19:00:06,329 [shard 0] database - Populating Keyspace system_schema
2021-02-17T19:00:06.330010654Z  INFO  2021-02-17 19:00:06,329 [shard 0] database - Keyspace system_schema: Reading CF view_virtual_columns id=08843b63-45dc-3be2-9798-a0418295cfaa version=c777531c-15f7-326f-8ebe-39fd0265c8c9
2021-02-17T19:00:06.330037181Z  INFO  2021-02-17 19:00:06,329 [shard 0] database - Keyspace system_schema: Reading CF computed_columns id=cc7c7069-3740-33c1-92a4-c3de78dbd2c4 version=2b8c4439-de76-31e0-807f-3b7290a975d7
2021-02-17T19:00:06.330048933Z  INFO  2021-02-17 19:00:06,329 [shard 0] database - Keyspace system_schema: Reading CF aggregates id=924c5587-2e3a-345b-b10c-12f37c1ba895 version=4b53e92c-0368-3d5c-b959-2ec1bfd1a59f
2021-02-17T19:00:06.330059511Z  INFO  2021-02-17 19:00:06,329 [shard 0] database - Keyspace system_schema: Reading CF functions id=96489b79-80be-3e14-a701-66a0b9159450 version=329ed804-55b3-3eee-ad61-d85317b96097
2021-02-17T19:00:06.330069835Z  INFO  2021-02-17 19:00:06,329 [shard 0] database - Keyspace system_schema: Reading CF views id=9786ac1c-dd58-3201-a7cd-ad556410c985 version=5b58bb47-96e7-3f57-accf-0bfca4dbbc6e
2021-02-17T19:00:06.330372183Z  2021-02-17 19:00:06,330 INFO success: scylla entered RUNNING state, process has stayed up for > than 1 seconds (startsecs)
2021-02-17T19:00:06.330606604Z  2021-02-17 19:00:06,330 INFO success: scylla-housekeeping entered RUNNING state, process has stayed up for > than 1 seconds (startsecs)
2021-02-17T19:00:06.331049454Z  2021-02-17 19:00:06,330 INFO success: sshd entered RUNNING state, process has stayed up for > than 1 seconds (startsecs)
2021-02-17T19:00:06.331436012Z  2021-02-17 19:00:06,331 INFO success: scylla-jmx entered RUNNING state, process has stayed up for > than 1 seconds (startsecs)
2021-02-17T19:00:06.331710845Z  2021-02-17 19:00:06,331 INFO success: rsyslog entered RUNNING state, process has stayed up for > than 1 seconds (startsecs)
2021-02-17T19:00:06.331928594Z  2021-02-17 19:00:06,331 INFO success: node-exporter entered RUNNING state, process has stayed up for > than 1 seconds (startsecs)
2021-02-17T19:00:06.332282595Z  INFO  2021-02-17 19:00:06,329 [shard 0] database - Keyspace system_schema: Reading CF indexes id=0feb57ac-311f-382f-ba6d-9024d305702f version=99c40462-8687-304e-abe3-2bdbef1f25aa
2021-02-17T19:00:06.332315705Z  INFO  2021-02-17 19:00:06,329 [shard 0] database - Keyspace system_schema: Reading CF types id=5a8b1ca8-6602-3f77-a045-9273d308917a version=de51b2ce-5e4d-3b7d-a75f-2204332ce8d1
2021-02-17T19:00:06.332326524Z  INFO  2021-02-17 19:00:06,329 [shard 0] database - Keyspace system_schema: Reading CF triggers id=4df70b66-6b05-3251-95a1-32b54005fd48 version=582d7071-1ef0-37c8-adc6-471a13636139
2021-02-17T19:00:06.332336989Z  INFO  2021-02-17 19:00:06,329 [shard 0] database - Keyspace system_schema: Reading CF dropped_columns id=5e7583b5-f3f4-3af1-9a39-b7e1d6f5f11f version=7426bc6c-4c2f-3200-8ad8-4329610ed59a
2021-02-17T19:00:06.332347201Z  INFO  2021-02-17 19:00:06,329 [shard 0] database - Keyspace system_schema: Reading CF columns id=24101c25-a2ae-3af7-87c1-b40ee1aca33f version=d33236d4-9bdd-3c09-abf0-a0bc5edc2526
2021-02-17T19:00:06.332357230Z  INFO  2021-02-17 19:00:06,329 [shard 0] database - Keyspace system_schema: Reading CF scylla_tables id=5d912ff1-f759-3665-b2c8-8042ab5103dd version=38e5e56b-155d-39b5-a0d2-8e5dcad42a26
2021-02-17T19:00:06.332367541Z  INFO  2021-02-17 19:00:06,329 [shard 0] database - Keyspace system_schema: Reading CF tables id=afddfb9d-bc1e-3068-8056-eed6c302ba09 version=b6240810-eeb7-36d5-9411-43b2d68dddab
2021-02-17T19:00:06.332388061Z  INFO  2021-02-17 19:00:06,329 [shard 0] database - Keyspace system_schema: Reading CF keyspaces id=abac5682-dea6-31c5-b535-b3d6cffd0fb6 version=e79ca8ba-6556-3f7d-925a-7f20cf57938c
2021-02-17T19:00:06.827945705Z  JMX is enabled to receive remote connections on port: 7199
2021-02-17T19:00:10.855830075Z  Traceback (most recent call last):
2021-02-17T19:00:10.855856686Z    File "/opt/scylladb/scripts/libexec/scylla-housekeeping", line 208, in <module>
2021-02-17T19:00:10.855869007Z      args.func(args)
2021-02-17T19:00:10.855879438Z    File "/opt/scylladb/scripts/libexec/scylla-housekeeping", line 134, in check_version
2021-02-17T19:00:10.855889959Z      current_version = sanitize_version(get_api('/storage_service/scylla_release_version'))
2021-02-17T19:00:10.855900545Z    File "/opt/scylladb/scripts/libexec/scylla-housekeeping", line 93, in get_api
2021-02-17T19:00:10.855911325Z      return get_json_from_url("http://" + api_address + path)
2021-02-17T19:00:10.855921685Z    File "/opt/scylladb/scripts/libexec/scylla-housekeeping", line 88, in get_json_from_url
2021-02-17T19:00:10.855932245Z      raise RuntimeError(f'Failed to get "{path}" due to the following error: {retval}')
2021-02-17T19:00:10.855942699Z  RuntimeError: Failed to get "http://localhost:10000/storage_service/scylla_release_version" due to the following error: HTTP Error 404: Not Found
2021-02-17T19:00:13.126298385Z  INFO  2021-02-17 19:00:13,125 [shard 0] database - Found temporary sstable directory: "/var/lib/scylla/data/system_schema/keyspaces-abac5682dea631c5b535b3d6cffd0fb6/0000000000001162.sstable", removing
2021-02-17T19:00:13.126325338Z  INFO  2021-02-17 19:00:13,125 [shard 0] database - Found temporary sstable directory: "/var/lib/scylla/data/system_schema/keyspaces-abac5682dea631c5b535b3d6cffd0fb6/0000000000001163.sstable", removing
2021-02-17T19:00:13.208649193Z  INFO  2021-02-17 19:00:13,208 [shard 3] sstable_directory - Removing file /var/lib/scylla/data/system_schema/keyspaces-abac5682dea631c5b535b3d6cffd0fb6/md-1163-big-Digest.crc32
2021-02-17T19:00:13.210407732Z  INFO  2021-02-17 19:00:13,209 [shard 3] sstable_directory - Removing file /var/lib/scylla/data/system_schema/keyspaces-abac5682dea631c5b535b3d6cffd0fb6/md-1163-big-TOC.txt.tmp
2021-02-17T19:00:13.210847481Z  INFO  2021-02-17 19:00:13,210 [shard 3] sstable_directory - Removing file /var/lib/scylla/data/system_schema/keyspaces-abac5682dea631c5b535b3d6cffd0fb6/md-1163-big-Filter.db
2021-02-17T19:00:13.211279967Z  INFO  2021-02-17 19:00:13,211 [shard 3] sstable_directory - Removing file /var/lib/scylla/data/system_schema/keyspaces-abac5682dea631c5b535b3d6cffd0fb6/md-1163-big-Statistics.db
2021-02-17T19:00:13.212298115Z  INFO  2021-02-17 19:00:13,212 [shard 3] sstable_directory - Removing file /var/lib/scylla/data/system_schema/keyspaces-abac5682dea631c5b535b3d6cffd0fb6/md-1163-big-Index.db
2021-02-17T19:00:13.212694263Z  INFO  2021-02-17 19:00:13,212 [shard 3] sstable_directory - Removing file /var/lib/scylla/data/system_schema/keyspaces-abac5682dea631c5b535b3d6cffd0fb6/md-1163-big-Summary.db
2021-02-17T19:00:13.213099568Z  INFO  2021-02-17 19:00:13,212 [shard 3] sstable_directory - Removing file /var/lib/scylla/data/system_schema/keyspaces-abac5682dea631c5b535b3d6cffd0fb6/md-1163-big-CompressionInfo.db
2021-02-17T19:00:13.214246738Z  INFO  2021-02-17 19:00:13,213 [shard 3] sstable_directory - Removing file /var/lib/scylla/data/system_schema/keyspaces-abac5682dea631c5b535b3d6cffd0fb6/md-1163-big-Data.db
2021-02-17T19:00:13.214598893Z  INFO  2021-02-17 19:00:13,208 [shard 2] sstable_directory - Removing file /var/lib/scylla/data/system_schema/keyspaces-abac5682dea631c5b535b3d6cffd0fb6/md-1162-big-Data.db
2021-02-17T19:00:13.214945288Z  INFO  2021-02-17 19:00:13,214 [shard 2] sstable_directory - Removing file /var/lib/scylla/data/system_schema/keyspaces-abac5682dea631c5b535b3d6cffd0fb6/md-1162-big-Digest.crc32
2021-02-17T19:00:13.214964906Z  INFO  2021-02-17 19:00:13,214 [shard 2] sstable_directory - Removing file /var/lib/scylla/data/system_schema/keyspaces-abac5682dea631c5b535b3d6cffd0fb6/md-1162-big-Index.db
2021-02-17T19:00:13.215918980Z  INFO  2021-02-17 19:00:13,214 [shard 2] sstable_directory - Removing file /var/lib/scylla/data/system_schema/keyspaces-abac5682dea631c5b535b3d6cffd0fb6/md-1162-big-Filter.db
2021-02-17T19:00:13.215938575Z  INFO  2021-02-17 19:00:13,215 [shard 2] sstable_directory - Removing file /var/lib/scylla/data/system_schema/keyspaces-abac5682dea631c5b535b3d6cffd0fb6/md-1162-big-CompressionInfo.db
2021-02-17T19:00:13.215949588Z  INFO  2021-02-17 19:00:13,215 [shard 2] sstable_directory - Removing file /var/lib/scylla/data/system_schema/keyspaces-abac5682dea631c5b535b3d6cffd0fb6/md-1162-big-Statistics.db
2021-02-17T19:00:13.215959825Z  INFO  2021-02-17 19:00:13,215 [shard 2] sstable_directory - Removing file /var/lib/scylla/data/system_schema/keyspaces-abac5682dea631c5b535b3d6cffd0fb6/md-1162-big-Scylla.db
2021-02-17T19:00:13.216264629Z  INFO  2021-02-17 19:00:13,215 [shard 2] sstable_directory - Removing file /var/lib/scylla/data/system_schema/keyspaces-abac5682dea631c5b535b3d6cffd0fb6/md-1162-big-Summary.db
2021-02-17T19:00:13.216283844Z  INFO  2021-02-17 19:00:13,216 [shard 2] sstable_directory - Removing file /var/lib/scylla/data/system_schema/keyspaces-abac5682dea631c5b535b3d6cffd0fb6/md-1162-big-TOC.txt.tmp
2021-02-17T19:00:13.294627772Z  INFO  2021-02-17 19:00:13,293 [shard 0] database - Populating Keyspace system
2021-02-17T19:00:13.294652208Z  INFO  2021-02-17 19:00:13,293 [shard 0] database - Keyspace system: Reading CF compaction_history id=b4dbb7b4-dc49-3fb5-b3bf-ce6e434832ca version=25cae56a-8d75-39f3-a146-3756ab4981c7
2021-02-17T19:00:13.294663707Z  INFO  2021-02-17 19:00:13,293 [shard 0] database - Keyspace system: Reading CF batchlog id=0290003c-977e-397c-ac3e-fdfdc01d626b version=e2a2e804-49e4-3597-9f16-39fd9475835c
2021-02-17T19:00:13.294688625Z  INFO  2021-02-17 19:00:13,294 [shard 0] database - Keyspace system: Reading CF size_estimates id=618f817b-005f-3678-b8a4-53f3930b8e86 version=6d4dbcff-f05b-3dc3-95ad-f79f7b10504d
2021-02-17T19:00:13.295592974Z  INFO  2021-02-17 19:00:13,294 [shard 0] database - Keyspace system: Reading CF range_xfers id=55d76438-4e55-3f8b-9f6e-676d4af3976d version=dd15a078-409b-350d-9bef-c5f3520832d8
2021-02-17T19:00:13.295612847Z  INFO  2021-02-17 19:00:13,294 [shard 0] database - Keyspace system: Reading CF peer_events id=59dfeaea-8db2-3341-91ef-109974d81484 version=7f874a05-72b8-3c21-9acb-baa164fc351a
2021-02-17T19:00:13.295623580Z  INFO  2021-02-17 19:00:13,294 [shard 0] database - Keyspace system: Reading CF peers id=37f71aca-7dc2-383b-a706-72528af04d4f version=f6f6871f-8c86-3eca-ac0b-2a2e848e395d
2021-02-17T19:00:13.295650308Z  INFO  2021-02-17 19:00:13,294 [shard 0] database - Keyspace system: Reading CF scylla_local id=2972ec7f-fb20-38dd-aac1-d876f2e3fcbd version=5f0b407d-eedf-3845-a48e-dbb9673d10e1
2021-02-17T19:00:13.295661617Z  INFO  2021-02-17 19:00:13,294 [shard 0] database - Keyspace system: Reading CF schema_aggregates id=a5fc57fc-9d6c-3bfd-a3fc-01ad54686fea version=d06c934f-9a69-374c-86f1-523ab26fb05c
2021-02-17T19:00:13.295671817Z  INFO  2021-02-17 19:00:13,294 [shard 0] database - Keyspace system: Reading CF paxos id=b7b7f0c2-fd0a-3410-8c05-3ef614bb7c2d version=6dd372de-72fb-3e1b-9b8c-f97738a67fe9
2021-02-17T19:00:13.295681706Z  INFO  2021-02-17 19:00:13,294 [shard 0] database - Keyspace system: Reading CF compactions_in_progress id=55080ab0-5d9c-3886-90a4-acb25fe1f77b version=540263f1-40db-3869-8a38-3baadedc222d
2021-02-17T19:00:13.295691900Z  INFO  2021-02-17 19:00:13,294 [shard 0] database - Keyspace system: Reading CF local id=7ad54392-bcdd-35a6-8417-4e047860b377 version=7fa82c2e-5b67-37dd-8e5e-2079e18f1536
2021-02-17T19:00:13.295701897Z  INFO  2021-02-17 19:00:13,294 [shard 0] database - Keyspace system: Reading CF schema_columnfamilies id=45f5b360-24bc-3f83-a363-1034ea4fa697 version=7f7a5fea-07b7-304d-a6f8-f7aec72cabdb
2021-02-17T19:00:13.295712155Z  INFO  2021-02-17 19:00:13,294 [shard 0] database - Keyspace system: Reading CF hints id=2666e205-73ef-38b3-90fe-fecf96e8f0c7 version=0b74fdd1-e96d-309e-a14e-a5bcd7ac885d
2021-02-17T19:00:13.295722655Z  INFO  2021-02-17 19:00:13,294 [shard 0] database - Keyspace system: Reading CF sstable_activity id=5a1ff267-ace0-3f12-8563-cfae6103c65e version=bdec57a3-b234-334b-be9c-7b1f33113995
2021-02-17T19:00:13.295734412Z  INFO  2021-02-17 19:00:13,294 [shard 0] database - Keyspace system: Reading CF IndexInfo id=9f5c6374-d485-3229-9a0a-5094af9ad1e3 version=bbb3743b-351f-3023-b4fc-09a9be37d529
2021-02-17T19:00:13.295745012Z  INFO  2021-02-17 19:00:13,294 [shard 0] database - Keyspace system: Reading CF large_partitions id=8a7fe624-96b0-34b1-b90e-f71bddcdd2d3 version=04fa9920-9369-3a96-be39-6dd9fdc816b6
2021-02-17T19:00:13.295755023Z  INFO  2021-02-17 19:00:13,294 [shard 0] database - Keyspace system: Reading CF scylla_table_schema_history id=0191a53e-40f0-31d4-9171-b0d19ffb17b4 version=2cc890b8-9ade-3afc-ab63-043c8017608e
2021-02-17T19:00:13.295765023Z  INFO  2021-02-17 19:00:13,294 [shard 0] database - Keyspace system: Reading CF large_cells id=ead8bbc5-f146-3ae1-9f71-0b11f9a1d296 version=0d4a6937-a781-3f87-a192-b4e4a4a40acf
2021-02-17T19:00:13.295774801Z  INFO  2021-02-17 19:00:13,294 [shard 0] database - Keyspace system: Reading CF views_builds_in_progress id=b7f2c108-78cd-3c80-9cd5-d609b2bd149c version=b905cce5-1474-3085-819a-7592453e2fb9
2021-02-17T19:00:13.295784747Z  INFO  2021-02-17 19:00:13,294 [shard 0] database - Keyspace system: Reading CF built_views id=4b3c50a9-ea87-3d76-9101-6dbc9c38494a version=a28aa0b3-6def-30a7-9fbe-ce78b3f3c9b9
2021-02-17T19:00:13.295794570Z  INFO  2021-02-17 19:00:13,294 [shard 0] database - Keyspace system: Reading CF scylla_views_builds_in_progress id=a04c7bfd-1e13-36c9-a44d-f22da352281d version=e3fb736c-6956-3990-a31d-9a482279e3fc
2021-02-17T19:00:13.295804806Z  INFO  2021-02-17 19:00:13,294 [shard 0] database - Keyspace system: Reading CF truncated id=38c19fd0-fb86-3310-a4b7-0d0cc66628aa version=6da9a85c-7ae0-3917-aead-54a2f65a57a8
2021-02-17T19:00:13.295820788Z  INFO  2021-02-17 19:00:13,294 [shard 0] database - Keyspace system: Reading CF cdc_local id=0bcaffd4-0c83-3ead-ad13-dc1d5015b77c version=0aa4d3a2-ed95-3ecd-aba0-cd75622ad290
2021-02-17T19:00:13.295831964Z  INFO  2021-02-17 19:00:13,294 [shard 0] database - Keyspace system: Reading CF clients id=ca0f635d-8630-3609-8d93-a1fc06f2a5e5 version=51273ebf-e6f9-3cd5-b455-ea09ad29796f
2021-02-17T19:00:13.295842072Z  INFO  2021-02-17 19:00:13,294 [shard 0] database - Keyspace system: Reading CF schema_keyspaces id=b0f22357-4458-3cdb-9631-c43e59ce3676 version=84d28cef-59f9-34a9-9be5-31c684997f03
2021-02-17T19:00:13.295853350Z  INFO  2021-02-17 19:00:13,294 [shard 0] database - Keyspace system: Reading CF schema_columns id=296e9c04-9bec-3085-827d-c17d3df2122a version=53cfbb66-ee0d-37be-97bb-b2afb3746f85
2021-02-17T19:00:13.295871379Z  INFO  2021-02-17 19:00:13,294 [shard 0] database - Keyspace system: Reading CF schema_triggers id=0359bc71-7123-3ee1-9a4a-b9dfb11fc125 version=75e4ec4c-76da-3f59-984e-66810ba0c62b
2021-02-17T19:00:13.295881573Z  INFO  2021-02-17 19:00:13,294 [shard 0] database - Keyspace system: Reading CF large_rows id=40550f66-0858-39a0-9430-f27fc08034e9 version=aee3acb0-7926-317b-848e-db7bc3721695
2021-02-17T19:00:13.295891557Z  INFO  2021-02-17 19:00:13,294 [shard 0] database - Keyspace system: Reading CF schema_usertypes id=3aa75225-4f82-350b-8d5c-430fa221fa0a version=3c53e6bb-56d5-3618-a0b2-4ff5f18127d7
2021-02-17T19:00:13.295901580Z  INFO  2021-02-17 19:00:13,295 [shard 0] database - Keyspace system: Reading CF schema_functions id=d1b675fe-2b50-3ca4-8e49-c0f81989dcad version=a50959dd-2be0-3e4e-8bb5-cf40796e256a
2021-02-17T19:00:24.881357709Z  INFO  2021-02-17 19:00:24,880 [shard 0] database - Found temporary sstable directory: "/var/lib/scylla/data/system/compaction_history-b4dbb7b4dc493fb5b3bfce6e434832ca/0000000000000534.sstable", removing
2021-02-17T19:00:24.881793380Z  INFO  2021-02-17 19:00:24,881 [shard 0] database - Found temporary sstable directory: "/var/lib/scylla/data/system/compaction_history-b4dbb7b4dc493fb5b3bfce6e434832ca/0000000000000535.sstable", removing
2021-02-17T19:00:24.881813920Z  INFO  2021-02-17 19:00:24,881 [shard 0] database - Found temporary sstable directory: "/var/lib/scylla/data/system/clients-ca0f635d863036098d93a1fc06f2a5e5/0000000000000211.sstable", removing
2021-02-17T19:00:24.940872419Z  INFO  2021-02-17 19:00:24,940 [shard 3] sstable_directory - Removing file /var/lib/scylla/data/system/clients-ca0f635d863036098d93a1fc06f2a5e5/md-211-big-Data.db
2021-02-17T19:00:24.940939982Z  INFO  2021-02-17 19:00:24,940 [shard 3] sstable_directory - Removing file /var/lib/scylla/data/system/clients-ca0f635d863036098d93a1fc06f2a5e5/md-211-big-TOC.txt.tmp
2021-02-17T19:00:24.940952622Z  INFO  2021-02-17 19:00:24,940 [shard 3] sstable_directory - Removing file /var/lib/scylla/data/system/clients-ca0f635d863036098d93a1fc06f2a5e5/md-211-big-Index.db
2021-02-17T19:00:24.958725795Z  INFO  2021-02-17 19:00:24,958 [shard 2] sstable_directory - Removing file /var/lib/scylla/data/system/compaction_history-b4dbb7b4dc493fb5b3bfce6e434832ca/md-534-big-Summary.db
2021-02-17T19:00:24.958753604Z  INFO  2021-02-17 19:00:24,958 [shard 3] sstable_directory - Removing file /var/lib/scylla/data/system/compaction_history-b4dbb7b4dc493fb5b3bfce6e434832ca/md-535-big-Data.db
2021-02-17T19:00:24.958765150Z  INFO  2021-02-17 19:00:24,958 [shard 2] sstable_directory - Removing file /var/lib/scylla/data/system/compaction_history-b4dbb7b4dc493fb5b3bfce6e434832ca/md-534-big-Statistics.db
2021-02-17T19:00:24.958790967Z  INFO  2021-02-17 19:00:24,958 [shard 3] sstable_directory - Removing file /var/lib/scylla/data/system/compaction_history-b4dbb7b4dc493fb5b3bfce6e434832ca/md-535-big-Summary.db
2021-02-17T19:00:24.958802313Z  INFO  2021-02-17 19:00:24,958 [shard 3] sstable_directory - Removing file /var/lib/scylla/data/system/compaction_history-b4dbb7b4dc493fb5b3bfce6e434832ca/md-535-big-Filter.db
2021-02-17T19:00:24.958832744Z  INFO  2021-02-17 19:00:24,958 [shard 3] sstable_directory - Removing file /var/lib/scylla/data/system/compaction_history-b4dbb7b4dc493fb5b3bfce6e434832ca/md-535-big-Digest.crc32
2021-02-17T19:00:24.959172996Z  INFO  2021-02-17 19:00:24,958 [shard 3] sstable_directory - Removing file /var/lib/scylla/data/system/compaction_history-b4dbb7b4dc493fb5b3bfce6e434832ca/md-535-big-TOC.txt.tmp
2021-02-17T19:00:24.959192611Z  INFO  2021-02-17 19:00:24,958 [shard 3] sstable_directory - Removing file /var/lib/scylla/data/system/compaction_history-b4dbb7b4dc493fb5b3bfce6e434832ca/md-535-big-Index.db
2021-02-17T19:00:24.959545845Z  INFO  2021-02-17 19:00:24,959 [shard 2] sstable_directory - Removing file /var/lib/scylla/data/system/compaction_history-b4dbb7b4dc493fb5b3bfce6e434832ca/md-534-big-Digest.crc32
2021-02-17T19:00:24.959564737Z  INFO  2021-02-17 19:00:24,959 [shard 2] sstable_directory - Removing file /var/lib/scylla/data/system/compaction_history-b4dbb7b4dc493fb5b3bfce6e434832ca/md-534-big-TOC.txt.tmp
2021-02-17T19:00:24.959575637Z  INFO  2021-02-17 19:00:24,959 [shard 2] sstable_directory - Removing file /var/lib/scylla/data/system/compaction_history-b4dbb7b4dc493fb5b3bfce6e434832ca/md-534-big-Index.db
2021-02-17T19:00:24.959586085Z  INFO  2021-02-17 19:00:24,959 [shard 2] sstable_directory - Removing file /var/lib/scylla/data/system/compaction_history-b4dbb7b4dc493fb5b3bfce6e434832ca/md-534-big-Data.db
2021-02-17T19:00:24.959596501Z  INFO  2021-02-17 19:00:24,959 [shard 2] sstable_directory - Removing file /var/lib/scylla/data/system/compaction_history-b4dbb7b4dc493fb5b3bfce6e434832ca/md-534-big-Filter.db
2021-02-17T19:00:24.962753773Z  INFO  2021-02-17 19:00:24,962 [shard 0] init - starting gossip
2021-02-17T19:00:24.962778977Z  WARN  2021-02-17 19:00:24,962 [shard 0] init - Using default cluster name is not recommended. Using a unique cluster name will reduce the chance of adding nodes to the wrong cluster by mistake
2021-02-17T19:00:24.963167737Z  INFO  2021-02-17 19:00:24,962 [shard 0] init - seeds={10.0.13.6}, listen_address=10.0.13.6, broadcast_address=10.0.13.6
2021-02-17T19:00:24.963191672Z  INFO  2021-02-17 19:00:24,962 [shard 0] init - starting storage proxy
2021-02-17T19:00:24.972457675Z  INFO  2021-02-17 19:00:24,972 [shard 0] init - creating hints manager
2021-02-17T19:00:24.973527739Z  INFO  2021-02-17 19:00:24,973 [shard 2] init - creating hints manager
2021-02-17T19:00:24.973548108Z  INFO  2021-02-17 19:00:24,973 [shard 1] init - creating hints manager
2021-02-17T19:00:24.973558820Z  INFO  2021-02-17 19:00:24,973 [shard 3] init - creating hints manager
2021-02-17T19:00:24.975201813Z  INFO  2021-02-17 19:00:24,973 [shard 0] init - starting migration manager
2021-02-17T19:00:24.975222363Z  INFO  2021-02-17 19:00:24,974 [shard 0] init - starting query processor
2021-02-17T19:00:24.975919503Z  INFO  2021-02-17 19:00:24,975 [shard 0] init - initializing batchlog manager
2021-02-17T19:00:24.979169082Z  INFO  2021-02-17 19:00:24,978 [shard 0] format_selector - Selected md sstables format
2021-02-17T19:00:24.980862729Z  INFO  2021-02-17 19:00:24,980 [shard 0] legacy_schema_migrator - Moving 0 keyspaces from legacy schema tables to the new schema keyspace (system_schema)
2021-02-17T19:00:24.981308396Z  INFO  2021-02-17 19:00:24,980 [shard 0] legacy_schema_migrator - Dropping legacy schema tables
2021-02-17T19:00:34.797380564Z  INFO  2021-02-17 19:00:34,796 [shard 0] legacy_schema_migrator - Completed migration of legacy schema tables
2021-02-17T19:00:34.797787815Z  INFO  2021-02-17 19:00:34,797 [shard 0] init - loading system sstables
2021-02-17T19:00:49.657608815Z  INFO  2021-02-17 19:00:49,655 [shard 0] init - loading non-system sstables
2021-02-17T19:00:57.011409035Z  INFO  2021-02-17 19:00:57,010 [shard 0] database - Populating Keyspace system_auth
2021-02-17T19:00:57.011446780Z  INFO  2021-02-17 19:00:57,010 [shard 0] database - Keyspace system_auth: Reading CF roles id=5bc52802-de25-35ed-aeab-188eecebb090 version=d8f599da-7544-3f57-aa58-b229deea93e0
2021-02-17T19:00:57.011458453Z  INFO  2021-02-17 19:00:57,010 [shard 0] database - Keyspace system_auth: Reading CF role_members id=0ecdaa87-f8fb-3e60-88d1-74fb36fe5c0d version=2923b5bb-f2f8-36e8-9e73-19019900010c
2021-02-17T19:00:57.011469069Z  INFO  2021-02-17 19:00:57,010 [shard 0] database - Populating Keyspace system_traces
2021-02-17T19:00:57.011478877Z  INFO  2021-02-17 19:00:57,010 [shard 0] database - Keyspace system_traces: Reading CF sessions_time_idx id=0ebf001c-c1d1-3693-9a63-c3d96ac53318 version=cd5d1e5f-1f42-3b9d-a8ba-3af39d59a7d5
2021-02-17T19:00:57.011489350Z  INFO  2021-02-17 19:00:57,010 [shard 0] database - Keyspace system_traces: Reading CF sessions id=c5e99f16-8677-3914-b17e-960613512345 version=e0fc4b06-6cba-3b7b-bfb6-b42a77c370a9
2021-02-17T19:00:57.011761585Z  INFO  2021-02-17 19:00:57,011 [shard 0] database - Keyspace system_traces: Reading CF node_slow_log_time_idx id=f9706768-aa1e-3d87-9e5c-51a3927c2870 version=eaffc0bb-7b2c-3b64-8924-d8ba685120bc
2021-02-17T19:00:57.011813093Z  INFO  2021-02-17 19:00:57,011 [shard 0] database - Keyspace system_traces: Reading CF node_slow_log id=bfcc4e62-5b63-3aa1-a1c3-6f5e47f3325c version=23e7a411-8414-340f-854d-20a3a637e438
2021-02-17T19:00:57.011826272Z  INFO  2021-02-17 19:00:57,011 [shard 0] database - Keyspace system_traces: Reading CF events id=8826e8e9-e16a-3728-8753-3bc1fc713c25 version=41a6b26e-a03b-3ae1-8a4a-b9446e7f9304
2021-02-17T19:00:57.011837320Z  INFO  2021-02-17 19:00:57,011 [shard 0] database - Populating Keyspace dt
2021-02-17T19:00:57.011847940Z  INFO  2021-02-17 19:00:57,011 [shard 0] database - Keyspace dt: Reading CF user id=5c294820-d77b-11ea-9877-000000000001 version=02cce273-02f1-3e6a-8674-f1016e3f22d7
2021-02-17T19:00:57.011880842Z  INFO  2021-02-17 19:00:57,011 [shard 0] database - Keyspace dt: Reading CF twin id=5e00c740-d77b-11ea-9877-000000000001 version=6240633e-c8cc-3fea-a1e3-452eff1b9659
2021-02-17T19:00:57.011895739Z  INFO  2021-02-17 19:00:57,011 [shard 0] database - Keyspace dt: Reading CF source_element_idx_index id=68593f10-d77b-11ea-9877-000000000001 version=33e3f927-f730-3081-88e1-6bed2962e42a
2021-02-17T19:00:57.011923624Z  INFO  2021-02-17 19:00:57,011 [shard 0] database - Keyspace dt: Reading CF element_twin_idx_index id=630ae8b0-d77b-11ea-9877-000000000001 version=bc3026fd-bc4e-318d-b6f4-ca0b566cb74b
2021-02-17T19:00:57.011935134Z  INFO  2021-02-17 19:00:57,011 [shard 0] database - Keyspace dt: Reading CF source_data id=6af6cd50-d77b-11ea-9877-000000000001 version=b52400e3-b307-3141-b3fc-e5d63573f135
2021-02-17T19:00:57.012076963Z  INFO  2021-02-17 19:00:57,011 [shard 0] database - Keyspace dt: Reading CF source id=65ff2270-d77b-11ea-9877-000000000001 version=5f8471b7-7d19-31d4-9be5-0f153affb0bb
2021-02-17T19:00:57.012106864Z  INFO  2021-02-17 19:00:57,011 [shard 0] database - Keyspace dt: Reading CF element id=607549b0-d77b-11ea-9877-000000000001 version=f44a6c4b-69d8-37f2-b116-7260740acc6c
2021-02-17T19:00:57.012118876Z  INFO  2021-02-17 19:00:57,011 [shard 0] database - Populating Keyspace system_distributed
2021-02-17T19:00:57.012128935Z  INFO  2021-02-17 19:00:57,011 [shard 0] database - Keyspace system_distributed: Reading CF view_build_status id=5582b59f-8e4e-35e1-b913-3acada51eb04 version=e0b6e628-60e0-39a2-ada0-9b6c13bdd9bc
2021-02-17T19:00:57.012139201Z  INFO  2021-02-17 19:00:57,011 [shard 0] database - Keyspace system_distributed: Reading CF cdc_streams_descriptions id=249f0ac2-8856-36d4-9802-f55223eb01c2 version=f727f60d-bfaa-32de-a0d6-898e1cbaf2c9
2021-02-17T19:00:57.012149396Z  INFO  2021-02-17 19:00:57,011 [shard 0] database - Keyspace system_distributed: Reading CF cdc_streams id=07405732-4620-34d6-a85e-947248dad9a4 version=b606cfa4-a37b-32bd-a624-e05cab2bed3c
2021-02-17T19:00:57.012159562Z  INFO  2021-02-17 19:00:57,011 [shard 0] database - Keyspace system_distributed: Reading CF cdc_generations id=6a4df139-00b6-3d21-9efc-dade266dc3b7 version=2511b46b-df1d-39fa-9a77-f5cacf88af47
2021-02-17T19:00:57.012169742Z  INFO  2021-02-17 19:00:57,011 [shard 0] database - Keyspace system_distributed: Reading CF cdc_generation_descriptions id=ae653406-7b3e-34aa-af70-d5b90f837c67 version=95e9e159-839f-39b3-990f-8e8a04817ff8
2021-02-17T19:01:03.961514460Z  INFO  2021-02-17 19:01:03,960 [shard 0] init - starting view update generator
2021-02-17T19:01:03.962089158Z  INFO  2021-02-17 19:01:03,961 [shard 0] init - discovering staging sstables
2021-02-17T19:01:03.962600098Z  INFO  2021-02-17 19:01:03,962 [shard 0] init - setting up system keyspace
2021-02-17T19:01:03.983109744Z  INFO  2021-02-17 19:01:03,982 [shard 0] init - starting commit log
2021-02-17T19:01:03.983158483Z  INFO  2021-02-17 19:01:03,982 [shard 0] init - replaying commit log
2021-02-17T19:01:03.988419758Z  INFO  2021-02-17 19:01:03,988 [shard 0] commitlog_replayer - Replaying /var/lib/scylla/commitlog/CommitLog-1-36028797556696021.log, /var/lib/scylla/commitlog/CommitLog-1-36028797556696022.log, /var/lib/scylla/commitlog/CommitLog-1-54043196066178006.log, /var/lib/scylla/commitlog/CommitLog-1-36028797556696023.log, /var/lib/scylla/commitlog/CommitLog-1-54043196066178007.log, /var/lib/scylla/commitlog/CommitLog-1-18014399047214039.log, /var/lib/scylla/commitlog/CommitLog-1-537732052.log, /var/lib/scylla/commitlog/CommitLog-1-18014399047214038.log, /var/lib/scylla/commitlog/CommitLog-1-537732053.log, /var/lib/scylla/commitlog/CommitLog-1-54043196066178008.log, /var/lib/scylla/commitlog/CommitLog-1-537732054.log
2021-02-17T19:01:13.357732776Z  INFO  2021-02-17 19:01:13,356 [shard 0] commitlog_replayer - Log replay complete, 21301 replayed mutations (0 invalid, 0 skipped)
2021-02-17T19:01:13.358912803Z  INFO  2021-02-17 19:01:13,358 [shard 0] init - replaying commit log - flushing memtables
2021-02-17T19:01:30.640452914Z  INFO  2021-02-17 19:01:30,639 [shard 0] init - replaying commit log - removing old commitlog segments
2021-02-17T19:01:30.642504642Z  INFO  2021-02-17 19:01:30,640 [shard 0] compaction - [Compact system.cdc_local 8b7cc900-7152-11eb-b5a0-000000000000] Compacting [/var/lib/scylla/data/system/cdc_local-0bcaffd40c833eadad13dc1d5015b77c/md-644-big-Data.db:level=0, /var/lib/scylla/data/system/cdc_local-0bcaffd40c833eadad13dc1d5015b77c/md-640-big-Data.db:level=0, ]
2021-02-17T19:01:30.642531740Z  INFO  2021-02-17 19:01:30,641 [shard 0] compaction - [Compact system.truncated 8b7cf010-7152-11eb-b5a0-000000000000] Compacting [/var/lib/scylla/data/system/truncated-38c19fd0fb863310a4b70d0cc66628aa/md-3500-big-Data.db:level=0, /var/lib/scylla/data/system/truncated-38c19fd0fb863310a4b70d0cc66628aa/md-3504-big-Data.db:level=0, /var/lib/scylla/data/system/truncated-38c19fd0fb863310a4b70d0cc66628aa/md-3496-big-Data.db:level=0, ]
2021-02-17T19:01:30.642545037Z  INFO  2021-02-17 19:01:30,641 [shard 2] compaction - [Compact system.truncated 8b7cf010-7152-11eb-a6a6-000000000001] Compacting [/var/lib/scylla/data/system/truncated-38c19fd0fb863310a4b70d0cc66628aa/md-3506-big-Data.db:level=0, /var/lib/scylla/data/system/truncated-38c19fd0fb863310a4b70d0cc66628aa/md-3502-big-Data.db:level=0, /var/lib/scylla/data/system/truncated-38c19fd0fb863310a4b70d0cc66628aa/md-3490-big-Data.db:level=0, ]
2021-02-17T19:01:30.642557106Z  INFO  2021-02-17 19:01:30,641 [shard 1] compaction - [Compact system.local 8b7cf010-7152-11eb-9211-000000000002] Compacting [/var/lib/scylla/data/system/local-7ad54392bcdd35a684174e047860b377/md-6429-big-Data.db:level=0, /var/lib/scylla/data/system/local-7ad54392bcdd35a684174e047860b377/md-6425-big-Data.db:level=0, ]
2021-02-17T19:01:30.642568506Z  INFO  2021-02-17 19:01:30,641 [shard 2] compaction - [Compact system_schema.computed_columns 8b7cf011-7152-11eb-a6a6-000000000001] Compacting [/var/lib/scylla/data/system_schema/computed_columns-cc7c7069374033c192a4c3de78dbd2c4/md-1118-big-Data.db:level=0, /var/lib/scylla/data/system_schema/computed_columns-cc7c7069374033c192a4c3de78dbd2c4/md-1114-big-Data.db:level=0, /var/lib/scylla/data/system_schema/computed_columns-cc7c7069374033c192a4c3de78dbd2c4/md-1110-big-Data.db:level=0, ]
2021-02-17T19:01:30.642581706Z  INFO  2021-02-17 19:01:30,641 [shard 0] compaction - [Compact system.compaction_history 8b7cf011-7152-11eb-b5a0-000000000000] Compacting [/var/lib/scylla/data/system/compaction_history-b4dbb7b4dc493fb5b3bfce6e434832ca/md-536-big-Data.db:level=0, /var/lib/scylla/data/system/compaction_history-b4dbb7b4dc493fb5b3bfce6e434832ca/md-532-big-Data.db:level=0, /var/lib/scylla/data/system/compaction_history-b4dbb7b4dc493fb5b3bfce6e434832ca/md-528-big-Data.db:level=0, ]
2021-02-17T19:01:30.642594169Z  INFO  2021-02-17 19:01:30,642 [shard 2] compaction - [Compact system_schema.columns 8b7cf012-7152-11eb-a6a6-000000000001] Compacting [/var/lib/scylla/data/system_schema/columns-24101c25a2ae3af787c1b40ee1aca33f/md-1254-big-Data.db:level=0, /var/lib/scylla/data/system_schema/columns-24101c25a2ae3af787c1b40ee1aca33f/md-1258-big-Data.db:level=0, /var/lib/scylla/data/system_schema/columns-24101c25a2ae3af787c1b40ee1aca33f/md-1250-big-Data.db:level=0, ]
2021-02-17T19:01:30.642605990Z  INFO  2021-02-17 19:01:30,642 [shard 2] compaction - [Compact system_schema.scylla_tables 8b7d1720-7152-11eb-a6a6-000000000001] Compacting [/var/lib/scylla/data/system_schema/scylla_tables-5d912ff1f7593665b2c88042ab5103dd/md-1030-big-Data.db:level=0, /var/lib/scylla/data/system_schema/scylla_tables-5d912ff1f7593665b2c88042ab5103dd/md-1034-big-Data.db:level=0, /var/lib/scylla/data/system_schema/scylla_tables-5d912ff1f7593665b2c88042ab5103dd/md-1026-big-Data.db:level=0, ]
2021-02-17T19:01:30.643537111Z  INFO  2021-02-17 19:01:30,643 [shard 2] compaction - [Compact system.compaction_history 8b7d1721-7152-11eb-a6a6-000000000001] Compacting [/var/lib/scylla/data/system/compaction_history-b4dbb7b4dc493fb5b3bfce6e434832ca/md-538-big-Data.db:level=0, /var/lib/scylla/data/system/compaction_history-b4dbb7b4dc493fb5b3bfce6e434832ca/md-530-big-Data.db:level=0, ]
2021-02-17T19:01:30.644205957Z  INFO  2021-02-17 19:01:30,643 [shard 3] compaction - [Compact dt.source_data 8b7d1720-7152-11eb-a20a-000000000003] Compacting [/var/lib/scylla/data/dt/source_data-6af6cd50d77b11ea9877000000000001/md-1211-big-Data.db:level=0, /var/lib/scylla/data/dt/source_data-6af6cd50d77b11ea9877000000000001/md-1219-big-Data.db:level=0, /var/lib/scylla/data/dt/source_data-6af6cd50d77b11ea9877000000000001/md-1215-big-Data.db:level=0, ]
2021-02-17T19:01:30.645023222Z  INFO  2021-02-17 19:01:30,643 [shard 3] compaction - [Compact system.truncated 8b7d3e30-7152-11eb-a20a-000000000003] Compacting [/var/lib/scylla/data/system/truncated-38c19fd0fb863310a4b70d0cc66628aa/md-3503-big-Data.db:level=0, /var/lib/scylla/data/system/truncated-38c19fd0fb863310a4b70d0cc66628aa/md-3507-big-Data.db:level=0, /var/lib/scylla/data/system/truncated-38c19fd0fb863310a4b70d0cc66628aa/md-3491-big-Data.db:level=0, ]
2021-02-17T19:01:30.645072006Z  INFO  2021-02-17 19:01:30,644 [shard 3] compaction - [Compact system_schema.computed_columns 8b7d6540-7152-11eb-a20a-000000000003] Compacting [/var/lib/scylla/data/system_schema/computed_columns-cc7c7069374033c192a4c3de78dbd2c4/md-1119-big-Data.db:level=0, /var/lib/scylla/data/system_schema/computed_columns-cc7c7069374033c192a4c3de78dbd2c4/md-1115-big-Data.db:level=0, /var/lib/scylla/data/system_schema/computed_columns-cc7c7069374033c192a4c3de78dbd2c4/md-1111-big-Data.db:level=0, ]
2021-02-17T19:01:30.646152651Z  INFO  2021-02-17 19:01:30,644 [shard 3] compaction - [Compact system_schema.functions 8b7d6541-7152-11eb-a20a-000000000003] Compacting [/var/lib/scylla/data/system_schema/functions-96489b7980be3e14a70166a0b9159450/md-375-big-Data.db:level=0, /var/lib/scylla/data/system_schema/functions-96489b7980be3e14a70166a0b9159450/md-367-big-Data.db:level=0, /var/lib/scylla/data/system_schema/functions-96489b7980be3e14a70166a0b9159450/md-371-big-Data.db:level=0, ]
2021-02-17T19:01:30.646189851Z  INFO  2021-02-17 19:01:30,645 [shard 3] compaction - [Compact system_schema.columns 8b7d8c50-7152-11eb-a20a-000000000003] Compacting [/var/lib/scylla/data/system_schema/columns-24101c25a2ae3af787c1b40ee1aca33f/md-1255-big-Data.db:level=0, /var/lib/scylla/data/system_schema/columns-24101c25a2ae3af787c1b40ee1aca33f/md-1259-big-Data.db:level=0, /var/lib/scylla/data/system_schema/columns-24101c25a2ae3af787c1b40ee1aca33f/md-1251-big-Data.db:level=0, ]
2021-02-17T19:01:30.646225120Z  INFO  2021-02-17 19:01:30,645 [shard 3] compaction - [Compact system_schema.scylla_tables 8b7d8c51-7152-11eb-a20a-000000000003] Compacting [/var/lib/scylla/data/system_schema/scylla_tables-5d912ff1f7593665b2c88042ab5103dd/md-1031-big-Data.db:level=0, /var/lib/scylla/data/system_schema/scylla_tables-5d912ff1f7593665b2c88042ab5103dd/md-1035-big-Data.db:level=0, /var/lib/scylla/data/system_schema/scylla_tables-5d912ff1f7593665b2c88042ab5103dd/md-1027-big-Data.db:level=0, ]
2021-02-17T19:01:30.646765477Z  INFO  2021-02-17 19:01:30,645 [shard 3] compaction - [Compact system.compaction_history 8b7d8c52-7152-11eb-a20a-000000000003] Compacting [/var/lib/scylla/data/system/compaction_history-b4dbb7b4dc493fb5b3bfce6e434832ca/md-539-big-Data.db:level=0, /var/lib/scylla/data/system/compaction_history-b4dbb7b4dc493fb5b3bfce6e434832ca/md-531-big-Data.db:level=0, ]
2021-02-17T19:01:30.647534952Z  INFO  2021-02-17 19:01:30,646 [shard 3] compaction - [Compact system.clients 8b7db360-7152-11eb-a20a-000000000003] Compacting [/var/lib/scylla/data/system/clients-ca0f635d863036098d93a1fc06f2a5e5/md-207-big-Data.db:level=0, /var/lib/scylla/data/system/clients-ca0f635d863036098d93a1fc06f2a5e5/md-263-big-Data.db:level=0, /var/lib/scylla/data/system/clients-ca0f635d863036098d93a1fc06f2a5e5/md-235-big-Data.db:level=0, /var/lib/scylla/data/system/clients-ca0f635d863036098d93a1fc06f2a5e5/md-247-big-Data.db:level=0, /var/lib/scylla/data/system/clients-ca0f635d863036098d93a1fc06f2a5e5/md-227-big-Data.db:level=0, /var/lib/scylla/data/system/clients-ca0f635d863036098d93a1fc06f2a5e5/md-259-big-Data.db:level=0, /var/lib/scylla/data/system/clients-ca0f635d863036098d93a1fc06f2a5e5/md-231-big-Data.db:level=0, /var/lib/scylla/data/system/clients-ca0f635d863036098d93a1fc06f2a5e5/md-219-big-Data.db:level=0, /var/lib/scylla/data/system/clients-ca0f635d863036098d93a1fc06f2a5e5/md-255-big-Data.db:level=0, /var/lib/scylla/data/system/clients-ca0f635d863036098d93a1fc06f2a5e5/md-223-big-Data.db:level=0, /var/lib/scylla/data/system/clients-ca0f635d863036098d93a1fc06f2a5e5/md-251-big-Data.db:level=0, /var/lib/scylla/data/system/clients-ca0f635d863036098d93a1fc06f2a5e5/md-211-big-Data.db:level=0, /var/lib/scylla/data/system/clients-ca0f635d863036098d93a1fc06f2a5e5/md-243-big-Data.db:level=0, /var/lib/scylla/data/system/clients-ca0f635d863036098d93a1fc06f2a5e5/md-239-big-Data.db:level=0, /var/lib/scylla/data/system/clients-ca0f635d863036098d93a1fc06f2a5e5/md-215-big-Data.db:level=0, ]
2021-02-17T19:01:30.649286067Z  INFO  2021-02-17 19:01:30,648 [shard 0] init - initializing migration manager RPC verbs
2021-02-17T19:01:30.650049086Z  INFO  2021-02-17 19:01:30,649 [shard 0] init - initializing storage proxy RPC verbs
2021-02-17T19:01:30.651016928Z  INFO  2021-02-17 19:01:30,650 [shard 0] init - starting streaming service
2021-02-17T19:01:30.654089598Z  INFO  2021-02-17 19:01:30,653 [shard 0] init - starting hinted handoff manager
2021-02-17T19:01:32.013175697Z  INFO  2021-02-17 19:01:32,012 [shard 1] compaction - [Compact system.compaction_history 8c4e22c0-7152-11eb-9211-000000000002] Compacting [/var/lib/scylla/data/system/compaction_history-b4dbb7b4dc493fb5b3bfce6e434832ca/md-537-big-Data.db:level=0, /var/lib/scylla/data/system/compaction_history-b4dbb7b4dc493fb5b3bfce6e434832ca/md-533-big-Data.db:level=0, /var/lib/scylla/data/system/compaction_history-b4dbb7b4dc493fb5b3bfce6e434832ca/md-529-big-Data.db:level=0, ]
2021-02-17T19:01:32.760333806Z  INFO  2021-02-17 19:01:32,759 [shard 1] compaction - [Compact system.local 8b7cf010-7152-11eb-9211-000000000002] Compacted 2 sstables to [/var/lib/scylla/data/system/local-7ad54392bcdd35a684174e047860b377/md-6433-big-Data.db:level=0, ]. 18kB to 12kB (~64% of original) in 1371ms = 8kB/s. ~256 total partitions merged to 1.
2021-02-17T19:01:33.129365154Z  INFO  2021-02-17 19:01:33,128 [shard 0] init - starting messaging service
2021-02-17T19:01:33.129422189Z  INFO  2021-02-17 19:01:33,128 [shard 0] repair - Setting max_repair_memory=168820736, max_repair_memory_per_range=33554432, max_repair_ranges_in_parallel=5
2021-02-17T19:01:33.134463525Z  INFO  2021-02-17 19:01:33,133 [shard 0] init - starting storage service
2021-02-17T19:01:33.137249587Z  INFO  2021-02-17 19:01:33,136 [shard 0] storage_service - Loading persisted ring state
2021-02-17T19:01:33.140928780Z  INFO  2021-02-17 19:01:33,140 [shard 0] storage_service - initial_contact_nodes={10.0.13.6}, loaded_endpoints={}, loaded_peer_features=0
2021-02-17T19:01:33.140955126Z  INFO  2021-02-17 19:01:33,140 [shard 0] storage_service - Checking remote features with gossip, initial_contact_nodes={10.0.13.6}
2021-02-17T19:01:33.141300936Z  INFO  2021-02-17 19:01:33,140 [shard 0] messaging_service - Starting Messaging Service on port 7000
2021-02-17T19:01:33.141964285Z  INFO  2021-02-17 19:01:33,141 [shard 0] gossip - Gossip shadow round started with nodes={}
2021-02-17T19:01:33.141984858Z  WARN  2021-02-17 19:01:33,141 [shard 0] gossip - All nodes={} are down for get_endpoint_states verb. Skip ShadowRound.
2021-02-17T19:01:33.141995531Z  INFO  2021-02-17 19:01:33,141 [shard 0] gossip - Gossip shadow round finisehd with nodes_talked={}
2021-02-17T19:01:33.142341170Z  INFO  2021-02-17 19:01:33,141 [shard 0] gossip - Feature check passed. Local node 10.0.13.6 features = {CDC, COMPUTED_COLUMNS, CORRECT_COUNTER_ORDER, CORRECT_NON_COMPOUND_RANGE_TOMBSTONES, CORRECT_STATIC_COMPACT_IN_MC, COUNTERS, DIGEST_FOR_NULL_VALUES, DIGEST_INSENSITIVE_TO_EXPIRY, DIGEST_MULTIPARTITION_READ, HINTED_HANDOFF_SEPARATE_CONNECTION, INDEXES, LARGE_PARTITIONS, LA_SSTABLE_FORMAT, LWT, MATERIALIZED_VIEWS, MC_SSTABLE_FORMAT, MD_SSTABLE_FORMAT, NONFROZEN_UDTS, PER_TABLE_CACHING, PER_TABLE_PARTITIONERS, RANGE_TOMBSTONES, ROLES, ROW_LEVEL_REPAIR, SCHEMA_TABLES_V3, STREAM_WITH_RPC_STREAM, TRUNCATION_TABLE, UNBOUNDED_RANGE_TOMBSTONES, VIEW_VIRTUAL_COLUMNS, WRITE_FAILURE_REPLY, XXHASH}, Remote common_features = {}
2021-02-17T19:01:33.144698432Z  INFO  2021-02-17 19:01:33,144 [shard 0] storage_service - Restarting a node in NORMAL status
2021-02-17T19:01:33.181168535Z  INFO  2021-02-17 19:01:33,180 [shard 0] schema_tables - Schema version changed to d9780978-f87c-366c-a0f5-6b1d524f8488
2021-02-17T19:01:33.181554740Z  INFO  2021-02-17 19:01:33,180 [shard 0] storage_service - Starting up server gossip
2021-02-17T19:01:33.392709111Z  INFO  2021-02-17 19:01:33,392 [shard 2] compaction - [Compact system_schema.indexes 8d20b500-7152-11eb-a6a6-000000000001] Compacting [/var/lib/scylla/data/system_schema/indexes-0feb57ac311f382fba6d9024d305702f/md-1222-big-Data.db:level=0, /var/lib/scylla/data/system_schema/indexes-0feb57ac311f382fba6d9024d305702f/md-1214-big-Data.db:level=0, /var/lib/scylla/data/system_schema/indexes-0feb57ac311f382fba6d9024d305702f/md-1218-big-Data.db:level=0, ]
2021-02-17T19:01:33.393413651Z  INFO  2021-02-17 19:01:33,392 [shard 2] compaction - [Compact system_schema.keyspaces 8d20b501-7152-11eb-a6a6-000000000001] Compacting [/var/lib/scylla/data/system_schema/keyspaces-abac5682dea631c5b535b3d6cffd0fb6/md-1162-big-Data.db:level=0, /var/lib/scylla/data/system_schema/keyspaces-abac5682dea631c5b535b3d6cffd0fb6/md-1158-big-Data.db:level=0, ]
2021-02-17T19:01:33.394071522Z  INFO  2021-02-17 19:01:33,393 [shard 2] compaction - [Compact system_schema.tables 8d20dc10-7152-11eb-a6a6-000000000001] Compacting [/var/lib/scylla/data/system_schema/tables-afddfb9dbc1e30688056eed6c302ba09/md-1058-big-Data.db:level=0, /var/lib/scylla/data/system_schema/tables-afddfb9dbc1e30688056eed6c302ba09/md-1062-big-Data.db:level=0, /var/lib/scylla/data/system_schema/tables-afddfb9dbc1e30688056eed6c302ba09/md-1054-big-Data.db:level=0, ]
2021-02-17T19:01:33.975529590Z  INFO  2021-02-17 19:01:33,974 [shard 0] compaction - [Compact system.cdc_local 8b7cc900-7152-11eb-b5a0-000000000000] Compacted 2 sstables to [/var/lib/scylla/data/system/cdc_local-0bcaffd40c833eadad13dc1d5015b77c/md-648-big-Data.db:level=0, ]. 10kB to 5kB (~51% of original) in 1931ms = 2kB/s. ~256 total partitions merged to 1.
2021-02-17T19:01:33.976203543Z  INFO  2021-02-17 19:01:33,975 [shard 0] compaction - [Compact system.truncated 8b7cf010-7152-11eb-b5a0-000000000000] Compacted 3 sstables to [/var/lib/scylla/data/system/truncated-38c19fd0fb863310a4b70d0cc66628aa/md-3508-big-Data.db:level=0, ]. 158kB to 76kB (~48% of original) in 1931ms = 39kB/s. ~384 total partitions merged to 2.
2021-02-17T19:01:33.977146249Z  INFO  2021-02-17 19:01:33,976 [shard 0] compaction - [Compact system.compaction_history 8b7cf011-7152-11eb-b5a0-000000000000] Compacted 3 sstables to [/var/lib/scylla/data/system/compaction_history-b4dbb7b4dc493fb5b3bfce6e434832ca/md-540-big-Data.db:level=0, ]. 232kB to 100kB (~43% of original) in 1930ms = 52kB/s. ~384 total partitions merged to 74.
2021-02-17T19:01:33.979931417Z  INFO  2021-02-17 19:01:33,979 [shard 3] compaction - [Compact system.clients 8b7db360-7152-11eb-a20a-000000000003] Compacted 15 sstables to []. 247kB to 0 bytes (~0% of original) in 23ms = 0 bytes/s. ~1920 total partitions merged to 0.
2021-02-17T19:01:34.525533078Z  INFO  2021-02-17 19:01:34,524 [shard 1] compaction - [Compact system.local 8dcd6fc0-7152-11eb-9211-000000000002] Compacting [/var/lib/scylla/data/system/local-7ad54392bcdd35a684174e047860b377/md-6437-big-Data.db:level=0, /var/lib/scylla/data/system/local-7ad54392bcdd35a684174e047860b377/md-6433-big-Data.db:level=0, ]
2021-02-17T19:01:34.527561292Z  INFO  2021-02-17 19:01:34,526 [shard 1] compaction - [Compact system.compaction_history 8c4e22c0-7152-11eb-9211-000000000002] Compacted 3 sstables to [/var/lib/scylla/data/system/compaction_history-b4dbb7b4dc493fb5b3bfce6e434832ca/md-541-big-Data.db:level=0, ]. 183kB to 103kB (~56% of original) in 1997ms = 51kB/s. ~384 total partitions merged to 90.
2021-02-17T19:01:34.929116434Z  INFO  2021-02-17 19:01:34,928 [shard 2] compaction - [Compact system_schema.scylla_tables 8b7d1720-7152-11eb-a6a6-000000000001] Compacted 3 sstables to [/var/lib/scylla/data/system_schema/scylla_tables-5d912ff1f7593665b2c88042ab5103dd/md-1038-big-Data.db:level=0, ]. 17kB to 6kB (~35% of original) in 2749ms = 2kB/s. ~384 total partitions merged to 1.
2021-02-17T19:01:34.929169104Z  INFO  2021-02-17 19:01:34,928 [shard 2] compaction - [Compact system.truncated 8b7cf010-7152-11eb-a6a6-000000000001] Compacted 3 sstables to [/var/lib/scylla/data/system/truncated-38c19fd0fb863310a4b70d0cc66628aa/md-3510-big-Data.db:level=0, ]. 167kB to 56kB (~33% of original) in 2750ms = 20kB/s. ~384 total partitions merged to 4.
2021-02-17T19:01:34.930764262Z  INFO  2021-02-17 19:01:34,930 [shard 2] compaction - [Compact system_schema.computed_columns 8b7cf011-7152-11eb-a6a6-000000000001] Compacted 3 sstables to [/var/lib/scylla/data/system_schema/computed_columns-cc7c7069374033c192a4c3de78dbd2c4/md-1122-big-Data.db:level=0, ]. 15kB to 5kB (~35% of original) in 2750ms = 2kB/s. ~384 total partitions merged to 1.
2021-02-17T19:01:34.931240121Z  INFO  2021-02-17 19:01:34,930 [shard 2] compaction - [Compact system_schema.columns 8b7cf012-7152-11eb-a6a6-000000000001] Compacted 3 sstables to [/var/lib/scylla/data/system_schema/columns-24101c25a2ae3af787c1b40ee1aca33f/md-1262-big-Data.db:level=0, ]. 78kB to 61kB (~78% of original) in 2751ms = 22kB/s. ~384 total partitions merged to 2.
2021-02-17T19:01:34.933368939Z  INFO  2021-02-17 19:01:34,932 [shard 2] compaction - [Compact system.compaction_history 8b7d1721-7152-11eb-a6a6-000000000001] Compacted 2 sstables to [/var/lib/scylla/data/system/compaction_history-b4dbb7b4dc493fb5b3bfce6e434832ca/md-542-big-Data.db:level=0, ]. 104kB to 98kB (~94% of original) in 2751ms = 35kB/s. ~256 total partitions merged to 63.
2021-02-17T19:01:35.040614172Z  INFO  2021-02-17 19:01:35,040 [shard 3] compaction - [Compact system_schema.types 8e1c2c00-7152-11eb-a20a-000000000003] Compacting [/var/lib/scylla/data/system_schema/types-5a8b1ca866023f77a0459273d308917a/md-367-big-Data.db:level=0, /var/lib/scylla/data/system_schema/types-5a8b1ca866023f77a0459273d308917a/md-363-big-Data.db:level=0, /var/lib/scylla/data/system_schema/types-5a8b1ca866023f77a0459273d308917a/md-359-big-Data.db:level=0, ]
2021-02-17T19:01:35.042933363Z  INFO  2021-02-17 19:01:35,042 [shard 3] compaction - [Compact system_schema.indexes 8e1c7a20-7152-11eb-a20a-000000000003] Compacting [/var/lib/scylla/data/system_schema/indexes-0feb57ac311f382fba6d9024d305702f/md-1223-big-Data.db:level=0, /var/lib/scylla/data/system_schema/indexes-0feb57ac311f382fba6d9024d305702f/md-1219-big-Data.db:level=0, /var/lib/scylla/data/system_schema/indexes-0feb57ac311f382fba6d9024d305702f/md-1215-big-Data.db:level=0, ]
2021-02-17T19:01:35.044180388Z  INFO  2021-02-17 19:01:35,043 [shard 3] compaction - [Compact system_schema.tables 8e1ca130-7152-11eb-a20a-000000000003] Compacting [/var/lib/scylla/data/system_schema/tables-afddfb9dbc1e30688056eed6c302ba09/md-1059-big-Data.db:level=0, /var/lib/scylla/data/system_schema/tables-afddfb9dbc1e30688056eed6c302ba09/md-1063-big-Data.db:level=0, /var/lib/scylla/data/system_schema/tables-afddfb9dbc1e30688056eed6c302ba09/md-1055-big-Data.db:level=0, ]
2021-02-17T19:01:35.045017013Z  INFO  2021-02-17 19:01:35,044 [shard 3] compaction - [Compact system_schema.dropped_columns 8e1cc840-7152-11eb-a20a-000000000003] Compacting [/var/lib/scylla/data/system_schema/dropped_columns-5e7583b5f3f43af19a39b7e1d6f5f11f/md-1283-big-Data.db:level=0, /var/lib/scylla/data/system_schema/dropped_columns-5e7583b5f3f43af19a39b7e1d6f5f11f/md-1287-big-Data.db:level=0, /var/lib/scylla/data/system_schema/dropped_columns-5e7583b5f3f43af19a39b7e1d6f5f11f/md-1279-big-Data.db:level=0, ]
2021-02-17T19:01:35.601101216Z  INFO  2021-02-17 19:01:35,600 [shard 1] compaction - [Compact system.local 8dcd6fc0-7152-11eb-9211-000000000002] Compacted 2 sstables to [/var/lib/scylla/data/system/local-7ad54392bcdd35a684174e047860b377/md-6441-big-Data.db:level=0, ]. 18kB to 12kB (~66% of original) in 839ms = 14kB/s. ~256 total partitions merged to 1.
2021-02-17T19:01:35.662967164Z  INFO  2021-02-17 19:01:35,662 [shard 2] compaction - [Compact system_schema.functions 8e7b14e0-7152-11eb-a6a6-000000000001] Compacting [/var/lib/scylla/data/system_schema/functions-96489b7980be3e14a70166a0b9159450/md-374-big-Data.db:level=0, /var/lib/scylla/data/system_schema/functions-96489b7980be3e14a70166a0b9159450/md-370-big-Data.db:level=0, /var/lib/scylla/data/system_schema/functions-96489b7980be3e14a70166a0b9159450/md-366-big-Data.db:level=0, ]
2021-02-17T19:01:36.553527608Z  INFO  2021-02-17 19:01:36,553 [shard 3] compaction - [Compact system_schema.functions 8b7d6541-7152-11eb-a20a-000000000003] Compacted 3 sstables to [/var/lib/scylla/data/system_schema/functions-96489b7980be3e14a70166a0b9159450/md-379-big-Data.db:level=0, ]. 16kB to 5kB (~35% of original) in 4395ms = 1kB/s. ~384 total partitions merged to 1.
2021-02-17T19:01:36.596320531Z  INFO  2021-02-17 19:01:36,595 [shard 2] compaction - [Compact system_schema.indexes 8d20b500-7152-11eb-a6a6-000000000001] Compacted 3 sstables to [/var/lib/scylla/data/system_schema/indexes-0feb57ac311f382fba6d9024d305702f/md-1226-big-Data.db:level=0, ]. 16kB to 5kB (~35% of original) in 2269ms = 2kB/s. ~384 total partitions merged to 1.
2021-02-17T19:01:36.596392435Z  INFO  2021-02-17 19:01:36,596 [shard 3] compaction - [Compact system_schema.computed_columns 8b7d6540-7152-11eb-a20a-000000000003] Compacted 3 sstables to [/var/lib/scylla/data/system_schema/computed_columns-cc7c7069374033c192a4c3de78dbd2c4/md-1123-big-Data.db:level=0, ]. 22kB to 12kB (~55% of original) in 4397ms = 2kB/s. ~384 total partitions merged to 2.
2021-02-17T19:01:36.596940123Z  INFO  2021-02-17 19:01:36,596 [shard 3] compaction - [Compact system_schema.scylla_tables 8b7d8c51-7152-11eb-a20a-000000000003] Compacted 3 sstables to [/var/lib/scylla/data/system_schema/scylla_tables-5d912ff1f7593665b2c88042ab5103dd/md-1039-big-Data.db:level=0, ]. 18kB to 6kB (~35% of original) in 4396ms = 1kB/s. ~384 total partitions merged to 1.
2021-02-17T19:01:36.597350768Z  INFO  2021-02-17 19:01:36,596 [shard 2] compaction - [Compact system_schema.keyspaces 8d20b501-7152-11eb-a6a6-000000000001] Compacted 2 sstables to [/var/lib/scylla/data/system_schema/keyspaces-abac5682dea631c5b535b3d6cffd0fb6/md-1166-big-Data.db:level=0, ]. 62kB to 56kB (~91% of original) in 2270ms = 24kB/s. ~256 total partitions merged to 2.
2021-02-17T19:01:36.598105408Z  INFO  2021-02-17 19:01:36,597 [shard 2] compaction - [Compact system_schema.tables 8d20dc10-7152-11eb-a6a6-000000000001] Compacted 3 sstables to [/var/lib/scylla/data/system_schema/tables-afddfb9dbc1e30688056eed6c302ba09/md-1066-big-Data.db:level=0, ]. 75kB to 59kB (~79% of original) in 2271ms = 26kB/s. ~384 total partitions merged to 2.
2021-02-17T19:01:36.599126863Z  INFO  2021-02-17 19:01:36,598 [shard 3] compaction - [Compact system_schema.columns 8b7d8c50-7152-11eb-a20a-000000000003] Compacted 3 sstables to [/var/lib/scylla/data/system_schema/columns-24101c25a2ae3af787c1b40ee1aca33f/md-1263-big-Data.db:level=0, ]. 77kB to 58kB (~75% of original) in 4398ms = 13kB/s. ~384 total partitions merged to 4.
2021-02-17T19:01:36.599960532Z  INFO  2021-02-17 19:01:36,599 [shard 3] compaction - [Compact dt.source_data 8b7d1720-7152-11eb-a20a-000000000003] Compacted 3 sstables to [/var/lib/scylla/data/dt/source_data-6af6cd50d77b11ea9877000000000001/md-1223-big-Data.db:level=0, ]. 13MB to 7MB (~61% of original) in 4400ms = 1MB/s. ~384 total partitions merged to 1.
2021-02-17T19:01:36.600679683Z  INFO  2021-02-17 19:01:36,600 [shard 3] compaction - [Compact system.truncated 8b7d3e30-7152-11eb-a20a-000000000003] Compacted 3 sstables to [/var/lib/scylla/data/system/truncated-38c19fd0fb863310a4b70d0cc66628aa/md-3511-big-Data.db:level=0, ]. 188kB to 63kB (~33% of original) in 4399ms = 14kB/s. ~384 total partitions merged to 2.
2021-02-17T19:01:36.602572143Z  INFO  2021-02-17 19:01:36,602 [shard 3] compaction - [Compact system.compaction_history 8b7d8c52-7152-11eb-a20a-000000000003] Compacted 2 sstables to [/var/lib/scylla/data/system/compaction_history-b4dbb7b4dc493fb5b3bfce6e434832ca/md-543-big-Data.db:level=0, ]. 178kB to 99kB (~55% of original) in 4399ms = 22kB/s. ~256 total partitions merged to 66.
2021-02-17T19:01:37.036480636Z  INFO  2021-02-17 19:01:37,035 [shard 2] compaction - [Compact system_schema.types 8f4c95b0-7152-11eb-a6a6-000000000001] Compacting [/var/lib/scylla/data/system_schema/types-5a8b1ca866023f77a0459273d308917a/md-366-big-Data.db:level=0, /var/lib/scylla/data/system_schema/types-5a8b1ca866023f77a0459273d308917a/md-362-big-Data.db:level=0, /var/lib/scylla/data/system_schema/types-5a8b1ca866023f77a0459273d308917a/md-358-big-Data.db:level=0, ]
2021-02-17T19:01:37.384573330Z  INFO  2021-02-17 19:01:37,384 [shard 2] compaction - [Compact system_schema.functions 8e7b14e0-7152-11eb-a6a6-000000000001] Compacted 3 sstables to [/var/lib/scylla/data/system_schema/functions-96489b7980be3e14a70166a0b9159450/md-378-big-Data.db:level=0, ]. 16kB to 5kB (~35% of original) in 1373ms = 4kB/s. ~384 total partitions merged to 1.
2021-02-17T19:01:37.431925779Z  INFO  2021-02-17 19:01:37,431 [shard 3] compaction - [Compact system.peers 8f890270-7152-11eb-a20a-000000000003] Compacting [/var/lib/scylla/data/system/peers-37f71aca7dc2383ba70672528af04d4f/md-479-big-Data.db:level=0, /var/lib/scylla/data/system/peers-37f71aca7dc2383ba70672528af04d4f/md-475-big-Data.db:level=0, /var/lib/scylla/data/system/peers-37f71aca7dc2383ba70672528af04d4f/md-471-big-Data.db:level=0, ]
2021-02-17T19:01:37.432982516Z  INFO  2021-02-17 19:01:37,432 [shard 3] compaction - [Compact system_schema.triggers 8f892980-7152-11eb-a20a-000000000003] Compacting [/var/lib/scylla/data/system_schema/triggers-4df70b666b05325195a132b54005fd48/md-359-big-Data.db:level=0, /var/lib/scylla/data/system_schema/triggers-4df70b666b05325195a132b54005fd48/md-351-big-Data.db:level=0, /var/lib/scylla/data/system_schema/triggers-4df70b666b05325195a132b54005fd48/md-355-big-Data.db:level=0, ]
2021-02-17T19:01:37.436215096Z  INFO  2021-02-17 19:01:37,435 [shard 3] compaction - [Compact system_schema.view_virtual_columns 8f899eb0-7152-11eb-a20a-000000000003] Compacting [/var/lib/scylla/data/system_schema/view_virtual_columns-08843b6345dc3be29798a0418295cfaa/md-1219-big-Data.db:level=0, /var/lib/scylla/data/system_schema/view_virtual_columns-08843b6345dc3be29798a0418295cfaa/md-1215-big-Data.db:level=0, /var/lib/scylla/data/system_schema/view_virtual_columns-08843b6345dc3be29798a0418295cfaa/md-1211-big-Data.db:level=0, ]
2021-02-17T19:01:37.845856816Z  INFO  2021-02-17 19:01:37,845 [shard 2] compaction - [Compact system_schema.triggers 8fc80740-7152-11eb-a6a6-000000000001] Compacting [/var/lib/scylla/data/system_schema/triggers-4df70b666b05325195a132b54005fd48/md-358-big-Data.db:level=0, /var/lib/scylla/data/system_schema/triggers-4df70b666b05325195a132b54005fd48/md-354-big-Data.db:level=0, /var/lib/scylla/data/system_schema/triggers-4df70b666b05325195a132b54005fd48/md-350-big-Data.db:level=0, ]
2021-02-17T19:01:38.186835323Z  INFO  2021-02-17 19:01:38,186 [shard 2] compaction - [Compact system_schema.types 8f4c95b0-7152-11eb-a6a6-000000000001] Compacted 3 sstables to [/var/lib/scylla/data/system_schema/types-5a8b1ca866023f77a0459273d308917a/md-370-big-Data.db:level=0, ]. 16kB to 5kB (~35% of original) in 808ms = 7kB/s. ~384 total partitions merged to 1.
2021-02-17T19:01:38.298223755Z  INFO  2021-02-17 19:01:38,297 [shard 3] compaction - [Compact system_schema.types 8e1c2c00-7152-11eb-a20a-000000000003] Compacted 3 sstables to [/var/lib/scylla/data/system_schema/types-5a8b1ca866023f77a0459273d308917a/md-371-big-Data.db:level=0, ]. 16kB to 5kB (~35% of original) in 2391ms = 2kB/s. ~384 total partitions merged to 1.
2021-02-17T19:01:38.299253222Z  INFO  2021-02-17 19:01:38,298 [shard 3] compaction - [Compact system.peers 8f890270-7152-11eb-a20a-000000000003] Compacted 3 sstables to []. 16kB to 0 bytes (~0% of original) in 0ms = 0 bytes/s. ~384 total partitions merged to 0.
2021-02-17T19:01:38.351677363Z  INFO  2021-02-17 19:01:38,351 [shard 3] compaction - [Compact system_schema.dropped_columns 8e1cc840-7152-11eb-a20a-000000000003] Compacted 3 sstables to [/var/lib/scylla/data/system_schema/dropped_columns-5e7583b5f3f43af19a39b7e1d6f5f11f/md-1291-big-Data.db:level=0, ]. 16kB to 5kB (~35% of original) in 2391ms = 2kB/s. ~384 total partitions merged to 1.
2021-02-17T19:01:38.394078240Z  INFO  2021-02-17 19:01:38,393 [shard 3] compaction - [Compact system_schema.tables 8e1ca130-7152-11eb-a20a-000000000003] Compacted 3 sstables to [/var/lib/scylla/data/system_schema/tables-afddfb9dbc1e30688056eed6c302ba09/md-1067-big-Data.db:level=0, ]. 74kB to 56kB (~75% of original) in 2392ms = 23kB/s. ~384 total partitions merged to 4.
2021-02-17T19:01:38.394134777Z  INFO  2021-02-17 19:01:38,393 [shard 3] compaction - [Compact system_schema.indexes 8e1c7a20-7152-11eb-a20a-000000000003] Compacted 3 sstables to [/var/lib/scylla/data/system_schema/indexes-0feb57ac311f382fba6d9024d305702f/md-1227-big-Data.db:level=0, ]. 23kB to 12kB (~54% of original) in 2393ms = 5kB/s. ~384 total partitions merged to 2.
2021-02-17T19:01:38.564315936Z  INFO  2021-02-17 19:01:38,563 [shard 2] compaction - [Compact system_schema.dropped_columns 9035bd30-7152-11eb-a6a6-000000000001] Compacting [/var/lib/scylla/data/system_schema/dropped_columns-5e7583b5f3f43af19a39b7e1d6f5f11f/md-1286-big-Data.db:level=0, /var/lib/scylla/data/system_schema/dropped_columns-5e7583b5f3f43af19a39b7e1d6f5f11f/md-1282-big-Data.db:level=0, /var/lib/scylla/data/system_schema/dropped_columns-5e7583b5f3f43af19a39b7e1d6f5f11f/md-1278-big-Data.db:level=0, ]
2021-02-17T19:01:38.894075646Z  INFO  2021-02-17 19:01:38,893 [shard 3] compaction - [Compact system_schema.views 906817d0-7152-11eb-a20a-000000000003] Compacting [/var/lib/scylla/data/system_schema/views-9786ac1cdd583201a7cdad556410c985/md-955-big-Data.db:level=0, /var/lib/scylla/data/system_schema/views-9786ac1cdd583201a7cdad556410c985/md-951-big-Data.db:level=0, /var/lib/scylla/data/system_schema/views-9786ac1cdd583201a7cdad556410c985/md-947-big-Data.db:level=0, ]
2021-02-17T19:01:38.895347531Z  INFO  2021-02-17 19:01:38,894 [shard 3] compaction - [Compact system_schema.aggregates 90683ee0-7152-11eb-a20a-000000000003] Compacting [/var/lib/scylla/data/system_schema/aggregates-924c55872e3a345bb10c12f37c1ba895/md-347-big-Data.db:level=0, /var/lib/scylla/data/system_schema/aggregates-924c55872e3a345bb10c12f37c1ba895/md-339-big-Data.db:level=0, /var/lib/scylla/data/system_schema/aggregates-924c55872e3a345bb10c12f37c1ba895/md-343-big-Data.db:level=0, ]
2021-02-17T19:01:39.074844761Z  INFO  2021-02-17 19:01:39,074 [shard 2] compaction - [Compact system_schema.triggers 8fc80740-7152-11eb-a6a6-000000000001] Compacted 3 sstables to [/var/lib/scylla/data/system_schema/triggers-4df70b666b05325195a132b54005fd48/md-362-big-Data.db:level=0, ]. 16kB to 5kB (~35% of original) in 718ms = 7kB/s. ~384 total partitions merged to 1.
2021-02-17T19:01:39.458701509Z  INFO  2021-02-17 19:01:39,457 [shard 2] compaction - [Compact system_schema.view_virtual_columns 90be2710-7152-11eb-a6a6-000000000001] Compacting [/var/lib/scylla/data/system_schema/view_virtual_columns-08843b6345dc3be29798a0418295cfaa/md-1218-big-Data.db:level=0, /var/lib/scylla/data/system_schema/view_virtual_columns-08843b6345dc3be29798a0418295cfaa/md-1214-big-Data.db:level=0, /var/lib/scylla/data/system_schema/view_virtual_columns-08843b6345dc3be29798a0418295cfaa/md-1210-big-Data.db:level=0, ]
2021-02-17T19:01:39.534146864Z  INFO  2021-02-17 19:01:39,533 [shard 3] compaction - [Compact system_schema.view_virtual_columns 8f899eb0-7152-11eb-a20a-000000000003] Compacted 3 sstables to [/var/lib/scylla/data/system_schema/view_virtual_columns-08843b6345dc3be29798a0418295cfaa/md-1223-big-Data.db:level=0, ]. 23kB to 12kB (~54% of original) in 1457ms = 8kB/s. ~384 total partitions merged to 2.
2021-02-17T19:01:39.534195216Z  INFO  2021-02-17 19:01:39,533 [shard 3] compaction - [Compact system_schema.triggers 8f892980-7152-11eb-a20a-000000000003] Compacted 3 sstables to [/var/lib/scylla/data/system_schema/triggers-4df70b666b05325195a132b54005fd48/md-363-big-Data.db:level=0, ]. 16kB to 5kB (~35% of original) in 1462ms = 3kB/s. ~384 total partitions merged to 1.
2021-02-17T19:01:40.026855443Z  INFO  2021-02-17 19:01:40,025 [shard 2] compaction - [Compact system_schema.dropped_columns 9035bd30-7152-11eb-a6a6-000000000001] Compacted 3 sstables to [/var/lib/scylla/data/system_schema/dropped_columns-5e7583b5f3f43af19a39b7e1d6f5f11f/md-1290-big-Data.db:level=0, ]. 15kB to 5kB (~35% of original) in 894ms = 6kB/s. ~384 total partitions merged to 1.
2021-02-17T19:01:40.212832620Z  INFO  2021-02-17 19:01:40,212 [shard 3] compaction - [Compact system_schema.keyspaces 91315b40-7152-11eb-a20a-000000000003] Compacting [/var/lib/scylla/data/system_schema/keyspaces-abac5682dea631c5b535b3d6cffd0fb6/md-1163-big-Data.db:level=0, /var/lib/scylla/data/system_schema/keyspaces-abac5682dea631c5b535b3d6cffd0fb6/md-1159-big-Data.db:level=0, ]
2021-02-17T19:01:40.529842220Z  INFO  2021-02-17 19:01:40,529 [shard 2] compaction - [Compact system_schema.aggregates 9161ba10-7152-11eb-a6a6-000000000001] Compacting [/var/lib/scylla/data/system_schema/aggregates-924c55872e3a345bb10c12f37c1ba895/md-346-big-Data.db:level=0, /var/lib/scylla/data/system_schema/aggregates-924c55872e3a345bb10c12f37c1ba895/md-342-big-Data.db:level=0, /var/lib/scylla/data/system_schema/aggregates-924c55872e3a345bb10c12f37c1ba895/md-338-big-Data.db:level=0, ]
2021-02-17T19:01:40.844181655Z  INFO  2021-02-17 19:01:40,843 [shard 3] compaction - [Compact system_schema.views 906817d0-7152-11eb-a20a-000000000003] Compacted 3 sstables to [/var/lib/scylla/data/system_schema/views-9786ac1cdd583201a7cdad556410c985/md-959-big-Data.db:level=0, ]. 27kB to 14kB (~52% of original) in 1319ms = 10kB/s. ~384 total partitions merged to 2.
2021-02-17T19:01:40.910664968Z  INFO  2021-02-17 19:01:40,910 [shard 3] compaction - [Compact system_schema.aggregates 90683ee0-7152-11eb-a20a-000000000003] Compacted 3 sstables to [/var/lib/scylla/data/system_schema/aggregates-924c55872e3a345bb10c12f37c1ba895/md-351-big-Data.db:level=0, ]. 16kB to 5kB (~35% of original) in 1320ms = 4kB/s. ~384 total partitions merged to 1.
2021-02-17T19:01:40.978573098Z  INFO  2021-02-17 19:01:40,977 [shard 2] compaction - [Compact system_schema.view_virtual_columns 90be2710-7152-11eb-a6a6-000000000001] Compacted 3 sstables to [/var/lib/scylla/data/system_schema/view_virtual_columns-08843b6345dc3be29798a0418295cfaa/md-1222-big-Data.db:level=0, ]. 16kB to 5kB (~35% of original) in 1071ms = 5kB/s. ~384 total partitions merged to 1.
2021-02-17T19:01:41.858869921Z  INFO  2021-02-17 19:01:41,858 [shard 2] compaction - [Compact system_schema.views 922c8420-7152-11eb-a6a6-000000000001] Compacting [/var/lib/scylla/data/system_schema/views-9786ac1cdd583201a7cdad556410c985/md-954-big-Data.db:level=0, /var/lib/scylla/data/system_schema/views-9786ac1cdd583201a7cdad556410c985/md-950-big-Data.db:level=0, /var/lib/scylla/data/system_schema/views-9786ac1cdd583201a7cdad556410c985/md-946-big-Data.db:level=0, ]
2021-02-17T19:01:42.015887084Z  INFO  2021-02-17 19:01:42,015 [shard 3] compaction - [Compact system_schema.keyspaces 91315b40-7152-11eb-a20a-000000000003] Compacted 2 sstables to [/var/lib/scylla/data/system_schema/keyspaces-abac5682dea631c5b535b3d6cffd0fb6/md-1167-big-Data.db:level=0, ]. 56kB to 51kB (~90% of original) in 1434ms = 35kB/s. ~256 total partitions merged to 4.
2021-02-17T19:01:42.214020077Z  INFO  2021-02-17 19:01:42,213 [shard 2] compaction - [Compact system_schema.aggregates 9161ba10-7152-11eb-a6a6-000000000001] Compacted 3 sstables to [/var/lib/scylla/data/system_schema/aggregates-924c55872e3a345bb10c12f37c1ba895/md-350-big-Data.db:level=0, ]. 16kB to 5kB (~35% of original) in 1329ms = 4kB/s. ~384 total partitions merged to 1.
2021-02-17T19:01:42.735882836Z  INFO  2021-02-17 19:01:42,735 [shard 2] compaction - [Compact system_schema.views 922c8420-7152-11eb-a6a6-000000000001] Compacted 3 sstables to [/var/lib/scylla/data/system_schema/views-9786ac1cdd583201a7cdad556410c985/md-958-big-Data.db:level=0, ]. 20kB to 7kB (~34% of original) in 733ms = 9kB/s. ~384 total partitions merged to 1.
2021-02-17T19:01:46.531407952Z  INFO  2021-02-17 19:01:46,530 [shard 0] gossip - No gossip backlog; proceeding
2021-02-17T19:01:46.533623996Z  INFO  2021-02-17 19:01:46,532 [shard 0] features - Feature CDC is enabled
2021-02-17T19:01:46.533667457Z  INFO  2021-02-17 19:01:46,532 [shard 0] features - Feature COMPUTED_COLUMNS is enabled
2021-02-17T19:01:46.533688477Z  INFO  2021-02-17 19:01:46,532 [shard 0] features - Feature CORRECT_STATIC_COMPACT_IN_MC is enabled
2021-02-17T19:01:46.533707601Z  INFO  2021-02-17 19:01:46,532 [shard 0] features - Feature DIGEST_FOR_NULL_VALUES is enabled
2021-02-17T19:01:46.533725784Z  INFO  2021-02-17 19:01:46,532 [shard 0] features - Feature DIGEST_INSENSITIVE_TO_EXPIRY is enabled
2021-02-17T19:01:46.533744064Z  INFO  2021-02-17 19:01:46,532 [shard 0] features - Feature HINTED_HANDOFF_SEPARATE_CONNECTION is enabled
2021-02-17T19:01:46.533850453Z  INFO  2021-02-17 19:01:46,532 [shard 0] features - Feature LWT is enabled
2021-02-17T19:01:46.533873599Z  INFO  2021-02-17 19:01:46,532 [shard 0] features - Feature MC_SSTABLE_FORMAT is enabled
2021-02-17T19:01:46.533892539Z  INFO  2021-02-17 19:01:46,532 [shard 0] features - Feature MD_SSTABLE_FORMAT is enabled
2021-02-17T19:01:46.533910699Z  INFO  2021-02-17 19:01:46,532 [shard 0] features - Feature NONFROZEN_UDTS is enabled
2021-02-17T19:01:46.533928676Z  INFO  2021-02-17 19:01:46,532 [shard 0] features - Feature PER_TABLE_CACHING is enabled
2021-02-17T19:01:46.533946550Z  INFO  2021-02-17 19:01:46,532 [shard 0] features - Feature PER_TABLE_PARTITIONERS is enabled
2021-02-17T19:01:46.533964727Z  INFO  2021-02-17 19:01:46,532 [shard 0] features - Feature ROW_LEVEL_REPAIR is enabled
2021-02-17T19:01:46.533983007Z  INFO  2021-02-17 19:01:46,532 [shard 0] features - Feature TRUNCATION_TABLE is enabled
2021-02-17T19:01:46.534001490Z  INFO  2021-02-17 19:01:46,532 [shard 0] features - Feature UNBOUNDED_RANGE_TOMBSTONES is enabled
2021-02-17T19:01:46.534020007Z  INFO  2021-02-17 19:01:46,532 [shard 0] features - Feature VIEW_VIRTUAL_COLUMNS is enabled
2021-02-17T19:01:46.535015927Z  INFO  2021-02-17 19:01:46,534 [shard 0] init - starting system distributed keyspace
2021-02-17T19:01:46.538660443Z  INFO  2021-02-17 19:01:46,537 [shard 0] storage_service - Using saved tokens {9122882257136270100, 9066588519930559993, 9061580907506437136, 8775859223532977932, 943448605036726745, 8325613099551670589, 800062458669145892, 7880345233810794046, 784130423392421222, 782580883702972777, 778239093056833917, 7732629563319678675, 7564694057214588647, 747840302865059114, 7469085752185829039, 7255484784972643852, 7222389702734437292, 7172238068082229918, 7103497347382660592, 6818717460470417221, 6496091893897576732, 6420907855788431922, 6381418245203458391, 6358173612251239308, 6115776390551923703, 5935809959838255935, 588034934972968299, 5848278814186320030, 5834675951458569055, 5704999654143823990, 5661405961885371428, 5569071124009844993, 7804258889026263620, 5441044328235651423, 5396954320704971060, 5311755414232655734, 5256736089695841171, 525652295242460822, 6302443190184390149, 5150907166433009570, 5102381975608989830, 4540975434217357056, 4497639963855891379, 4461207940793579131, 4453520694484038438, 4445989245037378795, 4262233236239091105, 408961909545308462, 873311388414975666, 5104799485589097680, 4037379789709069307, 3979649323160207298, 3941245744356891698, 3909145942678699742, 6478032244021912394, 3907413558358164712, 3840184102447470012, 5103660925946342563, 3822141065635310082, 667581605220131528, 3606629961194077343, 352278596429886466, 3361838207769500988, 3145063885579200582, 3100842289958262644, 2870638580126821409, 2609254198811139442, 2531294222158762011, 2431756818088451524, 5341717901052361821, 2050968450175517454, 1911454556365012923, 8413544620893079714, 214428871588027420, 1470306277250886071, 5796254206948921528, 4378909036113166689, 1172299952227812636, 105268539462240253, -1614584707908969492, 3058186759042775792, -2685359252619347507, -7341700934491837716, -4368295386640868227, -4280461110562472301, -4203952547861361192, -4177024142024341044, 4083460330442256183, -4113405879925637368, 8707696313600310498, -3880555618453256762, -4106310081010891923, -3428624778218969630, -4007868363884276055, 3373616921334842984, -3942245253345029362, 285540986842976874, -3729138346528579520, 855031166620283245, -3256341547923989103, 284028081363756156, 194223785007163967, -2800260328053956713, -2700796200994103492, -4623422606623793434, -6767019288334108993, -2365586676906010085, -431455211546220291, -3014142033706378490, 5153854518462400651, -7767361191227918078, 5890706123786165213, -8855822008500182327, -2732234699235264563, -4475005699924690030, -1171738939209168407, -1084614158625469139, -1295419475388780424, -4193553788022177878, -1474028219808469861, -1593748153114868683, -7190282066974323895, 8777890816944145805, -105211415949921556, 8280511155447462154, 3014475854062098037, -6104126434670973331, 7743526815996532326, -2879534723161185431, 6933997554702494562, -7913213531410876291, -2605645373691895986, -1004253484774030395, -2187125227394891465, 3287699046743316011, -184157634332906914, 1251119865371637993, -2699231837109027988, -6586482614645135705, 700944770677405149, -2135119982021577211, -1207620414022812792, -2319706609635128471, -2076430708060394350, 6788034976878782500, 3022913469242457337, 2879924223908633556, -5656441245782528349, -9132047842757487932, 7772390126184307669, -8529251962487546573, -1032698423218536378, -2648919406212884980, 3556932048290112968, -2391018463907211455, -467985751191813914, 7354219953741161264, -6338043935148530859, -471701403720839764, -4415280594152455372, -6127879535600466936, -4735496583611878200, 156312151312654313, -1761718599052329021, -4770694758141334815, -4895652206680369668, -2166731983266837511, -5095673126210616552, 6974970471767945112, 3924960423780627192, -4134923634748466107, -1363472444035739717, -511676141100664160, 2542018259596577135, -7111183380354176443, -8372022353883945178, 790424663468033093, -3280527161887251879, -3164480873853500968, -5136236598692180863, -5140544052953576706, 6448269612184381105, -4601858807243735115, -5285270377043925775, 4738411181964629022, -4231054370802445643, -6853270293933441203, 1912522665107890116, -8612347190400988175, -5228242602708342126, -5246840897237646542, 8957018461898327244, 8476533345381470087, 3533570692245755170, -5360532551957069796, 7009081579420542256, -1970747149103226319, -2640475812391264528, -5411685484465544274, -5508289632699420366, 5906838239532612246, -5526097868254533829, 5122450296475986719, 2104079815049743807, -4872163430844150374, -3101294897153501639, -4925670906471950289, -8001902308657073600, 1033733984444816800, -5595342098352848506, 4660022660859336370, -1709100826419756065, -8485257529464526975, -7405825010257289618, -572473923349256348, 533209426647054698, -6810383749951706976, -6017078328443447975, 2233495137371904435, 1688077838521597411, -6093280019772326743, 8813999419995718088, -6238625478980828395, -3409621329811667263, -6249520955674807415, -7148146405116016542, -6263078841153087564, 8675978575875245837, 1574734081023094222, -8953406550820932827, -1208769590907790735, -6303682351633097607, 1535311813904826318, -8024675672634848221, -8495384334141326469, -9173155356561330710, -6648258355715071793, -6779834804380741154, 5017042126534426855, -6985294397658573838, -6199824488038647909, -6441145814158460549, -7232953798633244985, -8352632933072691056, -4829128129506020031, -9210810031089136649, -7512330892235471280, -1522914538603683793, -769344519844763244, -4541237399207364623, -8694753427154041557, 8382283044476755854, -889434854029329118, 5401470720317959250, -8549013321787275289, 1018091569669202328}
2021-02-17T19:01:46.556583913Z  INFO  2021-02-17 19:01:46,556 [shard 0] schema_tables - Schema version changed to d9780978-f87c-366c-a0f5-6b1d524f8488
2021-02-17T19:01:46.577685140Z  INFO  2021-02-17 19:01:46,577 [shard 0] schema_tables - Schema version changed to b18bbcde-6606-3379-a1a5-68b0b0524d81
2021-02-17T19:01:46.595527038Z  INFO  2021-02-17 19:01:46,595 [shard 0] schema_tables - Schema version changed to b18bbcde-6606-3379-a1a5-68b0b0524d81
2021-02-17T19:01:46.613003729Z  INFO  2021-02-17 19:01:46,612 [shard 0] schema_tables - Schema version changed to b18bbcde-6606-3379-a1a5-68b0b0524d81
2021-02-17T19:01:46.850910204Z  INFO  2021-02-17 19:01:46,850 [shard 0] compaction - [Compact system.cdc_local 95263c20-7152-11eb-b5a0-000000000000] Compacting [/var/lib/scylla/data/system/cdc_local-0bcaffd40c833eadad13dc1d5015b77c/md-652-big-Data.db:level=0, /var/lib/scylla/data/system/cdc_local-0bcaffd40c833eadad13dc1d5015b77c/md-648-big-Data.db:level=0, ]
2021-02-17T19:01:47.526020787Z  INFO  2021-02-17 19:01:47,524 [shard 1] compaction - [Compact system.local 958d1440-7152-11eb-9211-000000000002] Compacting [/var/lib/scylla/data/system/local-7ad54392bcdd35a684174e047860b377/md-6445-big-Data.db:level=0, /var/lib/scylla/data/system/local-7ad54392bcdd35a684174e047860b377/md-6441-big-Data.db:level=0, ]
2021-02-17T19:01:47.530498305Z  INFO  2021-02-17 19:01:47,529 [shard 0] storage_service - Node 10.0.13.6 state jump to normal
2021-02-17T19:01:47.827832627Z  INFO  2021-02-17 19:01:47,826 [shard 0] compaction - [Compact system.cdc_local 95263c20-7152-11eb-b5a0-000000000000] Compacted 2 sstables to [/var/lib/scylla/data/system/cdc_local-0bcaffd40c833eadad13dc1d5015b77c/md-656-big-Data.db:level=0, ]. 10kB to 5kB (~51% of original) in 701ms = 7kB/s. ~256 total partitions merged to 1.
2021-02-17T19:01:48.189973804Z  INFO  2021-02-17 19:01:48,189 [shard 0] storage_service - NORMAL: node is now in normal status
2021-02-17T19:01:48.190015037Z  INFO  2021-02-17 19:01:48,189 [shard 0] cdc - Latest generation seen during startup: 2021/01/13 14:33:24
2021-02-17T19:01:48.190512221Z  INFO  2021-02-17 19:01:48,190 [shard 0] init - starting tracing
2021-02-17T19:01:48.191633518Z  INFO  2021-02-17 19:01:48,190 [shard 0] init - SSTable data integrity checker is disabled.
2021-02-17T19:01:48.191676106Z  INFO  2021-02-17 19:01:48,191 [shard 0] init - starting auth service
2021-02-17T19:01:48.194683363Z  INFO  2021-02-17 19:01:48,194 [shard 0] init - starting batchlog manager
2021-02-17T19:01:48.195124528Z  INFO  2021-02-17 19:01:48,194 [shard 0] init - starting load meter
2021-02-17T19:01:48.195149933Z  INFO  2021-02-17 19:01:48,194 [shard 0] init - starting cf cache hit rate calculator
2021-02-17T19:01:48.195779599Z  INFO  2021-02-17 19:01:48,195 [shard 0] init - starting view update backlog broker
2021-02-17T19:01:48.196971385Z  INFO  2021-02-17 19:01:48,196 [shard 0] init - Waiting for gossip to settle before accepting client requests...
2021-02-17T19:01:48.259069521Z  INFO  2021-02-17 19:01:48,258 [shard 1] compaction - [Compact system.local 958d1440-7152-11eb-9211-000000000002] Compacted 2 sstables to [/var/lib/scylla/data/system/local-7ad54392bcdd35a684174e047860b377/md-6449-big-Data.db:level=0, ]. 18kB to 12kB (~66% of original) in 633ms = 19kB/s. ~256 total partitions merged to 1.
2021-02-17T19:02:00.198060682Z  INFO  2021-02-17 19:02:00,197 [shard 0] gossip - No gossip backlog; proceeding
2021-02-17T19:02:00.199505577Z  INFO  2021-02-17 19:02:00,198 [shard 0] init - allow replaying hints
2021-02-17T19:02:00.200219759Z  INFO  2021-02-17 19:02:00,199 [shard 0] init - Launching generate_mv_updates for non system tables
2021-02-17T19:02:00.200902173Z  INFO  2021-02-17 19:02:00,200 [shard 0] init - starting the view builder
2021-02-17T19:02:00.551208934Z  INFO  2021-02-17 19:02:00,550 [shard 0] compaction - [Compact system.truncated 9d50b060-7152-11eb-b5a0-000000000000] Compacting [/var/lib/scylla/data/system/truncated-38c19fd0fb863310a4b70d0cc66628aa/md-3512-big-Data.db:level=0, /var/lib/scylla/data/system/truncated-38c19fd0fb863310a4b70d0cc66628aa/md-3508-big-Data.db:level=0, ]
2021-02-17T19:02:00.552024497Z  INFO  2021-02-17 19:02:00,551 [shard 0] init - starting native transport
2021-02-17T19:02:00.553979864Z  INFO  2021-02-17 19:02:00,553 [shard 0] cql_server_controller - Starting listening for CQL clients on 10.0.13.6:9042 (unencrypted, non-shard-aware)
2021-02-17T19:02:00.554009216Z  INFO  2021-02-17 19:02:00,553 [shard 0] cql_server_controller - Starting listening for CQL clients on 10.0.13.6:19042 (unencrypted, shard-aware)
2021-02-17T19:02:00.555606617Z  INFO  2021-02-17 19:02:00,555 [shard 0] thrift_controller - Thrift server listening on 10.0.13.6:9160 ...
2021-02-17T19:02:00.556876102Z  INFO  2021-02-17 19:02:00,556 [shard 0] init - serving
2021-02-17T19:02:00.556900455Z  INFO  2021-02-17 19:02:00,556 [shard 0] init - Scylla version 4.3.0-0.20210110.000585522 initialization completed.
2021-02-17T19:02:01.048564266Z  INFO  2021-02-17 19:02:01,047 [shard 0] compaction - [Compact system.truncated 9d50b060-7152-11eb-b5a0-000000000000] Compacted 2 sstables to [/var/lib/scylla/data/system/truncated-38c19fd0fb863310a4b70d0cc66628aa/md-3516-big-Data.db:level=0, ]. 82kB to 76kB (~93% of original) in 422ms = 181kB/s. ~256 total partitions merged to 2.
2021-02-17T19:03:04.393082935Z  INFO  2021-02-17 19:03:04,392 [shard 0] compaction - [Compact system.clients c35e3480-7152-11eb-b5a0-000000000000] Compacting [/var/lib/scylla/data/system/clients-ca0f635d863036098d93a1fc06f2a5e5/md-208-big-Data.db:level=0, /var/lib/scylla/data/system/clients-ca0f635d863036098d93a1fc06f2a5e5/md-212-big-Data.db:level=0, ]
2021-02-17T19:03:04.933861131Z  INFO  2021-02-17 19:03:04,933 [shard 0] compaction - [Compact system.clients c35e3480-7152-11eb-b5a0-000000000000] Compacted 2 sstables to [/var/lib/scylla/data/system/clients-ca0f635d863036098d93a1fc06f2a5e5/md-216-big-Data.db:level=0, ]. 102kB to 5kB (~5% of original) in 431ms = 13kB/s. ~256 total partitions merged to 1.
2021-02-17T19:03:23.501419190Z  INFO  2021-02-17 19:03:23,500 [shard 0] compaction - [Compact system.clients cec1dac0-7152-11eb-b5a0-000000000000] Compacting [/var/lib/scylla/data/system/clients-ca0f635d863036098d93a1fc06f2a5e5/md-216-big-Data.db:level=0, /var/lib/scylla/data/system/clients-ca0f635d863036098d93a1fc06f2a5e5/md-220-big-Data.db:level=0, ]
2021-02-17T19:03:24.005639588Z  INFO  2021-02-17 19:03:24,004 [shard 0] compaction - [Compact system.clients cec1dac0-7152-11eb-b5a0-000000000000] Compacted 2 sstables to [/var/lib/scylla/data/system/clients-ca0f635d863036098d93a1fc06f2a5e5/md-224-big-Data.db:level=0, ]. 57kB to 6kB (~10% of original) in 409ms = 15kB/s. ~256 total partitions merged to 1.
