2021-02-24T20:38:14.411742218Z 0 caTX8MFaUIYj9NWyz1Eufp3mnZz0ErJbpCJAbUhFMKaWgon9ObLeFh4MOD08Bg
2021-02-24T20:38:14.422691444Z 1 1ZKbd5ep6GN7JEwB0ZUjCLsaeL2WijLNlMgcFDoRZuhyHP9AVV5nzCiksOplXe
2021-02-24T20:38:14.435391320Z 2 EX52E6Y2mztFm5l3Jhxp0Fzp4VxqnCRSpETCHqMXx5qYw1pmsYGWkAF2IHTx5K
2021-02-24T20:38:14.447108718Z 3 PlBCwLw5TD834EkDrXZTQVCFJ9HZZB5bhQjuc0wvvQjRb3kQ93Y54n7PUxtgDx
2021-02-24T20:38:14.458216831Z 4 c5YRILABvBKXDKeEm5ACSQ5xkn27E7ETO1cqDBdz2JbN9yBlHKWDVwuuYtqODd
2021-02-24T20:38:14.470172249Z 5 cMHeRlODpnbmfoDVxvnAJlj50tvHhJMzMmYih2O5eKNGDPbQqLaCVGaevo6t51
2021-02-24T20:38:14.481803995Z 6 03MaHkARo5xEN1BFioMmyjrjZVZoccbPgJIPyK2ZlbdOeLqJc9T8251LApqSBK
2021-02-24T20:38:14.492238902Z 7 NzCrtelRnHQQbUgZtAXOIyQg0ptDwRdkcB9AhxqKE0c3JMDKzwqe7NoczzQ96o
2021-02-24T20:38:14.503518750Z 8 s7qRNq2EptKUHHqw8j9gn5vOuO0hN7qfNsefXZlZx3PZ9QLvkhbm8pFByFW1g0
2021-02-24T20:38:14.514865860Z 9 FZaJhf5kqy6StxXRfQfZmTUSLld2lU9EMkoZ7HTpn7bl9ixEUfiHvfX4B86VmG
2021-02-24T20:38:14.526188049Z 10 au82nGjMXPcoQFCdsuMDyRn9MTA5v0jDdfEW85eQiOKZ3zpPJiOqGBELvgdFA
2021-02-24T20:38:14.537178779Z 11 DMDRHdyar68mWjKMI5LUUBG7uP8p7hoJIz516EZiTYyjvkOLuDVNQ6pDXmJ7I
2021-02-24T20:38:14.548761982Z 12 VJvySihXmFs0hPkmbsNXd85ugy7lJ4uinQxDLfdApnlU4U33IxsYVAxIQWrlo
2021-02-24T20:38:14.560390069Z 13 qdfD514bgqPDpSFpSvhzWEX0wXVBcT8wERBFLUYCGzuvZU39qKSjSXVVE4DzF
2021-02-24T20:38:14.571149628Z 14 kLCeRJswFPFSg6zMfvzd22tAgMYS3kvBjVZaK98Oodkes3cNqa8zo2gKWi26h
2021-02-24T20:38:14.583289898Z 15 ziu2p2pTsOajAf3SlfEl5kovakLveTaNK9kjVfP94jmirn2hSvuAb6mxJd5n6
2021-02-24T20:38:14.593986008Z 16 IaXZeJWTjOHdWre3kSw1N84pPtBckDPGG6KRxwLKPDm6Gh8NaaoM9bDzYc6do
2021-02-24T20:38:14.605247906Z 17 aWeXwgVOu1cfVivdmiA48MnKrIFnmCqj6iagRkare5AYKkDKCF9XcSL6j4h5g
2021-02-24T20:38:14.616524770Z 18 MeIwucDUSTBvpW17bhCznSpixFOCRIRe6XxoTGTJ9vao3YUJnkYxhsDQq3ycs
2021-02-24T20:38:14.627495477Z 19 hvEJcZAB2nBhZ7tEP3zkQ7c5r7XaTqXYkVsDZPuhJdqFq1BQFkuydqUILwmPf
2021-02-24T20:38:14.638591729Z 20 IvUMhIB0gINDMULW6r3N2tRnNwOagLX36zEiKA5h7UBa50Fzft4ZpRDAp3Cfm
2021-02-24T20:38:14.649948769Z 21 27ZEzfoBxXyeUF3cHH5c2ZHpBpl6lhnuJ4IgZwRYY45nbTUKCu5CWlxwRAqtT
2021-02-24T20:38:14.661366723Z 22 EBGbkgAtCcZvqtBD0axTNJFxI6WEb5fV5VL4un0iAnzNMKprsOUFwhftRzoOX
2021-02-24T20:38:14.672426030Z 23 JQIrNhcwDjY62tHj6SGMrI3oOqFoSwCl76NPMiyhSpkRdjNujvKTpY19rWyb4
2021-02-24T20:38:14.683568530Z 24 LF6FLnlVQmIzEHUke4poUE33n4GOvowPn4wlYC2lhrnYk1qN24tLsS7IvmdQM
2021-02-24T20:38:14.694855730Z 25 cbvsjWS6oyHj5fvxslONTtNEisZMeypHJLNYFXyxJlGkEuOc2942C5KkfH7Kc
2021-02-24T20:38:14.706728840Z 26 pjh53k3XhAqbmvjYyR1gKMwUHTj8IRF85f9HgrYICXkf0LpUdBr0OZ78vs5I3
2021-02-24T20:38:14.718268172Z 27 aMJMEtxbt3hEG7tzOUoaeeLPx7Zrs3zAPElfO4lviY5B2NU3ZUW6MlJesxtHQ
2021-02-24T20:38:14.730165757Z 28 XUMJYny4qY3zsPOzFNYRfBSpbkEV4Zcd5WwgHZDCa392QJsKE767oYP9Qgleh
2021-02-24T20:38:14.741853275Z 29 qML1peCtit4gfjek9FRztFhRObSRwfL2ELf7qg3kQx8wvZjV7YSqSx72ORmqY
2021-02-24T20:38:14.752814577Z 30 hhg8SQVvGDkjTQ8PcjnR9ZBLYDQwkC2TvTil5SY0k6FFg7NFH8gELydyMIOJB
2021-02-24T20:38:14.763541656Z 31 Unhqjbaa2p5309w3tZcm2bruZgIORf7mv4G2O0YSivqXeTgNS34mKRRtKQOQz
2021-02-24T20:38:14.774824398Z 32 O8b3NBuqP3VJ3wls9vQT8d6rlHuqN6nnhuTsPjcMHP8miezoSjKmCle6TNZkt
2021-02-24T20:38:14.786322557Z 33 VB5eJo5iBOSc7NqLxOXwWe73leVMpJH0mPnuuA18ZfY7xoX1yA7QgF2mAmu9p
2021-02-24T20:38:14.798211545Z 34 9n8nZN418turUP7bu1XRHjhA6ota0rtNJVJfEvvquNnyWyOcAWGiALfTDIAUP
2021-02-24T20:38:14.809963836Z 35 0NWVpBOWH8FTcvKWqSCEhl6n7YaqXZLsRL8fMPxewNisKaZAml4ByVNER41z6
2021-02-24T20:38:14.820646002Z 36 3UgHazw0HLQArgiIa9ISrG6YgfXWa6P4oxYFc8MHM7lDPWo8JJ84FL01eUSOQ
2021-02-24T20:38:14.831415989Z 37 NY8hMoUsejZ7wAp7vV2IgcOPM4BiXgi4PTY8yYcR0ySs3MxN23VSCZ7brwmUT
2021-02-24T20:38:14.842595197Z 38 kV3S7L9K068Lcs9QszWl2baLWF7Ocxt7557jlyDyKltOhPWzVa03pE5iN26tv
2021-02-24T20:38:14.853863266Z 39 jkMIc4kCvAGFFmVTYZhFA75DEmhwL7tMFeqgcJYJBXe7xmudUaumI9bS8cib7
2021-02-24T20:38:14.865718822Z 40 5pbAX6iEkNQ22j5QYRszX3MhSG4ydorJbzben3g1xQDuXZy7FduomcrNHQV4c
2021-02-24T20:38:14.876679621Z 41 tATIR2MdVNmPBVcnGcgYASPU4AI177prpqWcNVoUCEHWRWrPKLvzUhGlwDf8w
2021-02-24T20:38:14.888131059Z 42 r66S3AjiFXgbIVcvMPy6qT21kz7qUtyBOCOoh0zekvmt57H2YEyFYyGN3mFHv
2021-02-24T20:38:14.899600339Z 43 iRrXc1HVii0bj5o7sMZ6hbx0WAnjFLpuN3jOuG26fcP1AocvbLJO7YEAuLkpU
2021-02-24T20:38:14.910976426Z 44 Xden40wkolAhysIGJUnYl9qGucHTzwZUToj5SWGIr12gBMXU9tswy3XlscEuA
2021-02-24T20:38:14.922515920Z 45 3AAHQ4YNWri54DSLfAED7hJ4D75GOS6wkIZoffiPNmFrOa1d0xOzu6KqoyHG1
2021-02-24T20:38:14.933522302Z 46 hWrUOERIERSiSe0m2odinNktR9xxdXaFunEZopnApQofzQvoe1JNad0JbUXMd
2021-02-24T20:38:14.944493761Z 47 iUKBK6XMtszM9wHcnxzqfGeX2jjBTYTR7fIMMELxxasxva9mMvG6xky9AlbHP
2021-02-24T20:38:14.955527726Z 48 QyNXYNmu5MoHQvjzhUBOUAkNVRlas6sgk99Qfj0rcBjRXAkgxES8ztP99qmkP
2021-02-24T20:38:14.965877571Z 49 dfK3le7frPNg4Js4Hrr4ibeggC17r8wVSczinypzBk6cRUjfagBlwfPgTnDXL
2021-02-24T20:38:14.977351007Z 50 sVRuDapax6zaCwW6eKhFO5TGciJK6vZPSLzBk6enoT2mzKvYHjXZC1K4vr7ij
2021-02-24T20:38:14.988767380Z 51 2WtlWIp74UuOyx74PBoEIXw8olY5MtQN1sb1kw2rmYPhn5IWsCXIB5zPOhcNr
2021-02-24T20:38:15.000668049Z 52 0yQlBG4mnskPBV8BebbYZNFzp4xZXfr7exzBL8VgH27mCkXSXNvLfDkWSoXnm
2021-02-24T20:38:15.012939290Z 53 i9ddl2AKHgWBZQIrGDytotu6bjNQGvkGBhDy6DH8lyBBx0NvfkpbOg8d1zWL6
2021-02-24T20:38:15.024403053Z 54 2nFI4ZoFRLcPdXdcRhavmMgvNxPWNYmmaJ0qsDfUjD7ztUqSOzxXXakojpnMf
2021-02-24T20:38:15.035902496Z 55 6es4oW3V0PR6P0LJTsccVuWGf8Bu8pKklVn8JgUPrQvFOdDiZHRvhBltuaOuH
2021-02-24T20:38:15.046845264Z 56 VWcMNIzPltfkuQZgFsXY5faRLhHuqGaC5lWvjZhmo8n4CfKEUOQD2HYTdAu40
2021-02-24T20:38:15.058140822Z 57 6EupH0Sw8bx4LoQM0XCKKkGJuSPcm0I1g7PdO7oH8OEGTJFtETwsjwSWA63mQ
2021-02-24T20:38:15.070002367Z 58 CgOhDb1qGltzEXjxLgM5biPJIXVP4PLwtDC6KxM3lJKmQblvTbfT5Nx8HdGRk
2021-02-24T20:38:15.081639267Z 59 zYtjWUGG4fHGqZUPthY7GaUqoEFm8jGH95BaOVUAetfx4ccGaZrAWEq05bvjZ
2021-02-24T20:38:15.092476192Z 60 HvPiNsWGUshFaLufILyGX7FcWv7oR0dKADKgGduKeqcoB23RIS9bi3GNt2Ogl
2021-02-24T20:38:15.103103146Z 61 3AeMhDrlvytKsdaqQnarb97AAhYRPXTa0znVMU02fg9yWMN1GyJKS7DezZjrR
2021-02-24T20:38:15.114799495Z 62 vgbXPTzVWhBR1Sbwvx3RQ7jiTg0cg81e0wR6HMuoCwksxrkC9ocpxCjONKugg
2021-02-24T20:38:15.126024084Z 63 K1T0ObUb70GToPdZsVIlKYPwJ8kukdILGbnkE2HRLBVke8UuE7895sLDvl53Q
2021-02-24T20:38:15.137801792Z 64 dPjvOORJlk290LwmLklvIQ7YSN6zR0dZyRQH1rXu2Au0AqnYFY3YTBjCW3kKC
2021-02-24T20:38:15.148325899Z 65 x0z1FZcwXUuQ2QX9iSxMKgoQSPE6bRG9ywh0OXSe0vNKRWARSMszd7KcbWfvY
2021-02-24T20:38:15.159589603Z 66 q527EUWr0D2ntM6wnpyDtDSof68vwv2Z8fb0BvBgSPyzjnJvWrb0XiH2bolvS
2021-02-24T20:38:15.170656298Z 67 f53u9uEMwXv5gstCBhyhPa8LNSrDVQS3WlCSGhahVe34lkF8dqwwQXQqnDImh
2021-02-24T20:38:15.181232559Z 68 7y9ztkgYjy1QWXTPerc7imJL6ghoV0dPVd1zzDzUfF0NlDdpxXqJIa5UoEj75
2021-02-24T20:38:15.192347018Z 69 QX7YhhFK4ZDTre22KInfhsfpM2eaoDg3KRTBO1bQon17hEMIERGwKfyWXJNLl
2021-02-24T20:38:15.203636015Z 70 jq8AJ80s4lS0oFgKGn0iA515cWthWrswtVCm1PSZ8LtPR923epz7F1tLZKgsE
2021-02-24T20:38:15.214290045Z 71 87BrO0DwMQrk7sJsHGE7h2tKkYtnReNjnZ4YlG43KggR4w13l688xPPZ74V71
2021-02-24T20:38:15.225718185Z 72 wswP7NGW6NEtGKxkXhWlb2dd4L83OsuUsB14QgaqJrI5O9xkJfsU1bGB4vLF9
2021-02-24T20:38:15.236532669Z 73 L1tvrKrTTEPkN8c2ApOYYPylesWE2LJcAqnYIBjCqytMsYYSRgdQVSHzFDasB
2021-02-24T20:38:15.247973087Z 74 LlzbUmtgQmY7nJSrhFnkBLFDtIVSmWtyx8oZdtqY9yZqUBkeCdESdwOhRSMGf
2021-02-24T20:38:15.259162408Z 75 JPPSG0xh2zBGs8a4Pg4JGNBAaqesmtJBUx3jn8V5zIMwS3i28nqi2JjI70Vfw
2021-02-24T20:38:15.270538269Z 76 uVGfq5SARFP3Pk4b4Kmh60McetdhZeaSHfSFDN9plo6lB8W15OppeN29jdv8U
2021-02-24T20:38:15.282010302Z 77 Ye2faUB34yCPNFnQTBIQ8EBCmBCCbCjEav6YiqyP9MyqTSiMj5ZkR3cQZfaAI
2021-02-24T20:38:15.294228116Z 78 4kOeSVE9dul6Sd1pzRZL59TxnWFrMBGvbYLFtRVD84CAoCxLloFG6paJYB5r4
2021-02-24T20:38:15.305841434Z 79 qO4Vd10MiLSeLlO27qKlsNidZntvSfnAWLFIhb9YCkO4NCfnyxthAvDaw8nec
2021-02-24T20:38:15.317906862Z 80 yF0fwOYkxiJPMYWHk33sJ90H1Pv7H0OwgHi8866LMev0xnletZjWbtjdVtPU6
2021-02-24T20:38:15.329261348Z 81 iN3E2mkddien3FtM06WulKXLGr4HUgqERAx7PjeYy00DGTvaLYaU19ojaqP17
2021-02-24T20:38:15.340472207Z 82 pvZUlsQPptmv6SQxVXX3zOWLv1d4fad2o7DkOZUgV4S4X36qGpCZAFcDQLUg7
2021-02-24T20:38:15.351526422Z 83 Rur8tjxvrviakNRp3WuSHbmBiSaJtvHJQxx8YyTkiseS53YLji9Odus3J8nqz
2021-02-24T20:38:15.362717018Z 84 ZAcLSfbLbSwhi0DOEUQFUl6Gjs3n2S84Fh96lj1jQzjb4MxPpBI0CCtxLP1le
2021-02-24T20:38:15.373370820Z 85 tfDtNZsg0QYGMYZGMImFO1KoJeUcDfWtmCPSsfn2N8ngPn0Z95KwL96o4JngQ
2021-02-24T20:38:15.384190398Z 86 YVKrAMUisKjlg9dfebXpYZcz2yT3Jx1VyLAvHbXd3CJPbL5Vl1JIox9udy6ZP
2021-02-24T20:38:15.395684870Z 87 zBAICAp81N2KjE179ngldqiRy4xYCivp5qbffzwFD7uXrSNAZ9v2GPyuYdj95
2021-02-24T20:38:15.406103517Z 88 tmDYZklujJv2SXoeMWNIDMLF7SMNCtaWJnJPItoYzsRfHriApCuy0iCOkW1Zk
2021-02-24T20:38:15.417677897Z 89 tzYeCUcZCcFsqqIexe8RjbUnxWpgtpCVLLb7bKZrPQOc31DiskIVWCgRv0QUW
2021-02-24T20:38:15.429897593Z 90 rafztC0lNG4iYmoRfukCwS5pBHOl5grDjoCdRpfOrE64kVSD4g6NtITMqHFi8
2021-02-24T20:38:15.441529128Z 91 SWT10KcJZkiZhLYB7UZMFPBOXirvO1C2AJld0bReu45jR2nP6Zw8pO6H7tco7
2021-02-24T20:38:15.451968778Z 92 DXq8pHAgJO47w907WNSm0SMvmtkQlBAF02ZOZQFWD0QfbZ6MZ8rxM0ftOq95A
2021-02-24T20:38:15.463280728Z 93 gKxJOXGLqtAq1Apn0sb9XNQyHs3lZnI1WbsyCagFmji9OCmxWxxcuFrWdPi8S
2021-02-24T20:38:15.474591821Z 94 RQxBC36eq6Ekx5d4ORvanDE8LQx3BTgtboKZxr9c5rUdWW2Dx13gfEjejDVJZ
2021-02-24T20:38:15.485170707Z 95 2kvnVT389k2YULsK5vPcXr1Gklc1xVpS2NIKr5GROcFaDu2EbzOqxeKeAOUmb
2021-02-24T20:38:15.496289556Z 96 VkCx8wqWCASm2RMsvrGnGKMccPBWIHnOu0qqnKzJ2XyzZaovGDmXQAo58ybB9
2021-02-24T20:38:15.507041046Z 97 bcrQ1GeY257uAbUqqIVT1oAuik0Z3r6eOrxb0H9dHaAkvdwfaJfguu6JuQ9Vj
2021-02-24T20:38:15.518325203Z 98 b5YyNA7nPUWKz4w01T1dYut8K3vSglgNAAaX8d87xWwM2UpJs9RtN2z9RjQek
2021-02-24T20:38:15.530555941Z 99 dBvNJHzqpaTeEcMRCf2HvnunZcEZ7QjJnygbZU6NgWbsP2QmslXrSWz7IRrdT
2021-02-24T20:38:15.541179404Z 100 1zPAuUQCtNzuv78gGJr1XHtTle9Fs38WFg4Ca62dvWmGiVOWefgYDZnuOdYF
2021-02-24T20:38:15.552530213Z 101 KZSFr4u0f7YihKTGWvDEqvnzKrEUD1PslfMqklLZwQTbHsZy17IfCL916cXl
2021-02-24T20:38:15.563246030Z 102 au4cfNHR0NfyMe1Uenlv9XEttCccnSK1K7hxOKUEzNwH3Yc6Uz4dhrkXKiTC
2021-02-24T20:38:15.574750343Z 103 MXw0aEdIbsmmuJ5OoaQDGgUHTinKG2bZM4lEr6Rwb0ZjiQTu6AhrAdv9Fnge
2021-02-24T20:38:15.586279699Z 104 K1Ird59slCv0IpoFBfJsvXzlRIFWVLPspqF0HXudRYFcVVTHtiDCJosn0hjM
2021-02-24T20:38:15.597311717Z 105 SvNXvQApqNsQwtg4aOUL4BFgpgGPtdjNw4WFDuIAagZxB8WcK2i3XrrtD4lj
2021-02-24T20:38:15.608738753Z 106 oqR5Q4pbvjKGnAzLZW9eUYJuAMqFhZ3Y46pcH8oyFxVQIee660OHYHlpA05I
2021-02-24T20:38:15.619346720Z 107 GALYC1zZWKyDaRZj23jCofE7LW0fTr9CQpIxmb60hhOKUViQVW0yUf2VEXCZ
2021-02-24T20:38:15.631526741Z 108 MnjtNSbEwIoAz48INqwDDJvypLKSYRiNdRJ74fSqaZf73EM8c7nKvcpz6J5n
2021-02-24T20:38:15.642832634Z 109 j25fYUeoCjmdJDD2igESHRCrYXmLBsNNDT53tadgVMnZZZtUwx9UKruN1pu8
2021-02-24T20:38:15.654454397Z 110 UqBX8ukKeaGbpgwSRRCXyggDoL0cdanjiCIfRVxO2NPH5PaH0P6ub83fcSVZ
2021-02-24T20:38:15.664902277Z 111 l7yehxMS4aLDAEFAXWVk3bYPl3bZNG8KGhO0DMS6IP4GBkN491vPhkAPlmac
2021-02-24T20:38:15.676133863Z 112 aIB1xa5XoVc39JuKDdyeHUzWpFleclTqN9keddnH8HYp4jfEf4keq2vKvkMl
2021-02-24T20:38:15.687637145Z 113 gPpqduJG6gTXv01v1dIPOgIi6q71f9fVifB7iTCqgdEh9JwMYkImUhVVsaCU
2021-02-24T20:38:15.698398545Z 114 ThFxTsMhMLTpGVQrX9TlrmtYPidRPYvFZMlR8Vv4T5y5ol6XPWWiZM1hytGd
2021-02-24T20:38:15.709108969Z 115 CHXhsYfji187tSuYyRg91zMO0Bg4Hf6e296W51E4SGk2JlVLM8tlYmSvsvLq
2021-02-24T20:38:15.720816082Z 116 xmvOsOggPL2AWjEMJ9heBglxJ8IEzkAHq0RfvGIk5kiuGD3V8OF39vhW6VL1
2021-02-24T20:38:15.732463022Z 117 wlsKfVOMLROhtJgoVLb6PIjAXuknLloGB7sFOeWRPY9XNGGCteqYd2tqbf6C
2021-02-24T20:38:15.743723176Z 118 opPKSMcIcMfwk48YVT5CZt7RLsEpgTbAxHkpxOXdN41PsTet3uV4j4d3NTgk
2021-02-24T20:38:15.755773158Z 119 AdAJq81YhAroPgGXoAkw7Awns8inxLXRCHRU8Tr2Wt5eGeNwAn55cJkFTNAs
2021-02-24T20:38:15.767820147Z 120 JHMQT5hzHiRvpod19iFgxeZbmcXRFVlXEsFeil1g5ltnKGgOCfg5vxQxCfV4
2021-02-24T20:38:15.779271924Z 121 qEVeIAjoUaNQHCwvAzXvPR4dbsFXkqrRNom99BSDDlf3a7PJl4l0Wn5Fcpcj
2021-02-24T20:38:15.790319395Z 122 x4XLzZc8qHSqMeOGdC7WdNS0UzLFOCdUxM1amqAbyVz5QJ8YpJr4a6p32GI6
2021-02-24T20:38:15.802212879Z 123 LjEiu5f8iSvcve5j9UtlsRm926HlWiwcvAVFdaga4QjkYcFS3SvQ0zibeuoa
2021-02-24T20:38:15.812681936Z 124 iUEIDP32wl3avH56aMtu7Pb2EBoEqHrq0NYWrjUabEAeVvM2jPGobcqUIRPl
2021-02-24T20:38:15.824171329Z 125 VAvJInuacXB9xYppE1UdOOwBTxDrFq865Ekbtr7iyegIGctFKH89TDABW8fQ
2021-02-24T20:38:15.834605172Z 126 fU4TGCuChF1Uk9d3eJB5gjhQQr4rkZWmJCEuW43U3L5D5uaZuG8cXsKWnB0M
2021-02-24T20:38:15.845282436Z 127 FUq3LxbUFx1qRbSxqumetdhWCevdqd0xtGSivnMQ0TVj3i5BQydUVExB68Fe
2021-02-24T20:38:15.856078024Z 128 rAdfZu1efVrK6i27VlDlNDKJi5ffNrm0wmUz7J42HMuR7ENzk9oXYAhqZBOt
2021-02-24T20:38:15.867391870Z 129 p62s3kDlsWA5kJse3M2Gs82rLGqLBY5oWaMQpjXbZPcjpImyugl3VfHqkvaC
2021-02-24T20:38:15.878170026Z 130 4AFhoPnh0oOcIeAY8vPaHeUFormiFqPtcFT6o92qVLwZNacwWvqGWEMh8JWW
2021-02-24T20:38:15.889645553Z 131 0Rd22neG1igSToevQqXvND7YzP9K4uNwJOj9xAeFA1xjKpMWW5qs6stVwm0s
2021-02-24T20:38:15.901642794Z 132 90OBj9Q8T6oEyvAGMhUwWlMshFzXSRIqrPGubALF6CZRXk0fKs500Us6J2Gb
2021-02-24T20:38:15.912151094Z 133 6r1AFsOwenogsXOvQEhk8x0NW3BH1K7EBpnXN9htQL0FepyBasZpswLgxyEg
2021-02-24T20:38:15.923040328Z 134 u16dtDX9QBD0balK0K5yCUkdFW0HUIIzWuYsl0w9t9NpnZuzeeX5gCCA5vVG
2021-02-24T20:38:15.934159380Z 135 VDSXYscQ6KcKqpKOMSKMQuRPJCu6rwH2vuHdVJey4q1fQfULOeWjJOi4WezI
2021-02-24T20:38:15.945440077Z 136 nmXaAOje0ffdSL9axWEvNgbhnXNA2BgtFWvtcZgSwxz4nhnCKbQk70NtlrxE
2021-02-24T20:38:15.956346077Z 137 BXV99NFoceMEglLeT2k5bpLPADuP19iaEqWd7q6zJbzMp6A98JDd8AGjsj6a
2021-02-24T20:38:15.967201791Z 138 URBH69rooFnqwa1twUZNVaxw6To6Y9IATqP31g7EiSZjsBzoBmI4EdfdtlqA
2021-02-24T20:38:15.978279048Z 139 tkoj1tKkikL69OEJEpsY7K5IzzTNZq9tbu3EmxaW1sjLvuAePKvQW1DeQh4S
2021-02-24T20:38:15.989868380Z 140 M033833SUwhXzD1w7qXVyZx23eGGpeKwLV0Kf7piuTQiFEUn9ya8R6ao3ybP
2021-02-24T20:38:16.001193146Z 141 InAXDv1JPbNXqGl9EFW04hHl6wN23bFQSICJuPshThj3tSoN0nEDr0V2ogos
2021-02-24T20:38:16.012788059Z 142 13lg0vmFTvTbOtir0VRsNHxboYDQZBFiggr3CWa0Iz52idgETblVgi0UKGt0
2021-02-24T20:38:16.024661823Z 143 iBF7dPXlyMSgqjpwOKiyWpuzDzQIYtW3bBpKmpNcckRw59B5vQ72vMZANUWZ
2021-02-24T20:38:16.036596612Z 144 rRKD9rbw9azK7c9o7UAiDdZ5d4TwBv3OqQL88pTtzHSfqx00akxw3gIsCotX
2021-02-24T20:38:16.047039866Z 145 jApuSguKK0R33fSGwNrPp8bLwgIttspL66d6WlPh3WIp89JDpXcqGHOAdK6r
2021-02-24T20:38:16.058728081Z 146 rgAMGnSSQ5c7iBHOdTKtVpAkkEKBC9RlnrSZXBgnpgaDqJp6Hw5qSHPOJwzM
2021-02-24T20:38:16.069300265Z 147 I27ns02sgbfdmsdC4KRlwhsIV15qt2A4n3Ch9iByaMfTJqVFs2sM71BWWldQ
2021-02-24T20:38:16.080560313Z 148 Szq5QZnEGohjchghPaS3CfrsHiwHLqRduyseVfLpg33IHZZsPX7dpC8AUH85
2021-02-24T20:38:16.091073661Z 149 w1NhkyjBLAHyMDL6UCBAJakENimmX9cTtoaTXQbEBolv3nG6jjfxfanghlwR
2021-02-24T20:38:16.101992499Z 150 BuM0MBpKiaAycRpQtLyOdYeIRzI3FszKHfSzky75bSw5Z7jfZn3zBlxj9q5w
2021-02-24T20:38:16.113280209Z 151 diy0zI48Tq3TIjUobpNuDRbJGK3K8rOTe2ncmkNMsgTcJgC4SPCTkNWmgmsW
2021-02-24T20:38:16.124077970Z 152 O8PLjXLumAXvvZcGZmPY6TdXJj3mk6iESEUYcBFYe4gd9XSnEg7tjdIrcynz
2021-02-24T20:38:16.135318172Z 153 CHQY3zPm7z8G9AGjXUu7TZ9kua3rb5xxkuNT5CytTMGdCO5bXljm4sJyCHUI
2021-02-24T20:38:16.147779406Z 154 XylkubCRSwJN4oqLqRpu9pubSF5GP04kFoma510arBwni2zvpMxIohgaXLV7
2021-02-24T20:38:16.159782998Z 155 RV1horsJZTTOrciFOyGdhN5uAsTrjGY06uYyz8dbBNxy0IkrfdSqFbF9srya
2021-02-24T20:38:16.171123207Z 156 NI3yoYeS9zV97QmuxPJU3sBqqRVfLxZSHbdTJx5zY9f0aaVRWyZbhwCDlMbl
2021-02-24T20:38:16.182124796Z 157 AM1kazoqgsXGijD7fT3UKNuB7rsCQmdBABZ4Wf1EtzqcZtIDsXeyMOum7DIU
2021-02-24T20:38:16.193299609Z 158 peMd70wqYqGTVmoWjw14VoZ1VhYVhUE094GdrXgI76281dLUcO4TNFQjBXSA
2021-02-24T20:38:16.204123529Z 159 PONvDU5ZGXdan0mv2fJPAkK9L9HpoKUHVzwCRzHLAAWcG718VKsoFqpLmle3
2021-02-24T20:38:16.215396711Z 160 K6qso1756WsKGdVXemojI4yKXbcryZ2BD2Ra42gmoeci9iSOpqQ3mfDp6NF8
2021-02-24T20:38:16.226445731Z 161 p8aR7ba6QvT3kTnmc7ZMSBlD2kNsk8qjmrazwOReaXSzTFIyFfoedcrVkkYk
2021-02-24T20:38:16.237443914Z 162 OIc87JCmip8JZt1fvOwGRs1nlukAsA9pM1acKMpSfR1FOohfOHt5x9fERvVU
2021-02-24T20:38:16.248948751Z 163 YSxbj2NgrzRATBEwvcLgBuMFHqbk6ODJyyIhtyxJQHOypEiJXEp4KJQsDGJq
2021-02-24T20:38:16.260444830Z 164 MlwEnYXbjgRWnxMIL4EOILuBUcanUcVUINMXzjaTwd8hlExiZM6OSEWmrUUR
2021-02-24T20:38:16.271650017Z 165 0EzBe755Oz2cpcbixYk0fuOhnotC4K6OnRw1vhEjSE5RGD2XM692usTKuwEW
2021-02-24T20:38:16.282844239Z 166 0WOKDHe97bP2Ovc6BPVe3fFcoKJVrXoRxBYBOjWkFpMzu3bX6hsbNJ0JIjX6
2021-02-24T20:38:16.294364142Z 167 pFeP87vGIzMMSF2lvDekgZJZ9vbbnzgzr5966pm2914zWYDids1swLidPk5C
2021-02-24T20:38:16.305420467Z 168 zrVzmWtb1T2tbptTqnwxUtNPQmU2FTFM48uVjzBKWmtJjKqDH6uvbFEINl72
2021-02-24T20:38:16.316996008Z 169 oOmrYe5XyB8yV8KfuseJ2noaTcKg9g41knjlFF5zQWDulSSyNbU0jFy1jMiJ
2021-02-24T20:38:16.328347438Z 170 aKZ5dbHznRNRUGjZz8nYMkTeouzBbNmzQCkozqTj51hEvqNnwMHH0nOZvQw7
2021-02-24T20:38:16.339525806Z 171 FXThHQoTdaELPpqHu7ZarabX5FR8OpribAR1iu8Lo87GdsdEmYqtGMtXzS5g
2021-02-24T20:38:16.350790233Z 172 cEr7wcHpfsXGHUSwLiWN28YVHGOTmY6g6bSnKMHz2TP2ClAAhTiklBwEDniy
2021-02-24T20:38:16.362758931Z 173 ivv278tro1ih5wjSnonz7fbbVUJFywOM0nm0iLRe8XrdZCC869lWesAkxS7w
2021-02-24T20:38:16.374642992Z 174 nbgD7k2fPjFNyRPpONyCru1Io9p9Q3KxuaF7hHXJ9b22VQ5cSbFpVEqQhtRd
2021-02-24T20:38:16.385819461Z 175 ZqtuvFcJL0RAjK09BiIQlA5l7l9IDhIHYry0Nux3lCuWZR9cqU4wxvdqwefG
2021-02-24T20:38:16.397635302Z 176 mJasFR9qNXUVbgDtA5TZpyGRY6xlK4bCm4uxZ0nZCniEZvPfrWt42GHXSyLt
2021-02-24T20:38:16.409626361Z 177 7wm2ft034PvxfKg1Ue12FBkxq4QZLPxrcmwZnBLIVUSq2zo8EuRn5QeueX7Z
2021-02-24T20:38:16.421294395Z 178 KPwiHwVK6xKRBMlKrsDcyoatRxtPJT8f2qQBq7ocPXhaLp8mHA55iFNeA89f
2021-02-24T20:38:16.432237125Z 179 H1QrUVy8X59dlCeBjLV4AB06Z9m05XKUKnSkwonQH5oAZu52mejym2kx4FnW
2021-02-24T20:38:16.443222259Z 180 2kziPCLB0Mj6p2oFPBZ2097QbYxob9sQPnu059b1iJNSaNZJ0jQshg1wQ6Ix
2021-02-24T20:38:16.454674028Z 181 QyslWzLcVP3baULI1M6cl8GGp0KXiTsVywCpQjbkW1E43zGVeaEuT517nMQy
2021-02-24T20:38:16.466207240Z 182 1XloYsAf4FcrB0PXKGGzn1DZPSP3Msx4xi3Rsh5Te1U6KwFRLdF4IiIisBmm
2021-02-24T20:38:16.477295004Z 183 aszbXvMbpmVLI74PFpysJWKoIIzUQVuCy6rwezQsChpWp50HOPIWs3X3TJaM
2021-02-24T20:38:16.489504301Z 184 lPC4IiLg3vrXfydDQSuU0KroLWNkgq15uR0ok1eXer8hV9epoJOAxtCspit1
2021-02-24T20:38:16.499914982Z 185 mIz3cgF9cIV03eMRMNhXD6R7L7edZFtGbrSqECUa6cAnAij2iZlQGoER668a
2021-02-24T20:38:16.511341238Z 186 ZTPPU0MTofpMJiButwdvz78YmaOjztr0ZwdFLhgQHhLPG8cPT0op73PDQb5o
2021-02-24T20:38:16.522817109Z 187 uPGcMP8ES6d5o4oqyKfQcIcFp71jRF8rKtnHLSlFF4F2ixEXR3xoc6zSLTPq
2021-02-24T20:38:16.534266219Z 188 3Yl8nqciZOhrJgxtujVU2nDRlPIkm11aOvlNIocR7xpzSVh5kyHyX1EtXSwz
2021-02-24T20:38:16.545329840Z 189 OBGfBTjWma4CCAn0871PKgvhRuoVCbjR82wFBHzLCE9NyCXsRe9mMxsexB4Z
2021-02-24T20:38:16.556982641Z 190 9MUCPAU36KICMcL8f0W2tw9nuQcKGF3O4vXjsmJl9xqt41oDCQNgTzAUT30g
2021-02-24T20:38:16.568724563Z 191 oePv2k9Wq4pxQ0eZA0qydlz6ZmbYCAozOfAyue0w8FAIbtnGxXgF0DEsXuYt
2021-02-24T20:38:16.580185024Z 192 oQxmXEqGxW3C8uamgR4VbYDSMyFUkjuJxzHYTeEyIut2mwaPp1IE66ECJP82
2021-02-24T20:38:16.591672647Z 193 FWGXVzzM3IXaY8oQwD6qjTgjVFE7Qlu79EPOE3Wp1RxoOccuuFUsp5iVOqIg
2021-02-24T20:38:16.602954515Z 194 n2QRacDg16Lnp4QybKaQbgUhBvSyaMzBaSFWwzQTZZExbhyHvgnHLM5BtmWU
2021-02-24T20:38:16.614478453Z 195 jz1XQJKn3S6KxpDvWPnS6zyPn8qf9KHoIAz3DBxgYvwqvMEraYJtSgXZ6SL7
2021-02-24T20:38:16.625370925Z 196 5VP1ls6Izu6otW7qI5elhYyWmfTIv127CgFpJm0eY6U8jqeWaAUphVHE0dj6
2021-02-24T20:38:16.637288931Z 197 zsl1KnEQ6vgQ1iAlFctFGE6KwjKMqsRqia4wZN5CV5mVFICWsblkCF78mzZf
2021-02-24T20:38:16.648507336Z 198 g40kZYpegwkmlnmDGfdl4bQL6OanEf2EaSnxZRNkuGjDQccWshcxmumZFfk3
2021-02-24T20:38:16.659744200Z 199 uENrQPPop4UCWnht10uJOjz9jMkE0QfhEKYmc4dVqNJmaJLOGZn4j8xY50O3
2021-02-24T20:38:16.671215550Z 200 9DaDfmYGTaAN6zKgPSMNO5fiEdybmDkCHCFVIGaWOex8bZQWqF6MjBe9h8NZ
2021-02-24T20:38:16.682974927Z 201 eQV2DrdDqQRYjjxNF9i6mSEB76ivbMRPhIyuhGM39gLn9rCT8tqyYwwOXggv
2021-02-24T20:38:16.694504714Z 202 3x1PIsiyb0LtscojVE6OnAE8fDWS1WRiU6NX7wGgKioRkBH2jDdhLS4lsCvg
2021-02-24T20:38:16.705379194Z 203 WtK62OgIqBKtdnuQ6mGggAKDtsD4adwLrgkRfBXr6YCoJ0p2l0z9oVirWIkI
2021-02-24T20:38:16.716697331Z 204 gtQ9XinsePLk54Ok6CjtM64k48aQX3l5mrYz9sc7lR6pthpkQN8GozkYxY1T
2021-02-24T20:38:16.727810942Z 205 Y0ZvPAq46BNtOem80jMyL6maZUjmlqHPUEmKmdx6SOkOCBGejgPq4b37vWFh
2021-02-24T20:38:16.739831206Z 206 accjIUVwtlVDrqpOQd1wYRF374oLFmDLM5j5uPuqnEjWUtG1uenAFcjTG2II
2021-02-24T20:38:16.751498807Z 207 60MtntUY8Qd82GFDIuQZCSDIw4NfhptcfJBrxF7NYLg8dGhCMfgAkPuTJoR2
2021-02-24T20:38:16.762290010Z 208 9YF7tVbReXDueVzDHMNNdtnGYOjZ8x2e4O4DRLRYzMiq5LAZNQOruAoNkrgh
2021-02-24T20:38:16.774970286Z 209 BsbZwQJZ4L5qTL8JCs8gxHtXfta4YTlw1ZLW2H9tu88C8HBS5dw4gvTiFZmu
2021-02-24T20:38:16.785872714Z 210 d3IZKJZut1zzeL93lrHOaoxdaaEFXQKp1Zg8oQqQvTuJNYc48NlPoJtpPA4G
2021-02-24T20:38:16.797352940Z 211 5Eowaer1CkLoSAAHJ0MVm1vyAsSMxtvWogIyC66hnC7DL8YZNscDXEfmtc4Z
2021-02-24T20:38:16.808195755Z 212 HVhRNvhA14IaM8fAwehu4Rj0VvlFyV2FrCrLsE9LgYbBoUYcbe2LzRpRSmVj
2021-02-24T20:38:16.819930433Z 213 EJVEP2qaxcMyDT2H30paARFzh7T0nmw1K4RIPHLZ6NX6AmbHAiZZ21XzuIWL
2021-02-24T20:38:16.831284690Z 214 uMP2MnmYkuBO7ZVEQSGiWas8EGaDLjwVvHcsq0KS6eFMpq59LELGMlRaIUaB
2021-02-24T20:38:16.842301715Z 215 HTGjWSmb6YQN2N9Yd86OCkAL1yHcSAqjwQ2kULxmgOzc0Q63PMNNzYMsDsf8
2021-02-24T20:38:16.853556988Z 216 gJjON20QRulD5S51BliqB2Yuok3AzNvuY4IaGUNz0VyxmdvUoySmOuKRxrIz
2021-02-24T20:38:16.864470405Z 217 lVR2QVSFQ3FKPbObltg100CPCWUcyY7CC0I8h1GlnPaTPB5OUGOdl3uT9jZy
2021-02-24T20:38:16.875687079Z 218 U8MhBbDZTM78EvnCTMhVbwDPf9Ge4BhNBRQaBfg5EQYOnZ1w9BDIvsp6BHWJ
2021-02-24T20:38:16.886619827Z 219 zikffxM255bx6OD0c8NVyjUfKuhpNaf0qo0ODKC5T3ckzAygNcmxKzuTac7S
2021-02-24T20:38:16.897178208Z 220 5SReLkl0fAvD4CHe2KLpiDqrR0UbbVH2FnYEyKJ49v0GNl9TxdR5enB4hcBr
2021-02-24T20:38:16.908909111Z 221 pweoCwoHfZaVpnTuhvUs7fl3GX2aLcQHlu5uGywK1IZr2Jx5Rwjn6anTZZ4f
2021-02-24T20:38:16.919873659Z 222 fNK9KpxizRC7FLQUjERWn9KLbH4hYCH8dauZNadt4jHBKviY81x10nVwpUqz
2021-02-24T20:38:16.931278686Z 223 IGwUiIRRYJLUdCfCz9G9iqU998Ed1LqbcDG2YzjF53dgXaQRf5GGn3ArwXv6
2021-02-24T20:38:16.942870794Z 224 YY6SN8fb9cdJIr7y8bf4biPGUIi7V3dDM3VRuz6OZ1yHigKnEIbpoWwO8w0F
2021-02-24T20:38:16.953667301Z 225 KH73zniExTC0BAynwNCVzjPSqMkU8smkLExKbgqjPhng0kyTLIvPWmY3zdoY
2021-02-24T20:38:16.964382150Z 226 UWli6KDhsnEDrRHx5C97icvCoGA08zRLPrZzhcjLZC2Tc2mKVT4u6MYriJHH
2021-02-24T20:38:16.975982370Z 227 Vh7s1qcnhrwUaMQB27Gu9Kt7WJ8257QKeY2qZM5SOdXtTjCjTyqb2buPKdGw
2021-02-24T20:38:16.986967049Z 228 m2eVpqYI3bqx2JlUwZmtlr7EvLm08uJ9XVUgvheotB4jtBwZH9ffnMSvYSp1
2021-02-24T20:38:16.998069034Z 229 gVrtjg48NFgP38M2h9SPLBB450nUJU7xJH58t8HAq4Q8iZp6cYYIoZAx9c4G
2021-02-24T20:38:17.009140359Z 230 OgGo1gdq3RP404JNsGvjE8yymko3YF0Y66TSnxAbGV7YBj8MQhEPEa1h2sD6
2021-02-24T20:38:17.020410668Z 231 b1RRkbEuBnFNXHUl09UukjcLV1TP5cJX7aJwusLQtdh0mR0QaE5l7PUJDmbF
2021-02-24T20:38:17.031919601Z 232 jRTr9EwSjnJqca53Cb4wvNXQt19KxRfRgdmBcuK1uGxTOHSOpBWhQkaIZced
2021-02-24T20:38:17.043602966Z 233 jIFWvVh0B0WQRI7fIhjN3nMFJAqVoJ4KvD3BxjO44SCfPnYy94bih8BjjmN4
2021-02-24T20:38:17.053925869Z 234 miobA6xAwYCjDZrxHUobC7sNo2ATqKUSMLvmFEKgobgqAFBGs73pSMs1TfvI
2021-02-24T20:38:17.065623075Z 235 W8Ux24qvavprxDQEBFE3e1U0juJ0ILjJRw0jstGAUXWDhDFiniWI2DnuU3u0
2021-02-24T20:38:17.075973859Z 236 R7WAOI8mAU6al3lwbBTcZh3dxVAoNB6jnRIDZigp1xBjtsTRbDNkwfs9DDtY
2021-02-24T20:38:17.087416206Z 237 hTSWlZMnzR5FQkDClzGKlvmRA6aJhJbxZICxnrDj8mwPvYCEbvI2yLZaK6MP
2021-02-24T20:38:17.098657491Z 238 nuNjKfAjARnVMIP4y7SEueU0GHwtJ6RU1EZqi8gC7V64lq4IAFGFp3A0UL9R
2021-02-24T20:38:17.109552210Z 239 zVFeO0hmTR4lfNFvqW2ilSqBh0OqjiLgp4wngjxMnHTqtpS3yPNmxRiNkUgM
2021-02-24T20:38:17.120746000Z 240 GWuMlDfKf0mS7oStvizhuadwMWQjpjV8Ze2g0bgELWKUqrccZy8LHVBOOLzD
2021-02-24T20:38:17.132556984Z 241 XamZNbtLftAOP7qspMsoP0rTDROEBZ9BqenAfUNB0xJaxjWm6OLbFlQPeAYn
2021-02-24T20:38:17.143750102Z 242 AdHdRo94bckIqhUBS6E81EBpVYKuyzVjIxZnPQz1lnlVNhq0MnJPKgxJ42x8
2021-02-24T20:38:17.154932595Z 243 tTouF0HfAz1qSd973VjH3Dor3N7PAkz6JxdTsVuJ9kD0ATBLbd9r0AGSwoK5
2021-02-24T20:38:17.166739717Z 244 EN3QDeKncfOXrRBfMekAoEgCULQvnbCD3YyDc6kQSDgFLTL0l2xx3EiJ2KRE
2021-02-24T20:38:17.177036872Z 245 0zGvWPZAhW2yRFdGIXBhqHnl3CzpqEi0s7DYzGl3ND3FG8cNgKYckv8caG8T
2021-02-24T20:38:17.188835641Z 246 KGxCGh3TpLHX3ywSbmGinmODNreIKGTKfvIwHcXh3NXXoTVPR4j80Pz0Khn3
2021-02-24T20:38:17.200615348Z 247 Y0Gq8mEm92JU9x1MKJCr2ftbAApkWTxhnlMEWouIRGYBo3Ee5eyPM9sXoDeZ
2021-02-24T20:38:17.211757932Z 248 yE3TszViUQAjyN3WCKTGuxSYkU9qaQhLREr3YF6tFuoiDbMwUXDR2KSOHHee
2021-02-24T20:38:17.223358409Z 249 YDzzBN8oModK3c7uSs34c7OEI8nWpIkwIC8u4mBBcJDLAfPpeWwNJzO6xKc1
2021-02-24T20:38:17.234754652Z 250 wdlnv52Ere6Ny2Kpmg82uyCWRdAzz7PL1Vry0ASJgH4P6tY3r9MjFCt05XcO
2021-02-24T20:38:17.246152988Z 251 p3u8twNFPPFCchdDclVYKeAvb95hGr5gGXdAiiMiTw7VVm2pbKkLT5aZiGpt
2021-02-24T20:38:17.258122163Z 252 JbVwUpeYra8vPptaKyG5R1hxXvih0AQOHdPs7zqvstympMmDGqjjwMf41g79
2021-02-24T20:38:17.269161436Z 253 AxA9eDY2cSNngv37OmakmdUNrkmSamkYSrBwuBvwPWw5sTG7n2IEfOUcfcVN
2021-02-24T20:38:17.280471961Z 254 ozrwyMb3qvFMoKW6agSVGFIXOySh8uAQdVbVxviGvljuDQltJOc1d4dEMWic
2021-02-24T20:38:17.291278625Z 255 mbQfziS6cgbqu6d0BnQxDxqbzrud3u1l2YwexjwtTLSYJj3pdgEYpTaPQI8t
2021-02-24T20:38:17.302920475Z 256 2U8JEXqP9RXJWJk8H2KNN8QyXbsBUYU1Zqwk1Js4xawBL0IP5zLV6DMOSKan
2021-02-24T20:38:17.314570370Z 257 SSLhDKj2PBpF6jAycGIRsFqAh9hiFCe8R6qRnolHJGvkKJXuVzuwfDKCvANy
2021-02-24T20:38:17.325583434Z 258 SkQRpHqsPIpXkngzkpR5hs9TZsJ8vR1QOuapdwJUV1Zx8gojuaGvUj8m5eAc
2021-02-24T20:38:17.336342451Z 259 XY1rOfkuYhuWKGxUsKx8t9fzxU2BmyQCv0SXndpRrGdIavnbPywPRGx0xVLG
2021-02-24T20:38:17.347243799Z 260 XUwIxJvsEueV8ghRLEfY4KjLojaL94mHXhYoIb8MUPaKOzDfYy2J09Zw4nQf
2021-02-24T20:38:17.358715165Z 261 UiVKa7xuqNiWDlTcOn4FnmiWQCp1sjjjgV3QuskMGzzhORJAcjeLjTRDX0I6
2021-02-24T20:38:17.369275948Z 262 LgM9fPp7pu8R9bzObAMl8AYRbvPuKgj5MD2JwopX9VYfa2KUKzJDrSNBbVEh
2021-02-24T20:38:17.380847340Z 263 14WYYa8xGipzVpluNl5lpXR5RnqmIuWCzUilXvVhcuI7aitOxUUNAdbtLe66
2021-02-24T20:38:17.391424989Z 264 9VZWuoTq2ikWI3xv0TKAnFjUKA5KlVCdtKoFSeDGwe2hegdQELUJG0AMuhHk
2021-02-24T20:38:17.403225152Z 265 hT0LrFkmaPDgqdBiWRzVwGnsT9K94HUYisJvtrcu2YorNF5r9aKGvXQAVwkQ
2021-02-24T20:38:17.414044629Z 266 cEBeXzNePPmdO62tpbGZu1ergxUSpmKGTb5dQeN2NTbkgtBXylqupqAQqEGm
2021-02-24T20:38:17.425862667Z 267 Dur0zT01qOckFt2tDgZ4SIzjViqLplj3PYjOHtsKxxQxx7z3nxIb76YeZAnv
2021-02-24T20:38:17.437616395Z 268 AEPJCELoCpdQ3LFEZuFtTADWCNjGLdrtbGhLGfvV7VZ14jtLA6k4OYDBxaG7
2021-02-24T20:38:17.448614093Z 269 yh5DdTL1dcOP6Y3tL2apLhVhXahcfvhQwssIHfURG2j8Lq1ug8K5KkcuAGsX
2021-02-24T20:38:17.459845198Z 270 5XiMMrcjdf7vM55u1V4pqQ8Xst8pDkJ4pXTcfUyPBNYMkcgsZpQmBNvS91Wc
2021-02-24T20:38:17.471150949Z 271 h8b2MVml5Jw0tIooPOqSGYPhSK9l5HIvfOTSEkcYtiObyh3Mayb08DaCghrx
2021-02-24T20:38:17.482294963Z 272 FmACDlxwuZOZb8F5E5RHfrdfMZz343GFf90Gz51U5aq3IBbc7atCjnctX6C4
2021-02-24T20:38:17.493414398Z 273 bHttXxothL7UmdwMnbhHxGtoiw3drQRv61DFiCawodWJhWqtOgjEQHLARTYT
2021-02-24T20:38:17.505025236Z 274 pfnJOVxbUEtmS4kebzOdEFLw2DkMiflcDizSKH3sHadiHat21MdwGga04KDc
2021-02-24T20:38:17.516507190Z 275 YabvIyzwB2ZIuq19vzcbwOxQ3BkIRTHpytXD0ipD1vshaWdslqnFMg0x4e8Z
2021-02-24T20:38:17.528380607Z 276 KxvccQsULoMXr321I3t3gAlh12mtWcEeS7H7w3hvqffWC4OWdmCldBW36QHA
2021-02-24T20:38:17.539768072Z 277 gi9HWCO93jIDB9s5RqTXGGMsbQN95L1rmNVMYkeVRXmkj3qVIBEXtX6C8A8j
2021-02-24T20:38:17.551028735Z 278 ccEomnAH78hoPbMVVDxLAdDAusU9DYZ8UojOZJ8b7jAMVFGI4QrS83eM54mL
2021-02-24T20:38:17.562224826Z 279 oVXvix8mQbplOCpoqikgtiGTb6EsGpubZTwSnxkpUNHrXAMerxybim4wPsc8
2021-02-24T20:38:17.573827717Z 280 7aaXbM2YtwfHN5n5Y4wB0ibO7efiHIPAbeV4BUxaauAJvQ6JzHbqkB5yVt7D
2021-02-24T20:38:17.585490012Z 281 up62pe23TcCBx6Z9gDFeGLqwSpRaYT4Pm4FZRx6ZvhWzgEFxKxm8RQeVMqmb
2021-02-24T20:38:17.596099865Z 282 SPXygZd1KC1OZPDNJVq69ndw6M9tCYjpWspRRykvYdYvJ91kGX6MdzyyX9Fg
2021-02-24T20:38:17.608098651Z 283 oLM5bWfuO9z0R2B9AX4eXM7HXzeEZi2ILcia8m6YarNK6TXjzsVJdS1C6Rb2
2021-02-24T20:38:17.619092137Z 284 v6AhTtRO167RLdcBefNVkfXodiWMKa0VZaJhbWH8jNfrKu9eBCQPx6OccJBb
2021-02-24T20:38:17.630433885Z 285 2kS3zDltbo9deXrmwxnUHERZZhzEYYLZdFKDghzTlutrG1QtP2Z1XVAbkNhM
2021-02-24T20:38:17.641682426Z 286 0pfdx8kd0PNVEYvEOcIAbJfcAlbZHHzJmySQWcK5pwm1PbuEynN4sFYPq9kr
2021-02-24T20:38:17.652182556Z 287 QaBJQqv0rcK6vcGKpWJLMEfnnuTD5ReXR9Msyv55Vz4QswqhKaQDajksQCCd
2021-02-24T20:38:17.663839690Z 288 rRP36WkjMI2nk5S1wKmikHLtcM08zxQzkKc3yVJY2qIFXej1xZVNgUKGJ8XY
2021-02-24T20:38:17.674380009Z 289 uB5QLtRiYNNmK0yt5UlmXvGk1Tjws41pb8PVZTlMPS9frRuK1OBFXbTa3GIT
2021-02-24T20:38:17.685473546Z 290 qI3YxGKsiM4U0whz6rGxKEW4CMJnFdtYTBdO8bM1kQFYfAmaI8RCPmstZXhh
2021-02-24T20:38:17.696793028Z 291 T69LjkwEnCexgCWWzMnW0o6JVuy8xtdAKE3SWEAenij9xZHiKascGaNhMov8
2021-02-24T20:38:17.708168913Z 292 9a9EXOzywgTdjwUgTXx8p8WylLwN7SNiXKoBYntTEiuJaZQOf4grr4ZACxIS
2021-02-24T20:38:17.719628188Z 293 jZIRmHgBO7g0Y9LAhwLSH83gEOmf4axmYzqy4DQ47KBgGwqnR69aqAeSre5l
2021-02-24T20:38:17.731071133Z 294 38ahMlmSsIdAxywyTo4VkNVyJyC3LxUb6ZF9qTT7UtqmkUxKU7N3NYjsPvt6
2021-02-24T20:38:17.743174930Z 295 vROptscCLWee3r9A6wV2BXKtdZDkZsfgP3eNXRIzKXQE4DB7uB2fkkvMEbqW
2021-02-24T20:38:17.754505525Z 296 jeCxi90HTYchzZ9SHsymbMC2QCUjGRFaTtOFbqL0lxTHcjcBS6bjwsjKyWC6
2021-02-24T20:38:17.765823460Z 297 xCOR7AK6cfoZV3RFyadVlYSZYL4Nus825nllIwuUNvZS2FpKdBE120fFI4d8
2021-02-24T20:38:17.777373699Z 298 o8S2Qp0uUM4oQgUTeo4C8qkIfjmqVGAhR6BFWh2C2CJ0qc9n76WDoytW5h43
2021-02-24T20:38:17.788834438Z 299 daDOkpEgOSwccJrL9fFE5ty58p3FbFj1s3ePBXcPtCTuK6aZUfgRUDXHMeN4
2021-02-24T20:38:17.799991559Z 300 hkc4z6wg5VwUqS9hmXrijOAf5Khr240LwZGw96fwl7E2c0Z04DVcwtV1DTRW
2021-02-24T20:38:17.811902235Z 301 EGk77jyf5QTJDKCPThnrHPIuzbwd1U2cYunRWHG3fWjFTnDG5gkCfNQtXkvw
2021-02-24T20:38:17.822961320Z 302 dKNAsKqsE95hp6NdCJvlZgmDoLLcsy3RE4ivyp2B3emaxrbhMbcyPVR8layO
2021-02-24T20:38:17.835216127Z 303 0Th4Mgud2podkgzz3dZ0IhlHYtaVmS1sniPLt8q3GhDVhlfd6Rozdeb3XxJa
2021-02-24T20:38:17.846959361Z 304 dOXaRrdv199ReS7tuDof1q1CIZ6AV55DAkhsXPK3A3aijS849FzBxnBmvcc7
2021-02-24T20:38:17.858611197Z 305 m55bhHc6V4J7BMub3pn0pByNNo0y7fpaKvLwdBPL7MPv1YYsXfuTgdru7OGT
2021-02-24T20:38:17.869470313Z 306 awghXQFqCcODapEHlLvRO0mp9yg4EHu678ChPRT58U4sMN3FxGX4cWoftnYd
2021-02-24T20:38:17.880533796Z 307 zFNMrZs6P3t5PZlGiufO4wKKGfZhl4tDvytimkvVTEFrGJC2DfBjsQmNvAP4
2021-02-24T20:38:17.891226025Z 308 pOp8WWfnq2gbaiGENzMm128YfLxzlNDvTfyFOlkGaqx8TYqvusp7otjWwCIM
2021-02-24T20:38:17.902568845Z 309 7ThTAA6H3rnPzlNOEJ7WzOvLxfdXPkEubMFqTgD6EDZ3cGhevkumfzaEh0O4
2021-02-24T20:38:17.913034147Z 310 WIwzkTVlPgLhTBwMDGdwN4l4x0p4Dm6mO6LrfuAznFgpF7VsYVEvuGLsye7l
2021-02-24T20:38:17.924317715Z 311 3uHo0kj5oojBuXDKmlY9zWKwJvy9Bj8mcTDPO0Fl5SbiwrDT9n14qYdQr7LX
2021-02-24T20:38:17.935250440Z 312 rqipGFM4yEZ9Gt3GhPigM6WltT9wq9fgjtL1AEj6gNDudY14uDsgPBqtOp6H
2021-02-24T20:38:17.946151643Z 313 AywOfjA3lJrNyhCplwQLXEu1ps2kfUAPn9373glu7B9M4QT1xpz75l6ZN0VL
2021-02-24T20:38:17.957891538Z 314 OdsfjVBkMUAj56fhrI0NzkPV4ptITUNmcKrGJvsJUxNtPKto2wOwq2EUFgVa
2021-02-24T20:38:17.970052253Z 315 UgvwGIcsRTBY8bi2dkIvwVOVe62Z0bvBvwLvc1hT1edmepRSynoCfnbG8Y6B
2021-02-24T20:38:17.981169187Z 316 nRfYpjjH3zWv1ONGXeVXkX3beIuUsc5tzqaDnqrjbwi6JCfvPGGkoz4Zm21R
2021-02-24T20:38:17.992656444Z 317 oiIwfu1OahCT813aUtVDHhBmt8EEBMY1cxRPcFarp9U0kCzy9X6ymt1nQc6P
2021-02-24T20:38:18.003249442Z 318 JzcUj2MVaajRpgwSBb4tlIhMQLhOo9UQf6KtUXzMUPpzLKY6oPQyrjeYYD8y
2021-02-24T20:38:18.015721896Z 319 uxAzmLq7kzKAmRdVpHDM3fkTN0YTdZ4DMrhAQaZ85egiQuqaDCWGTwWTI3bB
2021-02-24T20:38:18.026400334Z 320 vpaRzZUuAEwut1blwNB9iOvqcp7jOAuWWYpevZLWAp0UMA4L0ceJHvQnWTw2
2021-02-24T20:38:18.037236528Z 321 lx1hNziyhc9CBGizpxZwmhcZZTOEPt3gVOkrz1LoKZ3lF0rxsKHRgF2QMEoz
2021-02-24T20:38:18.048504806Z 322 dkQlrB9Sg3iRa4Eh7Ov0sxSxCiMLdq5kzL5wo8nsGSkLMJZxGAAKvAs08vyv
2021-02-24T20:38:18.060144758Z 323 M0hqBx6XBCUpZCAsjpC3mZB84znmdWUaR86bcGmXEMFWVAwylJt6538Agkxb
2021-02-24T20:38:18.071350739Z 324 fP0QLJ2xiOY8ojQrpoYELDbdchptuMmn43JWr18nsiOU9dzXoptdRbdewMto
2021-02-24T20:38:18.083236789Z 325 xjr439w8Z7pHH3N34RHrmH0pxEbuxE0VHFJcvDUkh6lBIQOiQX2Rpf24DJph
2021-02-24T20:38:18.094506127Z 326 DsBXBtxD2mIjIhYqGWerMUQnLkkeWnWMkj9KTlGAWDALxdFXDv9AXeYk4H29
2021-02-24T20:38:18.105130561Z 327 jBSnEEw3EKn2g5hHZJ4wg8dMZow69u9kT5VJIijpS0rkXmZfoxx7VgqqGF4v
2021-02-24T20:38:18.116277659Z 328 j4E8ZdqEiQDrTnC5JtKv7pNs4KbVeC3OxHv4SKcxCEFLrJfr0nS3lBKn37GU
2021-02-24T20:38:18.127856037Z 329 I7bpmmAWrdxfM3zXaTJNRqLiInsKIxkw2uMMA2LGdk2rIz1dmj4KnYY9cobX
2021-02-24T20:38:18.139796303Z 330 An2hE7eMlYolfVowL3TilkXi6FuQPPKqQ23nnclO7FqD3mXeuHtyvsE3V148
2021-02-24T20:38:18.150699031Z 331 hbGLojThcydKe0Mo86jmSLPromfb30WIzGGUm9UGOeJIbTsRpIbL9TbKr5Sq
2021-02-24T20:38:18.161526977Z 332 Ny41jMnIyPUllpmm5uIXvaS0RFZzL7LQPlZ2nNJpM2AnLo90bcRF36N5vtic
2021-02-24T20:38:18.172217440Z 333 qpWCYIG7JAUcFE9rtfrYxNJrbbckwsxfXwaWLbl18LCbc7zZhbkE2K9L6Gan
2021-02-24T20:38:18.183293429Z 334 MAHRszNg5z3se2xrv4ZGNgt3JFsmBnCld4V5ypDIA5y0Q81vyQjUeYulRArQ
2021-02-24T20:38:18.194403043Z 335 hf6WfZD1oHwR7y1AsvCsVfaAucCV6CrMT5BjMuQUWn14w0G8ZjidtLHQeuVr
2021-02-24T20:38:18.205564815Z 336 twtCGRgG2EdICB0GPLpNboKlQAVk0jWU9DtpNPPI0dfxREMqOU2v06obtfD1
2021-02-24T20:38:18.216092745Z 337 1lhcu3PUrrgOWduI0PCrdU1nI3DPViJDL7rm9yZ5xk9fFma1gmXjc2kFcsQC
2021-02-24T20:38:18.227390156Z 338 1iCVuDakfNKE2DRwiqw7RL73qMYGevh1JvNnoVlfHVAFY0Hw4aiNlGzktFZG
2021-02-24T20:38:18.238407119Z 339 sN1yTJP57p2rvZlHqFSAjHQ19v2ljqCt16lJrMJoRpzlf0EkbyUWZU5OhWlk
2021-02-24T20:38:18.249631327Z 340 kWBCA0dMczGiDGUSoLkwhwbjHVBhErElyPHs40s110Lj8gMVKcrKzs9F4Rn3
2021-02-24T20:38:18.260208754Z 341 UuoNc5lVyAISrh2zcxnMOoqIMm3lsVRvxxb0SKYSfBQjXS7jLd4nzwC72oNm
2021-02-24T20:38:18.271475770Z 342 DrdSnlnTyP9Sm6DzrpY6xMVs6OmNszBbgUYnSGHvgN3rsOkJhcXlWUDBPFKS
2021-02-24T20:38:18.283129981Z 343 o5yILKc4F4zoXXe6uAUTFX4YhzqQUmgZzGunu68SJncIz22Of9dzCjiBHoU0
2021-02-24T20:38:18.294748486Z 344 HgQ5GquGtez4ljAywudxZvw3aHUHBxDC7sKPgeBWvSfmGmEVDkKEKTWYy2FJ
2021-02-24T20:38:18.305515735Z 345 J3dVSXZUHRKQxmgmxqQX6iDQsdqlVXvdvhikZx7HKvqJIS6d5wgNpdh8fpDu
2021-02-24T20:38:18.316046085Z 346 jdnGgtwR1ABPNtdOV6u2J6JGcTKuSoEUaanbaFfBuAzaQa31fwLSJcaRrQuM
2021-02-24T20:38:18.327362101Z 347 P2Eruln0JZRct6qn3g20vh0N9qgGb4tE75jDS4FsyZDkjxuhQqaNUZwMHFZr
2021-02-24T20:38:18.338443351Z 348 IsgPPxDpcDoJVw31YZoUuO7eVEwPHDaq1ffQuX8xnCeBujD7RuXznjKbNrIu
2021-02-24T20:38:18.349867042Z 349 hnt1p9UUxhkNQqYFaZETGfBtiL0SmM8ko3Q7MY8q7T6m9t8ebhrsnbRXAqGv
2021-02-24T20:38:18.360636792Z 350 dp0KE392gC6b09ND12XhZLgii0uJAFzvrIZfCO1QSBrfXnGVPRrSdwnwY2H7
2021-02-24T20:38:18.371988963Z 351 PhpuMBpjpL5NI63f2cdNIajYniOdT4DdSjOkSNAlyAfCVOx5UL0EZbWCQmHZ
2021-02-24T20:38:18.383652382Z 352 G3y2zG7MMI1Qrhl9kjy8AgYKCtJC5oxwg7Ik3UcqxzpJpxpuNhtgDxbmti8d
2021-02-24T20:38:18.394780991Z 353 wMVyHGpbR9Wzag7eLqMoLlcIXijKpiFRJMOFIQbK0P94cGvYxClqw808jSv6
2021-02-24T20:38:18.405994346Z 354 X6PKZOyHZJ7yTTLsOqpgl1z5tOsiEeKA37QelMHb0Tefb9wtYqEo8fmzXdwb
2021-02-24T20:38:18.417627330Z 355 SfRfVWTyZvLdG1s09W4r4RkMGLLMQHs9AoGePhb0BMl1BSPL89R7tJao17j9
2021-02-24T20:38:18.428663235Z 356 4kxzCJOElyzIXcGQkyUj6BhOcCFCRVjgytNVn2dGfO9zM3aFxvll004c6T8B
2021-02-24T20:38:18.440038383Z 357 fr6nPGa6FnAswlrlSjbCrMTVfsH0VLLY6X7RlAqzxfO2ijc9FB9anh3Gfqlu
2021-02-24T20:38:18.451978596Z 358 Cuotmo3kfn6rUydzEF20Oz1UuQPLhogCWRXHCDm1FrWjDJ10c5dopTxxRRd0
2021-02-24T20:38:18.462985433Z 359 4kXujUzwnuIsvYuHxYVExYyitWZwwQPacbdT5lF99x49BbZ1oyxp5waAMFxA
2021-02-24T20:38:18.474351615Z 360 TnBTnnExOPXlGNLq0DXEM2opsa9xsFPnVxRpX7iwxs8TDemijX0K0P4qMYGY
2021-02-24T20:38:18.485863549Z 361 bk4QS5CoUAyxg2b8jkNyYHVR1Nb2wyAJWNdU5BgXSkhFZn0GnGeCpDQByI5K
2021-02-24T20:38:18.497705569Z 362 T51pzD8drel13JEO5PJqh3cgGy77pKdoAAZiyW8g2brcXVVEfjKc6eFofCah
2021-02-24T20:38:18.509792360Z 363 2yvteWfSsny77BGkUCDE2AVjYfPhvcmVkyYwdNdQ3cQRpZxCueiDy0KOMMHX
2021-02-24T20:38:18.521283401Z 364 9q1WOKGjMhKyA8ImmgddKFIseMGlDy7TIUsMvb3bxGUdya1MvPmvOiqNNjLY
2021-02-24T20:38:18.531876665Z 365 Oy2ELu56vmC55qaHfxBWxlqMAVfxYKCUuII95I0lvBIUh6foieU2oAHgHfOE
2021-02-24T20:38:18.543144902Z 366 u2G2QmalYOwrAkoOl3tsAdKof0Ux0z4DYDbZfMXezhZtS1cuK6GJ6PtzMITL
2021-02-24T20:38:18.554327800Z 367 4gYfWHXygjBQuphedwE4ZzxTPCfIvDKAIUrNl9IJzlJZVCVoLC0ofsi5dtWX
2021-02-24T20:38:18.565824614Z 368 8Qbo2ghL0A3yK9wOlKbl2fznPUBzoBWQkJtjKnFfPbE7GFA63oogTS29IBK2
2021-02-24T20:38:18.576871117Z 369 X677f3hP9P8udN17CMYYecBpB0lMsBg7RNpuMDLgzWtxGUuEUxVpgWbmI6oA
2021-02-24T20:38:18.587824284Z 370 ojNPlW5busCkFWGJbbea4e9ntOGpaWuKr0uL5lZhQaHaMFYuF6weZM7ES8IS
2021-02-24T20:38:18.599048390Z 371 Oiv8mTL0NAz0aWBim6YnvNzEiMNlSjlDLuIRRrgayqHQUkriU7wyHHzUt2hG
2021-02-24T20:38:18.610438565Z 372 qrjaFLyHfjE5WTVVAYwLF03K1zVEIj0LQ3UrPO4hq5qbrmZLuq9mgbqBTO0u
2021-02-24T20:38:18.621233901Z 373 3ab5YUxXpOMB6aC1Nmm6KU8XRTnjquF8paVb6req7ws7DXd0G4kNFr0mldL5
2021-02-24T20:38:18.632581458Z 374 UV0GdXU23yvoNieheK2x7Kq1oXMfna4UMNdape1684lHmZVAJgLNK0yebYgr
2021-02-24T20:38:18.643577783Z 375 tqBB2OuqXawQC2Bmh9cCv4z8VLpc2keLP4IgItA2AI6fv6lNY6JYEqzSnk8k
2021-02-24T20:38:18.654321182Z 376 CjrHSmmN7pj5o5kUBp8L3sJ35JFoORZP7bOUNNCBLwnJPSTH7KSU2SuDqRac
2021-02-24T20:38:18.665379409Z 377 sszZOxr2wPjZYEU6uwcoOgdnNwynyLabJGgsCAt2aPbTb7PIxkx51HdW7GQ2
2021-02-24T20:38:18.676721072Z 378 TiINEKGI91uLLIEPIS5jljQ0Ftkn29EbQ8SRKWCtB18ZMI9lVRiqTjM05L5r
2021-02-24T20:38:18.687175106Z 379 bqTMH2fUHMcD5VAhC14LHNr5AGjm9GcPvBilDxYvPp8u4t7GvGRZqRUDiX4L
2021-02-24T20:38:18.698873443Z 380 Ym6HHDblRkopLnxZiiZy9gNzLk7JsaYrirfswwl6mBx5qqYBhy9SPJIl5aXb
2021-02-24T20:38:18.710815400Z 381 JukXhXvlD1oui00c8wFAi5i4p4rF8ERhVNUeZEy9uZ7Ws5Oy3EcgNEiKkOnP
2021-02-24T20:38:18.722640122Z 382 RQPCBl9yJNOYoYcWPwfuQs48wIzbUV0o3XXMJIf0xu376bqmyyRIjUx1WTnU
2021-02-24T20:38:18.733194782Z 383 mRztXvs0B5qLjE6BBmsiB59ssU2mToUyP45fb0MMwjVh8NiEtoIeVMQvBKhG
2021-02-24T20:38:18.744424252Z 384 Ha44Xse4rfLF6woqmWqHnkmsGHRTrrl60CYL0UiqxB8huy3vLu2eRY3Hzl54
2021-02-24T20:38:18.755151260Z 385 G8wqwJ8UirlI6XXleNNHHYTjEnlUECcJzK6MYdlehiH5q3gNONVUVUlLfOq6
2021-02-24T20:38:18.766760041Z 386 UB7Q1MEq9T1OW6ZBrKAsLJGdf4lFI3lphzSHOO33algiMeRaaUZaVwky6ETG
2021-02-24T20:38:18.777630658Z 387 CLctgMU8vBWGQJWQeDeqazGEfYDx61TpmYxCWXBq76p2hdzg37xnkJIdCaGs
2021-02-24T20:38:18.787843540Z 388 a1hcRQqyqqm4khDMSrpCnBGSeDhpEOBo9L3iKn1ufZCOCq2bcuVqrTUrIwXT
2021-02-24T20:38:18.799631772Z 389 77LxPxFskplAbuY531zdtSP9hVcIcUWfR0YL33giS95YK9TayuWm3u8D37qV
2021-02-24T20:38:18.810089471Z 390 81lplAxoMNPXx14xBMuGIjrUlD2eAwitHYi0Ny5G99KA5p9ppd274k2RZ3m9
2021-02-24T20:38:18.821471473Z 391 5t3aJao1wfBMFYxksxYaPgx5H30nr8FZWTYCqKSxVgySTtW2EQqriwVYk0dT
2021-02-24T20:38:18.832578132Z 392 J5tDrooC3seXO2gBW7R7a58JpZx6bXC0uok1SySMoCZhfRFIf0B9wNj4GVNa
2021-02-24T20:38:18.844378850Z 393 obgny5HjkT4YyB4eVOM8XElXjGnQhNRf5N1JumWBNujAKtR90fPNoZpHRuV0
2021-02-24T20:38:18.856536346Z 394 iguw6aabC0DsPJaoLsM3rSd4ZiqAtRDfh1RIg31WAM4qzipwwoDkhKjTLi7v
2021-02-24T20:38:18.867245982Z 395 Pu78CCJNAxo5CaBP4DyYXBf0VV3AhWCGjyRrCNNml75J5CTGFiqdKxY7Va1x
2021-02-24T20:38:18.878436809Z 396 dOYNoYZkyXQrIJohWYDKDZJZ0rFYvEE1jtgKKc0PqnG8GYCfoFzIXtnNhQE1
2021-02-24T20:38:18.889359618Z 397 YxHxivFN6OhyXRIJTsfjZ0SFfahSOkMoGHOOMfAvAHEqxSaEMHz8fonrt8kY
2021-02-24T20:38:18.900526473Z 398 cogFqqVRsLnkL7n5OJ9GRpHMmrTk5lPtuyPxzzWpPFEDBwAOUBsop9vi291D
2021-02-24T20:38:18.911313640Z 399 e4tTAhMf3WUWLzj5HjmOawlPgazPiGal5UcHHp2F8Cfi8I0oNCUIi9b5PFxH
2021-02-24T20:38:18.922569730Z 400 n11AofeHZ4pFvYqLw0kuBF5EatLOSr1u7AkWZV4etSvZzQicU4ktP4FQbREX
2021-02-24T20:38:18.933600440Z 401 EoAC8IQrfDwPUo0xnrRupGkPd1UvTXdRZGuBqkNgWG0uC7pvhP8LLlzAaKvh
2021-02-24T20:38:18.944840314Z 402 VE1MVIJTy2EV2e4qk3EOPqGtDGSzoXj5kzX5czpWBWarYnHun0O4X0EmQ3UD
2021-02-24T20:38:18.956332556Z 403 KfFOoQRH2HSlOIlmNTkNle4F2lzRoQ8giPYHSH06lsf6ZHbiTLH7Ei4Dmq6s
2021-02-24T20:38:18.967804604Z 404 XvrSE7IQu17NWokHB4dPA0IEnevbJUhWg9lD9G4O06dEqHZpsm1a3kEhrn5b
2021-02-24T20:38:18.979659691Z 405 Z6BTtEkEWmExoIDHpD6oTcrbsYPsLkRLMaX5RyO7KTmHP1eruITp4scoTX7A
2021-02-24T20:38:18.990859633Z 406 GCeOl8fB0yDnwUsPOGwvqeHsstU6h6tpCia3yIjYw6qhpbuoUKm2rmfNL0Pk
2021-02-24T20:38:19.002201055Z 407 cXrldkirjte8wZ2x9qFqeF3Uj77T1fAgL0YGdASjsRBkLkxmtTx3oX4ekyBK
2021-02-24T20:38:19.013162976Z 408 VILbiFanO2taskwUZEGsyWtZ0P9jHAGRZlZ4cKcKs75ktGj0iAa74qNG6Jq6
2021-02-24T20:38:19.024650682Z 409 hEqgLX98vqIXYYGu90ILl9AlE5efE8CsIejCLsNYhm1AW39WKX7LIAjaNme1
2021-02-24T20:38:19.035613993Z 410 LeVa7wfOcrT59LR7cnJrOVpOmrR1RAwCxrzob4ZWL3TO9DirDnnk2mSRc10T
2021-02-24T20:38:19.046606601Z 411 qwFE7yaNQ8oFlH90uNM4VuUfj8B6ha0o5jTdxfzDZWDG2fwJeWoFbGwZjUWH
2021-02-24T20:38:19.057050854Z 412 JirKLGmGhQE6lhUjYUtK5ZPwWeUS8XDQ1i2T3M4hdY03AfKLkb6VzG3hgrNo
2021-02-24T20:38:19.068722680Z 413 kmB2DqU1CFvM89shD0sF4m8gi1TxUXQwiXgaKbSqIp8Y31DqWJgUJOu3TpNl
2021-02-24T20:38:19.079950536Z 414 GE0VvlTAkwY1y3HvDBFV8HWN7vRldPUVHpDtZN91V5Zu8FpO0MJpSaGpc1ag
2021-02-24T20:38:19.090974993Z 415 04Bz9ZYIP301kG8VxYz743Bgirqd7dsVxYJnDw9H2IYKzdjEClV39JGMc3ne
2021-02-24T20:38:19.102213941Z 416 oI4udewfy8cjO09UFyNrhxIsS5UGzeMFaFgC512DhQxXjwn1JrxjrSiejNgV
2021-02-24T20:38:19.113583635Z 417 HBnEmBMTgawmpQ4EVKsMXovkf0JUF5aIYYdodx1Om4394gvi3KEp9gD5w9At
2021-02-24T20:38:19.125084947Z 418 J0VNvsSqA2p7JIh8CN00ux1Cnf6d0CUielYhJ3mr2sXZP0NEteGFmQSmedRI
2021-02-24T20:38:19.136689024Z 419 kjcQWgbsACOLORh4HsSosaXQxtt0FcWVhXFOrtL0pvlOdmyMdJdbYbzw8GYq
2021-02-24T20:38:19.148044981Z 420 ylo7iyVjENOXcjimA9AHuBSSrpCjwptKrUojAlqRQ7JvZdwqoOvtPhaPnCXk
2021-02-24T20:38:19.159801185Z 421 NXksfTB7zoWfhMzXkGAFOgzrMVBuvANHxzseOhgXmDTocqtGBKnQrHDHAbtp
2021-02-24T20:38:19.170252242Z 422 HlkuAtl0LM5gb1yl80NqojK1GM3uwZ7V6X6z5jfvvihZWmHWcTDdrzpYWnxn
2021-02-24T20:38:19.181239537Z 423 q1R3OjpaAmfWvbC2UxVT3xAF16m9B8k3tN5oDHqDf8E7nsNphiDXLJiv9weO
2021-02-24T20:38:19.192621948Z 424 QQet3iV1SpMhmg5Toebh0OtFRRIAE2EH3BTLpnLcpf0D1Z1quVtGC4xEhNpy
2021-02-24T20:38:19.204588579Z 425 aMpecw3qx6a6uK1WC2JClmQvZrkU99YM0pat5W2mP6VroDRl0NtwKPPbkXW5
2021-02-24T20:38:19.216532939Z 426 lbdEW1HrLuZQ6w1FlJs8gA8gQr7YPSLLOXL2k1ZCdlrkzlw6p2UfXw7oFvNO
2021-02-24T20:38:19.227245299Z 427 FRnK86lOpAKcVYwREOx34pZbTM3uHqjX349JZHCQSZnTYt5XlinoHbcAl1E3
2021-02-24T20:38:19.239017638Z 428 qv7239tccTTKUJvfdAYeRQaFyxNc8R5ofoxNgWKQP0puMfuxii7qeULji1eK
2021-02-24T20:38:19.250409809Z 429 ze9Av8zsQue4a3JAdQB2asWqJV3yihvVwY9PIzjEJhNuA3OYUeMUt7BU7y02
2021-02-24T20:38:19.261075849Z 430 OxQblaiDu2w3eZvvJdw0DnO3x9SZxp6GwctoDsoKu9XNgD4stzNknV9ExYra
2021-02-24T20:38:19.272829835Z 431 3fzKSjI8yQ1VTI9yMi6nkP2nppALDRIpKJcVQIJPRwdsvCh2BKIP609alcB6
2021-02-24T20:38:19.284530242Z 432 iO07WhxSRO9NMuujRB2uR6fjFP78uRI3HVRBOBsLzHsFDTc4R9rDxH11o56q
2021-02-24T20:38:19.295870439Z 433 ZkPrbLCIpoJtNGxYdvxPv2zVz1GXwzOy5Fv4gXVPVblRY1yeFCuT21AAqu8C
2021-02-24T20:38:19.307221041Z 434 CDVqVIFjmmvvYuCyjkE2YqliRSgNxpCF8KLOYvwf4I0P6KFY8OHC8K0M8HVh
2021-02-24T20:38:19.318581649Z 435 4TEjv44R7iNPJgr6vlgu1XA5JozTWMrg2HvuKRqrSFUNSonIyHM0VRYDxU0q
2021-02-24T20:38:19.329412061Z 436 jPaZZMnnNRB6FqLSQWskQhN89b7EsDhmEX1cYPjWxZZiyzNJv5tDpDU6Ynbk
2021-02-24T20:38:19.340731515Z 437 4Z6amWwUOXnnume8wPy7f8nObgSMmgOP10YJiWZItGbovPKklYYItKAGVeto
2021-02-24T20:38:19.351812119Z 438 58wnBFRShYb7cZLwPkCqBx3o7aI2OPk0nALEtF2bCAtrE63AjB8Y8FkEqyI9
2021-02-24T20:38:19.363085155Z 439 7qgllaAK9gwoXaE83bzNmtY1uUsG9f7uzM993BEMO14srYMHSuznN8mUe2dc
2021-02-24T20:38:19.374317080Z 440 qySJTsAYEHzSSRs4IcH3wy1Iyr3f8gotdUVT9P4k2vmCjwDKKYyRXVWWISrh
2021-02-24T20:38:19.384969995Z 441 YyRSCphp8I1edHqSYFUHRaSrWHIzWheBl9OXVjEPpenpXZRK8Hxn9M8WYfm4
2021-02-24T20:38:19.396733449Z 442 JUmINIsKoMdAlkAMzDXR2TrJQF8wHl0lddnKjX9TMCp9hvdC7KPR8Bnc906C
2021-02-24T20:38:19.408000151Z 443 t20TgdGBzzF4Tb5m9sjPuKqMI1At1GTL6ZRcKttEBGtjyWori9EPNyCXMLAZ
2021-02-24T20:38:19.418797374Z 444 TREcBHWsS9ZqDQFMiDuea4rrOse0TGb1gPfwBuaAGB8PxtBtWVlETleNAaHo
2021-02-24T20:38:19.430092408Z 445 chiZkU5H7ng2oMiTNCobcFwwxMMfqn9FNyzMAaJJ92bF2KlNG9qmasfyMGjK
2021-02-24T20:38:19.441796287Z 446 OpIQfdC9YSX8SvUUgUkYy2p41nZ1j6G1sxsFv2SqvXSeSZqt1bX0G0fHQVWh
2021-02-24T20:38:19.452053076Z 447 DmrE6klAgiLzfD7E9ityM6d9sIOhgyDXb7FOwKqAArLDXADNzpyX1lLOZKTQ
2021-02-24T20:38:19.463517088Z 448 3ZPxszpQIOH6izcstmSKYOnF7EAoBWA1xOgL7k4jjVd1QawAJITzLMQfmQgl
2021-02-24T20:38:19.473995313Z 449 zVrfvTzeUqeg9iVkLNd3fFuFIRnXk7a86qBXoJ4K5O2o73sBU8msLV08xo9Z
2021-02-24T20:38:19.485147806Z 450 q4pElqB5N1r8mgGRA8qXTnLnIcBvGdR7siLaU9vHlbClT6RBTxTqzJRiXU1y
2021-02-24T20:38:19.496192001Z 451 1LdxoVGsCwg41TNrzhPrq1gdFU0RSTNG3ZQdj24KZyFJuWvHRjTkGHSZSYb3
2021-02-24T20:38:19.507215010Z 452 KTcXrceNPnIPkXFZCyY78ALmwu46A7ZvG6k0aAiI3NlvA8dXatV7SXe6tliE
2021-02-24T20:38:19.518775921Z 453 91QKwmV0VQFJJ4dZbichAzAN5FFbSz5VHSNhA8pZMkmxj7HGnu4gjyxeDFDy
2021-02-24T20:38:19.530498661Z 454 Qn4EXRGAtcA65RhYulzNPyTEuNyKce1s2IkhLwt0f0n31QlrlTpkNuft1wTB
2021-02-24T20:38:19.542462299Z 455 RV4Gd7GlkAfmUoJxgCTYLj38wEpIn0Udd64HkENPCSXLEw0RFqcYANKWlGYu
2021-02-24T20:38:19.552967342Z 456 nXgoA1VdlmQSmYje91DskCuynxstSo0yU3OwXfVeAsoXDMBu9GMUyjFy5ZHu
2021-02-24T20:38:19.564555665Z 457 8LewUll0OnE3JwyRz76T3TWCapFcoJ5zkXLrFCv4ZQwDaLofRftJTjYeC3Ik
2021-02-24T20:38:19.574990490Z 458 L4BFqOFF2ltsModDFGZf793QZuKLmlWUeCRB3IIwcYlzedN9NYOEp7OBcW3K
2021-02-24T20:38:19.586810338Z 459 b8SH7k2o61PlwALZ8WKUSIuQUVt1WjSBi999dHhRbmu41H6BoVnf0FyFHQ6l
2021-02-24T20:38:19.597667843Z 460 MD92glxlbigpz6g5YOGF8owhCz9qHSAQd6rmDatZkDRpioANmfgQcEGTSM6C
2021-02-24T20:38:19.608556268Z 461 1fwIq3AgFTx78wVHowygUnYm4C9oJihOnhbaW3FRMrDIsuJA1aZFBbEj8SGX
2021-02-24T20:38:19.618973268Z 462 uC9KlusPzyMB1owP4rNxv4yOkXPvKLOpP2KvqoVun4xQAg7kRX6Tlsh0UxK8
2021-02-24T20:38:19.630331263Z 463 IqW8ISWXrpahvkgmishenjkCJ2bJ1bA7pE2URKlvYjwKhtyJdw2IHxdetDqv
2021-02-24T20:38:19.641493565Z 464 DUwhjWqxgGHUjo2Jcu3Gl9qPwDBtued5L0q2Beeb9pH9OE3kcdcvIob0WQia
2021-02-24T20:38:19.652725718Z 465 iT4TocYEOC9jMZwOA0Zuu9F4j6ApqumPLod8nTJ53swffrweqJKw0o4vR3Mi
2021-02-24T20:38:19.663453978Z 466 qPWzqBbGJ12NQzdUbh5RXPOSE9iDLbuZXwOwk2glePQkqXuSBrgRi3yLI7IA
2021-02-24T20:38:19.674512009Z 467 DQ7mQs2CLspllRPfKoWBNKHAMQicJXZi8CS8CGIGEmR9mtB1r89ugXoh7iJx
2021-02-24T20:38:19.686393392Z 468 ALBYcU0aw8c7B479piet5RGLWSjcQ6pVX2OCikhRE8OM4Ljps36l7Nf9X7eN
2021-02-24T20:38:19.697288486Z 469 EcMRFe3D4bNAslKJQYotMy7Mbka1BVm4uSZsiARZSooTxaM3mlwYqBhFooJz
2021-02-24T20:38:19.708499988Z 470 5fY0HxU5RaukzIom3RdqHi5KdQwbzo7mcySDn42O2IsZ3DmoJQVQOVjEdE90
2021-02-24T20:38:19.720229923Z 471 LZ81y4RSVr9QA9Vjtoimu9r49KIJugkHA4V36hf2Uk0e6QNF15bwaEEw2J0Z
2021-02-24T20:38:19.731724610Z 472 CZOjf2HHJo4LhDIoyTVmb8Uk6yDQlEosT9XSQpOSK5qPiSHQsYYbzyTvlkAk
2021-02-24T20:38:19.742800801Z 473 frulCG3f0voB7wWqiRxNz2USEszM4pUTRL5EwdzD65qNBjBZiEQqgvohMAw9
2021-02-24T20:38:19.755071519Z 474 c2b2SnNpSiZxZJTr3ZsfCxjypb0T3RNaeR7813jdGWqAZvmVLPs7oAXFhysF
2021-02-24T20:38:19.766355502Z 475 geHk1CxpysLix4YXTUhdH3Hv3xC2l2syiY82EbMAWKpuB8tBvlneuKWAzRNO
2021-02-24T20:38:19.777560898Z 476 7TjSSbc1gJnAQK7Yk2QuvtXrrZDiV8Rtyzf6Z6A8WTJeqR35SXP1zktf2jci
2021-02-24T20:38:19.788172801Z 477 amKsySi2vyTZZmKhBgx9RKaczXrDCbTMMzaohM4bJqe0adxrKGWh56KHHUt8
2021-02-24T20:38:19.799636019Z 478 xLT7not15w304mjCT8ozVWwDLbhISWzB9kCOgNHLpvSAi3iR9t78jy7ZVZyc
2021-02-24T20:38:19.811081031Z 479 P1eoi1ujFqhlPRd1HZ9TQzbUVBAINCf5gFosdaWMfxesyK436TS3aLRuVavU
2021-02-24T20:38:19.822515988Z 480 S9wVunOuojNYdKro792O8HhTBcdQGwkbYOBYGphHsXbkpKXJMV3eAWeSqaEd
2021-02-24T20:38:19.833338560Z 481 34QhMGGD7ETIPFWfaYGi7QoZnlQpSYzQua8Zke18BuqS2WoMGQBA3wACavNE
2021-02-24T20:38:19.844461772Z 482 4mwXgetV3L7IZxfV9R4AhPMPQvnj6dABRsme2j1SKouCYWdUaYPMzRxIIdZ3
2021-02-24T20:38:19.854860163Z 483 F4Vmqex6Rq8NF7uLvK1cTSVlkTq7AKSLATttCc4Gjzk4zwGzo5apw8CTcazh
2021-02-24T20:38:19.866534394Z 484 P1ZbbcYyON9Hz6QassVP68G2CTUcBgwdCdNg7mpICl1QrMyawwimtTiDgBCi
2021-02-24T20:38:19.877116930Z 485 rsYUOz3RYcMg77co9Sy7h2FsQHJhdj6RAppUbyDbs9494KvbhFOpwD42m9z9
2021-02-24T20:38:19.888779921Z 486 sBTH0jJQN8qTXVXqRjyWqwvkWlCf6dlpuXK6fhKdljHz4kQ4ksdzbbwm0T2O
2021-02-24T20:38:19.899534222Z 487 19dqkgVIZsLgY57NNoHdFRqapeP1Q8fXmJhQ8FtVKx7TInFH751ZpGMe4BPr
2021-02-24T20:38:19.911703675Z 488 uIm1imZo0be4xhSz3dGV3HEOHrswWosau4XKENyf0B4SlgJFBOMhb7mIYjBB
2021-02-24T20:38:19.923775698Z 489 GiJu6o4qzWEK7h4ku8HovtZWJBoxUrTfcORmokFLyTBsuhvRLglTD7GLJKCS
2021-02-24T20:38:19.935270960Z 490 VGGoWJK68hLaIULiQB2gChtUbWdc5c9PUSSAo8uKo5RLDoPc3WNxYxT1kE3J
2021-02-24T20:38:19.946642357Z 491 QdM31GxTXsG9cO0dH0Rcs7SNfpxP40HcX6KZvyEMYSmOyXagqhq6iwETKRX4
2021-02-24T20:38:19.957079812Z 492 vzXudsd2ArwuJWoIJkawLylx7Yp2rtQj69hnlO8bgU62Jh6SbSWeWRYNv81Q
2021-02-24T20:38:19.968709035Z 493 AMhZDmQOKcH991SWrr4Z7CVTkmFalyt9eFt8JxQLOCmysLvqYO6Kw4uBRPou
2021-02-24T20:38:19.979650638Z 494 m5gYoyh3ZGMqrredVHhx9nbch9ka36nTO8uPlzXGonDjm321hwm1x7PIEy2G
2021-02-24T20:38:19.991701108Z 495 jWksnbGPaubdlBuW61d3JuoyC6DaypIIDu7rnFOZL6e4j24cX1CYrU0i7fRM
2021-02-24T20:38:20.003336031Z 496 0GlQRvWz5xOgiX6bo6QkGo1i2YlSJ6XFW9zR6vz9dXaFGFB40Y5NyXbuY9Nq
2021-02-24T20:38:20.014138937Z 497 KXFWIFLlDhkVvNVJTRnM7dpfavzbi8e39puMuzTw5siIbgfF14yFFbdTmvpX
2021-02-24T20:38:20.025925268Z 498 2IR0t02iLyfnhfLfdzdLnNtS7TXS5bOJ2bsMZhenT7AQC65rIG6hVRjVze3S
2021-02-24T20:38:20.037697365Z 499 AWMPdfblhxVw8F3J3HqJNwxgWhjRnVtqvHTm7dxYY31myKHiluXAEevnuFBq
2021-02-24T20:38:20.049233944Z 500 GZtx295u2BcRPCM45XwkHePsVXcINCSjbEuJwuosSx24tzDynnlcEHcMa6Rm
2021-02-24T20:38:20.060398458Z 501 ilkXxgKXMKRsILqNgqaJIQfIV1DXwVhesOYudXmxKxyHOAXRSMbumVVMIQOA
2021-02-24T20:38:20.070970857Z 502 IV2dHlsPA2jMhQf7vjbdatHUyf6MbPRKsLLHZzZYU3au0MrOJ2LmLxtSYnLY
2021-02-24T20:38:20.082450311Z 503 nptx1NJBuOxeAfhlvZddkcxYOn0kBl7mtLODToObsKH3FZsN3FBZmhqt85bt
2021-02-24T20:38:20.094093014Z 504 RM1ZLYplUVcbrdOy8ELMz492EnxpDOxubDHxVAg0o7P2SWuibYvscI6zjVfm
2021-02-24T20:38:20.105450399Z 505 p4rLQDuNnLyV55lDXTV78ARnMjl8GCJIoahBIkoYDNtlruc2U88v46owpZ3H
2021-02-24T20:38:20.116506617Z 506 JS4GIs0fDCWvQ0a7YPLPIgr1uG0wfnUUoloiUVozLUgjQCNDLwLMtPKqCRiM
2021-02-24T20:38:20.127484677Z 507 qVdW7qy4voQPyO1XGroPkaWjJeYHoG2OpQUWDoQapUyPowJqJqVmi6RFuwJu
2021-02-24T20:38:20.138138768Z 508 dLXxDfsN5H1FYcNeHSmbrX4ZOsfcKQKsIkCTUOE12RtsULZ90N3hXapEQ6dI
2021-02-24T20:38:20.149818442Z 509 ajFJCXOjTpKceld3CE3PxYW56hUQNNCvjiIbOwxrJndwsvb1hrknHW8sBwNB
2021-02-24T20:38:20.160759172Z 510 8felelUb7bf4N0tXyZso9iJ6mVuRzV1lu5DYyWrE2iFGArAZbZ87ETq692ya
2021-02-24T20:38:20.172367580Z 511 5ZoN7vzhNkLyM9SRNiNzwFIO32ySJB24QYozU2J78p407FDR4sOEOCqJJ9jx
2021-02-24T20:38:20.183377352Z 512 OxUGwlT05atVpiafMHEuU3RN5XbUoE8MyZ5JcZWKgdoG9T58C6afMshyqILz
2021-02-24T20:38:20.194020169Z 513 tOHy4mjyW3MrImGwCuSTOggvyinETEDHTOlddrg7oK4VLGSegb08cfNAicKq
2021-02-24T20:38:20.205676506Z 514 ZQjo0fKs0Ji2sDdRjegjeMSEHxyFp5o9VvJkBtuK1OQFmi7Qf6CCMgYv03KX
2021-02-24T20:38:20.217462566Z 515 m29JFrfsnsTdMLLSDcYNKLFgVmkDNsYHBHoVFg2m5YpNndxLKGtcIfpFo34f
2021-02-24T20:38:20.228076889Z 516 nFuMyThb67k2GCsuH7hrxysyG1ZSSP77z7vnRfp1C5TMGhpUhO5NQMjF8sIr
2021-02-24T20:38:20.239302794Z 517 o4PIzMiFtr8mFMLo2Ht7y3eOpUmiEWvBWlbd8cb65qb8DcbI15tp52dnQG2Z
2021-02-24T20:38:20.249852519Z 518 upaBupylG51DAY25dscfhUkIwgGs0fFB0xMSBMzTCQ5sCktdWzzn87UcDDrd
2021-02-24T20:38:20.261328804Z 519 NvLNG1LZRBksiT199tl7cSYpQwjjEx7I7TvdF2iW6YZqwERTzJqafjrvZAKl
2021-02-24T20:38:20.272824446Z 520 Ka1SbheeN84V2462KjQ9rgA7Q06nirvBYvaaWQTQlQdJTSDKEGbSzuIEbyAw
2021-02-24T20:38:20.283091182Z 521 iay2D47RrkATiKTcZHjAKoXfykHmhP1vpvmq0lZhsGq8iK1QCmz8FFCOwJq8
2021-02-24T20:38:20.294588467Z 522 Atka6TIuSTyJUzoLSRYQz9SDEcOTeUfQKDi6mf2q5aQK7bLbfjh5nKuecC7o
2021-02-24T20:38:20.304847020Z 523 yGTBPIXMzQgP23LyuLQElALEu0kAvHEiX7ObSiX914REfvF2hjG31i7IDkNz
2021-02-24T20:38:20.315945248Z 524 qA7YEPIkagEz1MMwXxCfkfOGY9HClQYiO7ltaFSvYDQCf2rq8mLJSJ5S49cf
2021-02-24T20:38:20.327147187Z 525 ryJ5hzFKAApo1E4APBECmmSPANj1c7KE7BTyR4PUPEpJgmUDbggCYOiN5THf
2021-02-24T20:38:20.338445059Z 526 XtEGpQLC4ELAR0GbxtOO9zNIi74PNQhwEEdCRdbq9VxDAxdIe2xL26HS2lAG
2021-02-24T20:38:20.350212057Z 527 x6gg7TVTiS38CpahLuyZxhZoeJAyopdPqKKeNLOeBKUfOtHHmzbIvtEwSE9g
2021-02-24T20:38:20.361828236Z 528 MFDoB2dhVZXiAQrMIicEhT8fPNjshePxIbHdUodpA9NF6KyJsfHuNeWof70J
2021-02-24T20:38:20.372915711Z 529 DuZ6vxqL84UiDgcdjYimWUsqmSvm4YtuaTVjMjI0U9zWPuJpkrB0ptFHi2kn
2021-02-24T20:38:20.383198295Z 530 SsNHsdK1SU4kMEBX5mkl3YFZd6WDpnEmKYchJRU0DVjSCKQ9V9pFUz6WR1Si
2021-02-24T20:38:20.395269230Z 531 5GCcCaAAVJQ9jAvEoeuI34SDrXyyCL7Dflm7jY11P1EoaeyVrdB35ODDzd2h
2021-02-24T20:38:20.407039880Z 532 QOAwHmApMyP1pCjEG6XYp7pmtAxYAEikjiijikUjVDYlq2lommuJnuDQ2kPw
2021-02-24T20:38:20.418677763Z 533 T7Td1wNZQqtHZfg6WimiBxmLt0JvKoFMHDLxD4LfpEMHu9VdmmOSY9mqYUmF
2021-02-24T20:38:20.429391792Z 534 XYybNG4cbkluh6WTe4lmKOxcn1xyKhtcvl2tH9HklYJ944WaAZU6qwbbSr1n
2021-02-24T20:38:20.440967787Z 535 NdGAr6PrLnnpUpuGqVlnODwERV9gDS2eQlEBGR9XwgrZMm6sBlm12GE6oMf2
2021-02-24T20:38:20.452105607Z 536 whfhSwIobsahCdym63r8QnEQptvh4sEt1LA2g5ECEbnR3kixVijK1eSBHV0G
2021-02-24T20:38:20.463418124Z 537 aY3qnHNgqvzD4ffXxKBiY0qPhmIGN7J7onaFKNmGPdYvHfy1rNown8ORN537
2021-02-24T20:38:20.474802184Z 538 UquKBo3MCfmfGvjbdcH3G4dJlUd3YKHWQnWrmRHRi7Lfn1kmxA860o23dlEM
2021-02-24T20:38:20.486119746Z 539 y6ENiesbRQ6oe7sEzFPa1k8JYmq7pkwZjivC5rfLoXnW3GwbBljLU8dugpla
2021-02-24T20:38:20.497854778Z 540 RCE7ti4EALg7i9IwM06yN6YKKeFx65PGLgAI9HSHO9ICN1ab9ILN4snn4SRP
2021-02-24T20:38:20.510595326Z 541 fbLdI5yd9kEgRdIExmN9Dw1oJMSHVmZv4XoANIbhZOTdlNxZUX7cMEyinjHQ
2021-02-24T20:38:20.521327170Z 542 OHBv3O73OAduJvIxH4n98wlAFOV4KWYLaHzWFbtVh4j6ZCAmKWB5vJLKTShM
2021-02-24T20:38:20.532146098Z 543 QQEvaX7gBzJUCmDtnLW0EcYADo9tfXrQGhJTfgII94rBnrDltntE54Vh5S9Z
2021-02-24T20:38:20.543311575Z 544 rMrvLjLhLzSBtZV9WN3lE2Upgf0F4WdIloKkqi2INDhtlKQxwsIFo1x71r33
2021-02-24T20:38:20.554820343Z 545 zhPUfv9AjWw08KBsrbryT1gKLhagf41tcCFwI1mDfWB56J2KQWLCX68yGDvN
2021-02-24T20:38:20.566592242Z 546 NOlk7mlFSyAoxPcynuLpBABnz6Lxqw8SUigNfm09EsZUuvnZ80mzLoFYNA2H
2021-02-24T20:38:20.577596125Z 547 O2PtPG03kNhXiVLxnRjnmEmoqA51JX1Ofui1Jyl76nuR2IIgGIj52wfaAZz7
2021-02-24T20:38:20.588054311Z 548 iMUCwsSUK4L6VDljlfMHVnhWwhaSQe3A058RMjK6WKWoNYWRvMI9biCBqaDA
2021-02-24T20:38:20.598969166Z 549 EzGoqZNxz7v7LrJ08e9OrhFHpB9kHU5v2EzFUKpaxTS2tLXgZfyglAP8PKrx
2021-02-24T20:38:20.610126291Z 550 FPZAyXSAhmfSdTbKE171gkSLzZLxRiO2dgZjU2RzUJz1OLKfqZ1W0ExkwkfY
2021-02-24T20:38:20.621469527Z 551 TKBiAeONeQArkFBDrNRJaBlOJEmMDvxQCQPzl1VeW1fGHs3jo8rt8nygXmlI
2021-02-24T20:38:20.632091496Z 552 v5qc0cqd31tjBUZ4GJ4CylGhasa02JCaUSpa6a0ld6SheBcU9APxuneTAwKb
2021-02-24T20:38:20.643788927Z 553 dehEeM8pqask7drDcgBWyj6TtClUvK26U58JOK9aMSoBEynzvITKwWEE706e
2021-02-24T20:38:20.655532067Z 554 IqgKylkuprvCWJ5uFfsn6e19CefBJ7mi8cv8TKvHvZii99DC74oMfWpXjW61
2021-02-24T20:38:20.666263653Z 555 qOLkYTIDi70eYzvfBU1pqkZ38MGr1WE3Nwi1dW1Nb1Ijuj3HSjOluGy39M60
2021-02-24T20:38:20.677557552Z 556 fRUH8EgDbiT3ygyTgt9yULxYUTiZPzZ3ubBHgaXKKcgJIRRqxq8q84mbajdu
2021-02-24T20:38:20.688915223Z 557 uvbc529jHT3TkZfkIv06H2tGTOgjz1tai9u3z3it0oo6SSFMGSleaeD7Fnps
2021-02-24T20:38:20.700543101Z 558 WnuchXHTusNyO9SuTqaPKB9cTUTARgRAAoJhy29X7GQcouEisoj5tLzoKZ2g
2021-02-24T20:38:20.711939439Z 559 eMjH63PdYZqBLrJ3FesiD0odF0ZwLGh8t5oDrqtDwDhoyfJntjHV0yfi3F18
2021-02-24T20:38:20.724003193Z 560 LQl9IRcVev40fenWTxqmFBNxwhRDi6vnLxdiXJ3USe2Bw32KqDz1m4qmHCzL
2021-02-24T20:38:20.734959042Z 561 1wsjKMgYqNyft9MhKZyKOwU9XsT7eZhAtD6KfSmLzXSkQqMkRUzzxisfV92F
2021-02-24T20:38:20.745879316Z 562 9SKRpCxiYtUQXmWGEi6D5nuNQ85BP7iB0lbgDNNLT6fC4EiQPuw9onCtxoWa
2021-02-24T20:38:20.757079691Z 563 GfY8dJqNXRAqGfcWSHi4W1RiDrk3thNapKgr5qXlZydgvu0OqMH3Oiyf0ghe
2021-02-24T20:38:20.768495804Z 564 r9ZVE1UOjUtj14PmPppnWUAs0mQtNCHb0o8Fikn8VdmU0LCiYyrvvbVqsH67
2021-02-24T20:38:20.779191808Z 565 F4S2nnNRW7ER1PeryCaedj6RWdG5foTvoBjcSNRNCDGtC085fhyMmUzfOYZa
2021-02-24T20:38:20.791701783Z 566 YlpMGd0LPPmi8BiQELDY5MJabbSq6LG2nDodGflWew4fFEc3MNxK8PcWkNDZ
2021-02-24T20:38:20.803578984Z 567 m3UAxINa11ZZA4hynraoRaE4danhUOg2WZAmU0C1Skm6QJlxQvIlnuIPzqXJ
2021-02-24T20:38:20.815146393Z 568 krBPYQbxMC5UF9wIMlDpfZjTrKxJ6esDCteiWMjlXbx0s1qBJHMSPEJbWvxr
2021-02-24T20:38:20.826532806Z 569 vpjQMEThOrNCBpzbixNDR85spuzxRD9Y94IepiwdnEqZZdjZz3L4BUj9FLTg
2021-02-24T20:38:20.838367260Z 570 3xKkim82CqK7C5lj9Pva6dULrwqlWJX9H9kCFsoDyODvLzbltQdjwpWy5V8r
2021-02-24T20:38:20.849985419Z 571 MVUv5jwx5fBib331xpNuAic9oAZRzwOSCzVVcktvj4t1EVWkeJFu8VJ83YWi
2021-02-24T20:38:20.861152878Z 572 6KPEKRagvDsa1qsKg5FiOgdO6HhjzJB31LhBxCaazjBsoXpOl6oMlAkCaXSt
2021-02-24T20:38:20.871925380Z 573 RUu6qPrS0DzJPD4bV1oEd1IPvefBrrAQjZT5iSLrFecxv4sk6jZydLMlyjYZ
2021-02-24T20:38:20.883279210Z 574 5aNTLymUD0r6dQh7v1OVenvFb4McekC0LrELEcwNvUvHKtGqL3kuTEvT5C2U
2021-02-24T20:38:20.894369978Z 575 sLARKX9XkBN7JIhtoEnJgIHe9nwQZD30m3kioW1jw5K75nqQYPcJktYvjkLg
2021-02-24T20:38:20.905499448Z 576 V8FIStQ4SzcTvyMHdgm2zrvJbyX3nlJKItEsAbc2EZFlNZlGW8tCgeilLQd2
2021-02-24T20:38:20.916581883Z 577 W8KjKQmlbV7xaPJIW3IUaDW5gCf5sVHrhWhSvQVUsnLx68JdQG9P1YaOBXfA
2021-02-24T20:38:20.927038912Z 578 Onh9XA64Nd6cOFxjf7BJ5hLNu03cA86dhAS3eTeG4FEX3Az1I8DjAuYqTUHz
2021-02-24T20:38:20.938144895Z 579 NakwLNZodYkmGUA3dn2wF9QsdATZ7AQJTgMt4f6Vpgp9c1ZIJNGSK5qyiYoJ
2021-02-24T20:38:20.949118597Z 580 DemNxUqq7qE7VzWxESnEdtcStGTcjIaNeTWtT78oN3ynAAP8hbgXfbzZWiIv
2021-02-24T20:38:20.960851638Z 581 eepeNHhqjkkOXo9ToaBh4FwR54z9CWZfp6Knq2FAOtpQ46bcMZF08xitw96g
2021-02-24T20:38:20.972611724Z 582 2NSsDIyrSqYOlu0MgmQayEju9xfExZ5UUEtnqxyA4SAUAefwHyfNSEJv78J2
2021-02-24T20:38:20.983480269Z 583 OCouvD9Ga2vZz5n4uR8LUukDGyXnjn0dwfkx6tf75bKs1xym00qRXwGRmBeD
2021-02-24T20:38:20.994706180Z 584 Or4FHyDAZU4dFdAIaA8y8eISopfZHP1CukwztweDisTwAKFYjlec1w3IFMXi
2021-02-24T20:38:21.004957853Z 585 rUiKEg0X4S7447ZiZLxoIJyZ2ScVwg7CV3jroGfc8jGle2o35Nuk0f0cYkyu
2021-02-24T20:38:21.016083337Z 586 yekQ0u5I9eCf7CfbEePA3iqYJVMNdqTqEzxl50wbieZejpNEf5PFuVZCP7s4
2021-02-24T20:38:21.027017132Z 587 n4XpToKc5HRxKHRCSAI5n2uuqg7J5DPwAUsHxBiKaw62qCGf7H92zWh8qc3h
2021-02-24T20:38:21.038527745Z 588 1TKSbopOxrE7yjZZwHvX5sK33CI0O0OAh8ZmHJOvGAhl0PboJWcBHtwDJSxt
2021-02-24T20:38:21.048936273Z 589 Srkoq57tSDM6QTcgfCrKL3XCvVyCDCqJHJN79ZTyDPnzJ1TOo0r01UQlN3BN
2021-02-24T20:38:21.060895500Z 590 lUCPQBvtyy0vi1ynupFOTZFsz9iVP4GsEvd9PQ0VAzqZFkR8VMGYBTBlw1zl
2021-02-24T20:38:21.072353385Z 591 W12PXPW4867zuQTPVfxlnKwPfaRDbuAVDmLvT9AuOjC46dITELKKqk4wRmr9
2021-02-24T20:38:21.083166605Z 592 e3wJw9n6hqoORkfTcDNROzYeSCU2aCgzziviZmJF9BYxnVWsWLcbJ3WgY56h
2021-02-24T20:38:21.094269946Z 593 krDrF34o28ACZeDwC9s419VfMBgDjdVqlJh6mjaCcpCZM3hz2CshtNZDakV8
2021-02-24T20:38:21.105425166Z 594 cXrSHh1PlDyrw300DpeGzuawHUAdjmhfx8kOXhKs7dEmZkXIvZV51hOHzo8E
2021-02-24T20:38:21.116830558Z 595 LtH6MwfJNYxwDibhIboFxtgyrdhVeRrtawu9EUh4XKasjzBf7azTER0OzJPv
2021-02-24T20:38:21.128805840Z 596 gLjkyVIU8ettOejEgCGtJFBmmTzu4wxlDnnAq6KmXUGYCdbno996eTndqvZS
2021-02-24T20:38:21.140698142Z 597 ggEyjQ3Kg9nLHYEoUjLbSlD0NRBxKBr7hM8HFg7ISUrJc7mGhIJm4G4w6kOC
2021-02-24T20:38:21.152612544Z 598 o35rhcddKQGckYXlgCv1IdKcGGg0i1gDnLa7vXxVAnZ7EKrGGGCZMwI9DQVO
2021-02-24T20:38:21.163918698Z 599 x5FrkOpS9EdNyrc3Y6pwK7fc6Njo0fzykbPDZRlKZazPStSEJOveEi22W5g8
2021-02-24T20:38:21.175593856Z 600 C5Jb49RdCfJxdJL39abnYBHsINM1UpmIm5RaY1yNIqbBu3QWVirLiSytP4Vh
2021-02-24T20:38:21.186607356Z 601 hNtANlDunAy0mEbzsU4cKUWhawWsZUQQNbVo0CiBGUnhyM3MSmg78NQ6rPxd
2021-02-24T20:38:21.197903485Z 602 Edndoto9Lhsyyyu1JqEOOMyGczZvs5y28MUXKVwiv32xg0OAm7JCQ2E02c2j
2021-02-24T20:38:21.208930615Z 603 kp8e89fTrB0FIqUFUks3nNBQ56KtnBT5AuurBKWdCmXeREeWPmE00slF9IJA
2021-02-24T20:38:21.220629815Z 604 4fiKn1YN0QiAi0EjpMQHE50Gi1ogudObBysqngALFcPPdBdhdg2nFfUo8YFv
2021-02-24T20:38:21.231118818Z 605 fK46IdBpKfRdRu50z4H7Py3Un8aqHphGH59fqO7dUTyeG2JhGnrDK4DkolIP
2021-02-24T20:38:21.242375732Z 606 smJCdLVAhwmVWKGOJAjtj2EVCeAcm2rUMCown9qQJvLgIz4fO4S67IzJNF8o
2021-02-24T20:38:21.253888754Z 607 WyOCAilgzMzbRpAW4MUcwj75jZwPlonCiNqwJrWoJsNUwgu8XKoavB4r39s9
2021-02-24T20:38:21.265876879Z 608 8HSVKxJGyPoYBFQvwBHazmhwuezZYlgYZBbSvGGLsp9E09wyZNSkag4y94Uq
2021-02-24T20:38:21.277494866Z 609 TcrDAcvSd4Aaui2el5fYZwCNri8dkbAzgRDMM9ZcrEkKXqwstLwrT27rorXQ
2021-02-24T20:38:21.288225988Z 610 zMlm6bvbC8ttEGUICVVo74L7E6JBtxysTICdjk6i1sLCvIfS8ms1PKMTM54h
2021-02-24T20:38:21.299344707Z 611 9GYLJNPtBV1E7R5HipPVJOeX4HtgwjninnovxRf5dbRIrDvokgRgwSho3Q2z
2021-02-24T20:38:21.310530281Z 612 s1q07YdfYn6LKxbN8dDMiMIee2k1FbmSEw619sPI31jJ9jvHZLLnXbJufy8S
2021-02-24T20:38:21.321955407Z 613 L0DeGeH7Sv8l4Fx4n1peyFscoS3b9kstXuiE8ptF89u6torHGVlsHnkFXBEN
2021-02-24T20:38:21.333516530Z 614 Z6GyqyfHexuzVIFaY8372aiJ8CuGUKXpVIJe6AcWNOuVF1Dpm4E7WZLE1tzQ
2021-02-24T20:38:21.344801482Z 615 41yuVAR9tMU5IVdXCLWsaswS3Cz4hocNIDjJzU3CG3NGvkJfPeL3JHdPHdxI
2021-02-24T20:38:21.357163762Z 616 6H8TiS6WCMRiqpNQ4RHaVCxT9SHLMwUfkY4wfCVGnSrgxsMv30yiCo4EM1SE
2021-02-24T20:38:21.368266618Z 617 KeDWgNHS72XigZtqlQs25TJIgs3n0Wfz8GaF7gMNNeYs3HqUrqx2SRXlZSb9
2021-02-24T20:38:21.379767194Z 618 xpSRgBo1QH3HZAt5XdpXMTCAcEqjYQCWBl4a93pKPzuFfCObBWqlKocDq9ix
2021-02-24T20:38:21.391178682Z 619 7k0i213FnJIRk3ziBxQXLp6eAIZ72GSNihXrMYydnaVWlCsuplT2QD5jgZtL
2021-02-24T20:38:21.402636105Z 620 jcrGcXPl2iMgLHG1zA77ev1IsSwJl42vKQJOYNkum3lvjCSg264BanrXDb1t
2021-02-24T20:38:21.413467566Z 621 tGX5pNCvOl1BLrGSF0vs7zpFqHXD4Lw8uufsu1MyZMDXyZOlFqViIEdJpU02
2021-02-24T20:38:21.424459506Z 622 KfH5eQyoEhrIUrV5z4teZvZWLB0n2L56MBQVzONdNaIo0EAQwJc5kU8GcamZ
2021-02-24T20:38:21.435087588Z 623 cAppVan35sU8yxVt4aMu7uRZ0vAJDhr6JvlaqIJKbmvCDvvDcI5Zr9KG5Ede
2021-02-24T20:38:21.446187097Z 624 0OwYsSoMWVeJ6dk8RlDKREx03l3IerD6c5p1IseyiExCEsprWP8NTf0zgvm7
2021-02-24T20:38:21.458030788Z 625 TuicT8xiwXw2y00yPFfrancQ71xtfasgFPopqFCQ5LCa2s6gQ2rUUgNpE0Tv
2021-02-24T20:38:21.469582194Z 626 7HBqeDVS3RIaZW3cUsKYctSxlZ84tRMNufOwuulWLJPbaCq4U4UW5AJaFVao
2021-02-24T20:38:21.480570639Z 627 Y76sSYc9Ys04kocUd4gdnsFaV4wR6Mn9k9ls4Jm2bbLtKfru3Qii0dMt0td5
2021-02-24T20:38:21.491695458Z 628 OMfK0DXK4iIoDALXZVcFwcwkYxdyrOCfmNvm90T50NRDws4oukqvT59D123x
2021-02-24T20:38:21.503412036Z 629 lqUGVoZh9rJnSTXPIhmB0v5EYMyORqYxOXQkEAIlJkPo8Crpecsk4Dw3ev6D
2021-02-24T20:38:21.514716718Z 630 NGbyk9uZ8z3BMCcDnqgcllwsz5VCihLBCjIUlqfHzvXGWBNKqAA8wTknXOu2
2021-02-24T20:38:21.525226623Z 631 aha0CuZIL2WL7fjteHxVzaYFE5OVwllgvU5pyvKtkHlN6HyXzoSCBoi4uuPO
2021-02-24T20:38:21.537083771Z 632 9I730cfwoMLG0HamztZj1vpzT77ZMmWKyVkIbyBD8Obq9rJzyzrnSppCKdZw
2021-02-24T20:38:21.548882790Z 633 4w2PFJHa9gCKl8oJ0RmMfs7slbvmkxZc0Svb19VaqFTmPm7EsoYNnEeSDFhJ
2021-02-24T20:38:21.562530826Z 634 7xz19wOHZfJRLmJ7MhAhmMxqL3XU0WvRTO2aWDYNO088bXfZnDcicUzGj5sA
2021-02-24T20:38:21.571974553Z 635 cVg3BCwvLab9RaS3TUsg2j4YEXaTg1alf5Y4sTyn2GYIYpqwZxB2iTYPscqj
2021-02-24T20:38:21.582813614Z 636 q1UKOQCR8Ubd3yADWU8ozZZ8smLpurnq7voXOBGOINPZGJbbuGhZYPHGwegs
2021-02-24T20:38:21.594008236Z 637 u7gmtaUlUfVE48bfDz0BSXBQiQCTYiWSrm1RHdAxwubtYCgXmo8ZZdph9SEw
2021-02-24T20:38:21.605602687Z 638 N4Qes4mHG7ENVIj5eB1WAvwnlZwje4xYznwA2BXsLTCfu6ZeNEJD7KhCpiKh
2021-02-24T20:38:21.616278694Z 639 IKgdlqKQ7q25FzI6qQlqPw2P3i7590ynoJpFnycoNPnac4U1BmUusv93r7zr
2021-02-24T20:38:21.627673574Z 640 ylh6n9MQIdPQ3yVH8tMITSwDlXOEvefxLi6zyLhNMSYLOzP7enpdyDpq0qkW
2021-02-24T20:38:21.638454135Z 641 y6pioCVtha9ABFR4tA8TyrVYFEREuKN8W3nzeooEoIn3bUWdQicNuIhfhWpF
2021-02-24T20:38:21.649714213Z 642 C7EjxFwY4L3tPR7y4dyRiXd25q0yl5qa0LLwc45WjkCQcYA4f1HUA5bXPZkk
2021-02-24T20:38:21.661495631Z 643 FZMhGzDoRzMdXlajHpbJC1hQuqI5i46ET181kzEyLot6HCHivN21RPr1Gppy
2021-02-24T20:38:21.672912540Z 644 Wy2lpwfKO1bbdbkzVt4jSXZuAvXre0NKNXhWer3QIdbjMCMcpDeBH7ywxp8v
2021-02-24T20:38:21.684515810Z 645 rtc1jGnufYTqmInB871JClijqxBwy0QFEiryGcHbtTiOqEcF0HSP1sHC4al5
2021-02-24T20:38:21.695345847Z 646 I0x0YEaa6wo1oiRQxZTQ84exno3WAYl0ZDQu8Z6pOJjftWPynnAoQSC1sikB
2021-02-24T20:38:21.706235097Z 647 6H3TSPTDzBDJO7Q3WqNZjvpVr6UF32EtRspK2wkiJRFum3ir4pM5rWiL0WH5
2021-02-24T20:38:21.717842910Z 648 2sIYlQla8hY6hrZZ0iqMyxrmbwBh2no8rz2gmeoY3i9dB61EQvsbDAZDXj6r
2021-02-24T20:38:21.729862909Z 649 sSL4cVuAI0YIU3Q16UOY0Ol5eiX0SsPQsdt2Rb421meqiCsi7eUQAhFM658y
2021-02-24T20:38:21.741238330Z 650 1sTh8YBX0oqeX768a2JWewxnCrHJaAyoXYZ73e6kEYbmJPig7YjoEMkO00oB
2021-02-24T20:38:21.752731763Z 651 20D3YXtvz44tP2s2p1UPhZ0cz2lM5ft5BQvzNo17S1iqxwlyTjFZGjyx2W9L
2021-02-24T20:38:21.764037318Z 652 UNhuB2pDI88Ge9jMLVBWZ0mUbe7vzcyebREeA4ZZXYhe84NtFp77zyOkBF0F
2021-02-24T20:38:21.776585750Z 653 GUbYadtrCXYnC0Jlctuh0OPhYxA43zexTkaadBPtiNCH2hVyU0GLHIkfoWcy
2021-02-24T20:38:21.788293482Z 654 dCycy4f0Tx8MW4ksZcrldGadu5AciMEr1fiiMtfzuXTHSiBHItCBdYmvMRyO
2021-02-24T20:38:21.799485751Z 655 1SBT0tqQytCulF5owlF7OVAc8EKpnqZHfutM5RCRd89fOk1G4Tf5Ssq0iaXl
2021-02-24T20:38:21.810222265Z 656 z1CqPG96HntAwGuyDU6QB5NrJ4wvjSumDfmjvg8ywwDwXjsik9lp5jPDfMHZ
2021-02-24T20:38:21.821858945Z 657 S5EJQlOVhCib3bwDDPnjXDdt0kGDoS2LCN9n367g5yVyonKKidiMwRNNu3PC
2021-02-24T20:38:21.833554194Z 658 LD0fRGqyQo1xumYAFPjZSGPYcKaklnJUABdViR3ukypRdy2YRnxMTTMojapd
2021-02-24T20:38:21.844298088Z 659 k3XDlxfC8dxVi7zWInbZJ06JqMT5mVJ60nHytWO1yyX4b30vuIkodXQW4qCO
2021-02-24T20:38:21.855280223Z 660 Re895ClG04eIYVOtiGGs2NvvJwdW5Jluyw6VlJHe09bA917MSzGY171wIsgR
2021-02-24T20:38:21.866026064Z 661 XviQtCni0HQDO3qBRFfEORPKY7EwwAg9klrgdWBc53yXYmVmlBRDDpa6447i
2021-02-24T20:38:21.877286926Z 662 KcmF7SCXqUs4yjWHF760ITYDu0XxpBWNy76wkB1YUmcIMW4PVAeSJuJI2Pno
2021-02-24T20:38:21.888065134Z 663 rojbqhcceGwSbYEqBCPugnmwYCt1MNetonoypn3zI34OeRynyPptK00uHp9C
2021-02-24T20:38:21.899822688Z 664 osfIWAfQ4GlIRI16Gingo9ADyqgJMy7SlrtwLRUqzXZQva29Vxxg7BRm9RxI
2021-02-24T20:38:21.911793807Z 665 mN8WIJV4TtOWaRoXxFWpTJn3CkKDrGF8HbLwAh7o2ryt8KPcGDBKgxFxfoHO
2021-02-24T20:38:21.923352861Z 666 uogKno6g7RVwMrLywc7sBRoHsI7vzCIQlwK2v96HZkeUG4gZqJF8vmLxfZvZ
2021-02-24T20:38:21.934534422Z 667 yCEJbjNP4wxCnaC2EJW75F9f1lYvfiEWpVxi9yAB86DHQqi43wPGk3ybWg9f
2021-02-24T20:38:21.946022525Z 668 yVlb7EGc9SBwIwX4dTIsAl8ThNsJfHv4uBGPPN0HLsVfUZTNcYW4gyPRxSbl
2021-02-24T20:38:21.957597274Z 669 5DhpXMNYEf2pahSDYZZPFTqWdWvzrhJ8FjJT8CRjkce9iIGvZjOoG0beUdFu
2021-02-24T20:38:21.969624300Z 670 aU83F3ZUdPnuJFiIJftDk7WPv0t2QxtGl0ThzmnYxVB46W58dSA0UYUfY96x
2021-02-24T20:38:21.979882358Z 671 NnOh24WY0VVWKqHqqstX9Kzv9ChzXqJK4Y9AFcEwdRSOkA2JQ1Cp127UbQex
2021-02-24T20:38:21.991411734Z 672 LFLi4t57wWFDN1WHI6tiNejXvYygmH7a2E9FExI6qnFlH9E1Gjrf3M6RrlF5
2021-02-24T20:38:22.002423132Z 673 d0thxLPXUIv3FvkHkXElybpSLIOt0i9XG8hpFFywm8Dxn8rKCQrRGdczFw6o
2021-02-24T20:38:22.013892226Z 674 zNqEMPAjC8Jjd7xhw1JZG48nWZmVmrh2hniFnkjcMCCHl0HR4eJgxhDBwDd6
2021-02-24T20:38:22.025911087Z 675 AaMWn55zX47SoGCq7yQi0bZFs1jF8YjsvoV2ucAzEoFsiqNhgjm75U6b5k3m
2021-02-24T20:38:22.037659921Z 676 X0NLB6g2FzcUsStnrN2S3ff1CGrbxAJnzjnU2XNFpF5B6gsKgBPrVi2rs4IW
2021-02-24T20:38:22.048316370Z 677 YDk79NXenJHQugAtDHj2DrTr3tuqM2s9Y5QeD0fNzlyneL5PGu22NdHEMsyH
2021-02-24T20:38:22.059292905Z 678 GCQfQPAGzmkYR6l5M7eXfo5ZsgTFiebY50wEoDkErQhgeBfz0IoMPnXnxC0D
2021-02-24T20:38:22.070411246Z 679 jAeVAnvLJWDrhCu4zOhR8q54wS8a22LxJiEkVhdwc7s90ACsQeQHA8HofYAa
2021-02-24T20:38:22.081570075Z 680 zEhpeZi0LDXxo95NXRRKE1Gjk63XIY1TLEW7PaP2E0Kd9PRGJ7BJYFxAC1BR
2021-02-24T20:38:22.092117162Z 681 HEntJv7VpZbH7bZ6tZmR7TjOr4L7JqXMdIIHNHRZujyeUcI2JoXvhNyjW8RE
2021-02-24T20:38:22.103790778Z 682 A7ilmxGmFQAprr6tSZHsLldsvzCYc1Bb3sZXLysOerSJIlxri9Ivpe7ilmuJ
2021-02-24T20:38:22.115672549Z 683 T3BXLysqehothtZau3yQAkjw5n6YlYTQzhCXRlWI6bJC7UpRZSOMKC2mVWx2
2021-02-24T20:38:22.126217253Z 684 7HirCu1YsKRpFbcfMltnj74lFEP7kYmTQzbRRWBqyVVgatAWLoIBTNg5dckl
2021-02-24T20:38:22.137188162Z 685 EhooZvy7bIH7nKTEyW37DFSJQ0YgFe0tbLu8xzxKkfgHttLty18Y3fX8YsE2
2021-02-24T20:38:22.148407593Z 686 SMDeE2CcO76Wzvfc7gYrF38B0yaDK197qyhbgBY2FsvsdvGJraUqCEDhlyGc
2021-02-24T20:38:22.159344249Z 687 ULilFiGTrbiKX8LwM66HUenEmZzjTj8lXhW2s2kfa9gDvzGqJ8tH1xUfmWa3
2021-02-24T20:38:22.170930403Z 688 vyqnnn2dw9xZ0ClqQwmRrTRpsk9zgGRcCvNATlLT3AOielhZecjyksF9OLOz
2021-02-24T20:38:22.182561654Z 689 QkuoQYWj4re2URkBWtfIKfCjywrCdUERTiG6UjTts2lZXPSPARjAzQodwZQU
2021-02-24T20:38:22.193590226Z 690 RFoANHJIyaD6gxZP24C1wTEl1OVmdGV9bwrzbUFi06rU8tkPi9gocyFk81yJ
2021-02-24T20:38:22.203973020Z 691 97V5JR3NTjVWpeM4hOgHF6cZiJZqioLwoacTz7JPvfG52OMCePaNb235JW4l
2021-02-24T20:38:22.215611732Z 692 Fj1oMIeNeE9B6wTHvo2xJOjd5fHadhRthGunYsRIz7T0q2c32JpwLu5yiHzp
2021-02-24T20:38:22.225993842Z 693 qOiBYSXoZfFuthnRbrad0LnvJsW3gCZjkD8temxItOAmaTbwqjhJROYAc4Mc
2021-02-24T20:38:22.237821165Z 694 1myGGOcn2avXZxBaV3pg0tLPjOyxvaGWllFpGiII3Gw9VJw2evdYwbvtICz7
2021-02-24T20:38:22.249508924Z 695 YbRUPaMCXuKlG3e4LokeRI4OOKanf5jMbedUGeH7IAl9yLW0mFdE0qGfGIn5
2021-02-24T20:38:22.259916611Z 696 Xep0Kmt9jJnlPav40mOHIsdrrxVVRRfqh47xgyWu5ykgbO9nAYXqIZvWzWpw
2021-02-24T20:38:22.271583438Z 697 dTRs0OGGRNXqcsdJz0jqj8HSvGQ8CHODJkrfXBIlZkW6cO9I9UxO96eSavbS
2021-02-24T20:38:22.282067225Z 698 Dqk0YIWDZzdD3YzXGUDVK94I4qSWqDatFUinjcTzGlqPXaFGKYnEWEmH3if5
2021-02-24T20:38:22.293584325Z 699 ojR6AqfG6Cq6DsBKYd08MzWjAjGUBr7dPAnBpwXMGnoSZJDzZyP8v9idR63W
2021-02-24T20:38:22.303990407Z 700 gIQp6CIJVQs28sLld8NG8SIhGgX8R1zkEzt0I661ZcaYfj5B7xLjGbeRCJWW
2021-02-24T20:38:22.315559505Z 701 OGqbKMtQNGcRmuvqabs4xBH3VgCbQQS3w2H1fMR4uWLELXisIwz0ce9YOlhm
2021-02-24T20:38:22.326164921Z 702 XsxoHi9IwZLRUIcKN2AKbni1ISHulFrXq1DH6a1LZs1q7e8aQOCX40zTsFHq
2021-02-24T20:38:22.337189252Z 703 2WVgyVH3bifs2vqBYvPe1cKBnnDj7iUd1DLQo6RkxBFOT7MPZdAoPHD5oYds
2021-02-24T20:38:22.348726685Z 704 bqLNd31lAX3qxJZB7XNqqn8T22Sn0gYrojvv1mvkTjNlJZNGyhwcLCKCHEae
2021-02-24T20:38:22.359194061Z 705 r5OUQYafZPvmVTvPXsy76TfIL68o1YkE5d9aAax8cCDKZ9hYxtttzJp1UDVB
2021-02-24T20:38:22.370528380Z 706 NaUsrmUhla2VVz8tj0JJSJtA0q916JjFCLe96g3eZMwisFCSkM5LUgZZnUwS
2021-02-24T20:38:22.382018768Z 707 yt23TjfrIlVgbu2JCYU6zEIAycgbpF1Sv7j3pAw4Rtm4egiu1JjoXCm4bF0o
2021-02-24T20:38:22.394120438Z 708 VzQJFAuwwC4eCSupC4Hk7qNnPGPjvIu2QWlZ3yye2hE2C0YyxlMONtltbCMG
2021-02-24T20:38:22.405590531Z 709 zFKzpbKpmPHFmuVp5NPbInQhCsG4MrAdsRvspnlvFj0gzZGOaIv6miEO07fC
2021-02-24T20:38:22.417196154Z 710 xP0JmxxVBHVpfNRTEf6xJJuvDD4xPhZ4Qpqxsl5ius9GgIerDSBBqPZpyLxb
2021-02-24T20:38:22.428612539Z 711 Sroytum5FLrA8GMblEQZgkjo3o7J7pN34YuTQpImPs0msf4bxsupw0JtfYwW
2021-02-24T20:38:22.439704795Z 712 sehgRuVFLsBf1xExoepw359WUfoQRCN8L5f1CgRdiHAihefFbHg3I3QuzjYB
2021-02-24T20:38:22.450647977Z 713 SZV6kaHMoJ3GpSgbr0R0NJzTU0i3T0fq24hNmbl4dQcBEzapmdwc9A9PxJ1a
2021-02-24T20:38:22.461395254Z 714 8XqsjlleWhKU8GAkNRh24OrWv51F0npMIuLzqU0h4HymrLfJjrvBcB8cpTT5
2021-02-24T20:38:22.471894943Z 715 E8BO4XsO5diRjQlNzzL6HVJdpCOHKnLN2KObn0uWgkqsRhkFboIYPB3vGIvm
2021-02-24T20:38:22.483114752Z 716 MqEURRdsoBQLIkRlhru0WMyHSFYcO1BmrigxQsqUVqurSIvZxJHbbo2UcZPf
2021-02-24T20:38:22.494446864Z 717 zrGwpeyVc4Nb2483GkdYs6MVnaNAgsji8DkusWOCDUGn0uqzNiYqNavoWMCY
2021-02-24T20:38:22.505901799Z 718 TikpWGTjXk4lXmb43J08aVm8DVA5iXzJQhss9AYiwTsMNkXFH4rrStJApIDF
2021-02-24T20:38:22.517658167Z 719 2Q6Iy2UqfjHgu7IAI7ZpWHZIY2qjj4yt9BUFXTrO6QJyTCBlTp9tRj62CStI
2021-02-24T20:38:22.528195840Z 720 sK6EzYcuRMyrTgybwkGXlhU5YE6diea8XP2syYft0zIqKOeKFa0s7FWoR8mQ
2021-02-24T20:38:22.538848628Z 721 fcgF1yUXRXSWYBSeVBspQLddaTO7zW8are50cGgM8p3O62wSamj10hLXt8gj
2021-02-24T20:38:22.550174582Z 722 yRPKpn0AtXhfIkhwhmTVGnfkW0s7VrX0JXfJI0IUZcTOUZnsqdey4XV8snx8
2021-02-24T20:38:22.561296791Z 723 6ESm4uLm1xntmdFbXvKIMEFEdhfNWo1zbcuRgLVjKDUXetumwS7b0JNtSINj
2021-02-24T20:38:22.572275588Z 724 UbpZrNxVcZAVnFuIZ6VeADVHJkysMs96BU5A8wtoF8bHtTMrPyGtGEPosU6s
2021-02-24T20:38:22.583088998Z 725 agcldTsHCNhbEsRoExnYdDMFxt0VZBda6Awa8bIgMABcYrI9l2Sg81DZZsMx
2021-02-24T20:38:22.594612211Z 726 Ohvl51Je4cEuuukYZRJ65yC556F1bg5qFV2HCyWrMcYHbqXOr6R3ZWcsO7bF
2021-02-24T20:38:22.605117851Z 727 COmK3E7GK9fN0dIze9pBgd0bPyEJNHzm7rSk8G8KumZGMPmEac8lAhPsb0yo
2021-02-24T20:38:22.616521135Z 728 KPoqembckXUWmRjBu5o5wnNG7dJFLitPnfhzIdKvzT3w8enmccwyqlqxTbeh
2021-02-24T20:38:22.627395971Z 729 fq8ZoSmzOKtknp2aDgW6EkHPqFI3COHp8aeJHgmRXtxHfrtCJwLqnuPFz1UU
2021-02-24T20:38:22.638689420Z 730 W4RISzIXBwp8fBEiCVtZI0DjiF9FWgnD9a4NSY7xyJqH3r7DVJ0pdvNn8yJY
2021-02-24T20:38:22.650004333Z 731 WG8aMmWQCHMLqee51jZPPr3BfPADUqhykc04wDg5jDHDkTnLylhtimIVmxqc
2021-02-24T20:38:22.661561342Z 732 q7nYSna6lhiX8zA9OY1WZAbtxdjh6QP2hu18ao2mYKH1DHd3Shlgn0Qf8kGF
2021-02-24T20:38:22.672161741Z 733 ztb4al0fRfhitlHcRNu4fnQEVyVoe2Hd6dx3BH7vJfZpLjZG9fm2oDxEIkle
2021-02-24T20:38:22.683577078Z 734 YNEUT8m3Y624MF491IhOzxMNbY7BGUnjZpDZGvALWATdBZsa5qWhrjMJ8hl6
2021-02-24T20:38:22.694983257Z 735 Xx5yskQH83XAzlDSSR3plJNTMP8X8ryiBvcJcs6l8MJgg26qPAUmOU3wlTsn
2021-02-24T20:38:22.706447965Z 736 B6RWCcgjqJ0ATUDk2zDLlB84GVmO31Kl46p3yNrDKR7513F3Wamb09vLRhzl
2021-02-24T20:38:22.717733357Z 737 f2kJfxRNhYkDzZy2YXLYBX9Zk5iuACIBgaR5aK6xAsrvpd7KSk2Qb9SoAUMj
2021-02-24T20:38:22.728472957Z 738 9AITJ41FqX1mNrgeSUVeBmjSDyvwNKn0dICOhe9xNOEWlVKsNsl4EOhW9X1U
2021-02-24T20:38:22.740257871Z 739 6Zqr2dtEKF0bzLZTdDykWnTxG3V42VcdePGDdNV0Y7DzLZuufwIxHx5SK3nE
2021-02-24T20:38:22.751686255Z 740 aDeiBHjnhS3QeNRBLjjTRNgyEPgd0D1UrrDVe5LH0cF3p5m5TygKAwOu6Ieo
2021-02-24T20:38:22.762118368Z 741 tR9pVsCjaFm3lUYvpbECEhU6CsrSzdSbEWCsVYQZ4TeZrbZsJgbZfS0LFGkR
2021-02-24T20:38:22.773470909Z 742 ThPTgyfTGFD3S6KEO1dwNGDIVW4tGJZO3MN5xXvlGTKcjPmswhkUNwjBHk2i
2021-02-24T20:38:22.783939402Z 743 hlBwBbGw8M8XilsRrVtxhzSIFd08QdlhsMX74iiXIguD0BWCO1S6nOT8GVD1
2021-02-24T20:38:22.795667497Z 744 x2CTiHM5biGyQgnAM4wM9ON9sBXZfiW0LoA0wsmLTqin4VtuMsLqUGv3JI7t
2021-02-24T20:38:22.808186429Z 745 gB4nARbxDmwG2kF1070bsHLJywK8M8bQkt9qEdLK4BSRsQiR7IUyQRaJQ2SZ
2021-02-24T20:38:22.819021855Z 746 AsJG4ABaExqocRvsIeVvH6973tGd852KQsIofijLkO6lDNjvIWlEtxp2Edzw
2021-02-24T20:38:22.830695069Z 747 8BHAp2MtAEMkdBylQUIvgRg2DXIg6Ue7UUTaOVJ2VKDG3yNjn4Qf7uaCgV3F
2021-02-24T20:38:22.842045177Z 748 mqlpGyH6jjxA9gtU1z2TT6U4ztylt8QKxl2mHnBRw4lCx4MGwZvjubGblSqw
2021-02-24T20:38:22.853603460Z 749 iS0CcuyEBr6jX2qmgAKn4SPdZgN8lm5SV8qXj0R0PRVuZrngl1Gvb0K12iUI
2021-02-24T20:38:22.865637768Z 750 KyuEi6zO4fB0mf5bi1TBfUXko97EoXKa7pJcQjy9fupUVUkyT7TIbozV5A84
2021-02-24T20:38:22.877349801Z 751 BBoStXDd58uWmSBMC81t7A8WcLf40aP2NHLxlZjte65rcN3rd6tTSB0yqgiu
2021-02-24T20:38:22.888714572Z 752 2A01lw7vZkapR5c5tkJTMCwf7Wn8jhnQghksuRqZNCsTAOTPHmEOZKgEOMnG
2021-02-24T20:38:22.900680067Z 753 NGvZkiDYo1IauI84RDMnj6OMr23CGp7szjZ1VUnrLMjUVpdBz7SFNkDb1UVr
2021-02-24T20:38:22.912312373Z 754 RJZhPBhKZ9rdckYr2wd1wJXmJ1xi6p8YGbFz9mLVmUqc4OrQXgbD5P86mHQX
2021-02-24T20:38:22.923802058Z 755 8IeTLjqYvwNW91HkbCLLu7wf6iziNAohpPvP3XUJtlf7LAnDF6er2Q0A4xyc
2021-02-24T20:38:22.935441946Z 756 ra7O759UYp0GHJSbh9FIdItRWIwBWJf7DdC5ryTiBP5wXvgSNjoEkgxUjVQ9
2021-02-24T20:38:22.946102611Z 757 O8p4IkXQRRx0WcMBmfFpCKus0lHfv8UtGb0S2aWNX8KJ58IERr1VA2WjmEiV
2021-02-24T20:38:22.957642966Z 758 MwvIZ1vnrMy50SezqAwp6IIOZTmehYsmYOGZEgvUuHuuG32rKngFGKuGZNZu
2021-02-24T20:38:22.968997750Z 759 cIG6NbdgKMA1WVldj2bAUKjX3FnV5Erfa0eYXQ0da8XbUxTEgQPfQTFoDOcK
2021-02-24T20:38:22.980582139Z 760 OEGkKEr545tO8s1ZCwSuRX6A05B81jxbMIbskUIC614vXpTidIRv7Z2KljaF
2021-02-24T20:38:22.991735096Z 761 zh10HBFEBe7Abd9oG3qhHiHXD74i2ewRf5SarwQtK7RSRZOZgMp2X9qgG9R4
2021-02-24T20:38:23.002489728Z 762 X49GmR0ZHqFST7AlN3iADleFzeCcRuqG8K4jcO8VUgLLSbbhOGYCbGytK9F7
2021-02-24T20:38:23.013909975Z 763 Rx8o77QYYin5ZUguiDbkNPC4K67xq7iudqmgHsZtA5nKEPhxQK49OAMpHxwC
2021-02-24T20:38:23.024793186Z 764 2iYibbfxjmgAVuiiHpylz4AL5VwJAZD7GJYtGRSVYwNRNL1G4z7PuZz8OvAx
2021-02-24T20:38:23.035990692Z 765 E2WVaFGriyniulkL6KYPZGrF6DwEkAH5qk5O4Jwko7eH91cKtFZDDJumKNKQ
2021-02-24T20:38:23.047255370Z 766 4XcC6OkWlSsqNvVgSpV6oF7H2gvIVZtdV6J9Tj3MsH3K3OxbaPCsQeWSWqus
2021-02-24T20:38:23.058359499Z 767 7b595djB7jk8Dw1gXwVOVvYpyps6pHpF3Kr7QBxv6SstdbDLXs43U97VFlE0
2021-02-24T20:38:23.069599268Z 768 1qNcTXwesKcenfxSrFnz42uYQsjVYQ9w0xk3KvqCZ6YYSj6sxxQtlfDz7jdw
2021-02-24T20:38:23.081562757Z 769 P2MFokmgx5kxvHpCFnDWp6yBd6wTRG3mB0yJrQyE4NhHS2BO6bUwwr71QDlB
2021-02-24T20:38:23.092561572Z 770 EF2XKgfxIM0SL9u9DoNExge4ijVa3P1Izkw1JS8p08ZDnfdjpPPK8mbcxG6D
2021-02-24T20:38:23.104622493Z 771 k7NLSjsQZ6PRDgEjmvmYClzdwqC55u9M9BGvw1GLvJsLHgOYAUH4SNufWZDv
2021-02-24T20:38:23.115193467Z 772 EaPrTnQANXR4JrrqP6qGd2UHgYt8Pw2yx6zemlLVzlvFmH8hQV0Rlh5ppOKb
2021-02-24T20:38:23.126049156Z 773 cw3VS1oAFEuDx5CTLEFNoIsJfKSB39URiALDJaJloXoy9rsz5N6m4DfJSR7x
2021-02-24T20:38:23.137169236Z 774 SRB62cA0Xx4Gxzsz38ALb6rJvlo76BLq787MGyrVQ1GdhNOUAhNzjG57VTIW
2021-02-24T20:38:23.148098841Z 775 W1q5OjqeclzYuM41sy3LA6nOBPbbxkuMoUvXFmfTWfcEchb01PenuDGbz1Dw
2021-02-24T20:38:23.158983750Z 776 7aeVpYckziyRnI7fhyUuU36EiCwHL5FhDbay4kYVnK3EquxW0qi2iMi9tLo9
2021-02-24T20:38:23.170250471Z 777 pzagl1EszBkNigKo4zYRSD4K90XxyiAxy22Ys7ZyGfTe5tF4iKkPTBEWD2Dh
2021-02-24T20:38:23.181593409Z 778 XrNvdxw3lF3IiwU4JaFi0GHrtEccUGCO8g64kfAkEkF6HKSuFRKu1HrDWq1p
2021-02-24T20:38:23.192837980Z 779 YcjMai8ONMbThOsrJYPX3CBkmY9i5uexi60WEZANMn3nqWBAJx9NLF7Pmr3P
2021-02-24T20:38:23.204501680Z 780 4yOkhUlDnMA808uxYBILECTzkeKzqQ9fkmXScT15mrLV2BJ0FaIhCdc7mUdv
2021-02-24T20:38:23.215617514Z 781 Yo9esKWPhf2axsm07XR5SqBpobHacNeRF15vqwptZcs3x8tIcYeCeLD37YJw
2021-02-24T20:38:23.226702795Z 782 MTb1iTVlxY5e4fLdhyD9kCzR9QiWoY9xCOwHauJ1fVx7efLIcHj0atoZ3ZVB
2021-02-24T20:38:23.237690750Z 783 nCa41v8ua5ZZe72pJidWmDrML2HXlV0lBR6EW9y9ekSuhq5V9xcUY27d4QVi
2021-02-24T20:38:23.248000199Z 784 ivYEVB5yilmhYpWgenCPF2Mfw7DaIQvxvYwoTrlWgbYxfm8pCxmO0QU03U0G
2021-02-24T20:38:23.259460797Z 785 Xv0QE42Vva48O8IEm3V38HsJRzzkzKRis7ZpUYV2fu0eXNqCZ2cCnmGeTiC7
2021-02-24T20:38:23.270979362Z 786 macBkwIdnOf3uuXH6PLVUmWJdGFgLpIOay5YSSdXSovqRMIvNUzUy0q5IWeW
2021-02-24T20:38:23.282288524Z 787 oZ2hB480jimKi6uCTrn0vSDcLf72l6vv2OTAyeZav9mYeiLllLpfMDMwpyMf
2021-02-24T20:38:23.293376874Z 788 qVMOcAgRTpk4PPmU7g3AjKnHTlFX8kQ8JMpsewjoiBgEDpn9iCyrba367GZL
2021-02-24T20:38:23.304548820Z 789 PKN3KzXmNqw7hRlyoYARvHwQb4iKUamzXj3SFPgNi6iwkmjJrXgfzEaRCeCy
2021-02-24T20:38:23.315050045Z 790 V6AW70Ie2euxv3Yld39sSorWXgYZeHqiYjPf1yOyZF8bebCkwIJIle1QE25W
2021-02-24T20:38:23.326481782Z 791 zyHp3Xvn4H9T5ljTFhxh24NGJAQKXBAuTQBJf7s84TbiKqyJrEy1XfrJcfQY
2021-02-24T20:38:23.337602796Z 792 wzK5IkDGShF710g1CGMANGuvB2T1yRquzsYNHVPqSbtduXzWx78ZDVeDXk6R
2021-02-24T20:38:23.348168204Z 793 KdKE9fe5DWBS7eZ1hHKbrYYoYtLn1qSdXJqJfoUgyHs9sZZhEDPxnAGTMaPm
2021-02-24T20:38:23.359529434Z 794 ZS6LeApNisjgyCp6PZjHovLRyeB9ka4dajOFaUcJjmtyXSpZt6zcVLtmcKTH
2021-02-24T20:38:23.369935082Z 795 7Z69ouQ2uSRUSUA76pIfm2zn83gCmxzQad22qtJFEEL182nyFe38ZihUeuNP
2021-02-24T20:38:23.381145928Z 796 l282HLYwtD5vxC3ppEy9kbqacs19sNuUD2m2BhoM7EdaLKRSaJEVBlx6cxn2
2021-02-24T20:38:23.392561518Z 797 eCoFfyXD2JWrfYQLzfSJrvsvi5R6TGs8veqWrQ82g71VnPE9W7ottWo9nhnL
2021-02-24T20:38:23.403007238Z 798 sPMxKU1sZHTMm8kYjKOimLcdKCF5Ij46tlcae6iWHdfMEkLfv2N1kUhPVsbD
2021-02-24T20:38:23.416627548Z 799 tkBdO3DiwSrjNPm9zXtOX8fFGcbzAfdyUBpoFLTeOHxTfaIt98qCPCacQtXe
2021-02-24T20:38:23.426747949Z 800 g7UwU6u8N1kEmmUVQUXMrxnWMZTpZWzu9rDUPLfH3XihfV8LlTAGuOtDaCEa
2021-02-24T20:38:23.438244215Z 801 NSd15SbscaoEBb8fH9l8EoZqPNwqUuDt488JVOON1j8mVlrz64Mw8RRWoICF
2021-02-24T20:38:23.449485603Z 802 MAKRI0PC6RCCdHf8Zw0M8P2ITBMW1N5E65m4wH6562rGI2UD3f4ec0jrb8aL
2021-02-24T20:38:23.459945850Z 803 VAGozNQrVljVwI6l5NoFEgMMV7iGOvSjEgQ0jUWEHvvRbOVKewi6D3AmuGfw
2021-02-24T20:38:23.471497832Z 804 VIUkPudnXnIV13hXO4mzfx83BLaSTG9MYFnV9XCgE4xuVkJ646hnCAkKYsol
2021-02-24T20:38:23.482129056Z 805 k8sj3KuOQbQBrpCpH8K7exk8HPl0QzQFBM75pVWggVBzVclyi8L8ZBMNfcdY
2021-02-24T20:38:23.492856884Z 806 02ChgzebD3ULAnPlMWVLBDlddtI6jjJwMeh74ObYogJCnbhOboiPEKhUPQ0u
2021-02-24T20:38:23.504880242Z 807 CXXISjjcirynmZf6EqTZGRWITXBDvkKXWaJN4FiMfMdf8Vj4pky7x8mXADbH
2021-02-24T20:38:23.516505227Z 808 4esXCOiRnXMYb9qoqDcjmTmEQecNWs7QcxMzQRfTUwqW5tRybRQnU7VhEOZJ
2021-02-24T20:38:23.527810013Z 809 eCoAHWynYMv7rUUyLK9274STyAWl2Y95TTe7EYDqq1QtD7viWTybVPVEvCDC
2021-02-24T20:38:23.539331990Z 810 iEDwSeVnT7cgtqUNQNlv1QM0xxTqPUTRX9ORiLRjGyNUmc2ZXNnjkEZTcxpv
2021-02-24T20:38:23.550537818Z 811 Nkxp3antw1MSPVPbKAAKV4GruZRG83BnA9WCbIa46ypRO1MC1YE3uUwT1XxV
2021-02-24T20:38:23.561051794Z 812 XOOJs25ruaQ9zj8iwLz4jbIYMReIivbo9JD0dUEDwDcK60goLbzs0KV2V7MW
2021-02-24T20:38:23.572491255Z 813 OlCbJOi1r5FKija5ZH4S72Zr9GGqsqyvIOaJ7Gkj60q7K3m96np8EuvKHpKJ
2021-02-24T20:38:23.583532271Z 814 HXLOIrzFSG9DQO87HBuWmMYamG29ET1IscCMGTyqGcoXw50Y41FAwfqilXit
2021-02-24T20:38:23.594768216Z 815 EzwOdmVrEawKWwn8w7lIZnkqfL8NV0tq1vGdJxnhjop6pb7gWRZNlpW9qUFe
2021-02-24T20:38:23.605966860Z 816 W2jCIvQRdJNaQgmS9EglDLOkFVIjsu59tuu411Y6W3dGyQb3xFHYLZBhwgy3
2021-02-24T20:38:23.617378960Z 817 XNhcAUHR1ZKUgakFxRUaThpDK7PwAgStjN7a85Uiz1AgwQq3OJnTSuy06OQW
2021-02-24T20:38:23.628455234Z 818 tTaCzIcRxXI7O54FmiKdfv8hweLLJulHqMtMm0lxovHXlvT03VoxJAhIyJpv
2021-02-24T20:38:23.639367408Z 819 ZTsCeUbEbiSdVOLw947meF2u2EpC6NZ5KzktpX1VYxkiiF4AyOYlSknbxQPG
2021-02-24T20:38:23.650604075Z 820 I4EhL0DatcweN3h2brMFtlwMExYo3MBIAxMca1iH9jlR7lfQb18a73O4oVtb
2021-02-24T20:38:23.662056033Z 821 6fnkANjfjGWJcqxCTq4tcxVnbYGNU500cf75qhJrnnhdpVLzRq2ddz3j34OL
2021-02-24T20:38:23.673487035Z 822 9DZCg06lYWyFHsS67PsVe6jgwOrVGm6feRWtX95irn4GCwwj7opmnTeEmKAa
2021-02-24T20:38:23.684874649Z 823 5K7ybJcQOr56rNax2YDKfSabERfIgWfz5LeMFrcoqUqNkfVCRka6UkQhQDy7
2021-02-24T20:38:23.696124901Z 824 kpxZvHvJw0UVUFRLfUmCoxZgWgdTrIdQ71ossuZWiykYJkpj9cPj2WhYdO0H
2021-02-24T20:38:23.707966656Z 825 6a11YdZBwLpEsZmotodA6yO0rFZXk3UUgsv6GPXi0j58bagPyT6k84SN7RQF
2021-02-24T20:38:23.719085266Z 826 1xvfBw3k5wHJKm0ICEEuaw1pYCCrnNnE6kc9T0pPqCJPBGMk5Ev4iFnmsjk1
2021-02-24T20:38:23.730564341Z 827 Z03yJPkTNe0xn0wQ0teChp83LZZbn3vW2YJ30Censt7Rdzi7YD2iYco7jptL
2021-02-24T20:38:23.740953539Z 828 7ukFgFhxPKiXHPj4BbzYomSGdlod7LowEBjHJSjIrgotTvoFERcdkoXtdG8r
2021-02-24T20:38:23.752281852Z 829 wUQdZmdeXduBOw0rXPqqcGWtuc4GMLToPTR0g42isLbR1lzCUTVAZtlPgt3d
2021-02-24T20:38:23.763455289Z 830 8MlVe6rqNlsJUjb3Ln02hXJwuW9nwPoGHd8dVxVKOcU6BgymzVV18zV7DtoO
2021-02-24T20:38:23.773960854Z 831 VSO4BPeVAwPcdLG7Ix65odHeU6Tpay50K07EiobkoBA3qH7Zbl8n5NLN1Oxc
2021-02-24T20:38:23.785282324Z 832 YJqrSebMGgs7HUv6zfhGxKwYwZyaUWwdg184OcBsrALHti67o2ckAgvNBP6Y
2021-02-24T20:38:23.796130987Z 833 CJAWXb475jdUldHQVqvTn03KkJrUbfNzX5cFE7w0pOJqqFxkGqtmE8WBsyZB
2021-02-24T20:38:23.807456512Z 834 iqT6im8i9FJu5FX5aP4S1NKZmBNYFWALWUvujnhwa6KyFBOjMB13YeWopuwI
2021-02-24T20:38:23.818768315Z 835 351gxji2bIPfNo9KqjyTmEh6HYmkGKXTpV1vGtIoDMYqTrINnMEDJQnsxHD7
2021-02-24T20:38:23.829969544Z 836 7O1gvgsyi7wxgWjwkk0PxIPoi1PAiGrChxjUz408IGr6ZrpvgHHyvp3rmRnL
2021-02-24T20:38:23.841038760Z 837 kE7ugYIiempMfOG1y3ojcGmox8fC8nsmHxbpjDGtYMhl3MWgf30OtVVFHvd1
2021-02-24T20:38:23.852482825Z 838 U2muSWjc5GG6s0NShzWV31EKlf8wBZS2Mrz7GldtM43wUpMV5EiL4gG0iEXM
2021-02-24T20:38:23.864839453Z 839 IDU3E1qOKdXGf1gmQ5CmeJ6FsPWmVxWOb228ZzKFGeIq8ECg9D3FQSAqzDeR
2021-02-24T20:38:23.876393176Z 840 cVlUhTRK7am0jmrRKjrwiLUaQoPBOeNz1uyJGrscwiXsgwfkHNIdpSAWG2NI
2021-02-24T20:38:23.887405726Z 841 TKtHKOXk22ZCglPjf9vt273UVhHGurJStMkZyXr1FY8t0L4xdL0EhHCvQZJL
2021-02-24T20:38:23.898016515Z 842 mmN9hTRxeCvGlP9sM7a2ls81RapbA2RiRI8ITybYXBBAKLXaGmDWLKWlOb5K
2021-02-24T20:38:23.909313632Z 843 XaQmjYgDncR4CEWBdwSUTl7DWcqK7mJdhquDufAyZe8uqol7PqgNdDUEYg8d
2021-02-24T20:38:23.920258364Z 844 Uyq4O3aclKwr8zE9waX9E04KQHyw5ApgUIplU9yqqjXUDWtHQC8u2WXZJSJc
2021-02-24T20:38:23.931266561Z 845 ZYZMH16hOMMo1zEHNQaYYqLPkRbXwwzA2U6GqRQepuYLEOjELkEavmXjgNFx
2021-02-24T20:38:23.942565081Z 846 0BrUaNbzQgDhJVi73lGHtZgs5MzwzMTRMYrYR7pM11bmRCezUIrmUuQJraoY
2021-02-24T20:38:23.953189962Z 847 XSPGLt7AQDWdXWX7aKgnSRZLKLjnwK7eEadulzMCUE29zbJ9rlqzLIpHZXFP
2021-02-24T20:38:23.964662355Z 848 7Oedoat13gsN2M3S4Z0TANvWULUJmao9O1RZltTxu3JIDqPNDEe5OfMREHLL
2021-02-24T20:38:23.976754730Z 849 Ayg2w0POECH4LpxCuneaWvcpdrxCkC93CBPgL0j7Xchnv4lcfWp3O1UKD5X1
2021-02-24T20:38:23.988729295Z 850 p2z9UJGEpcF4BykXSyY2RJnkPXWclyF8A7Gbdfc9jLzwesFNSXnnikkk0VGS
2021-02-24T20:38:24.000229062Z 851 eI6plhDrK7R4zKiIUAPuclWwFYDYreDRYiDtbj96mKZYPZP9oNUzfIAb88Fk
2021-02-24T20:38:24.011911370Z 852 gDibOjmLnM0qAXCwt6NMK60XOkSl7o3CaxibHDhPwk4Vy8U52FvbPQ4OU6Xl
2021-02-24T20:38:24.023667927Z 853 2qAZqxwcf2f9Zdj7pI3CrNBDAIevuUmlpBxIw9RX98iNYDOifOwFy7UqcP8r
2021-02-24T20:38:24.037619785Z 854 tq2XDACmsl4WPb6trAWGGq1up3En1L0RkOaUHmTPgzxN4SCdNktoAqvzWIq0
2021-02-24T20:38:24.048421628Z 855 dY5AEW7LhMKzClS2Ub5EAxJV5OIxapYRkyrkYltLV5IMr24fQmzupDxSwRvV
2021-02-24T20:38:24.059721077Z 856 ZtmxLq9UQcovP8OqgdhhPuuzFAuyuHusTrAfzA4G0VR7A8DjnSdJBVsOUQzQ
2021-02-24T20:38:24.070950126Z 857 sniNYqh9YqIqPg325avsg7WXB4ysvkQUPAnwQDucUOWrkFMOux2XwMzb1Mus
2021-02-24T20:38:24.082561335Z 858 V33BU4V5eQGmoHvFNsKZWSC7cu7jg6hlaEMT5wmoUbwF2xBztsJzy5XCyLe1
2021-02-24T20:38:24.093419833Z 859 U0UpPBHakOdafF356kSSlVPQpfHC2JMGfYMPubsdhJ9B8C82OYJ7slwWkbch
2021-02-24T20:38:24.105041851Z 860 evsL5oKSStN51ILjw6q7e4BhO82uz9hzfufJ0vc3q7ZBfmViYnsz7hmHYT8Z
2021-02-24T20:38:24.115912169Z 861 BiIYOY4nUKd3JniLPHwR3VOh8sHuR7WpjlOvLKhLCbWrQlrtuM5Cfg3IYd5q
2021-02-24T20:38:24.127334578Z 862 hJi7GX3MuPdl6euUdBmOeNEAMYaT3o0zOjVohA6k4GLrEWGxWEk83PYJWpff
2021-02-24T20:38:24.138839464Z 863 cBY9Le5qnLikE99hiYkZz10cQqHRj6aXDGjuFxQi9XKRV8GWWYakigKGxBwA
2021-02-24T20:38:24.150754664Z 864 Yhkmb0VwQVkmrQPAFo5dFeRjkYAeKK0zn0cI8XqWnXeUblC9MA6ppwXn5UBK
2021-02-24T20:38:24.161272297Z 865 TvbA9rIUAw946U8sAGqU1fJn4IW7G4WhvMScKowJ51YyvulCuR3Gykn62ylS
2021-02-24T20:38:24.172892486Z 866 KHPitRir7VyYdISCJHGkMceAkt0wPGJbtXfxpVTtKp06xC3OVwgtSr6S5K1n
2021-02-24T20:38:24.184665308Z 867 7QMEt6kFnlQBujnu2LhPSKshybPaqmRDdR6UwoO9jtarIJaRDjb8HjwtCoSn
2021-02-24T20:38:24.196346362Z 868 5ZBvOq1Mu83OXn9gEd6uzRWGmnUAvwKyjpaaspT2368GNjDfeJGCB9pLkzn9
2021-02-24T20:38:24.207297055Z 869 z9DKEUqj20uh6hXhkyWCkBrTNNG9CB6tHmyyrwd4ti7Xk4gnzYymkI9bMSQc
2021-02-24T20:38:24.218321243Z 870 K0X3XXQEsYjA08jbJCdMfIpipnbnMWXXTEiwiNiyV4fWlqdVlC6IUj7lyJ32
2021-02-24T20:38:24.229572718Z 871 7hTXaOHRxdP3INu9EQwvSD1FEjnpzHejlijmcOCwuRimZ4QaATmnA2sLM1AY
2021-02-24T20:38:24.240226429Z 872 pdNaO3wAZpspcd8d5nEfzgq8qfWsfFdo7vTxoSuo1DD3TFv4auXViuRhr6Cu
2021-02-24T20:38:24.251098459Z 873 iALsyF8AvQo6E39omQmFVIayYnACObgKAsUGa62nVEBB2Yz0oRxDyS2FgF1t
2021-02-24T20:38:24.263210240Z 874 AGtcd4sfzp6IT0Q3bbRMvA1RPxV3Ae2kFNZTvhsCJukSppI8zUtRnI2U9WeT
2021-02-24T20:38:24.274541190Z 875 mBNOXYhsv73asTeoSxYtn1xiqT7Gwm3VOVC52rVo8NFk4rtEiDuhu3ThwgzJ
2021-02-24T20:38:24.285642399Z 876 nkt6tyWlbXkFQbOasrmti94Sc9888bbGhw0ra7OKKWHjOLbhmDrhMsHe2b9a
2021-02-24T20:38:24.296078812Z 877 WfUQ9X043nJbKoEZHtsCp2ENmMioB1flj7spYjUwOYacH7Rg2kIQhgF7iRpM
2021-02-24T20:38:24.307703614Z 878 xuOj4rQhz16pJzADazVVym2ysQ4fHvO0gvO9sdVGqzbZ5HI9s5aBGfYHx6n1
2021-02-24T20:38:24.319558059Z 879 AoJq0Dp0iVQtG99alNtVaCqIVDJXsiTuDV64bo9PNSRYWlsOGDkfBz6kRm6I
2021-02-24T20:38:24.331081624Z 880 da146Xh3fZQEbpHopDSAdXFDiTq3RU8p5Q0Nu054dtJa5JMHtYOZLgU9xCCu
2021-02-24T20:38:24.342242986Z 881 D9czAnbv5At25JN54JRwJMyipEB6VhWUrnpVwMjj961uqgpRTZOqoRalNajJ
2021-02-24T20:38:24.353377836Z 882 YZeHKB0CHCGbECK21uIXOyp5zpZbL9mIKq5n8mnwQg7VyPS9AdJGCckjX2oA
2021-02-24T20:38:24.364064549Z 883 PhqiAo2iqmrzndl1pF1gx708d2zCdOamF4IDPbvK4eaFydhLeiAPlRxAYFcV
2021-02-24T20:38:24.375035342Z 884 7FsZaXVwXP3mjxpvMpBKwi8daTUjTBNXijXPQZpSBD5PY2Wdd0VJIA3gKkj9
2021-02-24T20:38:24.386825385Z 885 XmWkcc1r4G9EYGn6GcemdtuyXyuVnusR5lLoLMLmeHrkyBEpYimPBOlm83B5
2021-02-24T20:38:24.398845997Z 886 VRNbovrWM2A95yXm3RkmZRV2qivIU32pzEwtMVVjpP0ntAzG3qXafPq6v5DV
2021-02-24T20:38:24.410314437Z 887 W9iPK6nzKj5fcSCm2pAxcdKaAgjFkwW4rQWtX6X0EMEcwaT3b1WGZPCv5u41
2021-02-24T20:38:24.421032560Z 888 8HQTyeF2okMym44FWROKBROmoPs3nwoiK7Xx9VYALt00qmv9eHaI2kBftZ3y
2021-02-24T20:38:24.432537060Z 889 gKLhrTgkdVcc6ShTM6DrMsyDgaXijEmJFCH102SwLpr9CkEUk0rOzIQZxjg3
2021-02-24T20:38:24.444709947Z 890 vnvhBQDACnfuEQUyVvrmwmsIBz0NzTQ23ILUOhud5neleX0McEkQNlieB4Vs
2021-02-24T20:38:24.456070137Z 891 rRu0J1AQI91DdrW7KJ66XJTNGDNmCsFeALcfxAyaJSELUV6rcJpPXjAoVtMp
2021-02-24T20:38:24.467238989Z 892 zkOPJuiR4bW9SmJDOLJO5cHITWCcKiyDZW1T0eNUuNNgyI012XugcT6ZBdBX
2021-02-24T20:38:24.478473005Z 893 avhnczutedex0vubfP4cm9iZ36tB8N2mGQPG5wHSLcQWhEWZXe9SUr7gyf8Q
2021-02-24T20:38:24.489039264Z 894 68S2lLCijxEzjftIaKPw9ynDzcHQ6eaG5xEy1BU2h05UNL52KijbMwYbUhU3
2021-02-24T20:38:24.500622186Z 895 2uiHYBMMUIWetvt2UkV8dpEy9TDmJTPsCqK71e9HwbBJiU1SFMHCa3Xe2DDm
2021-02-24T20:38:24.511500983Z 896 hkZoZkPWlC6bIyKdhIzw8MMqU2DM5yDFCQ8Z2ARI25cSag7ZIwLq7jknoz1M
2021-02-24T20:38:24.522170218Z 897 XxXN9QbzbRRq7luwPFfkujAUNSCJVXqTUpAsVnvQ42aCTVTcgvUka0uZEY9f
2021-02-24T20:38:24.533614358Z 898 3nCfOx6QodgKG6Zax1HtpN3VuWi5zhG5rJTj0snFSael3rcmCOUk9Xk2si1o
2021-02-24T20:38:24.545918741Z 899 EisiNqdKcE3my9zmXk8HcZYzduUdz9UCm4mxJoYhtEob3bzqaSn6uGz4MoE2
2021-02-24T20:38:24.557582524Z 900 mNFJOkknnpM1aP6gTryylGxRpCJv7SYbsvVCcs0Ds30T0n9ONipdKhJuGOPa
2021-02-24T20:38:24.568638122Z 901 Ay9aiy9l6W3IxkbcVhzC2AsT29jtwMvRDJIUA6RbGUrC2luuCMbWWBC8Sd2M
2021-02-24T20:38:24.579176645Z 902 pqggWbDtAIHyx62SQydrBi1EodqDavZ8h2gMKaTRAyWHJCYFG30C8s1BFjCN
2021-02-24T20:38:24.590586527Z 903 iSzO2ywM2NOVVBkei84IwUiwa2HSqVIHExEjuhg4NmiM6ikkkwqxh8jKLzAV
2021-02-24T20:38:24.601745792Z 904 EMmHuI5QtTevGqP5nzr8NC4u7ZewV7y9aDNA9XxIiKi9cztid79b4XEMZX4A
2021-02-24T20:38:24.613367643Z 905 Oc5Qs5QtThwwVnzphV6AtJuQQNYadUNvrVjCh7slOiTSady4HMkTNiisEjV0
2021-02-24T20:38:24.624736385Z 906 YjfcUogC4R0fjX7wwhre9vkX4OFZCJ1kbiKXTwXIJeV82PIgIErHHcciXq99
2021-02-24T20:38:24.635876579Z 907 W3YN5O060YVxc7P1YAvbhfQtUn7df5Q7WhUQAyqt1nb0l1H2x0RSViT6N0Mw
2021-02-24T20:38:24.647874264Z 908 VgiyaJjcepBl4afty6ZJcFtcbxczC7lYRfifxVNPP9O1FxVstgPh3NOhaiMo
2021-02-24T20:38:24.658936805Z 909 nc71bsRWLqrlzyHoCAwnBbrL6EwHXRxE2xtX8HyGeG2wblEF7GvtdqBUgC4X
2021-02-24T20:38:24.670481040Z 910 ja1H4FGuDyDfgGgq0ZaXX3yclebQYXpViNSmStuFZZtv4irXMzrYAx4ox881
2021-02-24T20:38:24.681315326Z 911 Y56LoNWJH1ZhPcUtZb13mTtEer4iq0rtRNTyBQsrrOPSMrMBQKwf3We3bO0S
2021-02-24T20:38:24.692547602Z 912 xKDEpHBGigSO6uHKxRS8qfXIvQ5Y62ZwW8PaecLSS1furnAuEeQxf7w8nsGF
2021-02-24T20:38:24.703193314Z 913 JX2qMs30b7Fz6jTtIF8ULXhEoqIRawvQVOv4aPGaIFI36xOAjfCvnGispOJE
2021-02-24T20:38:24.715145177Z 914 5EeES53DxN6p2xLqTDBbMLhE03ZLC14Iyb6i7OaY0MmY2kZjEOg5ggmpfoB0
2021-02-24T20:38:24.726492171Z 915 eswPSFM0YHA8phHZYpkXGMYwp5yxUF7PE6QhuGInzWuEzRlwH6qhA6uDPJLG
2021-02-24T20:38:24.737009132Z 916 GetOK1iqzKYD7O4i153PCDWpYMKiIulte2rEYJ0dOmCLd14wJq2nBvOEfqgO
2021-02-24T20:38:24.748430898Z 917 PRYKiOYAtsXLjFXuDNd7cGNq0i8shHncNQWa8IODxNevkaPDFqG1zUTSxYxt
2021-02-24T20:38:24.759993123Z 918 4jD08Ru0h0YBr7a6KBVs4gKTZrcf50n6Od4hkcq5989ISnQVz2Gpg1lJb5im
2021-02-24T20:38:24.771696450Z 919 bTjEJlmlrPACatbRAUyP6KW0Q5uhiY2LtLKyS73mDeFq0Li1nLoVCsPVcRwu
2021-02-24T20:38:24.782807427Z 920 1NLOx5XH3b8YrgZjEFDgXIBrXYAZDP9orxBFY7UmkwPdmIySKiBPv9e9fkRz
2021-02-24T20:38:24.794186578Z 921 wUL9Tv4hfiXCVNFC7ASXHVON9ILHBLtlLjrqQfIj8sArHupEMPnTKJYGEY80
2021-02-24T20:38:24.805470649Z 922 taK0PuNzybMEe73AKJkkWZfGEMx3ub8BUTwAdZIXh5mSLuWPN9yeV4chAZBj
2021-02-24T20:38:24.816486231Z 923 Rl5OH5W6pCa0PFsxdyR6DwldWmi8NJTKaD2yLCMWtKEXbwj42Nj0BEmlO0M3
2021-02-24T20:38:24.827743117Z 924 k27a3uzXy0rWGuJcSN0BJ3LY9Faddi2ftrXt14pUxR69zssO1YKwJGmsmloT
2021-02-24T20:38:24.838140467Z 925 nFNJjd9U95T25XexRLW31MCj5R0G38jnRkWJcqopSGmGlOColl6s8YtqxCm6
2021-02-24T20:38:24.849797487Z 926 lA8LJ61duqEX52vskToWbbQKBaWp9JyW6hLXQ3LZhisHdiqU9z1zqS0QFY28
2021-02-24T20:38:24.860139193Z 927 nuzcpgzwnhfBmU85kS0z7ajK2GEnIzsRknaFSN59KfGEvjIRM9b3E65yzSpf
2021-02-24T20:38:24.871493449Z 928 hgL8MVoIkwNOUB0Qhi2ChtKGqRkIMnwz2tOccYcPRxN8TM7DQc8iv69UCTyY
2021-02-24T20:38:24.882868596Z 929 EumXPTSkVoIKeQtfKmY2IQyvJOScs1qUSgov2Y27WIJue5nS8ZRhRCGbg23U
2021-02-24T20:38:24.894168924Z 930 uANQjj1bdZkKM5p8z5Sidy4EhVQ8xXVhwyb4zjZKXaNEwx5csMHxUQ60JyT5
2021-02-24T20:38:24.905364615Z 931 o8xgLdOdnJqHg9j3Cv2TcG9HCyLhnDSsCoRDZckpkTDyyHhBZDItwL2bDGJd
2021-02-24T20:38:24.916512420Z 932 fuV81gVYYjwfIViObVKOqy4gV30SqkUXWWpzhicHK4mQnZubbZIfnQWEdMog
2021-02-24T20:38:24.927839025Z 933 jKbf4zicZuZkuxSzpSM9LomdfNEWppjeNpJwLcSVvTwdh142q20U7PwMnGjm
2021-02-24T20:38:24.939577527Z 934 SgXqlcQYlnmKgwJo8rqr1tAWxOGGSAuB5zuaJVfffcKwrrb5zrvyowe6vdIP
2021-02-24T20:38:24.951637894Z 935 oPVYYttNB1Z1ZtnCyNkRA8h4Bbyug5QrstUKMXuTEaaMQCvWypKq838OxcBL
2021-02-24T20:38:24.962975987Z 936 Z6hH53FOE35UovJlVPI7E26IuNsW4nfBO0rIslfAXaIrMw9o6JgmrKieftqX
2021-02-24T20:38:24.974641679Z 937 HtxIVJAyOSuitAG3qOmoMeWIt89epnhUiJV8EiecJ6HrpAYXiKFZlVaORUUu
2021-02-24T20:38:24.986185600Z 938 PYR1Z7bsFgPFoRwBhSUMRHVftJW5LybEXiaqBx85klmEQkKioN6234uV4FVf
2021-02-24T20:38:24.998007020Z 939 KV7OXkebklARkfItTrJPBOl6m6Ny2adtxwxcjGRCR4tzzqKLPZHQhwenI0VI
2021-02-24T20:38:25.009602076Z 940 GzTzWfHZ4ASOiDYqAm29GJDEyBzBqc4E3JUCUkYesyrOPkzWVgRuxh5DIKKc
2021-02-24T20:38:25.021841587Z 941 8mtD7AiI1f3HGXgF58mhdnTIHD0UbP3qmksf1gJN7wKTXfFqmnIPN6FIYgnD
2021-02-24T20:38:25.033218079Z 942 FqjBsLFpVYrLU6Lt1vvUTpHdoH8GTB3CfjMxGCPS5ZNfQeQSrlixmRvUOhCm
2021-02-24T20:38:25.044634590Z 943 Qx1iXvEVj5LunWx0NnuhPv44L3PY4fopk1Zp2zE6x0icew0Kyij4yzXRDcZT
2021-02-24T20:38:25.055417305Z 944 lj5g4No05wK7ekHnHxNEBiIgwg0qd488NdQlNmZgxDWzX1k0uILVHsLjPeAn
2021-02-24T20:38:25.066085625Z 945 Hw5Ul3bQIKs8EjYIkP29cknkYP69JC2yPyueKAsXCUkpUpxQxQaFJ1Jcymp8
2021-02-24T20:38:25.077716547Z 946 DRL891GiMIIeuy36kY4f27bCZBxpUUvdfaFiz3kcGlP7c61jTj2EUOSqaaDx
2021-02-24T20:38:25.089114964Z 947 k72zzUwMrziOriYAUNuXng67mqvGQy5TwoClMzyhmfEIsDWEF0X7TysvI2Vl
2021-02-24T20:38:25.100553051Z 948 3KUjYqP612EUa7SSiXsJ0IW2vNkz9N42AumGyRbYLh2vLuNJGonGKcQ0yDLE
2021-02-24T20:38:25.111810218Z 949 SP3xPXnvwnL0RB3jDxUSMc8lp7e2RES6zpqGXguUma20wpNhK092X24qXyPl
2021-02-24T20:38:25.123226144Z 950 NkOGULf6hLuCDmXTTNLt4dRdAzSSamoLgafRuSVSPFus5eg6xda6qowWgyNr
2021-02-24T20:38:25.134510677Z 951 JaoQYOixyzbj6invtjnhlclC826fernPi3LGXfz7lKjtDXo4TsHrL6zWB7sI
2021-02-24T20:38:25.145006623Z 952 mmL3h9plx8ZOs5CABmPvlmQLL1L6SO6jjb3ej8lsmXINIDUNlFYSwU3TMaU3
2021-02-24T20:38:25.156180624Z 953 nZj0ZkphEkz6tJnb3b1zG6fv1nsjiw591ZfAOZAZNM9qeDqiTRHfJyiZfeHv
2021-02-24T20:38:25.167574585Z 954 Q1vqGb4g6ZCcVipqK7dKWvvbsSYcRU4Jd6mcwRfXdlDCobBn8wrkPw8pX9Jq
2021-02-24T20:38:25.180042599Z 955 qyWVYcZ99RmHvReW0lvc2baJ7YwUHTKSJoIAshEtriD1oPVKJarnLapYoaAI
2021-02-24T20:38:25.191097947Z 956 UmD9CktjLiZ5twzBLHwCClIKq0ekQNiyTFlis09ndpe72oWEwIJGIttsxkOT
2021-02-24T20:38:25.202383418Z 957 H7t8USGUnFDfj4aWz2pjBwMPZm3AVpDonhIDPNM0oztFtupqXKbDw2rkC0i7
2021-02-24T20:38:25.213543236Z 958 fuySOBftvMlMP6ho1za0w0NxmgQT73LhvhWO7nXglZEs2zlArGnXHzHa0HX7
2021-02-24T20:38:25.224482133Z 959 ydObXIjTt5DOh2XUQFpPOd8TiNQEYM0YPP87qOD2c8k40gT7fyuQ7zehlQDC
2021-02-24T20:38:25.235201902Z 960 vaSVxNUgJNXBXEDrOUgWNbDEUYhYNROppcEY99tRbFQd7VMgBUn8fZDnW6np
2021-02-24T20:38:25.246633816Z 961 ga3yR7JQ5Aweq3DGSRQLwiNQ6mxkRMgFomwVmk2kos6htnm9VIjzvXH5k1n2
2021-02-24T20:38:25.257940593Z 962 yf7h1wcUhcKY6Y5cK2jtyb3XZdgUfTJ77d6ZF6FOv0ntMrr4BoE8qZ3v2IxX
2021-02-24T20:38:25.270726673Z 963 mlZT6LX3bVK1TetpkiN3rPRsODmDuKZe0SRFGFqb6Rk82mUVDpfCCUcGdsW0
2021-02-24T20:38:25.282035367Z 964 W4DMfyjHwdOBvFYsYtzjydOsD7DHMyL2UvtWobgbQ6CSS8ATDMDopwD73jqG
2021-02-24T20:38:25.293325678Z 965 thCcFhgJyhm03q9peGpQicFiXSeWoazFzUOukXfhYhF4gUZz3M9gFhlFGpws
2021-02-24T20:38:25.304833818Z 966 gVqmiV4UfwBA3nreXAHU3dOiiMfCL5PMEIMyscAaORI2Yhdn8swvt9ejtnxF
2021-02-24T20:38:25.316998211Z 967 GLRLePQFsI6wj4CVpKGmmlfduboCRWhU5xzNDgAjIXUUIuaBDFzTr1TPZ0tc
2021-02-24T20:38:25.328585115Z 968 Av8FuJG0rtMOxriMS7pKFi9lSc32PyXQMMFxoZ88wqYTbYxKeVOrxAHhJDEw
2021-02-24T20:38:25.340111467Z 969 176raHWnQH0xN1KSr5ykR6h5OEOoEY8DkZjHCPUQoBXvpanxtwBYMyPw3wRI
2021-02-24T20:38:25.351299211Z 970 PY4cIosPIeD54K0Fv34X2ySgX2fEehCpYcg7H9KNDVKNIbSaxM1ICteO1sN4
2021-02-24T20:38:25.362613261Z 971 Nu5ccpxrHTNTrRVtH7f5gfsuYp4DBwfh1guaM5DXM5JbQYgUUf17RzQ9wzo4
2021-02-24T20:38:25.374398022Z 972 4wNypn6hirr09NIXkxbj8FpyJRgbzOvRZJkeWd5zbCswkbZmSp5n0EcqbzlQ
2021-02-24T20:38:25.385716510Z 973 FWh6S7tFMv9foC790TTVK7htB1exGGNkLSTixwTrFJettwELnFq5SPUSGHwY
2021-02-24T20:38:25.397328155Z 974 IucBn2sNLwVBIYendDcOESy3MjKCCV3ymk1OgTVxdSrJrvnbZa6IhSqTptqB
2021-02-24T20:38:25.409640734Z 975 bNZvmJbP5ycOVkEKBhbwxJPmZD8MiB3B5fZjP1Hhd1nAtNCuqUT4mDg6pxIP
2021-02-24T20:38:25.421031475Z 976 6zHk8ADS0NvAYPHjha3NttjjG5EghID39TCZ7ApPPFiN5I5r7I06sQXkdBL2
2021-02-24T20:38:25.432431342Z 977 Hopqlko0CDeK8z4yLPfaWmV6oeZ5JDElQwPSC8CDjxuD5blbkFe3GkjDdMr8
2021-02-24T20:38:25.442990001Z 978 U5bB8Bnw783vRz5bsqtlzcRGXOelkLGjai3UAuwhXoCuIOLDKorxCTvTjFYm
2021-02-24T20:38:25.454509730Z 979 2NmEdweaL8r2LHTrCQFox1I2QEZrjRcFEci9MXsLG0Uj0wwynNkOxoIWgDl9
2021-02-24T20:38:25.466019441Z 980 pMhcwuuDpxjbF1jkAZIvs0j9quwip04Q8xVA3QsK1wCsv1dW7NyGM5DolAtg
2021-02-24T20:38:25.477117707Z 981 8UJWRbdDYaKxKaowzT0vKUVXNzrMXYO1H2mwy7EJrMzh5ENfMLCVQCm8Her6
2021-02-24T20:38:25.488409068Z 982 ksuwCwplorYn9emytPVCiXs7CAJBfOsIKHhW8nRzuU1Ap9O9T9ekzhKiukfD
2021-02-24T20:38:25.499399773Z 983 GG3gij6jE0FBGNqCtnfOM4c2GypSzVr3PM8vq8PbRxMPYJ7oeBehOBtNwbKq
2021-02-24T20:38:25.510606077Z 984 QTuKm8LpZlzFNdeMEnzqr7jkxgpTDrxWwGQpLVOhSdKymMpLvdhzqIuwxg5l
2021-02-24T20:38:25.521306534Z 985 yJcvnEPMY4z3fcds8gyktj1yeoKFSewMN0ba45Kctdn2EtyJaA8eRc2bAKWt
2021-02-24T20:38:25.532486456Z 986 J45bSQa3shxEgR1JnjCY8xiKPs6d1GS1Iwue6JTrW5PnjWyBtdl8NK2PfVAP
2021-02-24T20:38:25.543306464Z 987 TgKhCnv5DKQyY16nRDpz1jfE1RC0EoaPdUfTlzBSVsM1CLL2dzsB40I9QkVU
2021-02-24T20:38:25.554507134Z 988 MIfY956gOsrSwiElzPQBKLJZf2eXwqsLT7cnWOhPnTfphX8LwiI5TZED4VZ4
2021-02-24T20:38:25.565598245Z 989 esNZhb7t10Zvp5vk8rOhuMFX72aoZA26OJspJsqfo1HQDGisf51Sb0e4l1Ev
2021-02-24T20:38:25.576202495Z 990 ELAB6zcqHIQskShEu7rLhlfL0uiaUBpfGCKjBsGoFRpwVzb3El83etMB0z6W
2021-02-24T20:38:25.587385817Z 991 TbF4PzS8iPSx49HqVdQbHRv2F9ZhzIPdJl8Qu8siBfmXl7ZxHGz0973FfrUo
2021-02-24T20:38:25.598239353Z 992 O41RUun8vAqx2765kOmt174tOh4Ov9sYTpo8Cbj8R1lxOipTBNWKVtBgcu2f
2021-02-24T20:38:25.609348487Z 993 EzOsJ4zN0XFn4l2gSdUyb7Z33kE6Dy3HZEX7T7VDyLcep2IdANBitdS5tJzH
2021-02-24T20:38:25.620728783Z 994 lPs0fnAib4SpKI0BJz18EXYWK2AjV9lInSpSjxIJVCuY7HtwlYUWEn9EnIfz
2021-02-24T20:38:25.631279489Z 995 lpCxC30a3oD1wvJjWz1QSU1klqr6BU85RlKzszH8QgYrygdJxQ4uDpiusqDX
2021-02-24T20:38:25.642695292Z 996 UlOxsvCtJyGOUpl7M7mBlRgzdhlGZKW6tazz9UkFEca02yCjjeCBNqBu8QsI
2021-02-24T20:38:25.653170552Z 997 lnV7TG5Ku5uZ2YbTapWhsEZGcV4vq6J2kQJxGVU2A07b6oFnVKbmTt24sByD
2021-02-24T20:38:25.664636994Z 998 P9ROmBcgvppKjmkR3dy1KcuULTs5fMWKwAfqlGJL55H2ujEmckoHX57qtWVJ
2021-02-24T20:38:25.676306609Z 999 Pc8BWh6bz6PwPhVW31IXRjhAkrbfTrmcrMk3plfyOU4E2RiBeAYIMTlSf83U
