2021-02-24T20:38:15.639154210Z 0 pwRe2U5xvgqbs3SyCwrPVJ0JVJuf5So24OVCVdFQ49LFleZYojREAVXz6i6XvY
2021-02-24T20:38:15.650318542Z 1 rHTh8l8X2RjSIWSX6QRehv5p45Klyad0AGjDC13M5DhIvRqQKIr8T7j8aZ2x7b
2021-02-24T20:38:15.661619294Z 2 i26wErJ1UKBOkMGbk5WsSMRNfcaRByj4DlmfxV4YKI9fVW4NoIKbDRJ4oCgK3A
2021-02-24T20:38:15.672957094Z 3 DGYewqCCk5iutidlDbI0XtF8gtFyOVNfnLr2ngzJUXujj99w86YdHJtpaTmlib
2021-02-24T20:38:15.683824780Z 4 nOWWqr5vj3Bx6RHQeGOzZXwxHuMrLCkuHkQcGiIkgmnx6TI9DCiwM12fnJPkxQ
2021-02-24T20:38:15.695496102Z 5 7p2fnQLqvvzw8w3OXvcNmQVsiCYFlvU46g5jN6qMbYM1jzv9gXx2fpDVUl3a9v
2021-02-24T20:38:15.708281866Z 6 NChno1h9x0S7B2ByMzoQfM5p1YRIbunYnfkdejr6HiDdYphYvXp58Rcetl8RFt
2021-02-24T20:38:15.720067626Z 7 CJT5fQhiylZq6POOOciQ09Nn6DtKDJEmkxd0WyWwno2figJPKzDjueJkjDnobw
2021-02-24T20:38:15.731751760Z 8 wFmYLPAeCy4SM5GwFG96YsRwUn0RklQ5FxMCWSFnMJtrum2o2KD5P1QGxY0yIW
2021-02-24T20:38:15.744035469Z 9 dQ0LtxAgl3qM3MeBDW3jjENo8qE4GmpE8L6owgrPiDRCmXq2lbWOM3azsZaCYS
2021-02-24T20:38:15.754742293Z 10 QRiEh6kRcw1lcuqeFdS7Y8Plfd2vZrNyn6530Vc2ZzugoURDX6S1no9FOqzW2
2021-02-24T20:38:15.766995429Z 11 7zOHbHZmW6fgKXjdFzJJtrkQdgXN0aPjSv4M0IECCPYCvrpaANxxhHNRspy6i
2021-02-24T20:38:15.777900732Z 12 0XcdHMweXSP29oEPE0O2In4blOnemKTcwMX3ODSDJZqh9nuAWvwo3v61PXt7t
2021-02-24T20:38:15.789223593Z 13 SRXcDr6wmgefAye1HAKmqNKrY2ygU5p4tZl3kAwbXr6IRWIKmwOSIQVcO88Or
2021-02-24T20:38:15.800876440Z 14 vkDUTWnDVtAhohsAiKpoJ1clRs2MbFUYeovAGz9Mxlh12aC1rblWbFjq1RM7X
2021-02-24T20:38:15.811799998Z 15 A6sQZs02rk75CbRYacEmZYnypvpHjCpvlYWET9xVFlRGInEE7SD3J1DiZdsAG
2021-02-24T20:38:15.823322639Z 16 xDdhft683C1I1xvHpyOO5usqBxQk2hJvHcR0sICWrMJylBDZpVJQW9BiO1Evk
2021-02-24T20:38:15.834977586Z 17 vYYPvz9y2wcOpB7slrF5EkRFWVALy2IeMnOjZL9jtse6jFP5e7RUCVmQuOxSa
2021-02-24T20:38:15.845528881Z 18 xzFqipTUGIPOrrfghYPFvz4mMWeBc3HZotqnz5caqDtA4Xil2ZAWobwVUnb0M
2021-02-24T20:38:15.856431127Z 19 HTZoAykRntZqLOKmzMi86FagOa9mCNIy51wT34URKzR4TQbO8Ox2vFS2ckmGf
2021-02-24T20:38:15.867516990Z 20 O1NTutXVSleAtEP7OMqYWELGFSQv7nN4ZyphXgPiu75aVIuIVgvHnXY8EaflD
2021-02-24T20:38:15.878949692Z 21 GiPfqBUBBBBsqKXu14SnoyxnEKQUHh5LlAxVH55BYQ1NYkwXkJ27EI2QOzhcQ
2021-02-24T20:38:15.890127189Z 22 UyVi1Af9Je1V4wReLLc48kRkrPmnPDHlIj6Uml0lIXyhceQQOFMglcD4UQhbF
2021-02-24T20:38:15.901041004Z 23 WYU9PfSIKIpgUPvNYu0yEovh3ncycUYfxZlIPDzN1nFeg2HbpDishewSYm0AW
2021-02-24T20:38:15.912954727Z 24 lGsMMKBEdlkDawBk1dafhP2CibWAnL7nGgUq9jIHbs3kesbW1DJda73UbdFi3
2021-02-24T20:38:15.924116699Z 25 b4TIKbXTXQE7M7jO2nTTJwgkRTS76UhfLu5jJ4mLB1xRJB6WtEPcveykuDJdj
2021-02-24T20:38:15.935207182Z 26 37rt9HoTetaaiHaW73heanIuoL6NFPjCNDIJlG303Xc5b2GuRjV5OopPULQPY
2021-02-24T20:38:15.946099730Z 27 efwrO5yFnQu8ulqXuywunLf19meLZy77QEENWHVkRogybbfuu6kTKHrkFC2Vi
2021-02-24T20:38:15.957071527Z 28 XDqajUXANm0WYHW82pKznWwfDLCVVkCmdpIdj6LgDjXSuZ4KIeUz33NZm211T
2021-02-24T20:38:15.968392581Z 29 QbDFaaqfcDMWt2UP9cMGfD4YCyq4QWN0Hulw7jQ2l0FbW5qzYpX2SqzwLKnj6
2021-02-24T20:38:15.979720945Z 30 OU5jGWFXDwdVjAQ89ImxgxSkOejhpJpmLWD7rmWbd9ZedgATYzqlSSVjWVcP9
2021-02-24T20:38:15.991101705Z 31 qM7Cx3o96J7zp8prst4w0t9NO43SBwPa7EdC4jq4N5HrYFlHm2lnwB7VBZ92H
2021-02-24T20:38:16.001905862Z 32 y3gpvu11XBQKawAJQ6EQdcEhwg3kPdReoepSSdMFw68O009ChJsGtNOdYrogx
2021-02-24T20:38:16.013251778Z 33 Pbtnqxbc1pL0hMBmJyEo4IRhEplgXCZA1XyPB03J9EoMs0p7UDWLhl99wCLrA
2021-02-24T20:38:16.025257120Z 34 jJKxEn1e0SwOGspzAPv7kuD9fxFPhZN8OBcq5BcecpcKopeYUBm0HxLgaiwcV
2021-02-24T20:38:16.036783042Z 35 j2l1DNDabCKki9n3Mwffktn5yAq20N8ythitBBpfM0aB9KwAQylNkWOaPUIEm
2021-02-24T20:38:16.048179565Z 36 GVZ47DBXDI0GJABJr5XTrFGhm0Kb7M08SFyDBqNf4xLjtWVDVRUmL57fiUwdV
2021-02-24T20:38:16.059038575Z 37 ojm7HYJoVLOVBe12aSalA5IM6GyW2NBV3kWazj0t8duDGTfcNFXpkobrxsyGC
2021-02-24T20:38:16.070092816Z 38 AL6WznyuBB7qequ5CohJOTkAMxvgkJIozYKsnhiSzSsHrg94owq5fBXmMQUMC
2021-02-24T20:38:16.080575039Z 39 y7oQkItYA4Ksu4omn4PYWbvQg2QdohVjf4tLu1B9HbdsSKFGHlnDmbyYxRJcY
2021-02-24T20:38:16.092333232Z 40 PPhNwajnhqzBAGm8KGCoO2uwSlR9BRQLnAShd7jItKg3NpPqWj8ZKnJsz80EC
2021-02-24T20:38:16.103972257Z 41 4kbRYA0tsRDCXKpeMRpH22XVCl6ucCy3GU4F0CPwMVfqRgufdMlbeDtJY2tsu
2021-02-24T20:38:16.115115008Z 42 WxQhgCTMZmpFiXW4GnT4JwCyWsaaohdC1hMwGaLtyLx4Ssv0qsPLqKUIyJ9wm
2021-02-24T20:38:16.126294554Z 43 hiZeTb7LbZaxycw08uwPC9mh6LpO9Gl4Dmo2Moh43fupjNonMlC6krObp2QSx
2021-02-24T20:38:16.137439164Z 44 xuMnCDr5UWaGnBDbxLMSS4yeRTgTOTPmA7W8HTCyq5E3drt26iyO9QYRiYjs8
2021-02-24T20:38:16.148978387Z 45 D2iXGWLyd1R0ehdoV7IArQClkerUqJgIBPSR8rqadP0M1sEE6c3PlwDihDfyD
2021-02-24T20:38:16.159715371Z 46 m0LgYAXkndM1VVCRtceu8cF4ecZTZC3snNGQ3IvCOxjMKkpBsaLq3pFFjJbaG
2021-02-24T20:38:16.170906082Z 47 o2uoHbxzzMgqZurXg0M7Ib6pAGUpXYnHXL4jLFOsuD11xqJBZy4rCimIGXZIT
2021-02-24T20:38:16.182586179Z 48 C0xpixQuExsKIE3eBkAdauHxdq2NxuJxMqpBVGzNtgaqNyfhZBaQ68U5zOJZK
2021-02-24T20:38:16.194134970Z 49 UlZZas8nJoAhIa2MtHbsLYRKBRfHwQNUGGP38UYOkWJYxWlM38KyJhuja0TDC
2021-02-24T20:38:16.205386354Z 50 twhyuWDICWbbBvQKSqSE0SZGWAJ0vT4mUdhyDDfijT49Q1RlW9J8rl6XgqDik
2021-02-24T20:38:16.217286935Z 51 LjKOkgwzuqONtAwenSZM6imQlv1mX51F9v8JuXlv5F7LCDGEfqzpe06ahlIZA
2021-02-24T20:38:16.229440480Z 52 1CV1S9OeaKclAGUC38ZXA8rOU52kG8kvKMpx8YBTraWpvt7NM4ZNcMeSH9Ey2
2021-02-24T20:38:16.240517598Z 53 NETui2nNlCn7WOTZYF3RApYzhkfqd5sT4TcSYQIaULu3Qr6vbVd4Wk4b68sHo
2021-02-24T20:38:16.252119669Z 54 QGuqDMpmThaIwMjbPA1PBBRpoLuvFgrs8OZhbXqTVj5dniTl8cxgdn7WzoVn4
2021-02-24T20:38:16.263382910Z 55 pDuUGhftp4SDhctEYJgPoZOByVKrd9kZxir4PIpTcTcviveCYL8CCpqdnYAyp
2021-02-24T20:38:16.275134469Z 56 bkUbThH4KHoHf097zqpZLYx0JzkHyxKyQl6Ygq3eaj7TkRVdAw4ScfTNkWk1q
2021-02-24T20:38:16.285982267Z 57 LOq3ZSay6tcx2Y8M8L84k8hzBUWLGE1eElnS4TK6AO9SW2mH76MI5VeGkEl1e
2021-02-24T20:38:16.297291864Z 58 fhWGWgnwj3O5IFP6PNuRiXCMSyLjwOx8zNxAf3ixzEeqbqj5xR4YG1RmughwR
2021-02-24T20:38:16.308391656Z 59 hvzuWoW968yPCUxUY43Dca4Qx85LL3Zb2dqGWsrH3YLJtXJRSswfm6xOKS0gz
2021-02-24T20:38:16.319757260Z 60 4q9fnB778N859nGC5lqJdoFVVlU9vhfrUOILqT8LgzUaBzE5CegawR0A0dWeT
2021-02-24T20:38:16.331190547Z 61 iXhJUk51ZRuBQ6JohLCAexRdm6wqrIxGDBGgvNtOoCdnlFAUUbkys5TGwVu2f
2021-02-24T20:38:16.341595875Z 62 ZGJOlTD9408NZDFTmuRuvzpWvSGztoz8gLtjGBzctEYt9rZEhs9SsRP3HjMGk
2021-02-24T20:38:16.353110965Z 63 bhpXH3GdYxB0NQcZ1K5mHUfendtgx6HEFuAwc8bYIxngRbpGxpt4dRnJ5n2dJ
2021-02-24T20:38:16.364100558Z 64 P1DPBiVjK7ELHn28p9vz2f3xdx6qvWdfJVUJIGCzdJ2XjOpm66dfNy9xRHEma
2021-02-24T20:38:16.375394385Z 65 2wygVQ9ebXuYYmgRo2v6HrtZ6fiJrKRCYbj5iONVHSFzHwARyS50AS8mo46LW
2021-02-24T20:38:16.386493261Z 66 oBRXPEviAcxXf0kIUyDBrlwBqxDzsDKmVlqmni3ySZX4Sfur8mCtsMw46pFcG
2021-02-24T20:38:16.397829087Z 67 InI7gxbuv5ewW35oTPQiFHNEJCfcIJTxcDMX6aUS8e670EB01sDkoQL1YuMJN
2021-02-24T20:38:16.409635260Z 68 qP1c8moFRX9qVvp0rtg2pacEFj1QGT08Po0sIdd7khiUowOpFG3SeJsFUoUwZ
2021-02-24T20:38:16.421399605Z 69 yqoeDWJOCwk45QjbkyJ3qGg3D9xlqEPiG0kU7nafsfEqnvwYPbP5aJhTwjzKx
2021-02-24T20:38:16.432985463Z 70 ymjcYs3H9AWUWBMa5uo2BsEKblgrvJ0msSsBGZ3HST2OAI0ii6DdorCbkY4Os
2021-02-24T20:38:16.443973160Z 71 p6HtwmDP4VAGtjkTeRzhspzSLDLZd9aW4kgM5W65S5s0B64vMPEgOA2YsAAkT
2021-02-24T20:38:16.454496327Z 72 0ltPuCpD7D4TKkIpMWzQvbeJryAJrGQrlzjRTztLsYR4f19l0uXnOEFfDdTWk
2021-02-24T20:38:16.466290820Z 73 oGcrjlLcII99fwTn2QznE0sDzj1KbLl7xHeErt1gHKPiygdol8XedTBeXWH3t
2021-02-24T20:38:16.478007837Z 74 VXMtT1fVy2VvDyPKkTDz2WVxo8E4BGzFC7UX7OPSL9y052EUYIN8AdJAphJzL
2021-02-24T20:38:16.490167116Z 75 FblFmIRtemzQpjTiT1lW8X7Sw13ianRsH1CQihHLpmBxay0VZ0HjA3Ieh8CdO
2021-02-24T20:38:16.501561596Z 76 oEnLyfusXR0cSmAumdOqunHZDJuvGxpoGVkDUpE0iS1qNCdGyWu1r01oydHxC
2021-02-24T20:38:16.513028700Z 77 S8GII7SCac2aFjxlFAE71XPJBOFMCPJNBM4KrfvpXz1Eb8CZ5cpuzw9ONjMJ8
2021-02-24T20:38:16.524088916Z 78 xZFzTzMnoU1FzhHdMEIX4LvRSZon4PJs0T63vfubjPaBcUohwH0flVZFYgRt8
2021-02-24T20:38:16.534560718Z 79 mhOh7NTTyLesEswBc3yEktPuf5LWd4dZMYumeZ6V3p9xrt3q8Vwn5M78RVUDa
2021-02-24T20:38:16.546305220Z 80 Lgq2RL2eikvI8I3oCsi7a0xVfdf1frEsvdEq71QtxnH5MylasAmGY8bTgL6xb
2021-02-24T20:38:16.558372635Z 81 JNjSZ1ogVpbfIdk2e6bD4a86hnoiRQxNF19be9RzXobLeotUYPYxEx4tuu4nm
2021-02-24T20:38:16.570121645Z 82 e3n73ZVEsw8Ta1NSEHhNM8D2aT5jBYBhlnPstHfqBsQ1SFMGQ8lpL3kWLkZrj
2021-02-24T20:38:16.582183089Z 83 bAtU7qHusrrN01wVWFv0L3nPzvlreAVKElyyqtxE0zQBg7jnKRfoxKVZ4OUwN
2021-02-24T20:38:16.594174331Z 84 0vPmN7i9ChuNEtPOmb2ZzMGuO0RJgCU7jfwgciXw7js9B8XXxPwxTnpdSTlq7
2021-02-24T20:38:16.605263354Z 85 CrY0QEFaE7Ns50SmSTdjtwG1KdyqezPlQY9jx1tIluCEiciaPrEBAXgK1UEUf
2021-02-24T20:38:16.616872278Z 86 DegtTyV4W5VHNVbWGlxCTnOxdx6L8uURDcLFqiDJZ8bAvYQa9GIofhxthnNnA
2021-02-24T20:38:16.628343176Z 87 SN9jVdnlMjxX2QEas4UX8uGPoobfrPkm52BgjknkAYIgptYdV3rZjleT2Lc0A
2021-02-24T20:38:16.638895584Z 88 zD1uAm6ohZEoxt8RFqhwPiQaBs5InK9Of3CvsusZpPoF4xou0i7vzriUWGtTt
2021-02-24T20:38:16.649920792Z 89 Y0Kq3V8MlKSgW4GTE2Q1AI7WIxAo3Qf9a13gLq52tJuZiLkgh0hDPA2LqDxGg
2021-02-24T20:38:16.661068671Z 90 ITlILDCwo3uTGF4Hhxii0WVvKnn1vNZgw1efLO5hD5yPiLj1McAnQXp6niNRy
2021-02-24T20:38:16.672429232Z 91 s7iF1jqqs2KEj1oSGyql0WXA28EFZwuv71zHLX2fI5fWgssP9CmnMejnxdqxT
2021-02-24T20:38:16.683472581Z 92 3YLnefHN3jyZ2eBb93KxFbzLCO4GWRHoZbWmHGZQwbYT0v4UFTDMkqU0YOhKe
2021-02-24T20:38:16.695263745Z 93 7mhQg0B3ahBCvfo01BiICQwurjmp45w4kBRTDuzGm6ybYNPh15QSEgOfEBuZD
2021-02-24T20:38:16.707307861Z 94 07FcGAOLeXXasNkH5ib0OWdXsSJd83T655di4673qNrbcABqzT79oEpPnuugW
2021-02-24T20:38:16.719387824Z 95 i4FomEHsnF8mE2f3kYQCz3uUVJaYJYGsA73Zx8LlE4tiwOsj7pDn6u1p2TC1U
2021-02-24T20:38:16.731082457Z 96 CmCHf7WNVNGrJ3PyMCb6veafNiwe1eQCuyWlXFzfkFp0C5zSvloG77yWc8EA7
2021-02-24T20:38:16.742548712Z 97 GdZcrHBgGDTp7ew0J3CjCVgroIC3poQogI8jkjpLO47aIFU6ZwIV6vRFJ4vNU
2021-02-24T20:38:16.754393481Z 98 Oly6iJUjr4MdvWbVQYBfNSKiz7PhnTUiqj1c7iBXLRAcmmcWmEeAP4oKcTHCF
2021-02-24T20:38:16.765385003Z 99 GTorpgWf7uSEBrJnmzXEITLWVBa3vFs6EEVuC45aQ0AsvCgVhRdaDN354LqKc
2021-02-24T20:38:16.775873250Z 100 KRuoKgPmd5IH0gf4qN1DfbEZMXHmc3wF7uD760vkuOXfh525G7EvH6wf2tCE
2021-02-24T20:38:16.787187728Z 101 9uwnHzGkuCYdW6l7otjPa0B8eqNPEClgeORilxwpfpcVrVPq9tjN9cvFWcae
2021-02-24T20:38:16.797795334Z 102 KXhDboGamC55XvZDcFOsbjJ4Vx5StLqylCRBTzLvWq0uWFz1eW9M0l5kMLWG
2021-02-24T20:38:16.809422612Z 103 Br8vscN9OhXGZu7jFjvtfw3DszxSdAtF5BqGl1lQAkgQirEhk8PTrms9Sro0
2021-02-24T20:38:16.821138446Z 104 flG21LaqF8S07AaNNwiLaWwlSjd83IPgftElOhHCBwcaavoBJhld4byOHeqX
2021-02-24T20:38:16.831735688Z 105 aVvFH7mrcRYj5FXY0b1ZOpM2ywT8FpQ7BzrBLEpyRuJU1QngdwoBpwn0SOsU
2021-02-24T20:38:16.842832520Z 106 xjfCYscniCqAR2TEusnsTQTlZVpZew2WY90JtcImuRaIOctiG1e2LTZU9ocj
2021-02-24T20:38:16.854359898Z 107 QsfhAzY1BnKnWyAlxOCSuDxGmh6kloAGGKrrPuCGnVCYI0LKciEn6L24kkgv
2021-02-24T20:38:16.865446773Z 108 8MXaWWVN0bUrmm42KXA3GUJViTpIdusYpopf3VhpoN6bjOsplMQ3GICkJDLd
2021-02-24T20:38:16.876830488Z 109 5pKdIUDhXEyMNPalq550kZBAvOMLGtNT9Ps1JqAz48LeDPsb6hwxFlkHdWFG
2021-02-24T20:38:16.888235018Z 110 FDLMuO6A4C5ew7nZLTnro46AibwsYY0RAmhiBReJKTd5e4jDaLGGX4xKQqQ6
2021-02-24T20:38:16.899161006Z 111 xbQPx9RB09y6Z9435t2Id83j5RGd90F39DzwcHR9u4GTtQbjTlqTYHwQRMbN
2021-02-24T20:38:16.909852400Z 112 eUkF20LgCtS0YVMKZZm3H0QvKnp8jywJe9NN3SD8Tf8q6GXBHVcRhA7CQ7yD
2021-02-24T20:38:16.921025366Z 113 bXgszHXZysGsDZAAwwuauJqMf1HwXz0C9BZmNbPEtWHqFTqwmf9TX4S1u5oy
2021-02-24T20:38:16.932031205Z 114 NGx6bi8twMWvK403it3mvjD36PwV1y1rrWf5fUuMY9cd1aEL5WAp6ODb2upe
2021-02-24T20:38:16.943094453Z 115 yf3OMVA0tfZOwf5EKJGkdtOjGKdhibg0x6egh0tTEP4oBRrMrQBqKaxGWPQg
2021-02-24T20:38:16.954206190Z 116 VtNnN657knAUXalzUMGvKyPwC6RLQPgRrp2t0OxX0tQwRVYP5Q84rqLiRJ1V
2021-02-24T20:38:16.964569739Z 117 UtayUoOPMJfQW9EDpAYd3cZCJvqIIzCjX9vNcrXEs6O5qRuuHffWfB1997mN
2021-02-24T20:38:16.976937050Z 118 jK8eagN3HnRRfXFU2oKK5VPORaqQ0dSwmJpvLjxHyiUrcJRWRDHEFPoJiqsH
2021-02-24T20:38:16.987860193Z 119 zVo9db7rzirj66GpLmbZXr6Z9Q1294atUcC6x89oOaUnHCDYkwYXrDJWjdCZ
2021-02-24T20:38:17.000181242Z 120 5s6HuHC3985P00ZHI4Y7rGLysQSU9E2PLngUv2MSmwX9FBuTihcB6NaBxtye
2021-02-24T20:38:17.011620737Z 121 4A2HhuwCQG2P1UIU7G52A4eB3fBsoO8VQ09D0ISoJiQ3gUxxSAD4zwI3o1jh
2021-02-24T20:38:17.022764334Z 122 q5bf5hKEtYSBMh7zvpekFKkXTA2EYwi0cJuQD6R9tiDaHEpvfYWGw7hd6brx
2021-02-24T20:38:17.034342907Z 123 RVZTLKo11caaw7FunNO9DZ4tpQlqIoiAdkJi7webP4cVQ0jP4Ufusz8ZmL8g
2021-02-24T20:38:17.045125586Z 124 CxdSXqzQGZUhsRSeySwamtDRmXWVqkCwCuBUV0BnUZqpBPkUtDRTwMaaKzGU
2021-02-24T20:38:17.056061226Z 125 Y1QM9g81cnSwmkrpQKsNxUqF0L589TQKyKZzL98EMHzjZ3ComN1av9SFbGVL
2021-02-24T20:38:17.066721282Z 126 8BaYN9bxqyJUbG41Aa0ttmstlGW7l3v8HtqWtdvedqGzOtofzuc1RUgIxo2Y
2021-02-24T20:38:17.078020125Z 127 DnsoG0KC74kWuFstpoF8daHy2gLY1P4vk0W1lpcjUPunlwUfRgvfZMvCGSMc
2021-02-24T20:38:17.089481284Z 128 JhbJVlOLsRVAezPsmsK2W3vO0zxr82EfbKhN9LGRSwaI6KU8LW4JFQe4d348
2021-02-24T20:38:17.101183411Z 129 KssJgbxVZqTHQ9lzVm7ZSjwBYFAIyt5NB4R2cNcnUZntLupYOikg6hqW8uqX
2021-02-24T20:38:17.112461379Z 130 FXjAjaEZ9MgGfpCzYwxsymnXwmx7LPeJsXDwt6sYgHQpQDVrfpnAeY9uTuzT
2021-02-24T20:38:17.124188061Z 131 bSbvNPKtWteAaNU5nToLbiATehVTn9psFLWdR7LX2t7rjwdr9JrqxOVMoyZc
2021-02-24T20:38:17.135696005Z 132 NuAPNASZGReBn3hiuauLLwzUsoTAuUU3vHkbdcPndSKFe7I5BDzMMDqzpgst
2021-02-24T20:38:17.146950209Z 133 2ME82CKQ8QE0XIATFTwH2EIK5f17fokR8f1YNVaIFnO3uH1SSmWlFjJyaYks
2021-02-24T20:38:17.158348459Z 134 wEYChVGwUu5z3DmZLwkif2ZILzDc5jgMttl8g4OQ5NBj9bBskKfOc0m8n7aD
2021-02-24T20:38:17.170076546Z 135 ljshSsZR9jMU1wwJ6dcsKJbxRdxOe3QKjOSjaXWljKbHf2WT864TC7CuBPk6
2021-02-24T20:38:17.181247620Z 136 y5USIvaK6KoBZ6GAJrG6WK007zGqGo5AiRolRUiPuZME7wXbF7rvx8Hw8Rbm
2021-02-24T20:38:17.192504466Z 137 hc6yRVpqurdpaFjPhfdYJ2hAKgeAB10xGBga7tOTHpPAn72bIf8cTDQZX4yl
2021-02-24T20:38:17.204051938Z 138 lrxCLMd6jtKlNDIyYDQVOkhYf6rPBZ4rWrKom9dEWi2dntUrLboAgTbjwmZt
2021-02-24T20:38:17.215292173Z 139 l3PZfVXYgVrb7ikUb4PBzsEbsuZpoAZzBmEI1vtIqcrAGXPOFtHkuAfgZKG1
2021-02-24T20:38:17.227025749Z 140 U5NFbwSjaae0EjTS7IQScp86mq1I5XcH1jEV2VdTxfOpGFItXYMK36D03hxe
2021-02-24T20:38:17.238288992Z 141 JzoucvdBgaSXowiaV4uw8aYaZAeJp9rveFs64U46QqmhEYO9b1rwDchFwYuB
2021-02-24T20:38:17.250071062Z 142 LEJN8xKzdtrWUSPJyB2TDJpzWieOAR6CE68laCko14QUbhm1j6UEPRwvsRh7
2021-02-24T20:38:17.261153782Z 143 lxs5uFOlYAEFVmBUF0wEqP0KdOhdpMzv5Y38eDfMgVQbGsceJsgXCXDzYO4m
2021-02-24T20:38:17.273180837Z 144 qQN5Ai49zIaQYpxV9O1inADQghX6tLi0HBrudEoecNUok0PHLi30YNxgrZsx
2021-02-24T20:38:17.284487962Z 145 RjkkjtdION3ShxRw979p6NO4KTDhFcl3H8gaVJ98pXKci6JDWm0l0cGgFXet
2021-02-24T20:38:17.296042238Z 146 gdOOZ9F2MOn666C2suT4Z5SGLioKhU7tTgKk1cwiygV3U3DjlbWDg1OEQGG3
2021-02-24T20:38:17.307062874Z 147 FsUFOinWWqYio3S13UzBAgKgemwaN5u4UGqm89ux1iNiEla5ftL1j1tFfAFP
2021-02-24T20:38:17.318009179Z 148 wFf3248QIxmNpQ0Q8vMuonPMfPVzdie0kJduuWr9h3xaqCqoYvu4MWYUx6TD
2021-02-24T20:38:17.329232984Z 149 o3Xsonn5P3L6RoMzqja1WdxqdD8uSvMUq7yxURyYOH60WKvj9f2k8s5kWTpp
2021-02-24T20:38:17.340414278Z 150 UBhU9MSvrh4TLBQqG39nA1CBlNxkRdUUutGk6TdoS91oOkus9F4sZDqA8L3d
2021-02-24T20:38:17.351764161Z 151 P9hWYaqfO5FoClPQQYHqY9Lsk5xm9XQx1P7IZcXytgkVOeFsoCMgAqnbLYIK
2021-02-24T20:38:17.363204078Z 152 K2t4Rz2cWlNJpkUj3Dcft6rUsyLVQCjMMJ9PI4QpKZu151QfxJABboz54cOc
2021-02-24T20:38:17.374011421Z 153 tP8vyusBUgxx8WWKptVznoZnwSZ0WHkYxYRD3w9XotgTIHc5VJoMdWesfeg6
2021-02-24T20:38:17.385411042Z 154 UFapAvOolJiCvc5tK6scYftOnwzIl8HCp8DkCiWXxtVy3LzdEjhkzSZfbwdV
2021-02-24T20:38:17.397009066Z 155 Uh9LiqwtcBPS1UTiDp8I9oyx8BL3ECmDVRob4uDNL3HHsRJF1DNw4Ob0b89E
2021-02-24T20:38:17.407887377Z 156 T9r1KYRedZM6cNnUYzJkvQEgSsrF93QJgbWaL05Kf6o4PxfKRQqmRqpKhbPH
2021-02-24T20:38:17.418963776Z 157 I4z2b3TMWy8ZhbQUGPRRNQFz9dfCfGjk1qQd8PKyeXQvmCcXcCsunjAGgm8w
2021-02-24T20:38:17.430066757Z 158 mWrj8kjxHzGR7TLSzy2LhUypKipI2dhGdl7oONc40Svdimo9BNNZFStZoU6S
2021-02-24T20:38:17.440560323Z 159 oCQFzmXn8QWEGimSfJxpaXSfKyAnKg73rx3DXO4QLn7eSP4Tds5JR8J4sMRp
2021-02-24T20:38:17.452164840Z 160 JsZWwnpm3EqS3GlQH24gfC78Bo09yaW9tydWd8oO4vMpMmPzO0N2sXyRjEDp
2021-02-24T20:38:17.463215141Z 161 Qh0HXime1SBBZv5gZzqqxMMnSV4lAOr7dPGYzIHx45mFYDFQuslTx7rb3uFP
2021-02-24T20:38:17.474775735Z 162 A26wvqASuMn0eIFHlL2ypthBexfBgfeYXBVSfWmhYbF6oRgbRdZH99SoH9dY
2021-02-24T20:38:17.485955791Z 163 QgI0onJLNT7UiL9XsLoEIQQYaxW5iNO7UUFoShVU0wr23ek4sD2ALufEkTLk
2021-02-24T20:38:17.496657375Z 164 yGJjJC6ZCWFxg0Jb2dXTcXkJit766qD7wTXkvg006JHnGyxh0CI6rKMtBGuV
2021-02-24T20:38:17.508228660Z 165 EooKuEBsYVZ1MlruMdPoVwgpiQ2KJu5P85zSVmv6dHEogO3XFoS6Yb5jrS8I
2021-02-24T20:38:17.519196533Z 166 FioydFCykIUeiGeQct61HfVlUfSru1LD5lZjLfb3e8HSTm0gI2wF7LcYcUhQ
2021-02-24T20:38:17.530823706Z 167 xV4EpJSznNzZCPfffkadosA3J2oZq96sBmturi7hRhHwziQdY3hr5slOBulj
2021-02-24T20:38:17.542077421Z 168 nq5KEWKShguoL9oHlaeTwFIbU1uvEGsKndcM6WmHs2v6eW3OeldPuSAwlUcD
2021-02-24T20:38:17.553039066Z 169 kiIk7k6F5VAqIH37QfR0mhnND5Cgq36YczHFLb4Upiscybd4qnc5e9Z3EK8u
2021-02-24T20:38:17.563431535Z 170 jnmdCVVtcxUhNSLZPX9npKsdwYjNpZ669aLXZofpZn7xjSwtvS91ncrUmpCq
2021-02-24T20:38:17.574840435Z 171 JSafpL44YEYVHf7aM9Lyrj15KvE6KVe3mdHX8GVvrta2VUrXOu1cuwMFGfTX
2021-02-24T20:38:17.586045654Z 172 tQMmcK3OzNeq1PJQIl5KInlbZjqfeS0ecWIoCwEKRazlkTr4dl76brNnoNA4
2021-02-24T20:38:17.597528519Z 173 OhSjqTbaliNqjfRp2JaQBwdIbAyXQTHAMbJUFRgUMOiZX6AESWyGIJ7ZVeyi
2021-02-24T20:38:17.609346333Z 174 kxpXEtf8b4wM7S5isJftuCx54i2g1ZmcJb34H2d4wwa9jkUDQ7BLRruDVUUx
2021-02-24T20:38:17.620899639Z 175 6wNRjHitCVTZvaOBe1WG7DlBGj51xxRpFATI4fk9H76tT9uuozShaN6giLl3
2021-02-24T20:38:17.631878901Z 176 5t79qqjy1LhEX7RcNJHFIbUA7OJ5lfiXhpCUCII7FtzXbRvvSBwmGq5Eo18z
2021-02-24T20:38:17.643101901Z 177 5rDclrLCvmM00ZqeMaEKpkaQrYAFvkdm5Tlcsu1qBfj9jaX38EPYwmhoZHdL
2021-02-24T20:38:17.654038644Z 178 zTdUfrNyyP58xCB34PVJjXoym1DePZRBEXDjAzB4RUimMSTuHw62eLDZHZue
2021-02-24T20:38:17.665586503Z 179 O9jjBYMsm0IJilvnf4P4gMzN1noDm9MUXOCVY8gpR5WKPcR8sPV0Nwt4ydvy
2021-02-24T20:38:17.677278923Z 180 PYd2tcHZZ06TL2mQPABhLPiTx3TclHoEOWSnAx7Udht1pGPRSFuXmpDSseTN
2021-02-24T20:38:17.688930438Z 181 rGin1J9Ep2Y7NydoFjlgmqKVDKMxsZpDzIHEoMq3wXZij6dJ1m8iE8ZGkD3H
2021-02-24T20:38:17.700089205Z 182 evcgRPxrkrKL44xQgoetAQvsfcFUY39vLqI0W8oXnpColZbitr3Eu0IejHbf
2021-02-24T20:38:17.711213695Z 183 aAz1NHqNcKVdsK1vn99iTXQxRZxUghRakb98SF4XfKUwTSrjlonVOQ5TkykH
2021-02-24T20:38:17.721817803Z 184 ORdWAupwOhruyxVqSUkEN6wDW772YfQBS2h3qI1DFBFGfKdbsWOjHzv0vRKb
2021-02-24T20:38:17.732648482Z 185 IUEeLTiuY6zR2qEOyMkQm4G4D8QyiX3uHA3oeeuNl3rSGbcUgIGft2IBNgaH
2021-02-24T20:38:17.744465237Z 186 PFQVx2do6nQuG0MJqtp46rnhC6TELmLLtVIWZWj8yrWySW3aLKHBZFJfqqXA
2021-02-24T20:38:17.756160165Z 187 HDeGNb6d8GBVqr5j0g71Pwc3p4X72UiqNQnLzVZZzCKnfkDgUM0F1WCKwPmP
2021-02-24T20:38:17.767356997Z 188 QbrSHhTOQY9nuDeqwJbcKXP0gfnFPqOSBUVtwTxY3CkO5PNtD5iV0Br7maUk
2021-02-24T20:38:17.778607690Z 189 njmR2mFTJYJhyKDtXJVudLltV0MRRc4OmzgftDfjY2QrxMlHlll278kei7e7
2021-02-24T20:38:17.790106955Z 190 QcnA72OfhzHIHUjE21iS3PQMUi8NQKxzBjb0s2vwowJYHzviCQ7JKTXw7Kdl
2021-02-24T20:38:17.800483230Z 191 hPOMCtwxmdp3UZSAkNUU0Eof94XpIRgMrR43kPweFNTXtwtOwyIlqXYHFZvb
2021-02-24T20:38:17.812728783Z 192 ofwOLEpDz1TvoJ15Zawxgo5bn4cmFHnihPQbQotYkxhG8jMdrsx8cHX2aeCP
2021-02-24T20:38:17.823309859Z 193 bjkL42dejcBuNYH5saejrXWyYPWofvfHlpuaFw35kudVEJjnmwUT6pYXEJnO
2021-02-24T20:38:17.834470670Z 194 eN2B6owPMzuO1T2wBii1iDVOlwNxPERBTVafwBpwNmpeG820gl4DehNQkL1q
2021-02-24T20:38:17.846022658Z 195 FywxAeJd9B4iGxcV5jcpHSU2ppBU4rgIvdJMq3htkNvsLwz1zPsiVRzzlLBw
2021-02-24T20:38:17.857089034Z 196 D0eacZCtbRxt1KU74mceVLP9to4y2yuw3WsgB5pHVQmeflX1S9XZ2B9L9eS6
2021-02-24T20:38:17.868118924Z 197 7AbozfkvbOr3GrGfQCtxHSL5eLGx0oeKsOnWE8jt4kMpQS7MWO8GNI0Tetxo
2021-02-24T20:38:17.878723851Z 198 jiQCSN4cCykzQOCaWJqozmJeG9tswWUqnYkzkysJOPDg7nOTP2ddH9BsJXFL
2021-02-24T20:38:17.889538244Z 199 5QlyYPL9thxWmFSXrCyWf1lO1TZemJg3COagQY6rGBw5nVFJZhOeg3wMo2Ar
2021-02-24T20:38:17.901263735Z 200 UbDDBs1HI0PKjal1k0EWGi10fzxkk0uJESk9zehOcHnt3SRbB1LZSTEPhMB8
2021-02-24T20:38:17.911645581Z 201 SoMbf6Oit4KBbGFeTlfnWzPBj9Lf2Um5Lc5ijNEXIhTMXv7LXBs7cmrmnMip
2021-02-24T20:38:17.922980053Z 202 cKvYiwbfBgL8QDAoDOWzeGKSY2669iWoOCci1X1GStgQWhjfZFx76SBOstk4
2021-02-24T20:38:17.934630259Z 203 mqo6sWWLEKQkenlGdvfFYaSeWzjPCDgOtuhKEsKB2lTITcfmVObEvrtd45Vh
2021-02-24T20:38:17.945658988Z 204 aVUkfYAjycUGTEhvzDX150sZXcTAXToeGQnY6eky7oneW9BbPS4sY3SlgUeN
2021-02-24T20:38:17.957541610Z 205 4TEhgOq2qGV0svw1q5nqekCyLNmVYxZOeEAfpBZcEpiYksQbO6b6jqj3wEws
2021-02-24T20:38:17.969091896Z 206 qUGCO0mzlepKyV3bthNK2GJx8v8FJWSHnSuQxoGtGM86kjptXwRmJEZahbrc
2021-02-24T20:38:17.980415688Z 207 oxteCl9cVCGOyINfYsKZLRiqNB2TaJUnKx2YiyDQx0pfNzG37VZNbkw9jGcM
2021-02-24T20:38:17.991733408Z 208 hCclNLkkr8b8iK9ccRKhdw6WmdMAaAIhe2fnDLCnWRreZJlJC9SCJoTIhNee
2021-02-24T20:38:18.003524967Z 209 qW2vjLGu9FITQyivGuXX7VFhsdjwAGvzsnJALsMC4wGOdqXiaFeqx77LR9M1
2021-02-24T20:38:18.014813572Z 210 KSuSzIRC9c96fvqGnjdN6UXwlx9LcLucTbqBgJrkMVR7n12DOZcsj6ZurzzT
2021-02-24T20:38:18.027064947Z 211 jbfsAJTSbI0FvzwQBVkjs0Ufp4ArM96k8jNjXuvxAtKYFkacWPunVNcWoN6J
2021-02-24T20:38:18.038159860Z 212 uO0QnjYPHddOkX3aVEk9oxVNLPSYFeaXW37uPcJjHXG6Kg8BIN1Y6MAeZWg3
2021-02-24T20:38:18.048473674Z 213 UInEcYf4iD0rclUWNNlZ7nn9dXcSjZGQHSSkJzcQmdGcMZn3py3jwoUuvU7f
2021-02-24T20:38:18.060217703Z 214 lW9Xh8kCLblBKdj1xhvk6qNHGRee4mzc6ro3gXivGLd85ewVZCDqwECB0AfM
2021-02-24T20:38:18.070893429Z 215 0tMlcFvDex0sPjxZj5lDUZFevAvDuUAXT7WssjJsnP9afMevNc48Az93a2xm
2021-02-24T20:38:18.082628100Z 216 ki3OpYcFONzmUByANBgSOilqGAjgloWgAfIzK8lPYyD8IhHuBw1HOJbkUqbo
2021-02-24T20:38:18.094168340Z 217 LowGsRuEfW6fngf5K4xs1pIrYpXzbBeWNihSD1nyQE1XxujiO9wfXXEp1bK5
2021-02-24T20:38:18.104488203Z 218 a2s2Dt9Gp254JQFmAwqQVXINaLe6NcP3DY8GjxbJuzCr7W8GbJaLY0uMEOg5
2021-02-24T20:38:18.115865505Z 219 gzTjx9seQ5LOHWkuct1hhRxASBVLbnF2VpUWew4bzLKWkLo6SgDfOmM3rpsY
2021-02-24T20:38:18.127484489Z 220 vjszkO8puqDiw1frFGGUHcDvbcpz2oudUMiquOgKO1qHMcGz2zzLhuFXvkwF
2021-02-24T20:38:18.139459821Z 221 z3T78jsdOIz20uNnB1tSLn9Fgu3yiiXz759RHioXkGo2325jgXDvv03UAqCy
2021-02-24T20:38:18.151084093Z 222 FQ5DcRA8cLgtdJoISL3xO6RtBGhQBUY1WeP4IrIh5Ku5eyvlH9LQpYDqgXdt
2021-02-24T20:38:18.162307253Z 223 GiNnty7RNvev6sqK4yHDpb82PB02cWX2nWcULEFisQUlibOiC807odMhxlGQ
2021-02-24T20:38:18.174357777Z 224 G70zG6tTSQSFabrgS9AsoThFKcaWJqWrprULQo3s6knNTJyx2g5Rj9gYHrPW
2021-02-24T20:38:18.186427834Z 225 XxQwYCjemEUOAO80obknPJhR3QQy4Kq1a9XBvB9iEuRr1UZldyvEtuvTNA6t
2021-02-24T20:38:18.198291103Z 226 mnszKHpzCGDm1tc05GH0LDYKafVjQRDtFwFCoe0KYWoezAmTeU6QC9E9FUop
2021-02-24T20:38:18.208638605Z 227 jaeS2ro1rLUvFO0usdxeYFvS7BBpdksqDld1KrEUUf1yXY3G2PvYkiTTtbxR
2021-02-24T20:38:18.220176708Z 228 NybIq0boBfalBBFIXCdBtwYBxdifjQcgyZCk6ZcneHO0uwPA0Livr8UlRvhN
2021-02-24T20:38:18.230652571Z 229 Z1QF0SvdQi3fihMbTvpubfnT6Y8rgFJbNxUTu7OZ0FDkq7Wc1YCdzrD56qfb
2021-02-24T20:38:18.242283031Z 230 GDqxn7f2gy3bfdZeQRL9y6zTFNG5n4xdASKsGZtZmu5cDnTS2BPZmwFupA0B
2021-02-24T20:38:18.253631646Z 231 4BfWCCN9K0XSlTy8vwhMFnsTMFfs3jyGYLFtyBqiht3df0ImqMeg7QShy2XM
2021-02-24T20:38:18.265207640Z 232 a5PmTDUNnQrDFs0Izkb1Voz4sdFXVLTnRBZHI5sZxYL8k6zksQ5X9QDlIA9c
2021-02-24T20:38:18.275794460Z 233 17PKCIvoSNftkTlwp3ca9Hujkz8kPiJo9bwF23APGStqGEgWTKbmGemgi5ZP
2021-02-24T20:38:18.287468152Z 234 RdsSMC4U6Od6z4uBejamMT3JeYyiIpMUV0t56mTq1X9tqYkOVu1nEJKqfvRW
2021-02-24T20:38:18.299028332Z 235 zuLz39Oc7tETQDivtTu1qcRQ3doy4WoEWXu1uuuVsDIJsvjWFojaYEFBKizs
2021-02-24T20:38:18.309545735Z 236 h3GXTD1OLGFnanngKWuFPX6teudoBhyuVFGaUn2woX0XPE4FtZ4lkdsfB578
2021-02-24T20:38:18.321115528Z 237 ZdxWrLl9BhoeIs1ngWpHBta8FBGh6MTLPZrkZDX3AmvUuCm7b3jriI9ClnFm
2021-02-24T20:38:18.331628019Z 238 VDQvJenvzOAF7IDByiQDAzfLo4GjYnJJPCnnhg6Nm4xNHY9hvHcA7sLI52fP
2021-02-24T20:38:18.343113771Z 239 frhPPpP1AenG58f5prjGLK4fKthyyPwFouSOQcm1tAutmcA11rC3RdmaklQY
2021-02-24T20:38:18.354131371Z 240 pSAxJm7lmyR3TdFiuZz7aMvAyzKbBXETgabnhtCoWRjeHTqnUmlUigWbSWYx
2021-02-24T20:38:18.365061570Z 241 DKvwQ6qK3yRRdp7BJsqZ7glt3VQmnv11yFMDXaw7rQREY0wE64IpcYOmZx34
2021-02-24T20:38:18.377970698Z 242 PctUALVpf4TylQVaUOaq0OgvJK7r5fnRW4JUWCau4mJAvziBwJR4HT1SXyka
2021-02-24T20:38:18.388804179Z 243 3yazXa3Qzx5cwIiMvzUMbD0jF2VhOJYefAKZpYAE2fEl4kV2ANII74cA4Gy2
2021-02-24T20:38:18.400006294Z 244 nP1eDPtXSqZpwvAjZQjLWv8KuI5xt1DU2MS9yBoHpa8fq8FUU83uwhgYfsPE
2021-02-24T20:38:18.411302115Z 245 dzPj1HcyD68e6WF1Go17HoQIGFz6l4cR2KA3MuG3PVkmwuQV24HhmiBLLWVB
2021-02-24T20:38:18.422900421Z 246 66Mws5urywK77OpGnaS19erD3XPUAczmU6gVi0FBqoJQclnHzYDjQ7MJIGzk
2021-02-24T20:38:18.434120269Z 247 9SKzu5MhZk7mDaPCFEuGWhAfYhOfkJmeJh7WW87pL1rFUTLBIkStvmebKYsu
2021-02-24T20:38:18.445285411Z 248 6xyq64kTQrzpVzYcRhmYLoPiYhfaZzVvZBjMf4VlGQj18I4C1yZh9cCLYPaL
2021-02-24T20:38:18.456895404Z 249 y9A6Z41KCTIozc2seyRQony9Mcp7JZnO2l7WNRBCKpf52OcbMxFAknj0KANE
2021-02-24T20:38:18.468042942Z 250 OdLWBwVFnRcp0xUQvVcixRSA1ZNF8vi99DXy1WMmEFydCzBi8NdiXJznSGgi
2021-02-24T20:38:18.478666221Z 251 AUPv9DDhWjUIdgRdUkxSuf2BSJIFLT4e5IiWwO6FkPqn8tPd7oBPoafsya8I
2021-02-24T20:38:18.490421642Z 252 mzPIDdyNjeXMefB9OLCGrmEG46m6faJbXalRoGMdS0zagrsIMU4bQmtXS9M4
2021-02-24T20:38:18.502058299Z 253 4BkYvqoTYr2bDkXcZCN9Cs97CzitwhLrYNahyoiEZ1IDQrwix0LU9IF5d8Bm
2021-02-24T20:38:18.513370583Z 254 wcEeSoVnmRCaLQrHrk7nZEpzVAJHjk6grf9IY4KvDDzlAJ9bFEFR4tC7BSH4
2021-02-24T20:38:18.524429978Z 255 7uMGLutMxMxJ2OJ0sFS7QE6YnGl6cSYOwBw3EdgbGwJNyQnW8Qn2dDll36dN
2021-02-24T20:38:18.535524973Z 256 gT6pEcKNZVDxjgRaC9tMe0QoiDMBVZExaDgsTdJesFcoNdPiULC8YQzEha11
2021-02-24T20:38:18.547008967Z 257 LG8W6I5iZRi7CcgukJKO8HlqNWmXvzhjlqJi7cMar6Q5ZNWBGQdRFPVu3viT
2021-02-24T20:38:18.558456778Z 258 e3wh7B9esKbjljCaoqMyzVR8YSsPLGHLp4Ju2OEjcrBDYtk8pVcjM5FoejMT
2021-02-24T20:38:18.570200425Z 259 4UgQ4Bem4WetPLTFPjZDwZzWabZqZi6Lm4ZFCxgDXovIX4w0TwF4nZvlIRun
2021-02-24T20:38:18.580624320Z 260 G4dDcTYxoQTixqO2eT817JW5OKkFZ9zIrYb19mrJ7Tc1ENM1z7a6QuHIiYZ4
2021-02-24T20:38:18.592307280Z 261 084yL4cY8BNDHp5dAQInHlVfYmtxXojkIMQBSgKF2C64s2nof0MuxX7R1gl9
2021-02-24T20:38:18.603813273Z 262 UNTVmJgPyKL8P7UDHSp5498M9aEdsLniD1O6Z09dkGzYG9N369TIPgJozILg
2021-02-24T20:38:18.615163091Z 263 FGBwFuKRRdUk3xwigt63JYyphCKDceLf75kZV1QvMR9Klu5qY3aXFDpsLsfx
2021-02-24T20:38:18.626488824Z 264 SPt1dpRFbHncTLMYjdMIl3JCyc6VMTTJkzxjN12lQCksfjV04Hp2zy81AdbS
2021-02-24T20:38:18.637636202Z 265 CBkPYKqDWdek6wvznCrXDtFUewNBzE3lVVUOBGWuNmzkhwnqtmNBOZK3cN1b
2021-02-24T20:38:18.649385385Z 266 SxZevYVVZTnjARg18LYb1r0z6lEURwFSBq9OI7nRWFjQEOXaDNhVpyfcWQ4a
2021-02-24T20:38:18.660553962Z 267 th7fkSxKJ2ziQWTQ1aMSUCmLvKS3IftcaOzGkkIX3COePyA2OdsgUQjyhmuN
2021-02-24T20:38:18.671817614Z 268 CrhFWaQWjv7cTqL1iDoRMqCSb1ntW5qq8iKXu8QKhxGl2LARixU0qHuw0IwZ
2021-02-24T20:38:18.683318128Z 269 BLlhacEMnnpiOQy0w1T1JCzTEtA01n9UGXn021PdvUUdWvOmMFFJnsZzTlgJ
2021-02-24T20:38:18.693709463Z 270 5NDXOZTYjBOgvnI1hxwwc5tFi24BVPDeFI3u74hLYxe8LEvTXIJjXjZzp6y0
2021-02-24T20:38:18.705010136Z 271 9ZFhq3KLnB7rwAuxO4m7ty1R8kJIKJgIjh7dypBsG1mUIRUZV2gdGvvd5XLz
2021-02-24T20:38:18.716093227Z 272 25li8QR0MGapDHKw4EXqKPEdtwr80ROl8r0bbiDtnA5SNqDIiT2BtCiL1Fde
2021-02-24T20:38:18.726658128Z 273 iNtVJTKLtjILpzwMsRzFal9QIEHrylpJ09hjmQpATK0uVhnrhgX3R6RR7gRA
2021-02-24T20:38:18.738020308Z 274 46GrjyTrDYQgnMB849xASMHuXGmArc0AK3kEcCog505Jajaxp0N2RxgWTy28
2021-02-24T20:38:18.749171499Z 275 vuGjtnQOaMgUvTciv3PzdWVm2qIio6afbRqiqYoS7SdESWN4JctBNkZYIvVB
2021-02-24T20:38:18.761035968Z 276 VboL5ZkEWxTmQo690wKcFGFleajEIaM9Vm0VBUeHk3YmGuirGq0b9f6Bn2mA
2021-02-24T20:38:18.772189031Z 277 gN9VFIgVkObGGf4zjkfjPinxgWdu5JRSE2PdUYrlaeG15u3YdMUZmJYNYmqW
2021-02-24T20:38:18.782349184Z 278 895C3ikWtEmVQMAdpFDeIwUrKOA8BRlD6EQVF9LprKPuol2HaWLUYtAFiu7J
2021-02-24T20:38:18.793798652Z 279 gGENFND3TeqZaQOeTKnZ7qIAHIOZ7o7HACLXu8oGsCuKaeuMy4dXvwBUsNIJ
2021-02-24T20:38:18.804788345Z 280 AJnT38XLLiqJqDKtrmsb1i9e5YRboJTajfoWK4hF85esxm94TzK75p2iccdB
2021-02-24T20:38:18.816027259Z 281 RvKPOnREZzjEfBgaOU1DoRv1OV25ukowsxxDgCajgxLkg4gryNCyTHMTc69p
2021-02-24T20:38:18.827466112Z 282 losO5hXjDNUhWSMUhCXFyQGvrqRwj0Z890skTG9fjWzLrwE1qOOgxeLWta7X
2021-02-24T20:38:18.839394559Z 283 rRxV3j4Xu9cLtlU8KoRPUkCuqdGoeDXHJ4oSXggmB7NhFBN6f5UhYFW244Xw
2021-02-24T20:38:18.849797580Z 284 wldCsbXVwjzaGqKjPX4FhnvmjMGunMdHg4WyMkBWYaS0UyWyncySCro6GNV1
2021-02-24T20:38:18.860862941Z 285 AzmUABKJN19woHmHbtQPYTY84c4J2ZESCI0a7kn0FTANHZfArgEjTfK6mf9X
2021-02-24T20:38:18.872125401Z 286 X54geq5tL3i15Uc2MxbeEa5ChsQozWqglIjy9Vi95UOKc4WdQT1ht5V4NUYQ
2021-02-24T20:38:18.884474008Z 287 pylWlCub5QbvQmWNdjeI9Zt954faLkmWm07gyOE0ty4sW6h3Q9ick2PHSkoB
2021-02-24T20:38:18.895922031Z 288 achNYNJ5HiDkEKjhDMHl3oXbWrEm55gUr18IXUa4POJ4p460BQPqNykAQ5i2
2021-02-24T20:38:18.908105028Z 289 mWAi33jVPxz9Kt9FmHrjMotnmnPOZaf51nl0MumGR4ydmMcDJPRimSRKvzQ9
2021-02-24T20:38:18.920855138Z 290 0jrFioANO0fxdFax8FfwoytS7V896Xz73UrwGA5jHj0ycgGofGMJu83ZyKZC
2021-02-24T20:38:18.932018902Z 291 TinA4RLqYBn7kdQYDeJLdD3WO67zkdUZHN86VotuyriaGnf8LNZyfGcxapig
2021-02-24T20:38:18.943702125Z 292 S6XTKsN9tVRabpbWzx3iOgUnsKGL3xlWooPtA5xUkkEcoJsLO4X422gZbNnw
2021-02-24T20:38:18.955014639Z 293 bRddtTQU71C0jGE9tpG1znOBYgXcCZ0RiAQb6ETyCeGRcMEYHeIRYJ7bqaka
2021-02-24T20:38:18.965416376Z 294 AUsrXBZeOJW2u8wX41bqcJIuo6WX7LujM2Urk273dDbzlVOTBGREbBgkLIgW
2021-02-24T20:38:18.977416709Z 295 r2ER7CCjvOLkxZ2HCooyxn40ccVpgWNgOcV3wAivvniwpXIGaW7rNajK97De
2021-02-24T20:38:18.989350940Z 296 PVMGEucVLE3Skado4VPqSXCQ8B3codZzxbvNJua0BAqw3Qllip3NuLbbjPZY
2021-02-24T20:38:19.000994691Z 297 t65JyqyBNdVQf7SpIdxy36cQHOyXce1uRuBOg6GZMw3pj1ThUpXnnGlNODpx
2021-02-24T20:38:19.012440731Z 298 ACDVC5KtNVNJtKZFBs4k40DGU5NccJO8nULLwvSwjl8YsljbkHg8v9Zr3VYG
2021-02-24T20:38:19.023730894Z 299 7OIFk48s1Tnb8X9mXd2DSWUBPCQ60osqwoVTErA6C5niIW9TZ8kjhMQyU6G7
2021-02-24T20:38:19.035541580Z 300 fI3n1tABKsmjau7MtCHRfmlXRMkZtdehOI4aPRXVYSTH2snhg62FwPkU2EGW
2021-02-24T20:38:19.047513131Z 301 VfUmNTAiz6zaVKLA4EEeQbCXIb4wLqGNlx8bMLyuQnc5KoyUiw48kySUaPOQ
2021-02-24T20:38:19.058081771Z 302 DIByyIvGOK0EBSSUXGcmEaDNbqcvIBvhMaF95YqVebGse7URTEwIlkO6GWSW
2021-02-24T20:38:19.068495023Z 303 R3jMOcGT5mtwwrCVAIuxMpqaMWnOtjGRXReeI1gRjtBJFaZE5ge3BSB1BHyC
2021-02-24T20:38:19.080369949Z 304 mN6jjS9v4DY6X5qLElWUOWNtTHtc74vZAJttOzd6zlj3DwpvX6kh1pPYl5uz
2021-02-24T20:38:19.092156266Z 305 eITj9ydxOg1Uvn2YCCiyrV3i8U5Oel1jQWX6NfZ2t1dnCEXlo0Kp5c2DvZ46
2021-02-24T20:38:19.103189404Z 306 bmxLHQ6R5dRmSxE0lvISTUL2VJmHGrdwMsqNOoDwQXVofkIFBjwJjX2lhbiF
2021-02-24T20:38:19.114330357Z 307 0b9VfYGS2rD7RVYAjXbqJRW2BPN8ti8wXvc1fyNVIVpEleA3wxdjFnooIeNx
2021-02-24T20:38:19.125455456Z 308 gBA8SYJgTKAjrTnl6QsNjLuKdPc2ZQlI8poxmzog8wUE5nGAQjkY9r1RSX3N
2021-02-24T20:38:19.137087575Z 309 e6dK7Yt01Hm7w5KiSPhk1giiayTyJ3OVajUl1cqHJzCc1kJIx34sURQvMzk3
2021-02-24T20:38:19.148321329Z 310 7aRHww96EXSB2b3pRzANTKrvtGumozMz5zPfMtlz7fKLeL1IE6sEPE75VI38
2021-02-24T20:38:19.160171518Z 311 8uzVMEhW7Hr3KvNlNSkkVgAfMlmbZJySeEgCrWP8B7IPnpvJ8py2kp4ZyFQj
2021-02-24T20:38:19.170761919Z 312 BeYBhL7d4jhjZ0ppRiZvUWSTO6HSRgPeUUcGcWeY4pbbtCkyyjcnYPgfsLCD
2021-02-24T20:38:19.181674470Z 313 lWPwTn6cCaUMAIZvx842fkslcRMPGMPudVBrRw5wMQnFkb6cqQNBfH5o7odn
2021-02-24T20:38:19.193026546Z 314 RpVJz1ewOyBUCO4JU4iyOxanVtYR6DJ7grFvf24zVvJIBiTVXvEi4LSBdkza
2021-02-24T20:38:19.203981049Z 315 W7bXVGZ8OkPTlyvPwaJ14rkv8pv2ZAuehXmt6250RApESq8XiXiZCKczdLU2
2021-02-24T20:38:19.215084140Z 316 C3UQmQbIUzqn85GlG7yG2zIDpjlo7vp2ZSvRs7zRaZ21BaUuqp8CZQBlTUXz
2021-02-24T20:38:19.226550340Z 317 0NeZPe0ILkFfvboLEThGnlk4McqJa2SUPrn6COdhkw3bk3bgidFRFLrMNzHs
2021-02-24T20:38:19.237973823Z 318 YyTmJCuqtAJD2rdmjVCeJhef6Ue4lkVIozXbqZPi2uISfUwPZJVjKa2Ln1LM
2021-02-24T20:38:19.248736471Z 319 Bmm6TXNgCG0NYt28Bi4DubGWQ7jSfwaLWVbPeNrnnVmv4eFAmVZLoUYOSaGr
2021-02-24T20:38:19.259661311Z 320 9mCK7PksERMteDYTecUjsz20w5e5z498JKw4ron7Pyz0Saj7K718ikHglBNQ
2021-02-24T20:38:19.270919730Z 321 ruY7Sgx87MTZkxmTceWKTVVNKa8lTZdpWcgBbV6dX0a4nyAqri7f9Y6ErOUl
2021-02-24T20:38:19.282102209Z 322 jipFnDoAAytuWtT5ClWRS3F9WufUD0oPaYCIMQn1nbGJNBggFuVHdzhYdXeC
2021-02-24T20:38:19.293151687Z 323 OwOsbDckmeDzkmK1s3MOq0ViMDLcR4P0le20Vi0S9olhfXOsfGJ4IORmj2xX
2021-02-24T20:38:19.304579110Z 324 skGjX7afrDSlozDdJ9dk6aEwvNGVY6NJbHY7n62W8Zr0ERQ8mUscMkOcvODL
2021-02-24T20:38:19.316165414Z 325 i6M6mVqXuNA2OmTsbfodsZsf17EjE5GK9mJcOuy2h7d10CkpHCEedSBz3giT
2021-02-24T20:38:19.326723874Z 326 Q1TMyotPawtgT9BUpqDwQh4jFcHm89HepxSXAwPzWPlVerJ6cZ28NklAh0FK
2021-02-24T20:38:19.338147418Z 327 PN6p4XfXVvaCAYCLoSEjkan6ks78cQiExrmDuNcNT6dNpPONdq0EtgCTdncU
2021-02-24T20:38:19.348415630Z 328 WiC0csJKPMJMZMKzZWtSrbXRPVheKHU1yg3X1rUOAXOcFG2oD4IHTXFSFylb
2021-02-24T20:38:19.359555849Z 329 0LOPBbAorDiSjG3kybWE7gcqQoZjM98Sno7nmeYAkzg4lK6Tf3dxTkKXetyh
2021-02-24T20:38:19.370832831Z 330 bDGS3QSaDX8I9pyKPEDWRpqdaBcTL254O1mnaYMJb0u4LY2PfFse1LbIz68R
2021-02-24T20:38:19.382303131Z 331 Ziavp7BfTnvKltww1kbTf9Zl8i1IT2klc69veUjtedHXCwVpg35sNPksg2Ik
2021-02-24T20:38:19.394161026Z 332 631aJRuBVepNxAtWqannMkuKqZwzDYLhPuUNiFN825KyGpytr0vxDedzi0GY
2021-02-24T20:38:19.405045504Z 333 9raUvct6e9RaKx0nOrvh7wc9EhL4Jh8JlExnOUrGRrnNBWGlK9YjWxIoKgOD
2021-02-24T20:38:19.415540599Z 334 32jiZb775uKtQdj0IVDphZffrKubgfO3UiGOW5rKEZ8YGl6LsGCV5DMHstKb
2021-02-24T20:38:19.426736152Z 335 letdzXgchPz4SeKDXyf8vtJc9or9WgOSz8oBD35DAzqOz59c7e3KO9NuCTGF
2021-02-24T20:38:19.437965095Z 336 9HFRR6AZMgfmiHR2w3DM70vP2MgvtIKNaKRx5kVkNBFdo5xu4lxJ6LkkMU0h
2021-02-24T20:38:19.449018364Z 337 CDvViY7FQuMY1bDAHPAKJpHLq2s2baVBBgcyvpU1HW5Or4vXp1LKf27PX0zo
2021-02-24T20:38:19.459635705Z 338 rOoS3hW84BtkwCVgip1TmeAn70Muo2Vztmr4w9WH3yzFy1quQC5esIeFkCrO
2021-02-24T20:38:19.471434781Z 339 kh5qHZscee8Yg4lpjrTQ0m4QcDB4IqrjLTutAGJpTMqIyuW0M4UHN6UaN6JR
2021-02-24T20:38:19.482730315Z 340 PvGxxFJLAQsz2B0ADNpWf1y90EFIZgjn228DglMF7YK817ydFYe68imCLCih
2021-02-24T20:38:19.493946897Z 341 fRx329aZxxtw2B10qE3291lDENYiIAXrnl4BJhluUlsLhwGIPjkGdktGjbaT
2021-02-24T20:38:19.505357694Z 342 1EqlnXRYZ378MbjwEb8G0OPQGHkQekR1OdWZbSo9lRaQ9O0yJRet5VIJAKa4
2021-02-24T20:38:19.517272046Z 343 kZkWUy99Ucj7VEGz3yi0ZDBFwxfLlmY5WGmjfs3v5UNl1BGMg2eHkJh5f5qo
2021-02-24T20:38:19.528517458Z 344 UDEaVwaOUAp73UVbniyi7WH9884LOZubTlHfKqz9VA6D1CwuQRQjEYPlj2xJ
2021-02-24T20:38:19.539775284Z 345 HcfxOHNaoDVXHY2oHAmIO3P8t3tcJ9EzIwNJvotCJsX9swU06uyehEOrVJ9l
2021-02-24T20:38:19.550581651Z 346 9NBbiUdwwNxbBhGCR1pgqQDhCnw7bMGxlg1HsnPC766BLiuYf3ZhOdPC2j3U
2021-02-24T20:38:19.561728315Z 347 8YM1RLgXtJmLdsQfHJ8qMwAc4NmbaLRbuLyevCV8bNTLF2uM6JoAjqg5YrKa
2021-02-24T20:38:19.573189175Z 348 nY59oU2uHl4yHMKavPSy8B9NOkScaoo6pgesX5qWp87DXdMqFb8v2IN6pbyd
2021-02-24T20:38:19.584278527Z 349 qtltJmUFweH7bP50nWsF8KYyrBnsd3GsAd12rHBf0wPL1Qa4Selp1ryKsBQF
2021-02-24T20:38:19.595404477Z 350 AzpBohgWV3vO4wpBNSHd33gU2g9U7IXCnB9yXu4T1GKGFzt6csTOU2ggNJkg
2021-02-24T20:38:19.605993456Z 351 tSDkb3fWjnKTrFMOsOBVAWeWGHAj5gxPx2t5usgNb2emXVvPMi19lkgzF318
2021-02-24T20:38:19.617288064Z 352 Qawv7OCZxycZy56d0OArynKkcT95ysQS0BPgJAIIaAmPH9UuRUwcWXpJXWb3
2021-02-24T20:38:19.628713673Z 353 F5dxWnAkIRAbA6VHluMvWmJHDDzS7B9jAXXUvsp0cciw6S8cGHIFlT6hP2lv
2021-02-24T20:38:19.640125548Z 354 OcEmRDTxMGs4S6j9K4hYDTy99icegeLGVdFyn1KbtnMk7woS2vnRE0J2cAVX
2021-02-24T20:38:19.651305579Z 355 rbAYvDqqutGEijZKN2hZG1FQtuAVHwRBvNAOmc5H3m2fxNzYz8cWJtxYqe55
2021-02-24T20:38:19.663038962Z 356 OiOLJa1lWIQsmp64oIWi38kznDxspd1AA6eDv4GrtZZydEhk3mmgD53fzu5j
2021-02-24T20:38:19.674394514Z 357 Qowr45bMdqmaVeQFYFETYNrahqmtypmWtGhvW1BGd4Wbt9OD2KDuFuPQPmKc
2021-02-24T20:38:19.685089390Z 358 koVMbHTUj0ZYxlw1Lizf5y3V7KgPpCtFkFVzm1jYS3kbvqFCYdswNq4KrctA
2021-02-24T20:38:19.697308721Z 359 NmDTAnFG11cD557ZIKbshvpSakF6dJaaCJk9rG04lZNks76IYzGzEZG7BMBj
2021-02-24T20:38:19.708818339Z 360 bUfNTn4OvHsH9gqQWCsaPpKWS5C4RrIG8p27aP9KyVCPyqI4YjUtJytmI4O0
2021-02-24T20:38:19.719660029Z 361 KAJsFeuA2M2WeBxOgWdshIk0kqqXCtwuKSAx7rBpT3iHlTjXMRssenVjXlg1
2021-02-24T20:38:19.731182122Z 362 krkxAtkwKKSgo9YDle4FbwyYfFK1osTw5MKHzlruxU2PqpjceCzYqWQlAZyR
2021-02-24T20:38:19.742461350Z 363 EWIwmQ0ZMC3AVm8S6WSgl3ohwNxUzY9pgE073HHjnxWdlfc3tW787Zrelbla
2021-02-24T20:38:19.754685494Z 364 OjsKHHp6ISfaogIagTlWFa8u3L1wjFykLT9hAjiIt5I0pVzAIYTe1Agc3CKN
2021-02-24T20:38:19.766022310Z 365 Y23kQT3zkwjDeDAEJ9GJMiO7FbCM6ryYKzRvHQ4IzZgnaw539GbZOQBkl4WH
2021-02-24T20:38:19.778073402Z 366 SPuutiuAmEgbgCErCkZzx44dGBcL18sSs04ybDKfMwvoIkscHNbND4XHJeB4
2021-02-24T20:38:19.789228283Z 367 l4nisJFbmb66IyBeLvqyzhHer6FBo7ZvmPHU664udoRkjGbFtHBBwvPzdSnr
2021-02-24T20:38:19.800820315Z 368 crDki8tmPlBDhn8C3rpFWmuzClYacba1NqtgreVAI6HroOucs5DSIa3hKSmN
2021-02-24T20:38:19.812282119Z 369 pb4jvoIBj0agxVKqMGZUZt7xPwWGjvIBe1Xk3iXdcYmrUl0ldtO9bYJdxug9
2021-02-24T20:38:19.824352922Z 370 4iiJHQPGjV4M5AlsWD6bZI0EgmXDm2MvsC5iaoybUnzPxDo8gLq1fJ907bkB
2021-02-24T20:38:19.836025679Z 371 S6kqJaiJcfISL6rq5ZOhcoUvdaWusyfI2AXfLP19QZ7R2CW2ziv9IThhuzDi
2021-02-24T20:38:19.846400069Z 372 ZI0zaAPhrKTe3Nm79h7CCX7FWGcPu5i9WZLpnQa9yTy8ThNwln85qVoWZwCX
2021-02-24T20:38:19.858010841Z 373 VMMTATPiYH3e7RmlFksOfSrvAgKsggAFsaBDFKeLr7jHiLH61IVzuofNGnQj
2021-02-24T20:38:19.869316925Z 374 qF3NDEPliCjRGaapkN9TkoKv0OC2SpGA9186wDUlsn9f9azlMELH2wHVbHcF
2021-02-24T20:38:19.881139390Z 375 k4M6QBGKqsAnYHIMgbqc7d4udZjQY7KSdxfXpXtq8uTpbl56tLYRDiN8oJzh
2021-02-24T20:38:19.894211299Z 376 O5H5Lwvtj5vksCIWQA5bkU0W4EXujaeGRgXBRrwrk3Br6kgfr9rdUspU7Geg
2021-02-24T20:38:19.904832503Z 377 dHfCiilDnOpu9IUaTNcg1URBSF0wpPb4r171gb9FVeRlnrFW9DUvu5OCdZBC
2021-02-24T20:38:19.915743678Z 378 pJjL5TTzeL5JhSf5BlSbnv5JlebpudvCMV84YwJSxGNTQ7xKmBHUpQESKTqP
2021-02-24T20:38:19.927046863Z 379 LgN0tRIW0lost8P4SDzPoPLRygkmtpyy6fdq2tQImEBdfJQ16TqKjjd2uXMz
2021-02-24T20:38:19.938513299Z 380 jLEau3LWsCwykHCiv7dqICuLPRqWBQvh27AXgrVc7YiF9XViqSXcX5wwM09x
2021-02-24T20:38:19.950177614Z 381 xPfrAn1tguL6uiPGhXOcywGlSayWz1qOThryJYEy5UpV6ujrGKhINlJiR1H2
2021-02-24T20:38:19.960784342Z 382 sjzOjjXBWiaT2J5fMATKBTtUHyMnVt1G2ZHCVTYrXYDl8Xy0b3H1L8XCnT9l
2021-02-24T20:38:19.972199458Z 383 nKZlO6bDApbuRmBCDWHJYo0KR7g4kvgsXlMcWIIxIQkpr7ZNW47QUqEIYNqo
2021-02-24T20:38:19.984315292Z 384 2PqSboizivjQ3jCxsft3L4urulV5DQpkWuFUYmfqoj7K9j4BcAlx9Dqgt6EN
2021-02-24T20:38:19.995588835Z 385 uqcsoXFbiTCn0CuZjNtBAFQp4kMh6EH6DrE4hKq71A661Cr4gaaMziOJ2OBI
2021-02-24T20:38:20.006851715Z 386 7YhWAgX4LDJaTE8DZKcpOIbieKNSTiOLXtGMEcNFm3aVQz3JYFRfc1mCBt9U
2021-02-24T20:38:20.017859005Z 387 zdPoMPo0jdw63AkOLkw57hCwc8lPWsVel97cVoDdOzXpE5hZN2Wn0aCIRzyf
2021-02-24T20:38:20.029428669Z 388 6XJ18ZHytHKPucl1txCF0jn6qc9JmoFlNDDJL1U34UEAkPBtREOf8yDvbHen
2021-02-24T20:38:20.040890149Z 389 b2dSL15gWT51n4hd04P9n8qbJOOW7OnuP1gptcrcsTPwVW5jHVZi796YDVzg
2021-02-24T20:38:20.052388444Z 390 jXZomdfh0xVAUYkCWpJXNhT6F8yeABOAZVw3CEvQPE5G0DF64GmOeuyIPPP0
2021-02-24T20:38:20.063514606Z 391 QQZwMIJyZrYMOW2XGInnMwS075XQtRN1IHkW0QpPjhs6jg4nnwzY1UqhF1HF
2021-02-24T20:38:20.075016100Z 392 amD8i78FZZq3FhXWFuO0qSrEWOe7gTfaMNMkbZs1VrAlTqPPH8fIHdPSx9Kg
2021-02-24T20:38:20.086262375Z 393 XR85byrQI6kzXwkcMDlwt1jXiX0EFS2xPf8fwPlMXNn1CcyHPqj0oSceUmjz
2021-02-24T20:38:20.097164668Z 394 klKdJyb1CXlZdd4ytE9n8xJ5HzgrVvBzSNIcamcJNs3KpvC9nMFtsWGsWEDd
2021-02-24T20:38:20.108369966Z 395 i0ntS2kRm6k7YWzh6m3IIARq6MXkUhGDdTtN007B8eL41C3FbwQfxHxA8gVR
2021-02-24T20:38:20.120104734Z 396 dXiu4itqGq1m1MysgtqoxCkJ1dBs2LItm85w62NT4hPpeSmhQ4ilujuake31
2021-02-24T20:38:20.131275128Z 397 2lbi0WBvoVh1EuqXxTzyePdpMR5Re98d52j43IW4pBhZlkQVMDlLN7MQuTeN
2021-02-24T20:38:20.142450121Z 398 w9q1KIAz2CTr3h7ICX1QIbwh0WboX2Ws5dJuOJZjxMWKVK1MUYdtfH5vXs1Q
2021-02-24T20:38:20.153675042Z 399 SaLUoZHnAn5BUwwtRtjdYV6nmrcXCOPAmhnhoDriMrF0wLBIq3ugm0FuB51B
2021-02-24T20:38:20.165327988Z 400 LASh4WMPEviZJBez60yt9ONcbDgj9E8rDQ16Fa8tlGVIXXX0VXGuqXTkHeBA
2021-02-24T20:38:20.176177363Z 401 AX9XH1k36uD4HT2tNzuXQvwBjycN5PqWDFrUfpWiqT6SEC5lUwCdVa50yX0C
2021-02-24T20:38:20.187765489Z 402 QLiL6QCXUa8dK6RhAgj8Y9xzni8N3erEqQW2wtIyTsHTC3qXGnWBUNVHtA1i
2021-02-24T20:38:20.199062615Z 403 N556h8CTdfOkM3uRGOgicQZ1rx7ClK6VD05r8HbYnTsP17XeKaGM7sF38XET
2021-02-24T20:38:20.210356643Z 404 qaApUAbSMcl8P3OyHhQ4bHYW0PnRjDq1mQlQnDOcwEnjPYsvNFpmfUxgQr6B
2021-02-24T20:38:20.222323003Z 405 ME9Womlcx4dsINQLbQAZTmhRxEqlHneqDlOjFhW1RGFqZrteNMt50e2nlqpi
2021-02-24T20:38:20.232481012Z 406 68hIN9y0kgCTNCrGZ5HfqPSqawKnEXQyuVJDYS0wKlAU9U7oUZyKyskuCM9W
2021-02-24T20:38:20.243973852Z 407 0DzU346X9iy9W8RySjsAX65EeRwrNwT2jS4eFBmOEPDhfsdhDYuA8JEoQbth
2021-02-24T20:38:20.255182395Z 408 Yf5l0zEGOhiuOxVx6P6WxA3zhahTjCEGl95XbbzY7GxVtvVr5nxwmaX74Jib
2021-02-24T20:38:20.266388975Z 409 GcX5P29ue5F2OE9wwMiHsViqlNMzk3R7iqdFK5eB3gyMql6d6mUihJcobawj
2021-02-24T20:38:20.278027124Z 410 3acTEnbjNWTrJi6cdC6fUXvjzPZMVODxRKiBzdwYhwwaY9ICGyZCIo6kRizb
2021-02-24T20:38:20.290031088Z 411 cGPXDTRJsJ5tNef6FYzyoJWZaj2eJ7eSSwAEMDKiwlJP6bALGL76B3uTZv4i
2021-02-24T20:38:20.302211058Z 412 PKvVlvSalQnNP8j3rDEpM0ZBotuaR9uNeJeNqC12SeS9egO52Jse7SeIQatC
2021-02-24T20:38:20.313903712Z 413 0NYemDh2ZWN5bwAzXtifeHtUPktB3OwzzBGFo2Wc8fTPu1jgPQY7ywGujvd1
2021-02-24T20:38:20.324891696Z 414 YFusfDoBmrdfCxu4JDrGYDORPBZZHkcws56exRbVeE9SSvqoE2ZDsqhLfqfC
2021-02-24T20:38:20.335455281Z 415 FsrnyIXxMbjIZjzo01CsvwM5DQqK0aHBdhqMjuk6pHbvfmUPstPY25SFlrTR
2021-02-24T20:38:20.346926767Z 416 vYDszKPDuqeJBrTyKGsFhkMw3Pk0UBznyOH4JyttF4znBUtpm3bo0BoI5Bhe
2021-02-24T20:38:20.357480329Z 417 MlsykCkPuia6Ox4zLho67o8ytFtuw6QXawK8DpmhvtLMji9kc6LTrIhD2bn9
2021-02-24T20:38:20.368888852Z 418 cXGl64LCPBabkh00gp1RGBcuiGI5y03FZgCLwRNwv7fxZ8X9mJcXMBXEU1l2
2021-02-24T20:38:20.380095310Z 419 sN70k176BHW51TiR1eP7FKkC4DAGmeOTpip3noWo32n8SdcgBd10gq9a1eZY
2021-02-24T20:38:20.391336540Z 420 e37G2OLVJejDixSSXa7XDy5nrBMgufgcsRYA2ssXpy7foSozDwC6zG46ZMCo
2021-02-24T20:38:20.403389596Z 421 DZjvCrypak9eMUXjqYLJsLQBLsPvIDMRFqPzR1HvWCLsj8sSCcnEIpg1blJF
2021-02-24T20:38:20.414609888Z 422 3pwuGFoPb5tOpwQjk8MRWItsa5GsfVHOW8qm6wHnPULdTYuS6AaskBHG42rQ
2021-02-24T20:38:20.424580395Z 423 aBItAnXNBUkQvdLHmFYD9AyfZvVLvzIQI7PEnk6AhmLQckSRsQxlPTdd45Yj
2021-02-24T20:38:20.436478385Z 424 OcgKJxBmfvbY2eu3AA0oOytO9FBCgeUSmEwTjn3ePqAtj8LMA46q8JiraFfx
2021-02-24T20:38:20.447904515Z 425 6nUegfNRoMiwlNF3D8qfp6TWdvf6oRPK5i8GKN0V0DwqQ2IKF1NqG7KoIsB5
2021-02-24T20:38:20.458902135Z 426 1GB4gZuxnY12l5NiJzovbnaeykjSJ095UmXIHA97QHyrELzmXQfJUV5CKSO2
2021-02-24T20:38:20.471248596Z 427 pRAbk8NZRupmMTuxHxzV5KU3sTyRnRAsyeel5KArmm2Dz6MWE1TkGhkO2BOo
2021-02-24T20:38:20.482900084Z 428 X8IIq1wgHG9Wqwvfl4g7NMsnRRYvaQGUFeY8jMGu434EHcBMN9D7XDLyqDOA
2021-02-24T20:38:20.494440193Z 429 ouZPDcbaEyZ2fNOumtx7rZWf98Iq9i96bYBsLiNae8H4ZfYdDYFmYo8GioxC
2021-02-24T20:38:20.505605533Z 430 aBncbj5erS3hT9KN0HFIS1QJRYGbXyeLxxcZ6nj83ZP0ibkNJPBzfZBLx04n
2021-02-24T20:38:20.517300096Z 431 ENK5qitjyUcKMYWQPepmVUPqEL5ReeELU71HKBb2J7oPLEBBxEt6SHDttUal
2021-02-24T20:38:20.527856109Z 432 2Q5FiU8HZKAHtWY5b5iBhPLdmQ0fTe2wcnuy8TtL5yMlCjdEHkEA2rwFp2h1
2021-02-24T20:38:20.538951109Z 433 JqwYUHSkIO9R6TU8QO7agqa95pg7vlZU6ZqrbHM9Cg3Uec1nrATi1BrKFok6
2021-02-24T20:38:20.550145099Z 434 USnKivDSFy4nLlEXMhTOjG0zrNG5UdHPiZkHQksaFIcIGirT1TU7c1uZTWKV
2021-02-24T20:38:20.561620657Z 435 fbq9U6qO2nO2hgmIzQBzzRYV7tMjteGuYdJdSoo3SijwcA0rbF9s4oebqNrD
2021-02-24T20:38:20.573402038Z 436 lJdFqBRX6gphxpCM26KrtSk5QlkuH38w1gZMyoqIgrMEmXbl4cM9V57Sb8o1
2021-02-24T20:38:20.583811152Z 437 gqSUZkgiTX4zsnU9Y2ykyPOSNX15CdgcbcOw0DNzj2dYDiWIDH3XvRkzcfxc
2021-02-24T20:38:20.594470306Z 438 r0Y0dUDzUDACGYyauS4duXreEYSv0YqWbKzBuXdNGsn6VQ7324Yr55d3hXFK
2021-02-24T20:38:20.605459218Z 439 CAfalVnDR4nk9tPJFRwyE55CwYMJR6EOkbQZCMDyQu7abkrbSK6boMn8mcdQ
2021-02-24T20:38:20.617155590Z 440 iwIAoc38NQ5Y8iesD6M6FDWTwXfVe3QHgcFFLtRRSfNG1zztFQ1lURIzK3op
2021-02-24T20:38:20.627655968Z 441 zmjy5lEwJgljJWRO91DWzmEyM1PtSilfdBbBex0unI8OUmRIhPjXfOGKgdEW
2021-02-24T20:38:20.639140768Z 442 X7SI4KZbLq7s6UXr6nPTbGtCtIztMaJ8Ajpz5acmB4FFvr4r9m116aDUdEpN
2021-02-24T20:38:20.649750043Z 443 qLU8FQTNhCxlYgr7b4we0mU4ZgOSMe6YqHqsFUXZeVQq9FbkpO3ecS19s4l6
2021-02-24T20:38:20.660832651Z 444 UFxtnFnXmwm6kCIP1vyPRpnJl2O29PrBJjUh56qJ2Voi8zCoMRI0tw3i2F8Y
2021-02-24T20:38:20.671404162Z 445 N8OzgRVaoayd1CfBXIegKJlgNQAw1pt4eQBtg1WNdaRpITy8H5Jh5MFDpnio
2021-02-24T20:38:20.682477215Z 446 HAlT6shaIYhx9IohXsDWO0Y2SE5oBTdV4G79zBSzVv3PZbzG4T9pUVBYhU3p
2021-02-24T20:38:20.694137929Z 447 8C5POuShhzI0S9Fbgt53ZveEt6H6Jm7OB9mkuuuu6CRCDGQI2P5wX0HfXE4Y
2021-02-24T20:38:20.704954259Z 448 5KRAZy0EZ9FOxd4toQBUWlSwF8HFfwt2KxgHNxY7LAHQ6vT9SaRWZlYSZuNC
2021-02-24T20:38:20.715624929Z 449 35rPryHGYZIwR44Opvm3K13iDBP5zCKj9Rv04oJiggyIbrLu5CaGakiN8zxS
2021-02-24T20:38:20.726647551Z 450 RKW3hCbS1HPGxtPFI1RFbDnuuOuQu19PsZDpA5XIbWEcDFFtm4sh4YH2KkBg
2021-02-24T20:38:20.738188073Z 451 6i9A3JNqRZTItDAz2lVA90eiC942hUMihhZnEOv9Uol1gPoVBzgfW40wUbI1
2021-02-24T20:38:20.749428731Z 452 TsgDwjqjGHJqj3Oqs4y2exe0DZUqemZs5m9Q6fuceYa4C7QXHxRzikOTlmcK
2021-02-24T20:38:20.760762726Z 453 RSN4q7tPOD5brajaprgTFwwCRks3XFYFrGgCXxCFgy0AiGSl7IysSCOaj2dd
2021-02-24T20:38:20.771941576Z 454 Iza5cHkyHhrkmh7ZTdxxHERk2c37TGtAapy4bZ7kd0cn2bSTfseFRcbB6mjR
2021-02-24T20:38:20.782600356Z 455 WYgL0RooGiYpBvEz5mIq7hDvdyTxNKn971oB8TAZvBtsr5AWwBjchxO2h2j6
2021-02-24T20:38:20.793986821Z 456 G7WEKCfnSr98Ht1BFHOCrfTj3I1Wzy5OcCfYvUUyp7T1Ae2i07Ve5LLEKBoC
2021-02-24T20:38:20.805341865Z 457 a3cE8WG3tLelo8v74vW0gfpHogxnpp3dcAb9vlV5yeW1juSzgS4NR2412vI3
2021-02-24T20:38:20.817065021Z 458 qK6urilptrzKwor5fp7BIH2veiYk1kk82oQKpf01YmqeSM7VbYiSyeMp04Hf
2021-02-24T20:38:20.828258611Z 459 vB2II3Tu6jZL3UKJYLVviRbim0aX5iiAMHdoSKody0O1N8Gj9bYPX2SLWQ1d
2021-02-24T20:38:20.839697586Z 460 YpYMlUerDjlTR7ttwoiEMM1huN5nQnFyGRyRSJwlcsmHSxJvuufRnLsez4mP
2021-02-24T20:38:20.851216313Z 461 Q3cDwU5Gu3GddWhABPcVyUf5qKNTsWxLyNIsyen6zZTO8wws9yjAg1mPmww4
2021-02-24T20:38:20.861617891Z 462 O98AR61l8B14YqmHpNHeSjx1CvpLBFayYTyi7UPZFh081Is6U7cjW2YuUVoT
2021-02-24T20:38:20.872870576Z 463 PVcdiSbQMTiF4wroRg78vVzXgd60iZrtG5ZwbR579Ffyb87Djczs0OUw4CiF
2021-02-24T20:38:20.883836017Z 464 h9I3P9ScvV3QRFXtYul9XPrrzUd0qcK1OilyzTM7vUb6RPOwoyJkaoDkYSMs
2021-02-24T20:38:20.895086835Z 465 G7jU59xTeS3U9sSjQ8xNys0IT2GZdl1DYw4gnrKvlTvrcIulbgPe09ZEMzy6
2021-02-24T20:38:20.905539709Z 466 N9mlWzcsKW6gblBztjk9tqQm7DxuB4dLrJUMotUynBEZS3pOS48Io8iIsZ2Y
2021-02-24T20:38:20.916866110Z 467 FOSGO2vlF6Fll7nxGnGzoVwrp9l9cLBGdd8whPTTz8N4PX7aaWLqj18833nY
2021-02-24T20:38:20.928258032Z 468 rWJROyZGBoEM2LbF8B4tI8UWwsx0dRW039YHOQ2x9m3Z3sP05XPc2bGZWVJj
2021-02-24T20:38:20.939391145Z 469 gOVTBnrFRxi5B51SAHE1RU8evowPuNtg0o84iU135hzwOiY9gNSyCTqrVqhV
2021-02-24T20:38:20.950365334Z 470 tPgnHrgfxIJvsnk4TKrx3ZxHknLCOWBrG8E7QUIsJOdKR695i5aTYy4Wmeqb
2021-02-24T20:38:20.961498022Z 471 5TCZMgdElZQxDFCsItjCUSUDXPg6v88hnZkLSdwr47TfpzGnUfWRReYhPnjM
2021-02-24T20:38:20.972892487Z 472 3aXwB7taobYUixB8HHkH0FSR5wjhkZuCBSmtHjTEqMruwnOYpi4MJmYYffNd
2021-02-24T20:38:20.984144193Z 473 h1VhtrBITmfKgVGhZxWrLedu867mqE2TUOcLpRVYtdEztQfTiRY5DaVe3vTA
2021-02-24T20:38:20.995268237Z 474 Rp37JHwoh69tvsXN36a1kivBIpVujDoD3prLwVCuvxzUkwO2czMQpeTZkxnX
2021-02-24T20:38:21.005871402Z 475 n7zgC20CQZSj5bvV87Jh210GqU1koZF5vuXXzUzECwChKwx9J7akWZoSbkLo
2021-02-24T20:38:21.017024740Z 476 EyNozZR2o1efUic31r5SxfPMBmZQWfpWnIogJxwyDir9ynglfiE3bR5OvWFO
2021-02-24T20:38:21.027894509Z 477 v3SkvhB6oFpuVhR3GjxVzlutsafIY5cVbjYdL2olt8pPcTn7oJn4gjiL0OKA
2021-02-24T20:38:21.039447893Z 478 xms8rbCioWk6hgEBTIsaiqePKmLnglhy1fmXZbXpP2KD3rUfDnwbODgoPh7Z
2021-02-24T20:38:21.051182021Z 479 NsmjGxq0Kj0Lse2WrSSrrzBILsn4d92SMr9WmYodHYysHlKVj30f0cbFp3rp
2021-02-24T20:38:21.062101515Z 480 U5NXwmNkox2ybm9XlM1ZDesskL6SuFHYvVvZKKx5M5md41XAZTPqg6d68ukl
2021-02-24T20:38:21.072973111Z 481 rhdkPTP3Hz6k3uo0JzrBHEO4KRCpv4YKGbSVlQnowfl0PmiquPIqNCIaFhWz
2021-02-24T20:38:21.084365851Z 482 w1TdSIgyN9hIV6x2VTjLwio7U8434cqEG7sT24yAsd3l1kb4sLbxDKK2R4Ju
2021-02-24T20:38:21.095452590Z 483 WHHezhHmg7f416MIhgHyXc6ukLPoIGag08t9n1PZsdriyfdpwQ4qS1GMKShP
2021-02-24T20:38:21.107055448Z 484 b4TFnZWRkSCiYAqK4KbPdZvfoLEythdXHX30LrQMJnPkFaNVCHYh7V0Ny54a
2021-02-24T20:38:21.118383574Z 485 feceWi5vZ97FM3BcMtMwwFBBxLyjfC3hYk7vwIJWxWq60Hs3QJqIXDkqtB9Q
2021-02-24T20:38:21.130336279Z 486 1ULVX6ZU6wNttDmzK7Hb3An7GryInT0XX7qTO2hrAp7TFaG3wyHahKscUM54
2021-02-24T20:38:21.141032988Z 487 DOoa3pL2D1vMhdAmy9rwMg6klTrKfUbEtznvsa1MgDjijGqbXbhZl91qEzO8
2021-02-24T20:38:21.151859216Z 488 l0xbvlUb5YNYHsgr3QngVEfKryPlxocotHZqgBjjzueRYBDun6zL9XJFuwiI
2021-02-24T20:38:21.163485142Z 489 IS2FHdQb2d4QMIWL7qfmdz1MBpf7e06d8UNUXblgZuRBMrrEcadzFWpoMJdd
2021-02-24T20:38:21.174991217Z 490 uMmxSbdF5QFHSd1BAQLTPFyBFMNaN9NtKCst1BZE7DOFpaOf3qMwNgFUEodG
2021-02-24T20:38:21.186618210Z 491 N1dwHFieK0jpoKFs30MLz93ibCM7WzTf0hxB7NOQLXl57ptS2nEk4LxTHA07
2021-02-24T20:38:21.198622617Z 492 MvMzzqSVMhhkLbU9dJEleUMxYqXMEum6C1wM4B1mhiv5h2TbyxQy6jTqSxO5
2021-02-24T20:38:21.209928860Z 493 jRgBW2bZrk26n3R1YHK3WuAWPAsRCdAsLef8foQlsq3qUOGWE6BFVfZMfxbT
2021-02-24T20:38:21.221074548Z 494 RJKe903MoBnSeHJ7H6DTmy8zSlsKqI3PctVQNjTxr184lWhDIGUtr5ehXPfY
2021-02-24T20:38:21.232352894Z 495 2gLGl2sleEQkfTyvPfGzeIB4wCbcFfsCbloVRhWOImkATR79WsDJeyzXG4CK
2021-02-24T20:38:21.242689772Z 496 6kBCOM0NbYnzMANgz4JrGIfI5phonB9C5qr8KyRdTqK1GAh7Jr7cPkkQRzay
2021-02-24T20:38:21.254471704Z 497 enRwszTBYtQZwOElvikh8M4ss3Pcu9n5aXiyi4bwyHG6XGqtoHXhJC2RdNdM
2021-02-24T20:38:21.266175929Z 498 Oc5SMyey8EEPGv9RsfV3COMfk8OwRHkbu8YUn7oMzCT0c2j219BvPFefAEfe
2021-02-24T20:38:21.277127372Z 499 3NZwOoC6Af4dZ6FeddZHoAUOBI8Pd3PnFBzqPgDu7pT0lxDYlX2uMVbcVlC2
2021-02-24T20:38:21.287847758Z 500 Do711zw53qGGl82ub2yzeS0Wcci9ItD75Is5UMxRldCZKKLwN0ThUvE2lBBz
2021-02-24T20:38:21.299395102Z 501 0V0YrYSu2TagMzjBB0P2bCIcNZSOTAgKamtvQf3o01jbn02SLm44i07cIR2S
2021-02-24T20:38:21.311057561Z 502 Lga5yVADGfmIrlAQQRvUpObhnzCkmq6ZYlH3DDlztV0BHC2OgTU778jGxZHN
2021-02-24T20:38:21.322194736Z 503 LWQVJLisOvCNCxLmEo7M6H5CkIJTabssPpiWxEhXcZoSLtI5zzm3uH3wCB4e
2021-02-24T20:38:21.334404908Z 504 jikGybBT4xUlJMondnu0zKpSHnuV0dXqSJLgkWWqAyP9a1PpJs5waZ90n0M5
2021-02-24T20:38:21.346125254Z 505 Gl7t3zG4pf8xkbJLmc4mqhYPltwmAuJzofqy6bhGd0BVISelWSKBaeJCRZzK
2021-02-24T20:38:21.357330665Z 506 fQGggn2HUk1a0EClVMgmDSFjtgCvRPEBD0ePHdEISzIuYprLLiN85sK07ZlF
2021-02-24T20:38:21.368210965Z 507 nlTQ0yfRJXjlyVGWfF4xKbGCHf90By52RpwnSqKTb5e5Lfi3h9sMY3WBhaL0
2021-02-24T20:38:21.379574831Z 508 wDQEp8uttiZ4qIv1w6d2FFWdHGMARIppieeYFY7kkAmkCrztXaJr1FqDQYWp
2021-02-24T20:38:21.391028042Z 509 vzh1e6DVZcP0CgERBpW2c4vXqLvAmXDsGkBVdMBtO1jc5VBwceYZsAJMGNFZ
2021-02-24T20:38:21.402190271Z 510 thr6ZXhSgh4rilhTsBp7L0HzOysioiWIoJfYiIZACjt8BRJvVJbKAnJpo25y
2021-02-24T20:38:21.413345172Z 511 dRIQMM6ZfxSiu4tE7flnFB2hhEJvOhpUMBImNCVwqtZ5j7FqfLPrwe6Vh1Fg
2021-02-24T20:38:21.424789751Z 512 9uyJNm27f6ga0UPHs0w2Cjf2spx7LdENQtb9l9e0tGp477R8yPK5LM5ZmEHg
2021-02-24T20:38:21.435531607Z 513 LOXithH0O3tqKjbS1YCWQYq2w4ae3TqFAKp1bx4YmQZbxmYZgmZimc4lDjhv
2021-02-24T20:38:21.446529192Z 514 fPR9QQeHB4NuX0FipO8CvuAk9IcJIUMule12Jc4vf76crOpAaouJTtTc7QNc
2021-02-24T20:38:21.457934277Z 515 AWzoKAjJFyAtq38VeGP2hZ74Zb6ScgnU5IJEsTsTw2y4ZVBXmhaqHPTDrWEp
2021-02-24T20:38:21.468756291Z 516 UVt8gNpoALP4PihJCuInt9qjdZiZHagGf6d1Wo8zuAGpNd9bt66HSiIB8rvc
2021-02-24T20:38:21.480292887Z 517 pnnklIQKSVOVxVQEH7hl0IDYim5EalzOcAudrE2plHytuA2nm1bSB6NJkJ6s
2021-02-24T20:38:21.490557612Z 518 YwIbeAY0HiHFIiE2csjwo8TEbjpDuMVC1imEr6lLXNPq9eLIHMxmqnwE29OJ
2021-02-24T20:38:21.504145227Z 519 7l0Vkp2pFSs06dP0h2mUn0azo6tHOZNsOqNmnquBoyH20IcbQzUZCttrtxuv
2021-02-24T20:38:21.514804019Z 520 o6YT1N6ron7kZMm28W416GHp7oqP8JA0PibXHbpG3qEMgQHI1yaIvLuJlcRL
2021-02-24T20:38:21.525604623Z 521 WnEjniX4cjNkNDtXY0KrIiB0fUGs6yCgO7BkolhsX8yfErY4pywMxqNHThz5
2021-02-24T20:38:21.537329918Z 522 xM3t8sJofhmITWgiwHVP5sxAtRkD7TdE3SliFYYcQug4edE7dOBmCwtMNvAS
2021-02-24T20:38:21.548565163Z 523 Dt0t3foAKvuuySgBQdUbRX8XxosxIzDJSoGD3IniNbB5iDAS6OLQUtW74yeq
2021-02-24T20:38:21.559790864Z 524 oib1rLyRSZMIA7WLIzRh9vUC3A6isdFplzyqfcuFuBqjyh5VQlZ1oWDOXfng
2021-02-24T20:38:21.570857893Z 525 KzGsKrXQKDcltIII5vFtXpOoVyhUbvbsckxhWjsMT55ORfJJYzUdZWRcMGVp
2021-02-24T20:38:21.581974813Z 526 7KbT7jU2XI311NgUm7M6xbTmxSWDPAdl22glo2EoeXzUncWGlN9NNfppCOLp
2021-02-24T20:38:21.593188621Z 527 l8JHDQCIjgl8jR43eVeIkZXb3MCFTxQlS6jNzrpwA2TpAQvkr0VJIxZhpFCt
2021-02-24T20:38:21.603720590Z 528 iO2Y4odmjvQp33Z7xHFbYuoWh6eonYZkAQ232KL93E3VNEnYyJV6o0ft5sVp
2021-02-24T20:38:21.615601428Z 529 35gNqFvNPVnwJiHjTCUHBmkyjidYkQIse7G0tqhJW0zRA0Uy65zQsnSpt8Dg
2021-02-24T20:38:21.626808639Z 530 1xOL8OLrcxNDsPnCvORKArAGAy6RoqURC8q9jvdBXBwYEII8hgP0M1Q5l6eY
2021-02-24T20:38:21.638453817Z 531 2mG6WxgbMkRHzytGvEboXp9Rrg8ApTsXXqpMNp2ZyK9t2nS2CKMhvZDZoMim
2021-02-24T20:38:21.649788660Z 532 iom38cOZAjnohZPXX06a3KswJeT0vHlbaROSGaqoy3qRXJCK2tjB8RyaDFDZ
2021-02-24T20:38:21.661195013Z 533 OK9ZLcID1SyUDXn1H92L5oPruuXVDp6gkUTbqbzUnY7Jokq1ihhu6jfSPKlW
2021-02-24T20:38:21.672462499Z 534 VPZN2hnL6NT53sFlGB4UfOHubBSifc1boXrXoRDnkhYgT5wyKWiHEAJw27kA
2021-02-24T20:38:21.684250681Z 535 vz9jzQpk6GvKbdJzwbYRTZuXkDnL2vJiOrLM4bvw1URxSdtRmHy4AhvAKMJ3
2021-02-24T20:38:21.694819071Z 536 TFv8gIfvgbjejrZSFDxqHQA0cirS21lNQtHCOb93Z1imepvZ07uNFmPBw5AD
2021-02-24T20:38:21.706594943Z 537 z9yJV66KQZfOX9XbdAfk20iYUWuHOgBT694V5RDWxlUvpEqKNHZLPzDXPMMJ
2021-02-24T20:38:21.717835406Z 538 bIJGkR5FYIdMCOsGrkLbLxksE60qjTMlYo6btvOl5v7B5XZk2wlrmmhOTxFx
2021-02-24T20:38:21.729122887Z 539 ue9ARwcwLanMYvpwoUd1xfVr41QzLWERYC1rwdZwIYxufzhQqYSBSihux8q3
2021-02-24T20:38:21.739904308Z 540 ogQqHonnALAjA25Nfw03IpiDkdYzuNCEHWPjPSFeOIrSPO46ULvBqZA4WZ3U
2021-02-24T20:38:21.751123910Z 541 mNQOzfTQKBhFE7ogDuM46vAgvWmZyN1227wNIGYBLMbyrNWheFPGThHKmDNS
2021-02-24T20:38:21.762431520Z 542 2fJkA7jjb6xA6WUowGnZgyK8kTi1DlahUCb9y7UxlyXaXSzDQgqzV3wom7E5
2021-02-24T20:38:21.773844990Z 543 TtJC7eJw3K0kbNAuPY8wPnvuJXpKGZnhNszxV09Iu5AYSlNPLQf2APcxS8sK
2021-02-24T20:38:21.784659328Z 544 G9sj5X0FuV0S9DzSoMcCCyholfiiznliM2rlxHEsS3yWR9RMqwn8CQXYJwwm
2021-02-24T20:38:21.795973398Z 545 N11wtmDCEzzyJOsYn6xobOzvsijEwkok4sDGddyVs8W0DHPW6uSStGGRqIAl
2021-02-24T20:38:21.807079689Z 546 eKjgceRCG1o94nE6Gg2p9B7l8vgUxpwv5bhh4FWAelaf4av8rHKr7sRrY4FX
2021-02-24T20:38:21.818238902Z 547 3ExwbNST2tlRfH6Al7EbAESQqYMtmNuvHUY1WNnJJJBHZyYQqhGSkQfNDQsF
2021-02-24T20:38:21.828675066Z 548 cFtaeDx6ZOXdpl9jX6jifLsJIruLE3dU5to2cWnH5mAumpvPRV5Dsvr5yt4y
2021-02-24T20:38:21.839959519Z 549 1lx7qbu0DQro36YZnYkHVLPro3UM1vsfCMG4lVnva3VejunQqzfDeJ8LlPVu
2021-02-24T20:38:21.850686520Z 550 ZOZ5u2jH5mx0GIUxvxYju6xXEK6UIUdwgsIea0ej9ZRJWzv2BJkCvyR8HzeG
2021-02-24T20:38:21.861665783Z 551 feTgl7zvW9S4C2MEy5xjHE0VxLocMiKvxX6n4jyJKTwTePRgDBTckT8xsgOs
2021-02-24T20:38:21.872757095Z 552 RxV4l04OHtjdKOkpGAjyDPYdrRICwl8tOluKQIwOdRTnTW3hz0THDIUdPikS
2021-02-24T20:38:21.884042905Z 553 AUnlsU8d9nyfBM5vAxr7y7tICoiLhfsRyZSAwLTB2EeZwanxTHFpGj7zDp9r
2021-02-24T20:38:21.895383713Z 554 NtpVKHGqmr1MKL5GvkdeyezfMRRrguQb7qqL4ThRVLbzNU3QhemYLXZqLUjd
2021-02-24T20:38:21.908647935Z 555 YRVtbzsDJUPq1JjtDmO8jQuQefr3eKjRI9cY0J6aHI7pqL6lwigfzRYxW6zO
2021-02-24T20:38:21.919879203Z 556 VtrpncbA8KRXmSaLfeR8t4CYXZgKmHdrM3KTgf1fsQ1B57Ua0LRZMzDxC3RV
2021-02-24T20:38:21.930897486Z 557 TQ9jkttmT5NJ5YaMwisOKCp19nKFfQUpbeZ0k3LumLuHQyj3ZRV8DkqqyqnF
2021-02-24T20:38:21.942113604Z 558 OatYGzmPIcEOQV98uXYAlgpvX5Jy4WHqkHITOW9JsklSjOo3ACx60kAgcXjK
2021-02-24T20:38:21.953287470Z 559 sUhZDQbbL1V9FudsIR6Uk8K9ESNMBWscxFKgg3scwQhWAcnUk9z3H55iUn8F
2021-02-24T20:38:21.964126734Z 560 7cxylSM2lS08nBooF67xfcVWqTG0Z1jdKHBm1hNTE7VIlK4tEmgsyfVpzsSk
2021-02-24T20:38:21.974728969Z 561 hxJBbZFZRYip93RIzufZLf83giW65S74dLHdEDylF2oxNZ7fSS1IRvPCuLL1
2021-02-24T20:38:21.986097652Z 562 T88o5SiAgNCej3Xc8zGj9yCFeC3NU9eumWmjH7r8tyx9cJktYqMg1grsR1WB
2021-02-24T20:38:21.997304819Z 563 Tv4arg7jRWkwGtz2IH7zewy9MfHbCbif86qzvTTnxXnWb0RTeNwAwsFoNY5e
2021-02-24T20:38:22.008714277Z 564 tiql4otX7PrL8ZJr7Gq2BvAqj00r4mxf0TSwEk2R0uW1ytOU12yMso0kX7w0
2021-02-24T20:38:22.020266991Z 565 NddsOjrQikPyDYsXLQ8jaSZUKDgJAiqu0DjYAkOowLMtSGcPwe5YJOPNrDdM
2021-02-24T20:38:22.030789423Z 566 HUbMrXuh1uZBTJAvbcWQ6AG4lTb1jkWRFuZrei8LsLXzrFuYCMO8oDxyJD0I
2021-02-24T20:38:22.041969061Z 567 JZmezrJfJRTwNpEF40ofyxujDClEfRy8vgXsnBfWeRRfaVCvZ4m9wKtTJ318
2021-02-24T20:38:22.052784121Z 568 7VHAVzFV25zLImpugv0dxV1NQahAQhHrbHzjkrRzPNii466DA1eZf9rDJSnu
2021-02-24T20:38:22.063954178Z 569 kuuPsWhwLLXENODx6S8eH8dwVMCk8Kx47ujpsKRk8uxuMGeZ1HtrkIyEXLxS
2021-02-24T20:38:22.075143734Z 570 f8zRcwB7yShJ9qrPWQ8UNLdhlRTnFTnjws9hgsvAsWjRpa5Km98mZI6qHSsI
2021-02-24T20:38:22.085984310Z 571 SRjaLWUQaThUKnNearPiq8Ae77ipBxGZOqsEkgIe80SL932eRjdSs6ltUNMi
2021-02-24T20:38:22.097103356Z 572 cmG4lfjaQVSMXHJbFG6ZZObMQri02lO8QXX4A1KMUEK3SxHsmzN5GTewrTYv
2021-02-24T20:38:22.107689879Z 573 RDLj2IQWwsLYbYZwsWGeBBipeKRrT7TZvl4HmVKqqLdmM5vy1TBkfko7usnZ
2021-02-24T20:38:22.119428938Z 574 w0yKeSrmMnOYWQ5oqqGFfBm9Uo9rOIT7QF6vcN0VTnzIBAU7822lMWoPjuvi
2021-02-24T20:38:22.131052315Z 575 9VqHkolie4eqJP91JrHHrDZeVkzy2jVj7uTQ6ewsiOw1iukzhYkY9uEthsmD
2021-02-24T20:38:22.142210244Z 576 f3YoXkk1gqZAuo9oCDPjgSJhAq9ne1MKRSfcLnyddA9TWFNv5kFkHWsUbRdG
2021-02-24T20:38:22.152813146Z 577 fkLIjnOqPArLGEXqwtxCJbiFJjC8DsljcveDIycHfmGIGXjxD1kXX2wdWWpy
2021-02-24T20:38:22.164279026Z 578 GnoErM2oqyR5HX6M0uA1IImL3ppltyckh5GugiFV0hgqPQI0PVB5NTNUglQU
2021-02-24T20:38:22.174721231Z 579 fAZqgIOMgf7BazL98GWzdYHxnGORU5Z4PS5RPvSVWJ0F0BmUdwwpuXZGHc72
2021-02-24T20:38:22.186078130Z 580 MRfEVGQ95PqPyCE4nMHFkJmmazaGk0Idqgf7v0R4cw2S3fPXLGlV48rUGDOM
2021-02-24T20:38:22.197114630Z 581 kPrWEWDQi1oou0Ee6MsrjTuHm5b0KyfFT3MKFyLVrClVitvF5IeqngJSrGdR
2021-02-24T20:38:22.207585199Z 582 IId5OsY5lkPE32iJQXBCdSwIJlxFcf1HpVQbjLkageRsOhDLMVJpOomNqkOx
2021-02-24T20:38:22.218896785Z 583 r22UJQ1FsRqnU4Nv0lxUYvwUawK9I90Lbv2rEHD9M0lNRje7utrArh3A3mBF
2021-02-24T20:38:22.229311082Z 584 DjgNMLfe45t8bnCELkZpXEGCaEQAil79yrxkpoVdcRsPjphZ1aHdnbZpHLbd
2021-02-24T20:38:22.240554673Z 585 BkgekTjxDri9BCuLTpgmyaMpe3l0uf0m08FRSjhzVoqvt1gk713EA27FwdXP
2021-02-24T20:38:22.252416986Z 586 NdRBqHlL5rvamGmoLlMYOcKxnUaBDFca5NJWLLQCeY86LNcdbGw6zHCLz7BG
2021-02-24T20:38:22.263124111Z 587 LoDIvDQjc95T6q0hx9xP0qUNTVe9izQAqLKWVhCELNY1r85dXJeSV79qfu8y
2021-02-24T20:38:22.273781453Z 588 AMPTOYFjarx7VDgx4kYLOe0gv3kfTDsFq4KxnBMltvvwVqIbyVt3fxHSNzDq
2021-02-24T20:38:22.285184702Z 589 BQLfvIi1ZOGYHmlISXitN2C2J2mPAKZFSJxMOCwSUkjycT7SD35EcqiwSNkV
2021-02-24T20:38:22.296729117Z 590 mw5SoURdbbwg3QopenxlSJVVGYRTaxFwAfD3FwDDUqQNZs2iUP3c4qnGCHIJ
2021-02-24T20:38:22.308206608Z 591 7tks46g2Hjh8S6xx42l8R33R2OTfnhT112HoscMRIWi05QNBv9kkYupqfiJf
2021-02-24T20:38:22.319510275Z 592 IBvW7H6dBqLra9ZdHNCmDgNxSyEZn3jGnyw4mE2f5p8PoF7DWk4GPPPTejNj
2021-02-24T20:38:22.331147870Z 593 pgm8PUSGox5PzusczwIYNFv0KNjAEFAaQwRXn1BRJhNK4Gy7wSnilRDbcWK2
2021-02-24T20:38:22.342318498Z 594 XgKZoTsd8ue7ZhYqKAFl0cZvX2rUMCAfKKtYOiRIYIJtFUBtONewn7QsLkZg
2021-02-24T20:38:22.353833896Z 595 KCWV3bcAsXwX74GFl5sHaLdyXFAZiS8U4WO6VjVx0cTgTDd7JIAB1vrmlsYP
2021-02-24T20:38:22.365214071Z 596 nonAauWmyVrozOiIvBRY5sjNhJrStwXwxritp6IuKMCpM81CGcZ6J21Ci4oS
2021-02-24T20:38:22.376361005Z 597 CTm4nB4OuJAEN0JyS4VFetOmKdu5zCawv1EBJJgfQTWTzL3AnC9HYFhbkQ5i
2021-02-24T20:38:22.387821514Z 598 7wbtfMLS27PrlTa86HfkKaYcXlVj2OtkkvGWwW68nJiRHbyzjiVxsMYbhQE6
2021-02-24T20:38:22.398806970Z 599 OTUxzsNkf392NtYW9IAWmLOCP1lVH6TdL6owbiIWrzTpttWLKYqKxrkvxti1
2021-02-24T20:38:22.409910826Z 600 MZydm0YLrkLb7SenkC0U7M2Jls2e8GEmqBbUPqVCtKfX4N3fmk9FRs1mwSOI
2021-02-24T20:38:22.421063382Z 601 oTCsRKZWfgX98UOzX935ooD8ZOEuP8wu9Mz033WOEIuaS9xYCwMQrTnrmySF
2021-02-24T20:38:22.432195753Z 602 6Xt2K1mIAKo9H2tOOYAcNYozHdEEyP4Ayk7K1g4FXZy5OEJSS6goAMlf8bgY
2021-02-24T20:38:22.442637393Z 603 mdXZ5vG8yJconbImkwiKVqQqsStU8jeopQgHvJ8jpAvZlr7VObW5Vc4gSeFy
2021-02-24T20:38:22.454421137Z 604 M5JXMUyO09XvhjvMD316KXG88OeiWLZ4jLY2EbXMbtw7ZadQyoeAoT2eEaQi
2021-02-24T20:38:22.466450911Z 605 LGI6cBSyVzV5tIJugjJGOvffWqJf9XmMSlnaXolfyVPuPcOFOf5ufRGyX1K4
2021-02-24T20:38:22.477591782Z 606 SCsYErpqNgNlhSbQ8ar4LXTeaTwlLz1ow7spU4FtzZrJUx9qwSMJIip5C75g
2021-02-24T20:38:22.488918790Z 607 NX3xwnZZaxW5WqKrs0ZcFP8S7tI6zfsV0OWkhYDoS5HoZJcqhgxZ1JOIkdxa
2021-02-24T20:38:22.500451687Z 608 JH2uZ2gYDQc8FnBm7g7QdiBnx1mjAfBUgjxcUWppXxlc9rONvX4ENzC5zBPy
2021-02-24T20:38:22.511253795Z 609 DbaeFYYCflPz5MwCsElcrAbrxJD959OFaCHWAU1m9xXbK9VSH0vemlB3DGPn
2021-02-24T20:38:22.523322932Z 610 hrD3OiWqM1wB4jBL7kc2WuZNhC16vJYZXaw8RIO94x3mtLMO1GJ9MRtqV2Ig
2021-02-24T20:38:22.532906261Z 611 cwYJ9gdQbyiWzTXAKUz7tcvPh8JyBd23hMsk6d0FyNA6ZBXs2QNLLLb7AS1w
2021-02-24T20:38:22.544233577Z 612 oq8k7qtY9fdVHnrkgtA91CTk9x5I3yQRImWcKYzBSXM5XWL9qfOjD1QIaUzJ
2021-02-24T20:38:22.555335928Z 613 kPNPvpl2JtE7Z5DiALqOzgSrItb4hPJohb0pOOIZWzxDcVcwRYFgV2ga5SfL
2021-02-24T20:38:22.566535368Z 614 JHrJwCt1cyklC8EioicOmZU0MOjw3RPMnsrPlpQwLZ79o4SMNlg8VYAmzt2A
2021-02-24T20:38:22.578012675Z 615 RJtLQlaKIh6Fwl6PdSXiyGXT7ivBGOKMhD21U8i7cai9rTnYrSA17hwmDxH8
2021-02-24T20:38:22.589312896Z 616 DpBsMQVERGeadguw1fkrgJHuMiL8bBPi9zjnqQTsjXUIKtBlLdpzMfNl3IQn
2021-02-24T20:38:22.601076032Z 617 ZmYQA5BASenQoaPjIIb2u4UisJ1vhMJ5eECVAqKwAgXYDL7OMdU09Sc4uu14
2021-02-24T20:38:22.613109819Z 618 zsnbCUiONhgwc2lQhSWdlvfSqHvU173R5YXtGNEGwSkPBsKkSes5MppVUsGp
2021-02-24T20:38:22.624272595Z 619 77PMcIYAmrmy73It7EJC2EZnkifDGlOFwx3nNRbyFDQBEqzdr2T7UOgYKleZ
2021-02-24T20:38:22.634447919Z 620 5F9fyTo738ZNOL18hBkuHAmeXgoX5vxcWFEaMwyjwlVixkfM8WVfJwHFn2Iq
2021-02-24T20:38:22.646093021Z 621 DwZj0xm5gI2sIjonGo75zVp5AiLVoS5CaSpLzHfGCXTFfgHpN28Fx0KDlVnj
2021-02-24T20:38:22.656522015Z 622 8ZCT5se35eLQkqrXh7RyKzntKfTPxBjCbpugtJEb4LTthhINwTsodgXVwe5X
2021-02-24T20:38:22.668566868Z 623 9GWuDRjmLSSmAQGUH0PvH8i5ZEpibtNNkTE7IAru71MnypvLf6jFBhYBLuDm
2021-02-24T20:38:22.679596127Z 624 yXXFiAI4P00G7w1edsr8JY0s0BDqnugAWgqLbsJCwJm5KEEy1v1Mj9XqeSrV
2021-02-24T20:38:22.690853404Z 625 DbIkp0wfDMOp4LhuYGutzuuYZepIzaUZSd722bCwkQgVlrNrau6srVi4L30e
2021-02-24T20:38:22.702335502Z 626 h6wI6BG5UDa59pFD2RCZ03CZTrEnbwZoFokfkvTJb26FFuOjneTkRnwRFaBM
2021-02-24T20:38:22.714319568Z 627 9Ef2OOuPgsyYONpin6d0eNHb7SfK1DgIvWb8NyI3ohssCN5txSrZUjwblovF
2021-02-24T20:38:22.726254762Z 628 Z0NJpdsV5ogT478tnv58C0LNulrcfIdxUtMZC0MsjSEcxShXf6hImXb7E5hI
2021-02-24T20:38:22.737801255Z 629 2nCuxllNA6T8b9qEMDHCES3weD5kBc4lHggL57rU4E0uDNBSmhAMnL6AkgPf
2021-02-24T20:38:22.748447690Z 630 wlP8MD89HnS0JJzVyHA1zjmfxnNfHAAEyOvco7NPDTTCXv3B1EdvPJplbSig
2021-02-24T20:38:22.759902253Z 631 uKjSGuGZwzHiVyPgNt0zia0k3cxwCHs3CnicKj8aONrsGSZ2aW55xJ2LvTPX
2021-02-24T20:38:22.771315559Z 632 CUPD3f7VRtsOxYbR16XvjF789g6zr4zTb7eiRCCj8sWJsnVZpXF7GHFfkiiP
2021-02-24T20:38:22.783178651Z 633 fMGms5NlewTsQZvQxFQdHVoByLCisEb9BA9yosf4sCbLQOLGuhxobIl8ZmXE
2021-02-24T20:38:22.793900122Z 634 awjyhxGjBvqs578TdU132X4yD5KPDWyLTJJtJP64SoNWs9rLbXUrQ2C59B1y
2021-02-24T20:38:22.805437672Z 635 1cZh56WwR8GPV3szfkU92KSRwg6yPwRSwUAbNOqoBayGsUHAXIBmBdPU6fv1
2021-02-24T20:38:22.817011327Z 636 IVsVFvgkWQYc38dtberVGbmrKroZsd7j8Z28Yysqv34ZTHBb4g6qenWMX8pm
2021-02-24T20:38:22.827967568Z 637 o5UnIUFMUBzVWob32Koxi000r4DbnMxV6cTNMEp6UiAj1mSKjb19mXCyzgip
2021-02-24T20:38:22.839353030Z 638 CML22OFvNWbYzqBD1lQCJIv35HXZk0T6IVcYUyxzxhX9V3NKpIUe9ru2rDzR
2021-02-24T20:38:22.850618992Z 639 0nUC2yBoWrEdqX5WJ6iCiaLXVsT5au8xf8GKJelnU3IQyvkyrntGBXA8JIz1
2021-02-24T20:38:22.862004797Z 640 LqfZko4b0ASW5DmDXLkAiYTFx8n3wurJ6IFsmeLFevpupvM5RQ6g08gAZr5K
2021-02-24T20:38:22.873388379Z 641 gA9hcnb3hHyv8yYizsd2BFGggdXHHBizJmqjVtjEwoXBExmZa5oSiAmUoytx
2021-02-24T20:38:22.885082401Z 642 7dhBBrGgRAiqgQ20E1YnCUmvzkw0Fqgpvx1aISvBr098OgqXvLe7PQQETzrz
2021-02-24T20:38:22.895621802Z 643 xB79YH7mngWOuOef3BtD1olJUnWxpYV4frwQSBGg9oAJASP0uuXhfWylqKQU
2021-02-24T20:38:22.906860203Z 644 pOd27PQLk9BP0sEWwYQZUekjLiP4XB4fTByR52wxZZUe0shebn9VXWqKahCn
2021-02-24T20:38:22.918479852Z 645 UhAzEO4mrJmMniEe20HJOnMA1mHdy405iJZzWnVZGzA008zYZ4u9BpqvhB2L
2021-02-24T20:38:22.928689344Z 646 Zue11KJGbe5oagbcGu3ZgCNhEe098LtKGM7nasMYCdiydLJnqiSPxhWlIuuJ
2021-02-24T20:38:22.940257948Z 647 EgMieqs92xWmYvcusLsp5Cm7WDKjpAczhpsb6xDPq7L1HHvlI4EgQcgc7QmW
2021-02-24T20:38:22.951115809Z 648 a25TgnBcwwg7QelIOQklxgU0gdiwXeTuZ3fRcIAKCrozzA2Lm3kZ1HLy1lyt
2021-02-24T20:38:22.962275181Z 649 BuyRBvTWHRvIW5hYSN0zVNKemOFDvrtZVj2I5AveiGChsUBIdt2GHKg0Z00V
2021-02-24T20:38:22.972672969Z 650 zFD0NYtSHjswyuwVmRS0rdNrQqx6nEKDgYYcjB66bkWuKJYs1tbvTdugTcbL
2021-02-24T20:38:22.984246096Z 651 pNzNCk98CL4Dq6eJuaFRUi3se6YCpi53XybFa72RENAALPP2WkfPE7BSCIfc
2021-02-24T20:38:22.995036160Z 652 uLZLVg1waB37D5khqJzv5YeuAoFiTLsKIUjbiQkhEtXGQYQfvkoCW3ufpuT1
2021-02-24T20:38:23.006283238Z 653 5KtQTWcgLjGbf59QpFephJTVehSvrFKPjicqNf2zu2rL6SzWRuoQh4sol1PY
2021-02-24T20:38:23.016689854Z 654 V8b3fBh4a1u4RGK6MB6xQkz9CHYZObA57miY3onE2kDslE1YHotYWqHGC6zj
2021-02-24T20:38:23.028088221Z 655 RJwsu3ZgRdesOGPoBlVOAXxR36ssaUKKsb7rRW61xka3iQ7FubDqrfu4jwT4
2021-02-24T20:38:23.038942016Z 656 hZoJEG1aeDuszyotxWBGjPHdWyxiYN5aGCznTNGH2IoVbbZcB0sWldsI6wHN
2021-02-24T20:38:23.049590598Z 657 1mNf8OuSq5vSPweSbnZsURoVfQeTJVnJ14SUmuRgML38cEU2qTKLJg8khaYN
2021-02-24T20:38:23.061140648Z 658 eYKinjNPwdpgHt83Otj5rX0fgZkOB6pvC3tShbQOnjQesUdh5kSgLDZrPhKV
2021-02-24T20:38:23.072721667Z 659 p8MxSdaRXBOkUY5A0QabwvFIq2NwgpCzh7xCvbTYmWbIxJAHcaUb4VOey4tD
2021-02-24T20:38:23.083730054Z 660 jaOj0pQdfpzc6WTs8SHd0fjnv7MOjFOGW0nKlmXnDnseiqStwtICzLskgHmu
2021-02-24T20:38:23.095319877Z 661 YGdaHZUm6lgqcJH596t2rqrxB0tSlnGcHrVXjIPeAj3E4ZsL0xFhQIzQXzK5
2021-02-24T20:38:23.107527220Z 662 p7pDA9q6476eNpsVq4Ps8MvWeO1ebxNts40i6u8cGX2kwdKRboCjAyXyOjvo
2021-02-24T20:38:23.118965440Z 663 i0JsRM6fQB6cKcgwYYy28BtE1uWI2kI9vKCxCA9aB88fHqXILVRf5zKwkeop
2021-02-24T20:38:23.129806023Z 664 83f7YQJmgQ1w85Jxf7HeRbrqA11F6MGtZ8EmdAdEBpnouGO2dZZrkB07dwUu
2021-02-24T20:38:23.141241339Z 665 BxVx7OlGXvIKak9N0UdP1ZdFP3RZkp1FeIdNa47Ua8hCloQIMOWPdzfmgwcO
2021-02-24T20:38:23.152829338Z 666 otMiJPN4vIrTsOh1T5A24mGhakOFH152qlQmMnt6dVzcLwxzlRy1I5gZxLoN
2021-02-24T20:38:23.163803835Z 667 m4ngtDqUTpMu58Y9FAyEd15l1PFaa78BeTLQoJpBON9SOcADz0VOPxoyVNdh
2021-02-24T20:38:23.175047075Z 668 nOTbCYTxRLFzu6UY9YniuC6RyBz7SxjnT8f9249M11KB0dEPBtXTXZKR95te
2021-02-24T20:38:23.186019569Z 669 mx5vhY7I8vpMMlhZ9ReZnNznWtsNmVkIyTOaXbNJNYP4B4hEG2NNMW0obZ7K
2021-02-24T20:38:23.197311129Z 670 X0SZobSYugWNE3NAugRyzNT9jIH8xdwYhuVZc0iqSphJah4HAigjAjCo5B70
2021-02-24T20:38:23.208833581Z 671 Gprlx1xRYFhoQPsiXbVqOvhS0nYxpTVdtsUGyCnGCJzhdJ3pILomSjxq2zwY
2021-02-24T20:38:23.219902489Z 672 bfhHs1kL9GufHwEpTLq3xsoHIp7RZ9pPBdtYK9qpMr0VZO3yTUuBaPmiAQPa
2021-02-24T20:38:23.230756252Z 673 eLn6Ln3D7TspeeVhSOZxBBOYWx82CkbIhTp7rDILbaamenGRRYfDnvo0CdR4
2021-02-24T20:38:23.241859425Z 674 32KedtL4rysm5uFpxqaoZSxuCYV7R5M4TjaMKUNVRgH1AQ7WaURR0YjMDnSD
2021-02-24T20:38:23.252891100Z 675 3AZjSI7434RZ4KKQCiQA22cOGLIKOpPdkaFpYyVr7vksnvxS5hNL8c5wcksn
2021-02-24T20:38:23.264276410Z 676 O2D3a9p2h05RTCmnoumbzD8trnqHPkWW2g9EhAbBrZNquNHAAyEgG7oPq29h
2021-02-24T20:38:23.274754788Z 677 AkddRfA5uFhLnR0MRX46k0LtPfcYK8vHh7bKDkREAs46exaTcOtiKlic07TL
2021-02-24T20:38:23.286316622Z 678 5t5DisxMNk7vxrO1osftOiJvGmtObJLo4kms67SA3uUWDbqJoWDPXFOOeMwU
2021-02-24T20:38:23.297456556Z 679 uJu004DtsUwIcvJTLHTycGELZ5KbjKR7ZPoBSmBkYSl7f6SXyGrhvliykePm
2021-02-24T20:38:23.308556994Z 680 etRP4wyCu1fBDrfCdoh3Y98SHK1kQXX4jIgajHvZmcQnlIEGIJbgl0fZ1Uw9
2021-02-24T20:38:23.319929192Z 681 ZyyyPoyGHsNZ5YwnJhBaMaBn6NTFUExsaa4HdFQwXi1cScGBnZEL6nEnixcO
2021-02-24T20:38:23.331065046Z 682 8zXhsoM9fFV5Lxsq4Q5aiGaCAwTfFwKT2LiaZeH1kbma7ubRooO3d3xVaLny
2021-02-24T20:38:23.342204016Z 683 7rJAlsoS87u6QHpRhrddbspdwRY0Hi9pgGRxMOpfQK9Ll1PN5OAom4jQb3Fp
2021-02-24T20:38:23.352936646Z 684 2WjvXPcZLmimPH7yipceHIyv3mwtutypsUxuV6iyOXShnkQTeL2KDtqVrCGV
2021-02-24T20:38:23.365480140Z 685 lxo3sXB3DMVgktZchBF1d7ApYPiBxQupp0gEQ4IqCxwNdPHrtK7CDR0ouwio
2021-02-24T20:38:23.376874411Z 686 13jSzg9yzkTiqDjPXbBRvtB4MZwzaOHNAkNfm7bh43Ps1eF3yjMrSMcmJkbX
2021-02-24T20:38:23.387858813Z 687 GhWKaSpXq732w3qD19l4EhdFqrL3gGSiDzfsE8fz3z6F5WLFOkt10CrzLIoA
2021-02-24T20:38:23.399295905Z 688 ZG2bj0i7g1D1eMfIfNCNL0A0GQeTrz3HuprYPdvw2Dgtsu9ICpLXm6znEwUe
2021-02-24T20:38:23.409838595Z 689 8lBrCzu9WMjtDRQUcYUvpS8t77sUjuN8sV36741W0tHgnQ5TlCjacipJvlx8
2021-02-24T20:38:23.421055649Z 690 oOT1D9tmsLtZrbvrQbHGrw2Gaqotz6MIkHemeBjrvnhxSLilIgm56cqIHdgO
2021-02-24T20:38:23.432899823Z 691 5cSX4sZhYziWcWGQ4q4tNI6UCCv8JusFZUvCZ9mfAZu5GM4922pZ9x5AzC2P
2021-02-24T20:38:23.444366959Z 692 wJCN5iXRUHayQmOP9vXV9ixq2Aql0EhEqY6Nh7zxv56Cmnv2dUZdOcpGa6zU
2021-02-24T20:38:23.455652239Z 693 6MTgn4R20h9yzsLMqhS7qr28j4xs8mPGsyCpQfNoTC6gXgJJZlaTY9AcuIOC
2021-02-24T20:38:23.466929758Z 694 0mlUyMw6n7Py5QFjHizAquEKYb5u0HJGYQDCVJHN6n1sudnpDnPJdLygbneF
2021-02-24T20:38:23.478065840Z 695 ynWFFkEpossAgFm616YQHVYyfwH1QyI97nZZmRcJ4A4sMp0GwgnkDGTSFIuo
2021-02-24T20:38:23.489047920Z 696 KlyzJEeDlkL4TT98qOfBCqQMTJ7P9GFUQpodvb3FrIEZqhzIRaK7oahim9Em
2021-02-24T20:38:23.499819461Z 697 3cB6IZGgDWHMU0OSLVfSHuApvwouF6VtEk1JlqvHFTpQEi4jE7UBWSjMKj6m
2021-02-24T20:38:23.511150619Z 698 8p8yTRk9KnDbgeu8mP5flejW53KcHOKJAod0fyOUFqAEEprWqbeeNb0F4FWy
2021-02-24T20:38:23.522206857Z 699 LvWIL43CPD7GC7FjazXVXHfEBnlRTlcghXCwiDZ1V4jX7O23HCZSnprZNqW0
2021-02-24T20:38:23.533477240Z 700 k4FbPZ1OmTNJ0IO4wlMm7qaJsuTxvRJILQOjpJ4KTqbjjkkDaR6ZP71xAzic
2021-02-24T20:38:23.545079510Z 701 eRkPoJlIMrAICl2gr6BBJ87JUI2uv2kDsFHVrTdGbWqCAjYtDNOHdqTxTJig
2021-02-24T20:38:23.556138831Z 702 9kAorxLqSZYVUNVRlFhunC8azrk4GilHedrSh82riiUxwCZnZRpob8yPCKY8
2021-02-24T20:38:23.566988101Z 703 QZ1LE72412Bhc1Es1yyconsS76UQBNhwABTJqEH7nOKhgeDRc4mAEvMrbz12
2021-02-24T20:38:23.578264793Z 704 CI3bzvvZgM8sHo2IusvvqEjJMf8kAmgQhB9fBhl8jnu4vDIdnPCkpcTISK7E
2021-02-24T20:38:23.589532950Z 705 3F0nRWAyznw5T25N2FKV1utjyqwcQYmQfO6ib379pow42SYsWaSNWrH8XVJn
2021-02-24T20:38:23.600846627Z 706 hHBSeIKMolsWpemqDuKlCu351Vr1eY3YEqt96itJ01tbMfwOMls2rCkt0nxn
2021-02-24T20:38:23.611957506Z 707 ciVKYgl5xT63KrYLiapDHnOHUmx29cywqmeGiW8VHfG1FMDRNFOsFi3gPb7v
2021-02-24T20:38:23.623375370Z 708 3NzR56nkxpaaPYlbP1msZAPm418GRMMPPQGrHaFQwL0YXPIKrr3FxCb40M6F
2021-02-24T20:38:23.634816257Z 709 qTsT9G3pEwC1FaY7hw1hzWe7lSQP8peIrlVtCBXrT9vuimmHRXz5p7FvQzNV
2021-02-24T20:38:23.645395476Z 710 3yjJaVjC9KEwrLJ6hhsCHOXpe6b49bOAdqaOXv696BleayvbTkrWBi64jOUl
2021-02-24T20:38:23.657161890Z 711 jrqH4O7JrqYJbUHv0Vq8t7CDKhsx4UNIOYwqjRNrdld1VHj2oSxk0VHN5PIx
2021-02-24T20:38:23.667654885Z 712 swX0OW78wHKCzSE620rAhDRHzLV7cafgnS9EX0Q8500doZHlKVaxBW6Xas28
2021-02-24T20:38:23.679375397Z 713 0jrrqlKAdwvJXPHOBTXmEpBkZjiy1WyUQcPb12bfAaH0bIJurovLtp7oCYGi
2021-02-24T20:38:23.690049932Z 714 GtGmFi1vaCq1k7hfODzU6EfPy8K8r7jIFpdDpcFikuPH7le4IGxhcXb7124z
2021-02-24T20:38:23.701407386Z 715 9ETSCzJgwSaGjXX4DQUnaOYSlou65XpmTI0wQMC3LQyRyM1iOcj8X9VSCrGa
2021-02-24T20:38:23.713081799Z 716 qW6MPi7BJue3Yexw7sOJaD0WMtU1j0fPn5BRuN5D04y592yS5efnx0U58WeJ
2021-02-24T20:38:23.724238724Z 717 A7upRDYZR9kRytqRoQX6VRXr0FFVJtPOOGukCpcMbDiUwGp4YG9vOqn6u7md
2021-02-24T20:38:23.735349839Z 718 TnTUcxIcPatYmgPB6Np8Pmd9k8ogy2EILh6Uf35WZK4kxAa3Qk9YEKlJ37tW
2021-02-24T20:38:23.746514536Z 719 uGUQyHumXXD5panQBbTXw6QqMgC2MhjBzhd3Uf398s8C16NGpsCj3xyct4eK
2021-02-24T20:38:23.757954778Z 720 SxeYMRHjySHWhDsigme3EUxeBqRVAP1YmEPfaCEFcgZDfqbpUn9pvCCKkuPT
2021-02-24T20:38:23.769038118Z 721 3cwf4KEktLFVsUjgclLZKUBXtJffA9Q1HqJNYGKZucxi6Sb2OGAwwltPzyxi
2021-02-24T20:38:23.780037573Z 722 7wOqiDiL8Hno1BGTIbqjNABDYMfbZh3HMdFqNQddRHCc8yCQMvh6tavMP8uo
2021-02-24T20:38:23.790858733Z 723 L5fHP5B97KflSzgCa4K5iDRPubCkoN02oDwCFiZC2DXsfWW7MyBxUW4pycTn
2021-02-24T20:38:23.801848007Z 724 2CoismSHjLj0yh0cxm9dS9Wf0KC02hFzpgKXtvWN0LC2QkydDvbyMmqpSwnF
2021-02-24T20:38:23.812980395Z 725 aWVx1sp0Dimlit1xi8cpXRamlNAzsz3C9cHoBKbKE5i0nPuIpAwBxIFE4VJh
2021-02-24T20:38:23.823966236Z 726 JSC5LBMgqBvS8adClRi2IUhS26y3AycnlFKMgy4lCiXlyFGR4jZoRhEM7GPL
2021-02-24T20:38:23.834950775Z 727 5W2Dq6MEzS0OHlzPzFxO6UIzdAT74odIRu1s2L9R6iwY7WsPOXSZ7bALSB6J
2021-02-24T20:38:23.845686749Z 728 V1cT5ICVooSBZgHqljq7wP2ubCaY92y5seLjewnAA61L7B95EDalwcsD7ElM
2021-02-24T20:38:23.856664761Z 729 xxBDLKi2fVF9w86DmIAcuRbbCqiKePqcGEcgkiQMna4w5qDFEEtvEN4zYq47
2021-02-24T20:38:23.867902425Z 730 zf3xyi1WaxTrKqqkFVTUGIK80ed5oLCnbE9vYtZGWUFZQmBuFu6spjE8YY85
2021-02-24T20:38:23.879259716Z 731 0vlXdhHDKVOmZMmL0VdxIyrO4wtbLYnlGMPgxuXzCKzCtfoto1OtsogmGZzP
2021-02-24T20:38:23.889590901Z 732 hocYKFUvbHE754QsItl4c4deq8S18TYvajBqBkdxcRa77b4pEfOVh5jyG8CU
2021-02-24T20:38:23.901313256Z 733 70DgXtfo5mTy8ppWIJ8BYi2xLfYYmsqICCTTTjAsi73pvaFxOd5vGCu0WLak
2021-02-24T20:38:23.912595304Z 734 Eig7ArnsPsbHddm8RdPznoEg0AUGOPci5J8U4cGKL7szWLKSLOcVTfxCjiox
2021-02-24T20:38:23.923852303Z 735 diAJrQI3dTYT9f4l5HPWBjQcBQlHav8fJo6u49Q4GtUgMHZdNQnLEOTTixKe
2021-02-24T20:38:23.935269022Z 736 jYMDDyFIu0aN3ofmnN5EWG30repqvXJHcF1kSCOzNoaQn7Pz6kmtiCSwSiF5
2021-02-24T20:38:23.946548394Z 737 ayP0gx8MFitJMXBD80ive1HXGeB7S9rRPKiOZBd7C5y2rtPChwISueLGBXds
2021-02-24T20:38:23.958207835Z 738 dGdDpB34pgjWzjrSMyxMQucvDcNPQ3xUYFO0cCrNmL0M1aqdYp4BP5S9OAcY
2021-02-24T20:38:23.969004177Z 739 A7cJ9Pwh2e9qi6dYYxeIUlWLCP2X5YmCGx1PxpTPlR9BaEfTxnuyIEwP6Agz
2021-02-24T20:38:23.979691286Z 740 c4EQ2EqrZ23UaZcS2n59vgInXNegDTaohd8wCFOyqBbZM4Sialnw7jiGlFui
2021-02-24T20:38:23.990833757Z 741 CBivwpJqxJoOTFsV6qgTMY0pvbiLd5Cv47r8nplnbyMQWXhxVDk6jCgCpzLd
2021-02-24T20:38:24.002164078Z 742 kVAH2rcgdubv9AO6LT7oAOxv0Kt5gonYqo9i7ySB7HBFtDWg6PGSfLhR9KlB
2021-02-24T20:38:24.013353533Z 743 T9yblsIMHsDv6heTJuqGPuVY6A4BULyFAKsBzUytMNcRR22TlYxov83bWW7S
2021-02-24T20:38:24.025403834Z 744 w1gV8YdpNRU3JK342ZGYwWfM562W9MoMvUoXJmiEpfiQySnXzlSMDXKyT9EA
2021-02-24T20:38:24.037185328Z 745 b00dP7TYKg65nLZl8mwMTC17A4EQoyBOTmRXIWK7dsIf9Eykyu7aJLCvqCrX
2021-02-24T20:38:24.047781786Z 746 GZWerMzFQskDJiCdIsdgHB2m3H5THy5scCFDn33wnDKF2VgePVwXaJaODti3
2021-02-24T20:38:24.059272062Z 747 awV5kVcqNgQH5kcyOHcMvSBCLQtZKMIjsI0eDznbpaPUBdodDZzSoMny6vWZ
2021-02-24T20:38:24.070766097Z 748 MjiZeGhuCjFIEJWgdNKzFvJcC3QXxJyKgy7qxjl1JRYaCTZukrAAQthMgtXA
2021-02-24T20:38:24.081952586Z 749 rFHOtoPUngn7bQT9tQuc7fb6G4flMOcC6LpRYnYhUjPYoKkEhSS8jcKSdHKx
2021-02-24T20:38:24.092839998Z 750 KLt4mOQ31Oqb1tjrNV5eZXRN9UImVU8Mdp96VhDzTuUF8GQ8RuohpkNNrxIL
2021-02-24T20:38:24.104491475Z 751 iqt61WdNbIWSUav32tImJHEKRQTJrxUYC2MeHhDyNmqCALhI18xvuP9j7DVr
2021-02-24T20:38:24.116332080Z 752 e0JprEvcV4sx83tCyIuNCpdtWqKvJj7u9xqFaxoNBKFVGUH72yRZoBwJa0yh
2021-02-24T20:38:24.127555551Z 753 xXglLXF2kL6ghFpmxFCHkLXeRkSEXzt4rgIcpmy6gMaPDdJyusLBPJ5YCFgQ
2021-02-24T20:38:24.139169763Z 754 feVgVqRZXGsHlbEqoqB74lwuV742mxXcTNOrCywDlDCCxho4X2XC3RsW3QxX
2021-02-24T20:38:24.149691213Z 755 3dwsMhq0JkkNnExmxfiXiy28J6itTZFOf6UEBKAfgvgnhvtjmIwaRAJNhmsO
2021-02-24T20:38:24.161036421Z 756 THLcXZODTmv7JDmEoykQ9vq2fioIFOpHICf8hvxe2rXpEfEIAAy3mDeBNw4X
2021-02-24T20:38:24.172126121Z 757 qIAW0p4T9Kxv2pG9AYzkMTJDno7i8pSGam1EarpUsDIUh3sCS9BNlC0XSW6D
2021-02-24T20:38:24.183426600Z 758 STEDN1XTrbY3ign0dxP7FNCoJOEmmlucTWji2UtaDbptc3DKqEfvQE1TSXOF
2021-02-24T20:38:24.195174271Z 759 Ht4bREfgxYE90CkVSmBYHOTBiEr6KA7wSu90wVJNIMGG1aobKWpXCDpZgxVE
2021-02-24T20:38:24.205363211Z 760 TJHtuCks0nq85FnOMftbMfZ9TGGXWh9cDXFjRmDnNWqNwnrGXrHsclh1kTOR
2021-02-24T20:38:24.217043319Z 761 mgmicR52v1PnmXpYClWieja8JuB58twZAX5NhXGbTUjOgLltauIfKdpsPM8j
2021-02-24T20:38:24.227664491Z 762 k4echwpz3hjEE3FGPMJHy1oLFeyrkNQKpVS3QxclCAcj0sfkTkDrCrxULM7M
2021-02-24T20:38:24.239206424Z 763 R0pGbUFALioJcxkVdohiMUH0HzCr5Z8bCCpVn1QYirYnp7EQxmcHGVQb6Vlr
2021-02-24T20:38:24.249796021Z 764 aNKnvA4P9344DVWG2bLB6efIfMfIuiQrNZZElFhgV1A1ZmIvLXcOe5vMmGio
2021-02-24T20:38:24.261403577Z 765 XGl6hLbjY5G6LaPF8qWpbIAuxcFqB6xRi8ag8CsW2dJFiEKuPXIrqniZoxPm
2021-02-24T20:38:24.273390056Z 766 C1B8hpYcENlVVKWBK946jHuiGjv6jPqYOHKKGWvYDEhIvea2RXAlELBCrDg3
2021-02-24T20:38:24.284635479Z 767 6pD8BRlmKsvl41rhCfNjaIFgbvs1EjDQ61BnZjzGj3G0Wif07plFzEh834nU
2021-02-24T20:38:24.296239486Z 768 GuvrFFrWB4NPRRPDHSfAP7NP5P3dXserv1cuTCGOPjf9PQNbykN5GsPBfSeV
2021-02-24T20:38:24.307580431Z 769 ZzvnHjFhtk34xP0FCkZQymX4fyz0bDsTvJSdDduAgYVpWjScgJUX7wrpov6g
2021-02-24T20:38:24.317986385Z 770 tPuFP0wQasQuURLtfYdCJbnQWTFmC8Vaz6abu6DkLzBN7uzzOAxuyJoFjHVV
2021-02-24T20:38:24.329561615Z 771 0zG9A0oWXTBz9pUZE96qUKd6eZX370YVrQW2mdipHfhGcoz3sAGJw7PBZaHi
2021-02-24T20:38:24.340885294Z 772 A1ztjfT30KoG2Zv2JdcjBXTpBmY5uDffaE98EKcWQ2hKVTApAUBBp8BRAkA0
2021-02-24T20:38:24.352043955Z 773 hAqzd8JDCsOh8xfZBrJtUz0GFuMezK6kZnVNpqDarBMVT1W3A5hixtlDB1QU
2021-02-24T20:38:24.363491218Z 774 6gK95XNG3zdjMdKAwEmyNqpgNd8tXC4c7zE5kgBdJUyZqGgQnzUcuRnHTAtQ
2021-02-24T20:38:24.375643320Z 775 VoYxlerjczvziQgLcFhHxmz9aMkbE5GE7dt9bBoP0mSYrtZFrZXnhr6NTJbz
2021-02-24T20:38:24.387377957Z 776 7TmGq45rFbeOqsuX1Ntjio8PPX3GIyK9igpoftsVHjzrb5fMPN7Rx4gucsmB
2021-02-24T20:38:24.398710111Z 777 YsDjpAU2wCxeQzLBOJUzHWPmXxxcvE35eayrGixEcz0XgxzIUMj1wJ391GUE
2021-02-24T20:38:24.410040862Z 778 9mlI4j6amDEMJttttW1geWH1BAvnb3X6Yx0VdMMEZHbL8aYKznHZlITPQG2A
2021-02-24T20:38:24.421105901Z 779 FwXylnAwkkNbiJsP2HXILm2ktkBT5W7A2HFtv6Bn4skcjNIvoaYZDIJW8uLK
2021-02-24T20:38:24.431978223Z 780 gjWLsb8WyClR2wfnssiXK79ZWVvYEL047TXf0Phw940hQV4QOLc9SBhMZEeZ
2021-02-24T20:38:24.442994707Z 781 ZDpUFfAWwYnRJ6IhWCCRAiQZYc68ZDjFbVZfvny2CfrYp6LBnAREM7AgwWUL
2021-02-24T20:38:24.454320065Z 782 BoOzhu3EMzjmjE7rXbYtnAIpnDAeDrQveCkIh8dmORT9TMeyQg2kgUTeAAD6
2021-02-24T20:38:24.466126999Z 783 aL5Ue3kRcJyzU8Q98UzuEpqSEdQmuMwtPtEL2NTEcpwwUsz7kjRAcqbu6ncs
2021-02-24T20:38:24.477340859Z 784 cSSKA6gOafqy3gNb7hP7p30MdwZhiB5BBAik5fU6XYqZoxT8kVbMhf3oRkoh
2021-02-24T20:38:24.488830148Z 785 fKlROZq2YpiVAh5q470sXn8SfkYid4uIhkKlCiKSgrWaVJ11B7wzzrgd8tpc
2021-02-24T20:38:24.500061756Z 786 g1ObOx9Qw6NbsfvKeVTKXO16mBiEeQaeWlFFAtzkMwxmiAmwaDkzyf9mOmd9
2021-02-24T20:38:24.511591541Z 787 kzHMWjm9UzRW8n7OQ8olGyJucoZ9MMUh7xLUiiF6HypVfdjRFyIkiP3OAiGb
2021-02-24T20:38:24.522746928Z 788 bhnQMX3fHJGQktevPg6VhGmIuMHKqSDrES0lTGk0WLLDi86w3IlRVBV1YSBC
2021-02-24T20:38:24.534280129Z 789 ruGwaa3VGNPK1bgydg1q1E9qCvg2RIyWzvokDITWBvfWvfvGgdpe0ykHjeLz
2021-02-24T20:38:24.546252349Z 790 8X2dh5lyNXGLD222ebq58TCiukNf6hIaYSkWmLqGDm2dzd7w2BUYTjtM33PG
2021-02-24T20:38:24.557960238Z 791 ApesNkvJcE8c9QQGwIjIpgCxd3x2cyZQco55eqsPhzHWFih9oFUjWvVm6vf3
2021-02-24T20:38:24.569475556Z 792 VhOLz0tleAvLg2bx6qSXO0ypl7CI1hwfLI0C4J10Yk1VHaYaCD6o3kpgfsz4
2021-02-24T20:38:24.581513857Z 793 VyMNlaWlZXP7oMY0RkwYYt3ShZQRZooOpthXk1hcEOOWgdEsG31RU9Nu1e7C
2021-02-24T20:38:24.593053865Z 794 J9yvz6SS6R78VHe6qgc6MDWMFyCf29kI8cx8KN4usP0isdDO9GOOVBOQxQMl
2021-02-24T20:38:24.603574566Z 795 MeRSsrPY8fBlm5L0d9puv4L15zLeoc9AZlyxC2n15nGqQAtqreqUr1giCeej
2021-02-24T20:38:24.614909476Z 796 B98hzUJIUPJMCm0Zz3RSA8zgvaw0vcxPOzZlxsUGyPlZSbTngCYVP6oWuu7d
2021-02-24T20:38:24.626450459Z 797 YwKYyXVkH0clPnBYtZg6dIduoWipGL8yNF2zGD5KROpaSpdPPqdzyntvxiJA
2021-02-24T20:38:24.637107020Z 798 LdTKI4gpvZnADk7K4Tgu64kd3mIz6ytG8P8WNPI1Qop1fFuGX1hT215x6Uut
2021-02-24T20:38:24.648392382Z 799 VjanlQNHouhDV52w0k6BE0cjxjGteiJdzLAavTgwQS3VIK9ZhxLjyTY1LwtP
2021-02-24T20:38:24.659943672Z 800 YzOzf3uDySsRSShMBHHJcnaYV7cOVbrl7j9DvLlcm9JtfPWrfliX37Ub4RrW
2021-02-24T20:38:24.670947641Z 801 6ajcDxaOoI3HnYDfYnnx4o6lfWbeHivLzvl8hRrq6ZSwQTcTnLRMkNwVwxmF
2021-02-24T20:38:24.682244406Z 802 O2NeGIdhkKPbl212hE9y8eNQTyRq1TtjggHLv6qGQX2oTNwRteWsHiRTD84l
2021-02-24T20:38:24.693677339Z 803 1D5J2rYa7ZgvMsK72Ag6wEtIXzKSBYrs5A8zfIb2c9Ocr5hztZEVihLbG3kN
2021-02-24T20:38:24.705480234Z 804 UotP5xvpuePoRsbofz4w3xWLvb9yqjeML7jXpF9CbUmijSmdmA3EXvYAmRJD
2021-02-24T20:38:24.717180166Z 805 QDNiqDFM7bObwIpCFlu1uua7cbQyt0U2TF9cxtdOkNaphb4gsEIzuKegJYOB
2021-02-24T20:38:24.728369469Z 806 wpJZM3XV3b469OKnsNfsoO2qwzNQPX6klKlEXiFg470jnqxRMLtuah9scsNS
2021-02-24T20:38:24.740375698Z 807 h83GplNtpZijQQ2iv33N5PuIqNV1OPPdVJA80HdVxs5ANFQOxX0ke5PO9wpD
2021-02-24T20:38:24.751842665Z 808 OLnfvi6jwX4jNCuHVvA1lp98kqKgmmfIrN4MuE5JyJELU2GiMwIaZbnQv5pk
2021-02-24T20:38:24.763094234Z 809 bjn5j3WryDxgkK7JuBrlo0Y0CtUpeafr3XOOB74AmurcLwvbV4pPeam7CNRM
2021-02-24T20:38:24.774499390Z 810 LAJpVSGmWXYSffOvFcCMiqOkJVpWOjE0PD8mGf6Bq6fKvfNn1kCPuKSiLm4m
2021-02-24T20:38:24.787960467Z 811 KHPUoObs1xZOwS3ahWZZfYeKuMXVCSeRtKuuxEjBjAdlY9xhpwk7vRoii1fI
2021-02-24T20:38:24.798550957Z 812 PZBTR81K1e6tdVZTXknfMmieoYsT7wwXRYxClg4go4cm968jUfzbHyLBZfL3
2021-02-24T20:38:24.810407431Z 813 MXTjmiu9Kp5349Ny4DDnaol1hkqSjB6xPFzS4Dk1LzaU3LSaHPChiNmF4xVK
2021-02-24T20:38:24.821909727Z 814 JFoTo8sgeFVNjolHsCuSuTTnapndVNaWGSA4tIlHWwcs4Hgs23nUSLu18kFc
2021-02-24T20:38:24.833412423Z 815 eZsrqxfO6JtsPKjHPYD3obdj2NGXrnFAPEHxTH8RHSuwf3i0yU9C4YMdw2ro
2021-02-24T20:38:24.845172061Z 816 g4qvKg5egMQiMaDvJQJYFj6fah9Xb1mrfP6Ysz22LqXqH4K044DkAILNVVUJ
2021-02-24T20:38:24.855763544Z 817 OOykI778ExBBnTq7f6pvG8oMy7P3V31Qu9FT2AqOUnGg1nbJlF7F1w6hfpAG
2021-02-24T20:38:24.867106583Z 818 8GqZuEf2k0gYeMLOTtuSMpGbgD95tg7mKldbWKiKPg8xLKxHKnFmfxdkYsaI
2021-02-24T20:38:24.878242741Z 819 6UJ4rZmjwgYRLcNTas1CuzArMx8RHbDRT031N8GyF4DDw2C6mrkqdlmi69Ec
2021-02-24T20:38:24.890144441Z 820 QS4aCQfPSLlrTGy7p1w1nHhM7et1oQI53DO5blJKCl8KHmoViTe2HwZzVclL
2021-02-24T20:38:24.900959054Z 821 gcyecrQqQOBNUFeu3ENkjbwr9mTkOV4hrlt5eGcJ8uDk8yzSggsKiHZHpzlK
2021-02-24T20:38:24.912325835Z 822 gwG64J66CJP37ZjNjEKUxn6TlhY4CDk5OMAdjh7pfvvQz6pCcT0Si7ZtK6Ef
2021-02-24T20:38:24.924401863Z 823 7RlbATdaiWX3YqsymgtbyHJH9pOlYbAXBbeGFmlZpGeycPt9PEVjDJXjRMk1
2021-02-24T20:38:24.934579017Z 824 K1hKS1WzOfYrMw8xeyKifwjc0Ul4EhhWmkKdP1j8RYUr5fEE2W8iwLeyU2Wt
2021-02-24T20:38:24.946060646Z 825 9D9Wg7LxKuvJOxj03kNa6IZSAa3vqkNMljK0JBIcbqfT04kfiWVhoMlekT3p
2021-02-24T20:38:24.957454630Z 826 Qam5tnRngV0ZZtoc30Kte3xdmBXfhV5DiWCWKGCL4uHnLqZTAf3sbkQuZNbT
2021-02-24T20:38:24.969157093Z 827 7mK9V8ejKeMou2Njep8iQ5lDM75JvWCb875MJ9j2KPN5ZUvMxQGV6aYeph7P
2021-02-24T20:38:24.980466790Z 828 VRmPjS0IplYbSs6Xp237tfVt7fF2QnPtIMXZnA1gXrMhQUQ9SZXoKu7nA1ra
2021-02-24T20:38:24.991113801Z 829 UW7wxOjWM5H1EChNsPwjElYq3fHQdTOmAIC2wFvQAUX5QvGkSHslzWeSvpYS
2021-02-24T20:38:25.001486642Z 830 g4Z4aOOHbkknxAdIWUVA7lxO1FEZ43FOplhFxXIly0BrxxboRkPHt6zv8ZFM
2021-02-24T20:38:25.013069267Z 831 GF3nsvZ1OWtdoq9rJTgooPDZ4BfAVW8qtOXTllsMmxr6KxzEmz8pNhpqGj2F
2021-02-24T20:38:25.024329211Z 832 39ITiVPc339pqJzvH7AXDmw5zaAqJ6fNBAho8qfoLEnxQzuoVDboA5cu3W7Z
2021-02-24T20:38:25.035969321Z 833 H0guFUKvZ78oAHdIBqJwt17OzElKNHpPZO4Mfx2HfdWlDyjSUQOJjr5sTuji
2021-02-24T20:38:25.046862612Z 834 8QClfYGh9O6xtcn5ecmmdWgAGhjJaqRtti9qH2A0ebVJDPsfPX61ZMPd0mRo
2021-02-24T20:38:25.058488991Z 835 ow1jG2XKVMV0KM8GF4voDx5TH4cCHw593aDobuuPdkWsvJpuy19NOPNzhI1g
2021-02-24T20:38:25.070392201Z 836 mKp9hOTpOcLroenfgP0WMe86OSC3gOGbRkdcdjBCFQywagZPPGhfiv4g8XRm
2021-02-24T20:38:25.081491443Z 837 W19ix3Mr0TC4VHdnqveshYm9ek2yE0AKxUlRmOCKXopA8tY25BwmTxMpvvUN
2021-02-24T20:38:25.092570330Z 838 4U9Byl76xG2gcXyTaZP6zT9rMEpkIr3DiKpFH3uAxFOVHqWo8AfRQlFoThEJ
2021-02-24T20:38:25.103878508Z 839 efpvnuNAZIcntrS8Ploq26hZonRfcp0tXfoh85vz1OXSAWvVWN2A7rIX8EOe
2021-02-24T20:38:25.115263766Z 840 LBIK1KacjPdtG7hjUa32pALhOOU7E8sb80TmppCxenhGXKVulhbSYXfh4oI6
2021-02-24T20:38:25.125981253Z 841 aRff1fzvX7M18NUFRvgcFIXiut58VK90MrbbieLLAxl5qqHcXQas2csjfbQG
2021-02-24T20:38:25.136982746Z 842 ip3mnLNsBNSE3Ixe20ZrKUyyZWBu5BYeaPbqG6vsO0hL7XMVj4vKK95uEEqx
2021-02-24T20:38:25.148040037Z 843 Vt1M923sYlrmSfDjElF25p4f4pPILuP7Zm3POXB3x0zR0zLwchNKzs1ScuXE
2021-02-24T20:38:25.159107331Z 844 NtA3BjH5v8PCRdw98meT8C8vMBQoU4vmmaWqzETbtZQM56IXAp8jYqgoZIxz
2021-02-24T20:38:25.170175969Z 845 ipTUau0gpKpSBHqXkaoaqcaHnhefKOsSwNH5Y9ZfeJrmre5hajV14QLPV91O
2021-02-24T20:38:25.181495854Z 846 UZh3VXO6fSZLezVMnPEriiLNjFt2ozKS7YrOw4Iyl7QGudgV83rAX4DiTZvS
2021-02-24T20:38:25.193182661Z 847 3viSMGDsFGGIN4I13lYa6r6pa0B428IClvbtFFxddAKd5Txml1rRzowcTSQG
2021-02-24T20:38:25.204392643Z 848 mo12CFjMgbhx5KN28dYNLrcAWtWRSp94iFHc6bDdWkrqjnTvsnjEij6aCcss
2021-02-24T20:38:25.215545791Z 849 UBmk1ALKoRttZmnW6XV3D0GQmH3uLZQDmMqoXAx1m8gNLQSb3ttEU8jLQAJq
2021-02-24T20:38:25.227494660Z 850 4SHaTUWcwZxWfKy6MlOGjmgaMsuxYNYWMByHCU2sec43R5OKqCilmIkjeFOa
2021-02-24T20:38:25.238886715Z 851 kIqnFFb5TiApjbJSWDwudD2NzWL4iFRZnJQ11R6fCFWHOghYCsOCQ02ADWwZ
2021-02-24T20:38:25.250273821Z 852 2wkPwG7TIvUXnIPjLR95sYUAavRZxRvAfu8XB8NAKPxZ9FiJvDhxKKiosiEj
2021-02-24T20:38:25.260757215Z 853 nSXKCYzcxP3JgoeFhpXTSFhAKISsdxcHzcloulAy4r4ApdLlxXdzpTDMlJyf
2021-02-24T20:38:25.271866766Z 854 YIVlThglSaiTuHyKSCAjVmpKyrN82RXkEYtXCg1xrp2axKG3iKWxsmvI86nv
2021-02-24T20:38:25.282870302Z 855 nrcRQg5nkSrd01iw0mysY9fm9Uu8bqAHRdP5w7wHJQUjqlyDQSXbcF7PyTH2
2021-02-24T20:38:25.293811157Z 856 ApUVgBOZy415Z8xJLtVepw4HZkC3B3VPVySfGKypZ2HCmRhrfuklxSlAFqcF
2021-02-24T20:38:25.305420745Z 857 P1Lx49x5rD0DCVK01ny1I1OJXylf4ju7AHD6DBzwPSura9zHxFWfgQouhoVi
2021-02-24T20:38:25.317242318Z 858 8xrRbFxDKHeajcsxPgqOw49QxjGsVxLeiJ80W3GEbVMhvG0MMToVPlJ2vTro
2021-02-24T20:38:25.328124708Z 859 dDqNZkKzStz1J6GffpIVnyUrXjxT5j263KGYSlzLWgwrqLKmLKTC8OAmDJxc
2021-02-24T20:38:25.338802254Z 860 3j7LcGWpQBqNrYhgfUCB9UWCrGH9OmxKcwtRJeSfG8BtJ0amfu3XRtilVxJy
2021-02-24T20:38:25.349790174Z 861 dNRIxX7qRPxOYGDU7m4ukjKXqhnp8TuFLp1mzg3hb4pwdA3ezyAkv3e4bo71
2021-02-24T20:38:25.360967347Z 862 ufwmUegSc36HyBPyDlI0VhGtt8BarGE1DnbJGupppjtCG4GX4CGN5YE2XXot
2021-02-24T20:38:25.371985990Z 863 kuntn0b87AGq3JElGbPKiG2gWYdWxsssJuBsMT9mjSa3C06YPeGe962rcOU9
2021-02-24T20:38:25.383443414Z 864 ZwPLELMSRceJDn3XdzyFfQvIzCUwv5dxsN41KmicNOFdIUMtTPEfkhlajTo6
2021-02-24T20:38:25.395242432Z 865 jPebbcLa0OevNJNuNXwWWS90erAR88bTgy6S8Aydn5gj5NkksWTwE8Qp5vPa
2021-02-24T20:38:25.405501371Z 866 cEBcrtkYhRkKBBmNDAk1WEoItYx4DdPRzBbkyTXFbdMAmCYkklUahY6MT2xg
2021-02-24T20:38:25.417370816Z 867 Voe80rCpOx96fAkdgL9d6EUuO46qVLR9rh4bA0ZxSfN2u3ludzdkNYOLvpAR
2021-02-24T20:38:25.428936199Z 868 unf0h5JnYn9BluuLrQB2rd9HEtFstMuRvGCZHuZN9PAgYRj2cabd4jSqIieF
2021-02-24T20:38:25.440439738Z 869 L4xPLNCF85kNboe8xjLaAr793795xXEJvOcUnvv79UduzzmYkx8EmezvtuNv
2021-02-24T20:38:25.451067891Z 870 gdnzkvlDAyxmuRWzXPt10tkddmDl0dBAcqUwL334gNGmiDQwtF3IYTupYfof
2021-02-24T20:38:25.461934840Z 871 SeYgKuJWgLPTNX1X4Uqm0Bg0dbJ7OCRu3pBEB6Diq9khPEdIijsaaHOa29tz
2021-02-24T20:38:25.473057473Z 872 azvvY2RmKfC6ukLSyh7oPotWB46A7Qg8CF1q64vhs4FojNdRQXirHfPI26OE
2021-02-24T20:38:25.484501680Z 873 mhQi6A17f6HN87tVneWg24fIk00XqdHvCKgx3Of8uq2tQABjSVJO2y9nfi1k
2021-02-24T20:38:25.495670537Z 874 hAK6R9o9PRlHwsy0QEnMfjaBAntHFHP0DM6VJaaMCiKQQ1gdQdEROkAoSkBw
2021-02-24T20:38:25.507007018Z 875 BaG0G8oAZcgYuPdXfBGMRx9DUvC1da4fzfjcKY5aQXsopHhoCUY2NQ3wfxtv
2021-02-24T20:38:25.518380349Z 876 hocmXTyaWswxTeSBqXdDIdjYKpRD3x8OkwoF1J8D54XlVpwCWfh1iBpMyP4Y
2021-02-24T20:38:25.529020228Z 877 LVKj7Wq3xqirOr02clmjB9PsQsXByJ61n2ToVrutYbIW7eXZC4Uqqv9RBNjY
2021-02-24T20:38:25.539443827Z 878 LIlTqtT1kKnA4pZeO9YyuZGZNU86k6eG5o2cTuLFelpWe3UxvTTioybSBA8z
2021-02-24T20:38:25.550455928Z 879 E54LYg0bSJwEKoTs40hSJXQ45K8GerYdHiboyczOH2AZ0IfiOalSN7vjT0sh
2021-02-24T20:38:25.561732232Z 880 OqkozQW5KYYd6AYSET5saWY4Ya3wnlQ0muarjDjSO3XdT4kWEA7LEVsftXLI
2021-02-24T20:38:25.573143015Z 881 BezYyCAF4AWxxeBjZsSq30lgd57wCpRljiJ9deXRyTF3FIGmbysVYDY1rJFg
2021-02-24T20:38:25.584500754Z 882 gX8BZMjH9L9n4yQXUaKfq137nVkydrGH6cMi6K2A2HWjNS3r2ufGelKSLazZ
2021-02-24T20:38:25.595420625Z 883 ZeKNlQN6MZQfKlcQXOYFpTTRAKwk8TRH61BfaTavASgoeHikvaHfj6hN315Z
2021-02-24T20:38:25.606503201Z 884 ARJOUPVoIJpSex1QnVhe2oxVRdXCJijZVVNWEgvz13t2qjU7zjbu9jqcxxO1
2021-02-24T20:38:25.618220531Z 885 id3Oa4bX22vK7OpcLI4eCRZTSqrCmjJuksbCwnUgD2n6rSgFgxL0RH9FMngh
2021-02-24T20:38:25.628808876Z 886 mjRBoUHonsTW6T0BBVOSLBMiavqWqdr9swr5qa06wEPbEYLwgSZdheg2FStA
2021-02-24T20:38:25.640601479Z 887 VvprzFLKKmnzcY8MgGkHRiB0I0MpH4dLz1bl7lXIQii83oGUOZpnkk5CSxvf
2021-02-24T20:38:25.651800048Z 888 EWYC3L8FKgwU6etRQYDQu4Tahum7WFlbDKXkeoSN2c8lG6O9vSJKfnxErgll
2021-02-24T20:38:25.663025546Z 889 lvhx4GyI0C7TLRQB4lC1vr5vWkTsZ60GnajF2D89im2ddHL3oKNYWDUDgalq
2021-02-24T20:38:25.673931721Z 890 eYphjrugpdAw76f5j4WWwGT3UtrGyd2EoJ7aXi0JV01GJ18Itq9nVP9jZBLx
2021-02-24T20:38:25.685056608Z 891 FeEmexrMbV7vPxbsjmuUQVFU8IrOH6Nn4Fykb1ornfaXJ8e9Or65gV1xdUfV
2021-02-24T20:38:25.696488629Z 892 NkZcPpI6CcnVnlYFyZZpgmisTJXHiA6VBndhThrNKz09QJp7mJafBc91wZC4
2021-02-24T20:38:25.708016005Z 893 ZjqqSF2AgT2zBgLkQwfbIu64rStYXCzOfyHWmT1MikP9P4eSKceSohjienNB
2021-02-24T20:38:25.718564688Z 894 iBOszqMVTIhu5PhdfUSslJjlkYOrrYZBMpGCmbMmqGQ9XOdrhbcEQdSYAQ6Z
2021-02-24T20:38:25.729838239Z 895 lr2XpZGmR0L15s7SHJEtfCbgnaWAW92PbVSmvkL1ramaKaYJ8lHQviKDcTaO
2021-02-24T20:38:25.741188885Z 896 rrqyxS8L1LNK9nZBAXGIxy2RWhVZxFaEadXFkguaDEiPft0y3S3n1HtgsbeK
2021-02-24T20:38:25.751618466Z 897 Wzvx0V68Hmm6OpTLMakekpPx7PCGHe4WPZBIRGsY7pnTsJImAY7wIRN0iXjP
2021-02-24T20:38:25.762900491Z 898 TUZGzTqkSTuUhYi4w20x3DNyPwIW1FmhKNH6GP86E8D7kAaYA8ha1dTFXBEy
2021-02-24T20:38:25.774203752Z 899 XloBVX4cyieprZcT9y7ipQ1pyUTi9mqonGcZOxZiQVOYWP6JpYbvlPtDrCpx
2021-02-24T20:38:25.785274353Z 900 7B9gy8M0aM8nWOKmXlMCubDgoDIJ4WM8KoznN4i3Fw9NzsSC0XGlQCfrECjJ
2021-02-24T20:38:25.795578374Z 901 wZotcUXEMAkZv6yMZjYzocxBsOUJOfW8MvxArqSMm8ynHlgyGEAOHpkYy6Pj
2021-02-24T20:38:25.806679222Z 902 fU8EE9wzpUMwqtxQSMnkY2Qp1uUM59pGftp5OvKQQIEHIaHI8PSLRPRQNJIt
2021-02-24T20:38:25.818286278Z 903 yt9LETCPsmZflZyZ8xDHeEcVKawtzst8dt61FsjONi9DAxGuj74JljSwUy36
2021-02-24T20:38:25.828811380Z 904 PK84uVBOTVJHkczEivH6jC3I0EJH78HNnUs4FrYXZIyIGPdvidBJ6Jh7AhEQ
2021-02-24T20:38:25.839836610Z 905 9BhhTLhgOFEoFWwY35iDlHW9qXZNDpRPwp08EmN2RSsQeqF2qpZYhV5wuUY4
2021-02-24T20:38:25.850744475Z 906 Wb3wWXJoi5hMheIpnxsBbi9AITieSliuBJ2PdsdaCPIEuAesyCy3Nuoyfntq
2021-02-24T20:38:25.862066353Z 907 mn2Usi30FkSQYh9V1ldcpURxPew6WkkZPreTfIB0S0jfdnriamQVcqfo1kIz
2021-02-24T20:38:25.872928381Z 908 h7HpGRrnnIVCTDqJ6PVSSwIyBDZmzmY0ONNzxrIgICoMmXQpM98TXeh9C0AB
2021-02-24T20:38:25.883609835Z 909 bpsdrvZLTrBKqmKRQeOIP0uODRRnkAA5VbiNP3DWF1osW8P5VnqMyKZKdOkR
2021-02-24T20:38:25.895371429Z 910 k32gzI49fLSpnKblNBUHfeiEYgxg7ld0Ba14baEdQ6OqsvmqcOtNxFy3D2ZZ
2021-02-24T20:38:25.907222338Z 911 gUvvD52zE0QdF6OWbpmuz45EcXYLtjEw1ZCtjDT6hyJf4f02DM641YyLPS4B
2021-02-24T20:38:25.917989508Z 912 LRoiBDienB4HMGMGFq8JeV35PGJX9FwL0yocNBbl0UuxPoNxOPAnaVH6cY3z
2021-02-24T20:38:25.929178741Z 913 eXOeSkiAHQqAwryRH1ZUccHuNbgeZEeqC0qJiWtNfsywftojbFiT8KpJzBCU
2021-02-24T20:38:25.939652000Z 914 VE8zw7au8F2CzqRgVnwodoeNTCbQKFfnWfoQ7TQkQKvV3v4w74TvNHeZOYPM
2021-02-24T20:38:25.950621089Z 915 u4V9geRVs3Hv2GVSVh5PsFLgtesgjJn2wEeTMIej4szXg7DXYFF31y3ihxwU
2021-02-24T20:38:25.962130353Z 916 i3wxq2txX2xOjAY28JYY0pH9dP3DdU3XLTQ24KE2YHESaV63fFv3siAclb26
2021-02-24T20:38:25.973403149Z 917 ZFzzN48kScGEDmAJFDUBrweVTZ8LNpEQfPyVmMRXfygGfalJoJXKevL81Nvz
2021-02-24T20:38:25.984190235Z 918 VQEXbpex3ML97NhicrY371oTMPWnMqeu9Dws3l9JNwfrpENq3hEDAn8poLCL
2021-02-24T20:38:25.995247510Z 919 9VV5Tnmi3sWCRtZ953DjeLUd6KcttzsmTZf4V8ubAP23zrdcAXgEN1FckHj6
2021-02-24T20:38:26.005785165Z 920 KIi054XB3J4M0swcgCIBtDoJRuqvPeDAvbp5geYR34zZhkGJOQMES21VPeIG
2021-02-24T20:38:26.016809979Z 921 hK99LB9BUNUo5y41guuLyj9hHfSDvclvGrZkfDwhPdmAeYkjBSo90zd14WZG
2021-02-24T20:38:26.028118114Z 922 nC4E1xEaCVJJxMp9opUA4FBO0nOOYi4L30tqe4uiZqes7t5EZkopcdX1xQYG
2021-02-24T20:38:26.039458744Z 923 6OYsdd6yFUokz3gdWSVV7HyNW6y9cfv7uMio5xqCLPSg6ikIpvSIVJP9ANSt
2021-02-24T20:38:26.050024953Z 924 7ke800aePl5Pl0IBLZAjunYdsw0cNzn2ic03Tc3NEnw8VpcqurpyaKwaUV5W
2021-02-24T20:38:26.060966323Z 925 Dbj6C9NPIlStfyg3wsfRbnpmw6gcXeokDybt7OAM8E8dgQ4709jkRJ05aAaM
2021-02-24T20:38:26.071813628Z 926 6EASDKjkXWT2jPvbvOjsdyKNFR8bS9H3CXnXsKH8je3yK1K7N1spF6OETLbK
2021-02-24T20:38:26.082951545Z 927 yuv27ef6ZQK0GIUkRTg0qRzUE9pAODlP3KHq8RQQFHwARBPhAMrBZDCc18SX
2021-02-24T20:38:26.094295557Z 928 DXEc0YRLBpQ5SoJE8YIpXjbYci4r1O6RJsXLSWczthbLRgSHSM8RoOlBhvT5
2021-02-24T20:38:26.104697629Z 929 jB4BQWV2VNMCmKybilBdgVMGRMDHlYq8JKcZ55N10Tgyn4j1vzDsjORkEoFM
2021-02-24T20:38:26.116536559Z 930 ui2IjXb0bs8v4Q4ROANe85hm8K9pwWfPxYyWhqPNGq0pXMLJYXAtXSrecf32
2021-02-24T20:38:26.127865246Z 931 mkp66mWTGKdTL2zG0Lowei8FEwhVEgWkOJPK1jZpvMwIr5k49IFmyXqdZzV4
2021-02-24T20:38:26.139272791Z 932 2MzQ6NZeGaenaJlvO9iGkrB8oLilRBs3Rk1lUDoyjDBVJxBEwoD0C0PiZSx0
2021-02-24T20:38:26.150597777Z 933 PXMumAuRyUCS7VXCXlTFvLUjKTnlCeSSHGkdGcy6QhQG1ndYh9KRKLzc2ekE
2021-02-24T20:38:26.161993042Z 934 QHvmlRo9E5p8oA4Namh5ZhOaqMjJOegbdv8QW5Q8ZPpUVctWgP5JLnFcQAK0
2021-02-24T20:38:26.173171296Z 935 xN9GcgG7trB9kPkzw0P8vTvuGazrwkTL7Z7j8ost5FdpAt7VU8tALv1GpfEC
2021-02-24T20:38:26.183521407Z 936 gZaqhLmW16Wq7xjBwj74RdPCaXiO0xGC76eriWvyyRJdl6HA63OAWlIRQDf1
2021-02-24T20:38:26.194650738Z 937 Nh7jqrUKw1C6y65DKzuluAmO60NJ5WsmDs2mIegHCdZxmXReKmEsPAiv9bmJ
2021-02-24T20:38:26.205941158Z 938 tarEdebPFMQ2ung9BXvXuFO5bhcb2TH71CMsfcUWp2VRavQk2BfC1OE8WBN4
2021-02-24T20:38:26.217176915Z 939 KwRTDoRMeGRLC6QMeGcNHR8FF5xq2UoidQoJsL6gbfQpz8Kv73TuCFw4u13V
2021-02-24T20:38:26.229617797Z 940 uvC4ABFyDSAOPoPGaSxqJeKFvwEZKhnpetNEdforPkFLrEEfJ5ADnzc6nhBQ
2021-02-24T20:38:26.241198383Z 941 yuE0jd2KNs2ZAqVKCIHUWKPifJOdtUM2XEQZWv4D2em2ZHn2oGoqAsW3WFkn
2021-02-24T20:38:26.252503589Z 942 v6rBgDl4LOEJVy4sNwhBiddZxXBUZT2ufz6xjifatjp7b9uKsO0Z90wOyCkA
2021-02-24T20:38:26.262948624Z 943 PtSQ2FnGK1OD6iJvSh9dru8jaJW0WPe7iSoNBTqaVd6PF7rfZdFMwewk7E3S
2021-02-24T20:38:26.273952989Z 944 7XrC9yNEvzMy1kaUBpPVEp0m6F2TPvSkcM6yA9jGVYKSjznHoIDv9luSawba
2021-02-24T20:38:26.285327869Z 945 E0bAtSc1p0fJDDb5vgGVGHn1cvDawkaszZhWiDYNYloYRoYRT0TbPJIYvode
2021-02-24T20:38:26.296872454Z 946 gYvRiyAdM5s0On3etuvGWGLI5PKTpvASs2IfWjzSA9JAAgnTJvqfTbDF5kxl
2021-02-24T20:38:26.308432830Z 947 ABQN879xO3Rl2u5fhdsioSxDqPWfu9uDbSahazI71vHlnYpWFQ97mnvoo4wp
2021-02-24T20:38:26.320069369Z 948 PUsQhNX9pTJHsUy76ovoserGGi82J4Jat7Ag27dEZAJvgGVgLEnVWFxrkPVC
2021-02-24T20:38:26.330896612Z 949 UB85PHZqAyTNzJo4YYum31KAvNQnej5ooCes3K3YNHM5Kj2ZduwxfTmMuGN2
2021-02-24T20:38:26.341496189Z 950 hgkBYwKpCrbCEXgJZhd979dHTJPhBy58q1eJ1zxz7Av16QrtM8BzfI13P1bm
2021-02-24T20:38:26.353358830Z 951 OYQW90roixMxYLdIMxowh1bH00csj5dFmBZYO5J2OvehCFYfwy8JBBQvEfYU
2021-02-24T20:38:26.365527286Z 952 CYrxHQSFjQeYo6TdAh6D2fxPvArMZeN0WCWdY6V6vrjz2XeWa0nGHpwpys5Z
2021-02-24T20:38:26.376972942Z 953 fldR9WJwxyUYSA9TgcCEUhLmBjpD7lWsBsrytq9WXiTrDuZhXf3ybfRULh4v
2021-02-24T20:38:26.387694778Z 954 3z49WE2inMJJVEYsk4CDSkJ6m9tP9ZNtMII1GXIbMxzMgVAmlOo8f17w5IYx
2021-02-24T20:38:26.399240206Z 955 bFXvDTO7Tq8U9B5jqatM2LCSa2eKCYzZNYpKbQBAWlJreeIa9a80WElbvQm6
2021-02-24T20:38:26.410289053Z 956 ZWKekjBg5sNTIuqiWzapTsjcYDFifLVt5aJCksbI9m9R8BXMsVbX3tFTOBX4
2021-02-24T20:38:26.422382317Z 957 q5vzBTJ9sFvPARbA82LjtgjbekiX4KIsl2n4I3E4VHTqvqUUQA7EYWwcsGXZ
2021-02-24T20:38:26.434007730Z 958 GdeEF2ATJMXE5CWiyjkObBQ0iwP2tyyb527gRM0FsLFzZn67nKDruyoBoXh5
2021-02-24T20:38:26.445206118Z 959 DDCEpnuXPsHSeNxBbDTX50oquX9T2j8tcayUGxc8rs1P7OFDMvnIsEsynGFw
2021-02-24T20:38:26.455881534Z 960 tlFp8oDUXKMugRQ1tdmq2fplhgxnWsc5Jv7V8hfFWW1Mai4LSfy6JUcN4S74
2021-02-24T20:38:26.467629229Z 961 HmTORnNElbI76ONICNrmeOWZ3UcoBbOEbOr7b8frjNHdZKkrdxPLtfu01qO2
2021-02-24T20:38:26.478527503Z 962 mgvIVrXIXLrNX9eRFudUwbJQ7swFyz52RAtSL00lZxWqrNFk77GnOH528ATm
2021-02-24T20:38:26.489496471Z 963 OX0TgsHgW1yRHmyfMG82UyMs621CXFUtEmsLSGRkWJ6KAAJsLVQW07rz25Zn
2021-02-24T20:38:26.500874918Z 964 drQ7i4IHLPrOvzTkG7MyJK7FoCl2VzF34sedF7ppE1OxDCBkKOr2oqCvL3Rb
2021-02-24T20:38:26.512333557Z 965 yOtyXnVPeGhCktISpODSMHlGIuaZWRnWKVhdWW5niKYyjjJY8UfaSFsBEUpE
2021-02-24T20:38:26.523403652Z 966 r8Su6UC3Lk2sicoSln62vpmaujY1vDA4dBi3wCEWau1pAxSj68Dic7clRI1c
2021-02-24T20:38:26.534160905Z 967 MvGFHOR04z12Q3XutSxNlMALTbFxhqM1zOIpGZI03u8AcaDHXDOajmN5ODLF
2021-02-24T20:38:26.545396623Z 968 248dBFQPeLyU3Ilz9qgvzaQ6OcSw4bEACDmOxzCL8xVb8aPevPXb8wfBlygL
2021-02-24T20:38:26.556922578Z 969 20kZ5JeekmLSU5feRStAsCmN1oQCTjNZ6EhIUuNatF8b589rFMBZbB1foLXZ
2021-02-24T20:38:26.568168734Z 970 u1TrpRrlG91Qv75YjWvmGeYS9VP8G64gbEy5ngj7NbiqMezZkMeJGluKsc3J
2021-02-24T20:38:26.578988993Z 971 zogOlSzhyOB9tGBsV7y9K7lDnP76JWOYztiVLShaHcNNQMAcgjsL4E7Rk9Fb
2021-02-24T20:38:26.590241520Z 972 rLLrGttMatlfj3mLISd0cmWNhuAJnGhr5fZgai4vWbtB0EuM8o46XziwPDgL
2021-02-24T20:38:26.601352574Z 973 gs6PYQRg582eQeiJKW7yteDh5tk7mLaVM9vQgToj6ztNljYMclWHAu9fSeYi
2021-02-24T20:38:26.611953396Z 974 atVRKmPksPUjFBP25u4PwGMDPstmekASmFo0uxpgtq590skj1BtkJIAgONqV
2021-02-24T20:38:26.622815310Z 975 z6EnX005UHPFE55MRslQKHLPkt0loeuIc0E7bXpK0425OhGr1pCRXLtP2B8h
2021-02-24T20:38:26.634011577Z 976 Bx5HNBXtkB4zQU57tCcFLWiOUhR7KzBcLDZYkM6xfD4wL3OFxl7rBayLvtCo
2021-02-24T20:38:26.645293004Z 977 L5AkFv1bLujNlDKhfV31azjEgjaEtDNrAlzp8O7rv9jyqIY1NLeG71UsnbHt
2021-02-24T20:38:26.656181427Z 978 yyT4T17df0om0V8bqbjWAMkPAemFtWGhTWcNGIGawz5LGTy1Fk1tzT6W9Y1r
2021-02-24T20:38:26.666719132Z 979 Gm3THECm5GQMUABG2zbwqd02CtyoAbCHOI33YiycYRX460aAHIln1hGEmdOr
2021-02-24T20:38:26.678371184Z 980 7GnL8TTzFwHBY8xI5qeVNW909Yw3ndmT00GPRHOowSEhDjL42Ar50w2ksM0D
2021-02-24T20:38:26.690002237Z 981 2R6Le227lfhQygFVU3sVIDDN7OC8tUwmJf1lycR4X5Wpgl8lfX1VtLl9TFPn
2021-02-24T20:38:26.701565738Z 982 qGXPiuux90eBI6IyDsBtQRV5si7NLhSmBpFMAt85qIAUPYpkG2tulYrNgMWg
2021-02-24T20:38:26.713204267Z 983 S4L1jxHEVCo6GbzGivQYxrNgtGzls7GNMrNuoH8brETNgBcI6NhFLbOGpqvI
2021-02-24T20:38:26.723822139Z 984 vJ8cntjE6JNWcaUBrIofDKZLy3Y3wqZyHoTj0r59cB354PW3sxSVq0wS8fkn
2021-02-24T20:38:26.735550177Z 985 9HcL8LlG3AaZghnOtkZ7q5sdcGZvvqRQyt9iBzNDPq7ewMzzF87ISAJ55dtL
2021-02-24T20:38:26.746976152Z 986 ZJAnID7gDbdXBXQCdq6HvTxWvVV4rnPeLiUEhlZrRc0eFX85eBsVRyxMlmwi
2021-02-24T20:38:26.758108284Z 987 R7SUJZJR4CPXnNe2BViQfFKBYrHqUIzIhBKhvmASR4eEbMbcUY1P54XCMGHl
2021-02-24T20:38:26.769581963Z 988 CSA3Tzg0AnbZL45HKgtiU1Jy7p8HNpXug0gznbABgAzWkzxDVrHUbjca0uc5
2021-02-24T20:38:26.781168818Z 989 Ba5guZfe2Z3kHJedmvyBIxzSFxAi5OruyLDYp1w5SsKEPtfUC8AqQzIPcE04
2021-02-24T20:38:26.791755392Z 990 ogPvD81R5xLCmhUPGpQn4ck1UM61ECSFlc7cY8mFzsDx3QM6UuRMJDjsPQJa
2021-02-24T20:38:26.803457369Z 991 pvtTeafSfHsaE5wElukqOxP0UVsDdMYtzScKOyn6A6PxKOh8B7cTklBltgKE
2021-02-24T20:38:26.815516828Z 992 XJUzltEB6oBnahAXMSI68a25a1yWe7hgTQhhM3Nw08a5VV8mxTZTye2mXNC9
2021-02-24T20:38:26.826859003Z 993 zhwAW0Jx4f8BoWF7j7kEpI5nvjN4P7NeXnFE0H7uevJizo0gevGOzaoBoZ2g
2021-02-24T20:38:26.838418341Z 994 f7GEC729HRHEGqYuqy861FVPQOcttQ6d4oepqi6exVh9GyXfqsZm9qQKkqJo
2021-02-24T20:38:26.850283833Z 995 OAOJBsVL86HBVwbx9RD7Wx72M9ZPLcI9u0vCNSKKCRFSxW2xp9dsLZCnCl0s
2021-02-24T20:38:26.861279461Z 996 Qw59SZXpQ9DGwBIq4I9M8ypvVMvR35qtNgotuTPeWtRQgSbmDuDdXdaQheGc
2021-02-24T20:38:26.872211259Z 997 2EVWRVExCKXH0mRKPL74nPRP2UyCfB7sMK5czfQyWZr4CwB35xctC9rTD5J6
2021-02-24T20:38:26.882386760Z 998 CHDH1dJuftTutvs5c3WpST5l1cNEX9JEaYSop4asSHpHH0md3e7OokK5xEqL
2021-02-24T20:38:26.893585189Z 999 IdLtQoOyx94192ikrtCc3na6OWK1esGBKEWK4hD6sTaA5VJBu9HT7VqgBAxP
