2021-02-24T19:55:39.844703049Z  running: (['/opt/scylladb/scripts/scylla_dev_mode_setup', '--developer-mode', '1'],)
2021-02-24T19:55:40.421146228Z  running: (['/opt/scylladb/scripts/scylla_io_setup'],)
2021-02-24T19:55:40.866825889Z  2021-02-24 19:55:40,866 CRIT Supervisor is running as root.  Privileges were not dropped because no user is specified in the config file.  If you intend to run as root, you can set user=root in the config file to avoid this message.
2021-02-24T19:55:40.866855290Z  2021-02-24 19:55:40,866 INFO Included extra file "/etc/supervisord.conf.d/node-exporter.conf" during parsing
2021-02-24T19:55:40.866959857Z  2021-02-24 19:55:40,866 INFO Included extra file "/etc/supervisord.conf.d/rsyslog.conf" during parsing
2021-02-24T19:55:40.866999254Z  2021-02-24 19:55:40,866 INFO Included extra file "/etc/supervisord.conf.d/scylla-housekeeping.conf" during parsing
2021-02-24T19:55:40.867186006Z  2021-02-24 19:55:40,866 INFO Included extra file "/etc/supervisord.conf.d/scylla-jmx.conf" during parsing
2021-02-24T19:55:40.867222397Z  2021-02-24 19:55:40,867 INFO Included extra file "/etc/supervisord.conf.d/scylla-server.conf" during parsing
2021-02-24T19:55:40.867258477Z  2021-02-24 19:55:40,867 INFO Included extra file "/etc/supervisord.conf.d/sshd-server.conf" during parsing
2021-02-24T19:55:40.903751525Z  2021-02-24 19:55:40,903 INFO RPC interface 'supervisor' initialized
2021-02-24T19:55:40.903941651Z  2021-02-24 19:55:40,903 CRIT Server 'inet_http_server' running without any HTTP authentication checking
2021-02-24T19:55:40.904423909Z  2021-02-24 19:55:40,904 INFO supervisord started with pid 26
2021-02-24T19:55:41.908139310Z  2021-02-24 19:55:41,907 INFO spawned: 'scylla' with pid 29
2021-02-24T19:55:41.911180242Z  2021-02-24 19:55:41,910 INFO spawned: 'scylla-housekeeping' with pid 30
2021-02-24T19:55:41.914107356Z  2021-02-24 19:55:41,913 INFO spawned: 'sshd' with pid 31
2021-02-24T19:55:41.916789541Z  2021-02-24 19:55:41,916 INFO spawned: 'scylla-jmx' with pid 32
2021-02-24T19:55:41.919785601Z  2021-02-24 19:55:41,919 INFO spawned: 'rsyslog' with pid 33
2021-02-24T19:55:41.939046774Z  2021-02-24 19:55:41,938 INFO spawned: 'node-exporter' with pid 34
2021-02-24T19:55:41.966985604Z  Generating public/private ed25519 key pair.
2021-02-24T19:55:41.967013085Z  Your identification has been saved in /etc/ssh/ssh_host_ed25519_key.
2021-02-24T19:55:41.967023947Z  Your public key has been saved in /etc/ssh/ssh_host_ed25519_key.pub.
2021-02-24T19:55:41.967033808Z  The key fingerprint is:
2021-02-24T19:55:41.967043030Z  SHA256:9jx0WD9le8msoZw8yCQTxO6ts5eXsj5RuwHxdNMVEN8 root@2099f1678628
2021-02-24T19:55:41.967052740Z  The key's randomart image is:
2021-02-24T19:55:41.967062079Z  +--[ED25519 256]--+
2021-02-24T19:55:41.967071242Z  |      ..     o+.+|
2021-02-24T19:55:41.967080575Z  |      .. . . o...|
2021-02-24T19:55:41.967089777Z  |      ..  + o ..E|
2021-02-24T19:55:41.967098925Z  |       ... = .ooo|
2021-02-24T19:55:41.967108126Z  |      .oS.= o.o=.|
2021-02-24T19:55:41.967130983Z  |       o=*++o o..|
2021-02-24T19:55:41.967141901Z  |        .o**+.   |
2021-02-24T19:55:41.967151181Z  |       o = =.    |
2021-02-24T19:55:41.967160609Z  |       .=o=      |
2021-02-24T19:55:41.967170146Z  +----[SHA256]-----+
2021-02-24T19:55:42.012195899Z  time="2021-02-24T19:55:42Z" level=info msg="Starting node_exporter (version=0.17.0, branch=HEAD, revision=f6f6194a436b9a63d0439abc585c76b19a206b21)" source="node_exporter.go:82"
2021-02-24T19:55:42.012231126Z  time="2021-02-24T19:55:42Z" level=info msg="Build context (go=go1.11.2, user=root@322511e06ced, date=20181130-15:51:33)" source="node_exporter.go:83"
2021-02-24T19:55:42.012242608Z  time="2021-02-24T19:55:42Z" level=info msg="Enabled collectors:" source="node_exporter.go:90"
2021-02-24T19:55:42.012252463Z  time="2021-02-24T19:55:42Z" level=info msg=" - arp" source="node_exporter.go:97"
2021-02-24T19:55:42.012262157Z  time="2021-02-24T19:55:42Z" level=info msg=" - bcache" source="node_exporter.go:97"
2021-02-24T19:55:42.012272016Z  time="2021-02-24T19:55:42Z" level=info msg=" - bonding" source="node_exporter.go:97"
2021-02-24T19:55:42.012281831Z  time="2021-02-24T19:55:42Z" level=info msg=" - conntrack" source="node_exporter.go:97"
2021-02-24T19:55:42.012291187Z  time="2021-02-24T19:55:42Z" level=info msg=" - cpu" source="node_exporter.go:97"
2021-02-24T19:55:42.012300762Z  time="2021-02-24T19:55:42Z" level=info msg=" - diskstats" source="node_exporter.go:97"
2021-02-24T19:55:42.012310011Z  time="2021-02-24T19:55:42Z" level=info msg=" - edac" source="node_exporter.go:97"
2021-02-24T19:55:42.012319668Z  time="2021-02-24T19:55:42Z" level=info msg=" - entropy" source="node_exporter.go:97"
2021-02-24T19:55:42.012329037Z  time="2021-02-24T19:55:42Z" level=info msg=" - filefd" source="node_exporter.go:97"
2021-02-24T19:55:42.012338483Z  time="2021-02-24T19:55:42Z" level=info msg=" - filesystem" source="node_exporter.go:97"
2021-02-24T19:55:42.012347787Z  time="2021-02-24T19:55:42Z" level=info msg=" - hwmon" source="node_exporter.go:97"
2021-02-24T19:55:42.012357005Z  time="2021-02-24T19:55:42Z" level=info msg=" - infiniband" source="node_exporter.go:97"
2021-02-24T19:55:42.012366432Z  time="2021-02-24T19:55:42Z" level=info msg=" - interrupts" source="node_exporter.go:97"
2021-02-24T19:55:42.012375758Z  time="2021-02-24T19:55:42Z" level=info msg=" - ipvs" source="node_exporter.go:97"
2021-02-24T19:55:42.012385360Z  time="2021-02-24T19:55:42Z" level=info msg=" - loadavg" source="node_exporter.go:97"
2021-02-24T19:55:42.012394740Z  time="2021-02-24T19:55:42Z" level=info msg=" - mdadm" source="node_exporter.go:97"
2021-02-24T19:55:42.012404138Z  time="2021-02-24T19:55:42Z" level=info msg=" - meminfo" source="node_exporter.go:97"
2021-02-24T19:55:42.012413486Z  time="2021-02-24T19:55:42Z" level=info msg=" - netclass" source="node_exporter.go:97"
2021-02-24T19:55:42.012422782Z  time="2021-02-24T19:55:42Z" level=info msg=" - netdev" source="node_exporter.go:97"
2021-02-24T19:55:42.012446020Z  time="2021-02-24T19:55:42Z" level=info msg=" - netstat" source="node_exporter.go:97"
2021-02-24T19:55:42.012457319Z  time="2021-02-24T19:55:42Z" level=info msg=" - nfs" source="node_exporter.go:97"
2021-02-24T19:55:42.012502058Z  time="2021-02-24T19:55:42Z" level=info msg=" - nfsd" source="node_exporter.go:97"
2021-02-24T19:55:42.013678983Z  time="2021-02-24T19:55:42Z" level=info msg=" - sockstat" source="node_exporter.go:97"
2021-02-24T19:55:42.016193946Z  time="2021-02-24T19:55:42Z" level=info msg=" - stat" source="node_exporter.go:97"
2021-02-24T19:55:42.016214551Z  time="2021-02-24T19:55:42Z" level=info msg=" - textfile" source="node_exporter.go:97"
2021-02-24T19:55:42.016255784Z  time="2021-02-24T19:55:42Z" level=info msg=" - time" source="node_exporter.go:97"
2021-02-24T19:55:42.016268544Z  time="2021-02-24T19:55:42Z" level=info msg=" - timex" source="node_exporter.go:97"
2021-02-24T19:55:42.016278475Z  time="2021-02-24T19:55:42Z" level=info msg=" - uname" source="node_exporter.go:97"
2021-02-24T19:55:42.016288062Z  time="2021-02-24T19:55:42Z" level=info msg=" - vmstat" source="node_exporter.go:97"
2021-02-24T19:55:42.016297728Z  time="2021-02-24T19:55:42Z" level=info msg=" - xfs" source="node_exporter.go:97"
2021-02-24T19:55:42.016307171Z  time="2021-02-24T19:55:42Z" level=info msg=" - zfs" source="node_exporter.go:97"
2021-02-24T19:55:42.016336763Z  time="2021-02-24T19:55:42Z" level=info msg="Listening on :9100" source="node_exporter.go:111"
2021-02-24T19:55:42.569016322Z  Scylla version 4.3.1-0.20210210.46650adcd with build-id bfaa518f22098de476b961b707925c71441bb81b starting ...
2021-02-24T19:55:42.569042833Z  command used: "/usr/bin/scylla --log-to-syslog 0 --log-to-stdout 1 --default-log-level info --network-stack posix --developer-mode=1 --overprovisioned --listen-address 10.0.23.16 --rpc-address 10.0.23.16 --seed-provider-parameters seeds=10.0.23.16 --blocked-reactor-notify-ms 999999999"
2021-02-24T19:55:42.569054598Z  parsed command line options: [log-to-syslog: 0, log-to-stdout: 1, default-log-level: info, network-stack: posix, developer-mode: 1, overprovisioned, listen-address: 10.0.23.16, rpc-address: 10.0.23.16, seed-provider-parameters: seeds=10.0.23.16, blocked-reactor-notify-ms: 999999999]
2021-02-24T19:55:42.605603895Z  WARN  2021-02-24 19:55:42,604 [shard 0] seastar - Unable to set SCHED_FIFO scheduling policy for timer thread; latency impact possible. Try adding CAP_SYS_NICE
2021-02-24T19:55:42.653995890Z  INFO  2021-02-24 19:55:42,651 [shard 0] init - installing SIGHUP handler
2021-02-24T19:55:42.663090258Z  INFO  2021-02-24 19:55:42,660 [shard 0] init - Scylla version 4.3.1-0.20210210.46650adcd with build-id bfaa518f22098de476b961b707925c71441bb81b starting ...
2021-02-24T19:55:42.663111853Z  
2021-02-24T19:55:42.666161406Z  INFO  2021-02-24 19:55:42,662 [shard 0] init - starting prometheus API server
2021-02-24T19:55:42.666181524Z  INFO  2021-02-24 19:55:42,664 [shard 0] init - starting tokens manager
2021-02-24T19:55:42.666191727Z  INFO  2021-02-24 19:55:42,665 [shard 0] init - starting migration manager notifier
2021-02-24T19:55:42.666549753Z  INFO  2021-02-24 19:55:42,666 [shard 0] init - creating tracing
2021-02-24T19:55:42.668658795Z  INFO  2021-02-24 19:55:42,667 [shard 0] init - creating snitch
2021-02-24T19:55:42.672964997Z  INFO  2021-02-24 19:55:42,669 [shard 0] init - determining DNS name
2021-02-24T19:55:42.673277897Z  INFO  2021-02-24 19:55:42,669 [shard 0] init - starting API server
2021-02-24T19:55:42.676152386Z  INFO  2021-02-24 19:55:42,675 [shard 0] init - Scylla API server listening on 127.0.0.1:10000 ...
2021-02-24T19:55:42.686413781Z  INFO  2021-02-24 19:55:42,685 [shard 0] init - initializing storage service
2021-02-24T19:55:42.686835749Z  INFO  2021-02-24 19:55:42,686 [shard 0] init - starting per-shard database core
2021-02-24T19:55:42.692384165Z  WARN  2021-02-24 19:55:42,692 [shard 0] init - I/O Scheduler is not properly configured! This is a non-supported setup, and performance is expected to be unpredictably bad.
2021-02-24T19:55:42.692406185Z   Reason found: none of --max-io-requests, --io-properties and --io-properties-file are set.
2021-02-24T19:55:42.692416943Z  To properly configure the I/O Scheduler, run the scylla_io_setup utility shipped with Scylla.
2021-02-24T19:55:42.692426559Z  
2021-02-24T19:55:42.694222380Z  INFO  2021-02-24 19:55:42,693 [shard 0] init - creating and verifying directories
2021-02-24T19:55:43.136831315Z  Generating public/private rsa key pair.
2021-02-24T19:55:43.136856450Z  Your identification has been saved in /etc/ssh/ssh_host_rsa_key.
2021-02-24T19:55:43.136868024Z  Your public key has been saved in /etc/ssh/ssh_host_rsa_key.pub.
2021-02-24T19:55:43.136878296Z  The key fingerprint is:
2021-02-24T19:55:43.136887899Z  SHA256:wlVYSJnIi2hXDQewV+yFrt6vNE78XPWUoka1JhyLZvc root@2099f1678628
2021-02-24T19:55:43.136897622Z  The key's randomart image is:
2021-02-24T19:55:43.136922139Z  +---[RSA 4096]----+
2021-02-24T19:55:43.136932154Z  |    .ooB+Bo      |
2021-02-24T19:55:43.136941615Z  |     .+oO..      |
2021-02-24T19:55:43.136951083Z  |   ..o.+.. . .   |
2021-02-24T19:55:43.136960534Z  |  o oo..o o + . .|
2021-02-24T19:55:43.136969742Z  | . .  o.S+ * +...|
2021-02-24T19:55:43.136979117Z  |      .oo o =..o |
2021-02-24T19:55:43.136988478Z  |     . .=  o.E  .|
2021-02-24T19:55:43.136997829Z  |      .+.+..     |
2021-02-24T19:55:43.137022661Z  |        oo+      |
2021-02-24T19:55:43.137033681Z  +----[SHA256]-----+
2021-02-24T19:55:43.137115572Z  2021-02-24 19:55:43,136 INFO success: scylla entered RUNNING state, process has stayed up for > than 1 seconds (startsecs)
2021-02-24T19:55:43.137619516Z  2021-02-24 19:55:43,137 INFO success: scylla-housekeeping entered RUNNING state, process has stayed up for > than 1 seconds (startsecs)
2021-02-24T19:55:43.138338041Z  2021-02-24 19:55:43,137 INFO success: sshd entered RUNNING state, process has stayed up for > than 1 seconds (startsecs)
2021-02-24T19:55:43.139067723Z  2021-02-24 19:55:43,138 INFO success: scylla-jmx entered RUNNING state, process has stayed up for > than 1 seconds (startsecs)
2021-02-24T19:55:43.139254388Z  2021-02-24 19:55:43,139 INFO success: rsyslog entered RUNNING state, process has stayed up for > than 1 seconds (startsecs)
2021-02-24T19:55:43.139701566Z  2021-02-24 19:55:43,139 INFO success: node-exporter entered RUNNING state, process has stayed up for > than 1 seconds (startsecs)
<<<<<<< HEAD
2021-02-24T19:55:43.153814829Z  Could not load host key: /etc/ssh/ssh_host_ecdsa_key
=======
2021-02-24T19:55:43.153814829Z  Could not load host key: /etc/ssh/ssh_host_ecdsa_key
>>>>>>> b3ecf399b355a3d18941a6a538ed7fcc0c8c36d6
2021-02-24T19:55:43.605271474Z  Connecting to http://localhost:10000
2021-02-24T19:55:43.605947153Z  Starting the JMX server
2021-02-24T19:55:43.932702126Z  INFO  2021-02-24 19:55:43,932 [shard 0] database - Populating Keyspace system_schema
2021-02-24T19:55:43.932727176Z  INFO  2021-02-24 19:55:43,932 [shard 0] database - Keyspace system_schema: Reading CF view_virtual_columns id=08843b63-45dc-3be2-9798-a0418295cfaa version=c777531c-15f7-326f-8ebe-39fd0265c8c9
2021-02-24T19:55:43.932738681Z  INFO  2021-02-24 19:55:43,932 [shard 0] database - Keyspace system_schema: Reading CF computed_columns id=cc7c7069-3740-33c1-92a4-c3de78dbd2c4 version=2b8c4439-de76-31e0-807f-3b7290a975d7
2021-02-24T19:55:43.932748806Z  INFO  2021-02-24 19:55:43,932 [shard 0] database - Keyspace system_schema: Reading CF aggregates id=924c5587-2e3a-345b-b10c-12f37c1ba895 version=4b53e92c-0368-3d5c-b959-2ec1bfd1a59f
2021-02-24T19:55:43.932758806Z  INFO  2021-02-24 19:55:43,932 [shard 0] database - Keyspace system_schema: Reading CF functions id=96489b79-80be-3e14-a701-66a0b9159450 version=329ed804-55b3-3eee-ad61-d85317b96097
2021-02-24T19:55:43.932768622Z  INFO  2021-02-24 19:55:43,932 [shard 0] database - Keyspace system_schema: Reading CF views id=9786ac1c-dd58-3201-a7cd-ad556410c985 version=5b58bb47-96e7-3f57-accf-0bfca4dbbc6e
2021-02-24T19:55:43.932778417Z  INFO  2021-02-24 19:55:43,932 [shard 0] database - Keyspace system_schema: Reading CF indexes id=0feb57ac-311f-382f-ba6d-9024d305702f version=99c40462-8687-304e-abe3-2bdbef1f25aa
2021-02-24T19:55:43.932788190Z  INFO  2021-02-24 19:55:43,932 [shard 0] database - Keyspace system_schema: Reading CF types id=5a8b1ca8-6602-3f77-a045-9273d308917a version=de51b2ce-5e4d-3b7d-a75f-2204332ce8d1
2021-02-24T19:55:43.932797913Z  INFO  2021-02-24 19:55:43,932 [shard 0] database - Keyspace system_schema: Reading CF triggers id=4df70b66-6b05-3251-95a1-32b54005fd48 version=582d7071-1ef0-37c8-adc6-471a13636139
2021-02-24T19:55:43.932807764Z  INFO  2021-02-24 19:55:43,932 [shard 0] database - Keyspace system_schema: Reading CF dropped_columns id=5e7583b5-f3f4-3af1-9a39-b7e1d6f5f11f version=7426bc6c-4c2f-3200-8ad8-4329610ed59a
2021-02-24T19:55:43.933397710Z  INFO  2021-02-24 19:55:43,932 [shard 0] database - Keyspace system_schema: Reading CF columns id=24101c25-a2ae-3af7-87c1-b40ee1aca33f version=d33236d4-9bdd-3c09-abf0-a0bc5edc2526
2021-02-24T19:55:43.933416849Z  INFO  2021-02-24 19:55:43,932 [shard 0] database - Keyspace system_schema: Reading CF scylla_tables id=5d912ff1-f759-3665-b2c8-8042ab5103dd version=38e5e56b-155d-39b5-a0d2-8e5dcad42a26
2021-02-24T19:55:43.933427553Z  INFO  2021-02-24 19:55:43,932 [shard 0] database - Keyspace system_schema: Reading CF tables id=afddfb9d-bc1e-3068-8056-eed6c302ba09 version=b6240810-eeb7-36d5-9411-43b2d68dddab
2021-02-24T19:55:43.933449836Z  INFO  2021-02-24 19:55:43,933 [shard 0] database - Keyspace system_schema: Reading CF keyspaces id=abac5682-dea6-31c5-b535-b3d6cffd0fb6 version=e79ca8ba-6556-3f7d-925a-7f20cf57938c
2021-02-24T19:55:44.682296613Z  JMX is enabled to receive remote connections on port: 7199
2021-02-24T19:55:47.955923603Z  Traceback (most recent call last):
2021-02-24T19:55:47.955950235Z    File "/opt/scylladb/scripts/libexec/scylla-housekeeping", line 208, in <module>
2021-02-24T19:55:47.955962334Z      args.func(args)
2021-02-24T19:55:47.955972287Z    File "/opt/scylladb/scripts/libexec/scylla-housekeeping", line 134, in check_version
2021-02-24T19:55:47.955982492Z      current_version = sanitize_version(get_api('/storage_service/scylla_release_version'))
2021-02-24T19:55:47.955992672Z    File "/opt/scylladb/scripts/libexec/scylla-housekeeping", line 93, in get_api
2021-02-24T19:55:47.956003034Z      return get_json_from_url("http://" + api_address + path)
2021-02-24T19:55:47.956012775Z    File "/opt/scylladb/scripts/libexec/scylla-housekeeping", line 88, in get_json_from_url
2021-02-24T19:55:47.956022620Z      raise RuntimeError(f'Failed to get "{path}" due to the following error: {retval}')
2021-02-24T19:55:47.956032547Z  RuntimeError: Failed to get "http://localhost:10000/storage_service/scylla_release_version" due to the following error: HTTP Error 404: Not Found
2021-02-24T19:55:48.324827233Z  INFO  2021-02-24 19:55:48,324 [shard 0] database - Populating Keyspace system
2021-02-24T19:55:48.324854067Z  INFO  2021-02-24 19:55:48,324 [shard 0] database - Keyspace system: Reading CF compaction_history id=b4dbb7b4-dc49-3fb5-b3bf-ce6e434832ca version=25cae56a-8d75-39f3-a146-3756ab4981c7
2021-02-24T19:55:48.324881327Z  INFO  2021-02-24 19:55:48,324 [shard 0] database - Keyspace system: Reading CF batchlog id=0290003c-977e-397c-ac3e-fdfdc01d626b version=e2a2e804-49e4-3597-9f16-39fd9475835c
2021-02-24T19:55:48.324907124Z  INFO  2021-02-24 19:55:48,324 [shard 0] database - Keyspace system: Reading CF size_estimates id=618f817b-005f-3678-b8a4-53f3930b8e86 version=6d4dbcff-f05b-3dc3-95ad-f79f7b10504d
2021-02-24T19:55:48.327250602Z  INFO  2021-02-24 19:55:48,324 [shard 0] database - Keyspace system: Reading CF range_xfers id=55d76438-4e55-3f8b-9f6e-676d4af3976d version=dd15a078-409b-350d-9bef-c5f3520832d8
2021-02-24T19:55:48.327273390Z  INFO  2021-02-24 19:55:48,324 [shard 0] database - Keyspace system: Reading CF peer_events id=59dfeaea-8db2-3341-91ef-109974d81484 version=7f874a05-72b8-3c21-9acb-baa164fc351a
2021-02-24T19:55:48.327285657Z  INFO  2021-02-24 19:55:48,324 [shard 0] database - Keyspace system: Reading CF peers id=37f71aca-7dc2-383b-a706-72528af04d4f version=f6f6871f-8c86-3eca-ac0b-2a2e848e395d
2021-02-24T19:55:48.327297091Z  INFO  2021-02-24 19:55:48,324 [shard 0] database - Keyspace system: Reading CF scylla_local id=2972ec7f-fb20-38dd-aac1-d876f2e3fcbd version=5f0b407d-eedf-3845-a48e-dbb9673d10e1
2021-02-24T19:55:48.327308032Z  INFO  2021-02-24 19:55:48,324 [shard 0] database - Keyspace system: Reading CF schema_aggregates id=a5fc57fc-9d6c-3bfd-a3fc-01ad54686fea version=d06c934f-9a69-374c-86f1-523ab26fb05c
2021-02-24T19:55:48.327336879Z  INFO  2021-02-24 19:55:48,324 [shard 0] database - Keyspace system: Reading CF paxos id=b7b7f0c2-fd0a-3410-8c05-3ef614bb7c2d version=6dd372de-72fb-3e1b-9b8c-f97738a67fe9
2021-02-24T19:55:48.327349555Z  INFO  2021-02-24 19:55:48,324 [shard 0] database - Keyspace system: Reading CF compactions_in_progress id=55080ab0-5d9c-3886-90a4-acb25fe1f77b version=540263f1-40db-3869-8a38-3baadedc222d
2021-02-24T19:55:48.327361207Z  INFO  2021-02-24 19:55:48,325 [shard 0] database - Keyspace system: Reading CF local id=7ad54392-bcdd-35a6-8417-4e047860b377 version=7fa82c2e-5b67-37dd-8e5e-2079e18f1536
2021-02-24T19:55:48.327372246Z  INFO  2021-02-24 19:55:48,325 [shard 0] database - Keyspace system: Reading CF schema_columnfamilies id=45f5b360-24bc-3f83-a363-1034ea4fa697 version=7f7a5fea-07b7-304d-a6f8-f7aec72cabdb
2021-02-24T19:55:48.327383490Z  INFO  2021-02-24 19:55:48,325 [shard 0] database - Keyspace system: Reading CF hints id=2666e205-73ef-38b3-90fe-fecf96e8f0c7 version=0b74fdd1-e96d-309e-a14e-a5bcd7ac885d
2021-02-24T19:55:48.327394632Z  INFO  2021-02-24 19:55:48,325 [shard 0] database - Keyspace system: Reading CF sstable_activity id=5a1ff267-ace0-3f12-8563-cfae6103c65e version=bdec57a3-b234-334b-be9c-7b1f33113995
2021-02-24T19:55:48.327407558Z  INFO  2021-02-24 19:55:48,325 [shard 0] database - Keyspace system: Reading CF IndexInfo id=9f5c6374-d485-3229-9a0a-5094af9ad1e3 version=bbb3743b-351f-3023-b4fc-09a9be37d529
2021-02-24T19:55:48.327419301Z  INFO  2021-02-24 19:55:48,325 [shard 0] database - Keyspace system: Reading CF large_partitions id=8a7fe624-96b0-34b1-b90e-f71bddcdd2d3 version=04fa9920-9369-3a96-be39-6dd9fdc816b6
2021-02-24T19:55:48.327430467Z  INFO  2021-02-24 19:55:48,325 [shard 0] database - Keyspace system: Reading CF scylla_table_schema_history id=0191a53e-40f0-31d4-9171-b0d19ffb17b4 version=2cc890b8-9ade-3afc-ab63-043c8017608e
2021-02-24T19:55:48.327441648Z  INFO  2021-02-24 19:55:48,325 [shard 0] database - Keyspace system: Reading CF large_cells id=ead8bbc5-f146-3ae1-9f71-0b11f9a1d296 version=0d4a6937-a781-3f87-a192-b4e4a4a40acf
2021-02-24T19:55:48.327452705Z  INFO  2021-02-24 19:55:48,325 [shard 0] database - Keyspace system: Reading CF views_builds_in_progress id=b7f2c108-78cd-3c80-9cd5-d609b2bd149c version=b905cce5-1474-3085-819a-7592453e2fb9
2021-02-24T19:55:48.327463736Z  INFO  2021-02-24 19:55:48,325 [shard 0] database - Keyspace system: Reading CF built_views id=4b3c50a9-ea87-3d76-9101-6dbc9c38494a version=a28aa0b3-6def-30a7-9fbe-ce78b3f3c9b9
2021-02-24T19:55:48.327474674Z  INFO  2021-02-24 19:55:48,325 [shard 0] database - Keyspace system: Reading CF scylla_views_builds_in_progress id=a04c7bfd-1e13-36c9-a44d-f22da352281d version=e3fb736c-6956-3990-a31d-9a482279e3fc
2021-02-24T19:55:48.327485652Z  INFO  2021-02-24 19:55:48,325 [shard 0] database - Keyspace system: Reading CF truncated id=38c19fd0-fb86-3310-a4b7-0d0cc66628aa version=6da9a85c-7ae0-3917-aead-54a2f65a57a8
2021-02-24T19:55:48.327509119Z  INFO  2021-02-24 19:55:48,325 [shard 0] database - Keyspace system: Reading CF cdc_local id=0bcaffd4-0c83-3ead-ad13-dc1d5015b77c version=0aa4d3a2-ed95-3ecd-aba0-cd75622ad290
2021-02-24T19:55:48.327522676Z  INFO  2021-02-24 19:55:48,325 [shard 0] database - Keyspace system: Reading CF clients id=ca0f635d-8630-3609-8d93-a1fc06f2a5e5 version=51273ebf-e6f9-3cd5-b455-ea09ad29796f
2021-02-24T19:55:48.327533973Z  INFO  2021-02-24 19:55:48,325 [shard 0] database - Keyspace system: Reading CF schema_keyspaces id=b0f22357-4458-3cdb-9631-c43e59ce3676 version=84d28cef-59f9-34a9-9be5-31c684997f03
2021-02-24T19:55:48.327556101Z  INFO  2021-02-24 19:55:48,325 [shard 0] database - Keyspace system: Reading CF schema_columns id=296e9c04-9bec-3085-827d-c17d3df2122a version=53cfbb66-ee0d-37be-97bb-b2afb3746f85
2021-02-24T19:55:48.327568800Z  INFO  2021-02-24 19:55:48,325 [shard 0] database - Keyspace system: Reading CF schema_triggers id=0359bc71-7123-3ee1-9a4a-b9dfb11fc125 version=75e4ec4c-76da-3f59-984e-66810ba0c62b
2021-02-24T19:55:48.327580393Z  INFO  2021-02-24 19:55:48,325 [shard 0] database - Keyspace system: Reading CF large_rows id=40550f66-0858-39a0-9430-f27fc08034e9 version=aee3acb0-7926-317b-848e-db7bc3721695
2021-02-24T19:55:48.327591653Z  INFO  2021-02-24 19:55:48,325 [shard 0] database - Keyspace system: Reading CF schema_usertypes id=3aa75225-4f82-350b-8d5c-430fa221fa0a version=3c53e6bb-56d5-3618-a0b2-4ff5f18127d7
2021-02-24T19:55:48.327603008Z  INFO  2021-02-24 19:55:48,325 [shard 0] database - Keyspace system: Reading CF schema_functions id=d1b675fe-2b50-3ca4-8e49-c0f81989dcad version=a50959dd-2be0-3e4e-8bb5-cf40796e256a
2021-02-24T19:55:58.806581522Z  INFO  2021-02-24 19:55:58,804 [shard 0] init - starting gossip
2021-02-24T19:55:58.806606844Z  WARN  2021-02-24 19:55:58,804 [shard 0] init - Using default cluster name is not recommended. Using a unique cluster name will reduce the chance of adding nodes to the wrong cluster by mistake
2021-02-24T19:55:58.806618696Z  INFO  2021-02-24 19:55:58,805 [shard 0] init - seeds={10.0.23.16}, listen_address=10.0.23.16, broadcast_address=10.0.23.16
2021-02-24T19:55:58.806653374Z  INFO  2021-02-24 19:55:58,805 [shard 0] init - starting storage proxy
2021-02-24T19:55:58.837052529Z  INFO  2021-02-24 19:55:58,836 [shard 0] init - creating hints manager
2021-02-24T19:55:58.837076170Z  INFO  2021-02-24 19:55:58,836 [shard 2] init - creating hints manager
2021-02-24T19:55:58.839640630Z  INFO  2021-02-24 19:55:58,838 [shard 1] init - creating hints manager
2021-02-24T19:55:58.841179674Z  INFO  2021-02-24 19:55:58,840 [shard 3] init - creating hints manager
2021-02-24T19:55:58.842648472Z  INFO  2021-02-24 19:55:58,842 [shard 0] init - starting migration manager
2021-02-24T19:55:58.844480287Z  INFO  2021-02-24 19:55:58,843 [shard 0] init - starting query processor
2021-02-24T19:55:58.847977678Z  INFO  2021-02-24 19:55:58,847 [shard 0] init - initializing batchlog manager
2021-02-24T19:55:58.853623766Z  INFO  2021-02-24 19:55:58,852 [shard 0] format_selector - Selected md sstables format
2021-02-24T19:55:58.855650358Z  INFO  2021-02-24 19:55:58,855 [shard 0] legacy_schema_migrator - Moving 0 keyspaces from legacy schema tables to the new schema keyspace (system_schema)
2021-02-24T19:55:58.856381662Z  INFO  2021-02-24 19:55:58,856 [shard 0] legacy_schema_migrator - Dropping legacy schema tables
2021-02-24T19:56:05.710612116Z  INFO  2021-02-24 19:56:05,710 [shard 0] legacy_schema_migrator - Completed migration of legacy schema tables
2021-02-24T19:56:05.710663974Z  INFO  2021-02-24 19:56:05,710 [shard 0] init - loading system sstables
2021-02-24T19:56:18.448570413Z  INFO  2021-02-24 19:56:18,448 [shard 0] init - loading non-system sstables
2021-02-24T19:56:28.130374633Z  INFO  2021-02-24 19:56:28,129 [shard 0] database - Populating Keyspace system_auth
2021-02-24T19:56:28.130413650Z  INFO  2021-02-24 19:56:28,129 [shard 0] database - Keyspace system_auth: Reading CF roles id=5bc52802-de25-35ed-aeab-188eecebb090 version=d8f599da-7544-3f57-aa58-b229deea93e0
2021-02-24T19:56:28.130425610Z  INFO  2021-02-24 19:56:28,129 [shard 0] database - Keyspace system_auth: Reading CF role_members id=0ecdaa87-f8fb-3e60-88d1-74fb36fe5c0d version=2923b5bb-f2f8-36e8-9e73-19019900010c
2021-02-24T19:56:28.130456861Z  INFO  2021-02-24 19:56:28,129 [shard 0] database - Populating Keyspace system_traces
2021-02-24T19:56:28.131135860Z  INFO  2021-02-24 19:56:28,129 [shard 0] database - Keyspace system_traces: Reading CF sessions_time_idx id=0ebf001c-c1d1-3693-9a63-c3d96ac53318 version=cd5d1e5f-1f42-3b9d-a8ba-3af39d59a7d5
2021-02-24T19:56:28.131162854Z  INFO  2021-02-24 19:56:28,129 [shard 0] database - Keyspace system_traces: Reading CF sessions id=c5e99f16-8677-3914-b17e-960613512345 version=e0fc4b06-6cba-3b7b-bfb6-b42a77c370a9
2021-02-24T19:56:28.131187714Z  INFO  2021-02-24 19:56:28,129 [shard 0] database - Keyspace system_traces: Reading CF node_slow_log_time_idx id=f9706768-aa1e-3d87-9e5c-51a3927c2870 version=eaffc0bb-7b2c-3b64-8924-d8ba685120bc
2021-02-24T19:56:28.131204394Z  INFO  2021-02-24 19:56:28,130 [shard 0] database - Keyspace system_traces: Reading CF node_slow_log id=bfcc4e62-5b63-3aa1-a1c3-6f5e47f3325c version=23e7a411-8414-340f-854d-20a3a637e438
2021-02-24T19:56:28.131220066Z  INFO  2021-02-24 19:56:28,130 [shard 0] database - Keyspace system_traces: Reading CF events id=8826e8e9-e16a-3728-8753-3bc1fc713c25 version=41a6b26e-a03b-3ae1-8a4a-b9446e7f9304
2021-02-24T19:56:28.131235986Z  INFO  2021-02-24 19:56:28,130 [shard 0] database - Populating Keyspace dt
2021-02-24T19:56:28.131251120Z  INFO  2021-02-24 19:56:28,130 [shard 0] database - Keyspace dt: Reading CF user id=5c294820-d77b-11ea-9877-000000000001 version=02cce273-02f1-3e6a-8674-f1016e3f22d7
2021-02-24T19:56:28.131267570Z  INFO  2021-02-24 19:56:28,130 [shard 0] database - Keyspace dt: Reading CF twin id=5e00c740-d77b-11ea-9877-000000000001 version=6240633e-c8cc-3fea-a1e3-452eff1b9659
2021-02-24T19:56:28.131283403Z  INFO  2021-02-24 19:56:28,130 [shard 0] database - Keyspace dt: Reading CF element_twin_idx_index id=630ae8b0-d77b-11ea-9877-000000000001 version=bc3026fd-bc4e-318d-b6f4-ca0b566cb74b
2021-02-24T19:56:28.131299283Z  INFO  2021-02-24 19:56:28,130 [shard 0] database - Keyspace dt: Reading CF source_element_idx_index id=68593f10-d77b-11ea-9877-000000000001 version=33e3f927-f730-3081-88e1-6bed2962e42a
2021-02-24T19:56:28.131314951Z  INFO  2021-02-24 19:56:28,130 [shard 0] database - Keyspace dt: Reading CF source_data id=6af6cd50-d77b-11ea-9877-000000000001 version=b52400e3-b307-3141-b3fc-e5d63573f135
2021-02-24T19:56:28.131330451Z  INFO  2021-02-24 19:56:28,130 [shard 0] database - Keyspace dt: Reading CF source id=65ff2270-d77b-11ea-9877-000000000001 version=5f8471b7-7d19-31d4-9be5-0f153affb0bb
2021-02-24T19:56:28.131466077Z  INFO  2021-02-24 19:56:28,130 [shard 0] database - Keyspace dt: Reading CF element id=607549b0-d77b-11ea-9877-000000000001 version=f44a6c4b-69d8-37f2-b116-7260740acc6c
2021-02-24T19:56:28.131496767Z  INFO  2021-02-24 19:56:28,130 [shard 0] database - Populating Keyspace system_distributed
2021-02-24T19:56:28.131541232Z  INFO  2021-02-24 19:56:28,130 [shard 0] database - Keyspace system_distributed: Reading CF view_build_status id=5582b59f-8e4e-35e1-b913-3acada51eb04 version=e0b6e628-60e0-39a2-ada0-9b6c13bdd9bc
2021-02-24T19:56:28.131557137Z  INFO  2021-02-24 19:56:28,130 [shard 0] database - Keyspace system_distributed: Reading CF cdc_streams_descriptions id=249f0ac2-8856-36d4-9802-f55223eb01c2 version=f727f60d-bfaa-32de-a0d6-898e1cbaf2c9
2021-02-24T19:56:28.131578855Z  INFO  2021-02-24 19:56:28,131 [shard 0] database - Keyspace system_distributed: Reading CF cdc_streams id=07405732-4620-34d6-a85e-947248dad9a4 version=b606cfa4-a37b-32bd-a624-e05cab2bed3c
2021-02-24T19:56:28.132209122Z  INFO  2021-02-24 19:56:28,131 [shard 0] database - Keyspace system_distributed: Reading CF cdc_generations id=6a4df139-00b6-3d21-9efc-dade266dc3b7 version=2511b46b-df1d-39fa-9a77-f5cacf88af47
2021-02-24T19:56:28.132233320Z  INFO  2021-02-24 19:56:28,131 [shard 0] database - Keyspace system_distributed: Reading CF cdc_generation_descriptions id=ae653406-7b3e-34aa-af70-d5b90f837c67 version=95e9e159-839f-39b3-990f-8e8a04817ff8
2021-02-24T19:56:34.715647068Z  INFO  2021-02-24 19:56:34,715 [shard 0] init - starting view update generator
2021-02-24T19:56:34.716253059Z  INFO  2021-02-24 19:56:34,715 [shard 0] init - discovering staging sstables
2021-02-24T19:56:34.716855535Z  INFO  2021-02-24 19:56:34,716 [shard 0] init - setting up system keyspace
2021-02-24T19:56:34.732296711Z  INFO  2021-02-24 19:56:34,731 [shard 0] init - starting commit log
2021-02-24T19:56:34.733373523Z  INFO  2021-02-24 19:56:34,732 [shard 0] compaction - [Compact system.truncated 65c576c0-76da-11eb-8f1a-000000000000] Compacting [/var/lib/scylla/data/system/truncated-38c19fd0fb863310a4b70d0cc66628aa/md-3680-big-Data.db:level=0, /var/lib/scylla/data/system/truncated-38c19fd0fb863310a4b70d0cc66628aa/md-3676-big-Data.db:level=0, ]
2021-02-24T19:56:34.734037649Z  INFO  2021-02-24 19:56:34,733 [shard 0] compaction - [Compact system.peers 65c59dd0-76da-11eb-8f1a-000000000000] Compacting [/var/lib/scylla/data/system/peers-37f71aca7dc2383ba70672528af04d4f/md-552-big-Data.db:level=0, /var/lib/scylla/data/system/peers-37f71aca7dc2383ba70672528af04d4f/md-556-big-Data.db:level=0, ]
2021-02-24T19:56:34.734066864Z  INFO  2021-02-24 19:56:34,733 [shard 0] compaction - [Compact system.compaction_history 65c59dd1-76da-11eb-8f1a-000000000000] Compacting [/var/lib/scylla/data/system/compaction_history-b4dbb7b4dc493fb5b3bfce6e434832ca/md-632-big-Data.db:level=0, /var/lib/scylla/data/system/compaction_history-b4dbb7b4dc493fb5b3bfce6e434832ca/md-628-big-Data.db:level=0, ]
2021-02-24T19:56:34.734092986Z  INFO  2021-02-24 19:56:34,733 [shard 3] compaction - [Compact dt.source_data 65c59dd0-76da-11eb-91b2-000000000001] Compacting [/var/lib/scylla/data/dt/source_data-6af6cd50d77b11ea9877000000000001/md-1255-big-Data.db:level=0, /var/lib/scylla/data/dt/source_data-6af6cd50d77b11ea9877000000000001/md-1251-big-Data.db:level=0, ]
2021-02-24T19:56:34.734703771Z  INFO  2021-02-24 19:56:34,733 [shard 1] compaction - [Compact system.compaction_history 65c59dd0-76da-11eb-be2e-000000000002] Compacting [/var/lib/scylla/data/system/compaction_history-b4dbb7b4dc493fb5b3bfce6e434832ca/md-633-big-Data.db:level=0, /var/lib/scylla/data/system/compaction_history-b4dbb7b4dc493fb5b3bfce6e434832ca/md-629-big-Data.db:level=0, ]
2021-02-24T19:56:34.734732666Z  INFO  2021-02-24 19:56:34,733 [shard 3] compaction - [Compact system.truncated 65c59dd1-76da-11eb-91b2-000000000001] Compacting [/var/lib/scylla/data/system/truncated-38c19fd0fb863310a4b70d0cc66628aa/md-3683-big-Data.db:level=0, /var/lib/scylla/data/system/truncated-38c19fd0fb863310a4b70d0cc66628aa/md-3671-big-Data.db:level=0, ]
2021-02-24T19:56:34.734766675Z  INFO  2021-02-24 19:56:34,734 [shard 3] compaction - [Compact system.compaction_history 65c5c4e0-76da-11eb-91b2-000000000001] Compacting [/var/lib/scylla/data/system/compaction_history-b4dbb7b4dc493fb5b3bfce6e434832ca/md-635-big-Data.db:level=0, /var/lib/scylla/data/system/compaction_history-b4dbb7b4dc493fb5b3bfce6e434832ca/md-631-big-Data.db:level=0, ]
2021-02-24T19:56:34.735476241Z  INFO  2021-02-24 19:56:34,735 [shard 2] compaction - [Compact system.truncated 65c5ebf0-76da-11eb-b95d-000000000003] Compacting [/var/lib/scylla/data/system/truncated-38c19fd0fb863310a4b70d0cc66628aa/md-3682-big-Data.db:level=0, /var/lib/scylla/data/system/truncated-38c19fd0fb863310a4b70d0cc66628aa/md-3670-big-Data.db:level=0, ]
2021-02-24T19:56:34.736440014Z  INFO  2021-02-24 19:56:34,736 [shard 2] compaction - [Compact system.compaction_history 65c5ebf1-76da-11eb-b95d-000000000003] Compacting [/var/lib/scylla/data/system/compaction_history-b4dbb7b4dc493fb5b3bfce6e434832ca/md-634-big-Data.db:level=0, /var/lib/scylla/data/system/compaction_history-b4dbb7b4dc493fb5b3bfce6e434832ca/md-630-big-Data.db:level=0, ]
2021-02-24T19:56:34.737166435Z  INFO  2021-02-24 19:56:34,736 [shard 2] compaction - [Compact system.clients 65c61300-76da-11eb-b95d-000000000003] Compacting [/var/lib/scylla/data/system/clients-ca0f635d863036098d93a1fc06f2a5e5/md-158-big-Data.db:level=0, /var/lib/scylla/data/system/clients-ca0f635d863036098d93a1fc06f2a5e5/md-162-big-Data.db:level=0, ]
2021-02-24T19:56:34.740021244Z  INFO  2021-02-24 19:56:34,739 [shard 0] init - initializing migration manager RPC verbs
2021-02-24T19:56:34.741091380Z  INFO  2021-02-24 19:56:34,740 [shard 0] init - initializing storage proxy RPC verbs
2021-02-24T19:56:34.741965495Z  INFO  2021-02-24 19:56:34,741 [shard 0] init - starting streaming service
2021-02-24T19:56:34.743566328Z  INFO  2021-02-24 19:56:34,743 [shard 0] init - starting hinted handoff manager
2021-02-24T19:56:37.777316887Z  INFO  2021-02-24 19:56:37,775 [shard 2] compaction - [Compact system.clients 65c61300-76da-11eb-b95d-000000000003] Compacted 2 sstables to []. 19kB to 0 bytes (~0% of original) in 5ms = 0 bytes/s. ~256 total partitions merged to 0.
2021-02-24T19:56:38.404337563Z  INFO  2021-02-24 19:56:38,402 [shard 0] compaction - [Compact system.peers 65c59dd0-76da-11eb-8f1a-000000000000] Compacted 2 sstables to []. 10kB to 0 bytes (~0% of original) in 0ms = 0 bytes/s. ~256 total partitions merged to 0.
2021-02-24T19:56:39.680059091Z  INFO  2021-02-24 19:56:39,679 [shard 0] init - starting messaging service
2021-02-24T19:56:39.680634394Z  INFO  2021-02-24 19:56:39,680 [shard 0] repair - Setting max_repair_memory=168820736, max_repair_memory_per_range=33554432, max_repair_ranges_in_parallel=5
2021-02-24T19:56:39.681720621Z  INFO  2021-02-24 19:56:39,681 [shard 0] init - starting storage service
2021-02-24T19:56:39.684915274Z  INFO  2021-02-24 19:56:39,683 [shard 0] storage_service - Loading persisted ring state
2021-02-24T19:56:39.687708876Z  INFO  2021-02-24 19:56:39,686 [shard 0] storage_service - initial_contact_nodes={10.0.23.16}, loaded_endpoints={}, loaded_peer_features=0
2021-02-24T19:56:39.687747608Z  INFO  2021-02-24 19:56:39,687 [shard 0] storage_service - Checking remote features with gossip, initial_contact_nodes={10.0.23.16}
2021-02-24T19:56:39.688040743Z  INFO  2021-02-24 19:56:39,687 [shard 0] messaging_service - Starting Messaging Service on port 7000
2021-02-24T19:56:39.688608731Z  INFO  2021-02-24 19:56:39,687 [shard 0] gossip - Gossip shadow round started with nodes={}
2021-02-24T19:56:39.688627680Z  WARN  2021-02-24 19:56:39,688 [shard 0] gossip - All nodes={} are down for get_endpoint_states verb. Skip ShadowRound.
2021-02-24T19:56:39.688653138Z  INFO  2021-02-24 19:56:39,688 [shard 0] gossip - Gossip shadow round finisehd with nodes_talked={}
2021-02-24T19:56:39.688669735Z  INFO  2021-02-24 19:56:39,688 [shard 0] gossip - Feature check passed. Local node 10.0.23.16 features = {CDC, COMPUTED_COLUMNS, CORRECT_COUNTER_ORDER, CORRECT_NON_COMPOUND_RANGE_TOMBSTONES, CORRECT_STATIC_COMPACT_IN_MC, COUNTERS, DIGEST_FOR_NULL_VALUES, DIGEST_INSENSITIVE_TO_EXPIRY, DIGEST_MULTIPARTITION_READ, HINTED_HANDOFF_SEPARATE_CONNECTION, INDEXES, LARGE_PARTITIONS, LA_SSTABLE_FORMAT, LWT, MATERIALIZED_VIEWS, MC_SSTABLE_FORMAT, MD_SSTABLE_FORMAT, NONFROZEN_UDTS, PER_TABLE_CACHING, PER_TABLE_PARTITIONERS, RANGE_TOMBSTONES, ROLES, ROW_LEVEL_REPAIR, SCHEMA_TABLES_V3, STREAM_WITH_RPC_STREAM, TRUNCATION_TABLE, UNBOUNDED_RANGE_TOMBSTONES, VIEW_VIRTUAL_COLUMNS, WRITE_FAILURE_REPLY, XXHASH}, Remote common_features = {}
2021-02-24T19:56:39.690610692Z  INFO  2021-02-24 19:56:39,690 [shard 0] storage_service - Restarting a node in NORMAL status
2021-02-24T19:56:39.726995736Z  INFO  2021-02-24 19:56:39,726 [shard 0] schema_tables - Schema version changed to d9780978-f87c-366c-a0f5-6b1d524f8488
2021-02-24T19:56:39.727473516Z  INFO  2021-02-24 19:56:39,726 [shard 0] storage_service - Starting up server gossip
2021-02-24T19:56:39.908637865Z  INFO  2021-02-24 19:56:39,908 [shard 1] compaction - [Compact system.compaction_history 65c59dd0-76da-11eb-be2e-000000000002] Compacted 2 sstables to [/var/lib/scylla/data/system/compaction_history-b4dbb7b4dc493fb5b3bfce6e434832ca/md-637-big-Data.db:level=0, ]. 178kB to 106kB (~60% of original) in 3673ms = 29kB/s. ~384 total partitions merged to 156.
2021-02-24T19:56:42.215092043Z  INFO  2021-02-24 19:56:42,212 [shard 2] compaction - [Compact system.truncated 65c5ebf0-76da-11eb-b95d-000000000003] Compacted 2 sstables to [/var/lib/scylla/data/system/truncated-38c19fd0fb863310a4b70d0cc66628aa/md-3686-big-Data.db:level=0, ]. 112kB to 56kB (~50% of original) in 5355ms = 10kB/s. ~256 total partitions merged to 4.
2021-02-24T19:56:42.215159052Z  INFO  2021-02-24 19:56:42,212 [shard 2] compaction - [Compact system.compaction_history 65c5ebf1-76da-11eb-b95d-000000000003] Compacted 2 sstables to [/var/lib/scylla/data/system/compaction_history-b4dbb7b4dc493fb5b3bfce6e434832ca/md-638-big-Data.db:level=0, ]. 180kB to 103kB (~57% of original) in 5355ms = 19kB/s. ~256 total partitions merged to 118.
2021-02-24T19:56:42.646948130Z  INFO  2021-02-24 19:56:42,646 [shard 1] compaction - [Compact system.local 6a7d0b60-76da-11eb-be2e-000000000002] Compacting [/var/lib/scylla/data/system/local-7ad54392bcdd35a684174e047860b377/md-6629-big-Data.db:level=0, /var/lib/scylla/data/system/local-7ad54392bcdd35a684174e047860b377/md-6625-big-Data.db:level=0, ]
2021-02-24T19:56:42.740710897Z  INFO  2021-02-24 19:56:42,740 [shard 0] compaction - [Compact system.compaction_history 65c59dd1-76da-11eb-8f1a-000000000000] Compacted 2 sstables to [/var/lib/scylla/data/system/compaction_history-b4dbb7b4dc493fb5b3bfce6e434832ca/md-636-big-Data.db:level=0, ]. 189kB to 107kB (~56% of original) in 5812ms = 18kB/s. ~384 total partitions merged to 148.
2021-02-24T19:56:42.741431230Z  INFO  2021-02-24 19:56:42,740 [shard 0] compaction - [Compact system.truncated 65c576c0-76da-11eb-8f1a-000000000000] Compacted 2 sstables to [/var/lib/scylla/data/system/truncated-38c19fd0fb863310a4b70d0cc66628aa/md-3684-big-Data.db:level=0, ]. 81kB to 76kB (~93% of original) in 5812ms = 13kB/s. ~256 total partitions merged to 2.
2021-02-24T19:56:43.305492476Z  INFO  2021-02-24 19:56:43,304 [shard 3] compaction - [Compact system.compaction_history 65c5c4e0-76da-11eb-91b2-000000000001] Compacted 2 sstables to [/var/lib/scylla/data/system/compaction_history-b4dbb7b4dc493fb5b3bfce6e434832ca/md-639-big-Data.db:level=0, ]. 188kB to 106kB (~56% of original) in 5615ms = 18kB/s. ~384 total partitions merged to 147.
2021-02-24T19:56:43.307383148Z  INFO  2021-02-24 19:56:43,305 [shard 3] compaction - [Compact system.truncated 65c59dd1-76da-11eb-91b2-000000000001] Compacted 2 sstables to [/var/lib/scylla/data/system/truncated-38c19fd0fb863310a4b70d0cc66628aa/md-3687-big-Data.db:level=0, ]. 126kB to 63kB (~50% of original) in 5616ms = 11kB/s. ~256 total partitions merged to 2.
2021-02-24T19:56:43.307426383Z  INFO  2021-02-24 19:56:43,305 [shard 3] compaction - [Compact dt.source_data 65c59dd0-76da-11eb-91b2-000000000001] Compacted 2 sstables to [/var/lib/scylla/data/dt/source_data-6af6cd50d77b11ea9877000000000001/md-1259-big-Data.db:level=0, ]. 18MB to 18MB (~99% of original) in 5616ms = 3MB/s. ~256 total partitions merged to 1.
2021-02-24T19:56:44.526804449Z  INFO  2021-02-24 19:56:44,525 [shard 1] compaction - [Compact system.local 6a7d0b60-76da-11eb-be2e-000000000002] Compacted 2 sstables to [/var/lib/scylla/data/system/local-7ad54392bcdd35a684174e047860b377/md-6633-big-Data.db:level=0, ]. 18kB to 12kB (~64% of original) in 1399ms = 8kB/s. ~256 total partitions merged to 1.
2021-02-24T19:56:54.650438152Z  INFO  2021-02-24 19:56:54,648 [shard 0] gossip - No gossip backlog; proceeding
2021-02-24T19:56:54.651540946Z  INFO  2021-02-24 19:56:54,650 [shard 0] features - Feature CDC is enabled
2021-02-24T19:56:54.651593223Z  INFO  2021-02-24 19:56:54,651 [shard 0] features - Feature COMPUTED_COLUMNS is enabled
2021-02-24T19:56:54.651614417Z  INFO  2021-02-24 19:56:54,651 [shard 0] features - Feature CORRECT_STATIC_COMPACT_IN_MC is enabled
2021-02-24T19:56:54.651632910Z  INFO  2021-02-24 19:56:54,651 [shard 0] features - Feature DIGEST_FOR_NULL_VALUES is enabled
2021-02-24T19:56:54.652027836Z  INFO  2021-02-24 19:56:54,651 [shard 0] features - Feature DIGEST_INSENSITIVE_TO_EXPIRY is enabled
2021-02-24T19:56:54.652062544Z  INFO  2021-02-24 19:56:54,651 [shard 0] features - Feature HINTED_HANDOFF_SEPARATE_CONNECTION is enabled
2021-02-24T19:56:54.652081817Z  INFO  2021-02-24 19:56:54,651 [shard 0] features - Feature LWT is enabled
2021-02-24T19:56:54.652100171Z  INFO  2021-02-24 19:56:54,651 [shard 0] features - Feature MC_SSTABLE_FORMAT is enabled
2021-02-24T19:56:54.652117995Z  INFO  2021-02-24 19:56:54,651 [shard 0] features - Feature MD_SSTABLE_FORMAT is enabled
2021-02-24T19:56:54.652139168Z  INFO  2021-02-24 19:56:54,651 [shard 0] features - Feature NONFROZEN_UDTS is enabled
2021-02-24T19:56:54.652157655Z  INFO  2021-02-24 19:56:54,651 [shard 0] features - Feature PER_TABLE_CACHING is enabled
2021-02-24T19:56:54.652175408Z  INFO  2021-02-24 19:56:54,651 [shard 0] features - Feature PER_TABLE_PARTITIONERS is enabled
2021-02-24T19:56:54.652221543Z  INFO  2021-02-24 19:56:54,651 [shard 0] features - Feature ROW_LEVEL_REPAIR is enabled
2021-02-24T19:56:54.652241890Z  INFO  2021-02-24 19:56:54,651 [shard 0] features - Feature TRUNCATION_TABLE is enabled
2021-02-24T19:56:54.652260607Z  INFO  2021-02-24 19:56:54,651 [shard 0] features - Feature UNBOUNDED_RANGE_TOMBSTONES is enabled
2021-02-24T19:56:54.652279327Z  INFO  2021-02-24 19:56:54,651 [shard 0] features - Feature VIEW_VIRTUAL_COLUMNS is enabled
2021-02-24T19:56:54.653497049Z  INFO  2021-02-24 19:56:54,652 [shard 0] init - starting system distributed keyspace
2021-02-24T19:56:54.657851717Z  INFO  2021-02-24 19:56:54,656 [shard 0] storage_service - Using saved tokens {9122882257136270100, 9066588519930559993, 9061580907506437136, 8775859223532977932, 943448605036726745, 8325613099551670589, 800062458669145892, 7880345233810794046, 784130423392421222, 782580883702972777, 778239093056833917, 7732629563319678675, 7564694057214588647, 747840302865059114, 7469085752185829039, 7255484784972643852, 7222389702734437292, 7172238068082229918, 7103497347382660592, 6818717460470417221, 6496091893897576732, 6420907855788431922, 6381418245203458391, 6358173612251239308, 6115776390551923703, 5935809959838255935, 588034934972968299, 5848278814186320030, 5834675951458569055, 5704999654143823990, 5661405961885371428, 5569071124009844993, 7804258889026263620, 5441044328235651423, 5396954320704971060, 5311755414232655734, 5256736089695841171, 525652295242460822, 6302443190184390149, 5150907166433009570, 5102381975608989830, 4540975434217357056, 4497639963855891379, 4461207940793579131, 4453520694484038438, 4445989245037378795, 4262233236239091105, 408961909545308462, 873311388414975666, 5104799485589097680, 4037379789709069307, 3979649323160207298, 3941245744356891698, 3909145942678699742, 6478032244021912394, 3907413558358164712, 3840184102447470012, 5103660925946342563, 3822141065635310082, 667581605220131528, 3606629961194077343, 352278596429886466, 3361838207769500988, 3145063885579200582, 3100842289958262644, 2870638580126821409, 2609254198811139442, 2531294222158762011, 2431756818088451524, 5341717901052361821, 2050968450175517454, 1911454556365012923, 8413544620893079714, 214428871588027420, 1470306277250886071, 5796254206948921528, 4378909036113166689, 1172299952227812636, 105268539462240253, -1614584707908969492, 3058186759042775792, -2685359252619347507, -7341700934491837716, -4368295386640868227, -4280461110562472301, -4203952547861361192, -4177024142024341044, 4083460330442256183, -4113405879925637368, 8707696313600310498, -3880555618453256762, -4106310081010891923, -3428624778218969630, -4007868363884276055, 3373616921334842984, -3942245253345029362, 285540986842976874, -3729138346528579520, 855031166620283245, -3256341547923989103, 284028081363756156, 194223785007163967, -2800260328053956713, -2700796200994103492, -4623422606623793434, -6767019288334108993, -2365586676906010085, -431455211546220291, -3014142033706378490, 5153854518462400651, -7767361191227918078, 5890706123786165213, -8855822008500182327, -2732234699235264563, -4475005699924690030, -1171738939209168407, -1084614158625469139, -1295419475388780424, -4193553788022177878, -1474028219808469861, -1593748153114868683, -7190282066974323895, 8777890816944145805, -105211415949921556, 8280511155447462154, 3014475854062098037, -6104126434670973331, 7743526815996532326, -2879534723161185431, 6933997554702494562, -7913213531410876291, -2605645373691895986, -1004253484774030395, -2187125227394891465, 3287699046743316011, -184157634332906914, 1251119865371637993, -2699231837109027988, -6586482614645135705, 700944770677405149, -2135119982021577211, -1207620414022812792, -2319706609635128471, -2076430708060394350, 6788034976878782500, 3022913469242457337, 2879924223908633556, -5656441245782528349, -9132047842757487932, 7772390126184307669, -8529251962487546573, -1032698423218536378, -2648919406212884980, 3556932048290112968, -2391018463907211455, -467985751191813914, 7354219953741161264, -6338043935148530859, -471701403720839764, -4415280594152455372, -6127879535600466936, -4735496583611878200, 156312151312654313, -1761718599052329021, -4770694758141334815, -4895652206680369668, -2166731983266837511, -5095673126210616552, 6974970471767945112, 3924960423780627192, -4134923634748466107, -1363472444035739717, -511676141100664160, 2542018259596577135, -7111183380354176443, -8372022353883945178, 790424663468033093, -3280527161887251879, -3164480873853500968, -5136236598692180863, -5140544052953576706, 6448269612184381105, -4601858807243735115, -5285270377043925775, 4738411181964629022, -4231054370802445643, -6853270293933441203, 1912522665107890116, -8612347190400988175, -5228242602708342126, -5246840897237646542, 8957018461898327244, 8476533345381470087, 3533570692245755170, -5360532551957069796, 7009081579420542256, -1970747149103226319, -2640475812391264528, -5411685484465544274, -5508289632699420366, 5906838239532612246, -5526097868254533829, 5122450296475986719, 2104079815049743807, -4872163430844150374, -3101294897153501639, -4925670906471950289, -8001902308657073600, 1033733984444816800, -5595342098352848506, 4660022660859336370, -1709100826419756065, -8485257529464526975, -7405825010257289618, -572473923349256348, 533209426647054698, -6810383749951706976, -6017078328443447975, 2233495137371904435, 1688077838521597411, -6093280019772326743, 8813999419995718088, -6238625478980828395, -3409621329811667263, -6249520955674807415, -7148146405116016542, -6263078841153087564, 8675978575875245837, 1574734081023094222, -8953406550820932827, -1208769590907790735, -6303682351633097607, 1535311813904826318, -8024675672634848221, -8495384334141326469, -9173155356561330710, -6648258355715071793, -6779834804380741154, 5017042126534426855, -6985294397658573838, -6199824488038647909, -6441145814158460549, -7232953798633244985, -8352632933072691056, -4829128129506020031, -9210810031089136649, -7512330892235471280, -1522914538603683793, -769344519844763244, -4541237399207364623, -8694753427154041557, 8382283044476755854, -889434854029329118, 5401470720317959250, -8549013321787275289, 1018091569669202328}
2021-02-24T19:56:54.677676071Z  INFO  2021-02-24 19:56:54,677 [shard 0] schema_tables - Schema version changed to d9780978-f87c-366c-a0f5-6b1d524f8488
2021-02-24T19:56:54.700527272Z  INFO  2021-02-24 19:56:54,700 [shard 0] schema_tables - Schema version changed to b18bbcde-6606-3379-a1a5-68b0b0524d81
2021-02-24T19:56:54.719323202Z  INFO  2021-02-24 19:56:54,718 [shard 0] schema_tables - Schema version changed to b18bbcde-6606-3379-a1a5-68b0b0524d81
2021-02-24T19:56:54.736424906Z  INFO  2021-02-24 19:56:54,736 [shard 0] schema_tables - Schema version changed to b18bbcde-6606-3379-a1a5-68b0b0524d81
2021-02-24T19:56:55.919168988Z  INFO  2021-02-24 19:56:55,918 [shard 0] compaction - [Compact system.cdc_local 726630e0-76da-11eb-8f1a-000000000000] Compacting [/var/lib/scylla/data/system/cdc_local-0bcaffd40c833eadad13dc1d5015b77c/md-764-big-Data.db:level=0, /var/lib/scylla/data/system/cdc_local-0bcaffd40c833eadad13dc1d5015b77c/md-760-big-Data.db:level=0, ]
2021-02-24T19:56:57.327183425Z  INFO  2021-02-24 19:56:57,326 [shard 1] compaction - [Compact system.local 733d08e0-76da-11eb-be2e-000000000002] Compacting [/var/lib/scylla/data/system/local-7ad54392bcdd35a684174e047860b377/md-6637-big-Data.db:level=0, /var/lib/scylla/data/system/local-7ad54392bcdd35a684174e047860b377/md-6633-big-Data.db:level=0, ]
2021-02-24T19:56:57.331026267Z  INFO  2021-02-24 19:56:57,330 [shard 0] storage_service - Node 10.0.23.16 state jump to normal
2021-02-24T19:56:57.859843670Z  INFO  2021-02-24 19:56:57,859 [shard 0] compaction - [Compact system.cdc_local 726630e0-76da-11eb-8f1a-000000000000] Compacted 2 sstables to [/var/lib/scylla/data/system/cdc_local-0bcaffd40c833eadad13dc1d5015b77c/md-768-big-Data.db:level=0, ]. 10kB to 5kB (~51% of original) in 1407ms = 3kB/s. ~256 total partitions merged to 1.
2021-02-24T19:56:58.614695865Z  INFO  2021-02-24 19:56:58,613 [shard 0] storage_service - NORMAL: node is now in normal status
2021-02-24T19:56:58.615394389Z  INFO  2021-02-24 19:56:58,614 [shard 0] cdc - Latest generation seen during startup: 2021/01/13 14:33:24
2021-02-24T19:56:58.616092981Z  INFO  2021-02-24 19:56:58,615 [shard 0] init - starting tracing
2021-02-24T19:56:58.616547021Z  INFO  2021-02-24 19:56:58,616 [shard 0] init - SSTable data integrity checker is disabled.
2021-02-24T19:56:58.616567979Z  INFO  2021-02-24 19:56:58,616 [shard 0] init - starting auth service
2021-02-24T19:56:58.619946926Z  INFO  2021-02-24 19:56:58,619 [shard 0] init - starting batchlog manager
2021-02-24T19:56:58.620596786Z  INFO  2021-02-24 19:56:58,620 [shard 0] init - starting load meter
2021-02-24T19:56:58.620651185Z  INFO  2021-02-24 19:56:58,620 [shard 0] init - starting cf cache hit rate calculator
2021-02-24T19:56:58.621102399Z  INFO  2021-02-24 19:56:58,620 [shard 0] init - starting view update backlog broker
2021-02-24T19:56:58.621903783Z  INFO  2021-02-24 19:56:58,621 [shard 0] init - Waiting for gossip to settle before accepting client requests...
2021-02-24T19:56:59.105371717Z  INFO  2021-02-24 19:56:59,104 [shard 1] compaction - [Compact system.local 733d08e0-76da-11eb-be2e-000000000002] Compacted 2 sstables to [/var/lib/scylla/data/system/local-7ad54392bcdd35a684174e047860b377/md-6641-big-Data.db:level=0, ]. 18kB to 12kB (~66% of original) in 1284ms = 9kB/s. ~256 total partitions merged to 1.
2021-02-24T19:57:10.623141671Z  INFO  2021-02-24 19:57:10,622 [shard 0] gossip - No gossip backlog; proceeding
2021-02-24T19:57:10.624421000Z  INFO  2021-02-24 19:57:10,623 [shard 0] init - allow replaying hints
2021-02-24T19:57:10.625270873Z  INFO  2021-02-24 19:57:10,624 [shard 0] init - Launching generate_mv_updates for non system tables
2021-02-24T19:57:10.626421090Z  INFO  2021-02-24 19:57:10,625 [shard 0] init - starting the view builder
2021-02-24T19:57:10.975205885Z  INFO  2021-02-24 19:57:10,974 [shard 0] compaction - [Compact system.truncated 7b5f8de0-76da-11eb-8f1a-000000000000] Compacting [/var/lib/scylla/data/system/truncated-38c19fd0fb863310a4b70d0cc66628aa/md-3688-big-Data.db:level=0, /var/lib/scylla/data/system/truncated-38c19fd0fb863310a4b70d0cc66628aa/md-3684-big-Data.db:level=0, ]
2021-02-24T19:57:10.976069415Z  INFO  2021-02-24 19:57:10,975 [shard 0] init - starting native transport
2021-02-24T19:57:10.978896820Z  INFO  2021-02-24 19:57:10,978 [shard 0] cql_server_controller - Starting listening for CQL clients on 10.0.23.16:9042 (unencrypted, non-shard-aware)
2021-02-24T19:57:10.978921354Z  INFO  2021-02-24 19:57:10,978 [shard 0] cql_server_controller - Starting listening for CQL clients on 10.0.23.16:19042 (unencrypted, shard-aware)
2021-02-24T19:57:10.982099762Z  INFO  2021-02-24 19:57:10,981 [shard 0] thrift_controller - Thrift server listening on 10.0.23.16:9160 ...
2021-02-24T19:57:10.984033269Z  INFO  2021-02-24 19:57:10,983 [shard 0] init - serving
2021-02-24T19:57:10.984095001Z  INFO  2021-02-24 19:57:10,983 [shard 0] init - Scylla version 4.3.1-0.20210210.46650adcd initialization completed.
2021-02-24T19:57:11.447191354Z  INFO  2021-02-24 19:57:11,446 [shard 0] compaction - [Compact system.truncated 7b5f8de0-76da-11eb-8f1a-000000000000] Compacted 2 sstables to [/var/lib/scylla/data/system/truncated-38c19fd0fb863310a4b70d0cc66628aa/md-3692-big-Data.db:level=0, ]. 81kB to 76kB (~93% of original) in 344ms = 223kB/s. ~256 total partitions merged to 2.
2021-02-24T20:30:39.992647189Z  INFO  2021-02-24 20:30:39,991 [shard 0] compaction - [Compact system.clients 28d73870-76df-11eb-8f1a-000000000000] Compacting [/var/lib/scylla/data/system/clients-ca0f635d863036098d93a1fc06f2a5e5/md-168-big-Data.db:level=0, /var/lib/scylla/data/system/clients-ca0f635d863036098d93a1fc06f2a5e5/md-164-big-Data.db:level=0, ]
2021-02-24T20:30:40.422688567Z  INFO  2021-02-24 20:30:40,421 [shard 0] compaction - [Compact system.clients 28d73870-76df-11eb-8f1a-000000000000] Compacted 2 sstables to [/var/lib/scylla/data/system/clients-ca0f635d863036098d93a1fc06f2a5e5/md-172-big-Data.db:level=0, ]. 102kB to 6kB (~6% of original) in 337ms = 19kB/s. ~256 total partitions merged to 1.
2021-02-24T20:30:58.563323195Z  INFO  2021-02-24 20:30:58,562 [shard 0] compaction - [Compact system.clients 33e8ee20-76df-11eb-8f1a-000000000000] Compacting [/var/lib/scylla/data/system/clients-ca0f635d863036098d93a1fc06f2a5e5/md-172-big-Data.db:level=0, /var/lib/scylla/data/system/clients-ca0f635d863036098d93a1fc06f2a5e5/md-176-big-Data.db:level=0, ]
2021-02-24T20:30:59.000003747Z  INFO  2021-02-24 20:30:58,999 [shard 0] compaction - [Compact system.clients 33e8ee20-76df-11eb-8f1a-000000000000] Compacted 2 sstables to [/var/lib/scylla/data/system/clients-ca0f635d863036098d93a1fc06f2a5e5/md-180-big-Data.db:level=0, ]. 58kB to 6kB (~10% of original) in 332ms = 18kB/s. ~256 total partitions merged to 1.
2021-02-24T20:31:17.065533222Z  INFO  2021-02-24 20:31:17,065 [shard 0] compaction - [Compact system.clients 3ef04390-76df-11eb-8f1a-000000000000] Compacting [/var/lib/scylla/data/system/clients-ca0f635d863036098d93a1fc06f2a5e5/md-180-big-Data.db:level=0, /var/lib/scylla/data/system/clients-ca0f635d863036098d93a1fc06f2a5e5/md-184-big-Data.db:level=0, ]
2021-02-24T20:31:17.532807665Z  INFO  2021-02-24 20:31:17,532 [shard 0] compaction - [Compact system.clients 3ef04390-76df-11eb-8f1a-000000000000] Compacted 2 sstables to [/var/lib/scylla/data/system/clients-ca0f635d863036098d93a1fc06f2a5e5/md-188-big-Data.db:level=0, ]. 57kB to 6kB (~10% of original) in 366ms = 16kB/s. ~256 total partitions merged to 1.
2021-02-24T20:31:35.691187084Z  INFO  2021-02-24 20:31:35,690 [shard 0] compaction - [Compact system.clients 4a0a36a0-76df-11eb-8f1a-000000000000] Compacting [/var/lib/scylla/data/system/clients-ca0f635d863036098d93a1fc06f2a5e5/md-188-big-Data.db:level=0, /var/lib/scylla/data/system/clients-ca0f635d863036098d93a1fc06f2a5e5/md-192-big-Data.db:level=0, ]
2021-02-24T20:31:36.349672941Z  INFO  2021-02-24 20:31:36,349 [shard 0] compaction - [Compact system.clients 4a0a36a0-76df-11eb-8f1a-000000000000] Compacted 2 sstables to [/var/lib/scylla/data/system/clients-ca0f635d863036098d93a1fc06f2a5e5/md-196-big-Data.db:level=0, ]. 57kB to 6kB (~11% of original) in 414ms = 15kB/s. ~256 total partitions merged to 1.
2021-02-24T20:31:54.267225353Z  INFO  2021-02-24 20:31:54,266 [shard 0] compaction - [Compact system.clients 551cafa0-76df-11eb-8f1a-000000000000] Compacting [/var/lib/scylla/data/system/clients-ca0f635d863036098d93a1fc06f2a5e5/md-196-big-Data.db:level=0, /var/lib/scylla/data/system/clients-ca0f635d863036098d93a1fc06f2a5e5/md-200-big-Data.db:level=0, ]
2021-02-24T20:31:54.741938225Z  INFO  2021-02-24 20:31:54,741 [shard 0] compaction - [Compact system.clients 551cafa0-76df-11eb-8f1a-000000000000] Compacted 2 sstables to [/var/lib/scylla/data/system/clients-ca0f635d863036098d93a1fc06f2a5e5/md-204-big-Data.db:level=0, ]. 57kB to 5kB (~10% of original) in 372ms = 16kB/s. ~256 total partitions merged to 1.
2021-02-24T20:32:12.910835472Z  INFO  2021-02-24 20:32:12,910 [shard 0] compaction - [Compact system.clients 603988e0-76df-11eb-8f1a-000000000000] Compacting [/var/lib/scylla/data/system/clients-ca0f635d863036098d93a1fc06f2a5e5/md-204-big-Data.db:level=0, /var/lib/scylla/data/system/clients-ca0f635d863036098d93a1fc06f2a5e5/md-208-big-Data.db:level=0, ]
2021-02-24T20:32:13.366522835Z  INFO  2021-02-24 20:32:13,365 [shard 0] compaction - [Compact system.clients 603988e0-76df-11eb-8f1a-000000000000] Compacted 2 sstables to [/var/lib/scylla/data/system/clients-ca0f635d863036098d93a1fc06f2a5e5/md-212-big-Data.db:level=0, ]. 57kB to 6kB (~11% of original) in 329ms = 20kB/s. ~256 total partitions merged to 1.
2021-02-24T20:38:23.398654934Z  INFO  2021-02-24 20:38:23,397 [shard 0] compaction - [Compact system.clients 3d0d5d50-76e0-11eb-8f1a-000000000000] Compacting [/var/lib/scylla/data/system/clients-ca0f635d863036098d93a1fc06f2a5e5/md-212-big-Data.db:level=0, /var/lib/scylla/data/system/clients-ca0f635d863036098d93a1fc06f2a5e5/md-216-big-Data.db:level=0, ]
2021-02-24T20:38:23.920574248Z  INFO  2021-02-24 20:38:23,919 [shard 0] compaction - [Compact system.clients 3d0d5d50-76e0-11eb-8f1a-000000000000] Compacted 2 sstables to [/var/lib/scylla/data/system/clients-ca0f635d863036098d93a1fc06f2a5e5/md-220-big-Data.db:level=0, ]. 58kB to 6kB (~10% of original) in 404ms = 15kB/s. ~256 total partitions merged to 1.
2021-02-24T20:38:32.941649593Z  INFO  2021-02-24 20:38:32,941 [shard 0] compaction - [Compact system.clients 42bd82c0-76e0-11eb-8f1a-000000000000] Compacting [/var/lib/scylla/data/system/clients-ca0f635d863036098d93a1fc06f2a5e5/md-220-big-Data.db:level=0, /var/lib/scylla/data/system/clients-ca0f635d863036098d93a1fc06f2a5e5/md-224-big-Data.db:level=0, ]
2021-02-24T20:38:33.406187581Z  INFO  2021-02-24 20:38:33,405 [shard 0] compaction - [Compact system.clients 42bd82c0-76e0-11eb-8f1a-000000000000] Compacted 2 sstables to [/var/lib/scylla/data/system/clients-ca0f635d863036098d93a1fc06f2a5e5/md-228-big-Data.db:level=0, ]. 57kB to 7kB (~13% of original) in 363ms = 20kB/s. ~256 total partitions merged to 1.
2021-02-24T20:38:42.360694269Z  INFO  2021-02-24 20:38:42,360 [shard 0] compaction - [Compact system.clients 485ae380-76e0-11eb-8f1a-000000000000] Compacting [/var/lib/scylla/data/system/clients-ca0f635d863036098d93a1fc06f2a5e5/md-228-big-Data.db:level=0, /var/lib/scylla/data/system/clients-ca0f635d863036098d93a1fc06f2a5e5/md-232-big-Data.db:level=0, ]
2021-02-24T20:38:42.973955663Z  INFO  2021-02-24 20:38:42,973 [shard 0] compaction - [Compact system.clients 485ae380-76e0-11eb-8f1a-000000000000] Compacted 2 sstables to [/var/lib/scylla/data/system/clients-ca0f635d863036098d93a1fc06f2a5e5/md-236-big-Data.db:level=0, ]. 58kB to 6kB (~10% of original) in 487ms = 12kB/s. ~256 total partitions merged to 1.
2021-02-24T20:38:52.762086058Z  INFO  2021-02-24 20:38:52,761 [shard 0] compaction - [Compact system.clients 4e8df490-76e0-11eb-8f1a-000000000000] Compacting [/var/lib/scylla/data/system/clients-ca0f635d863036098d93a1fc06f2a5e5/md-236-big-Data.db:level=0, /var/lib/scylla/data/system/clients-ca0f635d863036098d93a1fc06f2a5e5/md-240-big-Data.db:level=0, ]
2021-02-24T20:38:53.173129756Z  INFO  2021-02-24 20:38:53,172 [shard 0] compaction - [Compact system.clients 4e8df490-76e0-11eb-8f1a-000000000000] Compacted 2 sstables to [/var/lib/scylla/data/system/clients-ca0f635d863036098d93a1fc06f2a5e5/md-244-big-Data.db:level=0, ]. 57kB to 7kB (~12% of original) in 302ms = 23kB/s. ~256 total partitions merged to 1.
2021-02-24T20:39:06.369439260Z  INFO  2021-02-24 20:39:06,368 [shard 0] compaction - [Compact system.clients 56aa3800-76e0-11eb-8f1a-000000000000] Compacting [/var/lib/scylla/data/system/clients-ca0f635d863036098d93a1fc06f2a5e5/md-244-big-Data.db:level=0, /var/lib/scylla/data/system/clients-ca0f635d863036098d93a1fc06f2a5e5/md-248-big-Data.db:level=0, ]
2021-02-24T20:39:07.005283713Z  INFO  2021-02-24 20:39:07,004 [shard 0] compaction - [Compact system.clients 56aa3800-76e0-11eb-8f1a-000000000000] Compacted 2 sstables to [/var/lib/scylla/data/system/clients-ca0f635d863036098d93a1fc06f2a5e5/md-252-big-Data.db:level=0, ]. 58kB to 5kB (~10% of original) in 550ms = 10kB/s. ~256 total partitions merged to 1.
2021-02-24T20:39:19.932901110Z  INFO  2021-02-24 20:39:19,932 [shard 0] compaction - [Compact system.clients 5ebfebc0-76e0-11eb-8f1a-000000000000] Compacting [/var/lib/scylla/data/system/clients-ca0f635d863036098d93a1fc06f2a5e5/md-252-big-Data.db:level=0, /var/lib/scylla/data/system/clients-ca0f635d863036098d93a1fc06f2a5e5/md-256-big-Data.db:level=0, ]
2021-02-24T20:39:20.387777831Z  INFO  2021-02-24 20:39:20,387 [shard 0] compaction - [Compact system.clients 5ebfebc0-76e0-11eb-8f1a-000000000000] Compacted 2 sstables to [/var/lib/scylla/data/system/clients-ca0f635d863036098d93a1fc06f2a5e5/md-260-big-Data.db:level=0, ]. 57kB to 7kB (~12% of original) in 354ms = 20kB/s. ~256 total partitions merged to 1.
2021-02-24T20:39:34.270199104Z  INFO  2021-02-24 20:39:34,269 [shard 0] compaction - [Compact system.clients 674b92d0-76e0-11eb-8f1a-000000000000] Compacting [/var/lib/scylla/data/system/clients-ca0f635d863036098d93a1fc06f2a5e5/md-260-big-Data.db:level=0, /var/lib/scylla/data/system/clients-ca0f635d863036098d93a1fc06f2a5e5/md-264-big-Data.db:level=0, ]
2021-02-24T20:39:34.809897188Z  INFO  2021-02-24 20:39:34,809 [shard 0] compaction - [Compact system.clients 674b92d0-76e0-11eb-8f1a-000000000000] Compacted 2 sstables to [/var/lib/scylla/data/system/clients-ca0f635d863036098d93a1fc06f2a5e5/md-268-big-Data.db:level=0, ]. 59kB to 6kB (~10% of original) in 388ms = 15kB/s. ~256 total partitions merged to 1.
