2021-02-04T06:36:58.325423189Z 0 A3KUJueZ3CCj5aZJ50Q5dYAP9q4Fn14qnIh1NOZgFyN4GuxW7aiUht2UulEfvi
2021-02-04T06:36:58.393888878Z 1 4J7q3oXMCxVNgB2pSwb3z61XkAPL902VmPAnAqIFWacuF73uq1JlTCikgrH9ja
2021-02-04T06:36:58.462595219Z 2 j2z6kd0KSPok1ndILKKw986cCSDaj2jjqc7pWRAUHObkg8CKE12W657FU9SQRA
2021-02-04T06:36:58.530824090Z 3 yKnzOWvySekZPTFyX2HWbRIYvx0MUdgEhwwrO7aatfEMstsBo3yReLJzBsb1dw
2021-02-04T06:36:58.598065586Z 4 WDQs3COZF6PNtHBskGPp3O2mlwpB0CU8T1qEkFEDNZKnWFss0aiNM1ZufzYZHe
2021-02-04T06:36:58.666210408Z 5 rPSpDA6lvX6Oxztrt5K1XJ3VTmpcnEziEzswRh0grtjpGd4uijwBSWFOY6QjZ2
2021-02-04T06:36:58.734360120Z 6 bdbCbsSP92fv0wo6pWxep72WEXUcxxBdwHKJbecE3sZvxed17tGHDcCuUvqpZn
2021-02-04T06:36:58.802293653Z 7 NxJMyQI6hzYeDTY5XtiEXxZmmTztE3ySUwbChiZszbDWcYXOVhJTJkjsfm5pZy
2021-02-04T06:36:58.871315793Z 8 3koF1WIKCcVT5SAliRKwN6jY2RriRPGkncOZt8HYtOgkp1k6QuuXMa2a8K57MB
2021-02-04T06:36:58.939245250Z 9 pAw7fUvXGwxeZqILsr55xLr87yJfCUP3G3qyvGOBv3HlcJmKH9uCXXQONssQyu
2021-02-04T06:36:59.007538596Z 10 F6Aj4Zx2mreHMkIIay663cenuD8x42vo80JDXGOv8uFEgUy3BcsnCfMEnVf4F
2021-02-04T06:36:59.076083850Z 11 Bhh7iptoy1YZODTm3y2IGfBjpBbikcjRDH8yEosBO0GTBEABy39tYfHgx4QTw
2021-02-04T06:36:59.144043258Z 12 teFoxJUhpvNe3vPZBM0mKqSY8d5eTlIXP1F8v9dnJYYdKh0rFNV2pyAoigBEC
2021-02-04T06:36:59.212954438Z 13 pQ7cyuECgdU6bGR7R5WlJuKEIwqX4b88AtEQcNzwr1Me85bIFeMkYStgRNR0s
2021-02-04T06:36:59.281635116Z 14 Hs8adh3Fdo6jl36uI6HshtjeZGqpEXwZNRGNdwDG8o5Md6UWvRJaIEvAaXlSB
2021-02-04T06:36:59.349431872Z 15 WaxidJqqzX1a9rD4l446pT2Log5FuBxy8JPt7qtfKR8kp3J1cfgRPKl8Zu9eM
2021-02-04T06:36:59.417723303Z 16 me1xk98a28yKtThPZsBUPaGsUwg65yoMLZHUoHLQxOzRo1hDfQvvlVLMCUzW8
2021-02-04T06:36:59.485937249Z 17 4FijS3TvlnL4p6P3vzMJt89frbxXeeR0TeeH52AWHGcc7hLVrnuuywVRBqaKY
2021-02-04T06:36:59.553681326Z 18 Ra60yZ9cGXDOruJ7juRf65vvNH8cnb120SKyuveHIyPOEsIjOoEYrTX5Ecppp
2021-02-04T06:36:59.621369207Z 19 RWCI4zVJ30ty0xi9P8Vd3jN9mQt28tQqQUJ9JVEouJotMHUF1QfB7rsfAhCgz
2021-02-04T06:36:59.689570090Z 20 7UL0XzIrhthGp4Th4u5dMF5KGgk3btHw0Kz6O9Z5hpzTGvhPmn1KGCeiuzA3M
2021-02-04T06:36:59.757105804Z 21 ZTfLXBfT3kTelI4A9Ex3SHRJD98WyvKzKwEuuu4HbaFhF4TsU4uuQWqTCMWts
2021-02-04T06:36:59.825138891Z 22 BY7AXeBvjC5U2cfe0HRWLN8WhPTkU0wWZAzPT7dI5yHV1ocEZmdtWbeIFmBnd
2021-02-04T06:36:59.893537901Z 23 IZ87QWDFfX9TAKpihMsrax1d4CmbdnZUSGQ8rZmBInD2ZzwI1UT0CXlSUR5hn
2021-02-04T06:36:59.961535760Z 24 LAlWucXXQM7V7jqEhnVb00Ap1Uel2js2Wxbt5NYHnEFwW8hhNro1gU7YdC3xc
2021-02-04T06:37:00.029405171Z 25 olUMtMrfjUv2U9A0WJogVZVL7IMmUaVKE1EZ8XYmuWHkguAC4WVp1k096qEI5
2021-02-04T06:37:00.097422332Z 26 KYMR9p1h9g8160SShiRcjUQwmNMo1n8xyzOEDfttpTPGHZMRAb7bduc2Z8WbQ
2021-02-04T06:37:00.166008262Z 27 B7PArDzxTcs0puCarxWdmoPdV58W84bLdk2MxbO2AePC68dGVlIYOrXtG6js5
2021-02-04T06:37:00.234888032Z 28 pmkBeejdk3eqx4kUeESii3KMdaBvt6O91r0OwW9leevUKA6PrCqo7GqsNrtrF
2021-02-04T06:37:00.303726559Z 29 Z0vp2DppRhKYD9mFLGAOojXO9hR3T6qphjWzVqMOvv12Fnz7X06rKmWOOowxm
2021-02-04T06:37:00.372519206Z 30 BiqWq2AkPBC29mocW0gfX5Cghmcy7d6P8TEIci0kaP8jpwRYd0Z8yzff3mxeY
2021-02-04T06:37:00.440745176Z 31 lGQrX4Rv3C96kWi3UC2DE9upiP8HWZ5b2OUW3ytTIZoGuWmCHwhbk444yVy6f
2021-02-04T06:37:00.509073445Z 32 Wn6PpEosgz573fNqmdtCW9fA0zmrRqV55OV6Go9BFIyCI8F7tICZbrDjDdARf
2021-02-04T06:37:00.578131500Z 33 MbYJPkiqLFXhSBygObfGlfIy723usDmuibtTxoiGedjEha6mNco3UIZjPJw5s
2021-02-04T06:37:00.646922330Z 34 Og9knZpyR5Zq8JufQDyDcWpdNrRFtQaEb8018OGHTloRN34HWSmvnjPaLgG38
2021-02-04T06:37:00.715876759Z 35 pxNTXwVPnDK7FU9D3u1yqXCJhzxMlo9MRZClymYB4qk10jH7u2rlHZcPXl1xr
2021-02-04T06:37:00.784752971Z 36 q6FKk1ECxqQm19u1e1uMqqDpWammYxbPGl3USg6ipev0iq1juTypjLdLUX75c
2021-02-04T06:37:00.852184141Z 37 TuoC9UG9KdBXj9BUHUZsUtCvii7nc3rNh321NZ3D2q5gYfUUt3hWanmR2ZT10
2021-02-04T06:37:00.920991045Z 38 9BhETSziXh7UrKYmmDBtnrFQwh0aclTrxRuHtNvnayoLf2paWciOJUSJTUAea
2021-02-04T06:37:00.989439624Z 39 Hrx3yRZ3aXLBi1DK57w5pzoM0EgUjZuwblyLzbpYQWQRKxJe2Q3P5K4xb2LtA
2021-02-04T06:37:01.057446322Z 40 GKL74xt7u9hRNu1i0UfkKbLDECPJPZvylhq45TxZcoJ6y2pc7enSwWi6LiliS
2021-02-04T06:37:01.125864846Z 41 YFYWFGeOw4sg5Ty2eWK3kh8IInoBjMS7fYtwrL3HXCvWFLIoKr5jgbZ2gPS3S
2021-02-04T06:37:01.194333052Z 42 5HCqFgmoYNWP8FeR6nJQbfSQPlXjQJa3c7zfFEuuuzqcLStASbscbHkgoLesS
2021-02-04T06:37:01.262664033Z 43 JA5ZWoaNNAyAMZpGs6j9W1hEoRjTl4aA5bZluY5l8szwGSxMErX8KIPQm5lZ6
2021-02-04T06:37:01.331431986Z 44 bldXTVkz8cGhzbaauVq3uZoyVYKYuguty9beXTXxK30yrm3UogQAAer28OuXu
2021-02-04T06:37:01.399888568Z 45 Mw3acFuEF3udS4rma4nEUpyJ1GbSfcBzjIviMBVnv882NO67b7ifdexYr4lez
2021-02-04T06:37:01.468475267Z 46 SzIV3FrG8GdlDXJnd0oHDYV1wF6Op9gsIPFJosemuSCYojlt4xJhXzvVXfbuM
2021-02-04T06:37:01.536600477Z 47 faJ8AA1wp8WBmnHUNuFwqnqwojvZt47hgWY38FuG9QDD32j7AoRWlnJ6gqecR
2021-02-04T06:37:01.605639833Z 48 c8i8cO3AISbSCglICG6pxM5k4yAR93H0FUQYg8qC3E9LVub1LQWGNcmgfIgLs
2021-02-04T06:37:01.673722198Z 49 NwiksWyAvjooILSIBVMFddBd8nGQB63Y7OuSyO8tE8UGxpY8VZQPzqIwvk72K
2021-02-04T06:37:01.742198563Z 50 esa4Sk9bifwaPKRljhYxE1i9641x6YfA0zq1kT8Z4vhuBU7fqGKYQ0V2IQrUE
2021-02-04T06:37:01.809491346Z 51 PX62ORt68yPZ6VT6HG9MuJN00gkzcbkFPPUifD5HyFfSeqa42pjwnm3cWXyQw
2021-02-04T06:37:01.877612192Z 52 rOOztnkiPN9a7XBGtfFL0TpHcT3o7w6FPKI1OSIxld3vC7fCCVFbJgfWbIBny
2021-02-04T06:37:01.945622063Z 53 i2hADkgL5tfTGIo4D41QIkeAygGQf0n6ojaYrL67YsYVr6sdFFFHXdlWSzWrE
2021-02-04T06:37:02.013605463Z 54 ocSJuhOqJkp5xhkyML3ulN9XnjpHAkTtPxX3lMf8v6YuaEyRKWIaybpLJpua9
2021-02-04T06:37:02.081715166Z 55 sXA3A5HZ31OxBtuwK6flQhQpPZjE1BvHtWxW0nfjFaArnGyj4E8IM1rg0RW6P
2021-02-04T06:37:02.149321193Z 56 TFc7o1VnF6eIBnP9NDEhsshrwlMY7XpQsZG2V0giwh8N6EgdleswhoZqsdpdF
2021-02-04T06:37:02.217481229Z 57 U2whuAoBUocZCPNPRCHD9i28SDsYZlg5dfguxE6pMc5LTLm1IUxBcEPov266f
2021-02-04T06:37:02.285417175Z 58 07Vv3guZ6M3hOmpKdWXHW7W80Lf9LNYw07mxMt8Rtk2fx7yQkJhYWlql7swBf
2021-02-04T06:37:02.353844090Z 59 rBw9nYmTu3Bzm6iXqmz3xAwMB59zwzXLFcdyORCvykMptWbqbuWcjw3r8gX9o
2021-02-04T06:37:02.421769201Z 60 gqh48IUQtW4dtawDsWwRM5cJt1HLZUuiFxcfCN3Wt81rKeUtF8DXwfBrlqGGP
2021-02-04T06:37:02.489467935Z 61 BqkZoT5Fh3hdHDPXvJm2iMQa10PsUdbRYVPdONGIMsxkYdraf6VyhQ6CazmEw
2021-02-04T06:37:02.557312695Z 62 97pfqySVxEihRRfqkOaiGKt9VFmu6K7BIrKFOEadJ0QpnFCbKBlXIfjBwk5wx
2021-02-04T06:37:02.625743849Z 63 BOk1LiPYhV9j0ltruIU32QlvTTZdoliZnlb529tWgLKUEMXxiuPR9myfzXJlT
2021-02-04T06:37:02.694301920Z 64 MZofwCPBttjiSmEEOjltDjsEXAbaQBnYOlmIfMkB1n47qPFaZI81UJXlk2h7N
2021-02-04T06:37:02.763138121Z 65 EjrYwRhP5TWCb4bSrBj3ADnmQFVbr2X9oQ9ZRm5dgrqv7JVFMJGf0OdBrW0FX
2021-02-04T06:37:02.831292020Z 66 5y8AB02UoBt6XzTZTN6mr65LnOZkBIu62n8p1hKsrOTYjxtk1Rf02eqj03xo5
2021-02-04T06:37:02.899179336Z 67 Rqmt2AtoyhkeUWbbk6g5drcN4i3xbZUVdUCxK08y8O8k9ZGWIGwp8S8cd6dCq
2021-02-04T06:37:02.968182332Z 68 N8XUxK1LIoxB0dDg6SAidORVrOfWDyzKL1PPYqE00P562asYI9bzCGs3XIaZr
2021-02-04T06:37:03.037002020Z 69 rYct8ihCqvhVjZJeTuGbamT9AYlWgeeZT6v3couNL6LpyOTPmcwPZx70l8AaG
2021-02-04T06:37:03.106034454Z 70 zQqXERuPPecnbMWOvMSzCfqIK3MiWNi7ZHJLA8MFlEon7kb08Yim5VwtpuFUf
2021-02-04T06:37:03.174547140Z 71 sR1mVLn9CN1PRso0HvruzLhk1R5diBWKegMUKaxi2paiO9ePSMFQh1djhEKeu
2021-02-04T06:37:03.242799812Z 72 UQehbYICMBg6hKAcbCTho7DgF3ugESj4OctgPb0GvRUDGR2aXswIErrwnBhKV
2021-02-04T06:37:03.310397556Z 73 7coobM4fdVNHjhVhMdqOtnfvYMUL0n07rLns84aKnJP5o9cpkoT89FQhUyYED
2021-02-04T06:37:03.378532299Z 74 hA04v00D3NYyn5o2O7bT99uvOPuaG2f04JTzsdxA7ndhKFIQwzvBtIdxIR4zE
2021-02-04T06:37:03.446231595Z 75 dZYVXHvYTpxNNJWtzJYlvTOrGLc9tdnVnd2rwMp3zWJFIJTdLjld84JmcZUcJ
2021-02-04T06:37:03.514837604Z 76 xxnhkOUL2NpBjuUzXiom0AdlzVHvrQYWBpyYY6whAOvCNKsexriUP320PhCcs
2021-02-04T06:37:03.582388217Z 77 sZZv7UxwfEEKACn67zBtVsYHZ2kGiqqxLVLNGlfW7kBDsmnluTddv459qIRl3
2021-02-04T06:37:03.650741641Z 78 D8xOp4JB32jp8AEGOShQZTMkzGqQPRPXl9r7Bhvh9iZdbI6RP00wxdcgcAvzF
2021-02-04T06:37:03.718604258Z 79 9bBwZhpLFLgVzN6yvs9l7riVDXaEMU4rhf1dpgRbK90iG6jbn9HJIQqVdbTgl
2021-02-04T06:37:03.786170024Z 80 o9wXK9MDpQXsAQ4a61smw3qFaDFFbcaYzhAOEO8Hqc5WFRYo8mKD9Jut5H2qT
2021-02-04T06:37:03.854700538Z 81 BGcpjlNnfrwrX0DRvplQnJvga14I27bHP6LSKKmJr3tzFkK3zYpQMibYAzCYK
2021-02-04T06:37:03.922751108Z 82 xz5J1hOmn5og5qj3axcUcLqgYyOwUttIQYPVUEFuXYCtN6LvpZDZhfuaOeXCY
2021-02-04T06:37:03.990851350Z 83 J0jDfixpE9tSGJSQn3ASaZn4lWFCeX6rtAsBknKud47l5I5quLRpZIgaRPVm9
2021-02-04T06:37:04.058637598Z 84 TEiD1vnTE8paZMqfmjZpmc8N2lOJWzBib9nRCjYuUT8TGgCGncqWSZk9bsz8U
2021-02-04T06:37:04.126526581Z 85 FBjSdtv8a14IDkeNdto8xJwkCfmKbQkA60jEtarhQZaspbZs9ytfJwCPfvwxM
2021-02-04T06:37:04.194269453Z 86 fdsfjrc3CPSSkNw6vk8JdVhkslGPJQ03zxi8mBB2F5cpsn92AHneGxLUC4RMx
2021-02-04T06:37:04.263080749Z 87 tzUOahFM1InG6tMgzYetssvODxkA9W1lH0uqOdSa8TJmZ9QYa8rOs2iNEzOau
2021-02-04T06:37:04.331769341Z 88 KuQIUhJbHaX36c1u0QA9wQKFi6onAcC8BXESNbxMLdOvZPTbPpeTGr7fOgiqj
2021-02-04T06:37:04.400025590Z 89 oRGT6qHS5oPL2TfAYGTuEpnJLlXVBoZMJ1mUU01PxIJNdQAhPqGd2aZqqUvMp
2021-02-04T06:37:04.468412169Z 90 t1payaNHuqX1Swz6hQqWEtQnpnzk88XFeCGoqE65UUM4aTbVAQyEcwiekAhyn
2021-02-04T06:37:04.536617901Z 91 PWCLLQsPlfaiuR75HMOL9VVdSAD9nEJ8UGSpGpYKl3Ywai1rMiUmZC8ByQwyi
2021-02-04T06:37:04.604458380Z 92 OADMPTReKrDljVjrEgS90UfhvtjQRURL7BSId5pU55qHt2PMnb22W1op1lyeS
2021-02-04T06:37:04.672228989Z 93 M145RhKrEbLAky8qZ8ngA9SiwQnG5v4Ka8tsNeMCcPv47YCqC2C84TojvJAIO
2021-02-04T06:37:04.740158253Z 94 4ZBmAqq7UMsH1svGHooIeTkfLYjYHaBmND8ZjMSXfiqnwzQVXjlBiYnd2K4LC
2021-02-04T06:37:04.808376216Z 95 AYwSjBm7kkXHiHGQjxV56j8hKOEwDZhz7jLUQP7H7c4an7X2VLHMoFEujX2B8
2021-02-04T06:37:04.876618056Z 96 hXWKSXU0kc0TxeJlox4v0ucETXPMitDUYOcMNionCoVsVvaoZJPx3wQttlNiw
2021-02-04T06:37:04.945771828Z 97 qeKdp6ac4gJjCo8K1nK5GOULHVFmFjNhOiUQeg53W3i7Eqv2D3sG301hG0Dx4
2021-02-04T06:37:05.014860238Z 98 URnh7uaYfY2RIBZMK4Pnj3Oa1jMzSRDQ9NBKlEwBb4iSZ0t9ul9XR9TsrJuGp
2021-02-04T06:37:05.083971644Z 99 KXLZitmX65eDBfeyZmWg0iMtLBlxgzTVPqpvw1eUxUEKHtRCi0qINa2A2WA3b
2021-02-04T06:37:05.152829216Z 100 Irvgou4dFVUM3lA35QoG2s0UJ8HgfhMQoYBAqlCYjmIFiWIdDWBcdBvbPQPe
2021-02-04T06:37:05.220441074Z 101 iWxdXI6pUtqVdA1NCsxyDSGynrdTzXsG21RyqyEWju7XS1wrafJNfPoOL5Uo
2021-02-04T06:37:05.289865430Z 102 OtUHbyx6d6U0FsV4sfIdFj2idGI25fx9fIiBuvl0oDgswSPw6P7yJJGeLHXv
2021-02-04T06:37:05.357474578Z 103 bfbjk7Kyykf6i78vIHePhSC2f2DtV4MtVkwLuQiyk76dmbuJUEZvxH82Mik3
2021-02-04T06:37:05.425888934Z 104 JURuwBcT9E0JqtZ2EpZOMd1hmATsxzdje3T44x5sd1sYhlRueyRkEj3ELeyD
2021-02-04T06:37:05.494288730Z 105 18qUNvLlLL4WY6Wc8rQLZ0ZiOGGJa0H3rChbzdC3TtqolEDUiLNdzXZ2xu1t
2021-02-04T06:37:05.562509404Z 106 jOv1uak6orNYQb2PrljfKzTJTVEM5wj8X8TMhlDuWvdHBClmkE9a6bINNPyF
2021-02-04T06:37:05.630361211Z 107 rO4YUA0c243z0Vq6bOfWCNAYgfTzyUOr8wkmYGvRUDA3LsRFcv8t0og1YDT7
2021-02-04T06:37:05.698240485Z 108 ZNKTubDaxxoXXWwleHRjodNDViiA6ArLwFvftsvxmUqJFFAfMoGXgEHjRAZP
2021-02-04T06:37:05.766269036Z 109 D2YNAreBhzxm9YOvMtaHA9pYMKxH2ZKGbfyYLHHxsDlJblHyPKM5oYBQeWV8
2021-02-04T06:37:05.834653387Z 110 GeK6nsTmnOmnWrjV0gwMr6r1eTOcVnupxwpB7X5VSmO8XjpTYPUayMhvF4YR
2021-02-04T06:37:05.903151418Z 111 AbzP5z8w9dMKqz315VzYfSmRdzoalCmjihVvLFq0yeSoz2OY6UjlYNDZYu1n
2021-02-04T06:37:05.971985093Z 112 eqBwImyY3PAUafuvAdXS2eOyhY4gcu3GBJ2civccoRoIb0WjCIXHmSIDNKBd
2021-02-04T06:37:06.040949220Z 113 OQvigEcELkbMJ0wqR8JTwFtYNk9axvVS3wtRdkXrTWFdKMocMNz3BCjVw34l
2021-02-04T06:37:06.109383583Z 114 vi354KsnwngQxUZIczyv341e2sfQ8A95nP2FmIUoFIcwZRaA36GhZuok4Vy7
2021-02-04T06:37:06.177335690Z 115 EmtQKjOYL6KKCtQpJwjJkpJxBn7Uc09oUwVXQ4cQl2mQdY8GPtKDVBgDGSfi
2021-02-04T06:37:06.245590766Z 116 XGz6i9FXgFSXsHEjwctjZEQXTLUeMsMbAccZXA0DP4emNdHtG8xbHqR4AQCE
2021-02-04T06:37:06.314354108Z 117 pLpStf1TFknWz4qchxdkryMBvFfU75OVtuM16p79YLCppw3VdnvalgOhoKpz
2021-02-04T06:37:06.382493248Z 118 5s6lB3odIXjvbrdL5k301Vwtb7RfGvX7EKhvmUqzmIPYa1SzKejLNVfJpaHh
2021-02-04T06:37:06.451121384Z 119 fJZ55QRVSsRSAk688QeWGkbohM2G5Wqrf3I8L2viZ8Zl2A2genQaE6kId0Im
2021-02-04T06:37:06.519580534Z 120 zpI5Pzuf8YQQD7lW1DA27M36vsRNsSU9VYEMVzeeP2kfYUPldgQ7J0ZmGGCr
2021-02-04T06:37:06.588054783Z 121 gcjbHQKofHBfxIcKAVBTO16RmIxUgkQPWaIsOFlU5NSfIKIBrXrK63xfKymZ
2021-02-04T06:37:06.656841497Z 122 xFcPPNgPMuZvltR5XJaH7tip4J1TUS6ciaYPkBdX8zc7m4YU8ekkPHk1Nxsh
2021-02-04T06:37:06.724834796Z 123 tB5CB1Whhj7MjQk7GS6HaIVXNQi7wkd6ONOJPhnzwZ7Ln7XoxFLyF2UZPgeR
2021-02-04T06:37:06.792983625Z 124 vIifLCeudJkAYKuBeOrBnufSPBc1qWliJh2fnozKHRFIvJM8SSA10NXLzlgh
2021-02-04T06:37:06.861925809Z 125 25vgjE9cHjc4Gpe0ial6kGpagfIqdsOpqx9zO0yZfx8Cf2IKzv4qaThcspkO
2021-02-04T06:37:06.930957688Z 126 ORwpuuzw07dzxbE5IbLQZ9DlYpcrv3l0xj4TNFKS5BkBWOM6KoGwwcxXo5yZ
2021-02-04T06:37:06.999226728Z 127 HNZQMUHZ615SodyGBQmE2qyesGFGfhW9FV4HKoiFbCNnYzQ851aAAG1hWtnu
2021-02-04T06:37:07.067677746Z 128 AblHIm9XDhmH4kFbSXvnX03n8InqDje8WlVMHOgtA7ykBp0B6e3cEeKpcoVR
2021-02-04T06:37:07.135934020Z 129 SWLgCRWTb7TLZYxC57GrNp8HogGKr3JOCFiYMJa66e5eVU58IlE3qXJGti84
2021-02-04T06:37:07.205040469Z 130 XVYiUftKWBZQEl2Ets1sBteHEKTbymKCaHPRmx4utXjrTz7mf28WF8OTHNQH
2021-02-04T06:37:07.273240205Z 131 xtWPMnhQZekWnan9u7csZ7U0CthuEShKSyhf8nSLt8AtllLcRtrxgZamOR0P
2021-02-04T06:37:07.341384754Z 132 SQeSeDpkVYzXu4HkxV7MP6EN7VLe71L7GOQmsmPDHcoCqNVCcCBwi9HUAgBk
2021-02-04T06:37:07.410025175Z 133 nqpf1r1wxVlLJ8CLfv1WH04p9uwRqM7kVe3GVekvZ38AkdejVEYtmtkXC9MX
2021-02-04T06:37:07.478270829Z 134 OV8JcFiwwbkjteZ2RZD84imdZZwOVZdfIGg3r3AqdzsYVenhvJ45KnMaEaHL
2021-02-04T06:37:07.546800914Z 135 sJsPuDF049FJ6WB9adaR23eyZOMNw8C9g6EQk5fMJM678jPhTWR7rM9BsSHk
2021-02-04T06:37:07.616091673Z 136 FWKAB6wVWGTmJlXl5emOmyFaJ4io5t7adRlVcQhlYILDyWKeB5SXaxkjYD8S
2021-02-04T06:37:07.684050433Z 137 NDHMnniOLPTrxlkgh0qqv1vBOlR4kk0fQtW9vTsRFKBOPJjuV8gK9paG7tdv
2021-02-04T06:37:07.753522843Z 138 OIcc7oQYZ22gHQf6L7ymMMlVH8MfQvBD7XPgi2ajvh5xDlViTHdHATO50j5i
2021-02-04T06:37:07.821127112Z 139 kID1Cv9zDZOgdAyE6a01v5MJ63ah0kNAKdypfvanzOnjF2mJICYEp4fjoqlX
2021-02-04T06:37:07.889393667Z 140 aYCPBdbJVLtaCJmYyg5xSwBVaqKrzw5LJDSKIZNdJTbGmPnGZKdPT5V6IXPf
2021-02-04T06:37:07.957864469Z 141 I333oe75aBNgVHSpODxZ3P9Uy40JOavXL0t47VdG6JWDLz23wlXwTqEDScAA
2021-02-04T06:37:08.026213957Z 142 mUq3GAhMUiHaAtV5Nbaf87BhdniyUCx8JLlZc5FAoxP9DUfWCYErv9NgWBrs
2021-02-04T06:37:08.094334995Z 143 oXdBaXA8ncHqeYHTme8ubn0JronxWsb6xn6Lc6MaAwVy81QwOjRiAva0ILG7
2021-02-04T06:37:08.162527538Z 144 WlJFfwyDqv4L4Dss2jWUgNEYWzY1avl8FJYsnYODdeAillL2QOl4KXDNiQnx
2021-02-04T06:37:08.230672654Z 145 BrdSKchhL1p9UgM1sl2Og4CB10aSN0E7PPDtyEsX78UeZNbYU4iT2f8Jw44l
2021-02-04T06:37:08.299128623Z 146 JwCfKKAnMxWA440Ik5WfWwbbMgUTzm5S01csQusYAZq37R7GebiFvMrBAPK8
2021-02-04T06:37:08.367514890Z 147 CsdnC9U98axoWmjWLNlMsDePOP4DcjZbIJgCvXqRxMV8XJA2kJs8R9wPB6K8
2021-02-04T06:37:08.435916069Z 148 NGzJrkliazV919qNTKbPirukPRXNnrVPihRXaUOkT47SqRinTXB64waF6hiG
2021-02-04T06:37:08.503979117Z 149 0oBhLwiOcYPKUCkfsnNOOMn0osCOb7aEUuuqFEf1xYRXprIxcjsgBaQuv1sU
2021-02-04T06:37:08.572181673Z 150 PTASdOsgFRt13r0Gg3gn7mgmT6DMiVebEGU0zfgAxm1wlnPgqFH5sFN1S9Vv
2021-02-04T06:37:08.640448243Z 151 6kHFQ2rkKHPEL0U4IwqCx3CSbZRJocsB66OdP8bBSuycwobJd133tJUb7rXp
2021-02-04T06:37:08.709861792Z 152 6cbyklWTkutPNkHoWRKsfiW1jTgOp2AI7HI5y6ryiy2ZF6iXM8zvOcJ5eMNB
2021-02-04T06:37:08.778652645Z 153 hLGgr3ialRV2hvUtVxVZHXn6S1Br1kNGyYPZRYZK0KN01tHCDINn2BYiFVv0
2021-02-04T06:37:08.846281345Z 154 noGdiK5t9rESOPS0mAq65u4IMvzaxfa0hcTbR3w6837oCddZEEZlvgYKwx8X
2021-02-04T06:37:08.914526684Z 155 2FLQVBCnkuqCbYl9PQw5ljEJctMzl2ncH0IB7duOyZCfUFXQ3e2Y1Eie2Kk5
2021-02-04T06:37:08.982463072Z 156 741CUod2YBzciin6RWv12hprcy9Av9dCl4bO51M6J0Tqcw1zZogcQuHbcUap
2021-02-04T06:37:09.050363798Z 157 knEZDDph6iNTPMcTxAs1rKUSgzH8k7I5BRjOdHsUbsv9BoWrGew00PQrLbZf
2021-02-04T06:37:09.118353869Z 158 9zjgyZCjOXTNofbDmGYxzUp7OcXCJw31G1mMHDvpum2obLjRItSKjdLjswpR
2021-02-04T06:37:09.186137161Z 159 xJj1ssea2osA9KXUrRyg2XhmY8M8MpaBjdpS4km3elZnah8oICoPNlN9wEry
2021-02-04T06:37:09.254327576Z 160 R4yRjXyOb7dw4bk6jTEYBFirlAcS9lBVm2FV445w52rcMl4DzEnu1dkAbEIt
2021-02-04T06:37:09.322620264Z 161 FttUL1lXQPEq5f2CrqeTN0D4mnnFUHXm9wl7xdvieb0xJr9V7Innx22Vmf98
2021-02-04T06:37:09.390714759Z 162 dkBaBPBCMGg4yo8wXzNwqALZrRV9lb7DzAcLG2uE4vwKouysE7rmGP69Z5Kq
2021-02-04T06:37:09.458184606Z 163 AXTWkk5Mumn1JyTPr45Q6Q3v4i4FXUSVl9Tc89D8EYiYJcMNdp7AxSFFB655
2021-02-04T06:37:09.526848779Z 164 Ggfsg37hBMKKPaR1PtOl1ysxtOrewaFFhY1qC4TEYihAH6YqDwmUQyAOLKI5
2021-02-04T06:37:09.596074362Z 165 FPOGnN3MQTNWKc1BTvFy3k1k6NUK8Wv6aOdasdcaE8oR2v2U5YgSE9IjHZka
2021-02-04T06:37:09.664930129Z 166 k1EcIP6jBkAX35jkTHUcN6UG4VsFR0oV4ExIdR1hmxhNVvwALGV7ETei6xr9
2021-02-04T06:37:09.732721301Z 167 TZDMnqX0AzBfW3cOb6eahQuS4Dve5FUP0bM7VPb8arxqk2MnuznlKqnBHRSI
2021-02-04T06:37:09.801826486Z 168 LsR0bC2ybCTpDgcRRRZZCxx3ceaOXGwxcBjvF82j84cuHqrVXOuUn6MpJ8tj
2021-02-04T06:37:09.869213401Z 169 mAokTaXlPsi2grOVu3XWypAGke6CdqFHGq0e7EJR7vrzi73QfZzPLlyyfUYX
2021-02-04T06:37:09.937237325Z 170 Yxm2cLNIMIty5of5pnfb9q36aWJNnQSwW6cNgdxM7BhwZNuEjQyPyoFcikEr
2021-02-04T06:37:10.005344251Z 171 WuVjeznuJD9LivoIEm3LmI2Pp4maUpDouaL4YO4H7JRiaJC9tWjUpSTSscwS
2021-02-04T06:37:10.073020985Z 172 xlrUUwE05lizzgH7jBHuH0USBCzvkTqsjCtnRrXNlsxD9uyFnZdaQEBsTKSH
2021-02-04T06:37:10.141321212Z 173 TWEqy8TeJUUZN2u5wkSdrL3JUGQcUNexxJoxeAW14xMtKNivoojHMtnFYntP
2021-02-04T06:37:10.209321412Z 174 8kdHvNEcvwgN60DR8szwPzdqOYQWDB9YKAg0x8ustrkfSjELDCysRWwQgMWx
2021-02-04T06:37:10.278044210Z 175 iRRvV5eMgS9GbLRJEXfGWOh40dlfoPrBeaJu1KnvMTjQPrlnkIIiiEPvoySu
2021-02-04T06:37:10.346574770Z 176 QAptscR6bBAQgKgBAIudWxuL180LeQ6BjS5ICWBSoWG2wFI8aoFLegX4ld0M
2021-02-04T06:37:10.414155802Z 177 wnQk51EMut36ovgSsz6zjpp9LdwkqRit6BqpG5enC2sNTmmhxYkrJdbzUFFg
2021-02-04T06:37:10.482236111Z 178 Xg0MKjuiBzZV03cylIkKmyM9Z3XJqJ3CwIE8CtWsP68cJR6qP2IX5copGQaS
2021-02-04T06:37:10.550457398Z 179 vVbdKbDnCrkkXDArh4dEZyCew6YHJwC9X3cdQxUeVkUVRTkouuocuZfPtj5N
2021-02-04T06:37:10.618225808Z 180 8MRHoLxKru7oLSrb8UmKYKewMvlJy2a6R7NOs99KgUFgt48pA1mJM75FzrKx
2021-02-04T06:37:10.686882064Z 181 csa4XZEILCV7kkszxPpbeJV6NPxxpVY3NPNtZgWZEWtH0s1ChIGvwalK2uXo
2021-02-04T06:37:10.755411566Z 182 a482XRhkpmPFKNtOqS6IiyzfD2hT0Q8HYYaAjxoC3b68wtMgbXpS1dIh5P3m
2021-02-04T06:37:10.824296710Z 183 HoU1syXyT2vK3tI3AWACwiQsVoDtb5HJwABU0IF9Cx0eLA3A6Hf0Bp3vsQOV
2021-02-04T06:37:10.892210273Z 184 UP50qHYigldBM4dfmfzNedeHshImR6uWUYuD3MAEI1KAzmOo8xt1ekCYqcYk
2021-02-04T06:37:10.961061316Z 185 q7ESQO6obVbR24z8GfJbFusXkLC6vCYTVDNJqp2YwOw6C6UgcEIB50tO8Je4
2021-02-04T06:37:11.029992976Z 186 1Y6xuykr3G21rNUGO7G4WNop3579o278VNuvCxTeschAH9ednaG3KpXtlL48
2021-02-04T06:37:11.098224750Z 187 VFCMT6NPXd5wdFQzCwYgBuofCTDrRUeCecPzHPVZdQJ3dYQds6PeO5yHffiR
2021-02-04T06:37:11.166314011Z 188 QeL7dajAyv42MjMAxSsQrTYutkGsP0GDN9UDlGr86LbGS1FLX2fj26ZDZ6xL
2021-02-04T06:37:11.234441430Z 189 VjKzUdBqC4w8OJJXd2untfQhlRSBNDWysk4lxlDes21q9gfMU2eAuhvn41xM
2021-02-04T06:37:11.302478481Z 190 M8LMOJ62gaEY2TpgTuissUqRiTGDcUtgYYwdzKaMpJa6P27Ygp3rJq9ioiiE
2021-02-04T06:37:11.370718518Z 191 4LJiRtDalfDM3mWlFjzjpIIJ8gDCX14unkSDHfN1OnBSHHvAT0kMgKcaYxt0
2021-02-04T06:37:11.438519659Z 192 p8gbivakcTQpl7jE0piVEIoCGcIdWoAocDtVBmuRIg12KUgQcdhThOqOwMuP
2021-02-04T06:37:11.506789367Z 193 zCxdksfFTdfACQv7XrDH9tljNNRIcDffwwJaKOn9gOYCldEdV05exzaXk7yb
2021-02-04T06:37:11.574768838Z 194 Y2mheh3LERhK5dW03fGJ859l2JMvhk8VojvLuIrv2ejd1eyKCHp0DHctY4GF
2021-02-04T06:37:11.642903727Z 195 1AHUveC80G5hyJP7jk3Sd12IFwkabmVXn0MFUBhDc63jsltMWDfGXmuPZG0k
2021-02-04T06:37:11.710748484Z 196 fSRqEyFtemjzH4Aj9tc899zy10B8gKE8pcW6bZGsgdl9xBLoJVYWQexe3rvU
2021-02-04T06:37:11.778700931Z 197 d73zGEqFyHwgeEOLhwHP6SCKEJyFd9gmllwDk7MYOpHl5kurRJxz5Z5Mnvbu
2021-02-04T06:37:11.846460137Z 198 uoLTaSPaN91EJ714C0xZLRTkJw8XQmewLxZSCUBRGHvENUM2nkYJgdSAmX06
2021-02-04T06:37:11.914309709Z 199 TYXZ29R74oSfegIqUr4bQIDmtAMDzHSnPl2v3oIPOxLZFaoO1DE3UZRHDXUj
2021-02-04T06:37:11.982311328Z 200 un2su9d31iCqw5qcvTfAAsjgbtjyJApCdL6Agv7qk4JVnHXF2JS0ir9nPy8F
2021-02-04T06:37:12.050137890Z 201 kAsM3HqcsqZQdIXsqpXDtViDRPdxE3v3GxTvL4iMqxG5HGSG4pb0iNsNPwQ0
2021-02-04T06:37:12.118379763Z 202 sJdOI2nth3UMxetAxW1OVV7CRxYH1xPXRqfuOgtEODo8DGiuaHKEQJm0UC9t
2021-02-04T06:37:12.186269780Z 203 IYxhHwVZC7zam3PrgvatJ4bdpnccPAkJDJsCbImtMQxaa1qcpBqgCDT71K2J
2021-02-04T06:37:12.254877187Z 204 pY59Z6yKAMfGRD153Gv9g3c4diBsCWXAwDMlVJXLL7tgy7ZQjaVGj9eOBOBx
2021-02-04T06:37:12.324004504Z 205 CTukt7w8tKRjaHC6cAabWRVQldh8ufwtWsGUIF75RINMiTHuKrFHANQz8O6t
2021-02-04T06:37:12.392957311Z 206 Z28dvvXXZBmcwiijxN8Pc1Mn8dzMBo7D4rLedO1DFUDxq23w11Jh2GTB4xty
2021-02-04T06:37:12.461477044Z 207 OvZXzbYXaz5qxZICM8h9RTIgKswkQsWMEhoOQ6ee4fnL4QCA5GrDK7KniX7I
2021-02-04T06:37:12.529572502Z 208 sTyCRCfAwkeNGGFgVMsz9vk2cMooHDwSrLvIvrDNYKbQLD8cYaOEhL38bHlG
2021-02-04T06:37:12.597670398Z 209 7Px0z1JxhTjQng4UduH86okaOTGdyvAMT2Us7tnGP2hNkGWMAElySxTkKg7I
2021-02-04T06:37:12.666121894Z 210 Pjp3Jbsb9bdCtly0kKq9QscKuwspkHo3bI2RpUPm8yCtUc0NlGnuUY0cBkBy
2021-02-04T06:37:12.734290033Z 211 mwNkxzML4nx9bYIbNRvSRNyaAUjE3H4gxEOBfM4yUM9VA4NRBp6tIlXD2m3R
2021-02-04T06:37:12.802422228Z 212 Kckck6njbuDKsxSxQAFhzbbKXNIVXjywjXwE6DxFOAZ4LEZouEJcB68Ga9AX
2021-02-04T06:37:12.870193256Z 213 rTFGEvtHjFcMveg9jBm6r52rSzj87weXPzxqSq5AfGgdyXrcZtPYcHAuyqyw
2021-02-04T06:37:12.938570390Z 214 hxOgqbBSaNz8J7OCUfULaXkoc4ZSL9VKx8AG2FCXSv4CwkZYwSWgGxHpP9Jg
2021-02-04T06:37:13.006919525Z 215 NS4dpDJmp1Podn2uSW8vpTX0Q5HSjCWe2JWmgQGyw2i84vU3TbF72HiTEXR5
2021-02-04T06:37:13.075036178Z 216 N1boJbJ8beYZHD7jkCjt81MkM40s0p5yUnJwD28P9KAaRa0YmS638dhCppZR
2021-02-04T06:37:13.143750743Z 217 FiEzi5POCAg5o5kw8yr9mDEubHxctmDLFaFDr3SQ1boxxjc8kOlonqePQ26q
2021-02-04T06:37:13.212000142Z 218 q2CpMCVIuqr8C2yDlil8b1wR58sa6Xc4EymTZdnYtBtuCLM8MkZgMpzaZe2F
2021-02-04T06:37:13.280886513Z 219 qJzTVibNaCHl2QN3KIJOLufdO48y9zyoZSyExU6mnWNpA9TJUZYt7nzzOFag
2021-02-04T06:37:13.348539200Z 220 bvNi7qO3MrmsZ1nWbNodMFX0LyRjWsvwBPPvddwz4JWXHir54SuyBUUPnmsn
2021-02-04T06:37:13.417726679Z 221 1Mpbx8jTwYo9jqmYnJlMGWt8EPctjLJiO92WQZoMIGzSxcO3sNHEhEtUOZSV
2021-02-04T06:37:13.486036777Z 222 j5i3acQZwGuEyiDV9iWXeY7qUtkchnnsY0vicXiwhSkgux5vgwc65QATJn1r
2021-02-04T06:37:13.554460237Z 223 20ItWvprFgtNoTRmXBGiae45lAA23fGGZPs27DoCuCnzCR6D6d4j7nwniBTg
2021-02-04T06:37:13.622434949Z 224 pXY7GtAc0t7x4MSKh6RtdnwEM5zPMovHH8gIsXkF14CFWV04i2QUcpMNwPeU
2021-02-04T06:37:13.690424062Z 225 x6FKIqyAIXixy7gtOroI1j38o4oRVrhzrKJLA3ONBe61s0z6IJvhzHAU8Rfy
2021-02-04T06:37:13.758266349Z 226 BFjqzpjUZ0wryZXENaLeIgMc6TR6dwZss7RIWTAxom8bH4filTwiFrs2oIqa
2021-02-04T06:37:13.826155925Z 227 N8YnrN3neEYZmjVKsZkBA3PAQGu3qCl4wp6yvFQm0YUgLK6NHkjVWxUsUhd8
2021-02-04T06:37:13.895018034Z 228 iob4domGBBVwpnyxj815rpsqe3VPPwYfPv9bH2cCBc9yZThU9cKucfGaweWY
2021-02-04T06:37:13.963015037Z 229 G1s8hNrN7yc2vzdW2OheXfJYcEtLzVpG5IRUVC95QL3XjfWDIST4diC1VMH3
2021-02-04T06:37:14.031623313Z 230 fCGCDeoqVYevEyl5l4GPWJpylN6BB1JRBCX4o4QhZQLp3U8xDojXp0mCRzdT
2021-02-04T06:37:14.099706130Z 231 6Y2D7wOYd21DPoDScCzfjCtKIWPcvOlWpCJ5BtEGrgUxE5b3p3bfR4N3j1Du
2021-02-04T06:37:14.169036755Z 232 LpMdvtaayLQ2pGHOPFimpkMoW8FCgQavfwFHmt373ohcJCwXl9PXBZbBhuIc
2021-02-04T06:37:14.238288735Z 233 2SUnsljX0WuDQZ8VCf2L25vkc5YKPHWGIt9JPjyMMuHkn2EnmETxDdBTLa01
2021-02-04T06:37:14.306629790Z 234 cLX4oXAPMKLZ0B6lmxJiCwpSW3tasRnzNyOpLA8MBJMIHoERRDR0Ss7AjQ5G
2021-02-04T06:37:14.374596606Z 235 ANimAdcm4cyIPNRZCLq1rfwBKmXgpgF5P4plZSxYGWkuIzD1n5qSMfYYbUEe
2021-02-04T06:37:14.442956638Z 236 YBFt5ofSNamKtCqJPu6xO7Wuqjb67OO2dW2vbnOJRX0RGXLsjn6WjxF9jaes
2021-02-04T06:37:14.511873821Z 237 uKl2JClAqVVA8zSzKpnCAbkd34rV5NZKpg81Lj8tJiWXrPfnT4Ltn5foT7Rq
2021-02-04T06:37:14.579440705Z 238 Xihqlw6X8Xc91wOX8ZWCHfLpuGMOnlglFO4knjlesanmKFqC2TzyNwwvlOKb
2021-02-04T06:37:14.647727195Z 239 ZBDESV6F1usHyJStSAJD62GujRh8QCDZspoYweJ6s8S0PkM8D9NBjcIyjFZm
2021-02-04T06:37:14.715899206Z 240 BQ9hDjuCCmAPydjIka8QtSwkvZdS5lp5ng3GAwph8MWqgy0C6j3l8L3HV7Jf
2021-02-04T06:37:14.784643730Z 241 h4pPKXH6kpbTOWTCWeb7qdE6sycpi3M96knNjdHK142i8hS4uFuZZAzjvP4k
2021-02-04T06:37:14.853450168Z 242 NS5DUX4kElVSx6WvNkXh8L0fEe5BmMEYZt8fNof1VkWOVqTjGpz9rhbyxuCQ
2021-02-04T06:37:14.921081780Z 243 7X7FpvQGSqbQeHdmEQqGjUCq64blGbNTUJ3dbWvfOGn4NaD48yP63YeHCpsk
2021-02-04T06:37:14.989584220Z 244 UcqCqVPVii47PFS0zG2LylmR9GMdGV56O8pSPFUdNwHIiNnBjKUlPZU1E1sC
2021-02-04T06:37:15.057321578Z 245 k3FrAUwI4uGnjMQnH6QPVIiQCPqnHqHpEkpfVpM9Y6Y1miuOD5MNpkdUO7ei
2021-02-04T06:37:15.125545988Z 246 pZI4v30pTZOPzRvDI8s2t9RgqNY2KdlTUnRYCnSKROErWz7p13P74ST3nxsv
2021-02-04T06:37:15.193047051Z 247 1ABcVkx9Fafe5IN1fHIOZJIVH4HFcpsUxiKIuPoJbb8Vefa8tp5K40mqSX2n
2021-02-04T06:37:15.262292600Z 248 8b2MWZuBJAipzCTz7A4396OKO6YYRxUD0IHcnI0NaBlCVSfu2BXjtgm104qi
2021-02-04T06:37:15.329984342Z 249 uIGRRnG8qTTWKJr5wUVNuR6p22rRJtnHO13JUlSUWIifVEpikQ89ATCsva8r
2021-02-04T06:37:15.397018940Z 250 4hnoXDDjZBIgEwnwVKLUeMbg8Qp8na2ZaNU7Rc6y2QzsL9xcHKRltJtwqcdf
2021-02-04T06:37:15.465736374Z 251 PNbxKVxBsndBz72J6SHIEgakLbdLoyWf0M38oCNZrXrMSfJQAAQ0B9b6VzHr
2021-02-04T06:37:15.534053232Z 252 feRTCN2HTJRhUc7EnMoqy8r1crfCDRL2wxkByvHnuTcr4ef6TG6kkHIhKsNU
2021-02-04T06:37:15.602533597Z 253 tfXTGw3elu2chV2WhZyxpYdEShxjAHnxyCQhktvlodjDh0cbG7SiUcv3Kyhw
2021-02-04T06:37:15.670163682Z 254 cnpN0crvWJTEGNFKXQ5OmARnjJKaSf6AmLnTupZS0MsUeSWgEi6F6gyV0kpv
2021-02-04T06:37:15.738778874Z 255 QKS1bBtgyGdSFojAcyN7U8yIffyBnRNDFWz7a4C4q0WVljClaU3wHxxrmpSv
2021-02-04T06:37:15.807204990Z 256 2bEbfqGe4WYTfnXFBob2uQCtoR6ky3NW3qRHfQhHV4BAXk19avcl6mCJYfTJ
2021-02-04T06:37:15.875796045Z 257 0bblhEVegSOcCfM034Q0WGLvoyeA5NWuGBhZcmjA7Hmyohv5ESbJMcasMQBx
2021-02-04T06:37:15.944472891Z 258 9F4z8MoZ87lghVm0pa7X86WjNPCNvZDEUx02MBBxIkgvc0sHWxzzCGWmFGhR
2021-02-04T06:37:16.012117752Z 259 UDwkba5i2iVb0JdhK6m5JwdmEWFPOH985xjBT9UaZDnXuYZD4pBJ5Uh1nOtR
2021-02-04T06:37:16.080853835Z 260 imtVF0B8DCsDVjrnQeYwFA7VlVhNUHsBsMbO1zZlUeknHh8wv894xdZfzOJu
2021-02-04T06:37:16.149559428Z 261 JJqUjWNRqc2vuHPtmP5VQYPqKwEsgvEG9PpU4KCb5a4zFj3s2oliee8CXyox
2021-02-04T06:37:16.217207582Z 262 76AwIpTBBb80IFeEEOSCVm2GBgWle2eu07FTqRYJqt102hW3Ymu5Z3YH1Sg3
2021-02-04T06:37:16.285707292Z 263 HMacbmLdlBtE98ZqFV4Fwt5KYkMEcajPWa2e1tY4TJ7tBqcmaRDh27MCzXxE
2021-02-04T06:37:16.352970451Z 264 EMCfRJNxjZaDmFiURiGovDdeivqQX202ppc0sYjEolLvjcbxt8LoIpF8e1Bi
2021-02-04T06:37:16.421641890Z 265 cyb847xhNa98NakJnBLPDc156Igtvb8TP3ulImqf58UMa9aRcjv66zbmWxji
2021-02-04T06:37:16.489851087Z 266 CTeziKXBJGkAFBfUuPxaYbKWOv0bUqCEY9Xd3zqNlUiykeEe553EhjjAHGRf
2021-02-04T06:37:16.557985789Z 267 Of1oGMhqsnjTLFsKkEDu05r5UniwyGuE60vBfmvJMcyoFc40gXiGOa1ph8FD
2021-02-04T06:37:16.626980316Z 268 cuUbjvCh2DUuQptNIeRWT3zSi8mRdCnYsXa3gx2nv4HgYU2S9KUdUB58keSY
2021-02-04T06:37:16.695964465Z 269 VHCOTwIao7KuuWcIhsoZ0RaDpF8XB0PeDaLgZwYwjSvZqITNBNsDg20vKbxT
2021-02-04T06:37:16.764791907Z 270 1kZ70MueAIgwujLftwJ8FeCNCYnFAZBk428RiKHD5xWhQGjNTAeZyQquQOOP
2021-02-04T06:37:16.833041697Z 271 5AUN7OM3Rt5pCG0v6OFY9bw0ulyuHzygqRMpDw7miO1MjUe8ZeRN9xzmW1Yd
2021-02-04T06:37:16.902001616Z 272 hangqhRB1eMyNf29mVg3xYprZbrTaBQfBz3AX5zjj4iFOdEwpXel3NrSkXN9
2021-02-04T06:37:16.971190831Z 273 3Vczb5TmNvdb0EX6eelGcvlN9D2n41qehBexJr49f5lfYF36bkIlAYrKyDha
2021-02-04T06:37:17.039448188Z 274 hOMkTpGcbfBgnJR1cSbJdwa61kY5sFQq99yfbhQtKgXTo6KuIg7R5XTNoTDx
2021-02-04T06:37:17.107526066Z 275 SBeWzLlybplqA7oglUs3LAxWa7Nfe262PizTdCANX7M824ULFCtrmFeHYBDT
2021-02-04T06:37:17.175324847Z 276 Ul1mcFyMMcqAeoBlv3UHjfLQ9NkdgqDDYCOjrgcZFuJr5KdSH7IZiqBbr00P
2021-02-04T06:37:17.243315235Z 277 FTF7rDSQuzclUV13AYQ2vkDOEaSJ5k3DiyJn6sYIFtJgx8K6zvPy540JjGcL
2021-02-04T06:37:17.311120462Z 278 r4jXr4bAtG3Q6tW4GrX7XhmbY5DG5nbtWGlT8hVXI4lWxQO1HeS7anPjHh10
2021-02-04T06:37:17.379874579Z 279 qsCULY4URUK7KZwNsoSjWRkM740YnYkd94zu2wdAlMh77FxiR3QLxqZI7VJW
2021-02-04T06:37:17.448017163Z 280 NOQhTvkeVCiZae8hhiZO9R5GeuQhnx9uyLhftbDwHZtr81IuFgCqrpCcTdkl
2021-02-04T06:37:17.517131818Z 281 sx6JVjtFMluqXI51xkjPg1tvl0z8GGdMyiW43yKykASawHS1qvQSvuHt9VFX
2021-02-04T06:37:17.585267809Z 282 zx9xt065gK48jnjNgTj7nv7oKwDcdSgkhy0OTI9gaMNBWgXAhorpJnHR481Y
2021-02-04T06:37:17.652861294Z 283 8YpjOc8RFPBplqkAyuCxviaqaiNK355c2NWX8Hl5u2PcNtyzGIv1wuqYzno7
2021-02-04T06:37:17.722028700Z 284 J1Sgw6CtPE4FGhRPVVx5q7SDMp7OaD5rCjFFI2os0Y8jqFwrXl6FPI0lt5HV
2021-02-04T06:37:17.790939586Z 285 1gtJKkxLjsO3LtznM8vZYsxMgTGdDLId64W6XVIUPlFBlAAUdhUEumGKawD4
2021-02-04T06:37:17.859472191Z 286 siBCZ03dJKCE7HQ33LVxQSBfGyGFq52mebILoO9jbNtLON6PVBxeVbDAwCnk
2021-02-04T06:37:17.927427096Z 287 5kzxqU5sadoxM1vecoSHhXpLRVSR07ucOJmvsqD6racoaMTAkeFhMqKmLGQx
2021-02-04T06:37:17.995614223Z 288 ijyWdXRW20n9TRDr9oxfTXUarebeSaX3Cv8YGTFGg56Jr2dcKQFHrzn7OBI7
2021-02-04T06:37:18.063330798Z 289 9HVila8nsFdVXLP92AqX8yh8zg3ZmT2JnTNOoW3dzZtUaSCMRnHlz1iBpExy
2021-02-04T06:37:18.131975045Z 290 lVPDP4VAWPUhJWzF0CnAwxPQASjCnNOiCWUpqJLfeKk0ATLk5QAnE3D4H5KS
2021-02-04T06:37:18.200531192Z 291 MICKsrBMj8LSF9oNrv5o0cQqmVGdsiQSp4fO7SjhHCKh3Ftwjpu4HP59Tb3G
2021-02-04T06:37:18.269023867Z 292 VYre3wIyMldjPUaryVr5PS35Hs9NThSWO8Q4GybJT40PcO79fvcnbL0ZeF0x
2021-02-04T06:37:18.337323111Z 293 9jxeAuqzQDvlnr10RDPwymlHDQk0VwVoEgPE46W6rEbPzv2WqjiOvkLStJh9
2021-02-04T06:37:18.405200518Z 294 xL7dANYN6ApgTk5mdEqMhrRbQcPoep15glj6gBl6sIw94diUvBcbVnwFzw5W
2021-02-04T06:37:18.474063060Z 295 pqcpgh8CtjWcZcUIRjfAB959YoYw0J6mO4mCbxevMByyrcIsGmk8X1gcLmw7
2021-02-04T06:37:18.542858458Z 296 dWzYDLiowT5NjKoLLPWlqNMCjp35Z5GlIvaxZX5UFShomEuvBpqSeOgOgDBb
2021-02-04T06:37:18.611151591Z 297 G5uqSA2e5GuWBkhiaHCnRs54ubRvMFWtAVV09DwWDd89oL7C1C0OC2mhIzSd
2021-02-04T06:37:18.679895929Z 298 cA0t29RITNuGqYjY57Jzh6oExHt03PGQnkxVt8H4gF7w5qHzijo38HHWBAci
2021-02-04T06:37:18.748329566Z 299 aBA53XUmDIQBtm7glwIslJZOI4tra0wjsOJa8trvNtsPyKHnrkEnPMYLkidT
2021-02-04T06:37:18.816238366Z 300 KkYX4oxi9VamuJlIFRG1W0tpAabUKxMvMRupG1zBRL89vE0El7RKxq9mnoBm
2021-02-04T06:37:18.884202026Z 301 QmPtQhyXSLvqoGNPj5D24zqJAG282Q27Hy4ViYJBF16sPPNsUx0e99yxxqeY
2021-02-04T06:37:18.952409026Z 302 UYSlNrOBP3TFpxYqrFKDci5W7fMkSfGkfO9bD112tHXQ25TDo1AblgNvZH2h
2021-02-04T06:37:19.020501870Z 303 WmZipW76o54fN6Fo5x53o7G8ajA9izFYoCRdqUnl1GCE58DkZvSLsOpcrx0v
2021-02-04T06:37:19.088786279Z 304 fXeOaS3bSzv3XjkoRDca9iwSJsStsjjFzKL1IIJDKvd55w1wO53NmTpO3gmm
2021-02-04T06:37:19.158017551Z 305 w7nWwd468VrODAzN84omeeptw9X3DW4q3vlJmjUriR2mIwxUcD9rhzJ4U7hb
2021-02-04T06:37:19.226128583Z 306 n91hZhrpFGShayB0VfuzZHa2IjJO3fPseqsoSQpNgTQkH6WRhxLzVEBB9imX
2021-02-04T06:37:19.294960206Z 307 EqJ2nFLIraaiNVYj0xxNBixvWPYHamFOvLXYYYyJpWhZWz0oyTBsSTvYC7e8
2021-02-04T06:37:19.363291922Z 308 dSA2D2Sn90s3gek8ma9y67u4ffrAGjCyEWlIDsgtWdc8MuEmlhqH7zd6J5GB
2021-02-04T06:37:19.431221303Z 309 DalDIAHr3bpRcIEc1kmr2RhMoQ66MyojbCfnpJfu3uG18aZuH15l8ssj1vuh
2021-02-04T06:37:19.499491970Z 310 nzanlFblEzLe3dYDGQsYcxABqNUGfeXkLTL9vVYWMkXgQqocXQw8NoiBxga8
2021-02-04T06:37:19.567154994Z 311 4cRL2y5NY7Bcb8M9dkvpmAX3MwwThSX9BinCJCcbofeTRxwQmNqNEy5tI5N1
2021-02-04T06:37:19.635962015Z 312 m5fonntEwXMJBRLQgvr5udvgAHrTqrqoq3g1jgb7HqnY5fcmRbtBkYxZU74o
2021-02-04T06:37:19.704464262Z 313 2EtW3py4oAPCuPB5C9Gv1fBqr7LiMri55CnSfrl9DaRR6HW7BEMKOkV7CCcY
2021-02-04T06:37:19.772706582Z 314 CKhXCwIoL35TVEGYxjYji38W4ch43x0N75yUGglcptV6FsRymLUqtgQfW38L
2021-02-04T06:37:19.841976666Z 315 5itsJX6zMG9XCCmTl8HpmX6XyI2TEkQMVNIQxlPeyp0ThqMTVrBbvnxtHKLf
2021-02-04T06:37:19.910817685Z 316 8Jb6BblUiw5J2Toa3TSPqh7ljGsR77MpOUzWhNte7iCbiXV1AHg5MocadHgs
2021-02-04T06:37:19.979573304Z 317 tWcZ4vsGkukSvJK0xEyfhjjPYgPxpXSU4WQIReNGLpvBki2dLywjDDfYxfNG
2021-02-04T06:37:20.047345979Z 318 IG7clcnj5u9CCJnOdebfKQ8QhQbblvucq8vYclY9xALJWYpLXXkKuqbdesph
2021-02-04T06:37:20.115327646Z 319 U07wjHUmIEgerYN7hZJpiJXRq5Qxo389qGZndRMSr17BDSAqv4XPEBgSdAgk
2021-02-04T06:37:20.183194425Z 320 jMaQrBuzv9EFnzvXS9I8XB8patb3RVsrBlPV9g34AeaVf5aUJVLa7zYqB9qd
2021-02-04T06:37:20.251451357Z 321 5SMdih87Cu6PaSgiKE6ZI6u1g12wm0iCMawdTKa5Fk7AngnyqIan81NoDOki
2021-02-04T06:37:20.319610381Z 322 9k4YbgZUT3jkKxYKuVxD8STsIdvyWzR70eSKotFXB9kqZu4leOo3i0H2IMrv
2021-02-04T06:37:20.387480697Z 323 kxCRsQ2e8pcwxwKyHelsMy8G3PUuVT6rBtxZhq6tzZtUVcyzAcwN3IiBYL61
2021-02-04T06:37:20.455764952Z 324 ll611VrgPgB9uAZ1tVO5HqeH854q1eNBM8IGFKTN4S4eJWUhK8mjyqyJnbFS
2021-02-04T06:37:20.523939362Z 325 rcQlqpsd4LBszM6Px4Vh3hHlTCSnZfZmGyAfjQjoidMu3dXuXVMaV0vL2Ay6
2021-02-04T06:37:20.593110845Z 326 jJbwcMU7eafQsGP1foipNZvqD8vaDX3lXudDySRLdFcge3OBhj1kbQ4R7dTP
2021-02-04T06:37:20.661153233Z 327 wZBiTQjcstnirpXWndKvMvq9gflu4TN3zXAjllCl0uZ5II9TZHnJoWfNRHJN
2021-02-04T06:37:20.729612958Z 328 wtmOzCX0NQUcm7PDV5eAzBCBhvwjtYMBZ7LnKsezXUsvlKXgLU6ImVgLrrWe
2021-02-04T06:37:20.797980342Z 329 NJLleY7KuuFlYjM1ldRU2SRq572NJS3rT0UHt8Vbp3c0YjXv3kS9GHGwpH0U
2021-02-04T06:37:20.866811312Z 330 HQYX3TDopXdtOpx4u63LHoTXIKSQRh32PuDKjSBvkvyscyGSfX8B0H0IFYk1
2021-02-04T06:37:20.935499533Z 331 WlE7pYOWvZbES8RDTZtQbbtD6ApsiAvT8fi2FLhteYNl8vTAQSEFoYJjOdg2
2021-02-04T06:37:21.004015366Z 332 UwLqC5KRdJTn6gjYWMdROwAZkRgGGQej6rSvzubCpJnAj2jeQfrbrfORtbZT
2021-02-04T06:37:21.072287183Z 333 XfRQdhmOk1j0UlK1iYLYRVwC9uXrB8PvGJPscKPtBM2dKp2qjRNwtNyJgj4o
2021-02-04T06:37:21.140637377Z 334 HGZ9NZEPIU6F9D2R3PYvIdHWJDwkpRZ2rtFE8nqjs2yqp67JkEfppxNlLcyY
2021-02-04T06:37:21.208887943Z 335 Ox6RHVARMzpWBZmrdb5v12jAxcM2T6pHOFR2VTpqNMy02QN0RLKQ0iqJ727K
2021-02-04T06:37:21.277290182Z 336 scMyy372cbOdVngQSnERWUvJRMi2ycgdEQQbQTIF3ho4hslDQP0SlDNLjlJq
2021-02-04T06:37:21.345059770Z 337 q1Ptgw7DG0rgcJRKyINhcD4ABH2EulVTJnKyewcY3dGFnrAp43fAS5aTr9y5
2021-02-04T06:37:21.413285402Z 338 niRSaWrxsUMKjFL2ax0kzNMcVCdMvtTYIvnTioA71MvPntoJTC5VmYSk168H
2021-02-04T06:37:21.481568013Z 339 DCUvmqUEf753zdwepxW7TvFpfv6pbptSranmaBfbV0ey9G3HZyYshoG3gM1F
2021-02-04T06:37:21.550494526Z 340 a4NhYtuohUfKCM7UnzYJFnumDAjncHehmkYa1nimTjO9DAAwCf5BhF1eJWMl
2021-02-04T06:37:21.619881442Z 341 C84me6OU3ccX1uEK772lWMWy8CAM1M8POjyYszPv9k8Bl5cQwddf8yx2y9FS
2021-02-04T06:37:21.688461129Z 342 VE6AmczPJm5dHFPqFxbb4a52ZrfaTgUStzNNkvcE0G2T77bZkG0uNJuUbFPR
2021-02-04T06:37:21.756423220Z 343 Z9TC7Ep2lXakLNxU6zIgNBOsBxLFSDj704YsUbUBJAVvncVwRksHpDZCUNQ1
2021-02-04T06:37:21.824586834Z 344 QFatX1ttmE9zIRCS9EBPSfZ9CK4Uwj7XRNz5EkBSHveEJSlyBfk7gS9cnTLb
2021-02-04T06:37:21.892817434Z 345 yCZDkH1Q8aIyZDrF5w8u5oo3QaRKxnjwWcg9S732xjigZr5o8JM5phe2FOYY
2021-02-04T06:37:21.961028707Z 346 l8UbItg3ltV628cJ8V1nSjNNguqpYpEwDdr08UtE5nwGubtFLWa1d3xo8FB7
2021-02-04T06:37:22.029883926Z 347 MYPYbnhL3ysk6DMJkx7u8fzErzK4aAX99udmDmGn3qDVAnEV0MYAC649tjT4
2021-02-04T06:37:22.097878553Z 348 KXZwRUdQe6ph5pfjZpUWhdotehgwNEPrBToq2NymPAzRtZXqKtJOaT8WM3p3
2021-02-04T06:37:22.165653985Z 349 ryd7rAXCc2TY8Qu4pgQWlgxabJ92KTQ5N6Rcrtczd6IfmeGraAwYYxR0BwFx
2021-02-04T06:37:22.234740971Z 350 9Gki46haOcz6KLHLVp7fYg0TXnX1Fc74HI8PAwXkOBliDVTpBTTsp3kKAywN
2021-02-04T06:37:22.302864282Z 351 zrLW0Fse5UCuB61UsQ2ZX9qhNgdEU412FbGozGXfRa8et8TnPAJgfwNkcEs3
2021-02-04T06:37:22.370248022Z 352 iQYhadCfy22fIm65DuGynE6Is46fDE6SoAd2CvnUAbm0xL8WWAYK5OGkAQkL
2021-02-04T06:37:22.438293470Z 353 ChxxuKuwPWcezi0DKEpASJRpGcEUwb9OJEZFiY52cKq8Yxc8XawUGyualcUP
2021-02-04T06:37:22.506684242Z 354 wO4O4Uxfvj8WM17J3JeYys331Y45GU5z2uS9HgUbUBO0QD31yO249HmIY38P
2021-02-04T06:37:22.575005252Z 355 aYos4Y7jYA0DRdlz2oVDvClQcrTPrhUGrAZtXq1lVfR9pqDhIuUimFxi2Bs7
2021-02-04T06:37:22.643332323Z 356 rfR24rNlRXgBV02oaISfQ5A0R25G9WY0Hnz3SZZp6clsrDne7vrdW9xgiH8N
2021-02-04T06:37:22.711020138Z 357 jNQSObIZ0EFafaXwswHulymBCeldeqzB5A06sc3SaehmNeoDDoZuvLPha21b
2021-02-04T06:37:22.779239766Z 358 02FLVb9iKu4U2JQiJ5I0S5x3S3pgbwglieep2ZL5M1a0BnPUZiASuYzCqU8m
2021-02-04T06:37:22.847742130Z 359 svERJf8BbFYPEl3N1HZUhj6OUg4q5LgLWuGaPWseUXLFozNOazdVXKmEcZVi
2021-02-04T06:37:22.916988837Z 360 lCA6Z4NLRODf4riikkkNsOHA0QZjjzJOkVmZbikIkHGix61AldDLLtnzVIg3
2021-02-04T06:37:22.985331704Z 361 1s4SxHrncE15zHHKg9mxi0QHKJon0XYc7P3p2GARM4uuK9zwVFNsQVUOCtpr
2021-02-04T06:37:23.053866323Z 362 B42neBSmr5zA6A4hks7Y5EaR6JGCn15XBAuOcUwsLBgbuwvxlLmm96ugEACB
2021-02-04T06:37:23.122995139Z 363 06y6oCFUiOl8sJGMz5u2iPBEKwlNsuUo22CNej4EwADEUxyvS9CSS2SWNcDz
2021-02-04T06:37:23.191884475Z 364 aurpGiTtYwe4RJWlNYfj7AyaXalgIYHyh8BWv4tuzUAO5twW8uDsl0nBcx9R
2021-02-04T06:37:23.260156522Z 365 CDpP04kIqysyeWidv7cdFvBBND6lwQFCaXFczje6cMl7HyU4qp2O6n8oci9Y
2021-02-04T06:37:23.328520637Z 366 bAWPfvOdC7RHAj4tvU8Zgq4mPiydMzK2hqVI8ePOPSPYSbEyQ164zEtnaPbB
2021-02-04T06:37:23.397657358Z 367 KWPTdofCQWPri1pBYD6YGWdrD20a9r2oNrWHBnhX60T3tnEcHxstjZwVo9La
2021-02-04T06:37:23.464315153Z 368 NzmEr8hyUvtfYOL6rKBQxQvCPiEpABSbr6QEyPSNTmh7ptXkEyNdfFjnBuDv
2021-02-04T06:37:23.532296302Z 369 8HmGBaa0Y0xXmLMPTX3PAYckAVzlSUnZOM1jzgZzpG6ZgA0OTmmuvVOX5lVA
2021-02-04T06:37:23.600102434Z 370 38NycwPsoypUhQMTqOczOo9kGcBJYj0P0nFPQyfVCinVgmiBrtw0ST81i58L
2021-02-04T06:37:23.668104144Z 371 zs96pUrOjNrmvc7DIePKWjR1fiYDQvph2GWv5fWzVbXUp6ot0J1mYIBh4uqR
2021-02-04T06:37:23.736242480Z 372 Rqn4rP0Kt6bcZ6jJ8E3gn190fQqKJAAcXfl5yqxP5KXDs2KpDDEYPqHuRS72
2021-02-04T06:37:23.804541647Z 373 II0ZNbtDsFPNT1MK7HqVMvuZlsGsCmQrC3BqKcrWnKMI6x5TiJnq3MuwUAUy
2021-02-04T06:37:23.872312508Z 374 YRMzWSlZn0DNxgNUbaZxXLqzXKXyQdqiCeiVeBh7W6dKOsrjmqwi8a4Dfq0j
2021-02-04T06:37:23.940879162Z 375 KyjY8Wk71VmHuQKMjfXhYSDEovnlz3rb3dpUetznURiYodrOUkpIt22VInZT
2021-02-04T06:37:24.009353380Z 376 KRo4JhgHX00lbvvuPlqVN2CFFuy9AawvuRkTFT0AGGOUf69WCAHX9pRSKMdn
2021-02-04T06:37:24.077418445Z 377 LtujPBaK5Kbfb48tI7vabqIfV8F6mN5tT2stqXPbvDkIep7kMuddUGgidZtn
2021-02-04T06:37:24.145415483Z 378 yZNPKQB0JGicCz6Mu1SwuIaS04uzIL2lsQITsEsU5oDA26T0a3ukXPTtFP6k
2021-02-04T06:37:24.213691876Z 379 3BDzVoAUJFV6RP21Od4j9TSEHaMMox5HJMdcJkmEk4W7ltezhHPPYfhEOFg9
2021-02-04T06:37:24.282226042Z 380 kbDlY4lpoCurpCFqhYCi2VCvdIWagr5nbPtLueq8luhNf0zo7syrDybhwNEs
2021-02-04T06:37:24.350160739Z 381 c9bo1oFq6SXCljKLQHb0g2BVVcus4vAqOFQeKdD94ZuOeYhXY6hrLwwUDHNR
2021-02-04T06:37:24.418408038Z 382 4nUCvYX8VKRiK3Aq8j3UIuDeaKfQ9NCQSopBCJtANKomu0Fh6lBmOmxxa37K
2021-02-04T06:37:24.486866927Z 383 anI6AMcgMnh7wA3crrnA1T6i9AKBxgMuvbQjftF7SH720uzUcRgCrPIm8D3B
2021-02-04T06:37:24.554828101Z 384 fku9xoSkm5z0KDunpwpep0DNL7VUnpRMXn4VhWcbKCndrlJLKqqdNHw2xGfX
2021-02-04T06:37:24.622394963Z 385 7n9DIeztuV3OsY65MToYGyKGwAOjMBiIW1N0mN91z0cpuMffmKOr6FQTg8pZ
2021-02-04T06:37:24.690612605Z 386 nYld7SGVfyZn9kNGaDaBmXuQ5vEi61dqlm6PshLMxs4IT7aepjhlPDf4O2Nb
2021-02-04T06:37:24.758648689Z 387 I9TioWlhqeETTR7jiqKgJ4UNKwh2sP2g82gJhS52621nFmJ40ge6t9kOaBym
2021-02-04T06:37:24.826943176Z 388 eXEoIzghshlWel2AnAnxXxcEr5JwiuY2WNbxZb5A5syFxRtwYsXCa63dPwCe
2021-02-04T06:37:24.894895055Z 389 6fXN3YkEELE5btRYWgEHZH2SWDhUF5UoXnwFa6NCiZqcDoxefRVIbAlN5AsC
2021-02-04T06:37:24.963890681Z 390 DkjyuO4PAJiXWfqNd4RN09BcMoY7uwcrwQScvBITEBqWcLFvUMLc2XgEACOK
2021-02-04T06:37:25.032450423Z 391 s7xvqKHlDw1srr13uCnNkCD4cMTjo459Of5n4PDG2Qd2gsO8y6GoSfjszTBU
2021-02-04T06:37:25.100591528Z 392 85gHjHTkw2xPYF9UqLzMBASQnk3OEzno4c6vysh20eN84pNVmMzKK8Grxvic
2021-02-04T06:37:25.168560427Z 393 8sEHtoWMlHzdCztJU8xbSxWUvi1QE3orl22N6MVafNCxekhAa5UCMsepGgte
2021-02-04T06:37:25.236527550Z 394 HOd9SxtBa6s7aPciZN7Qe1Oz6fGcHX1CIyYDlih14Rs3ZXHiFXh3Hy9zb14t
2021-02-04T06:37:25.304401777Z 395 6Ra02G8f7jYOP4nxuPcPuFNXVwpUxYAnlFWKXMLbAKWfLLRhv4ZbBEGIXXoW
2021-02-04T06:37:25.372226908Z 396 GvqPnVwsHIO34FkwSkX4fRgvGPCp4N82XbwNlfuRDgSALk7f6QW9eD8qcFgn
2021-02-04T06:37:25.440373433Z 397 TuFS2XxTm1zsEKwG2tvIixnTIElqepFfEjmO7N3wRNOlaLpfKjZ4LqXfQSeB
2021-02-04T06:37:25.508983025Z 398 4k85Q5ICnzz2yrSV8cf13Psea2pmpikAloG0tEdH3hTCEnOfGjmbbHVooMrW
2021-02-04T06:37:25.577192934Z 399 K956Sd82S8fFpnSBefZEJjaIScyijLdXXiMIv073TgLkgKT61hYdnxg1TQdG
2021-02-04T06:37:25.645334946Z 400 RWkUZJmGvRgO2LxhEfP0MhxhBN1n1K3718kRX5RFpkJ6vtyiRfrxE0QvrHRN
2021-02-04T06:37:25.713582746Z 401 HQ6D9YR8gyt16vPxpD2yltQyy9rOvlIhyBF3U1dOL92Anj4txjQxHmh3VNIZ
2021-02-04T06:37:25.781681043Z 402 L3l0qETxbGSu1JY4NsjkhMGS2NdPASaCISqeB3rwdC6zG1g9D5OqMpPWy0YF
2021-02-04T06:37:25.849892299Z 403 xGAUPvAqZqlBvNWP5mrb3mjVXVfmz2vC2TWaM9osu6yjH131EGwg0wJEQNs5
2021-02-04T06:37:25.917195866Z 404 YzU4XQHQrbPZkRkK2frVufwTrySM0ZZFtBnJ73kGALh7uOTz8HDrOjO3meQE
2021-02-04T06:37:25.985497902Z 405 2berAOdWkj4NieOYj2Y7kLPYI5WQ1dGpteWGLdPP2wUtK15KGjuS7WoQnfSj
2021-02-04T06:37:26.053544982Z 406 rxIlR1oDWyikt4xC5vH8wkhbksAiSL57XUXeDC9xJn07180sS4PiqV6N6LYh
2021-02-04T06:37:26.122149927Z 407 348oqf9xO7be3uWYESOhBaCEMtkpa7UnKjtgqKfOBvfVvyt5wfyNzUDwX8h7
2021-02-04T06:37:26.191043727Z 408 8kOZ1QCx0iJybxv6Fg1vYyH1Un7M95FoIJRb2YBcsC6X69eLqz4znjfbxlH8
2021-02-04T06:37:26.259193572Z 409 SQ9sOfrKXqCmXFXJp7LjZJIw3FAUAft6nx8oDaH8TIiF8dvqqyVILYnbRWUC
2021-02-04T06:37:26.327616577Z 410 uczIBsZXDpLADlSlcjhJd1Y3YD04naTG3gWq12W1wobmNPs843yuzp1rB6HR
2021-02-04T06:37:26.395613101Z 411 Xoiac4x5MQKiwVEQDuTaHWkLA797w4xPAFiydWXozlYzpamS4RvZN07RQILa
2021-02-04T06:37:26.464771380Z 412 RfOPzt3K58Wz2hxhpUC2LYCDa3elyZcZCn2eX8SbFCgWI4qCVewWUXuU8KsC
2021-02-04T06:37:26.532429734Z 413 BM25B1GeZecRZGu74jMcroB2gIj48SihCx7QpdrXh3g6Z0WuDMcEDFD9A4Yp
2021-02-04T06:37:26.600234936Z 414 eeNSTszKSv53IwAy8Z2lMw2ItDkS9NRmCBTXH6IpSUVzFWrW3S9ZaM7COvpR
2021-02-04T06:37:26.668415015Z 415 qrNs9EWZojDWmz7f24WFzmjKlHNcK07vMy27DzXkGzStCMf6T23PgIo3WjBB
2021-02-04T06:37:26.736989817Z 416 rMcTqZ8QfnnKN3Ixzrl0GMc0CCxxKCXLUvQhy6VCRVO1Qc1jLj9zoXNEbMOH
2021-02-04T06:37:26.805764657Z 417 dK6jQtbaTPxp4XGhftm7sf9DEo6GQtGBGu9TfM86wfW5VByGFBRhSTe7eBe4
2021-02-04T06:37:26.873368716Z 418 WBzfJU1JwQGrz06rR4iNxT7qtQ8VoeX8kwiGLgLAQWLgHbEvt3OQ0tlgaVI0
2021-02-04T06:37:26.941999194Z 419 3XogLGWpjzME3njca6efcuML3JLdGk3RVKNIr48V4PrPku8AC3QPZDuLnuhh
2021-02-04T06:37:27.010892110Z 420 pXbdcaAYFh46njFVNTOU5OBZHqv15qA6reiPD5r7IuCHNGZYkEZkZYOMfahE
2021-02-04T06:37:27.079823971Z 421 qqMxGlgGNGP84izBAlXwrlhMAMYeoIMMeI7wpFhfDZqtoMfHhPGZ8zYNyiM5
2021-02-04T06:37:27.148108277Z 422 AL0h3h5bZ7qub4qtuuUrNXMJkayVPZSHlSNCCWGmSOXFHq1oxKIByKi3P7EK
2021-02-04T06:37:27.216661097Z 423 na9D1c92D6PyJJkX0Z9u8UdLQhaNhXxkHHX2nQjRUOQhPlNUD42NM7xrYBSR
2021-02-04T06:37:27.284784726Z 424 hpP5x6oGeK0wQaDPv7wEc6SWRskRolZyKXJ39Z9U3BTNySV6XLZpJO2upHFZ
2021-02-04T06:37:27.352441288Z 425 ZDaYzjIrFMOeQlmi72PqrawvBiVPhW7lyLlyo7g3NGRUwk4uL6QtBsjGPimr
2021-02-04T06:37:27.420232904Z 426 6rCi0OkHZUHbrXUVt5lpkXJTI8Azv4ItVnsvkyQglrUfKVvKI5ZzsMEiKuKN
2021-02-04T06:37:27.488660187Z 427 6Jnnb5bVA6kzFHuP377rH5N1T9XsL9LYusak1z1AGQaNj7kQqH3KwkQeOiv9
2021-02-04T06:37:27.556525902Z 428 h7USMLuIeQPcBlayXRh4zh5nNOT97CtewsVhHlNMcWVlDnrvS2Mi3nvrTjmV
2021-02-04T06:37:27.624953386Z 429 aGHbMt1NMDCIkke3GFNEYy5BhDLcN05dHOSRBT8n2KPYbVzUe4LQHie6cZEQ
2021-02-04T06:37:27.693392275Z 430 XYqw7BHvChdQjlaL4wXvFUxnGIHf1McYtTAaEfkAca3nXvXw5Akeu3fWz9UF
2021-02-04T06:37:27.761679525Z 431 B5JxjZCdKcTPpQziSWHPckeli3ugujTr4R4ZHraU4Pz637kR1FMSCDBZJPK2
2021-02-04T06:37:27.831047133Z 432 cllzLIQsQtBm4dQuCaBH3K5NOl4jyPJXRvEcVPO74aRocr9BmcyuWfwU5wRS
2021-02-04T06:37:27.899914945Z 433 HaExk3qTl0S4T0fstDA27jsg2R0d3a3oPUn0MzogpzqEuIgXi4fYr8FrHTgb
2021-02-04T06:37:27.968253123Z 434 20tvfh04zv03CnNk9pUwPW2SBgANk2N5WFzIoaRkej37AU58mr8HKRmgALwV
2021-02-04T06:37:28.036445690Z 435 koMI7GWAXNyCRrMZHeN1Txp572CEmxOdCYccwcyg7SgeOQcKVIqdWBQGiNrX
2021-02-04T06:37:28.104157834Z 436 QHbMZd5VKYVw4db9F3I9QTxbA567xZDGGd1g04j8matP8sokaTGZrg0XlInm
2021-02-04T06:37:28.172275849Z 437 pbLlGQbFivLxTyPeRpkEq2Rt81YwmUu9USOlU2uk3Kje5cHCuqcMgxj2c9wZ
2021-02-04T06:37:28.240861522Z 438 ofJhYZK38ATHdNTyQUq04faypIWGLDgi31qnWPuUTvy3ezntaP6x8yVtqDr1
2021-02-04T06:37:28.310036208Z 439 Y8YKPRkDb8BUq4LnptYwayWOIc4zy6TbiNQLm0CLYnzyWnllsNFgZ8UuWIlr
2021-02-04T06:37:28.378259127Z 440 7lcRPTKYvsQW8KPVxj6UZlxusZWEivp9ERVw6d39nY7a4PQOZy9sOdvkdqVE
2021-02-04T06:37:28.446466227Z 441 61sd9qce3v2ccOAYMeYBdW4uUie2x6EZJ1TIXalld9YgkymaxAHnpHU0khQl
2021-02-04T06:37:28.514705833Z 442 NFQ1rkYT5Z25CQnA4J8l9Y1hO43arxNsaomptCr1ZOvVy5IlC1VOpU8zLCXE
2021-02-04T06:37:28.583488175Z 443 M6lohmQMsCgBI0YGv4u2qJbeWRMwPGfuFfEx3ODISXhhCAIXB0crOX1ejFgR
2021-02-04T06:37:28.651333587Z 444 AMpi3ziqkbTCKR6rqC0aSk2UxAgC5D74pxkXdDRX6KBn97ndy9LpCsgfxGYx
2021-02-04T06:37:28.719862600Z 445 j9QJIIUSEQvOyWxmhWHFnBqvINW9uH0ypzQrnCXBGoBlC3GhVhAoiEOxsQxS
2021-02-04T06:37:28.788240179Z 446 kTMxHkKU4N23hES5UyjgkO7p9EswLV8kGT16nb1pbW93RZNcnd67AUr5bC7R
2021-02-04T06:37:28.856213008Z 447 WikAcYRE10wNFRbNqP0QfrCoZ76lUAT7GJDTYavzfeHc7hnbsd743NPpFDsS
2021-02-04T06:37:28.924414777Z 448 YDbPSFwqEPlquAsBHoauQYtOSjqyYyEddl7EqMfa0BdCpZ0pNumKLFofQEOB
2021-02-04T06:37:28.992235700Z 449 p8NNzl50GpiwbVrj7PtOMpDxc6hLS9UF92PpIZealYIOzAnB2XkvdDhRvZIg
2021-02-04T06:37:29.060559810Z 450 FBS5jHkS3ABiIoWO3sLvsun7w9VBCvW6o0bI6C02lpU9EFq9gOwgGVDhEmmZ
2021-02-04T06:37:29.128807786Z 451 eNDGLCnGxgHmuIlppsgXO98EbFeSH4oVmuF3pOrQ2QRekbv9UKzbZKvnexq1
2021-02-04T06:37:29.196928104Z 452 exTO2dSQuttIfnFKRgCrs1NXBjnFLVjgxVTxNPuF0Fz6lp1ncYcQnCqBpF6k
2021-02-04T06:37:29.264402783Z 453 eOjVsmI0kTt6HuMrtAF4LaL2mPS12Cd8crGZQ5dxD8hFyay54N04suulfWwF
2021-02-04T06:37:29.332909188Z 454 3ZMTD2lhGMcjWrDtTTJdY7YAJ6E7EPHEKZ7yXaT5Zpln3jMzCpSLx9XpPD07
2021-02-04T06:37:29.401400667Z 455 A9SK1XiJ8q4yrYZR0QfOpPzVXhikzC5J4SIzAaZEwFYhaAPAH7czQlWJ29Oj
2021-02-04T06:37:29.469352251Z 456 3amTYh7Z5NGr6BRDTTl8nJOKrx3EAKxihfD4khcTtWyJY7SFlKSgldAZeqBo
2021-02-04T06:37:29.537442934Z 457 dqc5b5yPX65H9F7WCG6weooL0KDbr1fiRkNdt6YeGRvw19TMN9oiA5H5vhgu
2021-02-04T06:37:29.605230580Z 458 nmi8XwDlRCQYygdnY4KH7JLRafQMy4BdxH7NouzXHJV0dENkpERMPZ8hC1oG
2021-02-04T06:37:29.673916391Z 459 ZvbixutCDIFcaTvnGCvdcFnecv6ArjrWT5H0mrFA7apmD2ZfvjkVDLBSk9Oa
2021-02-04T06:37:29.742718130Z 460 oUVcfDYPPUUj3LlomObhIzFEpKbmHMfeEdrXUpJzIMavVv6Z2L6cxPonwPgA
2021-02-04T06:37:29.810106909Z 461 RPgtWFGMbSjLHP2rMsuDhl8YqcQTTg0BETMFkyB7BxK0biz6pdizfUC7HVsT
2021-02-04T06:37:29.878886233Z 462 6lpOtsz1RUGqHk0SrNfr43M2orTjcOfoIYt9NqzNViVGcGdUGBsehE7HTxZf
2021-02-04T06:37:29.947682699Z 463 I9ezfoIsFEllgfOGrtwOxD9lrr0pxnw8Nd2di5oKrrobM5naaSUAJmFfILgK
2021-02-04T06:37:30.015184229Z 464 zm1CxWQL00UrpuNUvrJGVnc3ae5Fg57BnNXnHvddLRPNtYrFWQj1dM5lMEAg
2021-02-04T06:37:30.083257795Z 465 tXt6qnEr0ElDMx1YT5TeEgmpVGc6amA1XZA2AhV8G13hmem5OWsRBcfugSxC
2021-02-04T06:37:30.152018980Z 466 ZWpOILCdttC69CsnQFi09X3DOCWTBCclaSx0e452vseVBohDBHArtxAYdLqs
2021-02-04T06:37:30.221197253Z 467 ATGDkfSk2hbvMpOjced6iKnXvqpMipHeAINgSeS8zc8QInl6xbzOMEdeWyux
2021-02-04T06:37:30.289945815Z 468 FWYCbJdJURQYLvJ8AGmMrN24F4HaNlLg5Ulg5YeeLxFHalAjtKhd86ds5a2I
2021-02-04T06:37:30.358801696Z 469 irOjHLyFnLnZfytOvc9M1xPDioTX1Ycm6ayGgIYF4t1GVFl7bmdGSXBULaGx
2021-02-04T06:37:30.427043940Z 470 tS7udSxuKBTixmrDt08sP1XsfIysZwqhNDLO9kBTNhZRDqM55w4WA3qQyD6x
2021-02-04T06:37:30.495458228Z 471 s2YPnE4pJBKGQpTWs9CMn5pNJPbFdpHTLkVOXTqNN1Zb7qR5eln8adVEZPFe
2021-02-04T06:37:30.563187410Z 472 T6ieNk7usYKeE6GBPYXBaNxpTz8q3f7LiNJpiATx6Rzd5HA7ENrS0tDGl4pP
2021-02-04T06:37:30.631790545Z 473 WVha2MmamVafMRRmhceYXqdvkTYtArkU6mDONaAu9OPFPhT7aTVrFs6Ts72a
2021-02-04T06:37:30.701140978Z 474 WMPMWDO8M2fjyVJMcNuP2ephMYjkldp9melq6MCAqZnGB2QElXS7FoAoQMQa
2021-02-04T06:37:30.769286095Z 475 tQiv6AEKDaXjrxd3YMGHvFQnDSXyTPGmYgfEUVhXl05VzCbG5uDUgNF97gXY
2021-02-04T06:37:30.837352843Z 476 uAZQY2ESD6M9iBCNs8tNt4KbqLMCXwAb9DsdIKjJBNwwHklrPARieFTU5yb9
2021-02-04T06:37:30.905198053Z 477 Kd0DlWgwfTs8xUC7im8TmfJHtw3EkJNtuKbFJS17v9BZSP5dSuzxcgCwtXpT
2021-02-04T06:37:30.973317118Z 478 HsKpOVYRaMlObZVeJlR5xUJpM0nZFXVEcoEy2JfhtxO4jO5gtlus8vQ7PyWi
2021-02-04T06:37:31.041931025Z 479 V05dWLlorLwXvFgEcV24qduqSDs5XM29VqezINSrwEzu5MpySSYy0O1r1dAg
2021-02-04T06:37:31.110226022Z 480 AxYnz16sybiKcvMlU2I6jQWD1chCDcJyV2UiHBsV2QC1gXgiYjMYk2XprPRh
2021-02-04T06:37:31.178234615Z 481 yCiLrYCqYALhdloR3Ymq5YfGD7555tJhmEBzFCjRl0BsA5JbXjrQyQDqWk45
2021-02-04T06:37:31.246507098Z 482 J3oWww7Wfq2gflrA5VooIuoFZsNSMmf5POlW2Li1JuZLi4ojjtxzAiUW7SDd
2021-02-04T06:37:31.314702817Z 483 SnJfHneR36vS7GBk1hP6SKjfBFFtFK7gufee7eQdxADFPsrExJjEhigsac0N
2021-02-04T06:37:31.382190516Z 484 vYjff421E2QLbE2POyCgM07J5AvZ7YqOvKN7PXR9sEcYlWbz470GDF64BTqy
2021-02-04T06:37:31.450637471Z 485 B1NGOJ1uQnepin9b7wPaQXGHj2TkB9Asfx2GRqOBzhXwHcQ0CtrZLnPRUq5E
2021-02-04T06:37:31.518269591Z 486 0ECCfz1tU1XLx7Trj83StgtSGmLFOkFKUio9NWCGL2IWROdBETNxoKpFSmug
2021-02-04T06:37:31.586170826Z 487 sDKuNDbVUQ27VDP0OJxUKcULzLkGgXP87DW4m73n6sAk2mLROkAnXX2vbemj
2021-02-04T06:37:31.654209055Z 488 S2yuBX9orrD4mv48okszGNEPgECTI7hvsKUg86r4twi0rXh6TV7lbJh3yM3U
2021-02-04T06:37:31.722352380Z 489 AT7TUjqkQzFAqHrLZDHmphNCdIYLmJ9Va9azlZCRDiCNRWTcZbSkeQ1cTTbT
2021-02-04T06:37:31.790363810Z 490 bcXEdpfSJKocaq7NHGPqXBZeYEGJKMaP0ET3PdGtYaMJWInP7dTbEZViMnbp
2021-02-04T06:37:31.858749908Z 491 hZyWEC5dxQtPWGOQ5aNZjnXY9NI2SyTdBUU1JDTf4PUMsFXMd1on9dRnQQwV
2021-02-04T06:37:31.926934317Z 492 0NnkuHnd5mWK1Bj2KpZUDHcdl1tTR5sP52GVqJqpCzp01aEnju1Ei0dJfB6o
2021-02-04T06:37:31.995128990Z 493 FQw7WffQH5udqjYSDLGdPCJtGEJ9W6nzl0uP8a7MCX4HzSaCBm2fJVRrSNpK
2021-02-04T06:37:32.063862697Z 494 qIL45ibVfMTWWm79zOnljbkyPTeVzUC3enNbXaURaopjyvr8JlGZwMkUULIU
2021-02-04T06:37:32.132270551Z 495 rBETR3BfbQEORDsoCmU6zd86udTF3qCuwyR21pYmnviWwz4kCwL5AkXywsv8
2021-02-04T06:37:32.200192016Z 496 LmvURf4qeUsD5ZzkNdJwzBviLMO0NXK701k01iAZyj2xWfkbz5ZTEm6V2wID
2021-02-04T06:37:32.268712972Z 497 QO5uAQnCCgg9krAxckCyiWV3TY395Wq2KpJhlaMoMGsVIkhD3Nmkhi12itX3
2021-02-04T06:37:32.336156585Z 498 t9mi1L03ULmG4pSyEoZBBSTycI8WDYUfQ61EdeDYbYLy5TsYi9aXFTLTpSxy
2021-02-04T06:37:32.404549487Z 499 zIpeht78AygGMyh1gZhz68rcvAOFIn07kriNWtXBhXh4vuPJe40Wg1vz72e8
2021-02-04T06:37:32.472665673Z 500 tqiOryAWgX9qaJYzXKC3wLoOgvTfLTXEiHbCR9FLuawaoYLjKCy5l2A64R7k
2021-02-04T06:37:32.540791707Z 501 yUczFzeCA0MiaFYB0dzuTCmIV5rztMSfnb8MxrSOQXMbcTTLmCMT3ZluMOLq
2021-02-04T06:37:32.608950031Z 502 dHNvsTJZUK1qID6L26Fbac909TujjfQ8MvwyK0pPWvoYxURTZbQMNrQq5Mqd
2021-02-04T06:37:32.677359185Z 503 CyjMBmvnMZodSIveYnszrYwpVE3aylQIK2TkMeURbjQC9xzLt3DwzQcgclnv
2021-02-04T06:37:32.745574844Z 504 4gSJROJxXWZiJ2hYYpvjNUHIVMGsvY7WqvSViHCnHHu9hppuGwaYJECudTs2
2021-02-04T06:37:32.814042574Z 505 3lZ8s0v0qwYy3AePUYkPiCzlSDAQMLEyPxlBB1UFvyRuDxCIDTD3UnI2OksQ
2021-02-04T06:37:32.882947263Z 506 N5mIUN2tOp7wgdBb4v3vem1ANWulZqJNIzhploFvpcfk8tIS11A7qeyCIbUz
2021-02-04T06:37:32.951953237Z 507 4B5pJ9zPU1SWNa2BxFg54WTaWv99STz6P5dpwtWNij2eTOiSF3A3BTbfGHNo
2021-02-04T06:37:33.021204400Z 508 yyx6diu1m1e40XN8KIA9AYL9j1hLk5xlYmhEACj4AlTGmv6gHosfYF4HCMxJ
2021-02-04T06:37:33.089374631Z 509 wBh494ou3YDrLRn0lkxwRBe6Ah0rAFs9tk4bGybSFZOS8a9mMkp87ANamb4s
2021-02-04T06:37:33.157537058Z 510 p4Xrb1zSLEv4C8m4ethWDaR30dOmY1Jpg4QxknYEPyYPNiyNsZPyRwxN5vp7
2021-02-04T06:37:33.225371930Z 511 soqLtt8MXEVfx4QXHwV62Bo5LDZ24pOhksLCHnmiC07POgaPuxbaNsu0cZTH
2021-02-04T06:37:33.293854001Z 512 xNNNDVV1mumPUmxt3qrz0YzjArkl3cIDNMzu3mTJsohT9gnvbmnojuxL3oe7
2021-02-04T06:37:33.361217898Z 513 zWAfhO7AFJ2RXdbwsR4MPUoGs2CeITJOGZNFHdhL6kq4xD4USdCYXkoYSrVB
2021-02-04T06:37:33.429148538Z 514 Qb3D5Sc9Y52b5FwnosN3Dr6yw7dR82wS3f5Tb3lLtl6cvo22m7ty6POqH4Cp
2021-02-04T06:37:33.497226139Z 515 dtFuMm8wxabVClvBbwV774Pdmwpew9MnrIHD7vqyeQOo3oUJDN9EZdQ8HCKZ
2021-02-04T06:37:33.565647571Z 516 IPeKF3thG65XTSYNWOzCD5dPNrSB9K9A59zBzJB5v3n9IFgCzw7qSV0zmSSm
2021-02-04T06:37:33.633188845Z 517 qkmQ5DQcFk2ZY86gqM0HLZYWi4XCAIWbPcOBVHkLNZZlk5UO08PArWLJZiAH
2021-02-04T06:37:33.701258564Z 518 DKTPwDtQNGcHkqS1Qs8foJDql7M0ErfTTWHNYBD2C5eypS3ZB4nxxz9u0kEk
2021-02-04T06:37:33.769613406Z 519 klxJYCxem1Yj5jCOXkI6ZHKSPIe2gKHgGN5dubqoheMy38IrOpSX279QKtKP
2021-02-04T06:37:33.837463505Z 520 iiIJRNxH4dB54z9ImeLfPr8Pjka4NKmHint2moM3hqsYxAZYj556XImY8BQC
2021-02-04T06:37:33.905578446Z 521 UGrOqtcFQOTDIxaYZjLZ5JnXSg9W0SXPO1tRKSKU4vz6HBXMS2FRtKTmgpCQ
2021-02-04T06:37:33.974034885Z 522 7BJDdTmpxGky8Je7VfBVbzqZCy7u80vyGHXuproUcXrfEBgeEGKy27Hu7tcm
2021-02-04T06:37:34.042680505Z 523 xvSd2qAt4xfKURQDAyT9v3lb9b5Hxma600uokBf3zYMUPsHfu1pOQ9u7s5Hm
2021-02-04T06:37:34.110312441Z 524 RmKQ6QitFeADqRhU33ocqJswlAkNY1JvWEiQRzIgjr5EcZvMZJBPcEkDBp7a
2021-02-04T06:37:34.178376602Z 525 yigAG7qCCVMymdFn7OlcfUYefeLFBWlLyJAgYnipN3GI7kdd5TXKws4C7wR5
2021-02-04T06:37:34.246362796Z 526 cE2LDJtKqkdWBo8KUCTm8e6sNyluFddj14aHUZMXn91KzwCdgaczVKRLtxvd
2021-02-04T06:37:34.315309878Z 527 UHOdZSZEZZvGLaww9lFQcY2mzatE34j1TO2DEaaCNlQwB5EsTrcX1G0Avobq
2021-02-04T06:37:34.383196263Z 528 3ZTQzIhesYfwglRLMyiSVZ1FBauVt8jEhvl0OoqbWB4CThinORTiIjRSAcUA
2021-02-04T06:37:34.451333504Z 529 f1OgcwJcsaE99bC55T0PQB4OwO4P0yBfJOW1TJKW2qxM4qOAcwauCaSzmqgV
2021-02-04T06:37:34.519219836Z 530 keTL3Tq08IHhH5YeA6zGIjpyfdZEtGdBgmEiDyo6D4glOiKUH8293tXLARu6
2021-02-04T06:37:34.587105932Z 531 cbNOjg3kg3fCnfGxl2T2YUJYocksw8n2L8igbBVlbcithGbmjf5xrNBvLfpX
2021-02-04T06:37:34.655343610Z 532 N8FcDvLSIUj0aRILNFcG3UvNaURovVvrJCVoLUbj5PLNWLoHru34bzZuU3GE
2021-02-04T06:37:34.723899876Z 533 FR3P8FXVytrdu3OPEFDSETPJdLAAtrLopkYcVjylpCp74QEhJzagHTHYixSL
2021-02-04T06:37:34.792580546Z 534 DjXCKz0DFRgXG7xh5XuB6LMT2yz3rHwvLZYJwEr7AOw6iI48RWAJcpKHDu0N
2021-02-04T06:37:34.861148891Z 535 jRRLhis6Sxoz5oQTMBF877M1sDqvntks2lroMjqRiDbX7wOWdEJCajzwHt21
2021-02-04T06:37:34.930176860Z 536 tKOv7F4aFjXsKZY8wY8FhicCba6VrTWX8Y6AxMfMKqOtQTH6Tjwfm3Xz5Uzt
2021-02-04T06:37:34.999179184Z 537 Uf9TDBlCM9FpuV6hjc2T9pCjnImygzNxOXgJAQkAtm3sltJH7xxbUcVuGMlw
2021-02-04T06:37:35.067812201Z 538 sCcn9xn5VfhfNLeAD62uanA0m7C3HRULa8gFTJy6yntRZfbBR168y6UgldFo
2021-02-04T06:37:35.137191257Z 539 i2r12l73c6J99jlSqOyeHgKL6lmOOzkd283GPYsS4tO2kGme0b520xHgTnZ5
2021-02-04T06:37:35.205446072Z 540 9yGyjWtnfuCTnCFdyDKtPvpy1tisl1Hd8TNSehHpLUWGJGxLnbS31t9CwV6t
2021-02-04T06:37:35.273299478Z 541 Rg5TzMBEjTVV8m8W1XAdHHhhArpmoRdhGpvlYHtxbpuQknce6z4fBCV5Wl36
2021-02-04T06:37:35.341489397Z 542 sb0uktzpxkpPXAlGkB4aFmpxYRvsmlroLnsj1IxiwFVJ6XnIu5vMJlfPx8gF
2021-02-04T06:37:35.409958882Z 543 LQgv3HSKbq5Xg0nk8EjppY9BxAetec0ZL7vgXNBqhS89n7lBMAiZtaDtasK9
2021-02-04T06:37:35.478734104Z 544 UpkDFoCNwpgOsXF51zZ9UOAft2f176xUgzuJP9ty1ZGqkCYIimwkzLuIDSZD
2021-02-04T06:37:35.547451021Z 545 EgdPXQ5tG3CMOGdiGV0c4tOyWrT2sdpqq4H2Th8wn7RpFXvbebXBK4MgSL01
2021-02-04T06:37:35.616134584Z 546 wtZ03SbzSeg5yjAKsvnAIrFjanEM5rJ6OM8HCOKFbKaILTMh79KEupe3Yieu
2021-02-04T06:37:35.684496596Z 547 mjmJTCkefi5CkOPBlvz0Tt2I52siCJJQdb4ecDgDEt1IaMC91HTw4JFVgaAH
2021-02-04T06:37:35.752992433Z 548 68jIXQl7phdazq0YSqHgouhtUs82x8wKG4wCmprNcRYO7tu2657APf3Y7Gcq
2021-02-04T06:37:35.821874435Z 549 OuVJrA3W1kFmEthQeJHSdFXoJSnCjO1Obm4373TP4zff1p0PP3NNluZf5SX8
2021-02-04T06:37:35.890923350Z 550 Tw5mgasDY1OoGsoxjoKU9vj5VLjnsT1eIM0yYID47GbZCa5HezJMONjFXK7m
2021-02-04T06:37:35.959734563Z 551 nwdyGD2l8gqSwS2WD4nrru8JcEBWgalyWs5w3vO1n8BYazvgBvufUhovpJmM
2021-02-04T06:37:36.028493171Z 552 98vOx0TqlE6TrtwwX7PDbleGSxKPXWIbFEVkcIHuETrn2h6oL7FMkmHLzrDm
2021-02-04T06:37:36.096881116Z 553 g8Qf26tCSVBuLlezo9UkkexOnSopuGNr8LruDlw7itf7bn06Vwb33JX4BT97
2021-02-04T06:37:36.165174043Z 554 SRNF8OlL8v0EbmgxSKAoiC2IDnwB1KFwhArELQ7De9COxUpepIAknqoCcZS6
2021-02-04T06:37:36.233524601Z 555 FhjbWzYCuX7XvKzkYeE6EhJx1WG8hYUljOSgkbaroLvCnAQOKVLo8pr9QTWT
2021-02-04T06:37:36.302170194Z 556 rsAOX5rpJzlXirNSVZWLi0RNvTvvnFtvWuPLlFRG2vpNStULFjnokZuegM9B
2021-02-04T06:37:36.370499567Z 557 6rQTJnU3KUYpbdaXVeZIT9Q7SReTHaLGzaGnHFBZCpw7qtJnKgPeDxHB5nOx
2021-02-04T06:37:36.438318976Z 558 hEBE7qI5f2WXC91Krp6u7pQAJ8OYkKet9VqKqBBYB0PR3UJYghmJXjMKigay
2021-02-04T06:37:36.506592416Z 559 LwBrPiPXzm8gxY3sjP10R4eYIXfc5fwZsmHNLyft8hWQccFCCxyL05TUlU2A
2021-02-04T06:37:36.574507196Z 560 Zydp0PTqwRqRVXasBZDvncZ27rm5XE7HaKOlWyEEYF7C4pCHAKxfto2xew1v
2021-02-04T06:37:36.642896915Z 561 qxTo3wLM1RYHTFfG4bA4YBz5tfXHev4AuE7EATgfPbKBVJ7nFu3NXn3I3lyG
2021-02-04T06:37:36.711540951Z 562 CN7uTsBpq8IqnQkTy2VR28oqCZ2v1C0dkqRDBKCmIC0ElvDFlFv8nXeqURQS
2021-02-04T06:37:36.779107370Z 563 u9AdZ2QcRlKeoiuKvyugnMEb5DEShFFev4Z8KBNprzY24qV7KHzlvLme7m2f
2021-02-04T06:37:36.847005140Z 564 TxNNGODeAgAd9qbvUTSQRvhgsrP8HyBh0oyef8OJW31aE75FBrSDCG20WJ6l
2021-02-04T06:37:36.915167484Z 565 at3ITFxgrYb7BTeNXCH00n4pSD2kLnUK5YGmtwqFkqa8plSVGmyMBXUuCATD
2021-02-04T06:37:36.983130604Z 566 aCMl09KAlvtlJvN041beXflje0JsdWw034aYD839ZRGjSqC0YMvc9urtmKyt
2021-02-04T06:37:37.051449102Z 567 jaBMWTHb1pRx0RWxyzAqVUu7ObKaV4i5Vpnk6Rxr9jc2GnPXAnTzxbys5A9Z
2021-02-04T06:37:37.119121217Z 568 PdLTAUdbFvF0wMNCgegUPF9YtuTVQwM5GmOsFckibtpkgLCNkkZCzz3JF3NN
2021-02-04T06:37:37.187912714Z 569 87sX9fCYWajVjsUNj4ZJVHX5dBwLDULstltuBoXmZxWZ2JmvvsNfG9dMZXST
2021-02-04T06:37:37.256960332Z 570 nxq3t9epBa92cmhW6xzwSrEDi1vU4WYVSszU37FLyPT9kiIj8bX6G8HOrpb2
2021-02-04T06:37:37.325417686Z 571 2YhZkJrmJt1CrxLhEqrYgyX1DUbTRg3e1ikJE3F2KgXgWj1KTrGDPbtmHs7o
2021-02-04T06:37:37.393722211Z 572 89gbtXUnlAWU3a3mZkG3FZcc6ZaPlOknKZOBmWz8CxDkFPZXPxNb10qjSnXj
2021-02-04T06:37:37.462417227Z 573 JhUPS4MNlVssy60ZX86ePlS7BIn8vBz4nA5AzJsjxPdZ5WXuXjrm7ZY2bhGo
2021-02-04T06:37:37.531582414Z 574 DLimYP61uekSH2kof0lf75aKh87yUsn1ZRTDNwWGkiJqKD0i9UvJYb3wart6
2021-02-04T06:37:37.599951862Z 575 gkU1XhZBh9G719JvqS0u6FvUclxNmJV6t5MaBfF0WejGJH03Rec2WpHKorol
2021-02-04T06:37:37.668877223Z 576 ns5EBr3dACmMOS1nYgCuwbIKKKnGFi3fIrzzoIAy33utE9BFo7EPdPHftpjE
2021-02-04T06:37:37.737739869Z 577 p52Sgy9yEiSjA6C6W2mcBQJ5m91bRSfrYUFDyUGvUdGe4571VPHGey7B0F7n
2021-02-04T06:37:37.805371472Z 578 ObD4mo9vJJpGNdw3tFjM6qCzCbiz2lfbRtMVVcQv7Tqsv4PNEtnsiBrqiazz
2021-02-04T06:37:37.873536566Z 579 TvjBqev5PKs0AdjHTNRwXMVNGZa8nQ47PcLH11sHyMXFLOjGyyIfuGrfeUIg
2021-02-04T06:37:37.941854926Z 580 W0gMa3XB8LBH98GxCUZh3xXuyWHBByyuMv7WT89qJYpvaQXvsWFfqXZOghaY
2021-02-04T06:37:38.009183999Z 581 jxMmesxdGFmuZ32cDdOFGx8fThXJQhM1lleOYkuBOy6tVVSSizg1k8GwrVJY
2021-02-04T06:37:38.077989708Z 582 eUQIXHtIljA5tF8rXkkCLhaloe2GXLqoKzQRS9Mg2SClkziMHHTX0TB7YOuv
2021-02-04T06:37:38.146349386Z 583 3YsgXbdVHadPrWO1jN35wvCRZzj5hHU9XwfGUpMVFQO7B8JnGnvBIY8KKOxk
2021-02-04T06:37:38.214608729Z 584 j6HqbH6T5bXr9htQ6IQUSM2qnsxDBrk7YyAUo7rFWDlExnb4TQSDXiKrnosr
2021-02-04T06:37:38.282430003Z 585 BVimgaGzqzAh5p8E3re5SsGTfkG4VshGr6Wb3OhsOm9bXzSFAZeq1kaDXLT7
2021-02-04T06:37:38.350943557Z 586 DvThwK7qoroIB9LpBqdUc2uGPFXcfIxGs1RlEdWYkd8HQt4OR1cJLt5wk87u
2021-02-04T06:37:38.420304534Z 587 H9eDxmE13WbwppIjaXO8fjyUZBJ7YWSuLK8YggSGgQ0CgIwLZ3KU8Uv7rhZe
2021-02-04T06:37:38.489091319Z 588 mmYSeBsoCD0PCo3XVSLRtAY9jNxr2fTrMkLX9LAiYQ1pG90u4GTRBi7SLpRI
2021-02-04T06:37:38.557218853Z 589 GPuBZ4rMH1q0iBmr0GhWidcUPoprG9QJcGGawioay0WN2V5Y0IOq1e57iAuM
2021-02-04T06:37:38.625178406Z 590 NGsJfC4F5GJLrJPxD3YoqBdCNayE4ASJ2Os3gtFM1Evs8d7Z7Jxwkv5azrLr
2021-02-04T06:37:38.694518600Z 591 cuq1BEqaPPLSTus3p7rIydDW9n3mQat0NJSc8EM6I00QD1k7J9c1kR42a02O
2021-02-04T06:37:38.761802412Z 592 ayhBxeUDzTLzaKlYJcCc0gK3UZnAx9N4Vd6Kuq9uk82dWc23w8VyYfYtK7tH
2021-02-04T06:37:38.830005527Z 593 EFDpTawOBvUlY8wjDJKJDYEDPUaSfgl73DZJ32NLzMJY5gWMFkShTyBWFm0C
2021-02-04T06:37:38.898894477Z 594 wOWUeVCOW7z2sjYNsnCGRJh4els9ci5wUFkKuDD1PjGpZNrMamTfVtohxXDE
2021-02-04T06:37:38.967356629Z 595 2Ya4ahlwmM9uFUA9nXNTyafhVge9dpZAvdMbVAg2dNjvU9uSgwe9kJrQO1kY
2021-02-04T06:37:39.035560295Z 596 nWyxZxkfwEGOKa6estFgKLsKW6aCY5hAP2WeQMAEeXIyb0yrW6q8RtmmD0HU
2021-02-04T06:37:39.103451811Z 597 BE7vi1nYdegFbBEyT51gw2JonnXCuPx4vthawH2Kw757tH25Z84FKuv7tiBZ
2021-02-04T06:37:39.171763987Z 598 oH1RG6Wx1VkSjeKHpdcuV5z2PcIIr8h2iKhuhdi2rjNFJCdxFGU8gHOetKjM
2021-02-04T06:37:39.239269819Z 599 wkdukYJPCRJX5D6G8hlLLQxysKrOXmk8lBIglPYjbz2OsZTiOXwBAKf1yhsO
2021-02-04T06:37:39.307538026Z 600 Tjutwe5UHKT22CfwNEOofzewTO0bPJ5uuK1F2FlpEGaEO0DS9FlYOVf5wc0P
2021-02-04T06:37:39.375596920Z 601 Xc8whoD138KJDEHUAzoXRjBws4gStI4KiZAmDjHoUVcH0shijuzOQMihplYe
2021-02-04T06:37:39.443192407Z 602 eJCYXvJEZIhAJsVWbWmQFtqOU5Hip4DGu3DSCb4kw8Mueo5HjTOv2Lwaabp0
2021-02-04T06:37:39.511172157Z 603 GNlKbAKxOnVyyWz1WfnYYDCN9MDHrwd4xwadPXedpflcwa82vPVePMrEEeqP
2021-02-04T06:37:39.579281091Z 604 ToxOZjlq1ys7NOsZQI7H6giEQGPuDNX4N8TZ0SefD5SnwVjOesu97QcjDb82
2021-02-04T06:37:39.647950168Z 605 Jl7BFbsuLwiZN2CKjQP4U5lQCl9Phfkj2qsugp5Vjw0e9kpjXcmK88Drx4Te
2021-02-04T06:37:39.716878856Z 606 xd7A5V3B5cyMov5C9ddTSbxPSObwWyr4u5A79Xw5ECKxjxPX6iezOUdmIavH
2021-02-04T06:37:39.785949819Z 607 4nR6SmmpPkavqauACLg3p39EbLjY18imEACMPBIPujREfmavDMQcvOdyEvKJ
2021-02-04T06:37:39.854564077Z 608 IlKtNeQZUO5TDhEfJ37vUTpdzFUuJmwNMfFCITMt4WARpTG3q7v6KYc9uIVQ
2021-02-04T06:37:39.922506850Z 609 YgTSyHmFeUqufwKoDMXiAFrZIFVDN26zzPtxaK5EOorsg08IWbDPpgAAaBbT
2021-02-04T06:37:39.990301812Z 610 N7ccdrL0CV8zEaY1pql6NunhSMbNodiRqPK26amZ5LmBb5aJwBio8EvIf4LH
2021-02-04T06:37:40.058104749Z 611 2kq5db4KFMPr1iSrYQQAVYyBCquMoUpiVwgoMp8A4rgTdishjpfMfwQC52FU
2021-02-04T06:37:40.126274681Z 612 iZzwRDg5iyGcOekwPLBEr7qWOgL5i6wETzCClOdXUcXoWBAhqo1gPTSPNV7R
2021-02-04T06:37:40.194293945Z 613 wxRUoSw9ias4bznNFpH8ACjQGvnkJvTrHpZMHD9QRBxZlJxnAJ8xvHjQCbR1
2021-02-04T06:37:40.262290802Z 614 8cPwOs4QxC4yuoqRhGL0JYu3UnaXKC1rjNfOfMt1usdQk7w04SuVcjHXJMme
2021-02-04T06:37:40.330982550Z 615 P0UBItPCmz09UG0kEdA6OnjmKcKYKXM0ctDmQmSIStfTBldTIkfqS61U0ahl
2021-02-04T06:37:40.399301560Z 616 AgTTzWqv1X3VZqB9xCGdMf8uGdccTyMUqGuD2lZvY3gSC7hhHK9oegf6wY0y
2021-02-04T06:37:40.467289480Z 617 7rQHAVfHSNeqEANGi6aa5MW0OwFmJW2sGbdUEvcEPKB5HCGBTgLWpKqGmLzC
2021-02-04T06:37:40.535533427Z 618 8WgolfRzKBIWy29yJFE1gvpyYaGEd90btItd0uRJNfaumsRD9MKtFTDkOCq0
2021-02-04T06:37:40.603416348Z 619 xY7QiDXWMPq51MGR5DB1mngeV0A8F4dUF2nR1OrtEMJHCOeHUL3kXuosLLch
2021-02-04T06:37:40.672217479Z 620 qp8fSqHdAzKcWw3TnCcXmewNSkYcpKrGsSAF7xwpeQxF2XIlqiaGDi8r5CLp
2021-02-04T06:37:40.740153216Z 621 xZu4zvskO59VyNLhcXy8xukhANqzVx6hthW52OKZ9424J5kwWPyICmT2lO9l
2021-02-04T06:37:40.808944613Z 622 RtGa2cV37kWKUj1cS23PDd4nNqlcX6dZoIrpc0a1MF5ob30mimAZnKz2Q8Sz
2021-02-04T06:37:40.877381153Z 623 UpUdH8H8fObxJ8cgz20TLnz6NNslHCoMn2VFwcfypcTzBpTg9ag1USorPclO
2021-02-04T06:37:40.945597934Z 624 FHra3uZQXkQ8xCr44lAIwVuOM5qol56uzbGi2qCT4Hs7Pk566dcNS3OuerS0
2021-02-04T06:37:41.013019021Z 625 Cvt1R9wdHuQ500qPhngvKYhWWJ7eJzDxnaWTCyNeiOmeOftc9jjTMtDGdMyH
2021-02-04T06:37:41.081640068Z 626 xWWKnJXzgvDEOAwWRuzkFyZgtxcMVbem99ZrZblEr2LkSgRFPaN0WWyo21AV
2021-02-04T06:37:41.150101861Z 627 YisVzdR8ysGvkN1WPQk7gEo7H2pJxa8vEMY4cx1pIgMdG8YUfuQhSuTtFsGx
2021-02-04T06:37:41.218285727Z 628 BqPOiVhxysMquBOhgCuL6I6wCWuML4uiUAeHdVILlazrvbqhX4J2JO1CrXt7
2021-02-04T06:37:41.286167680Z 629 QTJkr9e7VOQ5FapolcaebBxU0gdvzu3Rz52uzAjVYqPwSgQ0B9pghij6k319
2021-02-04T06:37:41.354307979Z 630 wY0fHpAmemthBPZtfYMK3vJlSYyye4VUB4NTriyhSVKjhIfXM8ByDB8hLOTd
2021-02-04T06:37:41.422599120Z 631 cSFq5mVGSKLtKAvF1wJfUYaU7hcHHURgY1vqb7OZlk1ITfNu0fVgilFBAx9y
2021-02-04T06:37:41.490877069Z 632 povHh7Dmv80ZdIXkFBX5s7eAVCvsGBTPsu4WvYJbrmC1I2mIzZ6FILdJFDj2
2021-02-04T06:37:41.559142526Z 633 llCJJTw4S8D44wVuhO0nJHS0Izfm7cx4WbhTijOaMWNVMvySj63arDr6tAWI
2021-02-04T06:37:41.627689792Z 634 e3FK28lnllQDXP58lsdgaqHfpOMvgVOKd0MpLpkYiJXQhkj9qJmDpbZra1eA
2021-02-04T06:37:41.696354630Z 635 lE45uNvBZmsuY7aCPh3DHmuZjFoU7YxbWraVOR1u2lwLx3rcDtYkaC7JHhEA
2021-02-04T06:37:41.764040824Z 636 1RwViZcIxnyCyJkVzCCpiXpc3ByHToemzfu5eSygL3zlIfmgdNebXzUTdMp9
2021-02-04T06:37:41.832693374Z 637 DF5z92XiZ0SKPhiRDuFswFmApv6OKkqGCzOe7mjfiDZJ4kU7qiVIXieMALip
2021-02-04T06:37:41.905963630Z 638 RvkSZdIYwMzxiYV9TaF9hUhuM9RCPXksqMU3PHsfb6ZbobWk3l205nnP4OC4
2021-02-04T06:37:41.975023131Z 639 0TeRPJQ0SrzOfxFbzu20R9pliaGhyFLQrYfvHRxn7EIZjhDUmCuikhFDpMvE
2021-02-04T06:37:42.043984197Z 640 QrjBqQYEVsc5YmANZmae99jhIZKIC1n3wyEuAyAcl1T5cSatt42GUYTHW3s5
2021-02-04T06:37:42.113019828Z 641 4TdNy787WBwiLvxFD7s648w2uXNm65gnGQ4R0RpvN9ty9Xdljk2jGrFGDSrN
2021-02-04T06:37:42.181381463Z 642 QJ3StLSDJb58mkMSLzjL0QZQkirfuSmLeeRfCr8dXG5fjU6vbEcx3Ki1XdFz
2021-02-04T06:37:42.249100335Z 643 IqZYJOXQzSVFih8ihe137mRVkIeflzxTWcJO7cfrvuxcZQvWX8zdNCvZGdhb
2021-02-04T06:37:42.317731805Z 644 yN4rG1UrvWnMbawxSGaNKEN5qHcuXfBeaKqvQzdZnFQ8VIX7ZlqJyauouIII
2021-02-04T06:37:42.386267169Z 645 XxQezwDR5pSuvHOXtHy6nk5UJPw5XHf6omJWSlxPDHN6zFhUgGrr4vVVio04
2021-02-04T06:37:42.455113883Z 646 CjWAlcvbVP428cRVVEX90Eatwoyi21Vj3iJsmMLli9Rr7LgRjrjAjUJAZ85v
2021-02-04T06:37:42.523732102Z 647 9TAGNAXDqtsuC9YuP14Gecu1GGiq8ZJEysfyeijXk3AlKIsREYgWwgDVbNHC
2021-02-04T06:37:42.592211706Z 648 KH9fLxaBKXNMT42zf7K5ctCKrftB1Ewh3u9wXZS6LVY0hndFL7BLYZZCdI1P
2021-02-04T06:37:42.660830115Z 649 CDcclOULZtskaS4orKWEMvUK5gdU7j7zYC9ZtfHtTfXYKdLApiNEGtIXqjzN
2021-02-04T06:37:42.729587352Z 650 66zk2vrFGPGUGjkqLkJZKzHtkVJNpvKr9OJ7fCB2nExdK3r0zBUc0rpdaRx0
2021-02-04T06:37:42.798433115Z 651 XLcvtMfEXEGjOqJtitlXQ1KtRfO6MubKFeFjwHTY3iGJFZ4pZvjf63TUm7zu
2021-02-04T06:37:42.866600309Z 652 pIxEbgHszIWjTAspysZdnW37TTIVIzcEc8fsIprdV9IfX7VfzlqdOyJPdH2Z
2021-02-04T06:37:42.934964300Z 653 KZQKrltnVX6eZHUq5uSxKhyHzK4KwFQYcUZpOOqcZjwSqxOMLiiwrfxobq0i
2021-02-04T06:37:43.003930540Z 654 V0WPxCFBorCUKwmeCgPyWpWUSQ1KbvrKis0sYM70k1XEANxlZmTcQwnWW9qd
2021-02-04T06:37:43.073117020Z 655 PdOAVX4JFBPFGcjUUeCyip1Ebq87gtwrkeCbCXChr1I6t4oEVC5YHnZVehnr
2021-02-04T06:37:43.141110306Z 656 2Dn9BNs9ZW6kRSq3iz8i8J96Im2W0nxat0P3psZCUEzMXKdXDZQUoaBaQOnc
2021-02-04T06:37:43.209348138Z 657 Y2A95xvP5psYc3XeNFJN1yH0YgJMLjO4kbf11aCF0Wwl7BmaCwD5uMnS9G4F
2021-02-04T06:37:43.277216419Z 658 GsLjebgLhuGOJO4Y6zQXDWXBxwFlDJUrT41PegRwedfwyjC1xMop9hHRV3KC
2021-02-04T06:37:43.345485882Z 659 0ZJfPDkF7juNRj9cvgN3Pcgx7C1GkiXiAVnyrngngiZuoabZP2UCc1X15SNR
2021-02-04T06:37:43.412978818Z 660 r5drUVTNEaPGlW7cyq8T5ENMs1ivnrFLYCQaopSjW52z6hUXFML3qFtMLXn7
2021-02-04T06:37:43.482708010Z 661 CKhVdLdixvc99MPM8HSVWDklHZt5EAXCiEcbnznkJ5s2FNDWe8Mra7vAUXLi
2021-02-04T06:37:43.550786499Z 662 TDY0Ofgkdt17E9Zk1eyhus0u6O5K7Pu0LU380rIv4IDVMw1jBrFxbUn2FhBt
2021-02-04T06:37:43.619161344Z 663 X5XMYALjOVpeGGRLHt5hId6MegEYjNKaIqqT8v5jEf9Dc43h5fVJvBduZHb7
2021-02-04T06:37:43.687608339Z 664 mhxIRRfjtKXZ97CxgzUIf6GXZouRt9mJJgTVa2WbFnJzcy0Rqfhatf8GRiqC
2021-02-04T06:37:43.755637521Z 665 hPVFo77eupqATJ2wQTdlJIaWDqlsVoSfo5o6ClP5RZgn23BqcLvQJSNsOjr7
2021-02-04T06:37:43.824019827Z 666 ET9uiHZt2km3E11m1aZpMBP0bG93YGAOt37NirwgyftIFdSgTe8UucN5y5Ai
2021-02-04T06:37:43.892648955Z 667 iTETvrQgpIPzd1XxbLdqJEWkHuUMHKPMVTevyGh9OvrTAenjqd6Gk1jHaT00
2021-02-04T06:37:43.960774591Z 668 31yU5SuI0WURu9UtUhpHf1Ke9Ng8UKLEDEfGv6zKSoEdxUEqGP73UBICd9oy
2021-02-04T06:37:44.028997645Z 669 D4lkSLdOiUdxNj8gaelW2NBYutjs3YYkb5UH511blD2Bv3XHZ00WRNpM79O9
2021-02-04T06:37:44.097508778Z 670 6Zt3cQHgTlZHdbG6jWxrxRmfT14T11eHBnXXJ4PfRHDjWK8lRzdF1jDHxFQy
2021-02-04T06:37:44.165233574Z 671 4PvwAB9zOggpNmRFgdYLlXDPDtiLj54VhfbbRcDTwRcEzukBKMqkspP7reuI
2021-02-04T06:37:44.234848576Z 672 f1RHW82lIXZgqjrniybGLnrsCEESaDGerQNAaZCc915p8AocZzXX0CePcbuZ
2021-02-04T06:37:44.302072768Z 673 51QgpESL2kZPPqYJeid3vUI9m3Nzxt3dlxMvIfqYPkdFoJcslXfDwVdkLg2E
2021-02-04T06:37:44.370464676Z 674 ZnyxR4i0CwkKONJEW9sKb8RRtWIJS7OgFeTzNDFDONlbndhSQFeQrMo8tshv
2021-02-04T06:37:44.438113568Z 675 zxom9Ni5IxFZGhjxhDQs6EoDK3M2IIE2iP0sFcFUhRnKubTjET7W7lcDYkv3
2021-02-04T06:37:44.506127926Z 676 LncjVpREln6m8dWKSSXybYCeGEVKlgDUUShaSMQDdHGBaxHLY8wYipI7cLyH
2021-02-04T06:37:44.574468653Z 677 5EBxfLYfrHxbbrh8VidTPPeNQSUaIdoPYD269k5pPXYZWooMqRgzQsdfpRQR
2021-02-04T06:37:44.642404396Z 678 jg0eABJgxP5ZsVZegMW2q4i01br0uS1JEhHLm81ZBTUBpk3WhRU0v033fWaf
2021-02-04T06:37:44.710915082Z 679 c8KvrMUKKJRKi3lsKACkybaPHCJp6lhgn1AinNb92KU6VelM1dv0WXkkyuLa
2021-02-04T06:37:44.779002035Z 680 THYMi2Ld4KWkslGMPOh9tEyfrpLcfgzUzxW6oeRb7lIJlVQiQ1GtvO4eHMck
2021-02-04T06:37:44.847922362Z 681 nhQrdHsJUdQF8SHRX60LM1ztvYKv6Z0RqEMLOn1jfYZUATvPtMcJwOtvG8s9
2021-02-04T06:37:44.916768148Z 682 onmyALPtyYVLmrwjgUSHqyy3z67Vfpf1AYwasR0Cf1SKcE6iiLKL7joyMs0K
2021-02-04T06:37:44.985923827Z 683 ZkO2AhQE8P6NrW4Qjlptmfy9Du6ozUA9sODoCGEhbrIIwZBPqM04Q6PGfEnO
2021-02-04T06:37:45.054549887Z 684 x96IRtGzd7zpdWAteWSOozbBQhjNcbXjHmCR3S0kKuDDT8VdUImmHxEaBKyS
2021-02-04T06:37:45.122833954Z 685 4R6DvQRKJVV65PT6SmDsWOGDuVoyI8zF7xDagHcxFe3SpKFnzI5L2swNhBic
2021-02-04T06:37:45.191200201Z 686 eiu0mQzbzYxrqQ7lT720Kw9mgi91kW48QuIRzyByTC6CxZajnMcyDCdm4GPl
2021-02-04T06:37:45.259422936Z 687 49eU2asFIQrxlUSqvB7DM46YRX5Boc1ZjSYll3GaP4FVMk2O6jkhRSahQqNQ
2021-02-04T06:37:45.327457305Z 688 Iwjnij6FS4U3MMAzKoWnJK8TzN2zzh0Xg9lWCqtqvnfsNb21ywZvP85EKTZr
2021-02-04T06:37:45.395516722Z 689 jusZR0BjNw7Q6vo6EqWpyaHk6MIePpNbwG1Q487B7bEtugVSgGN9gWwUdaMb
2021-02-04T06:37:45.464036102Z 690 ZJmxAqRnTz0D0UBiiUYzetbldcLCt1dlrgfANOwW9Zuj45BKd9RwcfkXprDB
2021-02-04T06:37:45.532466052Z 691 pXfP0vSnDOOWdrFgPhsIzs1y6uSRkYLinjm4pGDFbCdEHdkbj9WPVV4frvve
2021-02-04T06:37:45.601029960Z 692 SNFIkiPIfdB7uf1SwBaZqDtxZEDskT1kaiBxMEPp50Ea8GxAp8bwIjVqO0O9
2021-02-04T06:37:45.670056474Z 693 GzK9MDO0y7Wl95IqjAna0zY4OJxjaPU3sepYrv6BBmPRub4tcapEXDYZ9ngY
2021-02-04T06:37:45.738253536Z 694 012J5uVLR638mhYCfVubglINRHsQxDQMWBDBbEE1jGZRV2tssChHl0Q3oNvu
2021-02-04T06:37:45.806193451Z 695 i0O1FAWI7y7gjKUB5QTs4ydm8badZOFp5mBYOdfeVQAEVEJhKxCll0zXgSmO
2021-02-04T06:37:45.874222146Z 696 8cKkJUJKmF5d6boCQ0HEdrGJnXoVOgYQdl4LholUQambWPC4KvQP9T9bKiGB
2021-02-04T06:37:45.942234369Z 697 GKejb1Pz1JO4zCbOHjAVDJqNtiULHELOKLLrmGtia8rXgFJEpwOQ8Wo7gI25
2021-02-04T06:37:46.010334604Z 698 EJDCUGNnUakbrg8DeDgZz0l4vgk6I9JWIWOMMJ2ndTrGLlefB9mX0RqvmiRj
2021-02-04T06:37:46.078985008Z 699 x6YkXhiuVXbHGPje5bOlwvKEVQqYNcJ38crlUDXXhXSfm5Jpp1vFciB0coaC
2021-02-04T06:37:46.147313225Z 700 nozeSSzGWnHJjHgk9Q4d8wqwHmmguhkIagoG39tbcIPSmQLowxjPcw2i649r
2021-02-04T06:37:46.215854933Z 701 83C4undVBXvXylIIHBOt4LDrvIbkS5QoAc6qblhj09S6CteCXPt0vhCgvkHA
2021-02-04T06:37:46.283796362Z 702 8SWwnaVeYjFXNiH9B6uvR1EivL7veShhPTDApqdy4LWtJjiyu7k3tx83BV4X
2021-02-04T06:37:46.352815603Z 703 lI33EHeckytdiKEFxAIvZ7sui7A5bOPUtjv2enxfEmuh4eErxt4l2kZnyxNJ
2021-02-04T06:37:46.421252816Z 704 V9qCywiJdVS7tWa6CYvGE5xsbBr13743y6cFRLIGO5Qu0yrLJTyHYmBo2AJh
2021-02-04T06:37:46.489522366Z 705 FfjRztxNx4SbekVkeW3oWLWkHCoYi3seLqzSDEa6VxowlNDQaTeA27ja8FLM
2021-02-04T06:37:46.557356197Z 706 pHU39UJvoUzpyusqXZr28L3RE2Zve0shcPqKM5wj0t4V1qsu3wEQyNKBDUEo
2021-02-04T06:37:46.625360474Z 707 6vpVsQLaPmnMU2tr5gXJ6KkcYQGBNBGJ1W8pZ68bqISQCkI7O5F8F00RwC0C
2021-02-04T06:37:46.693234266Z 708 szat7itN4DcN7zvmCcsxEb50BQt5TokylrvMWdpib1RztZcAGLG5kckQPmoL
2021-02-04T06:37:46.761467206Z 709 9j20POVwdYYES6uRwDDvAN0C8ErMHOCc4qfO6FqjLroyBxVIK8liNJ3988Xu
2021-02-04T06:37:46.831214624Z 710 MOp7jZiPuUZO2JrIsH4ihVJAX64wOrCHWe6VxO6pMM4BWTzwPBnWXgCWflTl
2021-02-04T06:37:46.898180609Z 711 tlNST41iAbLlIJoUZQFx2ou8UrjH9HG8SiYHQ3CSiAXEiQCnmIOFGGcs20DU
2021-02-04T06:37:46.966462684Z 712 9rdoQrpMWJlqyMVNqaj52PNrbYom2tlye17kyXgTZWA8nA1TQahQOJbWuWnM
2021-02-04T06:37:47.034301180Z 713 Of7PKUYM66O1jD7uJzVH76xl8YBLKFYn4KUEiSYI2RKwn5DjERc6X7bDIATd
2021-02-04T06:37:47.102317439Z 714 3iOdAK84MeaK9TkcczFYoB9XDEvqFjgmhDrXy4Xu8w0tUbq5b3vUa0iGsrPx
2021-02-04T06:37:47.170489151Z 715 9oJZKvRcTl1J8iEtNcOrFCHVtAmyNxcJcySCEmoc6QqbY9rInmiLeJqb6AEO
2021-02-04T06:37:47.239037504Z 716 X0fj9vSuX0fAcYZdHZ3EUGpoXHHyXelYi26YHCY9kfG6CzVp71DHByggsef4
2021-02-04T06:37:47.307942778Z 717 XIHnsf6nWjJMVK08TNKL2w9SbyNdOVZztmU1fvllMY753I90lZDQCIN7MCKr
2021-02-04T06:37:47.376212896Z 718 kqPeOTG540dMuc7nlnpIdwX6BogAq6zFx2cHsbWvdhe5ddvrPfjR4ASQI6TR
2021-02-04T06:37:47.444686245Z 719 3Gfhz5XJ1Dl6TjIPS1bZZRilqqfzdvcdeRI02xxaSCjnsjBIxL9X9IccMwpb
2021-02-04T06:37:47.513414249Z 720 evwxz1NPhRhcT5M3fhuvhYGkNwpFvB1IzfihPB6O95OaLxDtYpNkNrZzUc4n
2021-02-04T06:37:47.581946305Z 721 7QYHvGj1NpsWtJJJAUpUdOZVy1hHB1BmfGokb6lx4XFOtyfjUbeWXBgDBqcq
2021-02-04T06:37:47.649600847Z 722 mB29eVJIJEGbhvL3GG0CNYIrWJpY2zj4Qo6r3BpncnpVwgWnfVJ2TaS5GqXX
2021-02-04T06:37:47.718051044Z 723 5GQxcV49gv32BTtsK7wEfoxRCfMAFJAzZxHDCQRxr7J7eORG2I60lZzmD2Vl
2021-02-04T06:37:47.786346640Z 724 2Le2erbaMzkQqfsJ7D7h7HLax5GgyDhrseJtjplndA4HcGLLizt3zv5Trsus
2021-02-04T06:37:47.854860362Z 725 usXK49ugvGuvHwrfqT6CVzRx0fOF1TzEZfj6sp4IfqvZlpo1UuByB96zHw9k
2021-02-04T06:37:47.923817159Z 726 YNJSRJdennykcjBK8KvbsYx4BJ58rLm3lQoM5E408xuKWz25Ushf01u14oGi
2021-02-04T06:37:47.992004582Z 727 tpkwNyps7u3bkrFVJHoeD5a47urBJjf1i6gWnIWzOI2JpApRjPlFSTEn86CB
2021-02-04T06:37:48.060901764Z 728 0cfxSFD1grV0r0f2Q4jughLDdM0ST8fYIksLjM5xN2SVBPwwgoVWbO9IkQdd
2021-02-04T06:37:48.128171401Z 729 jdQkL8DeQEi2gFUbwRnqZZ58uorA6kxbrrcQnIcGgwp4ycV6HwMIgPcxkNli
2021-02-04T06:37:48.196747947Z 730 kxsnPt37sqmYPllfrD4Z6Fs4amD5lTSCEMLhLXW0jAV1mWQCkCdlNfA8hpBO
2021-02-04T06:37:48.265147045Z 731 FRvlPHp0XBKcBtMc52ves3ryTtqNc65otVU6ra69Km8tzmfK5ayEMLAylpfg
2021-02-04T06:37:48.333366343Z 732 2TxW6ukwaH2tDNvFQjVNEsRgYDyszIxmKf0Vc5P2r8JNiAxtyBTjhJJMYH0c
2021-02-04T06:37:48.401934553Z 733 Zp7ent6qgK1ocjHDgbyKsAXQZJtVItLzPqLgDUf6n41ybGu7oHdjNs4HdjQd
2021-02-04T06:37:48.469796864Z 734 AeCX6mzRxM56AtsCZzhnR3rjdrlXxaeEUh6lGVkF0ofGDFlXeOnBRAp8N6RA
2021-02-04T06:37:48.538293990Z 735 E6ntbbGfWkH76yvhFfPtpCYccqWgGLWJtsa4gNgX32rSwmxVbD2cfCIdrkaE
2021-02-04T06:37:48.606559133Z 736 z0z44nfSa3RnRzFYVJd3jBRxGTXqGEW1NZ3DZ4FJgXNUuRYu4a1RCJKgW55K
2021-02-04T06:37:48.674419072Z 737 rLCnN2E3GpJjUHpOjG8FgR7tdTPESujWJFdTc9HFr9FSpRZ09SvTdvbHNn6C
2021-02-04T06:37:48.742673344Z 738 Oo1vcqE01kJITLKP6PuOkU82Oudq9CnSaEM4of8PpuRHKxJ0u1baAPK4n5sz
2021-02-04T06:37:48.810439287Z 739 ndzEUrBZfuZlrTuYZ6XpzChIGp5buuwTnNOtijqjIOpbm2lvtkRVdWVDyP3d
2021-02-04T06:37:48.878153968Z 740 YPzSzzVE0agbnFVnE8H858OSyB8uc2PwuUVmrYaI9njveYaHaU262l0yDxq2
2021-02-04T06:37:48.946322960Z 741 X5kTSW6y0n5NMf32AZxhf6vr6ct14i4Y6swKTf1Tvqee30R07OAnT1HQQQmY
2021-02-04T06:37:49.014299002Z 742 iS400q4rkC0NMICRSyimmyssVvOkhn2KjE67KYdQLnsIKy7fDfq8OWLgJYfi
2021-02-04T06:37:49.082253305Z 743 JMTQCz2F9BRqG3AV9ifesgeZmPz7WEoToInqJzLU8BDcuPFCZm3N3LNGHmM5
2021-02-04T06:37:49.150574358Z 744 MERUumuVuYbD2Lh0Ni0VnWoRJLQngNpqnI5uZoBZo8zxtkprJKfd7c2eULVo
2021-02-04T06:37:49.218699227Z 745 dHCpzLy19wl8BV3etzCkKcpKYyx1WDHiLdFYITC1NunDSZ6ucwIcJCwOhSkM
2021-02-04T06:37:49.286607590Z 746 I6Mp6ghRVDhQ5RkMprTJnCjoPknAJnOdPI5mhxLeZBQqHRMwzz46UsNzuSyg
2021-02-04T06:37:49.354464117Z 747 AEyacTmO7iiYla8zKdnSwmXDoMI6vb4mrYsZz8ItiyO5kj8i4YtBp7MMEf6E
2021-02-04T06:37:49.423015734Z 748 D8GrP5u6RWi8SNL4iJOyb4klE0oPRCSC1oqZFEnsUrgAyB56v8Dq66Tllu8m
2021-02-04T06:37:49.491939894Z 749 ekhag5I69puL8B74TTwz8Z9wFBS2RVaNiHV5y5WBM1W3Q3A76MA5lkg0ndse
2021-02-04T06:37:49.560343035Z 750 co2UFqZqORORJisYHauESsMrSToQgvnGvDaxzsYZY3RD70qZf90jYrmF8EVQ
2021-02-04T06:37:49.628407138Z 751 fLRB4RCJ7JbBhnvVDVJOCgEGGfTaavBb57z0NyF8gFtIGYAmGzKw9SM3zd2n
2021-02-04T06:37:49.696325592Z 752 HMpFLLgZ4fL8X3W6xHDMNLi165FMAlvfiuZdvcRgnYhJmJ4KJqKybrwC60P8
2021-02-04T06:37:49.764445977Z 753 f451tTLqKruCMd6l8puJUgfyG3xa7y5EksPFUV7hNmT1E11hnUsA4jQYmSKX
2021-02-04T06:37:49.832916272Z 754 Uwal8wNTd11BecgETvnWfL2plDPPIQnAVJbd0bGQ8nDSefqR2R97Br1geDRq
2021-02-04T06:37:49.903976109Z 755 x67Q3S5lImY0Y6Wnz1RMBjJ72Npr2RHp7PLHVX05Km6I4U1j9g6AVeTCybr4
2021-02-04T06:37:49.972594647Z 756 qk3pvXhzUdykQNTeZIJrdKWcybLcpAD91NvO9HT87DSXsvzzPxerdlEoG1ZO
2021-02-04T06:37:50.040704038Z 757 w2feeYxWR8vt8wAeo1trH8zmTTQQUV88MNaTUxbZ0W9e9afmXQgAifl96ziD
2021-02-04T06:37:50.108595518Z 758 bXTxkQoTe6mRccjrfAwHnVyTNKuKZ8Ns4nYqrtx7zMxwxQCThW50AF6tfGHR
2021-02-04T06:37:50.176508960Z 759 QqoocTs3E2T6xedPLcFim3KXQwTb7mQvBcaVjYkTsCVlUjYMy6xMXDAh3itH
2021-02-04T06:37:50.244277295Z 760 5SRT9Pp5PHotQoaLX88oqneM4F0uoLuIns2Ei3DLm7EE8lIh3JycHXQhgXT4
2021-02-04T06:37:50.312471267Z 761 m5i3djethgDkXgFvvQOprFxeHYugQWIOTNW05CC8hrT5MDg2SNM9SmYzNYv9
2021-02-04T06:37:50.380322795Z 762 fQKo3zFDvE0axfnO3bVZyPXDKka5SNkUukWAp2enlDUUgr4X1vSrJjhcxxAT
2021-02-04T06:37:50.449169308Z 763 dzGLmlUzpKFWsc4wJq3xZPTNCgLwKgoLLvvGOKlKo7BkK2Xx6Qv6GbKKsjsM
2021-02-04T06:37:50.518103451Z 764 OMEzpIvNDuRBYWwiPQJYwSZhqL8tdukVjb4Owc7Xm6ll6XkJXMpmka1TU5sM
2021-02-04T06:37:50.586242899Z 765 AheppFx0eqO3spViH20nZUUZ410M2C0lFeg6Rh7ncG26H9THHjhCIX5TVnct
2021-02-04T06:37:50.655050217Z 766 aGt8AV70eraqH60KDyWmifLpzCb1le40cUiqoXcxPNq84ZPyU6W2AFQh3S2u
2021-02-04T06:37:50.723958378Z 767 uUXNi8j3UhchyLcxUbd1ZXrA4t5ILJNqO0WfDuL9Wx9DQ1eBXgpYFS4PCmHb
2021-02-04T06:37:50.792201964Z 768 6IBzZQcQ8uQ4hjODkomYdc2enbeSeD2XKdsn8TrzQLjwJ7aTgsZf8vMgwdNw
2021-02-04T06:37:50.860098122Z 769 7UYYcTuoGGvcEX9cphxt4IqnVewArNGWb2CIRh4JoeI1DtfMSuziTX1riJoA
2021-02-04T06:37:50.928616958Z 770 7JlFG4bs9jlxD1m9DZNpac6EDxA6orlDDDMFVMAy1qjCECGNTOSFLapEdDMy
2021-02-04T06:37:50.997054683Z 771 Un73nk9pZqg4G6Q42HSLinVY9rSCQCy1tR03kLO33x0U1gg32BGKPKZB6NiD
2021-02-04T06:37:51.065976290Z 772 FKXQoNf3jcj18KRnv5DOjlfcOtV60FLte2Ts1Gpo9XfeZvtw5eBESrdsse8a
2021-02-04T06:37:51.134501048Z 773 sOjWquk6uvRwB1VEP4BuO8AhET3Wn6zoffGA1VFsLpbJ9nw4a2GDiSTk8Hcq
2021-02-04T06:37:51.202979254Z 774 amXVDC1NDpdSuPQiIn5zNM6aSZ54rXwYXbCCeFAYRWJqZnOflg7IBXsiUSCJ
2021-02-04T06:37:51.271318222Z 775 vUIlQ84oJ7Bd9WChgGgFvFqIXSX96WFeR4VTgmKdlGlaV2ayQdVGqP0vtNEi
2021-02-04T06:37:51.340043389Z 776 sInokUwGAiSXZ58D4zUf0uRyFdXgVkOJtj1469fmXL3Y1pu2BXuKsNhzY7lQ
2021-02-04T06:37:51.408322295Z 777 U4IwXPq1ZVDrw45EHUlz8XFaNrOLS2ClRZkaGIzI6amjsYzJ3dwBZr7Fwahg
2021-02-04T06:37:51.476415250Z 778 dV1yEYrYSbUwS0ICYdMjwJpKSmBCSPZHNj6xtSUUHngu9FKLf6nVGBctHR4Q
2021-02-04T06:37:51.544245098Z 779 IHdMKYcOHqVjRKJeQpOHn9FQCLcWPwUEYQcqlO4AAyLtPjbCmJtkbJlsEin6
2021-02-04T06:37:51.612471870Z 780 hAEYpbpqU8btoFQoPm3v0bfZCtUJQKMqW7RgNTjN8pLZVwhXoGCd2Ms2HcPS
2021-02-04T06:37:51.680161738Z 781 0xeYq27FLdnL6MlcHPN6qzorWIqgL4kf5zFib438i3Tk5fe3Qx4ki0O4shCX
2021-02-04T06:37:51.748332807Z 782 1d1ChVdu6gOeQyArzbBgwzmjtGVcZyBPEyIJHJodBy6MLL6LCZBvon5GokXg
2021-02-04T06:37:51.816879052Z 783 rv2RI3OBsbMplUoSDRCgMTJk6fnxdjFkUEFEOwXWN0ty914DDQ7pBEfhikJP
2021-02-04T06:37:51.885260420Z 784 qs3gVxvjZCS3FjNW7cnI0vTZVDvmaj1EkxeBzzz5He1p3iuiXrF1kY1S4nVt
2021-02-04T06:37:51.953510720Z 785 q378bzRWGAHfpOZTvaOI4OBnOyRPMyvHzrhMYkiHDV0Jbd2B86Yzu60BxTQI
2021-02-04T06:37:52.022075052Z 786 oO3AboHkoSLMTxeE1GqRNazqqR39kLkn8GDseFNizWqEXYq0Eq6gTyu8qETw
2021-02-04T06:37:52.090216716Z 787 GflZavlaAB80SjwDGUUWUmTslRphvkQZ7gV557VWJS5kGzEj7L6Dsi1pBYei
2021-02-04T06:37:52.158463706Z 788 b2BsmZN5UuhCFFSsPjWO33Toypx1YodK4LTfnCqGhSI149X7pSkvagGRBkBc
2021-02-04T06:37:52.226289598Z 789 syBHsYZu3Li8Pf5OxdlbV3EdGXEytpn68qRg2tkPG4zjUCa1IYtKzLLQ2pCz
2021-02-04T06:37:52.295010778Z 790 VHw9hknr6enEb6XNdiP2wOQYnxMGffzSpYbxdm7EL5e98GWQMSpysYNbAR1u
2021-02-04T06:37:52.364152598Z 791 bcG0YC5roc8lK1qoszxstYGqW1i4axWHB78cLiG3nsQlc7ySb3l6U7HjnQKy
2021-02-04T06:37:52.433009252Z 792 jdZQLXjGAgUt63zKOHxCpjBQ1eAFOBtCi8mGAEa2SLXsB7IM27f1L6vFtkCL
2021-02-04T06:37:52.502256497Z 793 Kt1WfF9s6kNCe0DQVv4rjyeDUugWR6400NvLsDqgdxsIeLzEk66jHWv5atFr
2021-02-04T06:37:52.570657809Z 794 mSdpEajiWyxFPpyB8bCcu54ien3wmJdRvw6YMrBgRy8jeMjF4iqrRTTngO59
2021-02-04T06:37:52.638382836Z 795 E40wJ31UrjA2PeH0HzKgZoKw9MCyBtnToFLwOJNTYLyhamYmsbQysuv09l1Y
2021-02-04T06:37:52.706975571Z 796 Fmy6uB8134FKrz0Z4rpofY2qUn1CneOj3tvV3Cc4ToMNI6dz8j1BcGzFPAA1
2021-02-04T06:37:52.775465824Z 797 DOwvRgWoum4V5Z3aqhDqyvt2FmSWuHJKywnJfuIuTqNp2SYKIUcrrkftp7K0
2021-02-04T06:37:52.843316252Z 798 xJJTzKgRjkMpHfXhQtUUBDUMeW5EyjO5pXZXc10Jv3vGd7mkGM3XcSAjS5wz
2021-02-04T06:37:52.911496730Z 799 7ZdFPicUZZDzkuoMCx7eGZFbSYolY39E3CEOCrXPWLpbGkOraxKjE3HJjJwG
2021-02-04T06:37:52.979863175Z 800 Rej3OiGQneeggYsKKvbElq6e80Xsv3SmMmHShYDiU2E7EwUYwx2lIwszR2Hg
2021-02-04T06:37:53.047978501Z 801 EyH4ZmIHHGAyliaxZaLKlVSkmOvFcMA603NmD9ZRKdGtHBU29Nc3IzYLPNdi
2021-02-04T06:37:53.116888006Z 802 8GfGugOAxjmlhhdOna7vcDtMEluYcRCCVX91ftUwYIDhE2VTmMiXx7CcwZSg
2021-02-04T06:37:53.185331540Z 803 1B7LZCM9VF4ZtWNWF6dhbkrIM32DqfJxYFlQoa9TVFm8OYDw3rJUMIDDv0cx
2021-02-04T06:37:53.253585696Z 804 8WNwpuqsAhmfK6T1AA2TGePNzv32FRohkZ4vUNaaj9Wo22rING2fh2HWufSc
2021-02-04T06:37:53.321865514Z 805 RHXVIvBe2AusFVKfmf7or8Li4OryMLOCqZE5SXwcUnbjJKbg0jr1dOw9rCK6
2021-02-04T06:37:53.390049625Z 806 VQf4HIjJxsVqp8reBK7Bb6zaJfHQZ0KQcrM7HWDZF16qcAceO6YskD2lBa2w
2021-02-04T06:37:53.459144226Z 807 2oLidF0NwqlVeRLYY1023I0jppImZFCenIOhnJo5fPZvsEZlGTw8sXQOWmic
2021-02-04T06:37:53.528146387Z 808 gLsqwJBDVHKdAdIilsqOE2dkKnRKsiCBQvBht3StSMPl89Q9ZwVFp0DFQoEQ
2021-02-04T06:37:53.596756328Z 809 DF4ZkrNCXVtuo1lBxCt0v4gWInqjx4wEJAMr0ZJuHJyyFyrbu2cRKyi9ny64
2021-02-04T06:37:53.664923826Z 810 OYK1b2lqArVeLjsQErV0KSMxq6zEFpv7rEnNUsxrWsocfkkH7EXcOoK070bQ
2021-02-04T06:37:53.733335561Z 811 FGvC2FXBx6Ho5NQWs2qkqS70RMjVjXk7HosXNV64k2CfiR4qaW0WNVqVr6EQ
2021-02-04T06:37:53.801933390Z 812 NCz6rHTREfoWXoAP4bSQ8sf25lDF5j2DNRFe6Vf9xXtkmWWZTfHiZaEQHZPx
2021-02-04T06:37:53.870347323Z 813 ZCbdAI46ptDdAzwIFCKAAEU9OQkSOMecmZyxTVQLqnmLadP08E05VP0Nf4he
2021-02-04T06:37:53.938609054Z 814 9hf9HXJ6mBZRMnngjDvqiPeseCgFFJLsFYmtQwXYZlUSqoZK3nXROfHPJnA6
2021-02-04T06:37:54.007927670Z 815 NzguqkxfMCFTOCWKWTASINy6jdk5npHeZ1Q3h4obyBPfxe9ZPMFUYgmlmXjY
2021-02-04T06:37:54.076966876Z 816 NF7T5qYoPZwBGTS4FSuoZj8WNcfN0eu4JhqTGBbZEf5Gyxja3VxKIfwSAhNS
2021-02-04T06:37:54.145793361Z 817 YdL45GWHIsMfb56Lz2pXhoAq2RQtSWeig7tgY4tmEd0Jg4dLDUy6YNO2BQrQ
2021-02-04T06:37:54.213400004Z 818 eaCEu3lIhW4QOkECyhe5HgfJWo1uwIuCDBKmwXZcpdpXLtIbZNQp2g0lxEsi
2021-02-04T06:37:54.281413904Z 819 gQhxTSvjGuYGKZSSMt9uM1qF2PE8ye7DPSHmko2mKHgLyoBIWdxRZo9q6YIh
2021-02-04T06:37:54.349514659Z 820 x64Kv6pIdy3Vr2b5ermo1WbK5sIVOC3d3JgTZn02UKfCbfyhFyy15CkByTVH
2021-02-04T06:37:54.417732920Z 821 9liqW2SCrbop64vTuZAoQHdlAc64IWXms0wo8Er7S1NckgyO2AABGnJTbLFE
2021-02-04T06:37:54.485553343Z 822 wzj8Eh9vZC7lqTywhEXC8xiOMJxrOztqL8mx28ZenFuPaGQjHIwu8p01DrOg
2021-02-04T06:37:54.553273842Z 823 rPrzzIZqauhd41E5i6BB7kybZ3XqGhAuuZIAmQQdVw8rmn9XjztlcOr3n18D
2021-02-04T06:37:54.621269393Z 824 tVDMPMQ0hUPrXH9r0pIhgJjjYFFQ0zZbjC7mvbzVc2bi4fdWi01FlBHcb0or
2021-02-04T06:37:54.689316743Z 825 tT65qKZFz78X0Jqd16MDe5r6UsUPWEWm5PwtiXXO6Yc6NTyi52BpXOQvBgvw
2021-02-04T06:37:54.757983019Z 826 QIT9R3Gvi5HTYAzwOVJm1LSoiRE84Xqb5XDyIp76ZiWIHr17oYnfSoUkHRAw
2021-02-04T06:37:54.825525459Z 827 NoNFTpmiVKzSeEHs8XmuTxC18lvvjbOQGW38KO6pb8v3L77eyR8E4WbShe9b
2021-02-04T06:37:54.893692158Z 828 m6fOjja3kFLE9HEKvm8Egzb8sraxjR3YnrGfNtyCPm7q7D5Q8cgLtXQpyLTB
2021-02-04T06:37:54.962197174Z 829 FIM3gMkQtzKJyPHIH9WNcjSYW9XE2wqy7SmYWApFUXseAmkAeYpes40pwMn9
2021-02-04T06:37:55.030220144Z 830 mzOeEixr2awxy43pWAB9CsJVa1nbnd9kfV6cZLcj54fEOccxl8DHGcPldUYh
2021-02-04T06:37:55.098509411Z 831 aihTbDMpIn8FXFlCXPUIADJZ7HKr8xdguDxO8bi2imM5AHIlXd0F8YYtpnxv
2021-02-04T06:37:55.166102920Z 832 TW83mtxW2S8iTgRCrVozPVrsWHCSxEiZmliv2vvHtjWEhjV4xpiYffFmpiVH
2021-02-04T06:37:55.234575505Z 833 OLUUdafuYhmEYlIKaMHNP3vELcCvGwqBDUdqrUhYJf3YTZ2jDTKi4frxmPdO
2021-02-04T06:37:55.302954062Z 834 nKYdXqfR5RkoQoiVymtU2cRMu79nTds3egEhicaLC6nHIF0DCguVhE40LrGr
2021-02-04T06:37:55.371505208Z 835 BtaTFlnkYvpGK7PcVilGqS4PgZfYC3PJShZnOscUz2XhG7AxSiRBFMpe34Mt
2021-02-04T06:37:55.439295242Z 836 JDI6s0oGIfgac0MvU7KOTaQUAL5adsDxGDGGd3o6NXbUm5mrXrMvmpDA6qxq
2021-02-04T06:37:55.507238525Z 837 1mChFV4DYkSIY85BewJLj1UKAncoeDEULIuRF9iERSQnpXNp6EoEdXHDUQwM
2021-02-04T06:37:55.574965723Z 838 QryGBD1Gyd5SBqGSjbgKRyHuXWjxCSVUAIJpeIp6deqaTWtY44K5klepQcar
2021-02-04T06:37:55.643458781Z 839 hscLbINKxI04P3SOwPrrV4Tv1Kw50hu0ulEUdrDKpEF3SaNmMfVEKUP53xOy
2021-02-04T06:37:55.711458322Z 840 2aQIJedjePsIzYTLvRFVmtH3SYREGKCYmDA7r70NxegLzz8ukf7nBChtS1V3
2021-02-04T06:37:55.779066243Z 841 bgGRPIovhZeEILjAkDQi0H3UyvTPwfjKgUxURmH2FUDaSGzeMc7BMTeCQPOa
2021-02-04T06:37:55.847963790Z 842 EExQCbbG7IoU65U32zfWCaZB2DqzpqWiOeXCUxIcmunoODg7KIwoofyyrdKy
2021-02-04T06:37:55.916525072Z 843 14VYmerNvqh8XlxdaY8T4Z7GjT2zwfX93y0CoajOTYE5HwmmLfG80uQqAQ7v
2021-02-04T06:37:55.984881088Z 844 Mc17LWyUTwqVrfb8VVvpjwSBkfEV3l5ItI47Y8RWt9cbCCqJHxQXvqDjlZ3B
2021-02-04T06:37:56.053861884Z 845 Q9TBMFGf0MvgCkWdgPzWmjfOmi5xEhs7Se1EhYMuDDbU3dPkOTA2xNaySLjm
2021-02-04T06:37:56.122155742Z 846 rvD2wgdBmzn3STWLi6nojxkPxh0sIMvL0gaHFQCHqYyhrXZZWHMwXqOMVVLe
2021-02-04T06:37:56.191166524Z 847 3imKQXxz9QkpVDVOBUD93cu8TimUososFR7kISLcAcHqygxczvWmSMFTtcYv
2021-02-04T06:37:56.258939931Z 848 cqWHLeEdgwHkU1y6UqA157LLQbsRjHVM07KbB2Wmw57Qan8sRAAhelQPBfpL
2021-02-04T06:37:56.327640076Z 849 97I0l8MstgwzwEhQMmlYwTmWpBKjlXLePGXC5mcchc9yNcemuu5GHB0kWyVA
2021-02-04T06:37:56.395099360Z 850 jvyHIcVUIYVTx1rkBj5Mg6MyI6bO9gvlyCLCWwEIybN2rE1GH8yXonZyMGvf
2021-02-04T06:37:56.463587913Z 851 EESJkya7V6J2pGQ2G4u51CWhkHEm3pFQ0S3BSGILHy5BfkiblpYw7ZZbZEoq
2021-02-04T06:37:56.532176047Z 852 zw3QwnZBEEhnfP2ZPiwtNwzkZ1GGAc9mXceHedYey97rzvq5sJG9nmJAxIxz
2021-02-04T06:37:56.600544862Z 853 V6a4vJHLkovumByFh2Ug3YYYw0Ww1hlrLmYSiA4CF6YhGhozOSWYzIC3Guxa
2021-02-04T06:37:56.668895102Z 854 H2mqlZOcY2ciMCOAFSlsNdVExJSdfmUzC7nZOx10UQJclknfcePZdDoi29jM
2021-02-04T06:37:56.738111795Z 855 i7lIWK1sC2G8Tmfl76YcLgOXH5p1ccQaQ17AULPykf2aNN1OG1bg16QHAcz5
2021-02-04T06:37:56.806695722Z 856 PJexfkLUuWg01EtqwtaiT6qw8OaKc5ioNNLGNqPULTZnCTXaQm22yCmbPBhv
2021-02-04T06:37:56.874918054Z 857 go3Nuh8Y1yJAvJvbGwBmRIt0Gf8N2TWhqUhUdkw45p349DEj2o07hylrgRDM
2021-02-04T06:37:56.942816226Z 858 EFR6h0Xid3Fm7aOxIdffdB2uJjfcwE1by02PgElmPYbD9jBoSuOzj8kUbgkD
2021-02-04T06:37:57.011122036Z 859 0GgrMHG1cPSq76NoSZIwirtp3awBICs6oWKmfGpX4G4xRtlRuS7r3BJLYuZ5
2021-02-04T06:37:57.079742937Z 860 FP6o1PGM1CVKnASBMsZdWBFX6SKSLo7KAgLjobFN7lFn5VBvPUsKDwDCD5oJ
2021-02-04T06:37:57.147925215Z 861 05k9syD6KD5EeB086SRmd4n7QuE5gsHCDZOl2p5gZFclw3ZFaMbb3ZrhG64z
2021-02-04T06:37:57.216855778Z 862 kYQNGrcUrJ2U8Q50nKAekTmE4vsg3mE8SstKSTwQm1bUlOMELCH2DvF9wO6e
2021-02-04T06:37:57.286062427Z 863 qXjNkk0zogd1S7PZwHD54tAymUe7877dbl0kGCHiqRnshLa9T1GWzhZVyrt8
2021-02-04T06:37:57.354331287Z 864 DMowb5daGsdy18SbDrM5Osb6riB1iCsrlS0bWnYPSRKi56SvPvEyC2o5rPeK
2021-02-04T06:37:57.422343264Z 865 aVevSy67ovakJTBdvVN4PWFo493sUjOzuKmDXtQtJSYCkZ1unKWkUP971dCr
2021-02-04T06:37:57.491209577Z 866 QpIwLXTs8Jtp6UXDLrRyUsV2i9xbMMX1O67EbGd5H7yGkesqP0jjunpFh0Ag
2021-02-04T06:37:57.559155542Z 867 4KiWpsBclMFIAIfpjfMTxldGSQi27Y4ZsgyqgllYaQuwfO8kpxSZVDirJ4pc
2021-02-04T06:37:57.627240138Z 868 0aj2azRGg4G0vU44FacgiKU60qlZGxev3RSSm0u0XMj3IPBb3XyBlUIXa17t
2021-02-04T06:37:57.695286367Z 869 bwQ9w2gCHn0wpwLcqsxo7cefg46ed87EJWAhdiI1qGknpAu41XROMUjz44nP
2021-02-04T06:37:57.763529337Z 870 PmJ4vBZLtyUjxQ3FwIyWV8JF5TVpdmhcPBu4jEsnCnrMqBQ93cSaJCJDV2Ai
2021-02-04T06:37:57.831059352Z 871 Ey4olBHgu4ZxXDZ3rrcsMWrWMSkGvaeJizdgDJfzmN9M63KaEynLElNLMzLR
2021-02-04T06:37:57.899541107Z 872 HhpHr3qEXMKDPtZ8wMTVRaTdr6xclJlgm4LDJNDNuceRMsR8Lh3FUDs4OpRW
2021-02-04T06:37:57.967843254Z 873 9vEERyg4jnp2UvUghvnu39cHa2fQaN26KCSVxltJ5JmLj75pRBtOmAAsY97T
2021-02-04T06:37:58.037124454Z 874 McCELoCxnkkfuXsTmltYAKVMdgwY5ghudW0yIJJYRUoLOw1n226KGqZJ6sDc
2021-02-04T06:37:58.105736037Z 875 PGD4mZ7gsiSRRrpPrd1a3ysHwVwcOCgANRWRGGqg74IFA5B0x0ISiVUFfNFz
2021-02-04T06:37:58.173998234Z 876 kec9ST4hnzb5sFd1bCzu9vyumEnCkkk5HwAshggRUM56bDtGBxAFPZ6XBHU4
2021-02-04T06:37:58.242459365Z 877 jyIrzYA2Ux3tR8Iv1vVmHWbrlOThuNVXWosVZDR78kXCoXaAAiFOG61mnFmg
2021-02-04T06:37:58.310725086Z 878 D4EyjmEPZSVwAmZv3l5nDlkZIY8lT2RCFzIdPhaHtGqhHktQrN5zoKAkCZWF
2021-02-04T06:37:58.378734164Z 879 nfwe0PSHfU5qFOu2JRMKjVMDHK1C1btl3NUDEYPnTKz59SjfXJcYJOxwNsOE
2021-02-04T06:37:58.446538412Z 880 OMHVBe6jSuItHnkAnAyeMm0ym3gCP2K0g0ydLsda17808V5HD9zysQ0dtUGL
2021-02-04T06:37:58.514319774Z 881 CdhibD7yqPRadQf6KrRDZxEB3NVP6tfh083RHariDO8ywPG8vdAhCMQdi2Hg
2021-02-04T06:37:58.582453749Z 882 iUg12md4B9ev0HJUSn9bGhFZpynwZwphYQbynXLVMQRzrGOxoYEkkIfX41k9
2021-02-04T06:37:58.650422588Z 883 u8MmXydfa9EEianss4810T9Yk3hNd5xqq2xXUS4VT1oqSzUxvdiC3IeXgggE
2021-02-04T06:37:58.718546530Z 884 FFvwdcuCYRu7XQFNckN3BvboJgVsf8NThuC194uNmJENTG1HrimC5YFVjBKo
2021-02-04T06:37:58.787139395Z 885 82UXmDVqlWv22koYo0XTm3sMjtrOmW6rWjOVwVoIXow3oZ32EuEESg98aLQP
2021-02-04T06:37:58.855936470Z 886 oWXZIQ2AJuTvyxGHGGuq98Y1z39dWt7vDLRHLy9SzEOs6ggtasBp1pbHwFCL
2021-02-04T06:37:58.924275351Z 887 ibv26fDuFMTaHBH9e03kZMpsLZxcFIOxlUdlNcpeMUUVEPtPu2qtceSisufA
2021-02-04T06:37:58.992224860Z 888 13Mne2G5egc2Jse0tM7EwhRCL8xNpbbt36CSEBfFn1uYrnGTNxcjV5rNXaMH
2021-02-04T06:37:59.059991843Z 889 Q9KwwgKz0EVW6caSkwYueREMhM7sCOuGZVnbnRClaZLQkjlwbb8jsUort4Zd
2021-02-04T06:37:59.128560791Z 890 Ip8MUc3HHmxx6r1b3L91c0ykW3jJhpZGsIwjWjxJALdrYkGLJlKCVmgUW8W6
2021-02-04T06:37:59.196151346Z 891 QcHydaiBukmSy6vD71FrIXnrZXTK7VvEzbZnUG3XwjX7hl2F1y0NdzyVm3WI
2021-02-04T06:37:59.264201105Z 892 14Sf2W1n7AYySpxgT4EoInZajXYw1lQh1Ef6hjRyrmu3XOkTONHEjbgk9gb7
2021-02-04T06:37:59.332580987Z 893 KDJej4GYVL11LZPzsPWWNgBFjVmJtz3iAKHe2TvxIpSqSjiQrq98AZMCuSmg
2021-02-04T06:37:59.400114912Z 894 N0V0bjmHBkiGtBZ6dSxGgeSIsMHUQ35ZJL3ScNkDY7TUpOOZqmW9FwENb1WD
2021-02-04T06:37:59.468283574Z 895 A4l8erI3MoALimzmITaDsx87VG9c0YuvxCYExnOln6ShZQ4Dg7fztTvEBqli
2021-02-04T06:37:59.536479898Z 896 jAHal0CL2BKiPysbSjtBk2GIMlKImDbiJaP8nRCCtsmm4w0sXXKKK2OlKFp1
2021-02-04T06:37:59.604368412Z 897 zrm1Kd5YAIBRNr0flLlye3yfbMrulULwRHr3iUwiNJpb4ItRXbTucJN58HOJ
2021-02-04T06:37:59.672564961Z 898 NTuIhkGSIWHgZFVyU1HhIWFjNfsA59FLuOByPR7cZ8siWnAPEN3fkwWSyd1Z
2021-02-04T06:37:59.740544684Z 899 YfpuMosWcIhjxk9tRBfBhhd1xyRo96IUD71qbRJAUmVTvypQ9sY9ey5AKYCq
2021-02-04T06:37:59.808777500Z 900 sbnYXZ2tH3azoANv1wx0uzZMCuPoAsB5GChMRO0nfSpZ1wqPP1LWR5yg91XX
2021-02-04T06:37:59.876722372Z 901 dnGSprZNDqi9KRi99jO8bJBtGLmTl14GHejfwkCIA73BlddP6a2QdgSUio5W
2021-02-04T06:37:59.944505977Z 902 j0eHUzLgFwC9uM0fin9TEq1ALbu7SJ9GF4lteuE5lN3LZ813Nq1ZBaaFyn5D
2021-02-04T06:38:00.013092971Z 903 qxGxMIgiYGoeNatB6OMj7PYXn2LUzODCNKGH2UyHD7mNxetoUi9OdEa6ngc6
2021-02-04T06:38:00.083900234Z 904 AgfEYjGOrEmvPoePDZxI2TjwXbnR7MdZvu4Z5x6r7mTDQZFSqEwBtMMZfdJ6
2021-02-04T06:38:00.151437287Z 905 ja7AbwPkM6dZyHO0JUNVitaCim1TnvjqeQzfsoVLh4aXQAYerxb3eUl97Z8e
2021-02-04T06:38:00.219069905Z 906 JzoSpNGhWDgFFgdybQbjQV10wsnMIOiU2G0XeWNdxQqowwQm5xC9DcdWIjae
2021-02-04T06:38:00.286994871Z 907 pLeSPOqk20NliJRpPeETR1te48Ezww4wUQk9LJZ8StdarMAg25MIfGIH0FGO
2021-02-04T06:38:00.355539197Z 908 tCXKbisQ7BYR7hJsf9Ir89gMOI1gAQsKbOn21a0agPrjbzdDjAgoG5GqXDSE
2021-02-04T06:38:00.423812523Z 909 1wDGB2Gw1wEdXEzRCytcvaEW9Qr4r1HCqRZDTvmTi21AZeZZekpl7Ys56YLv
2021-02-04T06:38:00.491850436Z 910 nVj0QpZwENCGpMGUgU8bZVxSxAe0Wex9Afsn9cBmYcaG75fYgSpKyr2b7TCl
2021-02-04T06:38:00.560352593Z 911 Mf34jeJCD2DT5CSQ3zgwtpaq59xQ3PRmuyZGSQW7IPdENvjLe81M5ENtqmIM
2021-02-04T06:38:00.628562138Z 912 2896To03mTcbOoxXD6ykIo1TydagpQHcOqfXI0aFiYRV9jPAcl3O5vikhxEz
2021-02-04T06:38:00.696184879Z 913 WnC18eTt1U6BwYmJyK8pEhhKt1u7v287U76soGm2lPwJC0wtCMbIpp0VrSCP
2021-02-04T06:38:00.765253515Z 914 IUZVfRikVM5uB77ez7xW7u5iVihRLREtGE2WHZ5mZHd8yUwn0ohAcZP06B3g
2021-02-04T06:38:00.834072838Z 915 IgXggjJQwX8i5H4g9d2NVirbeSG2U1YmjtgCQNx4fAy3jpek1FDMMqMSleUn
2021-02-04T06:38:00.902738697Z 916 hwPdkP1jdmJjHpv6rdlqsgc3OPE5AFbXEHctZAjlzsxJf9YyBpwApPxKjmSQ
2021-02-04T06:38:00.970166417Z 917 rlgRgBwEsPBXC8rDdmXJ3645VQnKsRk0YwFcUc0AymUBceoEYOi23c7OofZ7
2021-02-04T06:38:01.039033541Z 918 bucLro9igLzgGBtbrRs1kkWJhOa8qf5LEnXOxJhTBFD8EbObPQxKkwIwX3NZ
2021-02-04T06:38:01.108138837Z 919 IiRBh8caSXri7FKeaLC98I2lEwO4imYpzZD5pgvOOHuA2TDunNuCjyLi3z9a
2021-02-04T06:38:01.176651246Z 920 eqrHPOMwVFs7fqBvP1F8Fvgg38xAemvq3150uFF6Q9skcxCghxlaxWDunTGX
2021-02-04T06:38:01.245131488Z 921 yyvyAyQ0aToNOt9Jnzjh8Afp4CmeljTfeNXgH01xSBqQiQ9pMuRqddhWMWFH
2021-02-04T06:38:01.313362035Z 922 ZKaoMh3CqEQ8Zt5mLxPGcbXeibRrDb5be0ge9FP0yMOWnW5kZTUxFfk9a1O8
2021-02-04T06:38:01.381452054Z 923 GvTegEXRSk8Hp0WW5alGy0ywd0Uq6Mp8B6H9NKGUHfyIavzXrVkGKVhTRFM4
2021-02-04T06:38:01.449215213Z 924 C1WUBOSmzU8ohldtSYHz6IvRYwn0dwYBQeHhq5SsOhQyeqXSf5tJu4lWpOXl
2021-02-04T06:38:01.517858877Z 925 2VmkxuYs6TJJmoBKp1pwoIXe5wH3XWVGZe3fGWco0sFXKKD4sJcabrnklRs8
2021-02-04T06:38:01.587022994Z 926 C1Bp3InNEs2bS1HEiwQu9dOxDogh57tG3LZw3JGA0k18eK8YQnNEui3bBKow
2021-02-04T06:38:01.656109655Z 927 qgins0fwhPsY0OvfkXvtfyZiLCIZW9kM5tKnBfztAmJWA7XrkyLgYgwAWmQM
2021-02-04T06:38:01.725004221Z 928 29YBXs3ydpmZyGc8bRKtLYP9P33A5k2EILzI3c5dlEVgeaw13Oi40P5OetGh
2021-02-04T06:38:01.794043290Z 929 7oAXAr9NnzePcTnSb7UkSnWuLtLbg2cYhqxalE9cm3Coatt8o78YyuL8jLVf
2021-02-04T06:38:01.862554589Z 930 TrZAP3XewYbar9tbuzQKLEBwIkojsbjHgBvBfGhwzFXhuOsyt0X8TkdRCiGF
2021-02-04T06:38:01.930411937Z 931 x8JHNTbUqNQ1Fja6ImrMqhdDLz6sShXfGhUO2mVZ8p8GG0PJ3OXoN6MVnMAl
2021-02-04T06:38:01.999019076Z 932 nfDIRRjWXXArZu0CjcW9z0N3DPbZoPOCyzP2eghCwqR3nGvlJyK2yjnEBQhG
2021-02-04T06:38:02.067960473Z 933 uTYQVyhSoSvTQ6pVwN3VsmEEira4aCKxUvzATS5odumBRliiBUFdl0BzAlNB
2021-02-04T06:38:02.136480275Z 934 Zk7mKZYK3PvQQ1QFjYeKSq36qsDzZD2IXPt626V4jyf7gras0hsk0le52TYI
2021-02-04T06:38:02.204769071Z 935 I17kz4EkFkExYphJZefBMhtkOk46tRHVzSHfmZc2UQa0iwwhznsk6togB97W
2021-02-04T06:38:02.273409077Z 936 lj1jsCJZLyxqnaZZx44iwp7CPpwDY7rdrd0ajMNaw9HECRkTEUPWodvVy31t
2021-02-04T06:38:02.341699849Z 937 5sTGvH8ecIbuJH2LGPcL59OPIWJM8q2Rh83ImC5u74xNqsBxPbRC5Hqgr4og
2021-02-04T06:38:02.409090708Z 938 CuDtAUotAhhwaTc52fnN5vf998KVodm1UbpVpX51touIc8NDLBtPYjRkJTo3
2021-02-04T06:38:02.477832299Z 939 QeKrZaCfcvNGMJyQjXtlQL6DreWBrl2hzBc04DtRAZ0HfJ0gLtOoFLupplN7
2021-02-04T06:38:02.546840601Z 940 iwOTk2dnXLBhXZpE262OGGxQ3MJbkee0A2FtEeTdhJjrEl77ViCqW5oisJWp
2021-02-04T06:38:02.615233511Z 941 6sCQsy1YudgwbmMzw9Wtlyx9piroLHyy8cSRUtsxFKHh0Ak9TvVia7KEXkqO
2021-02-04T06:38:02.683906538Z 942 dR3InZjywp8AjPV9DCX4lKlP4MvegafyUKJr3F84HPMhLP8OxLJfOXC2aQWp
2021-02-04T06:38:02.752654863Z 943 lFHibmeSi2bJxknHgO32OXU1tJHYq5JsDMc2ost9hApwehsAqOrDT5nIa0V2
2021-02-04T06:38:02.820917626Z 944 7JMw0HsR2UeXJhDqcavmAS6rQtqCm5MhmnewuLJUH1a8RC0Ss42nD3Fd3UAv
2021-02-04T06:38:02.889279923Z 945 JUFHUjHNbXpsTi5FN24EQMMcyaPcya2UWGqdTaLkF0JFT7F1VXID6Bs23yH0
2021-02-04T06:38:02.957292812Z 946 mIiZDd5cV9Xdei0YRayYAAa4YQAi1niilE3Wbzq0gQog7x1imBAzi9IvvdPT
2021-02-04T06:38:03.025634959Z 947 jbXdZhkIHFK9OyrZeIe2spDRQnXVpYeU3i2k46YS1OKZUTXacbVUSyqqb0iD
2021-02-04T06:38:03.092975211Z 948 tVumRmIgNYhanDSWqxyU2k85VdC7Nh0dk9xooRToCOtnStanX8WGuIuryhqb
2021-02-04T06:38:03.160939588Z 949 pBp7MNc9llPoiBTb355q9fOfq66JbqNcXFb6WZ88hQNaDDlTF8Ox81VnrF7D
2021-02-04T06:38:03.229136665Z 950 Jd1Ud5WIN8XIjmA813TyFUjRr8FT1pAAn5nN4ZAWyKFn47W4iwnBmF2ZgKSw
2021-02-04T06:38:03.297421077Z 951 FvmnUtqwEUHSkXOIrwZ3C2QLxdFAtzpFjMHUGaYBAM0giZbpX8Ihrp8GGfwR
2021-02-04T06:38:03.365808971Z 952 vWF79z7QjnUVLiCCihFCDv3naMBeXcsDwkgCT6obfLP3gXLSXWKpROjUimlX
2021-02-04T06:38:03.433691597Z 953 qtwPXpoUeqXKW8kYSxsy3X0sLmZ27xIHTBJ2Y4ZRzGjTpC796kKH0gdusaMo
2021-02-04T06:38:03.501826198Z 954 2oCvnWoRecfEVoYnMv773ozRwyrpCk4TiBURcB0CKJtpDXOj4WoS44hkjR5H
2021-02-04T06:38:03.569419247Z 955 6bn4KXOB0pdXBDDhNUzf89ayRsVGqcWLyvvGgeCQomuvHhBQLkt7bZ3b0Aei
2021-02-04T06:38:03.638459425Z 956 jITo9IPXJHhRFWqMPk55MUsuayETGp8tkzLXC7dXrqrt56apCKYSJDubuxtM
2021-02-04T06:38:03.706560619Z 957 6sfZGk8e0leOj4FtkR2GWnjz2n480zZydMqbCkxCj9s9A3SKDl9HlZAMqBcH
2021-02-04T06:38:03.774386044Z 958 FdhVupZiUHjWGSoBDO75mi3Vj2g4k1DKUeHJqLz0VRUrclBU9gvxhm4YCEh5
2021-02-04T06:38:03.842780931Z 959 PirFDbP5btGYaJ2pDvgwYpWW77HgB3rTMVazd7zCI8Ao1aMt79UCqEmt9vEd
2021-02-04T06:38:03.911935761Z 960 CgaRdKsb5ew9PT8Vp20cAuSKywMesCJk8vIeT6g9MBzSg8SNnG0uGlCLagYR
2021-02-04T06:38:03.980674835Z 961 wGecyhYu4Inc6EXwHX30yOXWHPp1l4W6bGGtEKWwYGZ7hQBT3uQdx6sDjQEd
2021-02-04T06:38:04.049035998Z 962 6zppAvcj7GL1Ql7OrKlaJVgFrUSimxLyDxv6ICrdNSJqRjjIIMYTwqnGv1Ma
2021-02-04T06:38:04.117440509Z 963 oskwwNMjG5FkkEor8K93FfPs2IT0bP5xovSR71mhjyrDPlEgu0ETvhsy6TIa
2021-02-04T06:38:04.186361919Z 964 4BIJURA5Kbku6rYcgGcer72J7SfMfvkd77oKCmYPKDQ7VoqWhGy5nWr4imo5
2021-02-04T06:38:04.253580390Z 965 8G8hxJtZ7H6u9EpP108sOVE9fOAUE8lmVYj98BKuQ1lWz96me4DM3dQAnCvt
2021-02-04T06:38:04.321855160Z 966 d8b04ubqLqrSDFCXpM7rNYa6n6s0FvrItJ6vGLlGGP5wm2F5qKwkSP5MkuDY
2021-02-04T06:38:04.391062144Z 967 Y5AiVg7MLVsoLSmdiD4VWCiXkXDG0TZihDPNuZlsa9jWsoFE4txO0opJhXwx
2021-02-04T06:38:04.459294742Z 968 8GoWGUqbmJKAEUUIYgoHZfstBb52ccH2L5BZnDnSnbrvbc7tUOOS9F1V33bP
2021-02-04T06:38:04.527627348Z 969 uUavR1Y8t14mUk1pkJhB8eb9poBcMof283sSET6Lj5j81UvblTUJssSjtsmg
2021-02-04T06:38:04.595963936Z 970 1bdlxi1nBEr5V2lwFN1MhNqzdhCdROqwsHe56oVMZf3Vk69uPzoqKnoMXbjW
2021-02-04T06:38:04.664937987Z 971 ZdyLF4xTVXX03fCJVvim5cvbhITqI3tcMfC1VTTlBmJJOM3DwmNGVJ6Vmej1
2021-02-04T06:38:04.734679911Z 972 22Nno9SkbvOGQBsEhN7P3R4AaV281zf4GFZ4gXSBYMf8rsmlWxw7rtK1ZJFr
2021-02-04T06:38:04.802961327Z 973 6Ce1pgmaqOwXvO6mAMzlepvWbhRqhZmJSCd44LJiPtJbc0XgCLkP6zTsfk9c
2021-02-04T06:38:04.872014845Z 974 xEwYPP8vTOOw5e5gxdjL83RSICNs4bLlxTOVz7KfNFvfYK0iIo8e3Vpx5SCX
2021-02-04T06:38:04.940255644Z 975 OLWbtttJsEsDOjfML0BtlOo995Q0GQTTdVs3XdlY0dgNYJpYIW9zR1k6IAPH
2021-02-04T06:38:05.008706345Z 976 aw88xAnBF5Pzb7upBWeXiP4gMcCGUpiyoaTmoaF7CwwuGpZ1lbceU27nBb4x
2021-02-04T06:38:05.076825636Z 977 iL2bhHp1FThrWwdahNpHB1Kecwm1VGZwfFtPqJC6NxoyegSpjlS4oAetM8nX
2021-02-04T06:38:05.145871005Z 978 B1cpNalGI883zfw779E8b0qSTlEAE0F9MWS5jraUw1B4pp8qe8ESwMnCpQfS
2021-02-04T06:38:05.214238010Z 979 ntTw1xbkZGyZxpRkcjEWOrQbeghjgiAehWQvaB3o54Gv332fnxfSWycU68c1
2021-02-04T06:38:05.282938995Z 980 ZQBHouB9bQLUh3yK3Vyqa2GErejNJZXPO34XJQN03ie3USWWDIuynEDdqKre
2021-02-04T06:38:05.352157972Z 981 Z97wXo1Ww7a3KOJ37Q1gPYp10RDBvTXKbjSfaVZVoLeatxP2SsRru2ZQ8joS
2021-02-04T06:38:05.420814592Z 982 t1DxGRqqkaWWlbnDgMump4hV9dcix0mcXXpFHtZtXoJQSjierOOR2Yx8IqzE
2021-02-04T06:38:05.488392654Z 983 S069I3WHaG6eBxeJgTdtn74kEvxCVDaDquJcTa3taJAiiJngKmqizuGCCMiM
2021-02-04T06:38:05.556478595Z 984 x1g2P7zHVDpUAAzQ6zWdMNRGjvAAsr1rJSyiFNrjziQ3bUQz7TqrLrDhxjdJ
2021-02-04T06:38:05.624432476Z 985 Fhf4Sxx3oa38vopjECL0P2pj8hNyZELsoNJdnxTouS4VGnA8hjprWiOqStLh
2021-02-04T06:38:05.692609650Z 986 GhsKZuqde0kOdJecVTrE6ylCwW5AyXlsMYM9Uhtccm7oc0UaUGvxaGTTStED
2021-02-04T06:38:05.760697160Z 987 lvLNSSyBFKLrpziyjrLcqoN9KLfp7KWBr8trprpl07kkx3yhEMrTKNotWCr6
2021-02-04T06:38:05.828435098Z 988 k057j1D3g3M4yz8777RYfuTGSt1buxoJwLCBwwH0ZgzxnybyHo8RdKMniKIR
2021-02-04T06:38:05.896914022Z 989 yIwEGjEPddgwzdNlAfIw8xoqjaSmAsHiQOWuszUDA9XCk8EfPEHBQYTLbk48
2021-02-04T06:38:05.965363317Z 990 0XcfzO58G4dTZ2Uo4c3jdwrGWfXfIcML3Dpmv1V6LaFQ9QR4juT4lbxlwVGl
2021-02-04T06:38:06.033521858Z 991 OAaLUO0WU8dXRKhj5zMWE1eo8HBlW9mZRC0TQyWl7og0Awda55CQ3v4dc7bO
2021-02-04T06:38:06.102228469Z 992 Fg7oj5U1cKH0vv7YICU5fJwEovcvYsasYY6br9UWwkp2NhbpnElAw2wV57PZ
2021-02-04T06:38:06.170418041Z 993 jwKcB1EgzJ14x3l7IYm9fIp51XWJGhIi7cfhmSlblcMvGcOLb1SCHqjgOY4q
2021-02-04T06:38:06.238141941Z 994 qPLft7uK0y0NKjpWXmfEQNpKSlT3sHJDMAaf3SCEU1zSjPnLVZtNfXmfX77q
2021-02-04T06:38:06.307102295Z 995 FN0gozzIzdXKrhHLOsL9nOIkB3y8q6TdRIfGAnnk2URKZEL5ItuckVVByFSU
2021-02-04T06:38:06.376209983Z 996 Bw2WGo9nxPmpJnrBgqVwLC8TIgy97JXxKCVDQN2Xcqyt0yCtfalwUbM6wkP2
2021-02-04T06:38:06.445109955Z 997 SamGlLGTYpqVRdA1gJ3eOjKLbgw47kWS6sIVQDp9JjXJnjZLHXKJtlQeEHuy
2021-02-04T06:38:06.513207630Z 998 R4U1nkxZQdPZS7g7Oz0eQXQ7N9aelp5skclxS3yMu2jKDZzXAwE1nhsDQIIJ
2021-02-04T06:38:06.581644413Z 999 ysCTbHqWwprEbrfTSRXnaajEIWLFGVdg6JAMr9Ww3BHb3UtW2YK4BiSKiabf
